     1  1.0000e+02
     3  8.0916e+01
     5  7.5230e+01
     7  6.6285e+01
     8  5.3095e+01
     9  5.1992e+01
    12  4.4134e+01
    14  4.1545e+01
    16  3.6728e+01
    18  3.0954e+01
    20  2.8918e+01
    23  2.4730e+01
    26  2.4621e+01
    28  2.0135e+01
    31  1.6749e+01
    34  1.6543e+01
    36  1.7055e+01
    38  1.5540e+01
    40  1.2929e+01
    41  1.2543e+01
    44  1.1564e+01
    47  1.1674e+01
    49  9.6620e+00
    52  7.9206e+00
    55  8.0921e+00
    58  8.6157e+00
    61  7.7413e+00
    63  7.9654e+00
    66  8.1508e+00
    67  6.8865e+00
    70  6.2166e+00
    72  5.4769e+00
    75  5.8791e+00
    77  5.6568e+00
    80  5.2788e+00
    81  5.2620e+00
    84  4.5986e+00
    85  4.5308e+00
    88  4.0072e+00
    91  4.1924e+00
    93  4.1303e+00
    95  4.3772e+00
    96  4.3133e+00
    97  3.8545e+00
   100  3.8630e+00
   101  4.0452e+00
   103  4.3730e+00
   105  3.6501e+00
   107  3.4706e+00
   108  3.0114e+00
   109  3.2096e+00
   110  2.8182e+00
   111  2.9788e+00
   112  2.3963e+00
   113  2.1834e+00
   116  2.2501e+00
   119  2.2545e+00
   120  2.4478e+00
   123  2.5866e+00
   124  2.7364e+00
   125  2.2207e+00
   128  1.9812e+00
   129  1.7324e+00
   130  1.4341e+00
   131  1.4482e+00
   134  1.1610e+00
   135  1.1728e+00
   137  9.8483e-01
   139  8.5444e-01
   140  8.5895e-01
   142  7.3537e-01
   144  6.3666e-01
   147  6.9104e-01
   150  6.8779e-01
   153  6.2800e-01
   154  6.2517e-01
   155  5.2266e-01
   157  5.2612e-01
   160  4.4004e-01
   161  4.6053e-01
   164  4.9938e-01
   167  5.4577e-01
   169  5.0021e-01
   170  4.5927e-01
   171  4.2289e-01
   172  4.3728e-01
   174  4.7002e-01
   177  4.2939e-01
   179  3.5892e-01
   181  3.2107e-01
   183  2.7677e-01
   186  2.7845e-01
   187  2.3358e-01
   188  2.3457e-01
   191  1.9363e-01
   193  1.7473e-01
   196  1.6770e-01
   197  1.5406e-01
   200  1.3685e-01
   203  1.2036e-01
   206  1.0194e-01
   207  1.0923e-01
   210  1.0411e-01
   213  1.0064e-01
   214  9.3730e-02
   215  8.1250e-02
   217  8.1530e-02
   219  6.9821e-02
   222  6.9402e-02
   224  7.2890e-02
   225  6.8183e-02
   226  6.5558e-02
   228  6.0989e-02
   230  5.8730e-02
   231  6.0359e-02
   233  6.3181e-02
   236  5.5903e-02
   237  5.8766e-02
   239  6.2417e-02
   240  5.7908e-02
   241  4.8175e-02
   242  4.6215e-02
   243  4.6737e-02
   245  4.6784e-02
   248  4.4184e-02
   250  4.8357e-02
   253  4.0502e-02
   255  3.7797e-02
   256  3.1809e-02
   258  3.2248e-02
   259  3.4936e-02
   261  3.1093e-02
   262  2.7903e-02
   265  2.6494e-02
   268  2.3289e-02
   270  2.2897e-02
   271  2.3043e-02
   272  1.9648e-02
   274  2.0527e-02
   275  2.2013e-02
   278  2.3167e-02
   281  2.0641e-02
   282  2.1261e-02
   283  1.9288e-02
   285  2.0164e-02
   286  2.1666e-02
   288  2.3277e-02
   290  2.1448e-02
   291  1.8856e-02
   294  1.7294e-02
   296  1.7282e-02
   297  1.7965e-02
   298  1.5559e-02
   301  1.5901e-02
   303  1.2920e-02
   306  1.3355e-02
   309  1.2920e-02
   310  1.0348e-02
   313  8.7226e-03
   316  9.0097e-03
   318  8.4457e-03
   320  7.5780e-03
   322  8.1890e-03
   324  7.6246e-03
   327  7.0490e-03
   330  7.2503e-03
   331  7.8531e-03
   334  7.2392e-03
   337  6.5953e-03
   338  6.6561e-03
   339  7.0652e-03
   342  7.7066e-03
   344  6.8412e-03
   346  7.3625e-03
   348  7.0056e-03
   351  6.1361e-03
   354  6.6968e-03
   355  5.9569e-03
   357  5.4757e-03
   359  5.4813e-03
   360  4.4557e-03
   361  3.5738e-03
   364  3.5359e-03
   366  3.8363e-03
   367  3.1828e-03
   368  3.2980e-03
   369  3.5491e-03
   372  3.1120e-03
   373  2.6426e-03
   376  2.3473e-03
   379  2.5238e-03
   382  2.6948e-03
   384  2.6866e-03
   387  2.7578e-03
   388  2.5567e-03
   391  2.0922e-03
   392  2.2855e-03
   395  2.0910e-03
   396  1.7012e-03
   399  1.7801e-03
   400  1.7281e-03
   403  1.4229e-03
   406  1.4240e-03
   408  1.4189e-03
   410  1.3275e-03
   412  1.1809e-03
   414  1.1041e-03
   416  1.1702e-03
   417  1.1034e-03
   419  1.1538e-03
   420  1.1110e-03
   421  1.1566e-03
   422  1.2607e-03
   423  1.3783e-03
   426  1.2416e-03
   429  1.0468e-03
   431  9.5143e-04
   433  9.0701e-04
   435  7.4072e-04
   438  6.3453e-04
   440  5.3375e-04
   443  5.5106e-04
   446  4.6252e-04
   449  3.8669e-04
   450  3.3836e-04
   452  3.4224e-04
   455  3.6948e-04
   458  3.9079e-04
   460  4.1041e-04
   461  4.1962e-04
   462  4.3413e-04
   465  4.3380e-04
   468  4.4307e-04
   469  4.3662e-04
   470  4.7526e-04
   471  4.7998e-04
   472  4.5010e-04
   473  4.2187e-04
   474  4.4005e-04
   476  4.6592e-04
   479  4.0076e-04
   480  3.9839e-04
   483  3.7630e-04
   486  3.8259e-04
   488  3.9332e-04
   489  3.9878e-04
   491  3.4735e-04
   492  3.0898e-04
   493  3.1656e-04
   495  2.8357e-04
   497  2.5855e-04
   499  2.8161e-04
   501  2.6006e-04
   502  2.6047e-04
   504  2.3643e-04
   505  2.2354e-04
   507  2.2764e-04
   508  1.9825e-04
   511  1.7413e-04
   513  1.7056e-04
   515  1.3909e-04
   516  1.4457e-04
   518  1.3245e-04
   521  1.4054e-04
   522  1.2999e-04
   525  1.3812e-04
   527  1.4743e-04
   530  1.1900e-04
   532  1.1798e-04
   533  1.0296e-04
   535  9.0945e-05
   537  8.2010e-05
   539  8.1298e-05
   542  7.3266e-05
   544  7.6605e-05
   546  7.1116e-05
   548  7.2149e-05
   549  7.5963e-05
   550  7.7846e-05
   551  8.3884e-05
   554  8.9146e-05
   557  8.3920e-05
   560  8.1358e-05
   563  7.6835e-05
   564  8.2482e-05
   565  8.0245e-05
   568  7.8239e-05
   571  6.9072e-05
   574  6.5007e-05
   576  5.2155e-05
   577  5.6844e-05
   578  6.1307e-05
   580  5.5139e-05
   581  4.8856e-05
   582  4.2658e-05
   585  4.6910e-05
   587  3.8638e-05
   589  3.6706e-05
   592  3.0325e-05
   594  2.6015e-05
   596  2.2316e-05
   598  2.2275e-05
   599  1.9149e-05
   602  1.8929e-05
   604  1.9358e-05
   607  2.0124e-05
   608  1.7794e-05
   610  1.5706e-05
   613  1.4819e-05
   615  1.5866e-05
   617  1.5357e-05
   618  1.2514e-05
   620  1.2506e-05
   623  1.2741e-05
   625  1.3975e-05
   626  1.1742e-05
   627  9.8238e-06
   629  1.0093e-05
   631  9.5170e-06
   632  8.7714e-06
   633  9.2611e-06
   635  9.2751e-06
   637  8.4990e-06
   639  9.3368e-06
   641  8.4937e-06
   643  7.7619e-06
   645  7.4076e-06
   648  6.7470e-06
   649  7.1890e-06
   652  6.3010e-06
   655  5.0569e-06
   658  4.4124e-06
   660  4.8227e-06
   661  4.2191e-06
   664  4.0649e-06
   666  4.2050e-06
   669  4.4261e-06
   670  4.5142e-06
   673  3.6469e-06
   674  3.8290e-06
   675  3.7733e-06
   677  3.3288e-06
   679  3.6333e-06
   681  3.4836e-06
   684  3.7170e-06
   685  3.2630e-06
   687  2.8399e-06
   688  3.0424e-06
   689  2.4411e-06
   690  2.3493e-06
   691  1.9018e-06
   694  1.6426e-06
   695  1.6502e-06
   698  1.5389e-06
   700  1.4178e-06
   703  1.5235e-06
   704  1.5968e-06
   706  1.6274e-06
   708  1.7305e-06
   711  1.6688e-06
   713  1.4434e-06
   714  1.2723e-06
   716  1.0181e-06
   718  1.0570e-06
   720  1.0326e-06
   722  1.0070e-06
   723  1.0278e-06
   725  9.0981e-07
   728  9.2807e-07
   730  8.0471e-07
   733  7.8272e-07
   734  8.0956e-07
   736  6.7284e-07
   739  5.9388e-07
   741  6.0824e-07
   742  5.6708e-07
   743  5.7005e-07
   745  4.7597e-07
   747  5.1773e-07
   749  5.4018e-07
   752  4.5431e-07
   754  4.3355e-07
   757  4.6805e-07
   758  3.9172e-07
   761  4.2235e-07
   763  4.5029e-07
   764  3.9433e-07
   765  3.7848e-07
   768  3.4932e-07
   770  3.6258e-07
   771  3.7418e-07
   772  3.2978e-07
   773  2.6805e-07
   776  2.7913e-07
   778  2.2847e-07
   779  2.3561e-07
   781  2.4231e-07
   782  2.3648e-07
   785  2.3873e-07
   787  2.3999e-07
   789  2.3447e-07
   790  2.5162e-07
   793  2.3711e-07
   796  2.0557e-07
   798  1.7046e-07
   799  1.5245e-07
   800  1.5529e-07
   801  1.6219e-07
   803  1.7707e-07
   804  1.8175e-07
   807  1.9396e-07
   809  1.9329e-07
   811  1.9725e-07
   812  2.0359e-07
   814  2.1666e-07
   817  1.7828e-07
   820  1.7531e-07
   823  1.8222e-07
   826  1.5625e-07
   828  1.3275e-07
   830  1.3060e-07
   832  1.2933e-07
   834  1.0507e-07
   835  1.1380e-07
   838  9.4678e-08
   840  9.0645e-08
   843  8.1258e-08
   844  7.8742e-08
   846  7.3751e-08
   848  7.9359e-08
   850  7.9082e-08
   853  7.8846e-08
   854  7.4226e-08
   857  7.1372e-08
   860  7.3470e-08
   862  6.1581e-08
   863  5.0663e-08
   866  5.3534e-08
   869  5.0255e-08
   872  4.7472e-08
   874  5.0384e-08
   876  4.2341e-08
   878  4.1974e-08
   881  4.5854e-08
   882  4.2044e-08
   884  3.7205e-08
   887  3.9069e-08
   888  4.1153e-08
   890  3.3487e-08
   891  2.8517e-08
   894  2.4635e-08
   895  2.2967e-08
   896  2.3184e-08
   899  2.4790e-08
   900  2.0290e-08
   901  1.8100e-08
   904  1.5194e-08
   905  1.4548e-08
   907  1.2719e-08
   909  1.2648e-08
   910  1.2154e-08
   911  1.1559e-08
   914  9.9109e-09
   916  8.0488e-09
   918  8.1877e-09
   919  8.7679e-09
   921  8.5985e-09
   923  8.9942e-09
   924  8.8771e-09
   926  7.8123e-09
   929  6.7972e-09
   931  5.6894e-09
   934  4.7049e-09
   935  3.8875e-09
   938  3.6255e-09
   940  3.5449e-09
   941  3.2413e-09
   944  2.6434e-09
   946  2.2850e-09
   947  2.0777e-09
   948  2.2217e-09
   949  2.1256e-09
   952  1.9131e-09
   954  1.7891e-09
   955  1.6748e-09
   956  1.6670e-09
   958  1.8206e-09
   959  1.6516e-09
   960  1.7894e-09
   961  1.6940e-09
   964  1.6457e-09
   966  1.7458e-09
   968  1.7403e-09
   971  1.5944e-09
   972  1.5890e-09
   974  1.5557e-09
   975  1.4319e-09
   977  1.3241e-09
   978  1.2371e-09
   979  1.0952e-09
   980  8.9245e-10
   983  9.4879e-10
   986  7.8778e-10
   989  8.5292e-10
   991  7.4449e-10
   992  6.7520e-10
   994  6.8641e-10
   997  7.4500e-10
   999  7.5742e-10
  1002  6.3897e-10
  1004  6.9347e-10
  1005  6.0138e-10
  1008  6.5919e-10
  1011  5.7546e-10
  1013  5.7503e-10
  1016  5.2853e-10
  1019  5.4052e-10
  1020  5.8122e-10
  1023  4.8050e-10
  1025  4.5766e-10
  1028  4.6998e-10
  1031  4.7445e-10
  1032  3.9167e-10
  1033  3.1398e-10
  1035  3.1704e-10
  1037  2.6405e-10
  1040  2.2263e-10
  1043  2.2468e-10
  1046  2.1319e-10
  1048  1.7590e-10
  1050  1.6728e-10
  1053  1.8242e-10
  1056  1.6163e-10
  1058  1.3151e-10
  1059  1.4446e-10
  1061  1.5373e-10
  1062  1.4676e-10
  1063  1.2635e-10
  1066  1.3617e-10
  1067  1.4675e-10
  1069  1.3291e-10
  1070  1.1852e-10
  1072  1.0110e-10
  1075  8.5352e-11
  1077  9.2369e-11
  1080  8.7051e-11
  1082  9.4284e-11
  1083  7.6779e-11
  1086  6.9587e-11
  1087  6.5032e-11
  1090  5.5048e-11
  1091  4.6093e-11
  1094  5.0090e-11
  1095  4.8466e-11
  1097  4.9780e-11
  1100  4.8487e-11
  1101  3.9385e-11
  1103  4.0817e-11
  1105  4.4373e-11
  1106  4.2875e-11
  1108  4.5780e-11
  1111  4.2931e-11
  1114  4.3338e-11
  1115  3.6649e-11
  1118  3.7300e-11
  1120  3.2901e-11
  1123  2.9373e-11
  1126  2.3611e-11
  1129  1.9025e-11
  1130  1.9445e-11
  1133  1.8437e-11
  1134  1.6267e-11
  1135  1.7544e-11
  1138  1.7020e-11
  1140  1.6021e-11
  1141  1.6076e-11
  1144  1.6911e-11
  1145  1.5010e-11
  1146  1.3289e-11
  1149  1.3735e-11
  1150  1.4961e-11
  1151  1.5489e-11
  1152  1.3228e-11
  1154  1.0597e-11
  1156  1.1426e-11
  1157  1.0692e-11
  1160  9.6058e-12
  1163  9.7355e-12
  1164  8.9482e-12
  1166  9.1469e-12
  1169  7.4329e-12
  1170  7.6292e-12
  1173  8.3076e-12
  1175  7.6112e-12
  1178  7.1164e-12
  1180  5.8427e-12
  1182  5.6946e-12
  1183  4.9284e-12
  1185  4.2271e-12
  1187  4.3595e-12
  1190  3.7234e-12
  1193  3.3296e-12
  1194  3.1857e-12
  1195  3.1434e-12
  1198  2.9260e-12
  1200  2.4898e-12
  1202  2.0077e-12
  1205  1.9176e-12
  1206  1.7665e-12
  1209  1.7583e-12
  1212  1.6708e-12
  1214  1.7663e-12
  1216  1.6181e-12
  1219  1.7533e-12
  1220  1.7366e-12
  1221  1.7685e-12
  1222  1.8709e-12
  1225  1.6215e-12
  1226  1.3087e-12
  1227  1.1519e-12
  1228  1.1351e-12
  1229  9.3184e-13
  1230  9.0220e-13
  1233  7.5911e-13
  1236  8.2400e-13
  1239  8.7586e-13
  1241  7.5900e-13
  1242  7.0499e-13
  1244  7.7361e-13
  1245  7.1975e-13
  1247  7.5311e-13
  1249  8.0931e-13
  1251  8.6007e-13
  1253  8.8984e-13
  1256  9.2100e-13
  1259  8.5789e-13
  1262  8.9326e-13
  1263  7.4999e-13
  1265  7.8154e-13
  1267  7.6271e-13
  1269  7.9999e-13
  1271  6.8560e-13
  1274  6.7650e-13
  1275  7.2203e-13
  1278  6.1054e-13
  1280  6.2138e-13
  1281  6.8028e-13
  1282  5.8767e-13
  1284  6.3671e-13
  1285  5.8775e-13
  1287  6.4502e-13
  1290  7.0138e-13
  1293  7.0353e-13
  1294  6.4169e-13
  1297  5.2556e-13
  1300  4.3317e-13
  1301  3.5675e-13
  1303  3.0814e-13
  1305  2.5566e-13
  1307  2.4437e-13
  1309  2.0653e-13
  1312  2.0466e-13
  1313  2.2232e-13
  1316  2.3535e-13
  1317  2.1090e-13
  1319  1.7288e-13
  1320  1.4971e-13
  1323  1.4501e-13
  1324  1.1942e-13
  1326  1.1943e-13
  1329  1.0849e-13
  1330  8.7033e-14
  1331  8.1990e-14
  1333  7.5117e-14
  1334  8.2135e-14
  1336  8.2231e-14
  1339  7.4237e-14
  1340  6.3947e-14
  1343  6.6256e-14
  1346  6.2605e-14
  1349  6.7183e-14
  1352  6.5178e-14
  1355  6.9567e-14
  1358  5.7966e-14
  1361  6.1346e-14
  1364  5.1042e-14
  1365  5.2779e-14
  1367  4.5456e-14
  1369  3.8414e-14
  1372  4.2006e-14
  1375  3.4725e-14
  1376  2.8888e-14
  1377  2.9619e-14
  1378  3.0442e-14
  1381  3.1470e-14
  1384  2.9567e-14
  1385  2.4290e-14
  1387  2.1877e-14
  1388  1.8015e-14
  1391  1.4810e-14
  1392  1.3851e-14
  1393  1.2161e-14
  1394  1.2435e-14
  1396  1.0040e-14
  1398  8.7044e-15
  1400  8.3764e-15
  1403  8.2809e-15
  1405  8.4752e-15
  1406  7.2783e-15
  1409  7.0104e-15
  1410  7.1329e-15
  1412  7.5375e-15
  1414  6.5448e-15
  1417  5.8161e-15
  1419  5.0458e-15
  1420  5.2338e-15
  1423  4.5358e-15
  1425  4.6759e-15
  1426  4.6413e-15
  1428  4.5865e-15
  1429  4.7502e-15
  1431  4.3356e-15
  1432  4.2078e-15
  1433  4.0445e-15
  1434  4.1145e-15
  1436  3.6981e-15
  1437  3.0724e-15
  1440  2.5295e-15
  1441  2.3265e-15
  1444  1.9071e-15
  1447  1.6427e-15
  1448  1.5943e-15
  1449  1.3914e-15
  1452  1.1960e-15
  1455  1.1317e-15
  1458  1.1312e-15
  1460  1.1868e-15
  1463  1.1471e-15
  1466  1.1647e-15
  1467  1.0567e-15
  1469  1.0711e-15
  1470  1.0805e-15
  1471  9.1633e-16
  1473  9.3619e-16
  1476  9.6282e-16
  1477  9.0047e-16
  1480  7.2281e-16
  1482  6.8183e-16
  1484  5.9818e-16
  1486  6.0989e-16
  1489  6.1220e-16
  1492  5.6606e-16
  1495  6.1897e-16
  1497  5.1451e-16
  1500  5.2767e-16
  1501  5.0198e-16
  1503  4.0476e-16
  1505  4.0869e-16
  1508  3.3696e-16
  1511  3.2210e-16
  1514  3.1043e-16
  1517  3.2708e-16
  1520  3.0257e-16
  1522  2.5970e-16
  1523  2.6545e-16
  1526  2.2146e-16
  1528  2.1102e-16
  1531  2.1239e-16
  1532  2.0581e-16
  1535  2.2316e-16
  1538  1.8497e-16
  1539  1.6944e-16
  1540  1.8593e-16
  1541  1.7222e-16
  1542  1.7909e-16
  1543  1.8830e-16
  1546  2.0018e-16
  1547  2.1080e-16
  1549  2.3076e-16
  1551  2.5282e-16
  1553  2.1161e-16
  1556  2.3175e-16
  1558  2.3467e-16
  1560  2.5062e-16
  1562  2.7365e-16
  1563  2.7729e-16
  1564  2.5368e-16
  1567  2.4387e-16
  1570  2.3669e-16
  1573  2.3675e-16
  1574  2.3494e-16
  1577  2.0527e-16
  1578  2.2382e-16
  1579  1.9243e-16
  1580  1.5969e-16
  1582  1.7382e-16
  1583  1.7267e-16
  1586  1.4137e-16
  1587  1.3770e-16
  1589  1.2013e-16
  1592  1.2301e-16
  1595  1.1167e-16
  1596  1.1791e-16
  1598  1.2423e-16
  1599  1.3633e-16
  1600  1.1390e-16
  1602  9.7633e-17
  1604  8.5391e-17
  1607  6.8567e-17
  1608  5.9492e-17
  1609  5.4692e-17
  1612  4.5171e-17
  1613  4.2169e-17
  1615  3.4635e-17
  1618  2.9180e-17
  1619  3.0874e-17
  1620  2.6114e-17
  1621  2.4191e-17
  1622  2.4866e-17
  1624  2.3820e-17
  1625  2.5015e-17
  1627  2.7051e-17
  1629  2.2092e-17
  1632  2.3893e-17
  1633  1.9674e-17
  1635  2.0417e-17
  1638  2.1459e-17
  1640  2.2052e-17
  1641  2.1541e-17
  1642  2.0266e-17
  1644  2.0661e-17
  1646  2.1175e-17
  1648  2.1170e-17
  1650  1.9175e-17
  1651  2.0934e-17
  1654  1.7645e-17
  1657  1.5804e-17
  1659  1.5386e-17
  1660  1.6240e-17
  1661  1.6170e-17
  1662  1.4007e-17
  1665  1.5396e-17
  1668  1.6443e-17
  1670  1.7121e-17
  1672  1.8027e-17
  1675  1.5022e-17
  1677  1.2983e-17
  1678  1.1602e-17
  1681  1.0466e-17
  1683  9.1403e-18
  1684  7.4364e-18
  1685  7.2882e-18
  1686  5.9559e-18
  1688  5.5492e-18
  1691  4.6096e-18
  1693  4.2721e-18
  1696  4.2566e-18
  1697  4.4782e-18
  1699  4.7309e-18
  1700  4.6200e-18
  1703  4.3845e-18
  1706  3.6364e-18
  1707  3.9426e-18
  1709  3.2036e-18
  1710  3.4732e-18
  1713  3.5945e-18
  1714  2.9722e-18
  1716  2.4288e-18
  1719  2.3898e-18
  1720  2.1908e-18
  1721  1.7717e-18
  1724  1.8334e-18
  1726  1.8729e-18
  1729  1.7091e-18
  1731  1.4435e-18
  1734  1.2861e-18
  1735  1.2391e-18
  1738  1.3078e-18
  1740  1.4308e-18
  1743  1.5080e-18
  1746  1.3251e-18
  1748  1.1469e-18
  1751  1.1764e-18
  1754  1.1864e-18
  1755  1.0937e-18
  1758  1.1172e-18
  1759  1.0063e-18
  1760  1.0306e-18
  1761  1.1081e-18
  1762  1.1075e-18
  1765  1.0137e-18
  1768  1.0139e-18
  1771  8.7576e-19
  1773  8.7536e-19
  1776  9.0369e-19
  1777  9.0569e-19
  1780  8.3567e-19
  1781  7.1335e-19
  1782  5.8864e-19
  1784  5.6954e-19
  1787  5.5545e-19
  1789  5.5092e-19
  1790  5.1995e-19
  1792  5.3186e-19
  1795  5.5319e-19
  1797  4.8766e-19
  1798  4.2023e-19
  1799  4.5644e-19
  1800  4.8947e-19
  1801  4.0670e-19
  1804  4.1430e-19
  1805  3.5728e-19
  1808  3.4072e-19
  1811  3.5746e-19
  1813  3.7269e-19
  1816  3.9871e-19
  1818  4.2781e-19
  1820  4.4229e-19
  1823  4.7009e-19
  1826  4.2597e-19
  1829  3.6461e-19
  1830  3.5767e-19
  1832  3.7819e-19
  1835  3.1473e-19
  1837  3.1491e-19
  1840  3.4473e-19
  1843  3.1037e-19
  1846  2.9553e-19
  1847  2.6386e-19
  1849  2.8912e-19
  1851  2.8095e-19
  1854  2.5612e-19
  1855  2.2199e-19
  1858  1.8966e-19
  1861  1.9463e-19
  1862  1.5960e-19
  1864  1.2928e-19
  1866  1.3883e-19
  1867  1.2759e-19
  1868  1.0369e-19
  1871  8.9083e-20
  1874  9.1206e-20
  1876  8.0993e-20
  1878  7.7273e-20
  1881  6.1833e-20
  1884  6.0671e-20
  1887  6.4566e-20
  1888  6.7795e-20
  1889  5.6802e-20
  1891  5.6865e-20
  1894  6.0218e-20
  1895  5.8517e-20
  1897  6.3007e-20
  1900  5.7334e-20
  1902  5.1040e-20
  1903  4.8377e-20
  1905  4.8033e-20
  1907  4.9185e-20
  1908  5.1572e-20
  1911  5.1732e-20
  1912  4.8182e-20
  1914  3.8883e-20
  1916  3.3866e-20
  1919  3.5017e-20
  1922  2.8050e-20
  1925  2.4137e-20
  1927  1.9766e-20
  1929  1.7386e-20
  1932  1.5412e-20
  1933  1.3745e-20
  1935  1.2517e-20
  1938  1.0885e-20
  1940  9.0166e-21
  1942  9.7332e-21
  1943  8.7144e-21
  1944  8.2466e-21
  1947  8.3738e-21
  1949  6.7941e-21
  1950  5.4859e-21
  1952  5.7355e-21
  1954  5.5415e-21
  1955  5.3651e-21
  1956  4.4611e-21
  1958  4.3272e-21
  1959  4.3529e-21
  1961  3.8038e-21
  1963  3.9297e-21
  1966  4.1400e-21
  1967  4.2904e-21
  1968  3.9854e-21
  1970  4.2023e-21
  1972  3.9538e-21
  1974  3.3730e-21
  1975  3.3932e-21
  1976  3.3990e-21
  1977  2.9500e-21
  1980  2.6949e-21
  1981  2.4689e-21
  1984  2.5499e-21
  1986  2.0805e-21
  1989  1.7081e-21
  1990  1.6329e-21
  1993  1.4557e-21
  1995  1.2377e-21
  1996  1.1105e-21
  1997  9.1055e-22
  2000  9.5122e-22
  2002  8.0288e-22
  2003  8.2474e-22
  2004  6.7890e-22
  2006  5.6483e-22
  2008  5.4363e-22
  2010  5.0712e-22
  2012  4.5726e-22
  2015  3.8017e-22
  2016  3.5308e-22
  2019  3.6282e-22
  2022  3.5983e-22
  2024  3.1052e-22
  2027  3.0768e-22
  2028  2.5447e-22
  2029  2.4857e-22
  2032  2.3270e-22
  2034  2.2144e-22
  2036  2.1505e-22
  2039  2.0146e-22
  2041  2.0302e-22
  2043  1.9766e-22
  2046  1.9666e-22
  2048  1.9240e-22
  2050  2.0421e-22
  2051  1.8535e-22
  2053  1.8258e-22
  2054  1.6904e-22
  2056  1.6119e-22
  2058  1.6874e-22
  2060  1.8246e-22
  2061  1.7430e-22
  2063  1.8206e-22
  2066  1.7568e-22
  2067  1.5895e-22
  2068  1.5359e-22
  2070  1.6883e-22
  2073  1.5256e-22
  2074  1.4672e-22
  2077  1.4013e-22
  2078  1.4872e-22
  2081  1.5772e-22
  2083  1.6696e-22
  2084  1.7583e-22
  2086  1.4229e-22
  2088  1.3764e-22
  2089  1.4105e-22
  2091  1.3658e-22
  2094  1.2725e-22
  2096  1.2786e-22
  2097  1.3691e-22
  2099  1.1872e-22
  2101  1.1821e-22
  2104  1.0807e-22
  2106  1.0799e-22
  2107  9.5108e-23
  2110  7.9802e-23
  2112  8.5816e-23
  2115  8.0698e-23
  2117  7.2721e-23
  2118  6.1920e-23
  2119  6.1672e-23
  2120  5.2301e-23
  2123  4.4149e-23
  2124  4.2392e-23
  2127  4.3551e-23
  2130  4.5495e-23
  2133  4.3953e-23
  2135  3.7606e-23
  2136  3.0547e-23
  2138  2.6416e-23
  2141  2.6878e-23
  2144  2.2653e-23
  2145  2.3416e-23
  2146  2.5343e-23
  2147  2.3567e-23
  2149  2.1525e-23
  2151  2.1995e-23
  2153  2.3038e-23
  2156  1.8886e-23
  2159  1.6970e-23
  2161  1.3828e-23
  2164  1.4197e-23
  2167  1.4299e-23
  2168  1.3583e-23
  2170  1.2577e-23
  2173  1.2964e-23
  2175  1.1422e-23
  2176  9.2469e-24
  2177  7.8796e-24
  2179  7.6807e-24
  2181  7.9588e-24
  2183  6.8136e-24
  2186  6.3239e-24
  2187  5.2510e-24
  2190  5.6707e-24
  2191  6.2019e-24
  2193  5.9201e-24
  2194  6.0960e-24
  2196  5.9813e-24
  2198  5.2006e-24
  2201  4.3340e-24
  2202  4.6305e-24
  2203  4.4343e-24
  2205  3.5859e-24
  2208  3.5449e-24
  2211  3.4178e-24
  2214  3.0047e-24
  2215  2.7382e-24
  2216  2.7143e-24
  2219  2.4367e-24
  2221  2.5645e-24
  2222  2.2244e-24
  2224  1.9497e-24
  2227  1.8955e-24
  2230  1.7558e-24
  2233  1.9004e-24
  2234  1.9237e-24
  2236  1.5987e-24
  2238  1.6593e-24
  2240  1.3653e-24
  2242  1.1421e-24
  2243  1.2314e-24
  2244  9.9686e-25
  2247  9.6027e-25
  2250  9.6174e-25
  2251  9.6116e-25
  2253  8.1931e-25
  2255  8.8985e-25
  2257  7.2357e-25
  2258  5.8839e-25
  2261  6.0089e-25
  2263  6.3569e-25
  2266  6.1519e-25
  2268  6.1026e-25
  2269  6.2470e-25
  2272  5.4427e-25
  2274  5.4321e-25
  2276  5.5496e-25
  2279  5.6074e-25
  2280  4.4924e-25
  2282  4.6986e-25
  2285  4.2342e-25
  2287  4.3756e-25
  2288  4.1352e-25
  2289  3.6912e-25
  2290  3.5082e-25
  2291  2.9131e-25
  2293  2.8044e-25
  2294  3.0173e-25
  2295  2.9618e-25
  2298  2.4387e-25
  2299  2.5801e-25
  2302  2.6819e-25
  2303  2.4703e-25
  2304  2.1717e-25
  2307  1.8740e-25
  2308  1.7017e-25
  2311  1.5461e-25
  2313  1.6212e-25
  2315  1.4921e-25
  2318  1.4433e-25
  2321  1.5636e-25
  2324  1.4044e-25
  2327  1.4351e-25
  2330  1.3114e-25
  2333  1.1593e-25
  2336  1.0082e-25
  2338  1.0719e-25
  2339  1.1204e-25
  2342  1.0512e-25
  2345  1.0972e-25
  2348  1.1255e-25
  2351  1.0310e-25
  2353  8.4984e-26
  2354  8.4570e-26
  2357  7.4681e-26
  2359  7.9437e-26
  2360  6.3651e-26
  2363  6.6772e-26
  2365  5.6765e-26
  2366  5.5844e-26
  2368  4.6349e-26
  2370  3.8522e-26
  2372  3.4906e-26
  2373  3.4660e-26
  2376  3.1791e-26
  2378  2.6209e-26
  2380  2.3016e-26
  2382  2.2029e-26
  2384  1.7861e-26
  2387  1.8370e-26
  2389  1.5226e-26
  2390  1.4443e-26
  2392  1.5260e-26
  2393  1.5087e-26
  2396  1.2259e-26
  2399  1.1124e-26
  2400  1.0408e-26
  2403  1.1211e-26
  2406  1.2220e-26
  2408  1.3042e-26
  2409  1.2968e-26
  2412  1.3446e-26
  2413  1.2319e-26
  2415  1.0234e-26
  2417  9.7984e-27
  2419  9.8556e-27
  2421  8.4084e-27
  2422  8.4623e-27
  2423  7.0679e-27
  2426  6.5881e-27
  2428  6.3196e-27
  2431  5.8598e-27
  2433  6.2082e-27
  2434  5.3259e-27
  2435  5.0902e-27
  2436  5.3082e-27
  2439  5.6421e-27
  2442  5.4049e-27
  2445  5.2271e-27
  2447  4.4132e-27
  2448  4.7192e-27
  2450  3.7875e-27
  2453  3.6088e-27
  2454  3.0797e-27
  2455  2.5665e-27
  2456  2.7697e-27
  2457  2.9179e-27
  2459  3.0418e-27
  2460  3.3343e-27
  2462  2.9546e-27
  2465  2.9987e-27
  2467  2.6706e-27
  2468  2.3375e-27
  2470  2.0961e-27
  2473  1.7805e-27
  2475  1.8712e-27
  2476  1.9204e-27
  2477  1.7132e-27
  2480  1.6545e-27
  2483  1.5231e-27
  2485  1.6429e-27
  2488  1.6625e-27
  2489  1.6100e-27
  2490  1.4216e-27
  2492  1.4374e-27
  2493  1.5644e-27
  2494  1.5209e-27
  2496  1.6588e-27
  2498  1.4870e-27
  2501  1.3995e-27
  2504  1.2706e-27
  2505  1.3228e-27
  2508  1.1596e-27
  2510  1.0615e-27
  2511  1.0516e-27
  2512  1.0543e-27
  2515  9.2644e-28
  2517  9.7469e-28
  2520  8.7197e-28
  2521  7.8660e-28
  2522  6.8679e-28
  2523  7.3365e-28
  2524  6.6482e-28
  2527  5.3490e-28
  2529  5.0459e-28
  2531  4.6737e-28
  2534  4.0677e-28
  2536  3.3391e-28
  2538  3.1232e-28
  2539  2.7204e-28
  2542  2.6524e-28
  2544  2.5292e-28
  2547  2.3469e-28
  2548  2.2529e-28
  2550  1.9245e-28
  2553  1.6443e-28
  2554  1.7034e-28
  2556  1.5881e-28
  2559  1.6743e-28
  2562  1.4021e-28
  2565  1.3349e-28
  2566  1.3485e-28
  2567  1.0981e-28
  2568  1.0896e-28
  2569  1.1768e-28
  2571  1.2234e-28
  2572  1.1322e-28
  2573  1.0966e-28
  2576  1.1268e-28
  2579  1.1062e-28
  2582  1.2059e-28
  2583  1.1474e-28
  2586  9.9091e-29
  2587  8.4213e-29
  2589  8.6827e-29
  2590  8.8940e-29
  2593  7.2384e-29
  2595  7.6473e-29
  2598  8.0629e-29
  2601  7.1746e-29
  2603  7.1971e-29
  2604  7.8324e-29
  2605  8.4269e-29
  2607  8.0133e-29
  2608  8.7981e-29
  2610  9.5879e-29
  2611  8.0075e-29
  2612  7.3332e-29
  2613  6.7639e-29
  2614  6.3844e-29
  2616  6.7055e-29
  2617  6.2381e-29
  2619  5.9974e-29
  2620  6.1435e-29
  2623  6.5566e-29
  2624  6.3603e-29
  2625  6.9568e-29
  2626  7.3865e-29
  2628  5.9262e-29
  2629  5.3592e-29
  2632  5.2550e-29
  2635  4.4525e-29
  2638  4.0231e-29
  2641  3.6263e-29
  2642  3.8951e-29
  2644  3.2083e-29
  2647  2.9817e-29
  2648  2.7690e-29
  2650  2.6609e-29
  2651  2.7121e-29
  2653  2.9046e-29
  2654  2.4294e-29
  2657  2.2597e-29
  2660  1.8797e-29
  2662  1.5600e-29
  2663  1.3306e-29
  2665  1.3718e-29
  2667  1.1663e-29
  2669  1.2704e-29
  2670  1.1054e-29
  2672  1.1070e-29
  2674  9.6903e-30
  2675  9.1266e-30
  2676  9.3612e-30
  2677  8.3196e-30
  2680  8.9688e-30
  2681  8.7711e-30
  2684  7.1964e-30
  2686  6.8709e-30
  2689  7.4441e-30
  2692  6.6557e-30
  2694  6.3008e-30
  2697  6.7084e-30
  2698  6.1792e-30
  2699  6.4053e-30
  2701  6.5143e-30
  2704  6.3194e-30
  2705  6.0874e-30
  2708  6.1267e-30
  2711  6.3165e-30
  2712  5.5880e-30
  2715  5.4431e-30
  2717  5.1999e-30
  2720  5.2968e-30
  2723  4.8101e-30
  2725  4.7865e-30
  2727  4.2664e-30
  2730  4.3784e-30
  2733  4.4159e-30
  2735  4.5184e-30
  2738  4.6536e-30
  2741  4.9216e-30
  2742  5.1160e-30
  2744  4.7887e-30
  2746  4.5661e-30
  2747  4.9249e-30
  2750  4.3652e-30
  2752  3.5611e-30
  2753  2.9309e-30
  2755  3.2133e-30
  2758  2.7157e-30
  2760  2.7088e-30
  2762  2.5407e-30
  2763  2.2170e-30
  2765  1.8656e-30
  2766  1.5340e-30
  2769  1.2718e-30
  2771  1.0800e-30
  2774  1.1493e-30
  2776  1.0923e-30
  2777  1.0420e-30
  2779  1.0370e-30
  2781  9.1039e-31
  2782  8.0609e-31
  2785  6.7580e-31
  2787  6.3512e-31
  2789  6.9286e-31
  2790  7.3673e-31
  2791  7.9372e-31
  2793  7.7576e-31
  2794  7.0596e-31
  2795  5.6514e-31
  2798  4.8428e-31
  2800  4.6908e-31
  2803  4.2848e-31
  2804  4.7048e-31
  2805  4.0843e-31
  2807  3.6532e-31
  2810  3.6981e-31
  2812  3.1919e-31
  2813  3.3606e-31
  2816  3.4410e-31
  2818  3.1147e-31
  2819  2.6273e-31
  2821  2.7193e-31
  2824  2.9573e-31
  2826  3.0575e-31
  2829  2.7911e-31
  2830  2.9533e-31
  2831  3.0258e-31
  2832  3.2978e-31
  2835  2.7505e-31
  2837  2.7036e-31
  2839  2.2564e-31
  2841  1.9416e-31
  2842  1.7349e-31
  2845  1.6239e-31
  2847  1.6013e-31
  2850  1.5000e-31
  2851  1.5546e-31
  2852  1.4651e-31
  2855  1.6053e-31
  2856  1.6417e-31
  2857  1.6205e-31
  2860  1.6732e-31
  2862  1.4390e-31
  2864  1.4461e-31
  2867  1.2430e-31
  2868  1.2483e-31
  2871  1.0137e-31
  2872  9.1209e-32
  2874  8.5140e-32
  2875  7.8971e-32
  2876  7.9516e-32
  2878  6.9087e-32
  2881  7.5701e-32
  2882  8.0447e-32
  2885  8.2387e-32
  2886  8.2759e-32
  2888  6.9472e-32
  2890  6.5905e-32
  2891  6.2058e-32
  2893  5.6668e-32
  2894  5.6925e-32
  2895  5.7597e-32
  2898  5.2256e-32
  2900  4.4761e-32
  2902  4.0329e-32
  2905  3.7236e-32
  2906  3.8775e-32
  2908  4.1114e-32
  2910  3.6271e-32
  2911  3.4079e-32
  2914  3.6396e-32
  2915  3.3733e-32
  2917  3.5340e-32
  2918  3.1473e-32
  2919  3.3657e-32
  2922  2.7181e-32
  2923  2.4319e-32
  2924  2.3392e-32
  2927  2.5493e-32
  2928  2.1551e-32
  2931  2.2930e-32
  2933  2.3042e-32
  2936  2.4892e-32
  2939  2.1184e-32
  2942  2.1462e-32
  2945  2.1400e-32
  2947  2.1055e-32
  2948  2.0184e-32
  2951  1.9265e-32
  2953  2.1028e-32
  2956  2.0882e-32
  2957  1.7101e-32
  2959  1.6368e-32
  2961  1.4748e-32
  2963  1.2836e-32
  2966  1.3379e-32
  2967  1.2352e-32
  2970  1.1151e-32
  2971  9.6550e-33
  2974  1.0102e-32
  2977  9.7983e-33
  2980  1.0708e-32
  2981  1.0671e-32
  2983  9.7970e-33
  2984  8.6117e-33
  2986  7.9774e-33
  2988  7.2433e-33
  2990  5.8443e-33
  2991  5.8195e-33
  2994  5.9123e-33
  2995  5.7829e-33
  2998  5.5575e-33
  3001  5.0484e-33
  3004  4.5152e-33
  3007  4.7264e-33
  3009  4.3155e-33
  3012  4.7340e-33
  3014  4.6777e-33
  3016  4.6069e-33
  3019  4.9098e-33
  3020  4.2565e-33
  3023  4.4457e-33
  3025  4.2723e-33
  3027  3.7651e-33
  3029  3.8568e-33
  3030  3.7210e-33
  3032  3.1621e-33
  3034  3.3647e-33
  3037  2.8766e-33
  3040  3.1323e-33
  3042  3.1442e-33
  3044  3.2201e-33
  3047  2.8320e-33
  3049  2.9672e-33
  3052  2.4980e-33
  3055  2.6070e-33
  3058  2.3091e-33
  3060  2.2446e-33
  3061  2.1191e-33
  3062  2.0565e-33
  3065  1.6821e-33
  3066  1.7185e-33
  3069  1.5857e-33
  3072  1.6792e-33
  3073  1.7634e-33
  3076  1.8684e-33
  3079  1.8696e-33
  3081  1.9946e-33
  3082  1.6478e-33
  3084  1.6889e-33
  3086  1.7284e-33
  3087  1.4069e-33
  3088  1.4859e-33
  3091  1.2353e-33
  3094  1.0435e-33
  3097  1.0505e-33
  3100  9.0332e-34
  3103  8.0742e-34
  3104  8.8541e-34
  3106  7.7672e-34
  3107  8.1549e-34
  3110  6.5344e-34
  3111  5.5247e-34
  3113  4.5468e-34
  3115  3.6965e-34
  3117  3.1476e-34
  3119  2.8370e-34
  3122  3.1101e-34
  3123  3.0398e-34
  3125  3.0230e-34
  3127  2.5537e-34
  3128  2.3173e-34
  3131  2.5155e-34
  3133  2.2922e-34
  3135  2.1265e-34
  3137  1.9554e-34
  3140  2.0623e-34
  3143  2.0967e-34
  3144  2.2203e-34
  3145  2.4059e-34
  3148  2.0719e-34
  3150  1.8726e-34
  3151  1.8590e-34
  3154  1.7912e-34
  3157  1.6267e-34
  3158  1.3148e-34
  3160  1.1741e-34
  3163  9.4284e-35
  3165  7.6079e-35
  3166  8.3308e-35
  3167  8.1629e-35
  3169  8.6172e-35
  3172  9.0778e-35
  3175  8.2821e-35
  3177  8.0510e-35
  3179  7.5242e-35
  3180  6.7412e-35
  3182  6.6441e-35
  3183  6.7570e-35
  3186  6.0484e-35
  3187  5.6346e-35
  3188  5.9648e-35
  3191  6.1690e-35
  3192  5.4989e-35
  3195  5.0883e-35
  3198  4.1888e-35
  3199  3.4215e-35
  3200  3.5083e-35
  3202  3.6162e-35
  3204  3.1496e-35
  3207  3.3462e-35
  3208  2.8775e-35
  3210  2.3616e-35
  3211  2.3139e-35
  3214  1.8715e-35
  3215  1.9314e-35
  3217  1.9048e-35
  3218  1.9598e-35
  3219  1.6198e-35
  3222  1.4635e-35
  3223  1.2758e-35
  3226  1.0299e-35
  3228  8.9806e-36
  3229  7.8767e-36
  3231  7.9840e-36
  3233  8.4780e-36
  3234  7.3029e-36
  3236  7.4283e-36
  3237  7.1932e-36
  3238  6.6332e-36
  3239  7.0941e-36
  3240  6.9233e-36
  3243  6.0243e-36
  3245  5.2333e-36
  3248  4.8357e-36
  3249  3.9560e-36
  3252  4.0112e-36
  3254  3.6192e-36
  3255  3.7162e-36
  3258  3.4925e-36
  3260  2.8635e-36
  3261  2.8597e-36
  3262  2.7430e-36
  3264  2.2552e-36
  3265  2.2793e-36
  3266  1.8507e-36
  3269  1.6888e-36
  3270  1.4121e-36
  3273  1.1678e-36
  3276  1.1166e-36
  3277  1.0705e-36
  3280  1.1439e-36
  3283  1.0125e-36
  3285  1.0484e-36
  3288  9.7205e-37
  3290  1.0446e-36
  3291  1.0074e-36
  3293  1.0654e-36
  3295  1.0627e-36
  3296  1.1131e-36
  3298  9.0276e-37
  3300  7.6196e-37
  3301  7.1165e-37
  3302  7.6505e-37
  3303  7.1572e-37
  3305  7.2901e-37
  3307  7.3398e-37
  3308  7.0039e-37
  3310  6.2559e-37
  3311  6.8778e-37
  3312  5.6306e-37
  3315  4.7242e-37
  3316  4.0898e-37
  3317  3.2845e-37
  3319  2.6928e-37
  3322  2.7398e-37
  3323  2.5421e-37
  3325  2.6331e-37
  3326  2.8733e-37
  3328  2.3906e-37
  3329  1.9668e-37
  3330  2.1281e-37
  3332  1.9150e-37
  3334  1.9669e-37
  3336  1.7929e-37
  3338  1.5344e-37
  3339  1.3105e-37
  3341  1.2065e-37
  3343  9.7463e-38
  3345  8.7592e-38
  3346  9.2671e-38
  3348  7.9035e-38
  3349  7.4651e-38
  3351  7.7620e-38
  3353  8.4099e-38
  3355  9.1779e-38
  3358  7.9316e-38
  3361  6.6637e-38
  3363  7.2041e-38
  3365  6.9426e-38
  3366  7.1592e-38
  3369  6.6188e-38
  3370  5.5909e-38
  3371  4.5706e-38
  3373  4.6600e-38
  3374  4.8243e-38
  3375  4.0390e-38
  3378  4.2940e-38
  3379  4.6518e-38
  3382  3.8074e-38
  3385  4.1308e-38
  3388  3.3181e-38
  3389  2.8740e-38
  3391  2.4599e-38
  3394  2.6766e-38
  3395  2.3519e-38
  3398  1.9611e-38
  3400  1.8238e-38
  3402  1.7534e-38
  3404  1.8290e-38
  3406  1.9883e-38
  3408  1.5962e-38
  3411  1.3087e-38
  3413  1.1585e-38
  3416  1.2544e-38
  3419  1.1974e-38
  3421  1.1878e-38
  3422  1.2028e-38
  3424  1.2490e-38
  3427  1.3048e-38
  3429  1.2526e-38
  3430  1.0281e-38
  3432  8.4330e-39
  3434  9.2282e-39
  3437  9.7454e-39
  3438  8.5939e-39
  3439  8.0186e-39
  3442  6.5551e-39
  3444  6.5060e-39
  3446  6.7206e-39
  3449  6.9904e-39
  3451  7.2736e-39
  3453  7.6388e-39
  3455  6.5103e-39
  3458  6.5470e-39
  3460  5.7238e-39
  3462  5.4054e-39
  3464  4.4104e-39
  3467  3.9524e-39
  3468  3.6127e-39
  3469  3.7729e-39
  3471  3.2395e-39
  3474  2.9540e-39
  3477  2.8457e-39
  3480  2.8877e-39
  3483  2.8674e-39
  3484  2.7765e-39
  3486  2.9650e-39
  3488  3.0667e-39
  3491  3.0584e-39
  3494  3.2104e-39
  3496  3.2707e-39
  3499  2.8001e-39
  3501  2.6630e-39
  3502  2.5714e-39
  3503  2.4127e-39
  3505  2.6348e-39
  3507  2.5859e-39
  3508  2.7465e-39
  3510  2.3673e-39
  3511  2.6006e-39
  3512  2.2598e-39
  3513  2.4572e-39
  3516  2.2093e-39
  3517  2.1666e-39
  3519  1.7502e-39
  3521  1.5585e-39
  3523  1.5617e-39
  3525  1.5831e-39
  3526  1.3616e-39
  3529  1.1422e-39
  3531  1.1796e-39
  3533  1.1249e-39
  3536  9.5043e-40
  3538  8.1061e-40
  3539  8.3376e-40
  3542  9.0921e-40
  3545  8.5355e-40
  3548  8.1907e-40
  3550  7.2195e-40
  3551  6.6616e-40
  3553  6.4797e-40
  3556  5.6004e-40
  3558  4.8797e-40
  3559  4.6831e-40
  3562  5.0474e-40
  3565  4.6489e-40
  3568  4.7678e-40
  3570  5.1332e-40
  3572  5.5370e-40
  3575  5.9404e-40
  3578  5.3452e-40
  3579  4.6026e-40
  3582  4.7848e-40
  3585  4.0346e-40
  3588  4.3872e-40
  3591  3.5290e-40
  3594  2.8424e-40
  3597  2.9511e-40
  3600  2.9148e-40
  3603  2.6658e-40
  3604  2.2180e-40
  3607  2.1519e-40
  3609  2.2930e-40
  3611  1.8612e-40
  3613  1.7564e-40
  3615  1.8274e-40
  3618  1.9993e-40
  3619  2.0870e-40
  3621  1.8748e-40
  3622  1.9318e-40
  3623  1.6108e-40
  3626  1.6255e-40
  3629  1.6227e-40
  3631  1.3963e-40
  3632  1.1617e-40
  3635  1.2509e-40
  3638  1.0269e-40
  3639  1.0218e-40
  3641  1.1129e-40
  3644  1.0152e-40
  3646  1.0546e-40
  3649  8.4515e-41
  3650  8.8502e-41
  3653  8.9833e-41
  3654  8.0978e-41
  3657  8.1989e-41
  3659  7.8690e-41
  3662  6.4176e-41
  3663  6.3158e-41
  3665  5.8089e-41
  3666  6.3006e-41
  3669  5.0524e-41
  3671  4.2412e-41
  3672  3.9472e-41
  3673  4.1818e-41
  3676  3.6068e-41
  3678  3.3053e-41
  3680  3.4088e-41
  3681  3.6517e-41
  3683  3.5245e-41
  3684  3.8012e-41
  3687  4.0052e-41
  3690  3.8830e-41
  3691  3.5511e-41
  3692  3.7088e-41
  3695  3.2641e-41
  3697  2.8652e-41
  3698  2.3150e-41
  3701  2.1755e-41
  3703  1.8291e-41
  3706  1.7804e-41
  3708  1.5326e-41
  3709  1.4229e-41
  3712  1.3909e-41
  3714  1.2670e-41
  3717  1.0169e-41
  3720  9.8415e-42
  3721  1.0630e-41
  3723  1.1240e-41
  3724  9.0528e-42
  3727  9.1111e-42
  3730  7.5454e-42
  3732  8.0058e-42
  3734  8.5316e-42
  3736  8.3573e-42
  3739  7.1935e-42
  3742  6.5711e-42
  3745  5.3305e-42
  3747  5.7215e-42
  3749  5.8230e-42
  3751  5.0891e-42
  3753  4.5200e-42
  3754  3.9207e-42
  3757  3.2646e-42
  3759  3.1347e-42
  3762  3.0869e-42
  3763  3.2149e-42
  3765  2.9101e-42
  3768  2.4535e-42
  3770  2.1716e-42
  3771  1.7416e-42
  3774  1.5446e-42
  3777  1.3337e-42
  3779  1.2494e-42
  3780  1.2335e-42
  3781  1.1075e-42
  3782  1.0417e-42
  3785  1.0336e-42
  3787  9.0318e-43
  3789  9.2252e-43
  3792  8.0517e-43
  3794  8.7321e-43
  3796  8.7675e-43
  3799  9.3037e-43
  3801  9.4957e-43
  3804  9.8449e-43
  3807  1.0358e-42
  3810  1.0274e-42
  3812  1.0889e-42
  3815  1.0233e-42
  3816  1.0759e-42
  3817  9.4981e-43
  3819  8.7876e-43
  3822  8.6868e-43
  3823  8.4669e-43
  3825  9.2005e-43
  3827  8.1698e-43
  3830  7.3155e-43
  3832  6.1090e-43
  3834  6.2971e-43
  3836  6.5835e-43
  3838  7.0430e-43
  3839  6.2755e-43
  3841  5.4113e-43
  3843  5.6309e-43
  3846  4.5171e-43
  3849  4.9492e-43
  3850  5.1771e-43
  3852  4.5987e-43
  3854  4.9322e-43
  3855  4.4476e-43
  3858  4.3536e-43
  3861  3.5205e-43
  3864  2.8563e-43
  3866  2.7282e-43
  3869  2.3617e-43
  3870  2.2172e-43
  3873  2.3610e-43
  3874  2.5440e-43
  3875  2.2282e-43
  3877  1.7863e-43
  3878  1.4470e-43
  3880  1.2242e-43
  3882  1.1706e-43
  3883  9.4902e-44
  3884  8.1813e-44
  3885  7.2414e-44
  3887  7.4539e-44
  3888  6.7171e-44
  3891  5.7948e-44
  3893  6.0198e-44
  3896  4.9816e-44
  3899  3.9953e-44
  3901  4.3695e-44
  3904  4.3785e-44
  3906  4.7205e-44
  3909  3.8735e-44
  3912  4.1587e-44
  3914  3.5727e-44
  3915  3.8994e-44
  3916  4.0818e-44
  3919  3.5182e-44
  3920  3.1127e-44
  3923  3.1775e-44
  3925  2.5874e-44
  3928  2.6314e-44
  3929  2.7828e-44
  3931  2.6680e-44
  3932  2.4136e-44
  3934  2.4564e-44
  3935  2.5840e-44
  3936  2.7973e-44
  3939  3.0006e-44
  3941  3.0547e-44
  3944  3.3496e-44
  3946  3.3808e-44
  3948  2.7120e-44
  3949  2.1786e-44
  3951  1.9727e-44
  3952  1.9157e-44
  3953  1.7623e-44
  3955  1.4830e-44
  3956  1.3826e-44
  3959  1.4285e-44
  3960  1.5652e-44
  3961  1.4519e-44
  3964  1.2583e-44
  3967  1.2579e-44
  3969  1.2096e-44
  3972  9.9948e-45
  3974  1.0796e-44
  3976  9.6292e-45
  3977  8.0821e-45
  3978  8.5503e-45
  3980  7.8075e-45
  3981  7.4133e-45
  3984  7.9524e-45
  3987  6.8313e-45
  3988  6.9954e-45
  3989  7.4431e-45
  3991  6.2943e-45
  3994  5.9627e-45
  3995  5.8842e-45
  3997  5.3031e-45
