     1  1.0000e+02
     3  1.0160e+02
     5  9.3571e+01
     7  8.6335e+01
    10  7.9994e+01
    13  7.3006e+01
    14  6.5205e+01
    15  5.4183e+01
    17  5.1362e+01
    20  4.3880e+01
    22  4.7403e+01
    24  4.9725e+01
    26  4.6119e+01
    28  4.0821e+01
    31  3.5101e+01
    33  3.8089e+01
    36  3.7210e+01
    37  3.7438e+01
    39  3.6956e+01
    42  3.6695e+01
    45  3.9431e+01
    46  3.1858e+01
    49  3.5027e+01
    52  3.1652e+01
    55  2.7762e+01
    57  2.6606e+01
    59  2.8600e+01
    62  2.7847e+01
    63  2.4019e+01
    64  1.9896e+01
    65  1.7895e+01
    67  1.8400e+01
    68  1.9184e+01
    69  2.1059e+01
    70  1.7976e+01
    73  1.5910e+01
    74  1.3456e+01
    77  1.4137e+01
    80  1.3629e+01
    81  1.1635e+01
    83  1.0989e+01
    86  9.3658e+00
    89  8.1582e+00
    91  7.1486e+00
    94  7.4855e+00
    96  8.1799e+00
    98  8.0596e+00
    99  7.9765e+00
   102  7.6956e+00
   103  7.4537e+00
   104  8.1333e+00
   107  7.1730e+00
   109  7.0625e+00
   111  6.4382e+00
   112  6.0310e+00
   115  5.6401e+00
   118  4.6284e+00
   120  4.0859e+00
   123  4.1982e+00
   124  3.4629e+00
   125  2.9656e+00
   127  2.9156e+00
   130  2.5446e+00
   133  2.1155e+00
   135  2.0998e+00
   138  2.0664e+00
   139  1.9299e+00
   141  2.0322e+00
   144  2.1665e+00
   147  2.3537e+00
   148  1.9771e+00
   149  1.6313e+00
   152  1.7509e+00
   153  1.4088e+00
   155  1.4387e+00
   157  1.4209e+00
   160  1.2999e+00
   161  1.3782e+00
   163  1.3063e+00
   164  1.4063e+00
   166  1.3761e+00
   169  1.3262e+00
   170  1.1302e+00
   172  9.8547e-01
   175  8.1261e-01
   178  8.6328e-01
   179  8.3595e-01
   180  8.2241e-01
   181  7.5306e-01
   184  6.6890e-01
   187  6.9137e-01
   188  6.1590e-01
   191  6.6843e-01
   194  5.4603e-01
   197  4.4669e-01
   199  4.6517e-01
   200  5.0162e-01
   202  4.3969e-01
   204  4.7092e-01
   206  4.2960e-01
   207  3.8548e-01
   208  3.8429e-01
   211  3.7004e-01
   212  3.2545e-01
   215  3.3557e-01
   216  3.4812e-01
   219  3.6655e-01
   220  3.8231e-01
   223  3.5281e-01
   225  3.7754e-01
   228  3.1928e-01
   231  3.1110e-01
   233  2.7473e-01
   235  2.6635e-01
   237  2.7259e-01
   238  2.3469e-01
   240  2.3269e-01
   241  2.0308e-01
   243  2.0303e-01
   244  2.1019e-01
   247  1.8824e-01
   250  1.9400e-01
   251  1.9745e-01
   254  1.6691e-01
   257  1.7034e-01
   258  1.6401e-01
   260  1.7733e-01
   263  1.4721e-01
   264  1.5647e-01
   266  1.2592e-01
   268  1.2060e-01
   270  1.0645e-01
   272  1.1155e-01
   273  1.1840e-01
   276  1.1199e-01
   278  9.1837e-02
   280  9.2275e-02
   282  7.8222e-02
   285  8.3686e-02
   287  8.0679e-02
   288  7.8993e-02
   290  8.5681e-02
   293  7.4794e-02
   295  7.8588e-02
   298  6.8598e-02
   299  5.6687e-02
   301  5.5486e-02
   303  5.5668e-02
   306  4.8020e-02
   309  5.2652e-02
   311  5.0639e-02
   314  4.9964e-02
   315  4.7354e-02
   318  4.6832e-02
   321  4.5579e-02
   324  4.2185e-02
   327  3.7096e-02
   329  4.0619e-02
   330  4.0397e-02
   331  4.2586e-02
   332  3.8462e-02
   335  3.0988e-02
   338  2.5540e-02
   340  2.4351e-02
   341  2.5820e-02
   342  2.4837e-02
   344  2.3499e-02
   346  1.9794e-02
   349  1.7914e-02
   352  1.6068e-02
   354  1.7672e-02
   357  1.9134e-02
   359  1.7825e-02
   361  1.6741e-02
   362  1.6795e-02
   363  1.7526e-02
   366  1.5493e-02
   369  1.3597e-02
   371  1.3285e-02
   374  1.3681e-02
   376  1.3493e-02
   378  1.3275e-02
   380  1.0904e-02
   383  9.3515e-03
   386  9.9347e-03
   388  8.0845e-03
   389  7.0622e-03
   392  5.9539e-03
   395  5.7816e-03
   397  4.6451e-03
   399  4.9912e-03
   402  4.2769e-03
   404  3.7353e-03
   407  3.9343e-03
   408  3.2074e-03
   410  3.3303e-03
   411  3.3315e-03
   413  2.6716e-03
   416  2.1494e-03
   418  2.0167e-03
   420  1.9330e-03
   422  1.8141e-03
   424  1.8178e-03
   426  1.8316e-03
   429  1.7458e-03
   432  1.4116e-03
   433  1.5312e-03
   434  1.4902e-03
   436  1.2782e-03
   439  1.2782e-03
   442  1.2231e-03
   445  1.2939e-03
   447  1.4212e-03
   450  1.3193e-03
   453  1.2192e-03
   455  1.0233e-03
   456  1.1146e-03
   459  9.6272e-04
   460  9.7723e-04
   463  8.7036e-04
   466  8.9143e-04
   468  8.3900e-04
   471  7.1015e-04
   474  6.5667e-04
   476  6.1223e-04
   479  4.9905e-04
   480  4.8351e-04
   481  4.2127e-04
   484  3.8542e-04
   487  3.8597e-04
   490  3.1986e-04
   492  3.0504e-04
   493  2.5841e-04
   495  2.0997e-04
   497  2.0181e-04
   498  2.1726e-04
   500  1.9810e-04
   503  1.8258e-04
   505  1.6231e-04
   507  1.5376e-04
   510  1.3627e-04
   513  1.4703e-04
   516  1.6138e-04
   519  1.3953e-04
   521  1.4991e-04
   522  1.5139e-04
   524  1.4830e-04
   525  1.4766e-04
   528  1.3279e-04
   530  1.2239e-04
   533  1.1583e-04
   534  1.1048e-04
   535  1.1782e-04
   536  1.0600e-04
   539  1.1254e-04
   541  1.2158e-04
   543  9.8346e-05
   545  9.5984e-05
   546  9.7592e-05
   549  9.5836e-05
   552  8.7858e-05
   553  8.5547e-05
   556  8.2027e-05
   557  8.3011e-05
   559  6.6890e-05
   561  5.5258e-05
   562  6.0196e-05
   565  6.5822e-05
   567  5.9007e-05
   568  4.9443e-05
   570  4.5436e-05
   571  4.8859e-05
   574  4.6380e-05
   577  4.4382e-05
   578  4.4945e-05
   580  4.7643e-05
   582  4.9962e-05
   584  4.1310e-05
   587  3.4780e-05
   589  3.4142e-05
   591  3.2789e-05
   592  3.5216e-05
   593  3.5449e-05
   595  3.6808e-05
   596  3.0348e-05
   599  2.5293e-05
   602  2.2830e-05
   603  2.4377e-05
   606  2.0428e-05
   608  2.0676e-05
   610  2.2164e-05
   611  2.3329e-05
   612  2.4671e-05
   613  2.3269e-05
   615  1.8833e-05
   618  1.7275e-05
   620  1.6862e-05
   622  1.6063e-05
   623  1.6158e-05
   626  1.6878e-05
   627  1.3896e-05
   628  1.2223e-05
   629  1.1405e-05
   632  1.0091e-05
   634  8.9118e-06
   636  8.8799e-06
   639  8.7324e-06
   640  7.9167e-06
   642  7.6445e-06
   643  7.6409e-06
   646  7.2580e-06
   648  7.0289e-06
   649  6.0181e-06
   651  5.4023e-06
   654  4.6959e-06
   656  4.8371e-06
   657  3.9761e-06
   659  4.0714e-06
   662  3.4369e-06
   664  2.7594e-06
   666  2.3340e-06
   668  2.1299e-06
   669  2.1559e-06
   672  1.7662e-06
   675  1.8038e-06
   677  1.6197e-06
   680  1.5026e-06
   683  1.3561e-06
   686  1.4798e-06
   687  1.2521e-06
   688  1.0845e-06
   689  1.0057e-06
   692  8.2756e-07
   693  9.0869e-07
   695  7.4583e-07
   698  7.0987e-07
   699  6.8263e-07
   702  5.5952e-07
   704  5.4788e-07
   705  5.6257e-07
   708  6.1402e-07
   711  5.5431e-07
   713  4.7206e-07
   714  4.7397e-07
   715  4.9666e-07
   718  4.4892e-07
   721  3.9371e-07
   722  3.9856e-07
   724  4.2113e-07
   725  4.1444e-07
   726  4.2833e-07
   728  3.4684e-07
   731  3.5716e-07
   733  3.8346e-07
   735  3.7945e-07
   736  3.5154e-07
   738  3.2040e-07
   741  2.6623e-07
   743  2.8223e-07
   744  2.5145e-07
   747  2.3095e-07
   749  2.4044e-07
   751  2.3413e-07
   752  2.2494e-07
   754  2.0876e-07
   756  1.8243e-07
   757  1.6781e-07
   759  1.7426e-07
   762  1.8113e-07
   764  1.9382e-07
   766  2.0989e-07
   768  2.3008e-07
   770  2.4436e-07
   771  2.0911e-07
   772  1.7553e-07
   774  1.7896e-07
   777  1.8175e-07
   779  1.5216e-07
   780  1.5064e-07
   783  1.4405e-07
   784  1.3626e-07
   786  1.2394e-07
   789  1.2198e-07
   792  1.0676e-07
   794  1.1197e-07
   796  1.1360e-07
   799  9.3432e-08
   800  8.9088e-08
   802  9.4313e-08
   805  9.2092e-08
   807  7.3926e-08
   809  7.8252e-08
   812  7.0353e-08
   815  6.1866e-08
   816  5.8887e-08
   818  5.0155e-08
   820  4.0535e-08
   823  4.2822e-08
   825  4.6210e-08
   828  4.9659e-08
   830  4.8902e-08
   832  4.7357e-08
   835  4.3091e-08
   838  3.4686e-08
   841  3.4469e-08
   843  3.2467e-08
   845  3.1797e-08
   846  3.4268e-08
   847  3.6994e-08
   848  3.7907e-08
   850  4.0562e-08
   851  3.3432e-08
   853  2.7644e-08
   855  2.5864e-08
   857  2.4894e-08
   858  2.6196e-08
   859  2.4095e-08
   861  2.0628e-08
   864  2.2480e-08
   866  2.3322e-08
   868  2.1983e-08
   871  2.2347e-08
   874  2.1765e-08
   876  1.7418e-08
   877  1.7407e-08
   878  1.8155e-08
   879  1.7923e-08
   880  1.7316e-08
   882  1.6937e-08
   883  1.3849e-08
   884  1.1112e-08
   885  9.7009e-09
   887  8.2680e-09
   889  8.8796e-09
   890  8.0825e-09
   893  8.8054e-09
   894  7.3081e-09
   896  7.3953e-09
   899  8.0520e-09
   902  8.6645e-09
   905  8.8667e-09
   907  8.2797e-09
   909  8.4348e-09
   910  7.6965e-09
   911  6.9354e-09
   913  5.9073e-09
   915  5.9958e-09
   918  5.0594e-09
   921  5.5049e-09
   924  5.3137e-09
   927  5.5830e-09
   930  4.7634e-09
   933  4.7573e-09
   934  5.0014e-09
   935  4.9260e-09
   937  4.3474e-09
   940  4.3588e-09
   942  4.2660e-09
   943  4.5410e-09
   945  4.3334e-09
   946  3.5984e-09
   947  3.3476e-09
   949  2.9262e-09
   950  2.7394e-09
   953  2.4556e-09
   956  2.5936e-09
   959  2.5473e-09
   960  2.2816e-09
   962  2.3914e-09
   965  2.2617e-09
   968  2.0021e-09
   969  1.7211e-09
   971  1.5852e-09
   974  1.6048e-09
   976  1.5818e-09
   978  1.6210e-09
   980  1.6827e-09
   983  1.4283e-09
   986  1.3021e-09
   989  1.2789e-09
   990  1.1583e-09
   991  1.0697e-09
   992  1.0522e-09
   993  1.1330e-09
   995  1.2387e-09
   996  1.3624e-09
   998  1.2558e-09
  1000  1.2068e-09
  1002  1.1895e-09
  1005  9.9640e-10
  1006  9.2694e-10
  1008  8.6119e-10
  1011  7.2920e-10
  1013  6.3291e-10
  1015  5.8297e-10
  1018  5.9725e-10
  1020  5.4842e-10
  1021  5.5273e-10
  1024  4.8351e-10
  1025  4.8691e-10
  1026  4.1155e-10
  1027  3.4447e-10
  1028  2.9163e-10
  1030  2.8674e-10
  1032  3.0905e-10
  1033  3.3730e-10
  1035  2.9737e-10
  1038  2.7844e-10
  1041  2.4854e-10
  1042  2.4101e-10
  1045  2.5504e-10
  1047  2.3785e-10
  1050  2.3613e-10
  1053  2.4748e-10
  1056  2.4427e-10
  1058  2.2901e-10
  1060  2.1624e-10
  1063  2.1523e-10
  1066  2.2336e-10
  1068  2.2084e-10
  1070  2.4013e-10
  1072  2.3146e-10
  1073  1.8879e-10
  1074  1.8785e-10
  1077  1.5488e-10
  1079  1.5564e-10
  1082  1.5517e-10
  1083  1.6885e-10
  1084  1.4092e-10
  1087  1.3480e-10
  1090  1.3433e-10
  1092  1.1179e-10
  1093  9.4228e-11
  1094  8.2094e-11
  1096  8.5212e-11
  1098  9.0033e-11
  1099  8.1006e-11
  1100  7.2759e-11
  1101  6.1064e-11
  1103  6.6682e-11
  1106  5.7892e-11
  1108  5.0241e-11
  1111  5.1315e-11
  1112  4.1097e-11
  1115  4.3433e-11
  1118  3.8593e-11
  1119  3.1515e-11
  1120  2.9783e-11
  1121  3.1674e-11
  1124  2.8816e-11
  1126  2.5152e-11
  1127  2.2124e-11
  1128  2.1558e-11
  1129  1.9675e-11
  1130  1.7796e-11
  1133  1.8949e-11
  1134  1.9420e-11
  1136  1.7593e-11
  1138  1.7284e-11
  1141  1.4800e-11
  1143  1.2864e-11
  1144  1.2396e-11
  1145  1.0737e-11
  1147  9.1979e-12
  1149  9.4783e-12
  1152  1.0100e-11
  1155  1.0072e-11
  1156  8.1266e-12
  1159  6.7351e-12
  1162  7.1230e-12
  1163  6.7070e-12
  1165  5.7374e-12
  1166  5.1803e-12
  1167  4.2169e-12
  1168  3.9509e-12
  1171  3.3875e-12
  1172  3.0576e-12
  1175  2.8419e-12
  1178  2.3589e-12
  1181  2.2263e-12
  1184  2.3692e-12
  1187  2.5982e-12
  1190  2.6534e-12
  1192  2.6886e-12
  1194  2.2513e-12
  1195  1.8677e-12
  1198  1.9605e-12
  1200  1.7337e-12
  1202  1.4040e-12
  1205  1.4912e-12
  1208  1.4633e-12
  1210  1.3244e-12
  1212  1.1022e-12
  1214  9.3959e-13
  1216  9.9463e-13
  1219  8.3650e-13
  1221  8.3280e-13
  1222  7.5757e-13
  1225  7.2731e-13
  1227  6.7483e-13
  1228  5.9395e-13
  1230  5.6987e-13
  1231  5.3153e-13
  1233  5.4487e-13
  1235  4.4205e-13
  1237  4.3645e-13
  1239  3.8033e-13
  1242  4.1550e-13
  1243  3.8872e-13
  1245  3.7615e-13
  1246  3.4139e-13
  1247  2.8570e-13
  1249  3.0012e-13
  1250  3.0425e-13
  1253  2.4943e-13
  1256  2.4199e-13
  1258  2.3951e-13
  1259  2.4347e-13
  1260  1.9856e-13
  1263  2.1489e-13
  1266  2.0714e-13
  1267  2.2765e-13
  1269  2.0136e-13
  1271  1.9385e-13
  1272  1.6259e-13
  1274  1.4549e-13
  1275  1.1639e-13
  1276  1.0174e-13
  1278  1.0743e-13
  1280  1.0059e-13
  1283  8.3181e-14
  1285  8.7320e-14
  1288  8.1377e-14
  1289  7.8861e-14
  1290  8.6639e-14
  1293  7.8780e-14
  1294  7.3979e-14
  1297  7.1354e-14
  1300  6.2707e-14
  1302  5.2633e-14
  1303  4.9813e-14
  1306  4.6299e-14
  1307  4.7655e-14
  1308  4.7912e-14
  1311  4.0788e-14
  1314  4.1272e-14
  1316  3.8789e-14
  1317  4.0696e-14
  1319  4.3190e-14
  1321  4.5741e-14
  1324  4.4681e-14
  1326  4.0443e-14
  1327  3.4402e-14
  1329  2.8233e-14
  1331  2.5424e-14
  1333  2.3337e-14
  1334  2.0999e-14
  1337  2.0252e-14
  1340  1.9722e-14
  1342  1.8586e-14
  1344  1.8801e-14
  1347  1.5271e-14
  1348  1.6552e-14
  1350  1.7877e-14
  1352  1.9606e-14
  1354  1.8778e-14
  1357  1.6872e-14
  1358  1.5431e-14
  1361  1.2754e-14
  1364  1.3852e-14
  1366  1.2945e-14
  1367  1.0477e-14
  1369  9.2853e-15
  1371  8.5243e-15
  1373  8.5371e-15
  1376  8.3880e-15
  1379  8.6436e-15
  1381  9.3349e-15
  1382  8.2917e-15
  1384  7.9483e-15
  1387  6.3657e-15
  1390  5.2261e-15
  1393  4.4383e-15
  1396  3.5675e-15
  1397  3.3184e-15
  1400  3.1378e-15
  1401  3.1641e-15
  1404  3.3593e-15
  1405  3.0819e-15
  1407  2.6154e-15
  1409  2.1139e-15
  1412  2.0545e-15
  1415  2.1424e-15
  1418  1.8208e-15
  1421  1.5898e-15
  1424  1.6499e-15
  1425  1.7640e-15
  1428  1.9105e-15
  1429  1.7439e-15
  1430  1.7827e-15
  1432  1.9131e-15
  1435  1.9134e-15
  1436  1.7000e-15
  1437  1.6175e-15
  1438  1.4291e-15
  1440  1.2297e-15
  1442  1.2451e-15
  1443  1.1027e-15
  1445  1.1352e-15
  1448  9.2136e-16
  1450  7.9062e-16
  1452  7.0820e-16
  1453  6.2857e-16
  1456  5.8192e-16
  1458  4.8199e-16
  1461  3.8963e-16
  1463  3.8991e-16
  1466  3.4679e-16
  1469  3.0210e-16
  1471  2.5826e-16
  1472  2.6234e-16
  1473  2.1737e-16
  1474  1.8425e-16
  1477  1.5200e-16
  1480  1.2463e-16
  1481  1.1471e-16
  1482  1.2320e-16
  1483  1.1481e-16
  1485  1.1963e-16
  1487  1.1673e-16
  1490  1.0622e-16
  1493  1.0975e-16
  1496  1.0068e-16
  1498  8.7647e-17
  1499  8.8220e-17
  1500  9.6435e-17
  1501  7.9259e-17
  1503  7.1399e-17
  1505  6.4012e-17
  1506  5.3108e-17
  1508  5.2717e-17
  1511  4.6070e-17
  1514  4.2775e-17
  1516  4.3165e-17
  1519  4.2612e-17
  1522  3.6319e-17
  1524  3.2744e-17
  1525  2.9954e-17
  1527  3.0713e-17
  1529  2.9878e-17
  1530  2.9986e-17
  1532  3.1806e-17
  1533  3.0444e-17
  1536  2.9874e-17
  1538  2.4261e-17
  1540  2.3534e-17
  1543  1.8976e-17
  1544  2.0018e-17
  1547  1.6898e-17
  1548  1.4906e-17
  1549  1.6105e-17
  1552  1.4807e-17
  1554  1.5401e-17
  1555  1.6635e-17
  1557  1.5398e-17
  1559  1.4265e-17
  1562  1.4946e-17
  1564  1.5824e-17
  1566  1.6014e-17
  1569  1.6400e-17
  1572  1.5245e-17
  1575  1.2409e-17
  1576  1.2474e-17
  1577  1.3463e-17
  1578  1.4601e-17
  1581  1.4161e-17
  1582  1.5553e-17
  1585  1.5498e-17
  1588  1.3798e-17
  1591  1.1253e-17
  1593  1.0662e-17
  1594  9.4706e-18
  1596  7.8986e-18
  1599  8.4775e-18
  1602  7.7979e-18
  1603  7.3234e-18
  1604  7.9110e-18
  1606  6.3966e-18
  1608  6.2383e-18
  1610  6.1732e-18
  1613  6.4578e-18
  1615  6.7205e-18
  1617  6.5875e-18
  1620  6.4872e-18
  1623  6.3958e-18
  1625  6.3258e-18
  1626  5.5872e-18
  1627  4.8141e-18
  1628  3.8604e-18
  1630  4.1007e-18
  1633  4.2109e-18
  1634  4.6235e-18
  1636  4.6440e-18
  1639  4.6467e-18
  1641  4.5377e-18
  1643  4.3393e-18
  1644  4.1406e-18
  1647  3.9913e-18
  1649  3.8468e-18
  1652  3.3760e-18
  1653  3.6708e-18
  1654  3.0880e-18
  1655  2.7488e-18
  1657  2.9125e-18
  1660  3.1948e-18
  1662  3.0306e-18
  1664  2.9846e-18
  1667  2.7424e-18
  1669  2.9384e-18
  1671  2.4828e-18
  1672  2.1482e-18
  1673  1.8220e-18
  1674  1.6969e-18
  1677  1.8423e-18
  1679  1.6691e-18
  1680  1.7699e-18
  1682  1.7876e-18
  1685  1.7100e-18
  1687  1.3811e-18
  1689  1.2354e-18
  1691  1.2410e-18
  1693  1.1721e-18
  1695  1.2608e-18
  1697  1.0602e-18
  1698  9.0042e-19
  1701  8.7681e-19
  1703  8.0478e-19
  1706  6.5789e-19
  1709  5.4777e-19
  1710  5.7845e-19
  1713  5.2004e-19
  1716  5.5175e-19
  1719  4.9383e-19
  1721  4.5866e-19
  1722  4.2462e-19
  1725  4.3539e-19
  1726  3.9034e-19
  1729  3.2098e-19
  1732  2.9107e-19
  1735  3.1923e-19
  1736  3.0328e-19
  1737  2.7390e-19
  1740  3.0020e-19
  1742  2.9679e-19
  1743  2.5048e-19
  1745  2.2605e-19
  1747  1.9287e-19
  1749  2.0743e-19
  1752  1.7157e-19
  1754  1.5665e-19
  1757  1.5691e-19
  1758  1.4150e-19
  1759  1.1627e-19
  1760  1.1893e-19
  1763  9.7798e-20
  1765  9.9399e-20
  1766  8.5188e-20
  1769  8.7487e-20
  1772  7.5221e-20
  1773  7.4186e-20
  1774  7.3872e-20
  1777  7.1514e-20
  1780  6.7311e-20
  1782  7.0250e-20
  1785  6.8362e-20
  1787  6.2460e-20
  1788  6.1268e-20
  1790  6.0903e-20
  1793  4.8948e-20
  1795  4.7046e-20
  1796  3.8491e-20
  1798  3.2017e-20
  1799  2.9205e-20
  1800  2.9746e-20
  1801  2.8293e-20
  1803  2.3927e-20
  1805  2.1130e-20
  1807  1.8986e-20
  1810  2.0483e-20
  1812  1.8934e-20
  1815  1.9228e-20
  1818  1.6603e-20
  1820  1.6191e-20
  1821  1.5281e-20
  1823  1.2614e-20
  1825  1.1030e-20
  1828  9.3237e-21
  1829  1.0014e-20
  1831  9.3980e-21
  1832  9.5522e-21
  1834  1.0487e-20
  1835  1.0877e-20
  1838  8.8268e-21
  1839  7.3332e-21
  1841  6.9082e-21
  1843  5.8989e-21
  1846  4.8750e-21
  1848  4.8163e-21
  1849  4.6634e-21
  1850  4.5565e-21
  1852  4.0644e-21
  1855  3.5504e-21
  1857  3.5672e-21
  1859  3.4980e-21
  1860  3.1045e-21
  1862  2.9677e-21
  1865  2.7760e-21
  1867  2.5437e-21
  1868  2.2884e-21
  1871  1.8996e-21
  1872  1.5791e-21
  1875  1.5520e-21
  1877  1.3247e-21
  1878  1.1453e-21
  1880  1.1245e-21
  1881  1.1039e-21
  1884  9.3995e-22
  1885  9.4954e-22
  1888  8.1019e-22
  1891  8.1028e-22
  1892  7.5206e-22
  1895  7.2334e-22
  1897  7.3557e-22
  1899  6.7566e-22
  1900  6.2527e-22
  1901  5.0739e-22
  1904  4.0969e-22
  1905  4.2687e-22
  1908  3.5500e-22
  1909  3.5921e-22
  1912  3.9444e-22
  1915  3.4265e-22
  1918  2.9174e-22
  1921  2.3765e-22
  1924  2.2547e-22
  1926  2.3492e-22
  1927  2.0338e-22
  1928  2.0196e-22
  1929  2.0529e-22
  1930  1.8268e-22
  1931  1.4843e-22
  1934  1.3006e-22
  1937  1.1898e-22
  1939  1.2154e-22
  1942  1.0098e-22
  1943  8.4982e-23
  1944  8.1214e-23
  1945  8.3246e-23
  1947  8.5726e-23
  1950  9.1924e-23
  1952  7.4642e-23
  1953  6.8075e-23
  1954  7.0208e-23
  1955  6.3202e-23
  1957  5.1840e-23
  1959  5.6731e-23
  1961  5.0627e-23
  1964  5.0965e-23
  1967  5.5174e-23
  1968  4.5908e-23
  1970  3.8737e-23
  1973  3.7606e-23
  1975  3.1113e-23
  1978  2.6912e-23
  1979  2.8085e-23
  1980  2.9248e-23
  1981  2.4882e-23
  1982  2.3213e-23
  1984  1.9207e-23
  1985  1.9956e-23
  1987  1.8844e-23
  1988  1.7281e-23
  1989  1.4315e-23
  1992  1.3520e-23
  1993  1.3258e-23
  1995  1.4114e-23
  1997  1.3045e-23
  1999  1.3809e-23
  2001  1.5133e-23
  2004  1.5099e-23
  2007  1.5273e-23
  2010  1.5547e-23
  2011  1.5667e-23
  2012  1.6039e-23
  2015  1.4737e-23
  2016  1.4232e-23
  2017  1.1609e-23
  2020  1.1170e-23
  2023  1.1941e-23
  2024  9.7068e-24
  2027  8.2863e-24
  2030  9.1100e-24
  2032  7.4412e-24
  2035  7.6290e-24
  2038  7.4200e-24
  2039  6.6694e-24
  2042  6.2565e-24
  2044  6.2330e-24
  2045  6.2760e-24
  2046  5.9462e-24
  2049  6.2146e-24
  2052  6.3978e-24
  2053  6.5382e-24
  2056  5.8403e-24
  2057  5.6470e-24
  2058  5.0982e-24
  2061  4.8182e-24
  2063  5.1611e-24
  2066  4.5083e-24
  2067  4.6948e-24
  2069  3.8676e-24
  2072  3.2127e-24
  2075  3.0542e-24
  2076  3.0012e-24
  2078  2.4060e-24
  2079  2.1757e-24
  2080  1.9644e-24
  2082  2.0366e-24
  2085  1.9242e-24
  2086  1.8733e-24
  2087  1.5571e-24
  2088  1.4644e-24
  2091  1.4125e-24
  2093  1.3516e-24
  2096  1.4106e-24
  2099  1.4188e-24
  2102  1.2374e-24
  2105  1.1715e-24
  2108  1.0840e-24
  2111  1.0498e-24
  2114  1.1088e-24
  2116  1.0554e-24
  2118  1.0610e-24
  2121  1.1536e-24
  2123  1.0904e-24
  2124  8.9366e-25
  2126  9.2499e-25
  2127  9.6947e-25
  2129  1.0496e-24
  2132  8.8263e-25
  2135  8.5478e-25
  2136  6.9895e-25
  2137  6.5143e-25
  2139  6.6107e-25
  2142  6.5359e-25
  2145  6.5786e-25
  2148  5.4282e-25
  2149  5.9102e-25
  2150  6.1535e-25
  2152  6.6542e-25
  2155  6.9108e-25
  2158  6.0870e-25
  2161  5.8864e-25
  2164  5.7994e-25
  2167  4.9285e-25
  2170  5.0918e-25
  2173  4.5695e-25
  2176  3.6641e-25
  2179  2.9744e-25
  2181  3.2625e-25
  2182  3.3837e-25
  2183  2.9329e-25
  2184  3.0710e-25
  2185  2.5091e-25
  2186  2.5735e-25
  2187  2.5694e-25
  2189  2.2619e-25
  2191  2.1080e-25
  2193  1.9980e-25
  2195  2.1707e-25
  2198  2.2794e-25
  2201  2.4552e-25
  2204  2.2041e-25
  2207  1.8789e-25
  2208  1.6970e-25
  2210  1.6145e-25
  2213  1.4622e-25
  2216  1.5370e-25
  2217  1.4515e-25
  2219  1.3854e-25
  2221  1.1605e-25
  2222  1.2748e-25
  2223  1.1730e-25
  2224  1.2794e-25
  2225  1.2699e-25
  2228  1.2425e-25
  2231  1.0025e-25
  2234  9.4147e-26
  2237  8.5036e-26
  2238  9.3282e-26
  2239  7.8565e-26
  2241  7.8850e-26
  2244  8.5088e-26
  2245  8.6260e-26
  2247  7.3708e-26
  2248  7.3043e-26
  2249  7.3613e-26
  2250  6.8014e-26
  2253  5.6851e-26
  2255  5.8103e-26
  2258  4.9637e-26
  2260  4.8645e-26
  2261  4.7301e-26
  2262  4.5390e-26
  2265  4.9715e-26
  2268  5.2791e-26
  2270  5.2587e-26
  2271  4.4625e-26
  2274  3.8671e-26
  2277  3.7983e-26
  2278  4.0155e-26
  2281  3.9580e-26
  2284  3.5891e-26
  2287  3.9297e-26
  2288  3.8516e-26
  2289  4.1506e-26
  2291  3.9796e-26
  2293  3.8515e-26
  2294  3.9002e-26
  2296  3.3997e-26
  2297  3.2183e-26
  2300  2.6917e-26
  2301  2.8520e-26
  2302  2.4414e-26
  2304  2.1130e-26
  2306  2.2302e-26
  2309  2.2065e-26
  2312  1.9631e-26
  2315  1.9803e-26
  2318  1.8618e-26
  2319  1.7524e-26
  2320  1.7082e-26
  2321  1.7053e-26
  2324  1.3976e-26
  2325  1.3676e-26
  2328  1.1923e-26
  2330  1.0728e-26
  2332  9.8939e-27
  2335  8.4684e-27
  2338  8.0271e-27
  2339  8.4037e-27
  2340  8.5494e-27
  2341  8.0715e-27
  2342  7.1453e-27
  2344  7.4780e-27
  2346  7.5298e-27
  2349  7.9251e-27
  2351  6.4761e-27
  2354  7.0687e-27
  2355  7.4469e-27
  2358  6.2051e-27
  2360  5.1687e-27
  2361  5.6813e-27
  2362  5.4310e-27
  2363  5.4203e-27
  2365  5.6247e-27
  2368  5.2488e-27
  2371  5.6190e-27
  2372  4.5901e-27
  2373  4.1378e-27
  2374  3.9638e-27
  2375  3.8449e-27
  2378  3.2954e-27
  2380  3.2281e-27
  2382  2.7273e-27
  2384  2.4412e-27
  2387  2.1085e-27
  2389  2.0150e-27
  2390  2.0336e-27
  2391  2.1407e-27
  2394  2.2690e-27
  2397  2.3605e-27
  2399  2.0924e-27
  2402  1.7700e-27
  2403  1.5761e-27
  2406  1.6699e-27
  2408  1.6569e-27
  2411  1.7893e-27
  2412  1.6993e-27
  2413  1.4300e-27
  2416  1.2441e-27
  2417  1.0693e-27
  2418  1.1753e-27
  2420  1.2671e-27
  2422  1.0366e-27
  2424  8.4083e-28
  2426  8.6296e-28
  2429  7.2639e-28
  2432  6.6780e-28
  2435  6.1408e-28
  2436  4.9567e-28
  2439  4.6718e-28
  2441  4.2580e-28
  2443  3.7778e-28
  2444  3.9511e-28
  2446  3.1919e-28
  2448  2.9424e-28
  2450  2.4047e-28
  2453  1.9834e-28
  2455  1.7817e-28
  2457  1.4305e-28
  2458  1.3724e-28
  2461  1.2580e-28
  2464  1.1746e-28
  2467  1.0697e-28
  2468  1.1213e-28
  2470  1.2065e-28
  2471  1.1520e-28
  2472  9.3307e-29
  2475  8.8728e-29
  2476  9.2207e-29
  2477  7.4972e-29
  2478  6.8823e-29
  2480  6.1766e-29
  2482  6.4683e-29
  2484  6.3017e-29
  2485  5.9733e-29
  2488  5.2415e-29
  2491  5.6158e-29
  2494  4.6274e-29
  2495  4.8241e-29
  2496  4.4929e-29
  2498  4.6420e-29
  2501  4.0283e-29
  2503  3.9791e-29
  2504  4.2225e-29
  2507  3.9422e-29
  2509  3.4027e-29
  2512  3.0997e-29
  2515  3.4067e-29
  2516  3.4797e-29
  2518  2.9273e-29
  2519  2.8042e-29
  2522  2.7612e-29
  2523  2.4464e-29
  2526  2.1378e-29
  2529  1.8599e-29
  2530  1.7518e-29
  2531  1.5112e-29
  2532  1.5186e-29
  2534  1.4183e-29
  2535  1.5417e-29
  2537  1.2705e-29
  2538  1.3149e-29
  2539  1.1399e-29
  2541  1.1557e-29
  2544  9.7985e-30
  2545  8.7383e-30
  2548  8.2787e-30
  2551  7.5217e-30
  2554  6.7822e-30
  2555  7.1091e-30
  2556  6.0195e-30
  2559  5.4224e-30
  2561  5.3539e-30
  2563  5.0279e-30
  2564  5.0397e-30
  2566  5.0687e-30
  2568  4.4341e-30
  2571  4.1642e-30
  2574  3.8447e-30
  2576  4.2220e-30
  2578  4.1722e-30
  2579  3.8710e-30
  2582  3.5865e-30
  2585  3.2708e-30
  2587  3.2629e-30
  2589  3.1544e-30
  2592  3.3753e-30
  2593  3.4294e-30
  2594  3.0226e-30
  2595  3.0666e-30
  2597  3.0701e-30
  2599  3.1415e-30
  2601  3.1400e-30
  2604  2.8625e-30
  2606  2.4400e-30
  2607  2.3974e-30
  2610  2.6346e-30
  2613  2.5388e-30
  2614  2.1494e-30
  2617  1.8350e-30
  2620  1.7284e-30
  2621  1.5832e-30
  2623  1.6799e-30
  2624  1.5774e-30
  2626  1.4455e-30
  2627  1.4508e-30
  2630  1.2278e-30
  2631  1.1267e-30
  2634  1.0227e-30
  2637  9.2338e-31
  2639  8.3741e-31
  2640  7.0737e-31
  2641  5.7369e-31
  2643  4.7016e-31
  2644  4.0187e-31
  2645  3.2890e-31
  2647  3.1269e-31
  2649  2.6817e-31
  2650  2.7334e-31
  2653  2.5138e-31
  2655  2.2124e-31
  2657  2.1220e-31
  2659  2.1458e-31
  2661  2.1938e-31
  2663  1.9164e-31
  2666  1.6635e-31
  2669  1.3744e-31
  2671  1.1505e-31
  2674  1.2226e-31
  2677  1.2821e-31
  2678  1.1492e-31
  2681  1.0436e-31
  2682  9.6071e-32
  2683  9.3610e-32
  2685  9.3246e-32
  2688  8.0199e-32
  2690  8.8085e-32
  2693  7.8124e-32
  2694  6.2637e-32
  2696  6.2710e-32
  2699  6.3548e-32
  2700  6.4281e-32
  2702  6.6521e-32
  2704  5.8636e-32
  2705  5.1319e-32
  2707  4.7829e-32
  2709  4.4844e-32
  2710  4.6313e-32
  2711  4.5549e-32
  2713  4.5082e-32
  2715  4.5039e-32
  2717  4.2463e-32
  2719  3.9407e-32
  2721  4.1858e-32
  2724  4.5491e-32
  2726  4.6060e-32
  2729  3.7936e-32
  2731  4.1440e-32
  2732  4.2498e-32
  2733  4.6101e-32
  2734  4.2613e-32
  2736  3.9823e-32
  2737  3.7902e-32
  2740  3.5608e-32
  2743  3.1964e-32
  2746  3.4506e-32
  2749  3.4908e-32
  2750  3.7029e-32
  2753  3.5691e-32
  2754  3.5319e-32
  2756  3.6911e-32
  2757  3.6151e-32
  2760  3.6903e-32
  2762  3.2354e-32
  2763  2.6246e-32
  2766  2.6845e-32
  2768  2.6350e-32
  2771  2.2838e-32
  2772  2.3099e-32
  2774  2.1125e-32
  2775  1.7215e-32
  2777  1.4165e-32
  2780  1.3965e-32
  2781  1.1913e-32
  2782  1.1700e-32
  2785  1.2219e-32
  2788  1.2764e-32
  2789  1.1052e-32
  2792  9.5260e-33
  2795  8.5244e-33
  2797  6.8918e-33
  2800  6.8177e-33
  2801  6.1629e-33
  2803  6.5511e-33
  2804  5.6715e-33
  2806  5.5281e-33
  2807  4.8501e-33
  2809  4.4295e-33
  2810  3.8506e-33
  2811  3.8415e-33
  2814  3.1100e-33
  2817  3.0112e-33
  2818  2.4532e-33
  2820  1.9856e-33
  2821  1.9305e-33
  2824  2.0527e-33
  2826  1.7876e-33
  2828  1.5746e-33
  2831  1.6049e-33
  2834  1.3658e-33
  2836  1.4609e-33
  2838  1.5152e-33
  2841  1.5544e-33
  2842  1.7018e-33
  2844  1.7224e-33
  2846  1.4534e-33
  2849  1.4901e-33
  2851  1.2166e-33
  2854  1.2674e-33
  2855  1.1954e-33
  2857  9.9807e-34
  2860  9.8459e-34
  2862  8.0672e-34
  2863  8.4489e-34
  2864  8.9549e-34
  2865  7.6854e-34
  2868  7.7116e-34
  2869  7.2538e-34
  2870  6.6187e-34
  2872  6.4310e-34
  2874  5.7119e-34
  2877  4.8938e-34
  2879  4.4362e-34
  2882  3.9828e-34
  2883  4.2913e-34
  2884  4.4456e-34
  2885  4.4922e-34
  2886  4.8133e-34
  2888  4.7174e-34
  2890  4.8697e-34
  2892  4.3999e-34
  2894  3.6781e-34
  2896  3.4967e-34
  2898  3.5552e-34
  2900  3.8771e-34
  2902  3.6177e-34
  2903  3.6131e-34
  2906  3.4500e-34
  2909  3.6909e-34
  2912  3.4596e-34
  2915  3.3160e-34
  2917  2.9944e-34
  2918  2.8133e-34
  2919  2.7666e-34
  2921  2.5286e-34
  2924  2.7198e-34
  2926  2.6464e-34
  2928  2.1192e-34
  2929  2.3086e-34
  2930  2.2647e-34
  2931  2.3948e-34
  2934  2.1487e-34
  2937  1.7968e-34
  2939  1.5816e-34
  2940  1.4194e-34
  2943  1.3761e-34
  2946  1.3726e-34
  2949  1.4578e-34
  2950  1.2762e-34
  2951  1.0657e-34
  2954  8.6259e-35
  2956  8.4941e-35
  2958  8.5347e-35
  2959  6.9867e-35
  2961  5.8698e-35
  2962  5.4196e-35
  2964  5.4667e-35
  2967  5.5652e-35
  2968  5.9445e-35
  2971  6.1337e-35
  2974  5.9474e-35
  2977  4.8428e-35
  2979  4.9160e-35
  2982  5.1469e-35
  2985  4.2098e-35
  2986  3.9370e-35
  2989  3.4887e-35
  2991  3.4545e-35
  2994  3.1394e-35
  2996  2.9383e-35
  2998  3.1118e-35
  3001  3.1219e-35
  3003  3.1964e-35
  3004  2.7078e-35
  3007  2.6835e-35
  3009  2.2649e-35
  3011  1.8745e-35
  3014  1.8742e-35
  3016  1.8942e-35
  3018  1.8323e-35
  3020  1.7635e-35
  3022  1.5624e-35
  3024  1.7036e-35
  3027  1.3687e-35
  3028  1.3996e-35
  3031  1.4848e-35
  3034  1.4877e-35
  3035  1.4425e-35
  3036  1.2542e-35
  3037  1.1505e-35
  3039  9.9454e-36
  3041  9.4072e-36
  3043  8.0170e-36
  3044  7.6298e-36
  3047  7.6281e-36
  3048  6.8086e-36
  3051  6.2447e-36
  3053  6.7480e-36
  3056  6.5226e-36
  3057  6.3874e-36
  3059  5.1356e-36
  3062  5.3230e-36
  3065  5.4414e-36
  3068  5.9382e-36
  3069  5.3631e-36
  3070  4.8335e-36
  3072  4.0995e-36
  3075  4.1148e-36
  3078  4.1410e-36
  3081  4.3147e-36
  3083  3.5648e-36
  3085  3.5582e-36
  3087  2.9740e-36
  3089  2.7476e-36
  3091  2.6626e-36
  3092  2.8671e-36
  3094  2.6831e-36
  3095  2.3120e-36
  3097  2.2546e-36
  3100  2.2813e-36
  3101  2.3150e-36
  3102  1.9387e-36
  3105  2.0717e-36
  3107  1.8245e-36
  3110  1.4915e-36
  3112  1.4536e-36
  3115  1.5154e-36
  3116  1.3787e-36
  3117  1.2801e-36
  3118  1.3966e-36
  3121  1.2272e-36
  3124  1.2629e-36
  3127  1.3147e-36
  3130  1.2349e-36
  3132  1.0143e-36
  3134  8.9201e-37
  3137  7.2974e-37
  3139  6.1486e-37
  3142  6.1889e-37
  3145  5.7849e-37
  3148  4.7221e-37
  3150  4.6024e-37
  3152  3.9530e-37
  3153  3.5681e-37
  3154  3.4694e-37
  3157  3.8046e-37
  3158  3.6122e-37
  3161  3.7279e-37
  3162  3.6358e-37
  3165  2.9511e-37
  3167  2.7871e-37
  3170  2.6490e-37
  3171  2.1462e-37
  3173  2.3428e-37
  3174  2.0992e-37
  3176  1.7770e-37
  3177  1.6142e-37
  3178  1.6191e-37
  3181  1.5013e-37
  3182  1.4960e-37
  3183  1.3933e-37
  3185  1.4674e-37
  3187  1.4173e-37
  3190  1.4166e-37
  3193  1.3500e-37
  3195  1.4061e-37
  3197  1.4630e-37
  3199  1.2055e-37
  3201  1.2618e-37
  3203  1.3175e-37
  3205  1.1207e-37
  3206  1.1144e-37
  3208  9.9796e-38
  3211  9.0230e-38
  3212  8.5494e-38
  3215  8.2864e-38
  3217  7.8666e-38
  3218  7.6522e-38
  3221  7.9959e-38
  3222  6.5232e-38
  3224  5.5990e-38
  3226  5.6167e-38
  3227  5.5027e-38
  3229  5.0882e-38
  3230  4.8332e-38
  3232  4.9704e-38
  3234  5.4312e-38
  3236  5.4891e-38
  3237  5.5078e-38
  3240  5.5213e-38
  3242  5.3417e-38
  3244  4.7540e-38
  3247  5.1688e-38
  3248  5.4354e-38
  3250  4.5871e-38
  3251  4.6122e-38
  3252  4.2498e-38
  3255  4.0069e-38
  3257  4.3598e-38
  3258  4.4432e-38
  3260  4.3157e-38
  3262  4.4833e-38
  3264  4.5748e-38
  3265  4.1815e-38
  3266  4.1155e-38
  3267  3.6024e-38
  3268  3.2459e-38
  3270  3.2966e-38
  3273  3.0391e-38
  3276  3.2029e-38
  3277  3.1423e-38
  3280  2.8263e-38
  3282  2.6575e-38
  3284  2.8122e-38
  3285  3.0199e-38
  3287  2.5059e-38
  3288  2.1778e-38
  3289  2.1870e-38
  3290  2.2113e-38
  3292  2.2947e-38
  3295  2.4259e-38
  3297  2.1489e-38
  3300  1.9377e-38
  3301  1.8140e-38
  3302  1.8476e-38
  3305  1.8819e-38
  3308  1.7560e-38
  3310  1.8388e-38
  3311  1.9593e-38
  3313  2.1512e-38
  3316  2.2032e-38
  3319  2.0568e-38
  3322  1.7772e-38
  3324  1.6231e-38
  3325  1.7158e-38
  3327  1.4460e-38
  3329  1.3837e-38
  3330  1.2112e-38
  3333  1.1084e-38
  3335  1.2181e-38
  3336  1.0250e-38
  3339  8.4156e-39
  3342  8.8109e-39
  3344  8.5521e-39
  3346  9.1189e-39
  3349  9.4132e-39
  3350  9.5045e-39
  3352  1.0047e-38
  3354  9.1122e-39
  3357  7.7723e-39
  3358  6.8801e-39
  3359  5.8348e-39
  3362  6.3035e-39
  3363  6.8064e-39
  3366  7.0244e-39
  3368  6.7658e-39
  3369  6.6078e-39
  3370  6.4376e-39
  3372  5.7787e-39
  3375  5.1522e-39
  3377  4.8374e-39
  3378  4.7722e-39
  3381  3.8538e-39
  3383  3.2209e-39
  3385  2.6728e-39
  3386  2.6589e-39
  3388  2.3297e-39
  3389  2.2464e-39
  3391  2.1378e-39
  3392  1.8452e-39
  3394  1.9631e-39
  3397  1.9500e-39
  3398  1.6119e-39
  3400  1.5176e-39
  3402  1.6143e-39
  3405  1.5229e-39
  3407  1.5705e-39
  3408  1.3844e-39
  3410  1.5227e-39
  3411  1.5318e-39
  3414  1.5578e-39
  3416  1.6079e-39
  3418  1.5423e-39
  3419  1.6265e-39
  3420  1.5774e-39
  3422  1.5689e-39
  3423  1.6458e-39
  3424  1.7230e-39
  3426  1.5236e-39
  3429  1.2896e-39
  3432  1.0574e-39
  3433  1.1467e-39
  3434  1.1623e-39
  3436  1.1210e-39
  3437  1.0678e-39
  3440  1.1158e-39
  3443  1.2155e-39
  3444  1.0194e-39
  3446  1.0925e-39
  3449  9.5539e-40
  3452  8.0065e-40
  3455  8.3059e-40
  3458  6.8783e-40
  3460  6.6421e-40
  3463  6.0706e-40
  3465  5.6197e-40
  3466  5.4840e-40
  3468  5.1460e-40
  3471  4.3208e-40
  3473  4.0343e-40
  3476  4.2397e-40
  3477  4.2293e-40
  3478  4.1189e-40
  3479  3.7515e-40
  3481  3.1522e-40
  3484  2.7824e-40
  3487  3.0141e-40
  3489  2.6634e-40
  3491  2.1354e-40
  3492  2.2782e-40
  3495  2.0217e-40
  3498  1.9352e-40
  3500  1.7353e-40
  3503  1.6635e-40
  3505  1.4769e-40
  3508  1.2653e-40
  3509  1.2344e-40
  3511  1.3145e-40
  3512  1.0673e-40
  3514  1.1603e-40
  3515  1.0595e-40
  3518  9.6536e-41
  3520  1.0548e-40
  3521  1.0690e-40
  3523  1.0296e-40
  3525  1.0613e-40
  3527  9.5455e-41
  3530  1.0029e-40
  3532  8.9219e-41
  3534  8.4633e-41
  3536  7.0220e-41
  3539  7.6001e-41
  3542  8.1413e-41
  3543  8.4795e-41
  3544  8.3619e-41
  3547  8.1571e-41
  3548  8.7753e-41
  3551  8.9648e-41
  3554  7.9876e-41
  3556  7.1642e-41
  3557  7.5328e-41
  3558  7.6094e-41
  3559  6.7172e-41
  3560  5.4137e-41
  3563  4.9869e-41
  3565  4.3269e-41
  3567  4.1576e-41
  3569  3.4758e-41
  3571  3.0935e-41
  3572  3.1957e-41
  3575  3.4216e-41
  3577  3.1703e-41
  3578  3.1116e-41
  3581  3.1095e-41
  3584  3.2710e-41
  3587  2.7951e-41
  3590  2.9383e-41
  3591  2.9277e-41
  3593  2.7927e-41
  3595  2.5697e-41
  3596  2.2235e-41
  3597  1.9833e-41
  3598  2.0562e-41
  3601  1.8329e-41
  3604  1.5837e-41
  3607  1.2809e-41
  3608  1.2356e-41
  3610  1.1188e-41
  3611  1.1793e-41
  3613  1.2468e-41
  3616  1.3412e-41
  3617  1.4525e-41
  3619  1.3867e-41
  3622  1.1293e-41
  3625  1.2411e-41
  3626  1.0317e-41
  3628  9.6542e-42
  3630  9.6859e-42
  3631  8.5119e-42
  3633  8.9372e-42
  3635  8.8350e-42
  3637  8.0555e-42
  3640  7.1865e-42
  3641  7.6333e-42
  3642  6.4897e-42
  3645  6.4628e-42
  3646  5.5285e-42
  3647  5.7475e-42
  3649  5.8912e-42
  3650  4.9146e-42
  3652  4.5160e-42
  3654  3.7192e-42
  3656  3.9394e-42
  3657  4.0936e-42
  3660  3.9992e-42
  3662  3.4105e-42
  3664  3.3590e-42
  3667  2.7902e-42
  3670  3.0552e-42
  3671  3.3320e-42
  3674  3.2933e-42
  3677  2.9592e-42
  3678  2.8495e-42
  3679  2.9658e-42
  3682  3.0087e-42
  3683  2.8489e-42
  3684  2.8235e-42
  3687  2.3615e-42
  3690  2.3826e-42
  3692  1.9471e-42
  3694  1.5767e-42
  3696  1.5667e-42
  3698  1.5244e-42
  3699  1.3591e-42
  3702  1.3285e-42
  3705  1.4293e-42
  3707  1.5103e-42
  3709  1.3647e-42
  3711  1.1550e-42
  3714  1.1100e-42
  3715  9.7945e-43
  3718  8.6294e-43
  3719  7.7682e-43
  3722  7.0603e-43
  3724  6.2247e-43
  3725  5.0618e-43
  3727  4.7576e-43
  3728  5.1172e-43
  3729  4.7371e-43
  3732  4.1837e-43
  3735  3.6008e-43
  3737  3.3644e-43
  3740  2.8460e-43
  3742  2.4976e-43
  3743  2.3899e-43
  3744  2.1433e-43
  3746  2.0961e-43
  3749  2.0274e-43
  3752  1.8992e-43
  3753  1.8298e-43
  3756  1.5220e-43
  3757  1.6693e-43
  3758  1.4531e-43
  3760  1.2330e-43
  3763  1.3179e-43
  3764  1.1094e-43
  3765  9.0039e-44
  3768  9.5954e-44
  3769  8.6729e-44
  3772  7.7892e-44
  3774  7.5828e-44
  3775  6.9156e-44
  3777  7.1857e-44
  3780  5.8795e-44
  3782  5.7984e-44
  3785  5.3721e-44
  3787  5.8186e-44
  3790  5.5432e-44
  3793  5.6994e-44
  3796  5.9865e-44
  3798  5.3706e-44
  3799  5.8805e-44
  3801  5.7902e-44
  3803  4.7038e-44
  3805  4.6715e-44
  3808  5.1280e-44
  3811  4.6571e-44
  3812  4.4379e-44
  3815  3.5632e-44
  3817  3.0798e-44
  3819  3.3226e-44
  3820  3.4294e-44
  3822  3.4235e-44
  3823  3.7084e-44
  3826  3.9289e-44
  3828  4.0672e-44
  3830  4.0425e-44
  3831  3.3901e-44
  3833  2.7270e-44
  3834  2.3848e-44
  3835  2.4885e-44
  3837  2.6804e-44
  3838  2.9324e-44
  3840  2.4653e-44
  3841  2.6990e-44
  3843  2.3965e-44
  3844  1.9737e-44
  3845  1.6408e-44
  3847  1.7800e-44
  3850  1.7721e-44
  3852  1.5939e-44
  3854  1.3348e-44
  3855  1.2132e-44
  3858  1.2955e-44
  3861  1.2763e-44
  3863  1.0900e-44
  3864  9.7202e-45
  3867  1.0593e-44
  3868  8.9345e-45
  3871  9.5241e-45
  3874  8.4019e-45
  3876  7.2811e-45
  3877  6.1764e-45
  3879  5.0022e-45
  3881  4.7722e-45
  3882  4.1516e-45
  3883  3.8177e-45
  3886  3.7001e-45
  3887  3.1800e-45
  3890  3.2963e-45
  3891  2.6389e-45
  3893  2.8413e-45
  3895  2.9640e-45
  3896  3.2178e-45
  3897  2.6991e-45
  3899  2.4346e-45
  3900  2.3527e-45
  3903  2.5767e-45
  3906  2.8169e-45
  3908  2.2801e-45
  3911  2.4986e-45
  3913  2.3443e-45
  3914  2.5175e-45
  3917  2.6529e-45
  3920  2.4564e-45
  3923  2.3120e-45
  3926  1.9441e-45
  3929  2.0139e-45
  3932  1.6391e-45
  3934  1.7238e-45
  3936  1.6198e-45
  3939  1.6208e-45
  3941  1.5346e-45
  3944  1.5432e-45
  3945  1.6879e-45
  3946  1.5226e-45
  3947  1.6098e-45
  3950  1.7598e-45
  3953  1.5739e-45
  3956  1.4097e-45
  3958  1.3866e-45
  3960  1.3821e-45
  3962  1.1607e-45
  3965  1.1629e-45
  3966  1.0397e-45
  3967  9.6428e-46
  3968  8.9811e-46
  3970  9.2027e-46
  3971  8.2115e-46
  3974  7.2640e-46
  3976  6.2905e-46
  3978  5.7813e-46
  3980  6.2541e-46
  3983  5.9110e-46
  3986  6.2320e-46
  3988  5.4835e-46
  3990  5.7962e-46
  3993  5.7292e-46
  3995  5.5016e-46
  3996  4.8538e-46
  3999  4.8259e-46
  4002  5.2191e-46
  4005  4.4309e-46
  4006  4.5281e-46
  4007  4.7781e-46
  4010  4.1391e-46
  4012  4.0616e-46
  4013  3.4677e-46
  4015  3.5348e-46
  4018  3.8430e-46
  4021  4.1850e-46
  4024  3.9000e-46
  4027  3.4908e-46
  4028  3.2124e-46
  4030  3.4415e-46
  4031  3.3404e-46
  4032  3.0606e-46
  4035  2.6042e-46
  4038  2.1938e-46
  4039  1.9330e-46
  4041  2.0562e-46
  4044  1.8275e-46
  4046  1.7276e-46
  4048  1.4620e-46
  4050  1.4397e-46
  4052  1.3175e-46
  4053  1.3313e-46
  4056  1.0843e-46
  4059  9.0624e-47
  4060  9.8597e-47
  4061  9.6997e-47
  4064  9.9356e-47
  4066  1.0347e-46
  4068  9.2180e-47
  4070  9.1093e-47
  4073  9.1389e-47
  4074  7.9981e-47
  4077  6.6998e-47
  4079  6.0167e-47
  4080  6.2772e-47
  4082  5.2406e-47
  4085  4.4633e-47
  4087  4.7341e-47
  4088  4.5217e-47
  4089  4.1124e-47
  4092  4.2342e-47
  4094  4.0569e-47
  4097  4.3332e-47
  4099  4.1823e-47
  4101  4.5715e-47
  4104  5.0140e-47
  4105  4.1638e-47
  4107  3.3452e-47
  4108  3.0185e-47
  4111  2.4923e-47
  4114  2.3756e-47
  4115  2.3520e-47
  4118  2.3553e-47
  4120  2.0027e-47
  4122  1.7177e-47
  4123  1.4586e-47
  4125  1.2333e-47
  4126  1.0011e-47
  4129  8.3235e-48
  4130  8.8783e-48
  4131  8.9169e-48
  4133  9.6644e-48
  4136  9.9065e-48
  4139  8.1719e-48
  4141  6.9714e-48
  4142  6.2069e-48
  4143  6.0430e-48
  4144  5.6556e-48
  4145  5.5176e-48
  4147  5.2952e-48
  4148  5.0642e-48
  4149  4.6654e-48
  4151  3.9052e-48
  4154  3.6466e-48
  4157  3.7176e-48
  4160  3.8277e-48
  4163  3.8319e-48
  4164  3.7633e-48
  4166  3.9309e-48
  4168  3.1632e-48
  4169  3.3669e-48
  4170  3.1460e-48
  4173  3.4500e-48
  4175  2.8405e-48
  4176  2.4316e-48
  4179  2.5534e-48
  4180  2.3776e-48
  4183  2.5188e-48
  4185  2.5960e-48
  4188  2.7545e-48
  4190  2.6161e-48
  4192  2.2403e-48
  4195  2.0356e-48
  4196  1.9145e-48
  4198  1.5620e-48
  4199  1.2612e-48
  4200  1.0297e-48
  4201  1.0566e-48
  4203  9.3660e-49
  4204  8.8954e-49
  4207  7.6943e-49
  4209  7.8687e-49
  4212  8.6405e-49
  4214  7.0076e-49
  4217  6.3315e-49
  4218  5.5258e-49
  4221  5.1817e-49
  4222  4.3243e-49
  4223  3.6975e-49
  4224  3.6222e-49
  4227  3.0027e-49
  4228  2.4177e-49
  4231  2.5705e-49
  4232  2.3793e-49
  4234  2.5289e-49
  4235  2.3783e-49
  4237  2.1111e-49
  4238  1.8755e-49
  4241  2.0189e-49
  4243  2.0019e-49
  4244  2.0432e-49
  4247  1.8049e-49
  4250  1.7399e-49
  4252  1.7954e-49
  4253  1.7107e-49
  4254  1.4756e-49
  4256  1.3768e-49
  4259  1.4999e-49
  4261  1.2701e-49
  4263  1.1913e-49
  4264  1.2689e-49
  4266  1.1303e-49
  4269  9.5663e-50
  4271  8.1818e-50
  4274  7.2361e-50
  4277  7.6310e-50
  4280  8.0417e-50
  4281  8.4143e-50
  4282  8.9257e-50
  4285  7.7126e-50
  4288  7.6715e-50
  4289  8.0759e-50
  4292  8.5389e-50
  4294  8.2673e-50
  4297  8.1525e-50
  4298  7.5025e-50
  4300  6.0699e-50
  4302  5.4586e-50
  4305  4.9792e-50
  4306  5.0043e-50
  4308  4.8721e-50
  4309  4.7155e-50
  4310  5.1540e-50
  4312  5.1057e-50
  4315  4.3675e-50
  4316  4.0927e-50
  4319  4.2481e-50
  4322  4.5413e-50
  4325  3.8803e-50
  4326  4.2580e-50
  4328  3.8484e-50
  4329  3.3611e-50
  4332  3.2708e-50
  4335  2.7861e-50
  4336  2.7788e-50
  4339  2.3055e-50
  4341  2.4795e-50
  4344  2.1843e-50
  4347  2.0592e-50
  4350  1.8663e-50
  4352  1.9552e-50
  4355  2.0482e-50
  4357  2.1962e-50
  4358  1.7673e-50
  4361  1.5044e-50
  4364  1.3570e-50
  4365  1.1629e-50
  4366  9.5178e-51
  4369  8.4968e-51
  4371  6.8416e-51
  4372  6.4253e-51
  4373  6.1286e-51
  4374  5.7622e-51
  4377  6.2441e-51
  4380  5.1847e-51
  4381  4.4786e-51
  4383  3.9779e-51
  4385  3.2256e-51
  4386  3.2087e-51
  4387  3.2277e-51
  4389  3.5442e-51
  4392  3.4777e-51
  4393  3.6350e-51
  4394  3.0596e-51
  4397  3.0237e-51
  4399  2.5907e-51
  4402  2.3718e-51
  4403  2.1635e-51
  4404  2.3400e-51
  4405  1.9471e-51
  4408  2.0667e-51
  4411  2.1855e-51
  4412  2.2252e-51
  4415  1.8472e-51
  4416  1.5168e-51
  4419  1.3649e-51
  4422  1.1230e-51
  4425  9.7380e-52
  4426  8.6955e-52
  4427  9.1148e-52
  4430  8.1707e-52
  4432  6.6972e-52
  4434  6.6516e-52
  4435  7.1217e-52
  4438  7.8280e-52
  4439  6.4870e-52
  4441  6.1182e-52
  4442  4.9222e-52
  4445  4.7173e-52
  4448  3.8307e-52
  4450  3.4596e-52
  4452  3.3686e-52
  4454  2.8701e-52
  4456  2.3655e-52
  4457  2.4796e-52
  4458  2.0579e-52
  4461  1.8670e-52
  4462  1.6446e-52
  4465  1.6896e-52
  4466  1.7899e-52
  4469  1.8099e-52
  4471  1.5234e-52
  4473  1.5718e-52
  4476  1.3958e-52
  4478  1.3050e-52
  4479  1.1144e-52
  4482  9.8783e-53
  4483  8.3455e-53
  4484  6.9994e-53
  4485  7.1113e-53
  4487  7.0384e-53
  4488  7.1871e-53
  4491  6.6037e-53
  4493  7.2343e-53
  4496  6.6370e-53
  4497  5.6107e-53
  4500  5.0856e-53
  4502  4.5524e-53
  4503  3.9467e-53
  4505  3.8071e-53
  4506  3.6936e-53
  4509  3.4019e-53
  4512  3.3968e-53
  4513  2.8253e-53
  4515  2.8490e-53
  4516  2.9485e-53
  4517  2.9335e-53
  4520  3.1983e-53
  4523  3.1929e-53
  4524  3.2714e-53
  4527  2.6424e-53
  4528  2.6823e-53
  4531  2.7669e-53
  4533  2.2978e-53
  4536  2.1193e-53
  4537  2.0569e-53
  4539  1.8159e-53
  4540  1.5907e-53
  4541  1.4008e-53
  4543  1.5240e-53
  4544  1.5474e-53
  4547  1.6954e-53
  4550  1.7554e-53
  4552  1.7847e-53
  4554  1.4304e-53
  4556  1.1847e-53
  4557  1.0166e-53
  4559  8.3401e-54
  4561  8.4396e-54
  4564  9.0751e-54
  4565  9.1765e-54
  4566  9.2710e-54
  4568  8.9618e-54
  4571  9.2172e-54
  4574  8.6509e-54
  4577  8.9462e-54
  4578  8.6845e-54
  4579  8.5026e-54
  4582  7.2030e-54
  4585  7.7336e-54
  4588  7.7463e-54
  4589  7.8238e-54
  4591  8.1743e-54
  4594  6.8004e-54
  4597  6.6166e-54
  4599  6.2318e-54
  4602  5.6912e-54
  4605  6.2379e-54
  4606  6.6033e-54
  4607  6.8917e-54
  4608  7.2629e-54
  4611  7.7727e-54
  4614  6.2204e-54
  4615  5.0010e-54
  4617  5.0445e-54
  4619  4.8185e-54
  4621  4.1620e-54
  4624  4.0446e-54
  4627  4.1124e-54
  4630  3.4430e-54
  4633  3.4824e-54
  4635  3.5173e-54
  4637  3.1447e-54
  4639  2.6785e-54
  4641  2.7071e-54
  4643  2.8789e-54
  4646  2.5776e-54
  4647  2.1143e-54
  4648  2.0982e-54
  4651  2.0671e-54
  4654  2.0419e-54
  4656  1.6636e-54
  4658  1.7390e-54
  4660  1.8821e-54
  4661  1.8286e-54
  4663  1.5062e-54
  4665  1.2350e-54
  4668  1.0312e-54
  4670  8.3286e-55
  4671  8.3308e-55
  4672  9.0850e-55
  4675  9.7976e-55
  4678  8.6822e-55
  4680  9.4883e-55
  4681  1.0427e-54
  4683  1.0669e-54
  4685  1.0697e-54
  4688  1.0373e-54
  4689  9.1922e-55
  4690  9.3290e-55
  4691  8.5425e-55
  4693  7.3790e-55
  4694  7.1399e-55
  4697  6.0882e-55
  4700  6.2298e-55
  4703  6.7405e-55
  4705  6.2153e-55
  4708  5.1038e-55
  4709  4.4682e-55
  4710  4.5336e-55
  4712  4.0155e-55
  4715  3.3575e-55
  4716  3.6084e-55
  4719  3.8929e-55
  4720  4.2422e-55
  4723  3.8766e-55
  4726  3.5952e-55
  4728  3.2862e-55
  4731  3.4087e-55
  4734  3.7082e-55
  4736  3.8260e-55
  4738  3.4250e-55
  4741  2.8363e-55
  4743  2.9840e-55
  4745  2.7461e-55
  4747  2.5253e-55
  4750  2.4082e-55
  4752  2.0227e-55
  4753  1.8654e-55
  4756  1.5959e-55
  4759  1.5578e-55
  4762  1.5850e-55
  4765  1.3219e-55
  4768  1.0755e-55
  4769  1.0199e-55
  4771  1.1071e-55
  4774  9.1869e-56
  4776  9.8215e-56
  4779  9.6984e-56
  4780  8.3042e-56
  4783  7.8437e-56
  4785  8.3579e-56
  4786  7.9243e-56
  4788  6.8390e-56
  4791  5.9444e-56
  4792  6.2514e-56
  4795  5.2398e-56
  4797  5.0612e-56
  4798  4.3332e-56
  4801  3.6928e-56
  4803  3.9739e-56
  4805  3.2926e-56
  4808  3.4808e-56
  4809  3.7466e-56
  4810  3.3596e-56
  4813  3.3903e-56
  4816  3.5213e-56
  4819  3.1144e-56
  4821  3.3678e-56
  4823  3.2428e-56
  4826  3.3096e-56
  4828  3.6186e-56
  4829  3.5832e-56
  4831  3.3029e-56
  4833  3.6033e-56
  4836  3.8343e-56
  4839  3.7461e-56
  4841  3.9970e-56
  4842  4.2068e-56
  4843  3.7891e-56
  4846  3.4591e-56
  4849  3.0454e-56
  4850  2.7535e-56
  4851  2.2562e-56
  4853  2.0683e-56
  4856  2.1225e-56
  4858  1.8960e-56
  4861  1.7915e-56
  4863  1.4454e-56
  4866  1.4615e-56
  4868  1.2030e-56
  4869  1.2582e-56
  4872  1.2282e-56
  4875  1.0089e-56
  4878  9.2045e-57
  4881  9.3322e-57
  4882  7.7546e-57
  4883  8.2402e-57
  4886  7.0898e-57
  4889  7.7408e-57
  4892  8.2077e-57
  4894  8.4301e-57
  4895  8.6716e-57
  4897  9.5216e-57
  4899  7.9543e-57
  4900  8.0421e-57
  4903  8.5416e-57
  4906  8.1331e-57
  4908  8.3548e-57
  4911  7.9194e-57
  4912  8.6695e-57
  4913  7.8069e-57
  4915  8.3361e-57
  4918  7.6788e-57
  4920  8.0173e-57
  4923  7.5871e-57
  4926  6.3353e-57
  4927  6.2578e-57
  4929  5.3553e-57
  4931  4.6931e-57
  4934  4.6910e-57
  4936  4.3099e-57
  4939  3.5026e-57
  4942  3.2210e-57
  4944  2.8069e-57
  4945  2.7720e-57
  4946  2.5946e-57
  4947  2.3279e-57
  4948  2.5209e-57
  4950  2.4501e-57
  4953  2.1070e-57
  4954  1.8108e-57
  4957  1.5061e-57
  4960  1.4409e-57
  4963  1.3466e-57
  4966  1.3121e-57
  4969  1.1155e-57
  4972  1.1069e-57
  4973  1.1862e-57
  4974  1.1907e-57
  4976  1.2887e-57
  4979  1.0868e-57
  4980  1.1344e-57
  4983  1.0018e-57
  4985  9.7106e-58
  4988  1.0322e-57
  4991  8.5815e-58
  4993  7.2396e-58
  4996  6.8336e-58
  4998  5.7911e-58
  5001  5.5159e-58
  5004  4.7620e-58
  5007  3.9018e-58
  5008  4.2262e-58
  5010  3.7721e-58
  5011  3.1481e-58
  5013  2.6223e-58
  5015  2.7453e-58
  5017  2.8822e-58
  5018  3.1502e-58
  5021  3.0755e-58
  5024  2.8877e-58
  5026  2.9176e-58
  5028  2.8990e-58
  5031  2.5923e-58
  5034  2.6275e-58
  5036  2.6503e-58
  5037  2.4090e-58
  5039  2.0631e-58
  5041  1.7697e-58
  5043  1.8387e-58
  5045  1.5288e-58
  5047  1.3196e-58
  5050  1.2876e-58
  5053  1.1056e-58
  5056  1.0001e-58
  5058  9.7282e-59
  5059  8.8850e-59
  5060  7.2245e-59
  5061  6.0893e-59
  5063  6.3819e-59
  5064  5.8917e-59
  5067  4.9413e-59
  5069  4.1841e-59
  5071  3.6260e-59
  5074  2.9522e-59
  5077  2.7098e-59
  5080  2.7358e-59
  5082  2.7840e-59
  5084  2.4409e-59
  5086  2.0565e-59
  5089  1.7689e-59
  5090  1.8512e-59
  5092  1.6366e-59
  5094  1.3887e-59
  5095  1.4780e-59
  5098  1.4795e-59
  5099  1.4107e-59
  5102  1.2209e-59
  5104  1.2945e-59
  5105  1.3765e-59
  5107  1.3559e-59
  5110  1.1192e-59
  5111  1.1887e-59
  5112  1.0177e-59
  5113  1.0656e-59
  5114  9.4675e-60
  5115  8.2188e-60
  5116  7.3446e-60
  5118  7.9586e-60
  5121  7.6590e-60
  5124  8.0336e-60
  5126  8.2177e-60
  5128  8.1448e-60
  5129  7.9890e-60
  5130  6.5485e-60
  5132  6.2370e-60
  5135  5.7737e-60
  5137  5.8558e-60
  5138  5.6009e-60
  5140  5.7529e-60
  5143  4.9453e-60
  5144  4.6875e-60
  5147  4.1938e-60
  5149  3.9597e-60
  5152  3.5212e-60
  5155  3.6651e-60
  5158  3.0924e-60
  5161  2.5488e-60
  5163  2.1283e-60
  5166  2.0650e-60
  5168  2.0514e-60
  5171  1.8186e-60
  5172  1.4676e-60
  5173  1.3594e-60
  5175  1.3141e-60
  5177  1.0679e-60
  5178  1.0311e-60
  5179  1.0345e-60
  5180  1.0436e-60
  5181  8.7590e-61
  5182  7.1012e-61
  5184  7.3674e-61
  5187  6.8278e-61
  5190  5.9565e-61
  5192  4.9445e-61
  5194  4.5128e-61
  5197  4.0027e-61
  5200  3.9153e-61
  5203  3.8972e-61
  5206  3.2020e-61
  5209  3.4895e-61
  5210  3.2835e-61
  5211  2.6747e-61
  5212  2.5571e-61
  5214  2.7350e-61
  5217  2.2724e-61
  5218  1.9394e-61
  5221  1.8875e-61
  5223  1.9372e-61
  5226  1.5526e-61
  5229  1.4524e-61
  5231  1.3189e-61
  5232  1.0624e-61
  5233  8.6394e-62
  5236  7.5049e-62
  5239  7.2439e-62
  5242  7.8940e-62
  5245  6.6734e-62
  5247  5.3609e-62
  5248  4.6663e-62
  5251  3.8680e-62
  5253  3.6700e-62
  5255  3.8372e-62
  5257  3.8544e-62
  5260  3.9907e-62
  5262  4.3183e-62
  5263  4.0180e-62
  5264  3.2336e-62
  5265  2.7038e-62
  5267  2.3258e-62
  5270  2.2285e-62
  5271  2.2124e-62
  5273  1.9703e-62
  5275  1.7854e-62
  5277  1.5830e-62
  5280  1.3417e-62
  5283  1.1738e-62
  5285  1.1625e-62
  5287  1.1697e-62
  5288  1.0672e-62
  5290  8.6554e-63
  5292  8.6812e-63
  5293  9.4910e-63
  5296  9.9706e-63
  5299  9.2058e-63
  5302  8.4820e-63
  5304  7.4968e-63
  5307  7.0330e-63
  5310  7.6352e-63
  5311  7.1182e-63
  5313  6.9178e-63
  5316  6.8256e-63
  5317  6.6885e-63
  5319  6.1263e-63
  5321  6.5547e-63
  5322  6.8665e-63
  5324  6.8140e-63
  5326  6.2619e-63
  5328  5.4813e-63
  5330  4.4223e-63
  5333  4.7396e-63
  5335  4.7817e-63
  5337  4.5126e-63
  5340  3.8908e-63
  5341  3.8898e-63
  5343  3.1614e-63
  5346  2.6362e-63
  5347  2.3535e-63
  5349  2.1672e-63
  5350  2.0283e-63
  5351  1.8246e-63
  5353  1.8569e-63
  5356  1.6363e-63
  5357  1.6974e-63
  5360  1.5473e-63
  5361  1.3971e-63
  5363  1.4179e-63
  5365  1.5429e-63
  5367  1.6232e-63
  5370  1.3256e-63
  5372  1.1654e-63
  5375  1.2179e-63
  5376  1.2274e-63
  5379  1.2494e-63
  5380  1.2854e-63
  5381  1.2462e-63
  5382  9.9864e-64
  5385  1.0630e-63
  5386  1.1368e-63
  5389  1.1704e-63
  5392  1.0225e-63
  5393  8.4793e-64
  5394  6.8736e-64
  5397  5.5858e-64
  5400  5.3162e-64
  5403  5.8470e-64
  5405  4.9592e-64
  5407  4.0415e-64
  5409  3.9464e-64
  5410  4.1608e-64
  5413  3.9287e-64
  5416  4.1904e-64
  5419  3.4808e-64
  5422  3.5639e-64
  5423  3.6236e-64
  5426  3.6516e-64
  5429  3.4375e-64
  5432  2.9224e-64
  5434  2.9986e-64
  5435  2.8996e-64
  5436  2.3615e-64
  5439  2.2741e-64
  5440  2.1469e-64
  5441  2.2336e-64
  5442  2.2617e-64
  5444  2.1144e-64
  5445  2.0368e-64
  5447  2.0881e-64
  5450  1.8213e-64
  5453  1.7533e-64
  5456  1.4704e-64
  5458  1.2834e-64
  5460  1.0395e-64
  5462  1.1375e-64
  5465  1.0837e-64
  5468  1.1102e-64
  5471  1.1594e-64
  5473  1.1784e-64
  5476  1.2560e-64
  5477  1.3343e-64
  5480  1.1648e-64
  5481  1.0901e-64
  5482  1.0407e-64
  5483  1.0841e-64
  5486  1.0304e-64
  5489  9.8900e-65
  5491  9.3435e-65
  5494  9.2044e-65
  5497  9.5685e-65
  5499  7.8049e-65
  5501  7.5179e-65
  5504  6.3062e-65
  5505  5.7743e-65
  5506  5.2772e-65
  5508  4.2881e-65
  5511  4.1391e-65
  5513  3.9187e-65
  5515  3.4061e-65
  5518  3.1806e-65
  5520  3.4134e-65
  5523  2.9694e-65
  5526  2.6556e-65
  5528  2.4721e-65
  5529  2.0245e-65
  5530  1.9575e-65
  5533  1.6853e-65
  5535  1.7296e-65
  5538  1.5343e-65
  5541  1.6018e-65
  5543  1.4691e-65
  5544  1.1807e-65
  5546  1.1381e-65
  5549  1.0533e-65
  5552  1.0257e-65
  5555  9.9260e-66
  5558  9.0328e-66
  5559  9.4887e-66
  5560  8.6002e-66
  5562  9.0472e-66
  5564  7.3637e-66
  5566  7.0007e-66
  5569  7.4967e-66
  5570  7.2700e-66
  5571  5.8439e-66
  5572  6.2984e-66
  5574  6.8908e-66
  5577  6.4706e-66
  5580  7.0103e-66
  5581  5.7887e-66
  5582  4.7029e-66
  5584  3.7806e-66
  5587  3.5166e-66
  5589  3.5422e-66
  5590  3.8641e-66
  5591  3.9655e-66
  5592  4.1964e-66
  5593  4.5407e-66
  5594  4.9336e-66
  5596  4.0965e-66
  5599  4.0798e-66
  5601  4.2348e-66
  5603  4.2482e-66
  5604  3.9341e-66
  5607  3.8716e-66
  5610  3.6279e-66
  5612  3.3486e-66
  5613  3.3207e-66
  5614  2.9510e-66
  5617  2.6457e-66
  5618  2.2958e-66
  5621  2.2282e-66
  5624  2.1407e-66
  5627  1.9762e-66
  5628  2.0323e-66
  5630  1.7650e-66
  5632  1.4888e-66
  5633  1.5498e-66
  5635  1.4618e-66
  5637  1.3809e-66
  5639  1.2800e-66
  5642  1.0714e-66
  5644  9.7420e-67
  5647  9.7349e-67
  5649  8.4923e-67
  5652  7.9556e-67
  5654  6.3712e-67
  5656  6.9454e-67
  5659  5.6278e-67
  5660  4.9650e-67
  5661  3.9999e-67
  5663  4.0202e-67
  5666  3.3867e-67
  5667  3.6941e-67
  5670  3.4087e-67
  5673  3.6102e-67
  5675  3.8940e-67
  5676  3.1260e-67
  5679  3.4189e-67
  5680  3.3170e-67
  5681  3.1814e-67
  5682  3.2700e-67
  5685  2.9608e-67
  5686  2.7517e-67
  5688  2.3246e-67
  5690  2.2496e-67
  5691  1.9442e-67
  5692  1.7843e-67
  5694  1.7121e-67
  5695  1.5379e-67
  5696  1.4164e-67
  5698  1.4811e-67
  5700  1.3034e-67
  5703  1.3542e-67
  5706  1.1917e-67
  5707  9.9636e-68
  5710  9.5178e-68
  5712  8.7936e-68
  5714  9.4631e-68
  5715  9.0312e-68
  5718  7.8122e-68
  5719  8.5757e-68
  5721  6.8697e-68
  5722  6.1883e-68
  5725  5.3062e-68
  5728  5.5209e-68
  5731  5.1054e-68
  5732  5.0403e-68
  5735  4.5188e-68
  5738  4.1413e-68
  5740  3.6040e-68
  5742  3.1865e-68
  5745  3.3547e-68
  5748  3.1365e-68
  5750  2.9855e-68
  5753  2.5212e-68
  5754  2.2171e-68
  5755  2.1758e-68
  5756  1.9057e-68
  5758  1.9455e-68
  5761  1.7343e-68
  5762  1.6792e-68
  5763  1.4277e-68
  5766  1.1870e-68
  5767  9.7023e-69
  5768  1.0247e-68
  5769  1.0394e-68
  5771  9.7804e-69
  5774  8.5987e-69
  5777  9.1802e-69
  5780  7.8918e-69
  5781  7.6569e-69
  5783  6.6961e-69
  5784  6.0435e-69
  5786  5.9382e-69
  5789  6.0861e-69
  5791  6.0438e-69
  5793  5.2662e-69
  5794  4.6758e-69
  5795  3.9625e-69
  5797  4.3568e-69
  5800  4.3338e-69
  5801  4.3469e-69
  5802  4.4008e-69
  5803  3.9484e-69
  5806  3.2063e-69
  5807  3.2350e-69
  5810  3.3729e-69
  5811  2.8601e-69
  5813  2.6924e-69
  5815  2.9134e-69
  5816  2.5734e-69
  5818  2.1079e-69
  5821  2.1042e-69
  5824  2.1648e-69
  5827  2.2819e-69
  5829  2.3813e-69
  5831  2.1735e-69
  5832  2.1336e-69
  5835  2.1648e-69
  5836  1.7946e-69
  5838  1.9657e-69
  5840  2.0581e-69
  5841  2.0493e-69
  5842  2.0323e-69
  5845  2.2296e-69
  5847  1.8064e-69
  5850  1.8782e-69
  5852  2.0206e-69
  5853  1.6959e-69
  5854  1.5658e-69
  5855  1.3945e-69
  5858  1.2632e-69
  5860  1.1620e-69
  5862  1.1098e-69
  5864  1.0735e-69
  5865  9.9208e-70
  5867  8.4261e-70
  5868  7.0670e-70
  5869  5.7645e-70
  5870  5.3637e-70
  5871  5.2003e-70
  5874  5.4546e-70
  5877  5.2672e-70
  5878  5.7623e-70
  5879  5.1525e-70
  5881  4.8431e-70
  5882  4.7887e-70
  5885  4.3388e-70
  5888  4.1809e-70
  5891  3.3985e-70
  5894  2.8426e-70
  5895  3.1144e-70
  5896  2.9430e-70
  5899  2.6406e-70
  5900  2.4205e-70
  5903  2.3571e-70
  5905  2.0603e-70
  5908  1.9342e-70
  5909  2.0374e-70
  5910  1.9804e-70
  5911  1.8087e-70
  5913  1.6952e-70
  5915  1.5252e-70
  5916  1.5595e-70
  5919  1.5706e-70
  5921  1.5299e-70
  5923  1.6645e-70
  5925  1.6282e-70
  5926  1.4725e-70
  5929  1.3649e-70
  5932  1.2220e-70
  5933  1.3374e-70
  5934  1.1826e-70
  5936  1.2701e-70
  5938  1.0165e-70
  5939  8.7405e-71
  5942  8.0195e-71
  5943  7.1293e-71
  5944  6.5655e-71
  5945  5.7203e-71
  5946  5.4411e-71
  5948  5.2703e-71
  5951  4.4880e-71
  5952  4.0727e-71
  5953  4.3884e-71
  5954  4.5795e-71
  5956  4.2525e-71
  5958  3.7205e-71
  5961  3.3184e-71
  5963  3.5767e-71
  5965  3.6317e-71
  5967  3.1893e-71
  5970  2.8935e-71
  5973  2.7454e-71
  5975  2.6114e-71
  5977  2.7564e-71
  5979  2.2206e-71
  5981  2.1823e-71
  5984  2.3178e-71
  5985  2.2091e-71
  5986  2.3383e-71
  5989  2.1514e-71
  5991  1.8452e-71
  5993  1.9018e-71
  5994  1.5588e-71
  5996  1.6624e-71
  5999  1.7693e-71
  6002  1.8087e-71
  6003  1.7452e-71
  6005  1.8040e-71
  6008  1.5602e-71
  6010  1.6864e-71
  6011  1.4321e-71
  6012  1.1959e-71
  6013  1.0795e-71
  6014  8.7978e-72
  6015  9.5882e-72
  6016  7.8843e-72
  6017  7.2490e-72
  6020  7.4504e-72
  6022  6.9860e-72
  6024  5.7677e-72
  6027  5.2959e-72
  6029  5.0277e-72
  6032  4.4798e-72
  6033  4.0459e-72
  6036  3.9867e-72
  6039  3.5004e-72
  6042  3.0646e-72
  6045  2.7492e-72
  6048  2.7879e-72
  6051  2.6117e-72
  6054  2.8061e-72
  6055  2.3972e-72
  6058  2.3719e-72
  6061  2.3410e-72
  6062  2.4414e-72
  6065  2.6837e-72
  6067  2.2702e-72
  6068  2.3800e-72
  6069  2.2672e-72
  6072  2.0686e-72
  6073  1.9306e-72
  6076  2.0679e-72
  6078  1.8406e-72
  6080  1.9772e-72
  6081  1.9611e-72
  6082  1.9167e-72
  6083  1.7523e-72
  6085  1.7056e-72
  6087  1.7546e-72
  6090  1.4390e-72
  6093  1.1945e-72
  6094  1.1378e-72
  6097  1.0153e-72
  6098  8.1848e-73
  6101  8.7096e-73
  6103  7.3262e-73
  6105  6.3307e-73
  6106  5.6384e-73
  6108  6.0698e-73
  6111  6.6644e-73
  6113  6.6273e-73
  6114  6.0540e-73
  6117  6.3500e-73
  6120  6.5460e-73
  6121  6.8895e-73
  6124  6.7217e-73
  6125  6.1183e-73
  6126  6.0922e-73
  6129  6.2941e-73
  6130  5.3167e-73
  6131  4.9992e-73
  6132  4.3297e-73
  6133  3.6050e-73
  6136  3.5645e-73
  6137  3.3287e-73
  6140  3.1403e-73
  6141  3.1258e-73
  6143  3.0551e-73
  6145  2.7801e-73
  6146  2.4370e-73
  6147  2.1220e-73
  6148  1.8216e-73
  6151  1.9602e-73
  6153  1.7615e-73
  6155  1.5252e-73
  6157  1.6307e-73
  6158  1.6188e-73
  6159  1.6725e-73
  6161  1.6284e-73
  6162  1.3229e-73
  6164  1.4528e-73
  6165  1.4660e-73
  6167  1.2407e-73
  6170  1.1621e-73
  6173  1.1365e-73
  6174  9.6621e-74
  6177  1.0114e-73
  6179  8.6240e-74
  6182  7.4984e-74
  6185  6.4276e-74
  6187  5.5391e-74
  6189  5.1798e-74
  6191  4.5904e-74
  6194  4.2272e-74
  6197  4.3101e-74
  6199  4.1496e-74
  6200  4.0379e-74
  6203  3.2421e-74
  6205  3.3261e-74
  6207  2.9862e-74
  6209  2.9147e-74
  6210  2.7153e-74
  6212  2.9765e-74
  6213  2.3853e-74
  6215  2.0084e-74
  6216  2.1220e-74
  6217  1.8103e-74
  6218  1.9249e-74
  6219  1.9402e-74
  6220  1.6547e-74
  6221  1.4624e-74
  6222  1.4531e-74
  6224  1.3166e-74
  6226  1.4283e-74
  6228  1.3232e-74
  6230  1.2489e-74
  6233  1.3565e-74
  6234  1.1328e-74
  6237  1.1626e-74
  6240  1.2153e-74
  6241  1.1198e-74
  6244  9.6512e-75
  6245  1.0297e-74
  6247  9.1422e-75
  6248  1.0049e-74
  6250  8.6581e-75
  6253  7.3352e-75
  6254  7.8799e-75
  6255  8.4573e-75
  6258  9.1378e-75
  6261  7.6845e-75
  6262  7.5064e-75
  6264  6.9151e-75
  6265  7.2042e-75
  6266  7.4235e-75
  6269  7.5869e-75
  6270  8.3199e-75
  6271  8.1017e-75
  6273  8.7291e-75
  6275  9.3495e-75
  6276  7.7059e-75
  6277  8.3473e-75
  6278  8.0378e-75
  6279  6.9499e-75
  6280  6.4512e-75
  6281  6.0118e-75
  6282  5.2732e-75
  6284  5.3731e-75
  6285  5.8778e-75
  6287  4.7283e-75
  6289  5.1183e-75
  6292  4.3394e-75
  6294  3.9182e-75
  6297  4.1306e-75
  6299  4.2177e-75
  6301  4.3056e-75
  6303  3.9092e-75
  6304  3.3025e-75
  6307  3.6029e-75
  6310  3.9560e-75
  6312  4.2903e-75
  6314  4.5320e-75
  6316  3.6384e-75
  6317  3.9164e-75
  6320  3.6179e-75
  6321  3.3636e-75
  6322  2.9714e-75
  6323  2.8018e-75
  6325  2.6876e-75
  6328  2.9111e-75
  6329  2.4375e-75
  6331  2.0477e-75
  6332  1.8726e-75
  6335  2.0325e-75
  6338  1.6594e-75
  6340  1.7754e-75
  6342  1.4914e-75
  6343  1.2909e-75
  6346  1.2565e-75
  6348  1.2663e-75
  6349  1.3430e-75
  6350  1.3994e-75
  6353  1.2788e-75
  6355  1.0570e-75
  6358  1.0968e-75
  6360  9.7835e-76
  6362  8.8288e-76
  6363  7.8090e-76
  6365  8.4810e-76
  6366  8.6035e-76
  6368  7.7814e-76
  6370  6.5471e-76
  6373  5.3090e-76
  6376  5.6056e-76
  6379  4.6325e-76
  6382  4.3053e-76
  6385  3.9740e-76
  6388  3.5153e-76
  6391  3.4040e-76
  6392  3.1129e-76
  6395  3.4187e-76
  6398  3.1705e-76
  6401  3.3134e-76
  6403  3.6026e-76
  6405  3.5632e-76
  6407  2.9466e-76
  6409  2.9808e-76
  6411  2.6252e-76
  6413  2.8451e-76
  6415  2.8008e-76
  6418  2.9853e-76
  6419  3.0134e-76
  6420  2.7913e-76
  6421  2.6374e-76
  6424  2.6625e-76
  6427  2.2527e-76
  6428  2.3834e-76
  6429  2.4262e-76
  6432  2.0199e-76
  6435  1.9596e-76
  6438  2.1224e-76
  6440  1.7506e-76
  6441  1.8161e-76
  6443  1.8993e-76
  6445  1.7067e-76
  6446  1.4822e-76
  6447  1.2234e-76
  6448  1.0350e-76
  6451  1.0963e-76
  6453  1.1893e-76
  6455  1.0143e-76
  6458  1.0776e-76
  6460  1.0064e-76
  6463  9.2579e-77
  6465  9.7970e-77
  6466  9.9241e-77
  6467  8.6560e-77
  6470  7.3325e-77
  6471  7.5376e-77
  6472  7.2309e-77
  6473  6.5984e-77
  6476  6.6170e-77
  6479  7.0274e-77
  6482  5.9980e-77
  6485  5.6362e-77
  6486  5.5602e-77
  6487  6.1140e-77
  6489  5.6195e-77
  6491  5.1328e-77
  6493  4.3558e-77
  6494  3.6466e-77
  6496  3.9619e-77
  6497  3.2483e-77
  6498  3.2474e-77
  6500  3.1813e-77
  6502  2.7229e-77
  6505  2.4954e-77
  6508  2.2216e-77
  6510  2.1942e-77
  6512  1.7972e-77
  6515  1.8064e-77
  6518  1.7372e-77
  6519  1.7593e-77
  6522  1.7561e-77
  6524  1.7482e-77
  6527  1.4319e-77
  6530  1.3236e-77
  6532  1.4057e-77
  6533  1.4553e-77
  6535  1.2396e-77
  6537  1.0871e-77
  6539  1.0692e-77
  6541  8.8880e-78
  6543  9.4493e-78
  6546  9.8951e-78
  6548  9.6473e-78
  6549  8.8839e-78
  6551  7.5655e-78
  6553  7.1474e-78
  6556  6.5373e-78
  6558  6.7283e-78
  6561  7.1343e-78
  6562  6.6595e-78
  6564  6.0380e-78
  6565  5.8229e-78
  6568  5.9730e-78
  6570  4.9359e-78
  6572  5.2501e-78
  6575  5.5107e-78
  6577  5.4203e-78
  6579  4.7280e-78
  6581  4.5896e-78
  6582  4.7124e-78
  6585  5.1316e-78
  6586  4.7058e-78
  6589  4.8163e-78
  6591  4.0875e-78
  6594  3.3257e-78
  6597  2.6626e-78
  6598  2.1796e-78
  6599  2.3877e-78
  6602  2.3459e-78
  6603  2.2538e-78
  6605  1.9274e-78
  6607  2.0939e-78
  6609  1.9247e-78
  6612  1.7873e-78
  6613  1.4427e-78
  6616  1.4732e-78
  6619  1.5895e-78
  6620  1.5241e-78
  6623  1.4992e-78
  6626  1.4496e-78
  6628  1.5254e-78
  6629  1.4889e-78
  6632  1.4157e-78
  6633  1.3513e-78
  6634  1.1645e-78
  6636  1.0459e-78
  6638  9.3390e-79
  6640  8.9476e-79
  6643  9.5026e-79
  6644  9.3929e-79
  6646  7.8542e-79
  6648  8.0797e-79
  6649  8.4013e-79
  6652  7.9444e-79
  6654  7.1538e-79
  6656  5.7549e-79
  6659  6.1219e-79
  6660  6.6630e-79
  6661  6.1941e-79
  6663  5.5254e-79
  6665  5.5356e-79
  6667  5.5506e-79
  6668  5.7303e-79
  6669  6.0665e-79
  6672  5.0520e-79
  6673  4.1717e-79
  6676  4.5142e-79
  6678  4.1618e-79
  6681  4.4850e-79
  6684  3.6881e-79
  6686  3.5665e-79
  6688  3.7718e-79
  6689  3.5702e-79
  6691  3.4491e-79
  6693  3.7349e-79
  6695  3.3254e-79
  6697  3.5561e-79
  6699  3.1816e-79
  6701  3.0787e-79
  6702  2.8985e-79
  6705  3.0654e-79
  6708  2.7257e-79
  6710  2.9547e-79
  6711  3.0238e-79
  6712  3.2643e-79
  6714  3.1368e-79
  6716  3.2517e-79
  6719  3.1582e-79
  6722  3.2072e-79
  6723  3.0468e-79
  6725  3.0886e-79
  6727  2.4896e-79
  6730  2.7349e-79
  6733  2.2169e-79
  6736  2.1770e-79
  6739  1.9895e-79
  6740  1.8491e-79
  6742  1.8555e-79
  6745  1.8243e-79
  6748  1.6472e-79
  6751  1.7228e-79
  6754  1.7868e-79
  6756  1.6987e-79
  6759  1.5742e-79
  6761  1.2801e-79
  6762  1.0735e-79
  6764  9.3478e-80
  6767  8.0760e-80
  6768  8.6392e-80
  6770  8.6343e-80
  6773  8.4349e-80
  6776  8.2124e-80
  6779  6.9341e-80
  6780  6.3031e-80
  6783  6.2851e-80
  6786  6.6691e-80
  6788  7.1242e-80
  6789  6.6411e-80
  6791  5.9428e-80
  6792  5.8291e-80
  6795  5.3982e-80
  6798  5.1530e-80
  6799  5.4825e-80
  6802  5.4695e-80
  6803  4.7762e-80
  6804  5.1180e-80
  6805  5.4430e-80
  6808  4.8794e-80
  6811  4.4959e-80
  6814  4.6474e-80
  6815  4.5749e-80
  6816  3.9660e-80
  6817  4.2800e-80
  6819  3.6891e-80
  6820  3.6725e-80
  6822  3.1438e-80
  6823  2.5419e-80
  6825  2.4299e-80
  6827  2.0943e-80
  6830  2.1619e-80
  6832  1.9911e-80
  6834  1.6006e-80
  6836  1.6531e-80
  6839  1.4091e-80
  6840  1.5098e-80
  6843  1.3398e-80
  6846  1.1691e-80
  6849  1.2657e-80
  6852  1.1217e-80
  6855  1.0573e-80
  6856  8.9161e-81
  6858  9.3866e-81
  6860  1.0322e-80
  6861  8.9566e-81
  6862  7.7454e-81
  6865  8.2969e-81
  6866  7.2604e-81
  6868  7.1466e-81
  6870  6.8123e-81
  6871  5.8483e-81
  6873  5.8865e-81
  6875  5.8706e-81
  6876  5.4820e-81
  6877  5.8116e-81
  6880  4.9609e-81
  6881  4.8620e-81
  6882  5.2601e-81
  6884  5.5652e-81
  6886  4.7417e-81
  6887  4.4560e-81
  6890  3.8539e-81
  6893  3.4477e-81
  6894  3.7467e-81
  6896  3.7274e-81
  6897  4.0671e-81
  6898  3.2642e-81
  6901  2.9133e-81
  6904  2.5760e-81
  6905  2.7067e-81
  6908  2.8270e-81
  6909  2.4929e-81
  6912  2.1424e-81
  6913  2.0680e-81
  6916  2.1148e-81
  6917  2.1182e-81
  6920  2.2677e-81
  6923  1.8813e-81
  6926  1.6961e-81
  6927  1.6159e-81
  6929  1.7547e-81
  6932  1.8573e-81
  6935  1.5073e-81
  6937  1.3311e-81
  6940  1.3305e-81
  6941  1.2155e-81
  6944  1.0849e-81
  6946  1.1738e-81
  6947  1.2675e-81
  6948  1.3462e-81
  6950  1.1963e-81
  6953  1.0896e-81
  6956  1.1375e-81
  6959  1.1029e-81
  6960  9.6969e-82
  6961  8.6422e-82
  6964  8.5235e-82
  6965  7.5531e-82
  6968  6.7940e-82
  6969  6.8588e-82
  6971  5.5164e-82
  6974  4.7468e-82
  6977  4.8148e-82
  6979  4.3967e-82
  6980  4.3717e-82
  6982  4.0838e-82
  6983  4.4739e-82
  6986  3.6089e-82
  6989  3.5948e-82
  6991  3.6856e-82
  6992  3.9266e-82
  6994  3.7588e-82
  6995  3.8872e-82
  6997  3.9799e-82
  6999  3.3032e-82
  7001  2.8551e-82
  7003  2.3137e-82
  7004  2.2040e-82
  7007  2.1514e-82
  7010  2.0567e-82
  7012  1.6461e-82
  7013  1.5227e-82
  7016  1.3009e-82
  7017  1.1510e-82
  7020  9.5054e-83
  7022  1.0238e-82
  7024  9.8063e-83
  7025  1.0558e-82
  7027  9.0486e-83
  7030  8.2717e-83
  7031  9.0776e-83
  7032  8.8482e-83
  7034  8.5434e-83
  7036  8.2572e-83
  7038  8.9235e-83
  7040  8.6679e-83
  7041  8.5700e-83
  7042  8.7887e-83
  7045  9.4919e-83
  7047  8.6957e-83
  7050  9.4159e-83
  7052  8.2326e-83
  7053  7.9106e-83
  7056  7.9601e-83
  7057  6.9843e-83
  7058  5.7601e-83
  7059  5.6979e-83
  7060  5.0090e-83
  7062  5.4826e-83
  7063  5.7108e-83
  7064  4.6409e-83
  7067  3.7130e-83
  7070  3.9930e-83
  7071  3.2822e-83
  7074  3.5464e-83
  7076  3.5066e-83
  7079  3.1165e-83
  7081  3.2729e-83
  7084  2.7564e-83
  7086  2.2729e-83
  7087  2.1156e-83
  7088  1.7768e-83
  7091  1.4603e-83
  7094  1.3620e-83
  7095  1.0960e-83
  7096  9.1620e-84
  7098  7.8618e-84
  7101  6.3437e-84
  7102  6.1621e-84
  7104  5.8707e-84
  7107  6.3282e-84
  7109  5.6078e-84
  7112  5.9279e-84
  7113  4.9812e-84
  7116  4.1082e-84
  7119  3.6948e-84
  7121  3.8725e-84
  7122  3.9513e-84
  7123  4.3307e-84
  7125  3.8391e-84
  7127  4.1353e-84
  7129  4.4650e-84
  7130  4.0188e-84
  7133  3.2182e-84
  7134  3.1730e-84
  7137  2.5550e-84
  7138  2.4788e-84
  7140  2.4156e-84
  7143  1.9443e-84
  7146  1.8398e-84
  7148  1.5926e-84
  7150  1.6105e-84
  7153  1.5000e-84
  7155  1.3883e-84
  7156  1.4284e-84
  7159  1.3221e-84
  7160  1.3809e-84
  7161  1.1714e-84
  7164  1.0449e-84
  7167  9.3291e-85
  7169  9.8091e-85
  7170  1.0572e-84
  7172  1.0410e-84
  7174  9.0521e-85
  7176  9.2440e-85
  7179  8.8929e-85
  7181  8.8323e-85
  7183  7.6136e-85
  7186  7.6065e-85
  7187  6.1489e-85
  7189  5.8394e-85
  7190  5.7632e-85
  7192  4.7741e-85
  7193  4.4165e-85
  7194  4.6571e-85
  7197  4.9930e-85
  7200  4.3973e-85
  7203  4.1368e-85
  7204  3.7667e-85
  7206  3.9587e-85
  7208  3.7500e-85
  7209  3.7168e-85
  7212  4.0371e-85
  7213  3.8040e-85
  7216  3.5483e-85
  7219  3.1591e-85
  7220  2.9977e-85
  7223  3.0888e-85
  7225  2.5541e-85
  7226  2.7813e-85
  7227  2.5039e-85
  7229  2.6189e-85
  7232  2.7815e-85
  7235  2.5023e-85
  7238  2.2163e-85
  7239  2.1893e-85
  7242  2.3055e-85
  7244  2.2999e-85
  7246  2.1593e-85
  7248  2.2319e-85
  7249  1.8384e-85
  7252  1.5159e-85
  7253  1.4393e-85
  7254  1.1920e-85
  7256  9.7956e-86
  7257  9.7805e-86
  7258  9.5327e-86
  7259  8.9178e-86
  7260  9.2966e-86
  7261  8.9333e-86
  7262  7.3016e-86
  7265  7.9857e-86
  7268  7.9032e-86
  7270  7.0710e-86
  7271  6.8511e-86
  7274  6.3029e-86
  7275  5.3573e-86
  7277  5.0463e-86
  7280  5.0787e-86
  7282  5.3759e-86
  7284  4.9488e-86
  7285  5.0634e-86
  7286  4.4457e-86
  7289  4.6394e-86
  7291  4.4463e-86
  7294  3.8762e-86
  7295  3.4021e-86
  7297  3.1924e-86
  7299  2.8925e-86
  7301  2.9239e-86
  7303  2.4524e-86
  7305  2.5283e-86
  7308  2.1323e-86
  7310  2.2933e-86
  7311  2.2969e-86
  7314  1.9583e-86
  7316  1.8827e-86
  7318  1.9161e-86
  7319  1.9657e-86
  7322  2.0080e-86
  7325  1.9417e-86
  7327  1.5801e-86
  7329  1.3177e-86
  7331  1.1620e-86
  7334  1.0193e-86
  7337  9.9329e-87
  7338  1.0340e-86
  7339  1.0419e-86
  7342  1.0530e-86
  7344  1.0146e-86
  7345  1.0430e-86
  7347  9.4814e-87
  7350  9.5103e-87
  7351  9.8846e-87
  7352  8.5184e-87
  7354  7.5510e-87
  7355  8.2891e-87
  7357  8.7588e-87
  7360  7.3353e-87
  7363  7.0285e-87
  7364  7.3436e-87
  7365  5.9717e-87
  7366  5.0858e-87
  7368  4.6593e-87
  7370  4.6743e-87
  7371  4.2249e-87
  7374  4.3199e-87
  7376  4.0318e-87
  7378  3.5156e-87
  7381  2.9006e-87
  7382  2.5759e-87
  7384  2.5039e-87
  7385  2.3051e-87
  7388  1.9561e-87
  7389  1.6597e-87
  7392  1.3297e-87
  7393  1.1680e-87
  7396  9.5197e-88
  7399  1.0215e-87
  7400  9.7229e-88
  7403  1.0572e-87
  7404  1.0502e-87
  7406  9.3804e-88
  7408  8.4228e-88
  7409  7.8975e-88
  7412  7.5878e-88
  7413  7.1158e-88
  7415  6.0728e-88
  7417  5.8711e-88
  7419  5.8239e-88
  7422  5.0705e-88
  7424  5.3898e-88
  7427  4.8616e-88
  7429  5.2774e-88
  7432  5.1555e-88
  7433  4.1299e-88
  7435  4.2273e-88
  7438  4.3275e-88
  7439  3.9025e-88
  7440  3.8809e-88
  7443  3.5223e-88
  7445  3.3103e-88
  7446  3.3693e-88
  7447  3.6021e-88
  7448  3.3199e-88
  7449  2.8259e-88
  7452  2.5918e-88
  7453  2.5142e-88
  7456  2.5574e-88
  7458  2.1124e-88
  7460  1.8885e-88
  7463  1.8021e-88
  7464  1.5509e-88
  7467  1.5350e-88
  7468  1.4458e-88
  7469  1.5100e-88
  7471  1.6503e-88
  7472  1.4086e-88
  7474  1.4953e-88
  7475  1.6379e-88
  7476  1.4940e-88
  7479  1.5946e-88
  7481  1.5066e-88
  7484  1.4579e-88
  7487  1.5497e-88
  7488  1.4727e-88
  7489  1.3241e-88
  7490  1.4366e-88
  7491  1.5191e-88
  7493  1.4628e-88
  7494  1.4757e-88
  7497  1.4456e-88
  7499  1.4452e-88
  7500  1.2149e-88
  7502  1.1901e-88
  7503  1.1722e-88
  7504  1.2237e-88
  7507  1.1849e-88
  7508  1.1034e-88
  7510  9.9355e-89
  7512  8.0623e-89
  7515  8.3941e-89
  7517  8.2820e-89
  7518  6.6522e-89
  7520  6.5025e-89
  7522  6.3740e-89
  7524  5.2226e-89
  7525  5.5474e-89
  7528  4.5545e-89
  7529  3.6487e-89
  7530  3.5131e-89
  7531  2.9540e-89
  7533  3.0559e-89
  7534  2.5602e-89
  7537  2.4374e-89
  7540  2.1660e-89
  7541  2.3222e-89
  7544  2.5005e-89
  7545  2.5290e-89
  7548  2.6708e-89
  7549  2.6340e-89
  7551  2.1159e-89
  7552  1.7459e-89
  7554  1.4246e-89
  7555  1.2828e-89
  7558  1.3500e-89
  7561  1.4160e-89
  7564  1.4186e-89
  7566  1.5295e-89
  7569  1.3385e-89
  7570  1.3420e-89
  7573  1.1348e-89
  7575  9.4861e-90
  7578  9.0713e-90
  7581  8.5162e-90
  7583  8.6707e-90
  7584  8.2411e-90
  7585  7.0726e-90
  7586  6.2680e-90
  7588  5.5145e-90
  7591  5.2094e-90
  7592  5.5906e-90
  7595  5.1980e-90
  7597  5.0514e-90
  7598  4.2948e-90
  7599  4.3532e-90
  7600  4.2489e-90
  7603  4.2025e-90
  7606  3.5353e-90
  7608  3.3491e-90
  7609  3.1915e-90
  7612  2.8662e-90
  7613  2.3286e-90
  7615  2.1438e-90
  7616  2.2295e-90
  7617  1.8834e-90
  7619  1.8445e-90
  7620  1.9082e-90
  7623  1.9490e-90
  7626  1.9650e-90
  7629  2.1443e-90
  7630  2.3579e-90
  7632  2.0190e-90
  7633  1.6493e-90
  7634  1.3346e-90
  7637  1.3674e-90
  7638  1.4917e-90
  7639  1.3351e-90
  7641  1.3134e-90
  7642  1.0865e-90
  7644  1.1494e-90
  7646  9.3458e-91
  7648  9.9022e-91
  7651  9.7653e-91
  7654  8.9899e-91
  7657  8.1372e-91
  7659  7.2963e-91
  7661  7.0094e-91
  7664  7.0987e-91
  7665  6.6555e-91
  7667  6.1454e-91
  7669  6.6608e-91
  7670  6.9532e-91
  7673  7.6021e-91
  7674  8.0990e-91
  7676  8.3259e-91
  7678  9.0187e-91
  7681  7.7277e-91
  7683  7.5973e-91
  7686  7.6892e-91
  7689  6.8230e-91
  7691  5.5867e-91
  7693  5.9781e-91
  7694  5.7750e-91
  7697  5.4459e-91
  7699  5.4956e-91
  7700  4.5253e-91
  7703  4.0427e-91
  7706  3.8738e-91
  7709  3.8229e-91
  7710  4.0967e-91
  7711  4.0550e-91
  7714  3.3617e-91
  7715  3.5063e-91
  7716  2.8826e-91
  7718  2.7429e-91
  7721  2.7165e-91
  7723  2.4002e-91
  7724  2.3705e-91
  7727  2.4531e-91
  7728  2.0973e-91
  7730  1.7808e-91
  7732  1.9515e-91
  7734  1.6316e-91
  7736  1.3502e-91
  7738  1.2125e-91
  7739  1.2245e-91
  7742  1.2218e-91
  7745  1.1502e-91
  7747  1.0619e-91
  7749  9.6641e-92
  7752  8.4856e-92
  7753  8.3764e-92
  7755  6.8564e-92
  7757  7.3965e-92
  7759  5.9978e-92
  7762  6.2455e-92
  7763  6.8254e-92
  7766  6.1812e-92
  7769  5.6605e-92
  7771  4.8079e-92
  7773  3.9860e-92
  7775  3.8553e-92
  7778  3.3381e-92
  7780  3.1743e-92
  7783  3.3363e-92
  7784  3.5965e-92
  7785  3.2946e-92
  7787  2.9919e-92
  7790  2.5062e-92
  7792  2.5822e-92
  7793  2.4459e-92
  7795  2.3859e-92
  7796  2.4365e-92
  7799  2.0424e-92
  7802  2.1677e-92
  7804  2.0625e-92
  7806  1.9031e-92
  7809  1.6705e-92
  7812  1.3595e-92
  7813  1.3148e-92
  7814  1.2745e-92
  7816  1.2045e-92
  7819  1.0946e-92
  7822  1.0629e-92
  7825  9.6769e-93
  7826  1.0045e-92
  7827  1.0304e-92
  7829  8.8804e-93
  7832  9.6869e-93
  7835  7.8583e-93
  7836  7.4215e-93
  7837  6.8569e-93
  7838  6.3734e-93
  7841  5.8744e-93
  7842  5.7083e-93
  7845  6.0670e-93
  7848  5.3112e-93
  7851  4.2836e-93
  7852  3.5167e-93
  7853  3.1523e-93
  7854  3.0068e-93
  7855  2.7941e-93
  7858  2.7874e-93
  7861  2.3348e-93
  7864  2.0478e-93
  7867  1.9499e-93
  7870  2.0150e-93
  7872  2.1793e-93
  7875  1.7967e-93
  7876  1.7219e-93
  7878  1.5350e-93
  7881  1.5503e-93
  7884  1.4526e-93
  7885  1.4763e-93
  7887  1.3663e-93
  7888  1.4393e-93
  7889  1.2919e-93
  7891  1.3575e-93
  7892  1.3072e-93
  7895  1.1428e-93
  7896  1.0655e-93
  7899  1.0088e-93
  7901  1.0444e-93
  7904  1.0150e-93
  7905  1.0209e-93
  7907  9.9560e-94
  7908  8.8478e-94
  7910  9.3965e-94
  7911  7.7844e-94
  7912  7.7064e-94
  7914  8.2203e-94
  7915  6.7114e-94
  7917  5.6122e-94
  7919  4.5139e-94
  7920  4.9067e-94
  7921  4.5371e-94
  7922  4.8810e-94
  7924  4.7398e-94
  7926  4.3389e-94
  7929  4.5916e-94
  7931  3.7063e-94
  7933  3.2133e-94
  7936  3.3406e-94
  7939  3.2523e-94
  7940  2.9719e-94
  7943  2.3957e-94
  7946  2.6242e-94
  7949  2.6932e-94
  7952  2.6564e-94
  7955  2.8664e-94
  7958  2.8569e-94
  7960  2.4260e-94
  7962  2.4242e-94
  7963  2.4779e-94
  7964  2.0366e-94
  7966  2.1558e-94
  7967  2.3651e-94
  7970  2.2996e-94
  7973  1.9948e-94
  7976  1.9843e-94
  7977  2.0032e-94
  7979  1.7877e-94
  7982  1.6276e-94
  7983  1.6835e-94
  7985  1.3509e-94
  7986  1.2812e-94
  7988  1.2561e-94
  7989  1.0844e-94
  7990  9.3197e-95
  7993  7.6753e-95
  7996  7.2310e-95
  7997  7.2749e-95
