     1  1.0000e+02
     4  8.6186e+01
     6  8.4172e+01
     7  6.7780e+01
     9  6.1196e+01
    11  6.1394e+01
    12  5.6164e+01
    13  5.1375e+01
    14  4.6470e+01
    15  4.0862e+01
    18  3.9633e+01
    21  3.7326e+01
    24  3.1028e+01
    25  2.6970e+01
    27  2.6050e+01
    28  2.6786e+01
    29  2.7973e+01
    30  2.5397e+01
    31  2.6215e+01
    32  2.6525e+01
    35  2.7105e+01
    38  2.8082e+01
    41  2.3350e+01
    42  2.4158e+01
    44  2.2248e+01
    47  1.9297e+01
    50  1.8200e+01
    51  1.8522e+01
    52  1.8803e+01
    53  1.9661e+01
    56  2.1009e+01
    59  1.9961e+01
    61  2.1640e+01
    63  1.9451e+01
    65  1.8434e+01
    68  1.7817e+01
    71  1.8509e+01
    73  1.8145e+01
    76  1.9343e+01
    77  1.8647e+01
    79  2.0239e+01
    82  1.7134e+01
    85  1.3792e+01
    86  1.4015e+01
    89  1.5290e+01
    92  1.3159e+01
    93  1.1352e+01
    94  1.0246e+01
    97  8.4824e+00
    98  8.1420e+00
   100  8.0142e+00
   102  6.7924e+00
   104  6.3113e+00
   105  5.8520e+00
   107  5.1479e+00
   109  5.4150e+00
   111  5.8813e+00
   113  5.5524e+00
   114  5.8978e+00
   115  5.6147e+00
   116  5.6082e+00
   117  6.1652e+00
   119  5.7289e+00
   122  5.6767e+00
   125  5.0490e+00
   127  4.6200e+00
   128  4.5823e+00
   130  5.0186e+00
   131  4.7015e+00
   134  4.1552e+00
   137  4.5315e+00
   138  4.5462e+00
   141  3.8029e+00
   144  3.7083e+00
   145  3.7536e+00
   146  3.9174e+00
   148  3.4565e+00
   149  3.5163e+00
   151  3.7397e+00
   152  3.0199e+00
   153  2.6647e+00
   155  2.3105e+00
   156  2.2557e+00
   159  1.9809e+00
   160  2.0004e+00
   161  1.9513e+00
   162  1.9925e+00
   165  1.6735e+00
   166  1.7539e+00
   169  1.6206e+00
   171  1.7368e+00
   174  1.5144e+00
   176  1.3644e+00
   177  1.4033e+00
   180  1.2626e+00
   183  1.0739e+00
   184  9.2591e-01
   187  8.6141e-01
   189  7.4930e-01
   191  6.1490e-01
   192  6.1022e-01
   195  6.2082e-01
   197  5.1707e-01
   199  4.6901e-01
   200  3.8620e-01
   201  3.2221e-01
   203  3.5136e-01
   205  3.6504e-01
   206  3.2801e-01
   207  3.5506e-01
   208  3.8148e-01
   209  3.8852e-01
   211  3.1785e-01
   212  2.5449e-01
   215  2.3899e-01
   216  2.4734e-01
   218  2.5710e-01
   220  2.5260e-01
   221  2.0690e-01
   224  1.9350e-01
   225  1.8251e-01
   226  1.4934e-01
   228  1.4020e-01
   231  1.2689e-01
   233  1.1260e-01
   234  1.0593e-01
   236  1.0150e-01
   237  8.8591e-02
   239  7.9736e-02
   240  7.9885e-02
   241  7.1009e-02
   243  5.7456e-02
   244  6.2842e-02
   245  6.2480e-02
   247  6.3335e-02
   249  6.2460e-02
   252  6.1622e-02
   255  5.7771e-02
   257  5.2226e-02
   258  4.5853e-02
   261  4.1109e-02
   262  4.1724e-02
   264  4.3987e-02
   265  4.4967e-02
   266  3.8465e-02
   268  3.8811e-02
   269  3.2506e-02
   271  2.7417e-02
   274  2.6679e-02
   277  2.1610e-02
   279  2.3711e-02
   280  2.1866e-02
   281  1.9364e-02
   282  1.8904e-02
   284  1.7873e-02
   287  1.7023e-02
   289  1.7928e-02
   290  1.6066e-02
   293  1.2919e-02
   295  1.0511e-02
   298  8.6352e-03
   301  7.1258e-03
   304  7.8252e-03
   306  6.6841e-03
   308  6.0021e-03
   310  4.9195e-03
   313  5.0038e-03
   316  4.4687e-03
   319  4.1860e-03
   322  3.7737e-03
   323  3.0634e-03
   324  3.2937e-03
   326  3.0733e-03
   328  2.8221e-03
   331  2.2686e-03
   333  2.4302e-03
   335  2.3678e-03
   338  1.9043e-03
   339  1.9384e-03
   340  1.7512e-03
   341  1.7113e-03
   342  1.7287e-03
   343  1.8988e-03
   344  2.0233e-03
   346  2.0167e-03
   347  1.7160e-03
   349  1.4900e-03
   352  1.2334e-03
   353  1.1447e-03
   354  1.0486e-03
   357  1.0156e-03
   358  1.0814e-03
   361  1.0060e-03
   364  8.2389e-04
   367  8.7653e-04
   369  8.4759e-04
   370  8.5952e-04
   373  7.0411e-04
   375  7.0957e-04
   377  7.4820e-04
   379  6.6964e-04
   380  6.5689e-04
   382  5.4338e-04
   385  5.0020e-04
   386  4.5586e-04
   387  4.0869e-04
   390  3.5495e-04
   392  3.0892e-04
   394  3.2987e-04
   395  3.0955e-04
   397  2.8411e-04
   399  2.4678e-04
   402  2.1153e-04
   403  2.2362e-04
   405  2.0666e-04
   408  1.8664e-04
   410  1.9280e-04
   411  1.7198e-04
   413  1.6602e-04
   414  1.4530e-04
   416  1.4011e-04
   418  1.1536e-04
   421  9.5240e-05
   422  1.0169e-04
   424  8.4053e-05
   427  9.0711e-05
   428  9.7050e-05
   431  1.0109e-04
   434  1.0436e-04
   436  9.9458e-05
   439  8.2238e-05
   442  8.3356e-05
   445  9.1536e-05
   448  8.7452e-05
   449  8.5159e-05
   452  7.0643e-05
   455  6.2630e-05
   458  5.5665e-05
   461  4.5786e-05
   463  4.8187e-05
   465  4.1009e-05
   467  4.5094e-05
   470  4.6580e-05
   473  4.1846e-05
   476  3.6894e-05
   478  3.7024e-05
   480  3.5792e-05
   483  3.4428e-05
   485  3.5873e-05
   487  3.0371e-05
   489  3.3192e-05
   492  2.6637e-05
   493  2.8676e-05
   495  2.4820e-05
   498  2.4740e-05
   500  2.3274e-05
   501  1.8988e-05
   502  1.6496e-05
   505  1.7481e-05
   508  1.7384e-05
   510  1.6618e-05
   513  1.6229e-05
   516  1.3777e-05
   517  1.1119e-05
   518  9.6748e-06
   521  8.4623e-06
   523  8.5518e-06
   526  7.0500e-06
   527  7.4290e-06
   530  7.3633e-06
   531  7.5574e-06
   533  7.9974e-06
   534  8.7517e-06
   537  8.0456e-06
   538  7.0295e-06
   541  7.3132e-06
   543  6.0275e-06
   545  4.9164e-06
   547  5.3969e-06
   549  5.6858e-06
   551  5.1534e-06
   552  4.3858e-06
   553  3.7192e-06
   554  2.9792e-06
   557  2.8744e-06
   558  2.4229e-06
   561  2.0384e-06
   563  1.6571e-06
   566  1.7891e-06
   567  1.9186e-06
   568  1.5528e-06
   571  1.4686e-06
   572  1.2177e-06
   574  1.1284e-06
   576  1.1058e-06
   577  1.0685e-06
   580  9.3065e-07
   582  7.6584e-07
   585  8.0616e-07
   587  7.1671e-07
   590  6.6482e-07
   593  6.4627e-07
   596  6.7555e-07
   597  7.2762e-07
   600  6.8776e-07
   603  5.5798e-07
   605  4.8938e-07
   606  5.0920e-07
   608  5.5220e-07
   611  4.5965e-07
   613  3.7552e-07
   614  3.7744e-07
   617  3.4212e-07
   618  3.7361e-07
   619  3.1763e-07
   620  3.3718e-07
   621  3.1595e-07
   622  2.8036e-07
   623  2.6734e-07
   626  2.6770e-07
   628  2.2182e-07
   629  2.0488e-07
   632  1.8871e-07
   633  1.5852e-07
   635  1.5888e-07
   636  1.5486e-07
   638  1.6994e-07
   640  1.6077e-07
   642  1.6328e-07
   645  1.4446e-07
   646  1.1935e-07
   648  9.9941e-08
   651  1.0925e-07
   654  1.0877e-07
   657  1.1566e-07
   660  1.0639e-07
   663  9.9799e-08
   666  9.7049e-08
   669  8.7447e-08
   670  9.1540e-08
   671  8.6217e-08
   674  9.0613e-08
   676  9.6454e-08
   677  8.4399e-08
   679  9.0299e-08
   682  8.3275e-08
   684  7.6064e-08
   685  8.2663e-08
   688  8.8304e-08
   689  8.4749e-08
   692  7.0952e-08
   693  6.0985e-08
   694  6.4709e-08
   695  5.4040e-08
   696  4.9757e-08
   697  4.1180e-08
   700  3.8118e-08
   703  3.8504e-08
   706  3.4541e-08
   707  3.4208e-08
   709  2.9052e-08
   711  2.8726e-08
   714  2.9286e-08
   717  3.1985e-08
   718  3.4874e-08
   720  3.1788e-08
   722  3.4881e-08
   723  3.7208e-08
   725  3.8424e-08
   727  3.6675e-08
   728  3.0482e-08
   729  3.0550e-08
   730  2.8574e-08
   731  2.3360e-08
   732  2.2696e-08
   734  2.3424e-08
   735  2.5073e-08
   736  2.2626e-08
   737  1.9501e-08
   740  1.6050e-08
   742  1.4241e-08
   743  1.4861e-08
   745  1.3617e-08
   746  1.2362e-08
   748  1.3481e-08
   749  1.3293e-08
   751  1.1805e-08
   754  1.2699e-08
   756  1.2817e-08
   759  1.3725e-08
   760  1.3059e-08
   763  1.0575e-08
   764  1.0027e-08
   765  8.8041e-09
   768  7.8125e-09
   771  6.2639e-09
   774  6.1021e-09
   775  5.1630e-09
   776  5.2396e-09
   777  4.6269e-09
   779  4.3275e-09
   781  4.3818e-09
   783  4.6758e-09
   786  4.3171e-09
   788  3.6169e-09
   789  3.5244e-09
   790  3.4232e-09
   792  3.6246e-09
   793  3.8398e-09
   795  3.6807e-09
   798  3.0867e-09
   799  3.3033e-09
   800  2.8118e-09
   801  2.6042e-09
   802  2.6677e-09
   804  2.8653e-09
   806  2.8677e-09
   809  2.6257e-09
   810  2.4491e-09
   813  2.0546e-09
   815  1.8978e-09
   818  1.7728e-09
   821  1.9255e-09
   824  1.8373e-09
   826  1.6283e-09
   829  1.4445e-09
   830  1.3473e-09
   833  1.3173e-09
   835  1.4099e-09
   837  1.2462e-09
   839  1.3003e-09
   840  1.2845e-09
   843  1.2797e-09
   844  1.2079e-09
   846  1.2857e-09
   848  1.2034e-09
   850  1.1680e-09
   853  1.0986e-09
   856  9.0352e-10
   857  7.6157e-10
   858  6.3821e-10
   860  6.5070e-10
   861  6.4891e-10
   862  5.8566e-10
   865  5.3851e-10
   867  4.4461e-10
   868  3.9642e-10
   869  3.9852e-10
   870  3.6167e-10
   872  3.0657e-10
   875  3.0244e-10
   878  2.4405e-10
   879  2.2629e-10
   880  2.3949e-10
   881  2.2913e-10
   883  1.9697e-10
   884  1.9513e-10
   886  1.8588e-10
   889  1.8621e-10
   891  1.9363e-10
   892  2.0837e-10
   894  1.7800e-10
   897  1.4534e-10
   899  1.5678e-10
   901  1.7070e-10
   903  1.5709e-10
   905  1.7273e-10
   907  1.5829e-10
   910  1.6225e-10
   911  1.4960e-10
   914  1.1975e-10
   915  1.1799e-10
   917  1.0918e-10
   918  1.0746e-10
   921  1.1456e-10
   924  1.0771e-10
   926  1.0528e-10
   928  8.7692e-11
   929  8.9774e-11
   932  8.1062e-11
   933  7.9762e-11
   934  8.0261e-11
   936  8.1552e-11
   937  7.1684e-11
   939  7.6879e-11
   942  6.6513e-11
   944  6.5160e-11
   945  5.6511e-11
   947  4.8283e-11
   949  4.4265e-11
   951  3.8482e-11
   953  3.8831e-11
   955  4.2570e-11
   957  4.2795e-11
   958  3.6735e-11
   961  2.9958e-11
   962  2.6767e-11
   963  2.8791e-11
   965  2.3791e-11
   966  2.4682e-11
   969  2.0554e-11
   972  1.8355e-11
   974  1.6883e-11
   977  1.6925e-11
   979  1.4438e-11
   982  1.1675e-11
   983  1.2110e-11
   986  1.2702e-11
   988  1.0810e-11
   991  9.3983e-12
   993  8.0659e-12
   994  6.8106e-12
   995  6.5582e-12
   996  6.4719e-12
   998  6.3555e-12
  1001  5.8807e-12
  1004  6.3437e-12
  1005  5.8124e-12
  1008  6.0193e-12
  1011  5.9048e-12
  1012  5.6919e-12
  1014  5.1284e-12
  1015  4.2172e-12
  1017  4.5306e-12
  1018  3.9327e-12
  1021  3.6139e-12
  1023  2.9704e-12
  1024  3.1414e-12
  1027  2.7173e-12
  1030  2.8952e-12
  1032  2.9926e-12
  1035  3.1064e-12
  1036  3.3154e-12
  1039  2.6539e-12
  1042  2.8575e-12
  1045  2.5252e-12
  1047  2.6929e-12
  1049  2.2155e-12
  1052  2.0764e-12
  1053  1.7937e-12
  1056  1.4351e-12
  1058  1.4945e-12
  1060  1.2763e-12
  1063  1.2370e-12
  1066  1.2656e-12
  1069  1.0314e-12
  1071  9.3499e-13
  1072  9.9266e-13
  1073  9.4204e-13
  1075  7.9486e-13
  1076  8.3561e-13
  1079  6.8340e-13
  1081  6.6647e-13
  1083  5.6510e-13
  1086  5.4684e-13
  1087  5.4650e-13
  1089  5.4150e-13
  1092  4.5286e-13
  1093  4.4547e-13
  1095  4.7324e-13
  1098  5.1926e-13
  1099  4.6314e-13
  1101  4.6288e-13
  1104  4.2291e-13
  1105  3.4658e-13
  1108  3.3337e-13
  1111  3.4067e-13
  1112  3.3258e-13
  1113  3.6316e-13
  1114  3.9027e-13
  1115  3.2101e-13
  1116  3.5275e-13
  1117  3.5998e-13
  1118  3.5852e-13
  1119  3.0511e-13
  1120  2.9609e-13
  1123  2.7680e-13
  1125  2.7111e-13
  1128  2.1893e-13
  1131  2.1963e-13
  1134  2.2625e-13
  1135  1.8423e-13
  1136  1.7162e-13
  1139  1.5518e-13
  1142  1.3816e-13
  1145  1.1516e-13
  1147  1.2578e-13
  1150  1.0787e-13
  1153  1.0628e-13
  1156  8.9727e-14
  1159  9.5904e-14
  1162  9.2622e-14
  1164  9.1024e-14
  1167  9.0926e-14
  1170  8.9379e-14
  1172  8.4751e-14
  1175  6.9264e-14
  1176  6.6229e-14
  1177  5.9375e-14
  1179  5.3617e-14
  1182  5.0316e-14
  1183  5.0013e-14
  1186  4.4448e-14
  1188  4.1820e-14
  1190  3.5104e-14
  1192  3.4959e-14
  1193  3.7267e-14
  1194  3.9438e-14
  1196  3.6895e-14
  1197  3.8320e-14
  1200  3.5472e-14
  1201  3.8592e-14
  1203  3.8738e-14
  1204  4.1371e-14
  1207  4.1963e-14
  1210  3.4786e-14
  1212  2.8795e-14
  1213  2.4218e-14
  1216  2.4304e-14
  1217  2.6136e-14
  1220  2.1761e-14
  1222  2.0795e-14
  1224  2.1414e-14
  1227  1.8813e-14
  1230  1.7661e-14
  1231  1.8488e-14
  1233  1.6778e-14
  1236  1.5915e-14
  1239  1.2752e-14
  1242  1.0373e-14
  1244  9.2537e-15
  1245  8.1128e-15
  1247  7.6511e-15
  1248  8.3346e-15
  1251  8.2312e-15
  1252  7.3625e-15
  1254  7.2856e-15
  1255  6.1007e-15
  1257  4.9985e-15
  1258  4.4287e-15
  1260  4.0256e-15
  1262  3.5083e-15
  1265  3.5919e-15
  1266  3.3320e-15
  1267  3.1564e-15
  1269  2.6640e-15
  1271  2.9237e-15
  1273  2.8772e-15
  1275  2.4833e-15
  1278  2.6646e-15
  1281  2.3472e-15
  1284  2.2624e-15
  1286  2.0315e-15
  1289  2.0087e-15
  1290  1.8715e-15
  1292  2.0073e-15
  1293  2.1143e-15
  1295  1.7169e-15
  1296  1.4355e-15
  1298  1.5098e-15
  1301  1.6202e-15
  1304  1.6825e-15
  1307  1.6927e-15
  1310  1.5045e-15
  1311  1.6263e-15
  1313  1.5855e-15
  1316  1.5316e-15
  1319  1.5161e-15
  1322  1.4870e-15
  1323  1.4984e-15
  1326  1.6388e-15
  1328  1.3581e-15
  1331  1.3437e-15
  1332  1.4170e-15
  1333  1.4293e-15
  1336  1.3641e-15
  1338  1.4890e-15
  1341  1.4730e-15
  1342  1.5681e-15
  1345  1.5876e-15
  1348  1.6269e-15
  1349  1.5122e-15
  1352  1.5374e-15
  1355  1.6879e-15
  1357  1.6890e-15
  1360  1.7274e-15
  1361  1.6387e-15
  1362  1.7696e-15
  1365  1.4429e-15
  1367  1.2729e-15
  1370  1.0912e-15
  1373  1.0745e-15
  1375  9.6097e-16
  1378  9.4644e-16
  1381  8.1418e-16
  1383  8.0314e-16
  1385  7.8053e-16
  1388  8.0018e-16
  1390  7.7371e-16
  1391  6.5270e-16
  1394  6.6223e-16
  1396  5.5466e-16
  1397  4.9421e-16
  1399  5.1589e-16
  1402  4.9655e-16
  1405  5.2555e-16
  1408  4.2646e-16
  1409  3.5855e-16
  1411  3.7178e-16
  1412  3.1735e-16
  1413  3.0711e-16
  1414  2.7882e-16
  1416  2.2939e-16
  1419  1.8791e-16
  1420  1.5833e-16
  1423  1.6194e-16
  1425  1.6721e-16
  1426  1.6215e-16
  1427  1.3185e-16
  1430  1.3342e-16
  1432  1.4498e-16
  1433  1.4324e-16
  1436  1.5573e-16
  1439  1.5909e-16
  1440  1.3015e-16
  1442  1.2967e-16
  1443  1.2622e-16
  1444  1.3013e-16
  1447  1.3189e-16
  1450  1.2910e-16
  1452  1.2610e-16
  1454  1.3043e-16
  1457  1.3618e-16
  1460  1.1147e-16
  1461  1.0895e-16
  1464  1.0489e-16
  1465  9.8463e-17
  1468  8.2965e-17
  1471  8.5395e-17
  1474  7.1224e-17
  1476  7.5440e-17
  1477  6.3849e-17
  1480  5.6806e-17
  1481  5.6442e-17
  1483  4.7291e-17
  1484  3.8198e-17
  1487  3.2070e-17
  1489  2.7152e-17
  1490  2.3167e-17
  1492  2.0074e-17
  1495  1.9447e-17
  1498  1.8896e-17
  1500  1.8463e-17
  1502  1.7368e-17
  1503  1.6730e-17
  1504  1.6877e-17
  1507  1.7078e-17
  1509  1.7267e-17
  1512  1.7110e-17
  1514  1.6478e-17
  1516  1.6663e-17
  1519  1.7517e-17
  1522  1.7159e-17
  1524  1.8194e-17
  1527  1.9759e-17
  1528  1.6609e-17
  1529  1.3616e-17
  1530  1.4241e-17
  1533  1.3123e-17
  1535  1.2745e-17
  1536  1.2936e-17
  1537  1.0907e-17
  1539  1.1013e-17
  1541  1.0227e-17
  1542  8.6682e-18
  1543  7.1614e-18
  1546  7.1882e-18
  1549  7.2964e-18
  1552  6.3823e-18
  1553  5.8631e-18
  1554  5.2071e-18
  1555  5.7151e-18
  1557  6.2272e-18
  1559  5.9111e-18
  1562  6.3875e-18
  1564  6.2528e-18
  1566  6.3565e-18
  1568  6.4604e-18
  1569  6.9911e-18
  1572  6.9587e-18
  1573  7.5145e-18
  1576  6.3632e-18
  1578  5.4730e-18
  1581  5.9708e-18
  1582  5.6392e-18
  1585  5.7025e-18
  1587  5.4613e-18
  1588  5.8806e-18
  1590  5.2195e-18
  1591  5.0662e-18
  1592  5.0228e-18
  1594  4.6063e-18
  1595  5.0570e-18
  1597  4.6882e-18
  1598  4.0554e-18
  1600  3.6422e-18
  1603  4.0045e-18
  1604  3.3578e-18
  1605  2.9345e-18
  1607  2.6874e-18
  1609  2.9334e-18
  1610  2.9265e-18
  1612  2.4429e-18
  1614  1.9929e-18
  1616  1.9847e-18
  1618  1.9351e-18
  1619  1.6262e-18
  1621  1.4183e-18
  1622  1.4182e-18
  1623  1.2481e-18
  1625  1.0869e-18
  1628  1.0391e-18
  1629  9.4382e-19
  1630  9.4561e-19
  1632  9.2293e-19
  1633  7.8264e-19
  1634  6.5441e-19
  1637  5.2894e-19
  1638  5.1339e-19
  1640  4.4184e-19
  1642  3.8281e-19
  1644  3.6433e-19
  1645  3.6644e-19
  1648  3.7005e-19
  1649  3.6238e-19
  1651  3.7362e-19
  1653  3.5745e-19
  1655  3.3973e-19
  1656  2.7315e-19
  1657  2.5119e-19
  1660  2.1671e-19
  1662  1.8624e-19
  1663  1.9028e-19
  1666  1.5415e-19
  1668  1.5268e-19
  1671  1.5450e-19
  1673  1.4933e-19
  1676  1.2657e-19
  1679  1.1441e-19
  1681  9.1806e-20
  1682  8.3520e-20
  1685  7.1067e-20
  1686  7.0969e-20
  1689  7.0629e-20
  1691  7.3422e-20
  1694  7.8299e-20
  1696  6.3237e-20
  1699  6.0839e-20
  1700  6.5191e-20
  1702  5.6212e-20
  1703  6.0005e-20
  1704  4.9719e-20
  1705  5.2126e-20
  1706  5.6316e-20
  1709  5.7235e-20
  1711  5.7637e-20
  1713  5.2816e-20
  1715  4.9131e-20
  1717  4.6319e-20
  1720  4.4166e-20
  1722  4.2122e-20
  1725  3.5673e-20
  1727  3.6313e-20
  1730  3.8198e-20
  1732  4.1294e-20
  1733  3.4339e-20
  1735  3.3357e-20
  1738  3.1505e-20
  1741  3.1175e-20
  1744  3.0791e-20
  1747  3.1934e-20
  1750  3.4599e-20
  1752  3.2037e-20
  1754  2.6275e-20
  1755  2.6450e-20
  1757  2.6691e-20
  1759  2.2178e-20
  1760  2.3422e-20
  1763  2.2730e-20
  1766  1.9707e-20
  1768  2.1440e-20
  1770  2.3001e-20
  1771  2.4567e-20
  1772  2.3664e-20
  1774  2.4455e-20
  1777  2.2374e-20
  1780  2.1975e-20
  1783  1.7925e-20
  1784  1.9182e-20
  1787  2.0260e-20
  1788  1.6382e-20
  1790  1.4641e-20
  1793  1.4547e-20
  1796  1.4629e-20
  1799  1.5397e-20
  1800  1.4823e-20
  1801  1.5972e-20
  1802  1.7479e-20
  1805  1.8052e-20
  1806  1.5611e-20
  1808  1.4888e-20
  1811  1.4967e-20
  1812  1.5344e-20
  1814  1.3277e-20
  1816  1.4036e-20
  1818  1.3157e-20
  1820  1.0888e-20
  1822  8.7304e-21
  1823  8.1867e-21
  1825  8.0678e-21
  1827  8.4668e-21
  1828  7.7587e-21
  1831  6.3461e-21
  1833  6.9124e-21
  1836  5.6618e-21
  1837  6.0826e-21
  1840  4.8740e-21
  1841  4.4104e-21
  1842  4.2953e-21
  1845  4.5464e-21
  1847  3.7221e-21
  1850  3.9235e-21
  1852  3.3626e-21
  1853  3.3561e-21
  1856  3.2778e-21
  1857  3.3793e-21
  1859  3.7105e-21
  1860  4.0315e-21
  1863  4.2440e-21
  1866  4.4615e-21
  1867  4.5744e-21
  1870  4.4298e-21
  1872  4.7342e-21
  1873  4.2748e-21
  1876  3.7688e-21
  1877  3.1181e-21
  1878  3.3939e-21
  1879  2.8867e-21
  1881  3.1517e-21
  1882  3.1075e-21
  1884  3.3595e-21
  1887  3.2730e-21
  1889  2.8750e-21
  1892  3.0677e-21
  1894  3.3336e-21
  1896  2.7710e-21
  1897  2.2266e-21
  1900  2.3659e-21
  1903  1.9579e-21
  1904  2.1239e-21
  1906  2.0549e-21
  1909  2.0886e-21
  1910  2.2004e-21
  1912  2.1395e-21
  1915  1.8828e-21
  1916  1.6236e-21
  1918  1.6122e-21
  1920  1.6897e-21
  1922  1.5444e-21
  1923  1.3151e-21
  1926  1.2669e-21
  1927  1.0381e-21
  1928  9.3275e-22
  1931  7.7781e-22
  1933  8.1930e-22
  1936  8.0569e-22
  1938  7.6221e-22
  1941  6.3454e-22
  1943  6.9351e-22
  1945  7.0997e-22
  1947  5.9361e-22
  1949  6.2470e-22
  1950  6.8159e-22
  1951  6.8151e-22
  1954  5.9712e-22
  1957  5.3844e-22
  1958  5.5303e-22
  1959  5.4761e-22
  1960  5.9416e-22
  1962  5.2146e-22
  1964  4.2691e-22
  1966  3.8584e-22
  1968  3.6349e-22
  1969  3.4661e-22
  1970  3.3929e-22
  1971  3.5904e-22
  1974  3.2467e-22
  1977  3.3408e-22
  1979  2.9092e-22
  1982  2.3887e-22
  1985  2.4431e-22
  1988  2.1364e-22
  1989  1.8113e-22
  1991  1.9695e-22
  1994  1.7417e-22
  1997  1.4456e-22
  1999  1.4543e-22
  2001  1.2213e-22
  2003  1.0821e-22
  2006  1.0951e-22
  2007  1.0241e-22
  2010  1.0484e-22
  2012  9.8194e-23
  2014  1.0764e-22
  2017  1.0154e-22
  2019  1.0181e-22
  2022  1.0548e-22
  2024  9.5577e-23
  2027  8.0180e-23
  2029  6.9447e-23
  2031  6.3873e-23
  2032  6.9358e-23
  2035  6.2382e-23
  2036  5.8531e-23
  2039  5.3394e-23
  2042  4.5015e-23
  2044  4.8175e-23
  2047  4.4373e-23
  2050  4.0646e-23
  2051  4.0166e-23
  2054  3.5518e-23
  2055  3.4424e-23
  2056  3.5867e-23
  2059  3.8983e-23
  2062  3.7379e-23
  2063  3.6293e-23
  2065  3.7043e-23
  2067  3.6926e-23
  2068  3.1352e-23
  2070  2.6422e-23
  2071  2.8926e-23
  2073  2.7960e-23
  2075  2.9007e-23
  2077  2.5902e-23
  2078  2.5838e-23
  2081  2.0827e-23
  2084  2.1389e-23
  2085  2.1372e-23
  2088  2.2303e-23
  2090  2.1410e-23
  2092  2.0448e-23
  2095  1.8375e-23
  2097  1.8880e-23
  2099  1.7342e-23
  2102  1.7233e-23
  2104  1.5506e-23
  2105  1.5358e-23
  2106  1.2609e-23
  2109  1.0244e-23
  2112  8.7890e-24
  2115  8.8613e-24
  2117  9.6997e-24
  2119  1.0492e-23
  2120  8.5802e-24
  2123  7.6702e-24
  2124  6.9930e-24
  2126  6.3547e-24
  2129  5.3397e-24
  2131  4.4957e-24
  2133  4.8906e-24
  2136  4.2610e-24
  2139  4.0640e-24
  2142  4.0539e-24
  2143  3.4167e-24
  2146  2.9393e-24
  2149  2.5648e-24
  2152  2.3379e-24
  2155  2.0886e-24
  2157  1.8454e-24
  2160  1.7699e-24
  2163  1.6756e-24
  2165  1.3770e-24
  2166  1.1352e-24
  2167  1.1729e-24
  2169  1.2102e-24
  2172  1.2282e-24
  2174  1.2648e-24
  2176  1.3146e-24
  2177  1.2649e-24
  2179  1.1608e-24
  2180  1.1258e-24
  2183  9.4012e-25
  2186  9.8492e-25
  2189  9.8733e-25
  2192  1.0151e-24
  2194  8.1274e-25
  2197  8.2021e-25
  2199  8.9223e-25
  2200  9.2698e-25
  2202  8.6030e-25
  2204  9.3421e-25
  2205  1.0003e-24
  2207  8.5628e-25
  2209  8.0948e-25
  2212  6.4912e-25
  2214  6.9607e-25
  2216  7.1425e-25
  2219  5.8426e-25
  2220  4.7948e-25
  2223  5.2063e-25
  2225  5.7190e-25
  2226  4.6474e-25
  2228  3.8442e-25
  2231  3.8065e-25
  2232  3.9520e-25
  2233  3.1780e-25
  2234  2.6152e-25
  2235  2.5193e-25
  2237  2.7332e-25
  2240  2.3911e-25
  2241  2.3707e-25
  2244  2.2387e-25
  2246  2.0495e-25
  2249  2.1990e-25
  2252  2.2329e-25
  2253  1.8569e-25
  2254  1.7745e-25
  2257  1.7602e-25
  2258  1.4578e-25
  2260  1.1958e-25
  2262  9.7253e-26
  2265  8.9514e-26
  2267  8.8146e-26
  2270  8.5966e-26
  2271  9.3616e-26
  2272  8.2056e-26
  2273  8.1148e-26
  2275  7.2862e-26
  2278  7.0683e-26
  2279  7.0593e-26
  2282  7.5778e-26
  2283  7.6266e-26
  2284  8.3471e-26
  2286  7.4009e-26
  2288  7.8908e-26
  2290  6.7004e-26
  2291  6.6725e-26
  2294  7.2157e-26
  2295  7.3063e-26
  2298  6.7114e-26
  2300  6.0845e-26
  2301  5.3525e-26
  2303  5.5399e-26
  2305  5.1315e-26
  2307  5.3050e-26
  2309  5.6140e-26
  2310  5.0310e-26
  2313  5.3892e-26
  2315  4.3697e-26
  2318  3.6064e-26
  2321  3.6951e-26
  2324  3.9600e-26
  2327  3.4916e-26
  2329  2.7951e-26
  2332  2.9164e-26
  2334  2.8786e-26
  2335  3.0202e-26
  2337  2.5126e-26
  2339  2.2473e-26
  2341  2.0982e-26
  2343  2.0577e-26
  2346  2.2309e-26
  2347  2.0730e-26
  2349  2.0615e-26
  2352  1.6873e-26
  2355  1.3724e-26
  2357  1.0989e-26
  2358  1.0858e-26
  2360  1.0802e-26
  2362  1.1400e-26
  2365  1.1179e-26
  2366  1.0828e-26
  2367  1.1316e-26
  2368  1.0414e-26
  2369  9.2858e-27
  2370  7.7235e-27
  2372  7.9845e-27
  2374  6.5304e-27
  2375  6.8400e-27
  2377  6.8356e-27
  2379  6.7685e-27
  2380  5.6073e-27
  2382  4.9688e-27
  2384  5.0195e-27
  2385  5.0617e-27
  2388  4.9877e-27
  2391  4.3401e-27
  2392  3.7914e-27
  2394  3.7712e-27
  2395  3.7717e-27
  2397  3.1220e-27
  2400  2.6328e-27
  2402  2.3856e-27
  2405  2.1819e-27
  2406  2.3916e-27
  2409  1.9899e-27
  2412  1.9722e-27
  2413  1.9594e-27
  2416  1.6982e-27
  2417  1.8135e-27
  2420  1.8166e-27
  2422  1.8864e-27
  2425  1.7803e-27
  2428  1.4478e-27
  2429  1.3507e-27
  2430  1.4113e-27
  2431  1.1958e-27
  2434  9.8037e-28
  2435  8.0316e-28
  2436  6.4618e-28
  2438  5.9462e-28
  2441  4.8655e-28
  2444  4.4026e-28
  2447  3.9925e-28
  2449  3.8860e-28
  2451  3.1960e-28
  2454  3.1869e-28
  2457  3.3104e-28
  2460  3.1418e-28
  2461  3.1341e-28
  2462  2.6862e-28
  2464  2.1498e-28
  2467  2.1177e-28
  2468  1.9207e-28
  2471  1.8775e-28
  2473  2.0105e-28
  2475  2.0781e-28
  2476  1.6640e-28
  2477  1.4581e-28
  2478  1.2624e-28
  2480  1.2228e-28
  2481  1.0804e-28
  2484  1.1745e-28
  2486  1.2837e-28
  2487  1.1446e-28
  2489  1.0701e-28
  2490  1.1350e-28
  2493  1.0931e-28
  2495  8.8888e-29
  2498  9.6133e-29
  2501  1.0325e-28
  2502  1.1066e-28
  2504  9.0663e-29
  2507  7.9491e-29
  2508  6.8441e-29
  2510  6.3391e-29
  2511  5.6879e-29
  2512  5.2486e-29
  2514  4.7126e-29
  2516  4.9551e-29
  2517  4.6785e-29
  2519  4.6864e-29
  2520  5.0873e-29
  2523  4.9153e-29
  2526  4.6650e-29
  2529  4.0964e-29
  2531  3.6997e-29
  2533  3.1848e-29
  2536  3.0841e-29
  2537  2.6157e-29
  2540  2.7798e-29
  2543  2.3667e-29
  2544  2.2281e-29
  2547  2.4046e-29
  2550  2.2076e-29
  2553  2.2240e-29
  2554  2.2008e-29
  2556  1.8092e-29
  2558  1.5210e-29
  2561  1.3389e-29
  2562  1.3165e-29
  2563  1.2248e-29
  2565  1.1528e-29
  2567  1.2672e-29
  2570  1.1389e-29
  2571  1.0395e-29
  2572  1.0141e-29
  2573  1.0135e-29
  2574  9.5440e-30
  2575  8.3632e-30
  2576  8.8693e-30
  2579  8.7655e-30
  2581  7.4594e-30
  2583  7.9964e-30
  2584  8.2592e-30
  2587  7.8009e-30
  2590  7.8209e-30
  2591  8.2831e-30
  2592  9.0173e-30
  2593  8.6245e-30
  2595  9.4461e-30
  2597  9.3637e-30
  2598  8.2468e-30
  2601  8.0077e-30
  2602  7.2126e-30
  2604  6.9209e-30
  2605  5.5738e-30
  2606  5.3753e-30
  2607  4.6880e-30
  2609  4.9860e-30
  2610  4.1792e-30
  2613  3.8621e-30
  2616  3.6911e-30
  2619  3.2952e-30
  2622  2.8036e-30
  2623  2.9961e-30
  2624  2.6542e-30
  2625  2.9113e-30
  2628  2.4576e-30
  2629  2.2906e-30
  2630  2.0622e-30
  2632  1.6944e-30
  2634  1.6422e-30
  2637  1.4661e-30
  2638  1.3694e-30
  2640  1.1460e-30
  2641  1.1941e-30
  2644  1.2119e-30
  2646  1.2679e-30
  2649  1.2100e-30
  2651  1.2785e-30
  2654  1.0858e-30
  2656  1.1031e-30
  2657  1.1169e-30
  2660  9.0746e-31
  2661  7.3091e-31
  2664  6.9265e-31
  2665  7.5338e-31
  2667  6.0831e-31
  2670  6.4182e-31
  2672  6.7013e-31
  2673  6.9076e-31
  2674  7.2741e-31
  2675  5.9649e-31
  2676  5.9745e-31
  2679  5.3022e-31
  2680  4.4710e-31
  2683  3.9723e-31
  2684  3.8741e-31
  2687  3.1986e-31
  2689  2.6664e-31
  2690  2.1632e-31
  2691  1.8170e-31
  2693  1.9076e-31
  2694  2.0056e-31
  2696  1.6138e-31
  2697  1.3246e-31
  2700  1.1380e-31
  2702  1.1006e-31
  2705  1.1921e-31
  2707  1.0458e-31
  2710  1.1418e-31
  2712  1.1954e-31
  2713  9.5656e-32
  2714  1.0491e-31
  2717  1.1199e-31
  2720  1.1025e-31
  2721  9.5360e-32
  2722  1.0235e-31
  2725  1.0375e-31
  2726  9.7277e-32
  2727  8.0517e-32
  2729  7.2416e-32
  2732  5.8801e-32
  2734  4.9765e-32
  2735  4.6594e-32
  2736  4.7095e-32
  2737  3.9280e-32
  2740  3.3454e-32
  2742  2.7414e-32
  2745  2.9353e-32
  2747  2.7051e-32
  2748  2.1677e-32
  2749  2.3242e-32
  2751  2.0227e-32
  2753  1.9536e-32
  2755  2.0494e-32
  2756  1.6846e-32
  2759  1.4675e-32
  2762  1.4697e-32
  2763  1.3015e-32
  2765  1.1264e-32
  2767  9.2945e-33
  2769  8.9009e-33
  2771  8.5886e-33
  2772  8.8629e-33
  2775  7.8256e-33
  2776  7.1537e-33
  2777  6.1090e-33
  2778  6.5569e-33
  2781  6.9686e-33
  2782  6.0972e-33
  2783  5.3271e-33
  2786  5.5078e-33
  2789  4.7269e-33
  2792  4.6435e-33
  2794  4.5634e-33
  2796  3.7952e-33
  2798  3.4468e-33
  2800  2.9824e-33
  2803  3.0355e-33
  2804  2.4856e-33
  2806  2.0218e-33
  2808  2.0311e-33
  2811  2.1358e-33
  2814  2.2587e-33
  2817  1.9014e-33
  2819  1.8277e-33
  2821  1.5593e-33
  2824  1.5299e-33
  2827  1.4067e-33
  2829  1.4846e-33
  2832  1.2817e-33
  2834  1.1445e-33
  2835  9.8285e-34
  2837  9.1597e-34
  2840  9.4208e-34
  2843  7.8742e-34
  2845  7.2180e-34
  2846  6.1292e-34
  2848  4.9712e-34
  2851  4.2813e-34
  2853  4.4605e-34
  2856  3.5803e-34
  2859  3.4743e-34
  2861  3.8061e-34
  2864  3.8849e-34
  2867  3.9820e-34
  2870  3.8718e-34
  2873  3.6394e-34
  2874  3.9328e-34
  2876  3.7432e-34
  2877  3.5635e-34
  2879  3.0510e-34
  2881  2.8428e-34
  2883  2.9766e-34
  2884  2.5743e-34
  2885  2.1302e-34
  2886  2.0471e-34
  2889  2.1385e-34
  2891  1.7399e-34
  2892  1.8972e-34
  2893  1.8426e-34
  2894  1.6885e-34
  2897  1.7222e-34
  2898  1.4337e-34
  2899  1.5372e-34
  2902  1.2696e-34
  2904  1.1362e-34
  2905  1.0370e-34
  2908  9.4199e-35
  2910  1.0022e-34
  2913  8.6204e-35
  2914  8.3399e-35
  2916  8.4052e-35
  2917  8.8395e-35
  2920  7.6965e-35
  2922  6.5005e-35
  2923  6.0570e-35
  2926  6.0423e-35
  2929  5.2939e-35
  2932  5.6805e-35
  2934  6.1263e-35
  2936  6.2210e-35
  2938  6.1866e-35
  2940  6.1678e-35
  2943  5.8182e-35
  2945  4.7972e-35
  2947  3.8985e-35
  2950  3.8063e-35
  2951  4.1439e-35
  2953  4.4941e-35
  2956  4.8654e-35
  2959  3.9558e-35
  2962  4.3421e-35
  2963  3.6221e-35
  2966  3.1967e-35
  2969  3.2050e-35
  2970  3.1690e-35
  2971  3.0489e-35
  2973  3.2752e-35
  2975  2.8553e-35
  2977  2.7906e-35
  2979  2.8819e-35
  2981  2.9042e-35
  2983  2.4833e-35
  2984  2.5048e-35
  2987  2.3015e-35
  2989  2.4716e-35
  2990  2.4180e-35
  2992  2.2532e-35
  2993  2.1862e-35
  2994  2.1346e-35
  2995  2.1148e-35
  2998  2.1749e-35
  2999  2.0950e-35
