     1  1.0000e+02
     4  1.0533e+02
     7  1.1002e+02
     9  8.9738e+01
    11  8.0252e+01
    14  6.8718e+01
    15  7.4069e+01
    17  7.7444e+01
    18  6.7223e+01
    21  7.0855e+01
    22  7.2426e+01
    24  7.0765e+01
    26  6.2903e+01
    29  5.6520e+01
    32  4.8988e+01
    33  4.9888e+01
    36  4.9635e+01
    38  4.9677e+01
    41  4.6352e+01
    43  4.0818e+01
    46  3.9048e+01
    47  3.1648e+01
    48  2.7193e+01
    50  2.9733e+01
    53  2.4090e+01
    56  1.9351e+01
    57  2.1235e+01
    58  2.2215e+01
    59  2.2961e+01
    60  2.3847e+01
    61  2.0122e+01
    64  1.8985e+01
    66  2.0158e+01
    67  2.1828e+01
    69  1.9390e+01
    70  1.9333e+01
    73  1.9772e+01
    74  1.6695e+01
    75  1.7869e+01
    78  1.8998e+01
    79  1.5572e+01
    81  1.3709e+01
    83  1.4613e+01
    85  1.4369e+01
    86  1.1639e+01
    87  1.1334e+01
    88  1.1735e+01
    90  1.0408e+01
    93  1.0473e+01
    95  1.1138e+01
    96  9.7525e+00
    99  9.0502e+00
   102  9.1586e+00
   105  8.5474e+00
   108  7.1257e+00
   109  6.0224e+00
   110  5.9870e+00
   111  4.9351e+00
   114  4.6201e+00
   117  4.6804e+00
   120  4.6784e+00
   123  4.0959e+00
   125  4.0736e+00
   128  4.2557e+00
   131  3.9785e+00
   133  4.0952e+00
   136  4.4667e+00
   138  4.6392e+00
   140  4.8472e+00
   143  4.4034e+00
   145  4.2619e+00
   148  3.4320e+00
   151  3.3062e+00
   152  3.1381e+00
   154  3.1134e+00
   157  3.2203e+00
   158  3.3240e+00
   159  3.3984e+00
   161  3.6509e+00
   163  3.2308e+00
   166  3.3591e+00
   167  3.6321e+00
   169  3.6312e+00
   171  3.0858e+00
   174  2.6100e+00
   175  2.3698e+00
   177  2.2329e+00
   180  2.3795e+00
   183  2.0961e+00
   185  1.7855e+00
   188  1.8688e+00
   190  1.8791e+00
   192  1.8049e+00
   195  1.5489e+00
   197  1.6220e+00
   199  1.6588e+00
   202  1.5481e+00
   203  1.6176e+00
   205  1.7212e+00
   207  1.7353e+00
   208  1.4339e+00
   210  1.5500e+00
   212  1.3029e+00
   215  1.1050e+00
   216  1.0413e+00
   219  9.9588e-01
   221  9.0595e-01
   222  8.9985e-01
   224  8.3619e-01
   226  7.3147e-01
   227  6.7999e-01
   228  7.1035e-01
   231  6.2362e-01
   232  5.9711e-01
   234  4.9936e-01
   237  4.3582e-01
   239  3.4990e-01
   242  3.6707e-01
   244  3.2304e-01
   245  2.7473e-01
   247  2.2245e-01
   249  2.1567e-01
   250  2.3414e-01
   252  1.9877e-01
   253  1.9519e-01
   256  2.0259e-01
   259  2.0004e-01
   262  1.7552e-01
   265  1.4946e-01
   268  1.5938e-01
   270  1.6081e-01
   271  1.5223e-01
   274  1.5789e-01
   277  1.6396e-01
   279  1.4779e-01
   281  1.5638e-01
   284  1.3295e-01
   287  1.4147e-01
   290  1.2940e-01
   293  1.1722e-01
   296  9.3842e-02
   297  8.3047e-02
   298  8.3350e-02
   300  8.7520e-02
   302  9.0367e-02
   304  7.8936e-02
   306  6.4862e-02
   307  6.8030e-02
   308  6.0947e-02
   309  5.2386e-02
   311  5.0865e-02
   312  4.5802e-02
   315  4.2084e-02
   317  3.5217e-02
   318  3.8669e-02
   321  4.2062e-02
   323  4.3816e-02
   326  3.7001e-02
   327  3.5497e-02
   329  3.5348e-02
   331  2.9436e-02
   334  3.1944e-02
   335  3.2352e-02
   338  3.0416e-02
   340  2.8922e-02
   341  3.0775e-02
   343  3.2620e-02
   346  2.6290e-02
   347  2.3079e-02
   348  2.5128e-02
   350  2.0681e-02
   351  1.9478e-02
   354  1.7824e-02
   356  1.7592e-02
   357  1.7526e-02
   358  1.5949e-02
   359  1.3370e-02
   362  1.3033e-02
   364  1.2517e-02
   366  1.0998e-02
   368  1.1008e-02
   369  8.9242e-03
   372  9.3898e-03
   374  8.9415e-03
   376  7.3033e-03
   378  6.3890e-03
   379  5.4512e-03
   380  4.8109e-03
   382  5.2309e-03
   383  4.8032e-03
   384  4.4077e-03
   387  4.2055e-03
   389  4.2875e-03
   392  4.1512e-03
   393  3.4766e-03
   394  3.3024e-03
   397  3.6023e-03
   399  3.0427e-03
   401  3.0177e-03
   403  3.2587e-03
   405  2.6769e-03
   408  2.3319e-03
   409  2.1356e-03
   412  1.8819e-03
   414  1.9969e-03
   416  1.6798e-03
   419  1.4733e-03
   420  1.2699e-03
   421  1.3450e-03
   424  1.2210e-03
   427  1.0130e-03
   429  1.0016e-03
   432  1.0444e-03
   435  1.1113e-03
   438  1.0470e-03
   441  9.9308e-04
   443  9.4563e-04
   445  1.0196e-03
   447  1.0414e-03
   450  9.4386e-04
   451  9.0252e-04
   454  9.5245e-04
   457  8.2061e-04
   458  8.7602e-04
   460  9.4384e-04
   461  1.0066e-03
   464  8.4058e-04
   465  8.3425e-04
   467  8.6416e-04
   468  9.1720e-04
   470  9.6351e-04
   471  7.8595e-04
   473  6.6882e-04
   476  6.1986e-04
   477  6.1885e-04
   480  5.5233e-04
   483  5.6911e-04
   484  4.5733e-04
   487  4.9495e-04
   490  5.0927e-04
   492  4.0742e-04
   493  3.8411e-04
   496  3.9263e-04
   498  3.3556e-04
   499  2.8121e-04
   500  2.4991e-04
   502  2.3894e-04
   503  2.2513e-04
   506  2.2008e-04
   507  2.0449e-04
   510  1.7636e-04
   511  1.6603e-04
   514  1.4168e-04
   517  1.3637e-04
   520  1.4681e-04
   522  1.5263e-04
   524  1.2452e-04
   525  1.0921e-04
   526  1.1672e-04
   527  9.8344e-05
   529  8.4939e-05
   530  8.7800e-05
   532  9.0527e-05
   534  7.4835e-05
   537  6.3661e-05
   539  5.4008e-05
   540  5.2233e-05
   542  4.4405e-05
   543  4.7916e-05
   545  3.8846e-05
   548  4.1502e-05
   549  3.3381e-05
   551  3.6290e-05
   553  3.7674e-05
   556  3.1608e-05
   558  3.3738e-05
   560  2.9551e-05
   563  2.9323e-05
   564  3.0894e-05
   567  2.8196e-05
   569  2.6995e-05
   570  2.3664e-05
   572  2.2118e-05
   574  1.9114e-05
   575  1.6136e-05
   577  1.6632e-05
   579  1.4602e-05
   580  1.2542e-05
   581  1.1523e-05
   584  1.1922e-05
   587  1.0833e-05
   589  9.6409e-06
   592  7.7510e-06
   595  7.4096e-06
   598  6.6102e-06
   601  6.0804e-06
   603  5.6493e-06
   605  5.1917e-06
   607  4.6759e-06
   610  4.3635e-06
   612  4.1776e-06
   614  3.7467e-06
   617  4.0151e-06
   619  3.9495e-06
   621  3.9872e-06
   624  3.1931e-06
   626  2.5928e-06
   629  2.7332e-06
   631  2.1995e-06
   634  2.1468e-06
   635  1.9264e-06
   636  1.9762e-06
   639  1.6455e-06
   642  1.4163e-06
   644  1.2026e-06
   645  1.0856e-06
   646  1.1624e-06
   648  1.2289e-06
   651  1.2242e-06
   654  1.3124e-06
   655  1.2040e-06
   658  9.9144e-07
   659  8.1396e-07
   660  7.2725e-07
   663  6.2524e-07
   666  5.1819e-07
   667  5.4378e-07
   668  5.9215e-07
   671  5.8858e-07
   672  5.5298e-07
   674  5.4539e-07
   677  5.6960e-07
   678  6.1509e-07
   681  6.3397e-07
   684  5.8637e-07
   685  5.0798e-07
   687  4.8767e-07
   689  5.2987e-07
   690  5.4996e-07
   693  6.0042e-07
   695  6.5727e-07
   696  6.6003e-07
   697  6.9912e-07
   698  6.4283e-07
   700  5.5275e-07
   702  6.0135e-07
   703  5.3171e-07
   704  5.1090e-07
   706  5.3385e-07
   708  4.4054e-07
   710  4.3890e-07
   711  4.6974e-07
   712  4.6287e-07
   715  4.8504e-07
   717  5.2757e-07
   720  4.4575e-07
   723  4.3894e-07
   726  4.1832e-07
   729  3.7979e-07
   732  4.0995e-07
   733  4.1806e-07
   736  3.5699e-07
   737  2.9451e-07
   739  3.1994e-07
   740  2.8411e-07
   743  2.3486e-07
   745  1.9098e-07
   747  1.5309e-07
   749  1.4271e-07
   752  1.3926e-07
   754  1.3818e-07
   755  1.4026e-07
   756  1.3179e-07
   758  1.4470e-07
   760  1.2460e-07
   763  1.1784e-07
   766  1.0447e-07
   769  9.2656e-08
   772  8.1934e-08
   774  8.6267e-08
   776  9.0502e-08
   777  7.5734e-08
   778  7.1384e-08
   780  6.9168e-08
   782  5.7974e-08
   785  4.9346e-08
   786  4.8679e-08
   787  4.0872e-08
   789  4.3928e-08
   791  4.0060e-08
   794  3.8721e-08
   796  3.3046e-08
   797  2.7932e-08
   800  2.6368e-08
   801  2.3548e-08
   803  2.1462e-08
   805  2.2325e-08
   806  2.1447e-08
   809  1.8611e-08
   810  2.0120e-08
   813  1.8035e-08
   816  1.9491e-08
   817  1.7276e-08
   820  1.6634e-08
   822  1.4118e-08
   824  1.4511e-08
   825  1.3894e-08
   826  1.4973e-08
   829  1.4663e-08
   832  1.3846e-08
   834  1.3190e-08
   835  1.1107e-08
   837  1.1506e-08
   838  1.1621e-08
   839  1.2022e-08
   840  1.1119e-08
   842  1.0636e-08
   843  1.1440e-08
   846  9.8195e-09
   847  9.6673e-09
   849  9.0009e-09
   852  9.5879e-09
   853  9.4659e-09
   855  7.7381e-09
   857  7.0799e-09
   859  5.7666e-09
   860  5.0439e-09
   863  4.0648e-09
   864  3.5129e-09
   865  2.9857e-09
   866  2.8294e-09
   868  3.0680e-09
   869  3.1926e-09
   871  3.1395e-09
   872  3.3970e-09
   874  3.4346e-09
   877  3.3560e-09
   878  3.5507e-09
   881  3.6695e-09
   882  3.0174e-09
   883  2.9415e-09
   884  2.9466e-09
   885  2.9416e-09
   886  3.0551e-09
   889  3.2513e-09
   891  3.5304e-09
   894  3.3115e-09
   895  3.1884e-09
   898  3.3810e-09
   899  2.7802e-09
   900  2.5242e-09
   902  2.5273e-09
   903  2.5498e-09
   904  2.1289e-09
   906  2.1672e-09
   907  2.2201e-09
   908  1.8983e-09
   909  2.0650e-09
   912  1.7145e-09
   913  1.7777e-09
   915  1.7928e-09
   917  1.4680e-09
   918  1.6019e-09
   920  1.5933e-09
   921  1.4669e-09
   923  1.3987e-09
   926  1.2537e-09
   927  1.2346e-09
   929  1.1997e-09
   930  1.0188e-09
   933  9.4869e-10
   934  8.2113e-10
   936  7.0932e-10
   938  6.9276e-10
   939  6.3177e-10
   942  5.0609e-10
   944  4.8019e-10
   946  4.6518e-10
   949  4.9531e-10
   950  4.8647e-10
   951  3.9648e-10
   953  4.3471e-10
   956  4.7310e-10
   958  4.1626e-10
   961  3.7400e-10
   962  3.8147e-10
   965  3.7548e-10
   966  3.4552e-10
   967  3.2561e-10
   970  2.7883e-10
   973  2.5261e-10
   976  2.1506e-10
   978  2.3512e-10
   979  2.0241e-10
   981  1.9014e-10
   982  1.8472e-10
   984  1.9503e-10
   985  1.5640e-10
   986  1.4262e-10
   988  1.2853e-10
   990  1.2709e-10
   991  1.3327e-10
   992  1.1108e-10
   994  9.8104e-11
   995  8.1859e-11
   997  7.7547e-11
   998  6.9970e-11
   999  6.6756e-11
  1000  6.8218e-11
  1002  6.3337e-11
  1004  5.1807e-11
  1005  4.8768e-11
  1006  4.6374e-11
  1009  5.0658e-11
  1011  4.6583e-11
  1012  3.8378e-11
  1015  3.6961e-11
  1018  3.9716e-11
  1020  4.0457e-11
  1021  4.3533e-11
  1024  4.6966e-11
  1027  4.2995e-11
  1029  4.2464e-11
  1031  3.5030e-11
  1033  3.3942e-11
  1034  3.4618e-11
  1035  3.7187e-11
  1037  3.8673e-11
  1040  3.7700e-11
  1041  3.4711e-11
  1044  3.6915e-11
  1046  3.7949e-11
  1049  3.3431e-11
  1050  3.6689e-11
  1052  3.4960e-11
  1053  2.8983e-11
  1054  2.8274e-11
  1055  2.7537e-11
  1057  2.6080e-11
  1058  2.7350e-11
  1059  2.4710e-11
  1061  2.0046e-11
  1063  1.7120e-11
  1066  1.8239e-11
  1068  1.5867e-11
  1071  1.2874e-11
  1073  1.1150e-11
  1074  1.0173e-11
  1077  9.5348e-12
  1078  9.0997e-12
  1081  9.2066e-12
  1083  9.9720e-12
  1086  9.9431e-12
  1088  8.4105e-12
  1089  8.9990e-12
  1092  9.1814e-12
  1093  9.7044e-12
  1094  9.3483e-12
  1097  8.9105e-12
  1100  9.7475e-12
  1102  9.8040e-12
  1103  1.0592e-11
  1105  1.0281e-11
  1107  8.4262e-12
  1109  7.6295e-12
  1110  8.3681e-12
  1113  7.7829e-12
  1115  7.2452e-12
  1118  6.3405e-12
  1120  6.7116e-12
  1122  6.0264e-12
  1123  5.3406e-12
  1124  5.5602e-12
  1125  4.7248e-12
  1127  4.8930e-12
  1129  5.3297e-12
  1130  5.3540e-12
  1133  5.5333e-12
  1134  4.8568e-12
  1137  4.8522e-12
  1138  4.9405e-12
  1139  4.5964e-12
  1142  4.7633e-12
  1143  4.6228e-12
  1144  4.6448e-12
  1146  3.7706e-12
  1149  4.1192e-12
  1151  4.3382e-12
  1153  4.3311e-12
  1156  4.0645e-12
  1158  3.4198e-12
  1160  3.3108e-12
  1162  2.9660e-12
  1163  2.3922e-12
  1166  2.2635e-12
  1167  2.1985e-12
  1170  1.8837e-12
  1172  1.8942e-12
  1174  1.9344e-12
  1176  2.1245e-12
  1178  2.1085e-12
  1179  2.1901e-12
  1181  1.9769e-12
  1183  2.0101e-12
  1186  1.7286e-12
  1189  1.5503e-12
  1192  1.3421e-12
  1195  1.0968e-12
  1198  1.0835e-12
  1200  9.1015e-13
  1202  8.0706e-13
  1205  7.6246e-13
  1206  7.2254e-13
  1207  7.4486e-13
  1210  6.7867e-13
  1213  6.8758e-13
  1215  7.1625e-13
  1217  7.0679e-13
  1219  7.6002e-13
  1220  7.8874e-13
  1221  7.0552e-13
  1222  5.6448e-13
  1223  4.8657e-13
  1224  4.4956e-13
  1226  3.8569e-13
  1229  3.8600e-13
  1231  3.5594e-13
  1233  3.4504e-13
  1235  2.7899e-13
  1237  3.0290e-13
  1240  3.0059e-13
  1241  2.6642e-13
  1242  2.7723e-13
  1244  2.3560e-13
  1245  1.9409e-13
  1246  1.6241e-13
  1247  1.7796e-13
  1248  1.6520e-13
  1251  1.3876e-13
  1254  1.2722e-13
  1256  1.2485e-13
  1258  1.0022e-13
  1261  9.7484e-14
  1262  8.2956e-14
  1265  8.0664e-14
  1268  8.1362e-14
  1269  7.9736e-14
  1271  7.7822e-14
  1274  7.4768e-14
  1275  7.5825e-14
  1276  8.2780e-14
  1278  8.0712e-14
  1281  8.8734e-14
  1284  9.4006e-14
  1286  1.0240e-13
  1287  1.0596e-13
  1290  1.0785e-13
  1292  9.7026e-14
  1295  9.8903e-14
  1296  8.3758e-14
  1297  8.5101e-14
  1300  8.3581e-14
  1302  7.2873e-14
  1305  5.8690e-14
  1306  5.7261e-14
  1308  5.9639e-14
  1311  6.2930e-14
  1314  5.6931e-14
  1315  5.7913e-14
  1316  6.2673e-14
  1318  6.7325e-14
  1321  5.5265e-14
  1322  6.0125e-14
  1325  5.2824e-14
  1327  5.3822e-14
  1329  5.2445e-14
  1332  4.6335e-14
  1333  4.7733e-14
  1335  4.7900e-14
  1336  4.3250e-14
  1338  4.4208e-14
  1340  4.3396e-14
  1342  3.8340e-14
  1345  3.7023e-14
  1347  3.0932e-14
  1349  2.9193e-14
  1352  2.4636e-14
  1353  2.4403e-14
  1356  2.5346e-14
  1358  2.0897e-14
  1360  2.2086e-14
  1361  1.8448e-14
  1363  1.7418e-14
  1366  1.8807e-14
  1368  1.6251e-14
  1371  1.6950e-14
  1374  1.5172e-14
  1376  1.5938e-14
  1378  1.3854e-14
  1379  1.3426e-14
  1382  1.1999e-14
  1384  1.0278e-14
  1387  9.0296e-15
  1390  7.9943e-15
  1392  8.4681e-15
  1395  7.5359e-15
  1398  6.0767e-15
  1400  6.2430e-15
  1403  5.4168e-15
  1404  4.4851e-15
  1407  4.7491e-15
  1409  4.5505e-15
  1412  4.6188e-15
  1413  4.8201e-15
  1414  3.9622e-15
  1416  3.9791e-15
  1417  3.3644e-15
  1419  2.8650e-15
  1422  2.3623e-15
  1425  2.4283e-15
  1428  2.4938e-15
  1429  2.0740e-15
  1431  1.9362e-15
  1433  1.8846e-15
  1434  1.7151e-15
  1435  1.7349e-15
  1437  1.8386e-15
  1440  1.6543e-15
  1442  1.3895e-15
  1444  1.1962e-15
  1445  1.2727e-15
  1446  1.0608e-15
  1448  9.0562e-16
  1451  8.9288e-16
  1453  7.5977e-16
  1454  7.0792e-16
  1457  6.3947e-16
  1460  5.8968e-16
  1462  5.5058e-16
  1463  5.5352e-16
  1466  5.7047e-16
  1468  6.0012e-16
  1471  5.2802e-16
  1474  4.3692e-16
  1476  4.5473e-16
  1478  4.8740e-16
  1480  5.1665e-16
  1481  5.4425e-16
  1482  5.4183e-16
  1484  5.4821e-16
  1486  5.6651e-16
  1488  5.3693e-16
  1491  5.7230e-16
  1494  6.2027e-16
  1497  5.2410e-16
  1498  5.5329e-16
  1499  5.1172e-16
  1501  5.0638e-16
  1502  5.2124e-16
  1505  5.4410e-16
  1506  4.7726e-16
  1508  4.4090e-16
  1509  4.3840e-16
  1510  3.7541e-16
  1511  4.0534e-16
  1512  3.3939e-16
  1514  3.1278e-16
  1516  2.5932e-16
  1519  2.5376e-16
  1521  2.2402e-16
  1523  2.3843e-16
  1526  2.0623e-16
  1527  2.0750e-16
  1529  1.8307e-16
  1530  1.7461e-16
  1531  1.7142e-16
  1534  1.4364e-16
  1537  1.5117e-16
  1539  1.2955e-16
  1541  1.1845e-16
  1542  1.0173e-16
  1544  1.0754e-16
  1547  9.1042e-17
  1550  7.5894e-17
  1551  7.8745e-17
  1553  7.9851e-17
  1556  7.2239e-17
  1559  5.8962e-17
  1562  5.6306e-17
  1565  4.8036e-17
  1566  4.3071e-17
  1567  4.5421e-17
  1570  4.3694e-17
  1573  4.3476e-17
  1574  4.7372e-17
  1575  5.0652e-17
  1577  5.3439e-17
  1578  4.6437e-17
  1581  4.4894e-17
  1582  4.0262e-17
  1583  3.5753e-17
  1585  3.0730e-17
  1586  3.2757e-17
  1587  2.6989e-17
  1590  2.6799e-17
  1591  2.5701e-17
  1592  2.6267e-17
  1593  2.2878e-17
  1596  2.4541e-17
  1598  2.1872e-17
  1599  1.9535e-17
  1602  2.1367e-17
  1605  1.7772e-17
  1608  1.9333e-17
  1609  1.9293e-17
  1612  1.9686e-17
  1613  2.0825e-17
  1614  1.9093e-17
  1617  1.5532e-17
  1618  1.4369e-17
  1620  1.2716e-17
  1621  1.2574e-17
  1622  1.3174e-17
  1623  1.2147e-17
  1626  1.2043e-17
  1627  9.8793e-18
  1629  8.4419e-18
  1630  7.3087e-18
  1633  6.0705e-18
  1634  6.0650e-18
  1637  6.5657e-18
  1640  6.2451e-18
  1641  6.7334e-18
  1642  7.3540e-18
  1644  7.5220e-18
  1645  7.7290e-18
  1646  7.9777e-18
  1647  6.9695e-18
  1649  6.3977e-18
  1652  6.5692e-18
  1655  5.4271e-18
  1656  5.4850e-18
  1658  5.0135e-18
  1659  4.5167e-18
  1662  4.4047e-18
  1665  4.4838e-18
  1666  4.5398e-18
  1668  3.9648e-18
  1670  3.7213e-18
  1673  2.9818e-18
  1674  2.3869e-18
  1677  2.1273e-18
  1679  2.0700e-18
  1681  2.1854e-18
  1683  2.2740e-18
  1686  2.1338e-18
  1688  1.9191e-18
  1691  1.8140e-18
  1694  1.7818e-18
  1695  1.7262e-18
  1696  1.7400e-18
  1697  1.7142e-18
  1698  1.5044e-18
  1699  1.3599e-18
  1702  1.1190e-18
  1704  1.1536e-18
  1706  1.0130e-18
  1707  9.1644e-19
  1708  7.6920e-19
  1711  6.6872e-19
  1713  6.2251e-19
  1715  6.2162e-19
  1716  5.6517e-19
  1717  5.9705e-19
  1718  6.5133e-19
  1720  5.5445e-19
  1723  5.1616e-19
  1726  4.6331e-19
  1728  4.6679e-19
  1731  4.6164e-19
  1732  4.9529e-19
  1735  4.0629e-19
  1738  3.5649e-19
  1740  3.2477e-19
  1742  3.1322e-19
  1744  2.9793e-19
  1745  3.1395e-19
  1746  2.5731e-19
  1747  2.5713e-19
  1748  2.5270e-19
  1751  2.2789e-19
  1752  1.9145e-19
  1754  2.0279e-19
  1757  2.0823e-19
  1758  2.2225e-19
  1761  2.3372e-19
  1762  2.0339e-19
  1765  2.2246e-19
  1766  2.2546e-19
  1769  2.1466e-19
  1770  1.7190e-19
  1771  1.5118e-19
  1773  1.4566e-19
  1774  1.4936e-19
  1776  1.4568e-19
  1779  1.3599e-19
  1782  1.4298e-19
  1784  1.3301e-19
  1786  1.3147e-19
  1787  1.3845e-19
  1788  1.1368e-19
  1789  1.0742e-19
  1791  9.9468e-20
  1792  8.5537e-20
  1793  9.0709e-20
  1795  8.3409e-20
  1798  6.8925e-20
  1800  7.2095e-20
  1802  6.3825e-20
  1805  6.3641e-20
  1808  6.2997e-20
  1809  6.8598e-20
  1812  7.1685e-20
  1815  6.9251e-20
  1818  6.4321e-20
  1819  5.4855e-20
  1821  5.3676e-20
  1823  4.6668e-20
  1825  4.4604e-20
  1826  3.8246e-20
  1827  3.4156e-20
  1829  3.0783e-20
  1830  2.8157e-20
  1832  2.2705e-20
  1834  1.8628e-20
  1836  1.7347e-20
  1839  1.8102e-20
  1841  1.9102e-20
  1843  1.7957e-20
  1844  1.6672e-20
  1845  1.8231e-20
  1846  1.9144e-20
  1847  1.5840e-20
  1848  1.5875e-20
  1849  1.3396e-20
  1851  1.4531e-20
  1852  1.5893e-20
  1855  1.4491e-20
  1858  1.4117e-20
  1859  1.4830e-20
  1860  1.5779e-20
  1861  1.3242e-20
  1862  1.0999e-20
  1865  9.9471e-21
  1866  1.0239e-20
  1869  9.0601e-21
  1871  9.9138e-21
  1872  1.0569e-20
  1875  9.5407e-21
  1876  8.0878e-21
  1877  7.6540e-21
  1880  8.1203e-21
  1881  6.9625e-21
  1883  6.9626e-21
  1886  7.1699e-21
  1888  6.8994e-21
  1890  7.5449e-21
  1891  7.5645e-21
  1892  7.9553e-21
  1893  8.7374e-21
  1894  9.3681e-21
  1896  7.6044e-21
  1898  6.8848e-21
  1899  6.4108e-21
  1902  5.2755e-21
  1905  5.0126e-21
  1907  4.1703e-21
  1908  3.8595e-21
  1911  3.2414e-21
  1912  3.0269e-21
  1913  3.2422e-21
  1916  3.3486e-21
  1919  3.1045e-21
  1920  3.3448e-21
  1921  3.4461e-21
  1924  3.3038e-21
  1927  2.8217e-21
  1928  3.0145e-21
  1929  2.8462e-21
  1932  2.7900e-21
  1933  2.6565e-21
  1935  2.7449e-21
  1936  2.8565e-21
  1937  2.4542e-21
  1940  2.5749e-21
  1942  2.2774e-21
  1945  1.9179e-21
  1947  1.8993e-21
  1950  2.0220e-21
  1953  1.7683e-21
  1956  1.9188e-21
  1957  1.9763e-21
  1959  1.7149e-21
  1961  1.4263e-21
  1964  1.3267e-21
  1967  1.1249e-21
  1970  9.3472e-22
  1973  9.5918e-22
  1975  9.9350e-22
  1976  1.0239e-21
  1977  8.5030e-22
  1978  8.4250e-22
  1980  7.4154e-22
  1983  8.0990e-22
  1985  7.6048e-22
  1988  6.7530e-22
  1989  5.7234e-22
  1992  5.7711e-22
  1994  5.1978e-22
  1997  4.9512e-22
  1999  5.3528e-22
  2000  5.0179e-22
  2001  4.7613e-22
  2003  4.0467e-22
  2006  4.3782e-22
  2007  4.0592e-22
  2010  3.6404e-22
  2011  3.0464e-22
  2013  2.9330e-22
  2015  2.5907e-22
  2018  2.0823e-22
  2020  2.0207e-22
  2023  2.1149e-22
  2024  1.8438e-22
  2027  2.0222e-22
  2029  1.7412e-22
  2032  1.7671e-22
  2034  1.6994e-22
  2035  1.7601e-22
  2038  1.4313e-22
  2041  1.2714e-22
  2043  1.0478e-22
  2044  9.4755e-23
  2046  7.9481e-23
  2047  7.8615e-23
  2050  7.0790e-23
  2052  7.1382e-23
  2055  6.1517e-23
  2058  5.1038e-23
  2060  5.4715e-23
  2061  5.5285e-23
  2062  5.8804e-23
  2063  5.4159e-23
  2064  4.6818e-23
  2066  4.3010e-23
  2067  4.1278e-23
  2070  3.9319e-23
  2072  3.5033e-23
  2074  3.7071e-23
  2077  3.3364e-23
  2078  3.2992e-23
  2081  3.4792e-23
  2083  3.7759e-23
  2085  3.1195e-23
  2087  2.7543e-23
  2088  2.8902e-23
  2091  2.4757e-23
  2094  2.0368e-23
  2095  2.0548e-23
  2097  1.9435e-23
  2099  1.7958e-23
  2102  1.7056e-23
  2104  1.7849e-23
  2107  1.7064e-23
  2109  1.5765e-23
  2112  1.4373e-23
  2114  1.3097e-23
  2116  1.2749e-23
  2118  1.3125e-23
  2120  1.1950e-23
  2121  1.0471e-23
  2124  9.0321e-24
  2125  7.9971e-24
  2128  7.6875e-24
  2129  7.7121e-24
  2130  6.3161e-24
  2132  6.3226e-24
  2133  6.6358e-24
  2134  5.7011e-24
  2135  4.9201e-24
  2136  3.9711e-24
  2138  3.4296e-24
  2139  3.6982e-24
  2142  3.4302e-24
  2144  3.7611e-24
  2147  3.7136e-24
  2149  3.7705e-24
  2152  3.3081e-24
  2154  3.1543e-24
  2156  2.6307e-24
  2157  2.1425e-24
  2160  1.9862e-24
  2162  1.9680e-24
  2165  1.6851e-24
  2168  1.7924e-24
  2170  1.5773e-24
  2172  1.4054e-24
  2174  1.4390e-24
  2176  1.2178e-24
  2178  1.0041e-24
  2179  9.8534e-25
  2181  1.0337e-24
  2184  1.0488e-24
  2187  9.8619e-25
  2188  7.9678e-25
  2191  6.6519e-25
  2194  6.9482e-25
  2195  7.3960e-25
  2196  7.0827e-25
  2197  6.1488e-25
  2199  6.6152e-25
  2201  6.5564e-25
  2203  6.3034e-25
  2206  5.4034e-25
  2209  5.0441e-25
  2211  5.1069e-25
  2213  4.6500e-25
  2216  4.8483e-25
  2218  4.9978e-25
  2219  4.8117e-25
  2220  4.2807e-25
  2222  4.6052e-25
  2224  4.0401e-25
  2226  3.3342e-25
  2229  3.3706e-25
  2230  2.6984e-25
  2232  2.7438e-25
  2234  2.3737e-25
  2237  2.4317e-25
  2239  2.6256e-25
  2240  2.1983e-25
  2241  1.9453e-25
  2242  1.6224e-25
  2244  1.4308e-25
  2245  1.2891e-25
  2248  1.1391e-25
  2251  1.1007e-25
  2254  9.8967e-26
  2255  1.0300e-25
  2256  1.0460e-25
  2258  1.1429e-25
  2259  9.4919e-26
  2261  7.7604e-26
  2263  7.4044e-26
  2266  6.3301e-26
  2269  6.4192e-26
  2272  5.1670e-26
  2273  5.6244e-26
  2275  5.9130e-26
  2277  6.2847e-26
  2278  6.7422e-26
  2280  7.3310e-26
  2283  6.5632e-26
  2285  5.2606e-26
  2286  5.5048e-26
  2288  5.7717e-26
  2290  5.8240e-26
  2292  5.4798e-26
  2295  5.7398e-26
  2297  6.2918e-26
  2298  6.2615e-26
  2300  5.0312e-26
  2301  5.3765e-26
  2303  5.8537e-26
  2306  4.8135e-26
  2308  4.4733e-26
  2309  4.5533e-26
  2312  4.7941e-26
  2315  4.6008e-26
  2318  3.9776e-26
  2320  3.1933e-26
  2321  2.8375e-26
  2322  2.5451e-26
  2323  2.4786e-26
  2325  2.0202e-26
  2328  1.7383e-26
  2330  1.4003e-26
  2332  1.1352e-26
  2335  1.1407e-26
  2337  1.2179e-26
  2338  1.1732e-26
  2341  1.0622e-26
  2342  1.1424e-26
  2344  9.4039e-27
  2345  7.5629e-27
  2346  7.7951e-27
  2347  7.5406e-27
  2350  7.0198e-27
  2352  7.3710e-27
  2354  7.7444e-27
  2357  8.3277e-27
  2360  7.8580e-27
  2363  7.3247e-27
  2364  5.8990e-27
  2367  5.7891e-27
  2370  5.9723e-27
  2373  6.4677e-27
  2374  6.5204e-27
  2375  6.7644e-27
  2377  5.6385e-27
  2379  5.2993e-27
  2382  5.8220e-27
  2385  5.4376e-27
  2387  5.4622e-27
  2389  5.4859e-27
  2390  4.6728e-27
  2392  4.6879e-27
  2395  4.6728e-27
  2397  4.3303e-27
  2400  4.3008e-27
  2403  4.4718e-27
  2404  3.6867e-27
  2407  3.5759e-27
  2410  3.4742e-27
  2411  2.9502e-27
  2413  2.4460e-27
  2415  2.6019e-27
  2417  2.5501e-27
  2418  2.1364e-27
  2421  1.9298e-27
  2424  1.7653e-27
  2425  1.5001e-27
  2427  1.2733e-27
  2429  1.1218e-27
  2431  1.2208e-27
  2433  1.3258e-27
  2434  1.2882e-27
  2435  1.2018e-27
  2438  1.1223e-27
  2439  9.8915e-28
  2440  9.8455e-28
  2443  1.0058e-27
  2446  9.4778e-28
  2448  1.0066e-27
  2449  8.2934e-28
  2452  7.9742e-28
  2453  6.9647e-28
  2455  7.5814e-28
  2456  6.3916e-28
  2459  6.9153e-28
  2461  5.7914e-28
  2463  5.6051e-28
  2464  4.9577e-28
  2465  4.3431e-28
  2468  4.3809e-28
  2470  4.3650e-28
  2473  4.0456e-28
  2476  4.1128e-28
  2477  4.0156e-28
  2478  4.3269e-28
  2481  4.4103e-28
  2483  4.3742e-28
  2486  4.2196e-28
  2487  4.3049e-28
  2488  3.8015e-28
  2490  3.0602e-28
  2491  2.9661e-28
  2493  2.8543e-28
  2495  2.6044e-28
  2496  2.6038e-28
  2497  2.3938e-28
  2498  2.5852e-28
  2500  2.6870e-28
  2503  2.7555e-28
  2504  2.6460e-28
  2507  2.2116e-28
  2510  2.3817e-28
  2511  2.5452e-28
  2514  2.6167e-28
  2517  2.3142e-28
  2520  1.9785e-28
  2522  1.8851e-28
  2524  1.5690e-28
  2525  1.4231e-28
  2527  1.5533e-28
  2528  1.2656e-28
  2530  1.3766e-28
  2533  1.2188e-28
  2534  1.1003e-28
  2535  1.1528e-28
  2537  1.0512e-28
  2539  8.9947e-29
  2540  7.6786e-29
  2542  8.1119e-29
  2545  8.1291e-29
  2548  7.8087e-29
  2550  6.5267e-29
  2552  5.2386e-29
  2555  5.0003e-29
  2556  5.3311e-29
  2557  4.5248e-29
  2559  4.3676e-29
  2561  3.5038e-29
  2562  3.6534e-29
  2563  4.0109e-29
  2564  3.4324e-29
  2565  2.9967e-29
  2567  3.0535e-29
  2569  2.9060e-29
  2570  2.6247e-29
  2572  2.7631e-29
  2573  2.4168e-29
  2575  2.3086e-29
  2578  2.3409e-29
  2580  2.5614e-29
  2583  2.1449e-29
  2586  2.2780e-29
  2587  2.0122e-29
  2590  2.0884e-29
  2593  1.7962e-29
  2596  1.9271e-29
  2599  1.5893e-29
  2601  1.5478e-29
  2602  1.4752e-29
  2604  1.6133e-29
  2605  1.6814e-29
  2607  1.3805e-29
  2609  1.3521e-29
  2611  1.1441e-29
  2614  1.1585e-29
  2617  9.5954e-30
  2618  8.0146e-30
  2621  7.7633e-30
  2622  7.3473e-30
  2625  6.5822e-30
  2628  6.2251e-30
  2629  6.4962e-30
  2631  5.4702e-30
  2634  5.0707e-30
  2637  4.1626e-30
  2638  3.3841e-30
  2639  2.7987e-30
  2641  2.3222e-30
  2644  2.2445e-30
  2645  2.4377e-30
  2648  2.4597e-30
  2650  2.6279e-30
  2651  2.2527e-30
  2653  2.2023e-30
  2654  2.0808e-30
  2657  2.1533e-30
  2660  2.0549e-30
  2661  2.0653e-30
  2664  1.8618e-30
  2666  2.0292e-30
  2667  2.0641e-30
  2669  1.8565e-30
  2671  1.5755e-30
  2674  1.4944e-30
  2675  1.5953e-30
  2678  1.3550e-30
  2679  1.3447e-30
  2680  1.4137e-30
  2682  1.2221e-30
  2685  1.0418e-30
  2687  1.0486e-30
  2690  9.6735e-31
  2691  9.9774e-31
  2692  9.0087e-31
  2695  8.5278e-31
  2698  6.9307e-31
  2699  7.2696e-31
  2702  6.1442e-31
  2703  5.7113e-31
  2706  5.0660e-31
  2708  5.0296e-31
  2710  5.4551e-31
  2711  4.6676e-31
  2713  4.4699e-31
  2716  4.4734e-31
  2717  4.8116e-31
  2718  4.0296e-31
  2720  3.8910e-31
  2722  3.2284e-31
  2725  3.3956e-31
  2727  2.8286e-31
  2729  3.0919e-31
  2732  2.7135e-31
  2735  2.5953e-31
  2738  2.3356e-31
  2739  2.3399e-31
  2741  2.0673e-31
  2744  1.7769e-31
  2745  1.5574e-31
  2747  1.5756e-31
  2750  1.6958e-31
  2752  1.6185e-31
  2754  1.4232e-31
  2756  1.3805e-31
  2758  1.5119e-31
  2760  1.2914e-31
  2761  1.1854e-31
  2762  1.0651e-31
  2764  1.0184e-31
  2766  1.0375e-31
  2769  9.1421e-32
  2771  9.9649e-32
  2774  9.3869e-32
  2775  7.6434e-32
  2777  6.1517e-32
  2778  5.7008e-32
  2780  5.8187e-32
  2782  5.3684e-32
  2785  5.6162e-32
  2788  5.4544e-32
  2789  5.2508e-32
  2792  4.6747e-32
  2793  4.5885e-32
  2796  4.9761e-32
  2798  4.5787e-32
  2801  4.2974e-32
  2803  4.1336e-32
  2805  3.5730e-32
  2808  3.2832e-32
  2811  3.0634e-32
  2814  2.5114e-32
  2815  2.1709e-32
  2817  1.8531e-32
  2819  1.5425e-32
  2822  1.2351e-32
  2825  1.2120e-32
  2826  1.1187e-32
  2827  1.1413e-32
  2829  1.0133e-32
  2832  9.6247e-33
  2835  8.9639e-33
  2837  9.6801e-33
  2840  9.4131e-33
  2841  7.8608e-33
  2844  8.2645e-33
  2845  7.8720e-33
  2846  6.9769e-33
  2849  7.3463e-33
  2851  7.4315e-33
  2852  6.8170e-33
  2854  5.8574e-33
  2856  5.9587e-33
  2858  6.3992e-33
  2859  5.9344e-33
  2861  4.9308e-33
  2863  4.5859e-33
  2865  4.7945e-33
  2867  4.1283e-33
  2870  3.5996e-33
  2872  3.7775e-33
  2873  3.0501e-33
  2875  2.6879e-33
  2876  2.6251e-33
  2878  2.5520e-33
  2881  2.0993e-33
  2883  2.0239e-33
  2886  2.0162e-33
  2889  1.9879e-33
  2891  1.7968e-33
  2894  1.9186e-33
  2897  1.8869e-33
  2900  1.5857e-33
  2901  1.5181e-33
  2904  1.5481e-33
  2905  1.3760e-33
  2906  1.1599e-33
  2908  1.2498e-33
  2911  1.3366e-33
  2914  1.4078e-33
  2916  1.2471e-33
  2917  1.0585e-33
  2918  1.0405e-33
  2919  1.0797e-33
  2922  9.3576e-34
  2925  9.4485e-34
  2927  9.3954e-34
  2930  8.6770e-34
  2933  8.9140e-34
  2934  7.3516e-34
  2937  6.5988e-34
  2939  6.8918e-34
  2941  6.5409e-34
  2942  5.7098e-34
  2943  4.6275e-34
  2946  4.4734e-34
  2949  4.6898e-34
  2950  4.8373e-34
  2951  5.0518e-34
  2954  4.4985e-34
  2955  3.6753e-34
  2956  3.6840e-34
  2957  3.6495e-34
  2958  3.4894e-34
  2959  3.0878e-34
  2962  2.5820e-34
  2965  2.2523e-34
  2968  1.8620e-34
  2971  1.7997e-34
  2973  1.6488e-34
  2974  1.7820e-34
  2976  1.7315e-34
  2978  1.4280e-34
  2979  1.2328e-34
  2982  1.0419e-34
  2984  1.0540e-34
  2985  1.0686e-34
  2988  9.1472e-35
  2991  7.4813e-35
  2992  7.3157e-35
  2995  7.3921e-35
  2998  7.7111e-35
  3001  8.1799e-35
  3004  8.6364e-35
  3005  7.5277e-35
  3008  7.0464e-35
  3009  7.0276e-35
  3011  7.4609e-35
  3012  6.9148e-35
  3014  6.6176e-35
  3015  6.4745e-35
  3016  6.9157e-35
  3018  7.2316e-35
  3021  7.0288e-35
  3022  7.3688e-35
  3023  6.6754e-35
  3025  5.6782e-35
  3028  5.9237e-35
  3029  5.4965e-35
  3030  4.5609e-35
  3032  4.9868e-35
  3034  4.2683e-35
  3037  4.2835e-35
  3038  4.4723e-35
  3041  4.4125e-35
  3043  3.7901e-35
  3046  4.0604e-35
  3047  4.3099e-35
  3049  3.6051e-35
  3051  3.6284e-35
  3052  3.2435e-35
  3055  2.6312e-35
  3056  2.3757e-35
  3059  2.3247e-35
  3062  2.2381e-35
  3064  2.3015e-35
  3065  2.3550e-35
  3067  2.2675e-35
  3068  2.1933e-35
  3071  2.3641e-35
  3074  2.1637e-35
  3076  1.9871e-35
  3078  1.9492e-35
  3081  1.8479e-35
  3083  1.9135e-35
  3086  1.8231e-35
  3087  1.7384e-35
  3089  1.5673e-35
  3090  1.3738e-35
  3091  1.3580e-35
  3094  1.2919e-35
  3095  1.0866e-35
  3098  1.0549e-35
  3101  8.9243e-36
  3102  7.7875e-36
  3105  7.8250e-36
  3106  6.3440e-36
  3109  5.8676e-36
  3110  6.2712e-36
  3113  5.8109e-36
  3116  5.5445e-36
  3118  5.9074e-36
  3120  6.3492e-36
  3121  6.5076e-36
  3122  6.3657e-36
  3124  6.4704e-36
  3125  6.8431e-36
  3126  5.7841e-36
  3129  5.1594e-36
  3132  4.8563e-36
  3135  5.1658e-36
  3138  4.4325e-36
  3139  4.4005e-36
  3141  3.7665e-36
  3142  4.1039e-36
  3143  3.3264e-36
  3146  3.6176e-36
  3147  3.9491e-36
  3148  3.3075e-36
  3149  2.8167e-36
  3150  2.4913e-36
  3153  2.3904e-36
  3155  2.6282e-36
  3156  2.2959e-36
  3159  2.4182e-36
  3162  1.9610e-36
  3163  2.0056e-36
  3165  1.9227e-36
  3167  1.9191e-36
  3168  1.8120e-36
  3169  1.6185e-36
  3171  1.7186e-36
  3172  1.8904e-36
  3173  1.9924e-36
  3176  1.9093e-36
  3177  1.7143e-36
  3179  1.4765e-36
  3180  1.2719e-36
  3182  1.0463e-36
  3183  9.0915e-37
  3184  9.7170e-37
  3186  1.0186e-36
  3187  1.0175e-36
  3190  8.3303e-37
  3193  8.9482e-37
  3195  8.3580e-37
  3198  8.1154e-37
  3199  6.9730e-37
  3202  6.2720e-37
  3204  5.0254e-37
  3207  5.1369e-37
  3208  4.9064e-37
  3209  4.6212e-37
  3211  4.9142e-37
  3213  5.0598e-37
  3216  4.3288e-37
  3218  4.0455e-37
  3221  3.8380e-37
  3222  3.1027e-37
  3225  3.0354e-37
  3226  3.1668e-37
  3229  2.8535e-37
  3230  2.7565e-37
  3232  2.5532e-37
  3233  2.4968e-37
  3236  2.5866e-37
  3239  2.4746e-37
  3240  2.3377e-37
  3243  2.2720e-37
  3246  2.4103e-37
  3249  2.3784e-37
  3252  2.2139e-37
  3255  1.9134e-37
  3256  1.7850e-37
  3258  1.6488e-37
  3261  1.3957e-37
  3263  1.4436e-37
  3264  1.3498e-37
  3266  1.1506e-37
  3267  9.6639e-38
  3269  8.1850e-38
  3271  8.8114e-38
  3274  7.6341e-38
  3275  7.3285e-38
  3276  6.3720e-38
  3277  6.1931e-38
  3280  5.9696e-38
  3282  4.8669e-38
  3285  4.3393e-38
  3288  4.6805e-38
  3290  4.4401e-38
  3292  4.5036e-38
  3293  4.0426e-38
  3294  3.3851e-38
  3296  3.6497e-38
  3297  3.7452e-38
  3299  3.0423e-38
  3300  2.8935e-38
  3302  3.1215e-38
  3305  2.8010e-38
  3308  2.8277e-38
  3310  3.1005e-38
  3313  2.6792e-38
  3316  2.3507e-38
  3319  2.1694e-38
  3320  2.1839e-38
  3322  2.0785e-38
  3325  1.8029e-38
  3326  1.5916e-38
  3328  1.5839e-38
  3330  1.6237e-38
  3331  1.5103e-38
  3332  1.2198e-38
  3335  1.1058e-38
  3337  9.2665e-39
  3338  9.3560e-39
  3339  8.5174e-39
  3342  7.2191e-39
  3344  6.5420e-39
  3347  7.0449e-39
  3349  7.2280e-39
  3351  7.9083e-39
  3353  7.0991e-39
  3354  7.3924e-39
  3357  6.2688e-39
  3360  5.6757e-39
  3362  5.4766e-39
  3363  5.3973e-39
  3364  5.3825e-39
  3365  4.9994e-39
  3368  5.4101e-39
  3370  5.0311e-39
  3372  4.7718e-39
  3373  5.2130e-39
  3374  4.7754e-39
  3377  5.1336e-39
  3379  5.2872e-39
  3381  4.7285e-39
  3384  4.2832e-39
  3386  3.5078e-39
  3388  3.3964e-39
  3391  3.1258e-39
  3393  2.7224e-39
  3394  2.8873e-39
  3395  2.3555e-39
  3398  2.0585e-39
  3401  1.8058e-39
  3402  1.5147e-39
  3404  1.5002e-39
  3405  1.4234e-39
  3408  1.4157e-39
  3409  1.4904e-39
  3411  1.4955e-39
  3412  1.3196e-39
  3414  1.2978e-39
  3417  1.3322e-39
  3420  1.1725e-39
  3421  1.1011e-39
  3424  9.6833e-40
  3426  1.0649e-39
  3428  1.0078e-39
  3429  9.7405e-40
  3432  8.9636e-40
  3435  8.7562e-40
  3436  7.0483e-40
  3438  6.7842e-40
  3440  6.3397e-40
  3442  6.1444e-40
  3444  6.3428e-40
  3445  5.6177e-40
  3446  5.7289e-40
  3449  5.6429e-40
  3450  4.5934e-40
  3451  4.9174e-40
  3452  5.2506e-40
  3454  4.9277e-40
  3456  4.0293e-40
  3457  3.8897e-40
  3460  3.4321e-40
  3463  3.6508e-40
  3466  3.2041e-40
  3469  2.6393e-40
  3472  2.7762e-40
  3475  2.4804e-40
  3477  2.3060e-40
  3480  2.1873e-40
  3482  2.3772e-40
  3484  2.1983e-40
  3485  2.2626e-40
  3486  1.8903e-40
  3488  1.6293e-40
  3491  1.3387e-40
  3493  1.1679e-40
  3495  1.1627e-40
  3498  1.2408e-40
  3499  1.2741e-40
  3502  1.1964e-40
  3505  1.1839e-40
  3508  1.1435e-40
  3511  1.1260e-40
  3512  1.1368e-40
  3513  9.6717e-41
  3515  9.1754e-41
  3516  8.7610e-41
  3518  8.2883e-41
  3519  7.3913e-41
  3522  6.4723e-41
  3524  6.5683e-41
  3527  6.3194e-41
  3528  5.4040e-41
  3530  5.6489e-41
  3531  5.7200e-41
  3533  6.1730e-41
  3534  6.3550e-41
  3535  5.2829e-41
  3537  5.0173e-41
  3540  5.4976e-41
  3541  5.1976e-41
  3542  5.2045e-41
  3545  4.4264e-41
  3547  4.5406e-41
  3550  4.9162e-41
  3551  4.8114e-41
  3552  4.8263e-41
  3554  4.9859e-41
  3557  5.2600e-41
  3558  5.6507e-41
  3559  5.2847e-41
  3561  4.6921e-41
  3564  4.0502e-41
  3567  4.0994e-41
  3569  3.9514e-41
  3570  3.9264e-41
  3571  3.2548e-41
  3572  3.0926e-41
  3575  2.6707e-41
  3577  2.7586e-41
  3580  2.7282e-41
  3583  2.3136e-41
  3585  2.0661e-41
  3586  1.6624e-41
  3589  1.7192e-41
  3592  1.7517e-41
  3593  1.5027e-41
  3594  1.5535e-41
  3595  1.4804e-41
  3598  1.2111e-41
  3599  1.0715e-41
  3602  9.1840e-42
  3603  9.9852e-42
  3605  9.0651e-42
  3607  8.9644e-42
  3610  9.2169e-42
  3613  8.6347e-42
  3615  7.7185e-42
  3617  8.3543e-42
  3619  6.9762e-42
  3621  5.6219e-42
  3624  4.8113e-42
  3627  4.3167e-42
  3630  4.4334e-42
  3631  4.8599e-42
  3634  4.7742e-42
  3636  4.4452e-42
  3639  4.6100e-42
  3641  4.3454e-42
  3642  4.5049e-42
  3643  4.0292e-42
  3646  4.3628e-42
  3648  3.7626e-42
  3650  3.8642e-42
  3651  4.0358e-42
  3652  3.6308e-42
  3653  3.2498e-42
  3655  2.6981e-42
  3658  2.4592e-42
  3659  2.4657e-42
  3660  2.0075e-42
  3662  1.9737e-42
  3665  2.1649e-42
  3668  1.8658e-42
  3671  1.8679e-42
  3673  1.8003e-42
  3676  1.5327e-42
  3678  1.3110e-42
  3679  1.0754e-42
  3681  9.2657e-43
  3682  8.9493e-43
  3683  8.0685e-43
  3685  6.5316e-43
  3688  6.5669e-43
  3691  7.0157e-43
  3694  5.7441e-43
  3696  6.1389e-43
  3697  5.5453e-43
  3700  5.3598e-43
  3703  4.6998e-43
  3704  4.9525e-43
  3705  5.1263e-43
  3708  4.9013e-43
  3711  4.6946e-43
  3712  5.0880e-43
  3715  4.3086e-43
  3717  4.2263e-43
  3719  4.1635e-43
  3720  3.3905e-43
  3722  2.8382e-43
  3724  2.6194e-43
  3727  2.8446e-43
  3730  2.7654e-43
  3731  2.3804e-43
  3733  2.4102e-43
  3736  2.5491e-43
  3738  2.4589e-43
  3741  2.1978e-43
  3742  2.2668e-43
  3744  2.2920e-43
  3745  2.4521e-43
  3747  2.4349e-43
  3749  2.4846e-43
  3751  2.0823e-43
  3754  1.8541e-43
  3757  1.6351e-43
  3758  1.7288e-43
  3760  1.8932e-43
  3762  2.0545e-43
  3764  1.8452e-43
  3765  1.5448e-43
  3766  1.4202e-43
  3767  1.5434e-43
  3770  1.5281e-43
  3771  1.4330e-43
  3772  1.3117e-43
  3773  1.2293e-43
  3776  1.1477e-43
  3777  9.8347e-44
  3780  8.7250e-44
  3781  7.3489e-44
  3784  7.5549e-44
  3785  7.7753e-44
  3787  7.2252e-44
  3789  6.6894e-44
  3790  7.2107e-44
  3792  7.0227e-44
  3795  6.5410e-44
  3797  6.3920e-44
  3800  5.3847e-44
  3801  5.3807e-44
  3804  5.7092e-44
  3806  5.3303e-44
  3808  5.4071e-44
  3811  5.0330e-44
  3814  4.6083e-44
  3816  4.7348e-44
  3817  5.0339e-44
  3818  5.2245e-44
  3819  5.0372e-44
  3822  4.2554e-44
  3825  3.9074e-44
  3827  3.6459e-44
  3830  3.1370e-44
  3832  2.6110e-44
  3835  2.8126e-44
  3837  2.7566e-44
  3839  2.6651e-44
  3841  2.5989e-44
  3842  2.5275e-44
  3843  2.1362e-44
  3845  1.9792e-44
  3846  1.7055e-44
  3848  1.8574e-44
  3849  1.9509e-44
  3852  1.6101e-44
  3854  1.4003e-44
  3857  1.4035e-44
  3858  1.3055e-44
  3861  1.1761e-44
  3863  1.0377e-44
  3865  8.8277e-45
  3867  7.1493e-45
  3870  6.6458e-45
  3872  5.4067e-45
  3873  4.5130e-45
  3876  4.4998e-45
  3878  3.9762e-45
  3879  4.3589e-45
  3881  3.5964e-45
  3884  3.6575e-45
  3885  3.9566e-45
  3887  3.8891e-45
  3889  3.5857e-45
  3890  3.5554e-45
  3893  3.9037e-45
  3894  3.8781e-45
  3897  4.2348e-45
  3900  3.5599e-45
  3901  3.8512e-45
  3904  4.0053e-45
  3905  4.0953e-45
  3907  3.8580e-45
  3910  3.9147e-45
  3913  3.6032e-45
  3914  3.2955e-45
  3915  3.4833e-45
  3917  3.7092e-45
  3919  3.9033e-45
  3922  3.4311e-45
  3925  3.2023e-45
  3926  3.5220e-45
  3929  3.6317e-45
  3930  3.4911e-45
  3931  3.0568e-45
  3933  2.5924e-45
  3934  2.6483e-45
  3935  2.8787e-45
  3938  2.8468e-45
  3939  2.9284e-45
  3942  2.7040e-45
  3944  2.8538e-45
  3946  2.9146e-45
  3947  2.5442e-45
  3949  2.0836e-45
  3952  1.8510e-45
  3953  1.9536e-45
  3956  1.8824e-45
  3958  1.6881e-45
  3960  1.7484e-45
  3962  1.9040e-45
  3964  1.6332e-45
  3966  1.4874e-45
  3969  1.3449e-45
  3970  1.0843e-45
  3971  9.6824e-46
  3972  1.0173e-45
  3974  9.1534e-46
  3977  9.2446e-46
  3979  7.4306e-46
  3981  7.8203e-46
  3984  6.7064e-46
  3987  6.3131e-46
  3988  6.6560e-46
  3989  6.9345e-46
  3990  7.1101e-46
  3991  6.7000e-46
  3994  6.3109e-46
  3997  5.4707e-46
  4000  5.4959e-46
  4003  5.8395e-46
  4004  4.9669e-46
  4005  4.3683e-46
  4007  3.5038e-46
  4008  3.3917e-46
  4010  3.3853e-46
  4012  3.4617e-46
  4014  3.5076e-46
  4016  3.2968e-46
  4018  3.5367e-46
  4021  3.7352e-46
  4024  3.6589e-46
  4026  3.0045e-46
  4029  3.0385e-46
  4031  2.6665e-46
  4032  2.8242e-46
  4033  2.7204e-46
  4036  2.7434e-46
  4039  2.4930e-46
  4041  2.2425e-46
  4044  1.9960e-46
  4046  1.6596e-46
  4048  1.6427e-46
  4051  1.7179e-46
  4053  1.6743e-46
  4056  1.6798e-46
  4058  1.7301e-46
  4060  1.8433e-46
  4063  1.9797e-46
  4066  1.8504e-46
  4069  1.6976e-46
  4072  1.4135e-46
  4075  1.3217e-46
  4077  1.1348e-46
  4079  9.6130e-47
  4082  8.9010e-47
  4083  8.0290e-47
  4085  8.0617e-47
  4088  7.6494e-47
  4091  7.0059e-47
  4093  6.9120e-47
  4094  6.6690e-47
  4096  6.8439e-47
  4097  7.0770e-47
  4100  6.0139e-47
  4103  4.8909e-47
  4105  4.8540e-47
  4106  4.3585e-47
  4108  3.5968e-47
  4109  3.4508e-47
  4112  3.4646e-47
  4115  2.8166e-47
  4117  2.9927e-47
  4119  3.0470e-47
  4122  3.0569e-47
  4123  3.2337e-47
  4125  3.2082e-47
  4126  2.6884e-47
  4128  2.3081e-47
  4130  2.4355e-47
  4131  2.2456e-47
  4134  1.8887e-47
  4136  1.6813e-47
  4137  1.5969e-47
  4139  1.7555e-47
  4142  1.7363e-47
  4143  1.5137e-47
  4145  1.4055e-47
  4148  1.1612e-47
  4150  1.1850e-47
  4153  1.2109e-47
  4154  1.1684e-47
  4157  1.2436e-47
  4158  1.1957e-47
  4161  1.2295e-47
  4162  1.1069e-47
  4165  1.2010e-47
  4168  1.1421e-47
  4169  9.3098e-48
  4171  9.0866e-48
  4172  9.6640e-48
  4175  9.9919e-48
  4177  9.3541e-48
  4179  8.3492e-48
  4181  7.3131e-48
  4183  7.2510e-48
  4186  5.9707e-48
  4189  5.7155e-48
  4190  4.9474e-48
  4191  5.0843e-48
  4193  4.5073e-48
  4194  3.8459e-48
  4195  3.7081e-48
  4196  3.2418e-48
  4199  2.6167e-48
  4200  2.6839e-48
  4203  2.4245e-48
  4206  2.4743e-48
  4209  2.6009e-48
  4210  2.4626e-48
  4213  2.1080e-48
  4215  2.0616e-48
  4218  1.8935e-48
  4220  2.0403e-48
  4223  2.2061e-48
  4226  1.8252e-48
  4229  1.7908e-48
  4232  1.8292e-48
  4233  1.5170e-48
  4236  1.6573e-48
  4237  1.3768e-48
  4239  1.1746e-48
  4242  9.6896e-49
  4245  8.5071e-49
  4248  7.1268e-49
  4249  7.2417e-49
  4251  6.2963e-49
  4253  6.2071e-49
  4254  5.3612e-49
  4255  4.9498e-49
  4256  5.0628e-49
  4258  4.4147e-49
  4259  4.2243e-49
  4260  3.8302e-49
  4261  3.2553e-49
  4262  3.5779e-49
  4264  3.6607e-49
  4265  3.0667e-49
  4266  3.3480e-49
  4269  3.4735e-49
  4272  2.9672e-49
  4273  2.5678e-49
  4275  2.5054e-49
  4278  2.2088e-49
  4281  2.4057e-49
  4283  2.1531e-49
  4284  2.2870e-49
  4286  2.2536e-49
  4289  2.0880e-49
  4290  1.7649e-49
  4293  1.4558e-49
  4296  1.2385e-49
  4299  1.0308e-49
  4301  1.0355e-49
  4304  1.1168e-49
  4305  1.1519e-49
  4307  1.1763e-49
  4310  9.5268e-50
  4311  8.5222e-50
  4312  7.4474e-50
  4313  6.7831e-50
  4314  5.4729e-50
  4315  6.0152e-50
  4316  5.4599e-50
  4318  5.8245e-50
  4320  4.7548e-50
  4322  4.1448e-50
  4325  4.1288e-50
  4326  4.3046e-50
  4327  4.2194e-50
  4330  4.2678e-50
  4333  4.2307e-50
  4335  3.4879e-50
  4337  3.7117e-50
  4340  3.8252e-50
  4343  3.9949e-50
  4346  3.2347e-50
  4349  3.5056e-50
  4350  3.4978e-50
  4351  3.2590e-50
  4352  2.8520e-50
  4353  2.5416e-50
  4355  2.7725e-50
  4357  3.0477e-50
  4360  3.2811e-50
  4363  3.2404e-50
  4366  3.2011e-50
  4369  3.3877e-50
  4371  3.1435e-50
  4374  3.0039e-50
  4377  2.7060e-50
  4380  2.7119e-50
  4381  2.6251e-50
  4383  2.5900e-50
  4386  2.1440e-50
  4388  2.2222e-50
  4390  2.4185e-50
  4392  2.3095e-50
  4394  2.3498e-50
  4396  2.2316e-50
  4398  1.9963e-50
  4401  1.8820e-50
  4404  1.5596e-50
  4406  1.3530e-50
  4408  1.2761e-50
  4410  1.0930e-50
  4412  1.0139e-50
  4414  9.3478e-51
  4416  8.8165e-51
  4419  9.1979e-51
  4421  8.5108e-51
  4423  7.8153e-51
  4424  7.6072e-51
  4427  7.0542e-51
  4428  7.1310e-51
  4431  6.6302e-51
  4432  5.6377e-51
  4433  6.0070e-51
  4435  6.0127e-51
  4438  5.1133e-51
  4441  4.8645e-51
  4444  4.3416e-51
  4447  4.0531e-51
  4449  4.4168e-51
  4450  4.3867e-51
  4453  4.0692e-51
  4455  3.6174e-51
  4458  3.7539e-51
  4459  3.7455e-51
  4460  3.0782e-51
  4463  3.2195e-51
  4465  3.5383e-51
  4466  3.5173e-51
  4468  2.9663e-51
  4470  2.8961e-51
  4471  2.3568e-51
  4474  2.5325e-51
  4475  2.2364e-51
  4476  2.2425e-51
  4477  2.3367e-51
  4480  2.4470e-51
  4482  2.3251e-51
  4483  2.2795e-51
  4486  2.0263e-51
  4488  2.1575e-51
  4489  2.2554e-51
  4490  2.0925e-51
  4492  2.0593e-51
  4494  1.9562e-51
  4496  1.7969e-51
  4499  1.5380e-51
  4502  1.6058e-51
  4505  1.3076e-51
  4508  1.1729e-51
  4510  1.1603e-51
  4511  1.1718e-51
  4513  1.0312e-51
  4514  1.0921e-51
  4516  9.8375e-52
  4517  1.0733e-51
  4519  1.0509e-51
  4522  1.1519e-51
  4523  1.2084e-51
  4524  1.2243e-51
  4527  1.0576e-51
  4529  8.9799e-52
  4530  9.6450e-52
  4533  9.3542e-52
  4535  7.9591e-52
  4537  6.8650e-52
  4539  5.6494e-52
  4542  5.8277e-52
  4543  5.4015e-52
  4545  5.1235e-52
  4548  5.2147e-52
  4549  4.6591e-52
  4552  4.7581e-52
  4555  3.9662e-52
  4557  3.2396e-52
  4558  3.2803e-52
  4560  3.3564e-52
  4562  2.8385e-52
  4565  2.6462e-52
  4566  2.4176e-52
  4567  2.4522e-52
  4570  2.1756e-52
  4572  2.1006e-52
  4573  2.1131e-52
  4575  2.0291e-52
  4576  2.0641e-52
  4577  1.9953e-52
  4579  1.6313e-52
  4581  1.5068e-52
  4582  1.5606e-52
  4585  1.4514e-52
  4588  1.1781e-52
  4591  9.7839e-53
  4593  9.5276e-53
  4595  1.0310e-52
  4597  8.8379e-53
  4600  7.8807e-53
  4602  8.5753e-53
  4604  8.2665e-53
  4607  6.6225e-53
  4609  6.7821e-53
  4612  6.8583e-53
  4614  5.8152e-53
  4617  4.7588e-53
  4619  3.8117e-53
  4622  4.0438e-53
  4623  3.6024e-53
  4625  2.8842e-53
  4626  2.3714e-53
  4628  2.2683e-53
  4631  2.3395e-53
  4633  1.8886e-53
  4635  1.5133e-53
  4637  1.2853e-53
  4638  1.2106e-53
  4641  1.0236e-53
  4644  9.2100e-54
  4647  9.4021e-54
  4650  9.7919e-54
  4653  9.0408e-54
  4656  7.7182e-54
  4658  8.0461e-54
  4659  6.8667e-54
  4661  5.5609e-54
  4663  5.8679e-54
  4666  5.8701e-54
  4668  5.2380e-54
  4671  4.3717e-54
  4672  4.7531e-54
  4673  4.0629e-54
  4676  3.6588e-54
  4677  2.9342e-54
  4678  2.3673e-54
  4680  2.5415e-54
  4681  2.4432e-54
  4683  2.6332e-54
  4686  2.2446e-54
  4689  2.2056e-54
  4692  2.1052e-54
  4694  2.0558e-54
  4696  1.8542e-54
  4697  1.6973e-54
  4700  1.6949e-54
  4702  1.6140e-54
  4705  1.3735e-54
  4706  1.2875e-54
  4707  1.2913e-54
  4710  1.2104e-54
  4713  1.2284e-54
  4716  1.1295e-54
  4719  1.0732e-54
  4722  8.7359e-55
  4725  9.4238e-55
  4728  8.2024e-55
  4731  7.8916e-55
  4734  7.3803e-55
  4736  7.9091e-55
  4737  6.3605e-55
  4739  6.6609e-55
  4740  6.9007e-55
  4742  6.4636e-55
  4743  5.5252e-55
  4744  4.5711e-55
  4745  3.7473e-55
  4748  3.2912e-55
  4750  3.4697e-55
  4752  3.6057e-55
  4754  3.2912e-55
  4755  3.5507e-55
  4757  3.4185e-55
  4760  3.7573e-55
  4762  3.7002e-55
  4764  3.3193e-55
  4765  3.4161e-55
  4767  3.4609e-55
  4770  3.6637e-55
  4772  3.9110e-55
  4773  3.1603e-55
  4774  2.5816e-55
  4775  2.1146e-55
  4776  2.0880e-55
  4778  2.0755e-55
  4779  2.0116e-55
  4780  2.2036e-55
  4782  2.1908e-55
  4784  1.7694e-55
  4785  1.5321e-55
  4787  1.5206e-55
  4790  1.4343e-55
  4793  1.3528e-55
  4794  1.1606e-55
  4796  1.1254e-55
  4798  1.1420e-55
  4801  1.2464e-55
  4803  1.1599e-55
  4804  1.2125e-55
  4806  1.1621e-55
  4809  1.1053e-55
  4812  1.2132e-55
  4815  1.0914e-55
  4816  1.1478e-55
  4819  1.0972e-55
  4822  9.2886e-56
  4824  9.4970e-56
  4827  7.7294e-56
  4828  7.3087e-56
  4831  5.8961e-56
  4833  5.4657e-56
  4835  4.5344e-56
  4837  4.2496e-56
  4839  3.4094e-56
  4842  3.1642e-56
  4843  2.7945e-56
  4845  2.7157e-56
  4847  2.3047e-56
  4849  2.0895e-56
  4852  1.7256e-56
  4855  1.6074e-56
  4856  1.6038e-56
  4858  1.6976e-56
  4860  1.7026e-56
  4861  1.7635e-56
  4863  1.6633e-56
  4866  1.7963e-56
  4869  1.6162e-56
  4871  1.3954e-56
  4873  1.2497e-56
  4876  1.0936e-56
  4878  9.6517e-57
  4881  7.9817e-57
  4884  7.2945e-57
  4885  5.9539e-57
  4886  6.4288e-57
  4888  6.5668e-57
  4891  6.8698e-57
  4894  7.3379e-57
  4896  7.4485e-57
  4898  5.9794e-57
  4901  4.9916e-57
  4902  5.2367e-57
  4905  4.5124e-57
  4906  4.0952e-57
  4909  4.0740e-57
  4911  4.4001e-57
  4914  4.2550e-57
  4915  3.5710e-57
  4918  3.0562e-57
  4920  2.4705e-57
  4921  2.0823e-57
  4922  2.1883e-57
  4925  1.9619e-57
  4926  1.7805e-57
  4927  1.7470e-57
  4929  1.7297e-57
  4932  1.8535e-57
  4935  1.6892e-57
  4938  1.6508e-57
  4940  1.4178e-57
  4942  1.1460e-57
  4945  1.0238e-57
  4946  8.8235e-58
  4949  9.3714e-58
  4952  9.3392e-58
  4954  9.8629e-58
  4957  8.2052e-58
  4959  8.5871e-58
  4962  8.3357e-58
  4965  7.5502e-58
  4966  7.5430e-58
  4969  7.1448e-58
  4970  7.7043e-58
  4973  8.0383e-58
  4974  6.8173e-58
  4976  7.4290e-58
  4977  7.6051e-58
  4978  7.4560e-58
  4981  6.3904e-58
  4984  6.4096e-58
  4987  6.7615e-58
  4990  6.2449e-58
  4991  6.0868e-58
  4994  5.1377e-58
  4995  5.5999e-58
  4997  5.6627e-58
  5000  5.9011e-58
  5003  5.8335e-58
  5005  5.8680e-58
  5007  5.6329e-58
  5010  4.9151e-58
  5012  4.3075e-58
  5014  4.5305e-58
  5017  3.7648e-58
  5018  3.3927e-58
  5021  3.4318e-58
  5022  3.5038e-58
  5024  3.3957e-58
  5026  2.9660e-58
  5028  3.1209e-58
  5029  3.2185e-58
  5031  2.6064e-58
  5034  2.7065e-58
  5035  2.8531e-58
  5038  2.7239e-58
  5039  2.3417e-58
  5041  2.5120e-58
  5044  2.6856e-58
  5046  2.6663e-58
  5049  2.7551e-58
  5051  2.6199e-58
  5054  2.7217e-58
  5056  2.6723e-58
  5059  2.5565e-58
  5060  2.6734e-58
  5062  2.1605e-58
  5063  2.0290e-58
  5064  1.9066e-58
  5067  1.7685e-58
  5069  1.9208e-58
  5072  1.8041e-58
  5075  1.6944e-58
  5078  1.4557e-58
  5080  1.2359e-58
  5081  1.0888e-58
  5084  9.1247e-59
  5085  8.3281e-59
  5087  6.7663e-59
  5088  6.5755e-59
  5090  5.9618e-59
  5093  5.8755e-59
  5095  5.0275e-59
  5098  4.8804e-59
  5099  4.1334e-59
  5100  3.3311e-59
  5103  3.4667e-59
  5105  2.8646e-59
  5107  2.6055e-59
  5108  2.3935e-59
  5110  2.2362e-59
  5111  2.0631e-59
  5114  1.9451e-59
  5117  1.9023e-59
  5120  2.0647e-59
  5121  1.7030e-59
  5123  1.5117e-59
  5125  1.6164e-59
  5128  1.5988e-59
  5129  1.5233e-59
  5132  1.5751e-59
  5133  1.3047e-59
  5136  1.2389e-59
  5139  1.1813e-59
  5141  1.1227e-59
  5143  1.0761e-59
  5144  9.1948e-60
  5147  1.0066e-59
  5148  1.0426e-59
  5149  1.1025e-59
  5150  1.1775e-59
  5151  1.0587e-59
  5153  8.6735e-60
  5155  9.4837e-60
  5158  9.3476e-60
  5159  7.8360e-60
  5160  6.6368e-60
  5162  6.1112e-60
  5164  5.9580e-60
  5166  5.9626e-60
  5168  5.5310e-60
  5170  5.2357e-60
  5171  4.8855e-60
  5173  4.2794e-60
  5175  3.8233e-60
  5177  3.3405e-60
  5178  3.5834e-60
  5181  3.6400e-60
  5184  3.2808e-60
  5187  3.2296e-60
  5189  2.8846e-60
  5192  2.8123e-60
  5193  2.9960e-60
  5195  2.4460e-60
  5197  2.1098e-60
  5200  1.9468e-60
  5203  1.7712e-60
  5206  1.9053e-60
  5208  1.5773e-60
  5210  1.6691e-60
  5211  1.6141e-60
  5214  1.7018e-60
  5216  1.5489e-60
  5217  1.6812e-60
  5220  1.5304e-60
  5222  1.6563e-60
  5225  1.7242e-60
  5228  1.6751e-60
  5231  1.7924e-60
  5232  1.5354e-60
  5234  1.2618e-60
  5235  1.2326e-60
  5238  1.0700e-60
  5239  1.0452e-60
  5240  9.1254e-61
  5242  7.6473e-61
  5243  8.3043e-61
  5245  7.7793e-61
  5248  6.8317e-61
  5251  5.6109e-61
  5254  5.6724e-61
  5255  6.1934e-61
  5256  5.7885e-61
  5257  5.3631e-61
  5258  5.0813e-61
  5260  5.3678e-61
  5261  4.4939e-61
  5263  3.9076e-61
  5265  4.1185e-61
  5266  3.4164e-61
  5267  3.0740e-61
  5268  2.9599e-61
  5271  2.6784e-61
  5274  2.5537e-61
  5276  2.4956e-61
  5277  2.1985e-61
  5278  2.1844e-61
  5281  2.3154e-61
  5284  1.9227e-61
  5285  1.5544e-61
  5288  1.3394e-61
  5290  1.1067e-61
  5292  9.2436e-62
  5295  9.8925e-62
  5298  9.8536e-62
  5301  9.3852e-62
  5304  9.6700e-62
  5307  8.7079e-62
  5310  8.2336e-62
  5312  8.1532e-62
  5315  8.6232e-62
  5317  9.0533e-62
  5318  8.3746e-62
  5319  6.9002e-62
  5322  7.5445e-62
  5323  6.6705e-62
  5324  6.5800e-62
  5325  7.2221e-62
  5326  7.5711e-62
  5329  8.1184e-62
  5330  6.6754e-62
  5333  5.3921e-62
  5334  4.6052e-62
  5335  4.0996e-62
  5338  4.3744e-62
  5339  3.5724e-62
  5342  3.0158e-62
  5345  2.9477e-62
  5346  2.6378e-62
  5349  2.7832e-62
  5350  2.5995e-62
  5351  2.3931e-62
  5352  2.4844e-62
  5353  2.0470e-62
  5356  2.0859e-62
  5357  2.0281e-62
  5360  2.1726e-62
  5361  1.9394e-62
  5364  1.8633e-62
  5366  1.7653e-62
  5368  1.7849e-62
  5371  1.6341e-62
  5373  1.4394e-62
  5376  1.4207e-62
  5378  1.3426e-62
  5379  1.3371e-62
  5381  1.1132e-62
  5383  1.1438e-62
  5384  9.8546e-63
  5385  9.2616e-63
  5387  8.2731e-63
  5390  7.8288e-63
  5392  7.0941e-63
  5395  7.0526e-63
  5397  6.6842e-63
  5399  5.6885e-63
  5400  5.0451e-63
  5403  4.8189e-63
  5406  4.0198e-63
  5407  3.3429e-63
  5408  3.4155e-63
  5410  2.8130e-63
  5412  2.3520e-63
  5414  1.9555e-63
  5416  2.0955e-63
  5419  1.8109e-63
  5420  1.9647e-63
  5423  1.8941e-63
  5425  1.9558e-63
  5427  1.9185e-63
  5429  1.8163e-63
  5432  1.6932e-63
  5433  1.8397e-63
  5435  1.5073e-63
  5438  1.4199e-63
  5441  1.2936e-63
  5443  1.1217e-63
  5444  1.1549e-63
  5446  1.1660e-63
  5448  9.8575e-64
  5450  9.1926e-64
  5451  9.0014e-64
  5452  7.6642e-64
  5453  7.6323e-64
  5456  8.0050e-64
  5457  6.9897e-64
  5458  6.5587e-64
  5460  6.1814e-64
  5463  5.5229e-64
  5465  5.4000e-64
  5466  5.6781e-64
  5469  5.6392e-64
  5471  5.6584e-64
  5473  5.9130e-64
  5474  5.2218e-64
  5475  4.5195e-64
  5477  4.1976e-64
  5478  4.5701e-64
  5480  4.7277e-64
  5481  4.2427e-64
  5482  3.9191e-64
  5483  3.9281e-64
  5486  3.8206e-64
  5488  3.5314e-64
  5490  3.3116e-64
  5492  3.2658e-64
  5495  3.2528e-64
  5498  3.1235e-64
  5500  3.3153e-64
  5503  2.8366e-64
  5506  2.9199e-64
  5509  3.0075e-64
  5511  2.9405e-64
  5514  2.5368e-64
  5517  2.1341e-64
  5520  2.2224e-64
  5523  1.8695e-64
  5525  1.9534e-64
  5526  1.8574e-64
  5527  1.5464e-64
  5529  1.5195e-64
  5530  1.2792e-64
  5533  1.3723e-64
  5535  1.4697e-64
  5537  1.3660e-64
  5540  1.2442e-64
  5541  1.0738e-64
  5542  1.1315e-64
  5544  1.1596e-64
  5546  1.0522e-64
  5549  1.1190e-64
  5550  1.2305e-64
  5553  1.2529e-64
  5555  1.0175e-64
  5556  9.0688e-65
  5557  8.3469e-65
  5558  6.7560e-65
  5561  5.6235e-65
  5564  4.9564e-65
  5565  4.1287e-65
  5567  3.6556e-65
  5570  3.7974e-65
  5572  3.8869e-65
  5573  3.7852e-65
  5576  3.9974e-65
  5577  3.9492e-65
  5578  3.4417e-65
  5580  2.8111e-65
  5582  2.5285e-65
  5583  2.2392e-65
  5585  2.1663e-65
  5588  2.1346e-65
  5591  1.7680e-65
  5593  1.8147e-65
  5594  1.6025e-65
  5597  1.3889e-65
  5600  1.5145e-65
  5601  1.2551e-65
  5604  1.0819e-65
  5607  8.7134e-66
  5608  9.1443e-66
  5610  9.7254e-66
  5613  9.5406e-66
  5615  9.3108e-66
  5617  9.9087e-66
  5620  1.0574e-65
  5622  9.5479e-66
  5624  8.7185e-66
  5626  8.7424e-66
  5628  8.6396e-66
  5630  8.2002e-66
  5631  7.4716e-66
  5632  6.3560e-66
  5634  5.8143e-66
  5637  6.3670e-66
  5638  5.2062e-66
  5640  4.4702e-66
  5642  3.8084e-66
  5644  3.5162e-66
  5647  3.1601e-66
  5650  2.8291e-66
  5652  3.0155e-66
  5655  3.1107e-66
  5658  3.2138e-66
  5661  3.1753e-66
  5664  2.8514e-66
  5667  2.6926e-66
  5668  2.1899e-66
  5671  1.7986e-66
  5672  1.9041e-66
  5675  1.7859e-66
  5677  1.4380e-66
  5679  1.5572e-66
  5682  1.4433e-66
  5684  1.2929e-66
  5687  1.2240e-66
  5688  1.3399e-66
  5690  1.3425e-66
  5693  1.1065e-66
  5696  8.9944e-67
  5698  9.1662e-67
  5700  8.7337e-67
  5703  8.4839e-67
  5706  8.7097e-67
  5709  9.2624e-67
  5710  8.4287e-67
  5711  9.1246e-67
  5713  9.2454e-67
  5716  7.9770e-67
  5717  7.0820e-67
  5720  6.8275e-67
  5721  6.1821e-67
  5722  5.8436e-67
  5723  4.8432e-67
  5724  4.5430e-67
  5727  4.6378e-67
  5728  4.0530e-67
  5731  4.0023e-67
  5732  3.4948e-67
  5733  3.4130e-67
  5734  3.3004e-67
  5737  2.9143e-67
  5740  2.4741e-67
  5743  2.0563e-67
  5745  2.2411e-67
  5746  2.3540e-67
  5749  1.9370e-67
  5752  1.9360e-67
  5755  2.0075e-67
  5757  1.9226e-67
  5758  1.9629e-67
  5759  1.7954e-67
  5760  1.7286e-67
  5762  1.6177e-67
  5765  1.6193e-67
  5768  1.7439e-67
  5771  1.6445e-67
  5773  1.6653e-67
  5775  1.3645e-67
  5778  1.1140e-67
  5779  9.8384e-68
  5782  8.6300e-68
  5783  7.6885e-68
  5786  6.9685e-68
  5789  6.9770e-68
  5792  7.1458e-68
  5795  7.1856e-68
  5798  5.8987e-68
  5800  6.4591e-68
  5801  7.0915e-68
  5802  6.9667e-68
  5803  5.8465e-68
  5806  5.1552e-68
  5808  4.3933e-68
  5809  3.6615e-68
  5810  3.2506e-68
  5813  3.0115e-68
  5814  2.5895e-68
  5816  2.5470e-68
  5817  2.6208e-68
  5819  2.3590e-68
  5821  2.1431e-68
  5822  1.9708e-68
  5823  1.8106e-68
  5825  1.9071e-68
  5828  1.9370e-68
  5830  1.7549e-68
  5833  1.7107e-68
  5835  1.6603e-68
  5838  1.4709e-68
  5840  1.3266e-68
  5843  1.0652e-68
  5845  9.4170e-69
  5847  9.2458e-69
  5848  7.7808e-69
  5850  7.6530e-69
  5853  8.3505e-69
  5855  7.3860e-69
  5857  6.7580e-69
  5860  7.3507e-69
  5863  7.6745e-69
  5866  6.9084e-69
  5867  6.1008e-69
  5868  5.0926e-69
  5869  4.9738e-69
  5870  4.3738e-69
  5871  4.4844e-69
  5873  4.3607e-69
  5876  3.7035e-69
  5878  3.8571e-69
  5880  3.2210e-69
  5882  3.4671e-69
  5883  2.8705e-69
  5886  2.5949e-69
  5889  2.1420e-69
  5891  2.1447e-69
  5894  1.7248e-69
  5896  1.8842e-69
  5898  1.6185e-69
  5900  1.5761e-69
  5901  1.5692e-69
  5904  1.5814e-69
  5905  1.6060e-69
  5906  1.7538e-69
  5907  1.7997e-69
  5910  1.4848e-69
  5913  1.2056e-69
  5915  1.2024e-69
  5916  1.0907e-69
  5919  1.1968e-69
  5922  1.0894e-69
  5923  9.5998e-70
  5924  9.3956e-70
  5925  7.6488e-70
  5926  8.3122e-70
  5927  8.2870e-70
  5929  6.7752e-70
  5932  6.6107e-70
  5935  6.4817e-70
  5936  5.7167e-70
  5939  4.8905e-70
  5942  3.9861e-70
  5943  3.4784e-70
  5945  3.2670e-70
  5946  2.9857e-70
  5948  3.0537e-70
  5950  2.9427e-70
  5953  2.6890e-70
  5956  2.8870e-70
  5958  2.6450e-70
  5961  2.5136e-70
  5962  2.5326e-70
  5963  2.6516e-70
  5966  2.8021e-70
  5967  2.7157e-70
  5970  2.5917e-70
  5973  2.4613e-70
  5975  2.5459e-70
  5977  2.0840e-70
  5980  2.0569e-70
  5983  2.2470e-70
  5984  2.2651e-70
  5986  1.9465e-70
  5988  1.7249e-70
  5990  1.3856e-70
  5993  1.4101e-70
  5994  1.2236e-70
  5997  1.0327e-70
  6000  8.9293e-71
  6003  8.9017e-71
  6005  9.3267e-71
  6006  8.5714e-71
  6007  8.1934e-71
  6008  8.5997e-71
  6011  7.8554e-71
  6013  7.6392e-71
  6015  6.3754e-71
  6016  6.4829e-71
  6017  5.7005e-71
  6018  4.9695e-71
  6021  4.3381e-71
  6022  3.7719e-71
  6025  3.9777e-71
  6028  4.0655e-71
  6030  4.0513e-71
  6033  3.5921e-71
  6035  3.1989e-71
  6038  2.5766e-71
  6041  2.2089e-71
  6042  2.2700e-71
  6044  2.0122e-71
  6047  1.7340e-71
  6050  1.8956e-71
  6051  2.0840e-71
  6053  2.2309e-71
  6054  2.4514e-71
  6055  2.2188e-71
  6058  1.9533e-71
  6060  2.1030e-71
  6061  2.1302e-71
  6062  2.1642e-71
  6065  1.9020e-71
  6068  1.6153e-71
  6071  1.5104e-71
  6074  1.3365e-71
  6076  1.1228e-71
  6077  9.0458e-72
  6080  7.5577e-72
  6081  6.3345e-72
  6083  5.3136e-72
  6084  5.6664e-72
  6086  5.7406e-72
  6088  6.1079e-72
  6090  5.5604e-72
  6091  5.2561e-72
  6092  5.7758e-72
  6095  4.8898e-72
  6097  4.0201e-72
  6100  3.7530e-72
  6102  4.0569e-72
  6103  3.4583e-72
  6105  3.3792e-72
  6106  3.4280e-72
  6109  3.2164e-72
  6110  2.7428e-72
  6111  2.6027e-72
  6114  2.6480e-72
  6115  2.2414e-72
  6116  2.4577e-72
  6117  2.6766e-72
  6120  2.5207e-72
  6121  2.3480e-72
  6122  2.3743e-72
  6123  1.9037e-72
  6126  1.8519e-72
  6128  1.7063e-72
  6131  1.4421e-72
  6134  1.2712e-72
  6137  1.1526e-72
  6140  1.0924e-72
  6143  9.1889e-73
  6144  8.6283e-73
  6145  8.6313e-73
  6147  8.9763e-73
  6150  8.7211e-73
  6151  8.1457e-73
  6152  6.6078e-73
  6155  6.1384e-73
  6156  5.2039e-73
  6158  4.2258e-73
  6159  3.9943e-73
  6160  3.9679e-73
  6162  3.8570e-73
  6164  3.8174e-73
  6167  3.0592e-73
  6170  3.0857e-73
  6173  2.7946e-73
  6174  3.0171e-73
  6175  2.5452e-73
  6176  2.4045e-73
  6178  2.1724e-73
  6180  1.7554e-73
  6183  1.6328e-73
  6185  1.6858e-73
  6186  1.5931e-73
  6187  1.6707e-73
  6188  1.7969e-73
  6190  1.6955e-73
  6192  1.6038e-73
  6194  1.3998e-73
  6195  1.4178e-73
  6198  1.4125e-73
  6200  1.4081e-73
  6201  1.4512e-73
  6202  1.5309e-73
  6204  1.4029e-73
  6207  1.1551e-73
  6210  1.0747e-73
  6211  9.5013e-74
  6213  8.9440e-74
  6214  8.3884e-74
  6216  7.0630e-74
  6218  5.8893e-74
  6220  5.4168e-74
  6221  5.7307e-74
  6224  4.5979e-74
  6225  4.7779e-74
  6227  4.3888e-74
  6229  3.7084e-74
  6231  3.6908e-74
  6232  3.8452e-74
  6234  3.8222e-74
  6237  4.1108e-74
  6240  3.9665e-74
  6243  4.2944e-74
  6244  3.5797e-74
  6246  3.4596e-74
  6249  3.2801e-74
  6252  2.7574e-74
  6253  2.5082e-74
  6255  2.6516e-74
  6256  2.5602e-74
  6257  2.2107e-74
  6259  2.0328e-74
  6260  2.1903e-74
  6262  2.2282e-74
  6264  2.3689e-74
  6266  2.5194e-74
  6267  2.1947e-74
  6268  1.9578e-74
  6269  1.7139e-74
  6271  1.3722e-74
  6272  1.1268e-74
  6273  9.5625e-75
  6276  1.0081e-74
  6277  8.4562e-75
  6279  7.1139e-75
  6280  5.7606e-75
  6283  6.0193e-75
  6285  6.5599e-75
  6288  5.6552e-75
  6290  4.5289e-75
  6293  4.9480e-75
  6294  4.9873e-75
  6297  4.7320e-75
  6298  4.6017e-75
  6300  4.6639e-75
  6301  4.6527e-75
  6303  3.8753e-75
  6305  3.8727e-75
  6307  3.3117e-75
  6308  3.4602e-75
  6309  2.7734e-75
  6311  2.3888e-75
  6314  2.1358e-75
  6315  2.2983e-75
  6318  2.3929e-75
  6320  2.1514e-75
  6323  2.1063e-75
  6325  2.3019e-75
  6328  2.2389e-75
  6330  2.4021e-75
  6333  2.1842e-75
  6336  2.1543e-75
  6338  1.7797e-75
  6340  1.7551e-75
  6341  1.8783e-75
  6342  1.5554e-75
  6344  1.2833e-75
  6346  1.2528e-75
  6347  1.3762e-75
  6348  1.4282e-75
  6350  1.5353e-75
  6353  1.5058e-75
  6354  1.5396e-75
  6355  1.6456e-75
  6358  1.5456e-75
  6359  1.6789e-75
  6362  1.6112e-75
  6365  1.7247e-75
  6367  1.5066e-75
  6370  1.3494e-75
  6372  1.3551e-75
  6375  1.4417e-75
  6378  1.4714e-75
  6381  1.3044e-75
  6383  1.3949e-75
  6385  1.1509e-75
  6386  9.6291e-76
  6388  8.1231e-76
  6390  8.6476e-76
  6391  7.7582e-76
  6394  7.2365e-76
  6397  7.5990e-76
  6398  6.8107e-76
  6399  5.5392e-76
  6402  4.8530e-76
  6403  4.9145e-76
  6404  4.7365e-76
  6405  4.2103e-76
  6408  3.5451e-76
  6410  3.6836e-76
  6411  2.9609e-76
  6412  2.9063e-76
  6415  2.6881e-76
  6418  2.9526e-76
  6420  3.0649e-76
  6422  2.4815e-76
  6425  2.1574e-76
  6427  1.8147e-76
  6430  1.9511e-76
  6431  1.7947e-76
  6433  1.6161e-76
  6436  1.5559e-76
  6438  1.6818e-76
  6441  1.5487e-76
  6444  1.5043e-76
  6446  1.6385e-76
  6448  1.5368e-76
  6450  1.4145e-76
  6452  1.5081e-76
  6453  1.4177e-76
  6454  1.3202e-76
  6457  1.3681e-76
  6459  1.2135e-76
  6462  1.1812e-76
  6463  1.0449e-76
  6464  8.9009e-77
  6467  9.1798e-77
  6468  8.1793e-77
  6471  7.9218e-77
  6472  7.6371e-77
  6475  7.1372e-77
  6477  7.2985e-77
  6480  7.9863e-77
  6481  8.7259e-77
  6484  8.3252e-77
  6486  8.2028e-77
  6488  7.8242e-77
  6491  7.1468e-77
  6494  5.8180e-77
  6497  6.1163e-77
  6498  6.1605e-77
  6499  6.3081e-77
  6500  5.6492e-77
  6502  4.6050e-77
  6505  4.2937e-77
  6507  4.4201e-77
  6509  4.3937e-77
  6512  3.9168e-77
  6514  3.9365e-77
  6517  3.1883e-77
  6518  2.6431e-77
  6521  2.1346e-77
  6522  2.0944e-77
  6525  2.0324e-77
  6527  1.7902e-77
  6529  1.7916e-77
  6531  1.7515e-77
  6534  1.5798e-77
  6537  1.6694e-77
  6539  1.4881e-77
  6542  1.2617e-77
  6544  1.3858e-77
  6547  1.3073e-77
  6549  1.3035e-77
  6552  1.2993e-77
  6555  1.3679e-77
  6556  1.2097e-77
  6558  1.1054e-77
  6559  9.5197e-78
  6560  8.4058e-78
  6562  7.8354e-78
  6564  6.8985e-78
  6565  6.5311e-78
  6568  7.1125e-78
  6571  7.0971e-78
  6573  7.1651e-78
  6576  6.8294e-78
  6579  7.3512e-78
  6582  7.5054e-78
  6585  7.3297e-78
  6587  6.4936e-78
  6590  5.9584e-78
  6591  6.5207e-78
  6594  6.1698e-78
  6597  4.9597e-78
  6599  5.4120e-78
  6600  4.7220e-78
  6602  3.8463e-78
  6604  3.6817e-78
  6606  3.8556e-78
  6607  4.2119e-78
  6610  3.6955e-78
  6613  3.2127e-78
  6616  3.4896e-78
  6617  3.1865e-78
  6620  3.4240e-78
  6622  3.3715e-78
  6624  2.9871e-78
  6625  3.1736e-78
  6626  2.6299e-78
  6628  2.2693e-78
  6630  2.1940e-78
  6632  1.8487e-78
  6635  1.7981e-78
  6636  1.4734e-78
  6638  1.3484e-78
  6639  1.2431e-78
  6641  1.1169e-78
  6644  9.2246e-79
  6646  7.9977e-79
  6649  7.1457e-79
  6652  7.4248e-79
  6653  7.8444e-79
  6654  7.9585e-79
  6657  7.1775e-79
  6660  6.7830e-79
  6662  6.6799e-79
  6663  6.7687e-79
  6666  6.9070e-79
  6669  5.7329e-79
  6670  5.1087e-79
  6673  5.5215e-79
  6674  5.8740e-79
  6677  5.0803e-79
  6678  4.3306e-79
  6680  3.9997e-79
  6683  4.3273e-79
  6684  3.4859e-79
  6687  3.6902e-79
  6688  3.5803e-79
  6689  3.6727e-79
  6692  2.9579e-79
  6695  3.2248e-79
  6697  2.7607e-79
  6698  2.5865e-79
  6699  2.4445e-79
  6700  2.4475e-79
  6701  1.9613e-79
  6703  1.9215e-79
  6706  1.7947e-79
  6709  1.6522e-79
  6711  1.4448e-79
  6712  1.3480e-79
  6713  1.1453e-79
  6714  9.9653e-80
  6716  1.0834e-79
  6718  9.8342e-80
  6719  8.0734e-80
  6720  6.7544e-80
  6721  5.5116e-80
  6723  5.2332e-80
  6725  5.7557e-80
  6728  5.5844e-80
  6731  5.8667e-80
  6733  6.0194e-80
  6736  5.2924e-80
  6738  5.2877e-80
  6739  4.8318e-80
  6740  5.1908e-80
  6742  5.0754e-80
  6744  4.1429e-80
  6747  3.5105e-80
  6748  3.2110e-80
  6751  3.0604e-80
  6754  2.9116e-80
  6756  2.4119e-80
  6759  1.9634e-80
  6762  1.8055e-80
  6763  1.5074e-80
  6766  1.5387e-80
  6767  1.3739e-80
  6770  1.2187e-80
  6771  1.1717e-80
  6773  1.0372e-80
  6776  9.2742e-81
  6779  9.7444e-81
  6781  8.2615e-81
  6782  7.4876e-81
  6784  6.6210e-81
  6786  6.4182e-81
  6787  5.5804e-81
  6788  5.4743e-81
  6791  4.9606e-81
  6794  4.0181e-81
  6796  3.2306e-81
  6799  3.3495e-81
  6801  3.4407e-81
  6803  3.5516e-81
  6804  3.3642e-81
  6805  2.8032e-81
  6806  2.9100e-81
  6809  2.8282e-81
  6810  2.8784e-81
  6812  2.8026e-81
  6814  2.5496e-81
  6817  2.1357e-81
  6818  2.3314e-81
  6820  2.4105e-81
  6822  2.3546e-81
  6824  1.8884e-81
  6827  1.7046e-81
  6829  1.3903e-81
  6830  1.4598e-81
  6831  1.5700e-81
  6832  1.3881e-81
  6833  1.4801e-81
  6836  1.3861e-81
  6838  1.2600e-81
  6839  1.1090e-81
  6840  1.0976e-81
  6843  1.0849e-81
  6845  8.9078e-82
  6847  9.4124e-82
  6849  8.4446e-82
  6850  7.6666e-82
  6852  7.2526e-82
  6855  5.9563e-82
  6858  5.3899e-82
  6859  4.9771e-82
  6860  4.8081e-82
  6862  4.3553e-82
  6864  3.8409e-82
  6865  4.0888e-82
  6866  3.9116e-82
  6869  3.3296e-82
  6871  2.8907e-82
  6874  2.5703e-82
  6875  2.7909e-82
  6876  2.5545e-82
  6877  2.6224e-82
  6878  2.3750e-82
  6880  2.1084e-82
  6883  1.8445e-82
  6884  1.9932e-82
  6887  1.7322e-82
  6890  1.7059e-82
  6891  1.7359e-82
  6894  1.5849e-82
  6897  1.5972e-82
  6900  1.3664e-82
  6903  1.5013e-82
  6904  1.6498e-82
  6907  1.3501e-82
  6909  1.3798e-82
  6911  1.4923e-82
  6914  1.2550e-82
  6915  1.2717e-82
  6917  1.1291e-82
  6918  1.1337e-82
  6919  1.1147e-82
  6921  9.4637e-83
  6922  1.0145e-82
  6924  9.8118e-83
  6927  1.0762e-82
  6929  1.1192e-82
  6932  1.1744e-82
  6934  1.0679e-82
  6937  1.1548e-82
  6939  9.9605e-83
  6940  1.0167e-82
  6942  9.6803e-83
  6945  1.0039e-82
  6948  8.6065e-83
  6951  7.6430e-83
  6953  7.9800e-83
  6955  7.8828e-83
  6956  8.1582e-83
  6957  8.3647e-83
  6958  8.9913e-83
  6959  8.4782e-83
  6961  8.8435e-83
  6962  8.0059e-83
  6965  7.0795e-83
  6968  7.0159e-83
  6971  7.4363e-83
  6972  6.7921e-83
  6974  5.7774e-83
  6976  5.6078e-83
  6979  5.2688e-83
  6981  4.6121e-83
  6983  5.0487e-83
  6984  4.6410e-83
  6986  4.7435e-83
  6989  3.8973e-83
  6990  3.3377e-83
  6993  2.7754e-83
  6996  2.5018e-83
  6998  2.1982e-83
