     1  1.0000e+02
     2  9.6934e+01
     3  9.7603e+01
     5  9.6252e+01
     8  9.3294e+01
    11  7.5560e+01
    14  6.1020e+01
    16  4.9632e+01
    17  4.2954e+01
    19  4.0803e+01
    21  4.2167e+01
    24  3.4596e+01
    25  3.0581e+01
    27  2.4679e+01
    30  2.1940e+01
    31  1.8809e+01
    34  1.9203e+01
    35  1.6107e+01
    38  1.3478e+01
    41  1.1643e+01
    42  1.1423e+01
    43  1.0202e+01
    45  1.0200e+01
    47  8.8855e+00
    50  8.9381e+00
    53  9.5070e+00
    55  8.5195e+00
    58  8.5801e+00
    60  6.9507e+00
    61  6.0748e+00
    63  5.2680e+00
    66  4.6513e+00
    67  4.3187e+00
    69  3.9214e+00
    70  3.3768e+00
    72  3.1863e+00
    74  2.6070e+00
    77  2.1222e+00
    78  1.8696e+00
    81  1.8285e+00
    82  1.7103e+00
    84  1.7241e+00
    86  1.5641e+00
    88  1.5876e+00
    90  1.5419e+00
    91  1.5938e+00
    94  1.5881e+00
    96  1.6055e+00
    99  1.7151e+00
   100  1.6772e+00
   103  1.3437e+00
   106  1.3177e+00
   108  1.1737e+00
   110  1.0955e+00
   111  1.1338e+00
   113  1.0955e+00
   115  9.9038e-01
   118  9.3962e-01
   119  9.5692e-01
   122  9.5110e-01
   124  7.9759e-01
   126  6.6930e-01
   127  5.6820e-01
   130  4.7493e-01
   131  4.3281e-01
   134  3.9480e-01
   135  3.9480e-01
   137  3.6821e-01
   138  3.6870e-01
   139  3.6276e-01
   142  3.1582e-01
   145  3.4289e-01
   146  2.8404e-01
   149  2.5599e-01
   151  2.2499e-01
   152  2.0410e-01
   154  1.9528e-01
   156  1.7527e-01
   158  1.6848e-01
   160  1.7054e-01
   162  1.8105e-01
   165  1.5268e-01
   167  1.4463e-01
   168  1.4296e-01
   170  1.4717e-01
   173  1.6105e-01
   175  1.4418e-01
   176  1.4880e-01
   177  1.4833e-01
   178  1.4688e-01
   179  1.3642e-01
   180  1.1515e-01
   181  1.2571e-01
   184  1.0989e-01
   185  1.1221e-01
   187  1.0530e-01
   188  1.0898e-01
   190  9.8312e-02
   191  1.0523e-01
   193  8.5529e-02
   196  8.4863e-02
   198  8.5906e-02
   200  7.4823e-02
   201  6.6577e-02
   202  6.8229e-02
   205  6.6083e-02
   207  5.3134e-02
   209  4.4464e-02
   212  4.4864e-02
   213  3.8083e-02
   214  3.6929e-02
   217  3.6847e-02
   218  3.0883e-02
   221  3.3691e-02
   224  2.8625e-02
   227  3.0318e-02
   230  3.1568e-02
   231  3.4038e-02
   232  3.6222e-02
   233  3.8716e-02
   236  4.1155e-02
   237  4.4509e-02
   239  3.8795e-02
   242  3.6136e-02
   243  3.4256e-02
   244  2.8387e-02
   245  3.0082e-02
   247  3.0146e-02
   248  3.2174e-02
   251  3.0476e-02
   252  3.1730e-02
   253  3.0889e-02
   255  2.7220e-02
   256  2.2374e-02
   259  1.8372e-02
   260  1.9139e-02
   262  2.0713e-02
   264  1.6756e-02
   265  1.6123e-02
   266  1.7576e-02
   267  1.8443e-02
   270  1.4971e-02
   273  1.2191e-02
   274  1.3128e-02
   276  1.2576e-02
   278  1.1604e-02
   280  1.0180e-02
   283  1.0494e-02
   284  1.1417e-02
   286  1.0390e-02
   288  1.1271e-02
   291  1.1823e-02
   293  9.6713e-03
   296  8.3174e-03
   297  8.5413e-03
   299  9.3121e-03
   301  8.3505e-03
   304  7.0299e-03
   307  5.6425e-03
   308  5.3021e-03
   311  5.1577e-03
   314  4.3634e-03
   317  4.4385e-03
   319  4.7861e-03
   321  5.1652e-03
   322  4.3377e-03
   325  3.6295e-03
   326  3.3495e-03
   327  3.0906e-03
   329  2.4909e-03
   331  2.5664e-03
   334  2.5966e-03
   337  2.2943e-03
   340  2.0730e-03
   341  1.8381e-03
   344  1.5749e-03
   347  1.5599e-03
   349  1.6145e-03
   352  1.7013e-03
   355  1.3639e-03
   357  1.2976e-03
   359  1.2754e-03
   360  1.0818e-03
   362  1.0336e-03
   364  9.6379e-04
   366  7.7344e-04
   369  7.3130e-04
   370  7.2027e-04
   371  7.8755e-04
   372  6.8599e-04
   373  5.4906e-04
   375  4.4428e-04
   377  3.8056e-04
   380  3.6524e-04
   381  2.9264e-04
   384  2.9255e-04
   387  3.1011e-04
   388  2.6233e-04
   390  2.8647e-04
   392  2.3366e-04
   395  1.9590e-04
   396  1.6532e-04
   399  1.6608e-04
   402  1.3386e-04
   403  1.1145e-04
   404  1.0313e-04
   407  9.9555e-05
   408  9.9971e-05
   410  8.8326e-05
   413  8.0725e-05
   416  6.7293e-05
   417  5.6247e-05
   419  5.9139e-05
   420  5.0543e-05
   422  4.5495e-05
   425  3.8196e-05
   427  3.9726e-05
   428  3.4896e-05
   429  3.4672e-05
   430  3.5257e-05
   432  3.3666e-05
   435  3.1092e-05
   436  2.9758e-05
   437  2.5814e-05
   439  2.5499e-05
   442  2.6697e-05
   443  2.4404e-05
   446  2.6399e-05
   447  2.4157e-05
   448  2.6525e-05
   450  2.6070e-05
   451  2.1079e-05
   454  2.0669e-05
   455  2.0566e-05
   456  2.1297e-05
   458  2.3369e-05
   459  1.9001e-05
   461  1.8720e-05
   463  1.7285e-05
   466  1.7886e-05
   469  1.8253e-05
   470  1.5159e-05
   472  1.2189e-05
   475  1.0226e-05
   476  8.2101e-06
   478  6.7606e-06
   480  6.1533e-06
   483  6.0008e-06
   486  6.4626e-06
   487  6.0863e-06
   489  5.8845e-06
   490  5.4835e-06
   491  4.3935e-06
   493  3.7404e-06
   496  3.0688e-06
   498  3.2278e-06
   500  3.4621e-06
   501  3.2188e-06
   502  2.6544e-06
   504  2.4473e-06
   507  2.6478e-06
   509  2.8386e-06
   510  3.0385e-06
   512  2.8106e-06
   515  2.4533e-06
   516  2.4260e-06
   519  2.4221e-06
   522  2.2611e-06
   525  1.8873e-06
   528  1.7386e-06
   530  1.5108e-06
   532  1.5248e-06
   535  1.5323e-06
   538  1.5746e-06
   539  1.4389e-06
   542  1.2838e-06
   543  1.1955e-06
   544  9.6555e-07
   545  1.0581e-06
   548  8.9438e-07
   551  8.0303e-07
   552  6.8790e-07
   555  6.3884e-07
   557  5.4213e-07
   560  5.0968e-07
   563  5.1922e-07
   565  5.5639e-07
   567  5.8472e-07
   570  5.7830e-07
   571  5.9254e-07
   573  6.2612e-07
   574  5.4560e-07
   576  4.9725e-07
   577  4.5673e-07
   580  4.3747e-07
   583  4.5718e-07
   585  4.8293e-07
   588  5.2088e-07
   590  4.9315e-07
   593  4.3624e-07
   595  4.2143e-07
   597  4.0075e-07
   598  4.3174e-07
   601  4.3272e-07
   604  3.7695e-07
   607  3.6668e-07
   610  3.3544e-07
   611  3.3442e-07
   614  3.0476e-07
   617  3.0870e-07
   619  2.5262e-07
   621  2.4182e-07
   623  2.0846e-07
   626  1.7890e-07
   628  1.7464e-07
   630  1.8755e-07
   631  1.9106e-07
   632  2.0854e-07
   635  1.9891e-07
   638  2.0567e-07
   641  1.7702e-07
   643  1.5169e-07
   645  1.3184e-07
   646  1.4137e-07
   648  1.1795e-07
   650  1.1344e-07
   652  1.0187e-07
   654  8.1496e-08
   657  6.8883e-08
   660  5.9869e-08
   661  6.0031e-08
   662  6.1762e-08
   664  5.9056e-08
   665  5.9345e-08
   666  6.0203e-08
   669  5.5267e-08
   672  4.4881e-08
   675  4.6768e-08
   678  4.4122e-08
   681  3.6739e-08
   683  3.5002e-08
   684  3.0397e-08
   686  2.6117e-08
   688  2.4788e-08
   689  2.0285e-08
   690  1.9929e-08
   691  1.6884e-08
   694  1.6368e-08
   695  1.7983e-08
   698  1.8096e-08
   701  1.8265e-08
   703  1.5621e-08
   705  1.5148e-08
   707  1.5575e-08
   708  1.3110e-08
   709  1.3237e-08
   711  1.1490e-08
   712  1.0510e-08
   713  8.7410e-09
   715  7.0405e-09
   718  7.6747e-09
   719  7.9164e-09
   721  7.5133e-09
   723  7.6751e-09
   724  8.2246e-09
   727  8.4953e-09
   730  8.0927e-09
   733  8.7101e-09
   736  8.6962e-09
   737  7.4997e-09
   740  8.0344e-09
   742  8.1321e-09
   744  7.0268e-09
   746  6.0283e-09
   747  5.2402e-09
   748  5.2510e-09
   749  5.6564e-09
   750  6.1764e-09
   751  5.3382e-09
   753  4.8735e-09
   756  4.6086e-09
   758  4.1199e-09
   759  3.8544e-09
   760  3.5228e-09
   762  3.7773e-09
   764  3.9303e-09
   765  4.1396e-09
   767  3.3739e-09
   768  2.7804e-09
   770  2.7298e-09
   772  2.3784e-09
   774  2.4865e-09
   776  2.5815e-09
   778  2.5802e-09
   780  2.1582e-09
   781  2.1805e-09
   782  1.7941e-09
   785  1.5496e-09
   788  1.3682e-09
   791  1.2357e-09
   793  1.0676e-09
   796  1.1542e-09
   797  1.2648e-09
   798  1.2060e-09
   799  1.2492e-09
   801  1.1758e-09
   802  1.2325e-09
   803  1.2774e-09
   804  1.4041e-09
   807  1.4643e-09
   810  1.5933e-09
   813  1.2756e-09
   815  1.3833e-09
   818  1.3032e-09
   820  1.1258e-09
   823  1.2117e-09
   826  1.2631e-09
   828  1.1262e-09
   831  1.1231e-09
   832  9.3931e-10
   835  9.0706e-10
   837  9.5764e-10
   840  9.7951e-10
   843  7.8518e-10
   844  6.7298e-10
   845  7.2225e-10
   847  6.0236e-10
   848  5.7581e-10
   851  5.4008e-10
   853  4.6389e-10
   854  3.9961e-10
   855  3.8739e-10
   858  3.1566e-10
   861  2.7056e-10
   862  2.8858e-10
   865  2.6806e-10
   868  2.4031e-10
   871  2.2414e-10
   872  2.4195e-10
   875  1.9647e-10
   876  2.1115e-10
   878  2.1056e-10
   879  1.8310e-10
   882  1.7260e-10
   884  1.7246e-10
   887  1.6936e-10
   888  1.5465e-10
   889  1.2834e-10
   892  1.0375e-10
   893  1.0224e-10
   894  9.0837e-11
   897  8.4068e-11
   900  7.7177e-11
   902  6.9124e-11
   905  6.9610e-11
   906  5.9369e-11
   908  5.8531e-11
   910  5.9583e-11
   912  5.8079e-11
   914  4.6985e-11
   917  4.1208e-11
   919  3.4017e-11
   921  2.9184e-11
   924  2.5577e-11
   926  2.4831e-11
   927  2.7002e-11
   930  2.9345e-11
   933  2.6828e-11
   935  2.4471e-11
   938  2.4251e-11
   940  2.1133e-11
   942  1.7202e-11
   943  1.5509e-11
   944  1.3917e-11
   946  1.3349e-11
   947  1.2174e-11
   948  9.8799e-12
   951  1.0578e-11
   952  1.1499e-11
   954  1.2503e-11
   955  1.3700e-11
   956  1.1349e-11
   959  1.0137e-11
   960  9.8141e-12
   962  8.5510e-12
   965  8.1600e-12
   967  7.2284e-12
   968  7.4390e-12
   970  7.6745e-12
   971  6.4292e-12
   972  6.8107e-12
   975  5.5855e-12
   978  5.0225e-12
   981  4.5095e-12
   982  4.5616e-12
   983  4.4505e-12
   984  3.7762e-12
   986  3.9549e-12
   987  4.2027e-12
   990  4.3633e-12
   992  4.4114e-12
   994  4.2875e-12
   995  4.3672e-12
   997  4.5149e-12
   999  4.5466e-12
  1000  4.9292e-12
  1003  4.0340e-12
  1005  3.3259e-12
  1007  3.0489e-12
  1009  2.8004e-12
  1010  2.9232e-12
  1013  2.4969e-12
  1016  2.1331e-12
  1018  1.9106e-12
  1021  1.5525e-12
  1022  1.6663e-12
  1025  1.5556e-12
  1028  1.6014e-12
  1030  1.4847e-12
  1031  1.3015e-12
  1033  1.3574e-12
  1036  1.3281e-12
  1039  1.4154e-12
  1040  1.4184e-12
  1043  1.1571e-12
  1046  1.2584e-12
  1049  1.1299e-12
  1050  1.2297e-12
  1052  1.2698e-12
  1055  1.0823e-12
  1057  1.0103e-12
  1060  1.0789e-12
  1061  9.7107e-13
  1062  7.7827e-13
  1065  7.8236e-13
  1066  7.0616e-13
  1067  5.6841e-13
  1068  4.8059e-13
  1070  4.0802e-13
  1073  3.9100e-13
  1074  3.4501e-13
  1075  3.4584e-13
  1078  3.7532e-13
  1081  3.0480e-13
  1082  3.0663e-13
  1084  3.0220e-13
  1085  2.8411e-13
  1088  3.1216e-13
  1089  2.8910e-13
  1091  2.9843e-13
  1094  2.5981e-13
  1097  2.6517e-13
  1100  2.6437e-13
  1102  2.8351e-13
  1103  2.4200e-13
  1104  2.3374e-13
  1106  2.1366e-13
  1109  1.9403e-13
  1111  1.9730e-13
  1114  1.7585e-13
  1115  1.6569e-13
  1117  1.5354e-13
  1119  1.3444e-13
  1121  1.2053e-13
  1123  1.0976e-13
  1124  1.0087e-13
  1126  8.8320e-14
  1127  8.2551e-14
  1129  7.4237e-14
  1131  6.4583e-14
  1134  5.7138e-14
  1135  5.8692e-14
  1136  5.7807e-14
  1137  5.5745e-14
  1140  5.9769e-14
  1141  6.4282e-14
  1143  5.3444e-14
  1144  5.1944e-14
  1145  4.7113e-14
  1146  5.1603e-14
  1148  4.8480e-14
  1151  3.8838e-14
  1153  4.1505e-14
  1155  3.6771e-14
  1158  3.7637e-14
  1159  3.8391e-14
  1160  3.4221e-14
  1161  2.8608e-14
  1162  2.3659e-14
  1163  2.4497e-14
  1165  2.2720e-14
  1167  2.0629e-14
  1170  1.7558e-14
  1172  1.8084e-14
  1174  1.5353e-14
  1176  1.4258e-14
  1177  1.4256e-14
  1179  1.4609e-14
  1180  1.5030e-14
  1181  1.2913e-14
  1183  1.0711e-14
  1186  1.1380e-14
  1187  1.1870e-14
  1189  1.2892e-14
  1190  1.1049e-14
  1191  9.4768e-15
  1192  9.0146e-15
  1195  8.1878e-15
  1196  7.0045e-15
  1199  7.2422e-15
  1202  7.0987e-15
  1204  7.0792e-15
  1207  7.1701e-15
  1209  5.7681e-15
  1210  5.2145e-15
  1213  5.2442e-15
  1216  5.7205e-15
  1218  5.6512e-15
  1221  4.9408e-15
  1222  5.2823e-15
  1224  4.4933e-15
  1227  4.0381e-15
  1230  4.0817e-15
  1233  3.7952e-15
  1234  3.5183e-15
  1235  3.6661e-15
  1236  3.7134e-15
  1237  3.0051e-15
  1238  3.0999e-15
  1239  3.0367e-15
  1240  2.8572e-15
  1242  3.0647e-15
  1245  2.6687e-15
  1246  2.8711e-15
  1248  2.8453e-15
  1249  2.9200e-15
  1250  2.4255e-15
  1251  2.2520e-15
  1253  2.3303e-15
  1256  2.3019e-15
  1258  2.2116e-15
  1259  2.0823e-15
  1261  1.7069e-15
  1263  1.5232e-15
  1265  1.6310e-15
  1268  1.3274e-15
  1269  1.2002e-15
  1272  1.0914e-15
  1274  1.0865e-15
  1276  1.0287e-15
  1279  9.6659e-16
  1282  9.9819e-16
  1285  9.1844e-16
  1286  7.9450e-16
  1287  7.3727e-16
  1288  7.7688e-16
  1291  7.0781e-16
  1293  7.0933e-16
  1295  6.6758e-16
  1298  6.6050e-16
  1300  5.7725e-16
  1303  5.2211e-16
  1304  4.3807e-16
  1306  4.4895e-16
  1308  4.1554e-16
  1309  3.4886e-16
  1312  3.5147e-16
  1314  3.8372e-16
  1315  4.0395e-16
  1316  3.6008e-16
  1318  3.0377e-16
  1321  2.7010e-16
  1323  2.7480e-16
  1326  2.9741e-16
  1329  3.0800e-16
  1332  3.1729e-16
  1333  2.9078e-16
  1334  3.1130e-16
  1336  2.7199e-16
  1337  2.4393e-16
  1340  2.3040e-16
  1341  2.4713e-16
  1342  2.2416e-16
  1345  2.3675e-16
  1347  2.2146e-16
  1350  2.2432e-16
  1352  2.0301e-16
  1354  1.7969e-16
  1357  1.8132e-16
  1358  1.5576e-16
  1361  1.3582e-16
  1363  1.1327e-16
  1366  1.0919e-16
  1368  1.1154e-16
  1371  1.1416e-16
  1373  1.0154e-16
  1376  1.0999e-16
  1379  9.4017e-17
  1381  9.6034e-17
  1382  1.0239e-16
  1385  1.1002e-16
  1388  1.0756e-16
  1390  1.1049e-16
  1393  1.2072e-16
  1394  1.1438e-16
  1397  1.0403e-16
  1399  1.0200e-16
  1400  8.9176e-17
  1401  7.9108e-17
  1403  7.8360e-17
  1404  8.1868e-17
  1405  7.0611e-17
  1408  7.5943e-17
  1409  8.2878e-17
  1412  8.0517e-17
  1415  7.2369e-17
  1417  6.8563e-17
  1419  7.0663e-17
  1422  6.6934e-17
  1423  6.4138e-17
  1426  5.7127e-17
  1429  5.0445e-17
  1432  4.8966e-17
  1433  4.8308e-17
  1436  5.2112e-17
  1438  5.6872e-17
  1441  5.7542e-17
  1443  4.7938e-17
  1445  4.1104e-17
  1448  3.3635e-17
  1449  3.1475e-17
  1450  3.1938e-17
  1451  2.9992e-17
  1453  2.7909e-17
  1454  2.8952e-17
  1456  3.0580e-17
  1457  3.1554e-17
  1459  2.8005e-17
  1460  2.8278e-17
  1462  2.5878e-17
  1463  2.8229e-17
  1465  2.8804e-17
  1468  2.3683e-17
  1469  1.9580e-17
  1472  2.1367e-17
  1475  2.1761e-17
  1477  2.2012e-17
  1479  1.8384e-17
  1482  1.5285e-17
  1483  1.6271e-17
  1484  1.6415e-17
  1485  1.6694e-17
  1486  1.5787e-17
  1489  1.4888e-17
  1492  1.3024e-17
  1493  1.3731e-17
  1494  1.2065e-17
  1495  9.8708e-18
  1498  1.0659e-17
  1501  1.0833e-17
  1502  9.2500e-18
  1505  7.6124e-18
  1508  6.3870e-18
  1509  5.3006e-18
  1512  5.7419e-18
  1515  5.7149e-18
  1517  4.8030e-18
  1518  5.2397e-18
  1519  4.3595e-18
  1521  4.4430e-18
  1522  4.3218e-18
  1523  4.0542e-18
  1524  3.9763e-18
  1525  4.2739e-18
  1528  3.9988e-18
  1529  3.2361e-18
  1531  3.0803e-18
  1534  2.5914e-18
  1535  2.7578e-18
  1538  2.9711e-18
  1540  2.5382e-18
  1543  2.3345e-18
  1544  2.0882e-18
  1545  1.9335e-18
  1546  1.9324e-18
  1548  1.9351e-18
  1549  1.6264e-18
  1551  1.7543e-18
  1553  1.6055e-18
  1555  1.4643e-18
  1558  1.2075e-18
  1559  1.1826e-18
  1562  1.1603e-18
  1563  1.1083e-18
  1565  1.1423e-18
  1568  1.1644e-18
  1571  1.0239e-18
  1574  8.3167e-19
  1575  7.8139e-19
  1576  7.1720e-19
  1579  6.7121e-19
  1581  7.1729e-19
  1583  6.2055e-19
  1585  5.1536e-19
  1587  4.3407e-19
  1590  3.8744e-19
  1593  3.7705e-19
  1595  3.5417e-19
  1597  3.2910e-19
  1599  3.5592e-19
  1600  3.8129e-19
  1601  3.4141e-19
  1602  3.6845e-19
  1603  3.9099e-19
  1604  3.6062e-19
  1605  3.1828e-19
  1608  3.0920e-19
  1610  2.9957e-19
  1613  2.5164e-19
  1614  2.1277e-19
  1615  2.3288e-19
  1616  2.4290e-19
  1619  2.0617e-19
  1622  2.2161e-19
  1624  2.3450e-19
  1625  1.9201e-19
  1627  1.9382e-19
  1628  2.0386e-19
  1631  1.8846e-19
  1633  1.7977e-19
  1634  1.6266e-19
  1637  1.6789e-19
  1640  1.5669e-19
  1642  1.3650e-19
  1644  1.1248e-19
  1645  1.0976e-19
  1648  9.1305e-20
  1651  7.9933e-20
  1654  6.6362e-20
  1655  7.0226e-20
  1658  7.6217e-20
  1661  7.0071e-20
  1664  5.7435e-20
  1667  5.4642e-20
  1668  5.2454e-20
  1669  5.7058e-20
  1671  5.8352e-20
  1674  5.3729e-20
  1677  5.1334e-20
  1680  4.4461e-20
  1681  4.0203e-20
  1683  3.9992e-20
  1685  3.6667e-20
  1687  3.6668e-20
  1689  3.2572e-20
  1692  3.5469e-20
  1695  2.9658e-20
  1697  3.1613e-20
  1699  2.6167e-20
  1701  2.7538e-20
  1702  2.4127e-20
  1705  2.4244e-20
  1707  2.2853e-20
  1708  2.3874e-20
  1711  2.2601e-20
  1712  2.1397e-20
  1714  2.3443e-20
  1716  2.3484e-20
  1718  1.9508e-20
  1719  2.0631e-20
  1720  2.2315e-20
  1723  1.8359e-20
  1726  1.9621e-20
  1728  1.6201e-20
  1729  1.5235e-20
  1731  1.2207e-20
  1734  1.2197e-20
  1736  1.1811e-20
  1737  1.2478e-20
  1738  1.0849e-20
  1740  1.1513e-20
  1741  1.1085e-20
  1744  1.1097e-20
  1745  1.0257e-20
  1746  1.0256e-20
  1747  1.0050e-20
  1748  9.4297e-21
  1750  8.1329e-21
  1752  8.2665e-21
  1753  7.4597e-21
  1755  6.2531e-21
  1757  6.2990e-21
  1759  6.0613e-21
  1762  5.8975e-21
  1763  5.1321e-21
  1764  4.6894e-21
  1765  4.1907e-21
  1767  4.0918e-21
  1768  3.6086e-21
  1769  3.1052e-21
  1771  3.2264e-21
  1774  2.9489e-21
  1777  3.0324e-21
  1778  3.0681e-21
  1781  2.4668e-21
  1783  2.1263e-21
  1784  1.7601e-21
  1785  1.7115e-21
  1787  1.5125e-21
  1789  1.4238e-21
  1790  1.2527e-21
  1791  1.2530e-21
  1793  1.1549e-21
  1794  1.1582e-21
  1797  9.7034e-22
  1800  9.0066e-22
  1801  9.6300e-22
  1803  8.3256e-22
  1805  8.4083e-22
  1806  8.7395e-22
  1807  9.1114e-22
  1810  8.0753e-22
  1812  6.6354e-22
  1814  6.1123e-22
  1815  5.5895e-22
  1816  5.8322e-22
  1819  6.2529e-22
  1821  6.4195e-22
  1823  5.9710e-22
  1824  6.1588e-22
  1825  6.0396e-22
  1827  5.2465e-22
  1828  4.4724e-22
  1829  4.7498e-22
  1831  5.0290e-22
  1833  5.3885e-22
  1836  5.8269e-22
  1838  4.9644e-22
  1841  4.4530e-22
  1843  3.8519e-22
  1844  3.8516e-22
  1845  3.2844e-22
  1847  3.1665e-22
  1848  2.8371e-22
  1849  3.0335e-22
  1850  2.7480e-22
  1853  2.6772e-22
  1854  2.1508e-22
  1856  1.8259e-22
  1859  1.6290e-22
  1861  1.4847e-22
  1864  1.2214e-22
  1866  1.1781e-22
  1869  1.0225e-22
  1871  1.0058e-22
  1874  1.0136e-22
  1876  1.0204e-22
  1877  8.7997e-23
  1879  8.4811e-23
  1880  9.1255e-23
  1882  9.1369e-23
  1883  7.5656e-23
  1886  7.8024e-23
  1887  6.7361e-23
  1889  5.7463e-23
  1892  5.3133e-23
  1894  5.1844e-23
  1896  4.5065e-23
  1898  4.4558e-23
  1899  3.6863e-23
  1902  3.7084e-23
  1905  3.8944e-23
  1907  4.0498e-23
  1910  4.1633e-23
  1911  4.3234e-23
  1912  4.1723e-23
  1915  4.1169e-23
  1918  4.0071e-23
  1921  3.8526e-23
  1923  3.1000e-23
  1926  3.2489e-23
  1928  3.3591e-23
  1929  2.8520e-23
  1930  2.7049e-23
  1932  2.3800e-23
  1933  2.2723e-23
  1934  2.1443e-23
  1936  2.3329e-23
  1937  2.0965e-23
  1939  1.7675e-23
  1941  1.5542e-23
  1942  1.3530e-23
  1944  1.1603e-23
  1945  9.3659e-24
  1948  9.8975e-24
  1949  8.7600e-24
  1952  8.6465e-24
  1955  7.3739e-24
  1958  6.7318e-24
  1961  6.1063e-24
  1963  5.2224e-24
  1966  4.2897e-24
  1968  3.8810e-24
  1971  3.8019e-24
  1973  4.1420e-24
  1976  4.0033e-24
  1979  3.6864e-24
  1981  3.1309e-24
  1983  2.8470e-24
  1985  2.9727e-24
  1988  2.5014e-24
  1990  2.1901e-24
  1991  1.8519e-24
  1993  1.8752e-24
  1996  1.8933e-24
  1999  1.9677e-24
  2002  1.9536e-24
  2005  1.6608e-24
  2006  1.3686e-24
  2008  1.1117e-24
  2009  1.0250e-24
  2010  9.8675e-25
  2013  8.5767e-25
  2015  8.4548e-25
  2016  7.0579e-25
  2018  6.1769e-25
  2019  5.1586e-25
  2021  5.6661e-25
  2022  5.3093e-25
  2023  4.8010e-25
  2025  4.9506e-25
  2026  4.6014e-25
  2027  3.7148e-25
  2028  3.0337e-25
  2030  2.8886e-25
  2031  2.8485e-25
  2032  3.0378e-25
  2035  3.2073e-25
  2038  2.8040e-25
  2041  2.5162e-25
  2043  2.3632e-25
  2044  1.9216e-25
  2046  1.7304e-25
  2047  1.4890e-25
  2049  1.6149e-25
  2051  1.5019e-25
  2054  1.2037e-25
  2057  1.2983e-25
  2060  1.0798e-25
  2062  8.6595e-26
  2063  7.7187e-26
  2066  6.7420e-26
  2069  6.4852e-26
  2071  6.8322e-26
  2073  6.5432e-26
  2076  6.8872e-26
  2078  6.5192e-26
  2081  6.0573e-26
  2084  5.4611e-26
  2085  5.3123e-26
  2086  4.3686e-26
  2088  4.0466e-26
  2091  3.9938e-26
  2093  4.2653e-26
  2094  4.0868e-26
  2096  3.4512e-26
  2098  3.7640e-26
  2099  3.8164e-26
  2100  3.1915e-26
  2101  2.6104e-26
  2104  2.6302e-26
  2106  2.1296e-26
  2107  1.7585e-26
  2109  1.6136e-26
  2112  1.3702e-26
  2113  1.3546e-26
  2114  1.3396e-26
  2117  1.3142e-26
  2118  1.4206e-26
  2119  1.5511e-26
  2121  1.5551e-26
  2123  1.3994e-26
  2124  1.4032e-26
  2126  1.2694e-26
  2128  1.0999e-26
  2130  1.0045e-26
  2133  1.0334e-26
  2135  8.7747e-27
  2136  7.6038e-27
  2137  6.7470e-27
  2138  6.2821e-27
  2140  5.8166e-27
  2142  5.1445e-27
  2145  5.3031e-27
  2148  4.4082e-27
  2151  4.1396e-27
  2154  3.7465e-27
  2155  4.0841e-27
  2156  3.7332e-27
  2158  3.9105e-27
  2161  4.2861e-27
  2162  3.6603e-27
  2164  3.1414e-27
  2167  2.7233e-27
  2168  2.9699e-27
  2171  3.1943e-27
  2172  3.0874e-27
  2174  3.3286e-27
  2176  2.7205e-27
  2179  2.2475e-27
  2181  2.3756e-27
  2184  2.1066e-27
  2187  1.7976e-27
  2188  1.6067e-27
  2189  1.4208e-27
  2190  1.2345e-27
  2193  1.1029e-27
  2194  1.1778e-27
  2197  1.2810e-27
  2199  1.3088e-27
  2200  1.4235e-27
  2201  1.2493e-27
  2202  1.0439e-27
  2205  9.4071e-28
  2206  9.0600e-28
  2208  7.4064e-28
  2210  7.9192e-28
  2213  6.4883e-28
  2215  5.9892e-28
  2218  6.5618e-28
  2221  6.8659e-28
  2224  6.2276e-28
  2227  6.2243e-28
  2230  5.8480e-28
  2232  5.6872e-28
  2234  5.7057e-28
  2235  4.7672e-28
  2236  4.3044e-28
  2238  4.4735e-28
  2239  3.9690e-28
  2242  3.4013e-28
  2244  3.5899e-28
  2247  2.9940e-28
  2250  3.1258e-28
  2253  2.5298e-28
  2254  2.2616e-28
  2255  2.4606e-28
  2257  2.2501e-28
  2258  1.9671e-28
  2261  2.0403e-28
  2263  1.6856e-28
  2266  1.8261e-28
  2267  1.9880e-28
  2269  1.6536e-28
  2270  1.3675e-28
  2272  1.1385e-28
  2274  9.6622e-29
  2276  8.6636e-29
  2279  7.4637e-29
  2282  7.5421e-29
  2284  6.1931e-29
  2287  5.1683e-29
  2288  5.3904e-29
  2289  5.1046e-29
  2292  4.9819e-29
  2293  4.9874e-29
  2295  4.5255e-29
  2296  4.0880e-29
  2297  4.0790e-29
  2300  4.2082e-29
  2302  4.1105e-29
  2305  4.3562e-29
  2306  3.7598e-29
  2309  3.5447e-29
  2311  2.9201e-29
  2314  2.5732e-29
  2316  2.5054e-29
  2317  2.5079e-29
  2320  2.1323e-29
  2321  2.3105e-29
  2322  2.4219e-29
  2323  1.9524e-29
  2325  2.0642e-29
  2327  2.0471e-29
  2329  2.1464e-29
  2331  1.8233e-29
  2334  1.5620e-29
  2336  1.3186e-29
  2337  1.2341e-29
  2338  1.2731e-29
  2341  1.3357e-29
  2344  1.0781e-29
  2346  1.1366e-29
  2348  1.0982e-29
  2350  9.4985e-30
  2352  1.0083e-29
  2354  9.4567e-30
  2355  8.7558e-30
  2358  7.7478e-30
  2359  8.0519e-30
  2362  7.7269e-30
  2365  6.8918e-30
  2368  6.3044e-30
  2371  6.4624e-30
  2374  6.2782e-30
  2376  6.5237e-30
  2377  6.8914e-30
  2378  6.9001e-30
  2379  5.6456e-30
  2382  5.3671e-30
  2384  4.6370e-30
  2385  4.7508e-30
  2387  4.3207e-30
  2389  4.3009e-30
  2391  4.0977e-30
  2393  4.0304e-30
  2395  4.4317e-30
  2398  4.7988e-30
  2400  5.2189e-30
  2401  5.3042e-30
  2403  4.2804e-30
  2405  3.8834e-30
  2407  4.2694e-30
  2410  4.5978e-30
  2412  3.8590e-30
  2413  4.1981e-30
  2414  4.0404e-30
  2416  3.7654e-30
  2417  3.1507e-30
  2419  2.7907e-30
  2420  2.9374e-30
  2422  3.0277e-30
  2423  2.5825e-30
  2424  2.5910e-30
  2427  2.4189e-30
  2429  2.5236e-30
  2432  2.7384e-30
  2434  2.8866e-30
  2437  2.8212e-30
  2439  3.0092e-30
  2440  2.8149e-30
  2442  3.0250e-30
  2444  2.7489e-30
  2445  3.0008e-30
  2447  2.7232e-30
  2450  2.3003e-30
  2453  1.8684e-30
  2456  1.6598e-30
  2458  1.5186e-30
  2459  1.5307e-30
  2460  1.4496e-30
  2463  1.2746e-30
  2465  1.1419e-30
  2468  1.1946e-30
  2469  1.2615e-30
  2472  1.0303e-30
  2474  8.6272e-31
  2475  9.1759e-31
  2476  7.4062e-31
  2478  6.7367e-31
  2480  5.5660e-31
  2482  5.8104e-31
  2485  6.1369e-31
  2488  5.1425e-31
  2490  4.3825e-31
  2491  4.7973e-31
  2492  4.2987e-31
  2493  4.7151e-31
  2494  3.9014e-31
  2496  4.1840e-31
  2497  3.7836e-31
  2498  3.4788e-31
  2501  3.6167e-31
  2504  3.7607e-31
  2505  3.8498e-31
  2508  3.2513e-31
  2511  2.6835e-31
  2512  2.2605e-31
  2515  1.8879e-31
  2518  1.5413e-31
  2521  1.4436e-31
  2524  1.4768e-31
  2526  1.5848e-31
  2527  1.4099e-31
  2530  1.4532e-31
  2533  1.2067e-31
  2534  1.3028e-31
  2536  1.0489e-31
  2539  8.7239e-32
  2542  8.9037e-32
  2545  7.2342e-32
  2548  7.6503e-32
  2550  8.1961e-32
  2553  7.1792e-32
  2554  6.7668e-32
  2556  7.4007e-32
  2557  6.9492e-32
  2558  6.3560e-32
  2559  6.5903e-32
  2562  6.3446e-32
  2564  5.7020e-32
  2566  4.7881e-32
  2569  5.0377e-32
  2571  4.4674e-32
  2572  4.3997e-32
  2575  4.2406e-32
  2577  4.0785e-32
  2580  3.4830e-32
  2582  2.9375e-32
  2585  2.5522e-32
  2588  2.8060e-32
  2590  2.6557e-32
  2593  2.3361e-32
  2596  2.1841e-32
  2597  1.8836e-32
  2598  1.7255e-32
  2601  1.6582e-32
  2602  1.6071e-32
  2603  1.4658e-32
  2606  1.4807e-32
  2609  1.5617e-32
  2610  1.3907e-32
  2611  1.2244e-32
  2613  1.0719e-32
  2614  1.0321e-32
  2616  9.3929e-33
  2618  8.5720e-33
  2619  6.8810e-33
  2620  5.9668e-33
  2621  5.8111e-33
  2622  5.8891e-33
  2625  5.9271e-33
  2626  5.4275e-33
  2629  4.7932e-33
  2631  4.2120e-33
  2632  4.2884e-33
  2635  4.2051e-33
  2636  4.2173e-33
  2637  3.8749e-33
  2639  3.4074e-33
  2642  3.3337e-33
  2645  3.3276e-33
  2646  3.0356e-33
  2649  3.3353e-33
  2650  3.2305e-33
  2652  3.2116e-33
  2655  3.0172e-33
  2658  2.6050e-33
  2661  2.6618e-33
  2662  2.4861e-33
  2665  2.2493e-33
  2668  1.8936e-33
  2671  1.9280e-33
  2673  1.6160e-33
  2675  1.4799e-33
  2676  1.3210e-33
  2678  1.3390e-33
  2681  1.3670e-33
  2684  1.2835e-33
  2686  1.1191e-33
  2689  1.0358e-33
  2690  1.0586e-33
  2692  1.1242e-33
  2693  1.0606e-33
  2694  1.1104e-33
  2696  1.1293e-33
  2697  9.6401e-34
  2699  9.8474e-34
  2702  8.9370e-34
  2705  9.7554e-34
  2707  7.9010e-34
  2709  7.3473e-34
  2712  6.9238e-34
  2715  5.7399e-34
  2716  5.4303e-34
  2718  5.0863e-34
  2721  5.0147e-34
  2724  4.1533e-34
  2726  3.7554e-34
  2728  3.3168e-34
  2730  3.2109e-34
  2733  3.3267e-34
  2736  3.0950e-34
  2739  2.7334e-34
  2740  2.2527e-34
  2742  2.3865e-34
  2744  2.2744e-34
  2747  2.3559e-34
  2749  2.1525e-34
  2751  1.8372e-34
  2753  1.9165e-34
  2754  1.7521e-34
  2756  1.7898e-34
  2758  1.8098e-34
  2759  1.7827e-34
  2761  1.5827e-34
  2762  1.6473e-34
  2765  1.3971e-34
  2767  1.4460e-34
  2770  1.3592e-34
  2772  1.3138e-34
  2773  1.3978e-34
  2775  1.2962e-34
  2777  1.3119e-34
  2779  1.2878e-34
  2782  1.1727e-34
  2783  1.0911e-34
  2786  1.0237e-34
  2789  9.8396e-35
  2791  8.8533e-35
  2792  8.7692e-35
  2793  8.9063e-35
  2795  7.1431e-35
  2798  6.8715e-35
  2799  7.3361e-35
  2802  5.8793e-35
  2804  5.1514e-35
  2806  5.6094e-35
  2807  4.5198e-35
  2809  4.7978e-35
  2812  4.2515e-35
  2815  4.5355e-35
  2816  4.3869e-35
  2818  3.7971e-35
  2819  4.0706e-35
  2822  3.2620e-35
  2825  2.6941e-35
  2827  2.4390e-35
  2829  1.9909e-35
  2830  1.9365e-35
  2832  1.7558e-35
  2834  1.5066e-35
  2837  1.5846e-35
  2840  1.3662e-35
  2843  1.1614e-35
  2846  1.0605e-35
  2848  1.0324e-35
  2851  8.3192e-36
  2853  6.7842e-36
  2854  6.4185e-36
  2856  5.6376e-36
  2857  4.8800e-36
  2859  5.1368e-36
  2862  4.2441e-36
  2865  4.1958e-36
  2868  4.4739e-36
  2869  4.8882e-36
  2872  4.6888e-36
  2873  3.8727e-36
  2875  3.7990e-36
  2876  3.0532e-36
  2878  2.6149e-36
  2881  2.2436e-36
  2883  2.2213e-36
  2885  2.1636e-36
  2888  2.2721e-36
  2891  2.1195e-36
  2892  2.1775e-36
  2895  2.3252e-36
  2896  2.1627e-36
  2898  2.0370e-36
  2901  1.8769e-36
  2902  1.5746e-36
  2903  1.2974e-36
  2905  1.3170e-36
  2907  1.2142e-36
  2910  1.2889e-36
  2913  1.3495e-36
  2914  1.4068e-36
  2917  1.4464e-36
  2919  1.4964e-36
  2920  1.2661e-36
  2923  1.3225e-36
  2924  1.0595e-36
  2927  1.0017e-36
  2929  1.0917e-36
  2932  1.1606e-36
  2935  1.1764e-36
  2936  1.1936e-36
  2938  1.0231e-36
  2941  1.0624e-36
  2942  9.2365e-37
  2943  9.6138e-37
  2945  8.3521e-37
  2947  8.8677e-37
  2950  7.8300e-37
  2952  8.0041e-37
  2955  6.5161e-37
  2958  6.1385e-37
  2961  5.2402e-37
  2962  5.3817e-37
  2964  4.7246e-37
  2966  4.7397e-37
  2967  4.3740e-37
  2969  4.3716e-37
  2971  4.1534e-37
  2973  3.7715e-37
  2976  4.1347e-37
  2979  3.6268e-37
  2981  3.0140e-37
  2984  2.7060e-37
  2985  2.9217e-37
  2988  2.4071e-37
  2990  2.5106e-37
  2993  2.2716e-37
  2996  2.4460e-37
  2997  2.3393e-37
  2998  2.3115e-37
  2999  2.1303e-37
  3002  2.1123e-37
  3005  2.1528e-37
  3008  2.2386e-37
  3009  2.0030e-37
  3011  2.1418e-37
  3013  1.7301e-37
  3016  1.5210e-37
  3017  1.3941e-37
  3020  1.4878e-37
  3021  1.2285e-37
  3023  1.3024e-37
  3026  1.3570e-37
  3027  1.1412e-37
  3029  1.0870e-37
  3032  1.0094e-37
  3034  9.1903e-38
  3037  7.4071e-38
  3038  6.5809e-38
  3040  6.1329e-38
  3043  4.9162e-38
  3045  5.3128e-38
  3047  4.6451e-38
  3048  4.8672e-38
  3050  4.6892e-38
  3051  4.1372e-38
  3052  3.8717e-38
  3053  4.0974e-38
  3056  3.9313e-38
  3057  3.1526e-38
  3059  2.5794e-38
  3060  2.8044e-38
  3063  3.0583e-38
  3065  3.3299e-38
  3068  3.4689e-38
  3071  2.9745e-38
  3072  2.6391e-38
  3074  2.1753e-38
  3077  2.3494e-38
  3079  2.5309e-38
  3080  2.3504e-38
  3082  2.3871e-38
  3084  2.4167e-38
  3085  2.3221e-38
  3086  1.9496e-38
  3089  2.0424e-38
  3090  1.6987e-38
  3093  1.4099e-38
  3094  1.4681e-38
  3095  1.2501e-38
  3098  1.1544e-38
  3101  1.1070e-38
  3103  9.6143e-39
  3105  1.0281e-38
  3107  1.1016e-38
  3110  1.0985e-38
  3113  1.1549e-38
  3116  1.2381e-38
  3117  1.0958e-38
  3118  1.1247e-38
  3119  1.1353e-38
  3122  1.1596e-38
  3124  1.1014e-38
  3126  1.2021e-38
  3127  1.0001e-38
  3130  1.0095e-38
  3133  1.0897e-38
  3136  1.0862e-38
  3139  9.6944e-39
  3142  9.0838e-39
  3143  9.0807e-39
  3145  7.8959e-39
  3147  8.4988e-39
  3149  6.9404e-39
  3151  7.0384e-39
  3154  6.8832e-39
  3156  5.7096e-39
  3157  5.0983e-39
  3160  5.5660e-39
  3162  4.9197e-39
  3165  5.0393e-39
  3166  4.3776e-39
  3169  3.8633e-39
  3171  3.3340e-39
  3173  3.1095e-39
  3175  3.2729e-39
  3178  3.1278e-39
  3179  2.7444e-39
  3180  2.2725e-39
  3183  2.0130e-39
  3185  2.1194e-39
  3186  2.1988e-39
  3189  2.2121e-39
  3192  2.1025e-39
  3194  2.2358e-39
  3196  1.9217e-39
  3197  1.5407e-39
  3199  1.6804e-39
  3200  1.7696e-39
  3201  1.6444e-39
  3203  1.3958e-39
  3206  1.4939e-39
  3207  1.5862e-39
  3210  1.3405e-39
  3212  1.1816e-39
  3215  1.1928e-39
  3217  1.0773e-39
  3218  9.2520e-40
  3219  7.4123e-40
  3222  6.5939e-40
  3224  6.6980e-40
  3225  6.2326e-40
  3228  6.3931e-40
  3231  6.5737e-40
  3233  5.7549e-40
  3235  4.6410e-40
  3236  5.0315e-40
  3237  4.9655e-40
  3240  4.5899e-40
  3243  3.8724e-40
  3245  4.0839e-40
  3247  3.3964e-40
  3249  3.2655e-40
  3250  3.4848e-40
  3251  2.8772e-40
  3252  3.0560e-40
  3253  2.5138e-40
  3255  2.2735e-40
  3257  1.9753e-40
  3258  1.9676e-40
  3259  1.9240e-40
  3262  2.0274e-40
  3265  1.7482e-40
  3267  1.8230e-40
  3269  1.6762e-40
  3271  1.7511e-40
  3272  1.7162e-40
  3275  1.5285e-40
  3277  1.2794e-40
  3280  1.2502e-40
  3283  1.1259e-40
  3286  1.0466e-40
  3288  8.6824e-41
  3289  7.6022e-41
  3292  8.2072e-41
  3295  8.9365e-41
  3297  8.2608e-41
  3299  7.3506e-41
  3301  7.1610e-41
  3303  7.6219e-41
  3305  7.4813e-41
  3307  8.2094e-41
  3309  8.1828e-41
  3310  6.5972e-41
  3313  6.6511e-41
  3315  7.0757e-41
  3317  6.6144e-41
  3320  6.6605e-41
  3321  5.8670e-41
  3323  5.6674e-41
  3325  4.5778e-41
  3328  4.6837e-41
  3329  4.4802e-41
  3331  3.7911e-41
  3332  4.0931e-41
  3333  3.5227e-41
  3334  3.2892e-41
  3335  3.0296e-41
  3337  2.4647e-41
  3339  2.4449e-41
  3341  2.4579e-41
  3343  1.9971e-41
  3346  1.6195e-41
  3347  1.3374e-41
  3348  1.2454e-41
  3349  1.1285e-41
  3351  1.1162e-41
  3352  8.9779e-42
  3355  8.2687e-42
  3356  8.7682e-42
  3359  9.3823e-42
  3360  8.4120e-42
  3362  7.5836e-42
  3364  7.3991e-42
  3365  7.5816e-42
  3368  8.2161e-42
  3369  8.9547e-42
  3372  9.5560e-42
  3373  9.6140e-42
  3374  7.8374e-42
  3376  7.8635e-42
  3379  7.2808e-42
  3381  7.3602e-42
  3382  7.4773e-42
  3384  6.3105e-42
  3385  6.8778e-42
  3388  6.8767e-42
  3389  6.4026e-42
  3391  5.7649e-42
  3393  5.8974e-42
  3395  6.2522e-42
  3396  6.3970e-42
  3399  6.6719e-42
  3401  5.6824e-42
  3402  6.0609e-42
  3404  6.0558e-42
  3407  5.2400e-42
  3409  4.3769e-42
  3412  4.5483e-42
  3413  4.1202e-42
  3414  4.4888e-42
  3415  4.3947e-42
  3416  4.8250e-42
  3418  3.9667e-42
  3420  3.2098e-42
  3421  3.0981e-42
  3424  2.5355e-42
  3425  2.2622e-42
  3426  1.9031e-42
  3428  2.0673e-42
  3429  2.1512e-42
  3430  2.0931e-42
  3432  2.0205e-42
  3435  1.6669e-42
  3437  1.4500e-42
  3438  1.4832e-42
  3440  1.3596e-42
  3441  1.3906e-42
  3443  1.3762e-42
  3444  1.3283e-42
  3445  1.2528e-42
  3448  1.2234e-42
  3451  1.0380e-42
  3454  9.0771e-43
  3456  9.1061e-43
  3459  7.9135e-43
  3461  8.0561e-43
  3462  8.1066e-43
  3463  7.3850e-43
  3466  7.9741e-43
  3467  8.6521e-43
  3470  7.7178e-43
  3473  8.0186e-43
  3476  8.1165e-43
  3479  6.7350e-43
  3480  6.9763e-43
  3483  7.0355e-43
  3486  6.9351e-43
  3488  5.7703e-43
  3490  5.2196e-43
  3491  4.3029e-43
  3493  4.3924e-43
  3496  4.4383e-43
  3497  4.1659e-43
  3500  3.8118e-43
  3502  3.2444e-43
  3503  2.8353e-43
  3505  2.5125e-43
  3508  2.5955e-43
  3509  2.6035e-43
  3510  2.7515e-43
  3512  2.4698e-43
  3513  2.5521e-43
  3514  2.2536e-43
  3516  2.0427e-43
  3517  2.2385e-43
  3519  2.0904e-43
  3522  2.0102e-43
  3524  1.7912e-43
  3525  1.6242e-43
  3527  1.6029e-43
  3530  1.3352e-43
  3531  1.2292e-43
  3534  1.0475e-43
  3537  9.7235e-44
  3540  9.8135e-44
  3543  1.0294e-43
  3544  1.0706e-43
  3547  1.1279e-43
  3550  1.1009e-43
  3552  9.0501e-44
  3554  8.4129e-44
  3557  7.9739e-44
  3559  6.7470e-44
  3561  7.2688e-44
  3562  7.0418e-44
  3564  6.1918e-44
  3567  6.4852e-44
  3568  6.4709e-44
  3571  5.9490e-44
  3574  4.8922e-44
  3575  4.1782e-44
  3578  4.0652e-44
  3580  3.7085e-44
  3581  3.8668e-44
  3583  3.7200e-44
  3585  3.1612e-44
  3588  3.1133e-44
  3591  3.0640e-44
  3594  2.8973e-44
  3595  2.5755e-44
  3596  2.7358e-44
  3599  2.2970e-44
  3600  1.9308e-44
  3601  1.6769e-44
  3603  1.6238e-44
  3604  1.5975e-44
  3606  1.3782e-44
  3609  1.3909e-44
  3611  1.4436e-44
  3613  1.4436e-44
  3615  1.1590e-44
  3617  9.6412e-45
  3619  8.6704e-45
  3620  9.1393e-45
  3622  7.6860e-45
  3625  7.1552e-45
  3628  6.0519e-45
  3630  5.0735e-45
  3633  5.4779e-45
  3635  5.8613e-45
  3638  4.8796e-45
  3641  4.5863e-45
  3643  4.4345e-45
  3645  3.5760e-45
  3648  3.5661e-45
  3650  3.5828e-45
  3652  3.5408e-45
  3655  3.1588e-45
  3657  3.1351e-45
  3658  2.8723e-45
  3661  2.9789e-45
  3663  2.3964e-45
  3664  2.4325e-45
  3667  1.9618e-45
  3668  2.0626e-45
  3671  2.1566e-45
  3672  1.9879e-45
  3675  1.7448e-45
  3676  1.8910e-45
  3677  2.0029e-45
  3678  1.7964e-45
  3679  1.8378e-45
  3681  1.8427e-45
  3682  1.9862e-45
  3684  1.8108e-45
  3686  1.6766e-45
  3687  1.6117e-45
  3689  1.4193e-45
  3690  1.2038e-45
  3692  1.0517e-45
  3694  1.1447e-45
  3695  1.1316e-45
  3698  1.1702e-45
  3699  1.1303e-45
  3702  1.0394e-45
  3704  1.0907e-45
  3705  1.1028e-45
  3707  1.1010e-45
  3710  1.1773e-45
  3712  1.1831e-45
  3713  1.2910e-45
  3716  1.0649e-45
  3719  9.2214e-46
  3720  7.7308e-46
  3722  6.3782e-46
  3723  5.6599e-46
  3724  5.3885e-46
  3725  5.7208e-46
  3726  4.5992e-46
  3729  4.5091e-46
  3731  4.2145e-46
  3733  3.5889e-46
  3734  3.9264e-46
  3735  3.5030e-46
  3736  3.8271e-46
  3737  3.3877e-46
  3739  3.5999e-46
  3742  3.0258e-46
  3744  2.6724e-46
  3747  2.6501e-46
  3748  2.3786e-46
  3750  2.1343e-46
  3752  2.3113e-46
  3754  2.5154e-46
  3756  2.4508e-46
  3758  2.4681e-46
  3760  2.5827e-46
  3762  2.5710e-46
  3765  2.4095e-46
  3767  2.2091e-46
  3770  2.3014e-46
  3773  2.3712e-46
  3776  1.9124e-46
  3778  1.9064e-46
  3779  1.9467e-46
  3781  1.6264e-46
  3782  1.5761e-46
  3785  1.3207e-46
  3786  1.1638e-46
  3787  1.1591e-46
  3790  1.1717e-46
  3791  1.0122e-46
  3794  8.1305e-47
  3795  8.7885e-47
  3797  9.5520e-47
  3800  7.8364e-47
  3803  7.1981e-47
  3804  7.0239e-47
  3805  6.8837e-47
  3806  6.1555e-47
  3807  5.2949e-47
  3809  5.0964e-47
  3810  4.6577e-47
  3811  4.7846e-47
  3814  5.1414e-47
  3815  5.0379e-47
  3816  4.9308e-47
  3818  4.7923e-47
  3820  5.0205e-47
  3822  5.5171e-47
  3825  5.5897e-47
  3826  5.4586e-47
  3829  5.4549e-47
  3831  4.5668e-47
  3833  4.2236e-47
  3836  4.5515e-47
  3839  4.7587e-47
  3842  5.0939e-47
  3843  4.9808e-47
  3846  4.2052e-47
  3847  4.2838e-47
  3849  3.9741e-47
  3852  3.2468e-47
  3854  3.4813e-47
  3857  3.7260e-47
  3860  3.4478e-47
  3862  2.9017e-47
  3863  2.6253e-47
  3864  2.7011e-47
  3866  2.2059e-47
  3867  2.2398e-47
  3868  2.0185e-47
  3870  1.7373e-47
  3873  1.7849e-47
  3875  1.4448e-47
  3876  1.1727e-47
  3877  1.0665e-47
  3880  1.1296e-47
  3882  1.1616e-47
  3884  1.0161e-47
  3886  8.1923e-48
  3887  8.6116e-48
  3889  7.1987e-48
  3891  6.4127e-48
  3894  5.7590e-48
  3895  5.1667e-48
  3898  4.9587e-48
  3899  4.5505e-48
  3902  4.9060e-48
  3905  4.2027e-48
  3906  4.4601e-48
  3907  4.0372e-48
  3909  3.2735e-48
  3910  3.2983e-48
  3911  3.4786e-48
  3913  3.3620e-48
  3914  3.5869e-48
  3915  3.3880e-48
  3917  2.8132e-48
  3919  2.4711e-48
  3922  2.0673e-48
  3925  1.9553e-48
  3928  1.9464e-48
  3931  2.0532e-48
  3933  2.2412e-48
  3934  1.8508e-48
  3937  1.7453e-48
  3940  1.5418e-48
  3941  1.5888e-48
  3943  1.6313e-48
  3945  1.5417e-48
  3946  1.2923e-48
  3948  1.0843e-48
  3949  9.7858e-49
  3951  1.0209e-48
  3953  9.5850e-49
  3954  8.3331e-49
  3957  8.2118e-49
  3959  6.8547e-49
  3962  5.6236e-49
  3964  4.6152e-49
  3967  4.2819e-49
  3970  4.4186e-49
  3973  4.7150e-49
  3975  4.6307e-49
  3977  5.0377e-49
  3978  4.1074e-49
  3979  3.8633e-49
  3981  4.2138e-49
  3984  3.8777e-49
  3986  3.8153e-49
  3988  4.1087e-49
  3990  3.9811e-49
  3991  4.0721e-49
  3992  4.4754e-49
  3995  4.4517e-49
  3998  4.6110e-49
  3999  4.3080e-49
  4000  4.1939e-49
  4001  3.8830e-49
  4004  3.3412e-49
  4006  2.8704e-49
  4008  2.6416e-49
  4009  2.6922e-49
  4010  2.8101e-49
  4013  2.3784e-49
  4014  2.2827e-49
  4017  2.3194e-49
  4019  2.2970e-49
  4020  2.0142e-49
  4022  2.1530e-49
  4025  2.0321e-49
  4028  2.0528e-49
  4031  2.0939e-49
  4034  1.8188e-49
  4035  1.8664e-49
  4037  1.5098e-49
  4038  1.3346e-49
  4040  1.2638e-49
  4043  1.3819e-49
  4045  1.4356e-49
  4047  1.3321e-49
  4049  1.1068e-49
  4051  1.1651e-49
  4054  1.1642e-49
  4057  1.2431e-49
  4060  1.2405e-49
  4063  1.2920e-49
  4064  1.1817e-49
  4065  1.0653e-49
  4068  1.1475e-49
  4069  1.1535e-49
  4070  1.2072e-49
  4073  1.1284e-49
  4076  1.1733e-49
  4079  1.2529e-49
  4081  1.1058e-49
  4083  1.0156e-49
  4086  9.0055e-50
  4089  9.4818e-50
  4092  8.4196e-50
  4094  8.1234e-50
  4097  8.0097e-50
  4099  8.6042e-50
  4102  8.5557e-50
  4103  7.4549e-50
  4105  7.6733e-50
  4108  6.3766e-50
  4111  5.1567e-50
  4113  4.3208e-50
  4116  4.4390e-50
  4118  4.0457e-50
  4119  3.5622e-50
  4121  3.4926e-50
  4124  3.1439e-50
  4127  2.8844e-50
  4128  2.8975e-50
  4130  2.8639e-50
  4131  3.1189e-50
  4132  3.4252e-50
  4133  2.9013e-50
  4135  2.9398e-50
  4138  3.2312e-50
  4139  2.6276e-50
  4140  2.5316e-50
  4143  2.1066e-50
  4145  1.8736e-50
  4148  1.9508e-50
  4149  1.7741e-50
  4151  1.4338e-50
  4153  1.3458e-50
  4154  1.2468e-50
  4156  1.0752e-50
  4159  1.0447e-50
  4161  1.0093e-50
  4162  8.4152e-51
  4163  8.6258e-51
  4164  8.4358e-51
  4166  9.1190e-51
  4169  8.2430e-51
  4172  8.6547e-51
  4175  7.1261e-51
  4176  7.4310e-51
  4179  6.0947e-51
  4180  5.5614e-51
  4181  5.8783e-51
  4183  6.2583e-51
  4185  5.8882e-51
  4186  5.9515e-51
  4188  6.2618e-51
  4191  6.4002e-51
  4192  5.1807e-51
  4195  5.4597e-51
  4198  5.5942e-51
  4200  4.6754e-51
  4202  4.0717e-51
  4204  3.6025e-51
  4206  2.9683e-51
  4208  3.1952e-51
  4209  2.8485e-51
  4212  2.9972e-51
  4214  3.2849e-51
  4216  3.1744e-51
  4219  3.4367e-51
  4221  3.7390e-51
  4224  3.4373e-51
  4225  3.2690e-51
  4228  2.6592e-51
  4231  2.1369e-51
  4232  2.1577e-51
  4233  1.9051e-51
  4235  1.7604e-51
  4237  1.6034e-51
  4240  1.3916e-51
  4242  1.3490e-51
  4245  1.0954e-51
  4247  1.1804e-51
  4250  9.5801e-52
  4252  9.1479e-52
  4255  7.5518e-52
  4256  6.3730e-52
  4258  5.2397e-52
  4259  5.3361e-52
  4262  4.3689e-52
  4263  3.6625e-52
  4265  3.2861e-52
  4268  3.5716e-52
  4269  3.2701e-52
  4270  3.2356e-52
  4272  2.9026e-52
  4275  2.9969e-52
  4276  2.9653e-52
  4277  2.9938e-52
  4278  2.9799e-52
  4281  2.6517e-52
  4284  2.4407e-52
  4287  2.5157e-52
  4290  2.5028e-52
  4292  2.6655e-52
  4294  2.6297e-52
  4297  2.3260e-52
  4299  2.1976e-52
  4302  1.9027e-52
  4305  1.8440e-52
  4306  1.9273e-52
  4307  1.7012e-52
  4309  1.7360e-52
  4311  1.4589e-52
  4313  1.5306e-52
  4314  1.5049e-52
  4316  1.4239e-52
  4318  1.3859e-52
  4319  1.4187e-52
  4321  1.3430e-52
  4324  1.1044e-52
  4327  8.9811e-53
  4328  7.7523e-53
  4330  7.6417e-53
  4332  7.5435e-53
  4333  7.7406e-53
  4335  8.0051e-53
  4338  7.4536e-53
  4340  6.3179e-53
  4343  5.0877e-53
  4346  5.0360e-53
  4349  5.2824e-53
  4352  4.6470e-53
  4355  4.3200e-53
  4358  3.5436e-53
  4360  3.8696e-53
  4362  3.1161e-53
  4364  3.2566e-53
  4366  2.8242e-53
  4367  2.6334e-53
  4370  2.4615e-53
  4373  2.2482e-53
  4376  1.8017e-53
  4378  1.6713e-53
  4379  1.7495e-53
  4382  1.8147e-53
  4383  1.6440e-53
  4385  1.6895e-53
  4386  1.4828e-53
  4388  1.2128e-53
  4389  9.8399e-54
  4390  9.3158e-54
  4391  7.7903e-54
  4394  8.1969e-54
  4396  8.1443e-54
  4399  8.2835e-54
  4401  7.4228e-54
  4403  7.1050e-54
  4406  5.9590e-54
  4407  5.2492e-54
  4409  4.3857e-54
  4410  3.5660e-54
  4413  3.2989e-54
  4414  2.9747e-54
  4415  2.3898e-54
  4418  2.0475e-54
  4419  2.0719e-54
  4422  1.8758e-54
  4423  1.5403e-54
  4425  1.4606e-54
  4427  1.3765e-54
  4429  1.1954e-54
  4431  1.3070e-54
  4434  1.0818e-54
  4437  8.7189e-55
  4439  9.5345e-55
  4440  8.7656e-55
  4443  7.9456e-55
  4445  6.4913e-55
  4447  6.3782e-55
  4449  6.5102e-55
  4450  6.2024e-55
  4452  5.8947e-55
  4453  5.8092e-55
  4456  5.5377e-55
  4458  5.5072e-55
  4460  5.2373e-55
  4463  5.4756e-55
  4464  5.6519e-55
  4467  4.9429e-55
  4470  4.3152e-55
  4472  3.9699e-55
  4474  3.6502e-55
  4476  3.5682e-55
  4479  2.9246e-55
  4481  3.1622e-55
  4483  2.7184e-55
  4485  2.5828e-55
  4487  2.4422e-55
  4488  2.3490e-55
  4491  2.2367e-55
  4493  1.8203e-55
  4495  1.7035e-55
  4496  1.7492e-55
  4499  1.7994e-55
  4502  1.5763e-55
  4504  1.5506e-55
  4507  1.3364e-55
  4509  1.3791e-55
  4511  1.4538e-55
  4514  1.2725e-55
  4517  1.0715e-55
  4519  1.0010e-55
  4522  1.0410e-55
  4523  8.8294e-56
  4526  9.2088e-56
  4528  8.9091e-56
  4531  7.5799e-56
  4533  6.0776e-56
  4534  5.0221e-56
  4537  4.2643e-56
  4539  3.5037e-56
  4540  3.6612e-56
  4541  3.3424e-56
  4543  3.0881e-56
  4545  2.6349e-56
  4547  2.5995e-56
  4549  2.5416e-56
  4550  2.1390e-56
  4552  1.8655e-56
  4554  1.9665e-56
  4555  2.0493e-56
  4558  2.1636e-56
  4559  1.8747e-56
  4560  1.7165e-56
  4563  1.5144e-56
  4566  1.3412e-56
  4569  1.0921e-56
  4571  1.1589e-56
  4574  9.4612e-57
  4575  9.3912e-57
  4577  8.1767e-57
  4578  7.5610e-57
  4579  6.7919e-57
  4580  7.1753e-57
  4582  6.6711e-57
  4585  5.4939e-57
  4588  6.0172e-57
  4590  5.9069e-57
  4591  5.0204e-57
  4594  5.1974e-57
  4596  4.5675e-57
  4597  4.0259e-57
  4599  3.2368e-57
  4602  3.2917e-57
  4605  3.1977e-57
  4607  3.2304e-57
  4609  2.8123e-57
  4611  2.2782e-57
  4612  2.2152e-57
  4614  1.8907e-57
  4617  1.8048e-57
  4619  1.5114e-57
  4621  1.3138e-57
  4623  1.2389e-57
  4625  1.1348e-57
  4626  1.0310e-57
  4628  9.2594e-58
  4630  9.6875e-58
  4631  1.0026e-57
  4632  9.8705e-58
  4635  1.0630e-57
  4637  9.5334e-58
  4639  9.7487e-58
  4642  9.6870e-58
  4645  8.4467e-58
  4648  7.9237e-58
  4650  6.5539e-58
  4651  6.4550e-58
  4652  5.7894e-58
  4653  6.2227e-58
  4654  5.9682e-58
  4656  4.9183e-58
  4657  5.3042e-58
  4659  4.4352e-58
  4661  4.6104e-58
  4663  3.9720e-58
  4665  3.5135e-58
  4667  3.7900e-58
  4669  4.0106e-58
  4672  3.6089e-58
  4674  3.8730e-58
  4677  3.5515e-58
  4678  3.5498e-58
  4679  2.9236e-58
  4681  2.6468e-58
  4682  2.7276e-58
  4683  2.3036e-58
  4685  2.0985e-58
  4687  1.7244e-58
  4690  1.4600e-58
  4692  1.5177e-58
  4695  1.3721e-58
  4696  1.4301e-58
  4698  1.5447e-58
  4699  1.5209e-58
  4700  1.5646e-58
  4703  1.4020e-58
  4705  1.2544e-58
  4706  1.3795e-58
  4707  1.3321e-58
  4709  1.1001e-58
  4712  9.6386e-59
  4713  1.0414e-58
  4714  8.5417e-59
  4717  7.7841e-59
  4720  6.7575e-59
  4723  6.9998e-59
  4726  7.2167e-59
  4728  7.6470e-59
  4729  6.7242e-59
  4732  7.3334e-59
  4735  6.4861e-59
  4738  5.3587e-59
  4741  5.1109e-59
  4742  4.9715e-59
  4745  4.3949e-59
  4747  3.9881e-59
  4748  3.3910e-59
  4749  3.3590e-59
  4752  3.5354e-59
  4755  3.7452e-59
  4758  3.6447e-59
  4759  3.1328e-59
  4761  3.2475e-59
  4764  2.8394e-59
  4767  2.3557e-59
  4768  2.5803e-59
  4770  2.7952e-59
  4772  2.9346e-59
  4773  2.9004e-59
  4776  2.4727e-59
  4778  2.6412e-59
  4781  2.7814e-59
  4783  2.3551e-59
  4786  2.0181e-59
  4787  1.6661e-59
  4790  1.6490e-59
  4793  1.7241e-59
  4794  1.5714e-59
  4796  1.5120e-59
  4798  1.5408e-59
  4799  1.5649e-59
  4800  1.4812e-59
  4803  1.5918e-59
  4804  1.3456e-59
  4805  1.1924e-59
  4806  9.8075e-60
  4809  7.9693e-60
  4812  8.6259e-60
  4814  7.3457e-60
  4817  7.0702e-60
  4820  6.7026e-60
  4821  5.6600e-60
  4824  5.6313e-60
  4827  5.6962e-60
  4828  5.0521e-60
  4829  4.4964e-60
  4830  3.8692e-60
  4831  3.9449e-60
  4833  3.8971e-60
  4836  4.0511e-60
  4837  3.7223e-60
  4840  3.2933e-60
  4843  2.7717e-60
  4846  3.0173e-60
  4849  2.6001e-60
  4852  2.1778e-60
  4853  2.3593e-60
  4856  2.1723e-60
  4857  2.1844e-60
  4858  1.9691e-60
  4860  1.8673e-60
  4861  1.8167e-60
  4862  1.5570e-60
  4863  1.3125e-60
  4866  1.3799e-60
  4868  1.4489e-60
  4870  1.5716e-60
  4873  1.6302e-60
  4875  1.5747e-60
  4878  1.4844e-60
  4880  1.2220e-60
  4881  1.0734e-60
  4884  1.1075e-60
  4885  1.1690e-60
  4888  1.0545e-60
  4889  9.1645e-61
  4890  8.9684e-61
  4892  8.6355e-61
  4895  9.3730e-61
  4896  7.6941e-61
  4898  6.4585e-61
  4901  5.9790e-61
  4903  5.3886e-61
  4904  5.5648e-61
  4907  4.8926e-61
  4908  4.8632e-61
  4909  4.6012e-61
  4910  3.6819e-61
  4911  3.8989e-61
  4913  3.8070e-61
  4916  4.1783e-61
  4917  4.1047e-61
  4920  3.6662e-61
  4921  3.1117e-61
  4922  3.0585e-61
  4923  2.8569e-61
  4924  2.8896e-61
  4925  2.5223e-61
  4927  2.2866e-61
  4929  2.4518e-61
  4932  2.1868e-61
  4934  1.9131e-61
  4936  1.6211e-61
  4938  1.6618e-61
  4939  1.3790e-61
  4940  1.4846e-61
  4943  1.6132e-61
  4946  1.3637e-61
  4947  1.3690e-61
  4949  1.2215e-61
  4950  1.1124e-61
  4951  1.1053e-61
  4954  9.5896e-62
  4957  9.1550e-62
  4960  7.7819e-62
  4963  7.3290e-62
  4965  7.9378e-62
  4966  8.0648e-62
  4968  8.1549e-62
  4971  8.6764e-62
  4973  7.7424e-62
  4975  6.7440e-62
  4978  5.4606e-62
  4981  4.9668e-62
  4982  5.2952e-62
  4983  5.0124e-62
  4985  4.5611e-62
  4987  5.0154e-62
  4989  5.0940e-62
  4991  4.5695e-62
  4994  4.8718e-62
  4997  4.3903e-62
  5000  3.5478e-62
  5002  3.5045e-62
  5005  3.3554e-62
  5007  3.1211e-62
  5008  3.3531e-62
  5009  3.4395e-62
  5010  3.1437e-62
  5012  2.5832e-62
  5014  2.6766e-62
  5016  2.6643e-62
  5019  2.9071e-62
  5020  3.1127e-62
  5022  3.0948e-62
  5023  3.1963e-62
  5026  2.6446e-62
  5027  2.8315e-62
  5030  3.0581e-62
  5031  2.5309e-62
  5034  2.5789e-62
  5035  2.1082e-62
  5036  2.1270e-62
  5037  1.9586e-62
  5038  1.9012e-62
  5040  1.8562e-62
  5042  1.8330e-62
  5043  2.0129e-62
  5046  2.1539e-62
  5047  1.8497e-62
  5050  1.7128e-62
  5053  1.8835e-62
  5055  1.6084e-62
  5058  1.5735e-62
  5060  1.4966e-62
  5063  1.3601e-62
  5066  1.2511e-62
  5068  1.2713e-62
  5069  1.0430e-62
  5072  1.0809e-62
  5075  1.1367e-62
  5077  9.9543e-63
  5078  8.5090e-63
  5079  8.4623e-63
  5080  7.1198e-63
  5083  6.7905e-63
  5085  6.4538e-63
  5086  6.6395e-63
  5088  6.8439e-63
  5091  6.3107e-63
  5092  6.2410e-63
  5094  5.0549e-63
  5096  5.1814e-63
  5099  4.9675e-63
  5100  4.3907e-63
  5102  4.6792e-63
  5104  3.7553e-63
  5106  3.0279e-63
  5107  2.4456e-63
  5110  2.6055e-63
  5112  2.2175e-63
  5113  2.0078e-63
  5116  1.9371e-63
  5119  1.8663e-63
  5122  1.5354e-63
  5125  1.6348e-63
  5126  1.3950e-63
  5129  1.4664e-63
  5130  1.3055e-63
  5131  1.2595e-63
  5133  1.3779e-63
  5135  1.1779e-63
  5137  1.2643e-63
  5139  1.0983e-63
  5140  1.0480e-63
  5142  1.0731e-63
  5143  1.1725e-63
  5145  1.2697e-63
  5148  1.2076e-63
  5149  1.0066e-63
  5151  1.0053e-63
  5154  9.4908e-64
  5155  8.3143e-64
  5157  6.8326e-64
  5159  6.7039e-64
  5160  6.8455e-64
  5161  6.6755e-64
  5162  6.0140e-64
  5164  6.0794e-64
  5165  5.7294e-64
  5167  5.2601e-64
  5169  4.8267e-64
  5171  5.2420e-64
  5173  4.6262e-64
  5175  5.0625e-64
  5177  4.2764e-64
  5180  4.2138e-64
  5182  4.4532e-64
  5184  3.8939e-64
  5185  3.1333e-64
  5187  3.2774e-64
  5188  3.4796e-64
  5190  3.1230e-64
  5192  3.4333e-64
  5194  3.7577e-64
  5196  4.1229e-64
  5198  3.9595e-64
  5201  3.8334e-64
  5203  3.5249e-64
  5205  3.4367e-64
  5206  3.5329e-64
  5209  3.1314e-64
  5211  2.6124e-64
  5213  2.7301e-64
  5215  2.8506e-64
  5216  3.0496e-64
  5217  2.8586e-64
  5218  2.9042e-64
  5219  2.7284e-64
  5220  2.3493e-64
  5222  2.3561e-64
  5224  2.5877e-64
  5227  2.2636e-64
  5228  1.8390e-64
  5230  1.5100e-64
  5231  1.5807e-64
  5232  1.4880e-64
  5233  1.2794e-64
  5234  1.2444e-64
  5236  1.1718e-64
  5238  1.0367e-64
  5241  8.6859e-65
  5244  8.8155e-65
  5247  9.6585e-65
  5250  9.4500e-65
  5253  9.0626e-65
  5254  9.1011e-65
  5257  9.3189e-65
  5260  1.0166e-64
  5261  8.1960e-65
  5262  8.0980e-65
  5265  7.3917e-65
  5267  7.1133e-65
  5269  6.5813e-65
  5272  6.7622e-65
  5274  7.3941e-65
  5276  6.9565e-65
  5278  6.8609e-65
  5281  7.4325e-65
  5283  7.3869e-65
  5284  6.5913e-65
  5286  5.5137e-65
  5289  4.9091e-65
  5292  5.3341e-65
  5294  5.0637e-65
  5295  5.3512e-65
  5296  4.4198e-65
  5298  4.1667e-65
  5301  3.4270e-65
  5302  3.6415e-65
  5303  3.6496e-65
  5305  3.1929e-65
  5308  3.3127e-65
  5310  2.9538e-65
  5311  2.5001e-65
  5314  2.5429e-65
  5315  2.7443e-65
  5317  2.8847e-65
  5319  2.5061e-65
  5321  2.4403e-65
  5322  2.4347e-65
  5323  2.0350e-65
  5326  2.1162e-65
  5328  2.2442e-65
  5331  2.3748e-65
  5333  2.4118e-65
  5334  2.3076e-65
  5335  1.9845e-65
  5337  1.9632e-65
  5339  1.8299e-65
  5341  1.4681e-65
  5343  1.3797e-65
  5346  1.1215e-65
  5349  1.1857e-65
  5351  1.0153e-65
  5354  9.1224e-66
  5356  8.1102e-66
  5357  7.1086e-66
  5360  7.0375e-66
  5362  7.0913e-66
  5365  6.3285e-66
  5367  6.5107e-66
  5368  7.0713e-66
  5369  7.5987e-66
  5371  8.0270e-66
  5374  8.6714e-66
  5376  9.1317e-66
  5377  9.7923e-66
  5379  9.3081e-66
  5382  9.1020e-66
  5384  7.7253e-66
  5387  7.7193e-66
  5389  6.4302e-66
  5390  6.4214e-66
  5392  5.1648e-66
  5395  4.7585e-66
  5398  4.2004e-66
  5399  3.7544e-66
  5402  3.3516e-66
  5404  3.5263e-66
  5405  3.5071e-66
  5406  3.7616e-66
  5409  4.1323e-66
  5411  3.7687e-66
  5413  3.8059e-66
  5416  4.0939e-66
  5417  3.3301e-66
  5420  3.6151e-66
  5423  3.5237e-66
  5424  2.9199e-66
  5426  3.1569e-66
  5429  2.6141e-66
  5431  2.7168e-66
  5434  2.7201e-66
  5437  2.1802e-66
  5440  1.9723e-66
  5441  1.7396e-66
  5444  1.5646e-66
  5446  1.5878e-66
  5447  1.4177e-66
  5450  1.2332e-66
  5453  1.3189e-66
  5456  1.1702e-66
  5457  1.1815e-66
  5460  9.8323e-67
  5461  8.0805e-67
  5463  8.2526e-67
  5465  7.8952e-67
  5468  8.4159e-67
  5471  7.1600e-67
  5473  6.9591e-67
  5476  6.4596e-67
  5479  5.6059e-67
  5480  6.1296e-67
  5483  6.6028e-67
  5485  7.1746e-67
  5488  6.0730e-67
  5491  6.0769e-67
  5493  5.3048e-67
  5494  4.7271e-67
  5497  4.7014e-67
  5499  4.9474e-67
  5500  5.1899e-67
  5503  4.1650e-67
  5506  3.8774e-67
  5507  3.7496e-67
  5509  3.6506e-67
  5512  3.7425e-67
  5513  4.0320e-67
  5515  3.6443e-67
  5518  3.3774e-67
  5520  3.2201e-67
  5523  2.8943e-67
  5526  2.5031e-67
  5527  2.2759e-67
  5529  2.3500e-67
  5532  1.8923e-67
  5535  1.8027e-67
  5536  1.6818e-67
  5538  1.3707e-67
  5541  1.3212e-67
  5544  1.2532e-67
  5546  1.0303e-67
  5549  9.0143e-68
  5552  8.1384e-68
  5554  7.2469e-68
  5555  7.7784e-68
  5556  7.1407e-68
  5557  6.1235e-68
  5559  5.8281e-68
  5560  6.2493e-68
  5563  5.7730e-68
  5564  6.2118e-68
  5566  5.7630e-68
  5568  5.7304e-68
  5570  5.2702e-68
  5573  5.7012e-68
  5576  6.2401e-68
  5579  5.4201e-68
  5581  4.9525e-68
  5582  4.8641e-68
  5585  4.1706e-68
  5588  4.0757e-68
  5589  3.9705e-68
  5591  3.1861e-68
  5594  2.6033e-68
  5597  2.8189e-68
  5599  2.7412e-68
  5602  2.4435e-68
  5604  2.4400e-68
  5605  2.5959e-68
  5608  2.6706e-68
  5610  2.5820e-68
  5613  2.8345e-68
  5616  2.8083e-68
  5619  2.8966e-68
  5620  2.6038e-68
  5623  2.1542e-68
  5625  2.3656e-68
  5628  2.5935e-68
  5629  2.1348e-68
  5632  2.0566e-68
  5635  2.0761e-68
  5638  2.1188e-68
  5640  1.7605e-68
  5642  1.5001e-68
  5643  1.6186e-68
  5646  1.7735e-68
  5647  1.5930e-68
  5648  1.6488e-68
  5649  1.3526e-68
  5652  1.2307e-68
  5655  1.0669e-68
  5657  1.1549e-68
  5660  9.7379e-69
  5662  1.0320e-68
  5664  9.6655e-69
  5666  1.0237e-68
  5669  8.9040e-69
  5670  8.3850e-69
  5672  7.3518e-69
  5673  7.0206e-69
  5676  7.4823e-69
  5677  7.9647e-69
  5678  6.9420e-69
  5681  5.6413e-69
  5684  6.1043e-69
  5687  6.5214e-69
  5690  6.8859e-69
  5692  5.9977e-69
  5694  6.4955e-69
  5695  6.1073e-69
  5697  6.3355e-69
  5699  5.5833e-69
  5702  5.2953e-69
  5704  5.3335e-69
  5706  4.5030e-69
  5709  4.3593e-69
  5711  4.2167e-69
  5713  4.1296e-69
  5716  3.7781e-69
  5718  4.1470e-69
  5720  4.3681e-69
  5721  4.4041e-69
  5723  3.8296e-69
  5726  3.2554e-69
  5727  3.0724e-69
  5729  2.9534e-69
  5730  2.4042e-69
  5732  2.2273e-69
  5733  2.3006e-69
  5736  2.1505e-69
  5739  1.9717e-69
  5740  1.8709e-69
  5741  2.0090e-69
  5743  1.8770e-69
  5745  1.7531e-69
  5748  1.4412e-69
  5751  1.3585e-69
  5752  1.3444e-69
  5755  1.3356e-69
  5757  1.4333e-69
  5758  1.5273e-69
  5759  1.4922e-69
  5761  1.3460e-69
  5763  1.4510e-69
  5765  1.3476e-69
  5767  1.1096e-69
  5770  9.1295e-70
  5772  9.0505e-70
  5774  8.3484e-70
  5775  8.6206e-70
  5778  9.1263e-70
  5779  7.3189e-70
  5781  7.1884e-70
  5782  6.6960e-70
  5783  5.3672e-70
  5785  4.4848e-70
  5788  4.6355e-70
  5791  4.0211e-70
  5792  3.7981e-70
  5794  3.3207e-70
  5796  3.4821e-70
  5797  3.4124e-70
  5800  3.0389e-70
  5801  2.9273e-70
  5804  2.4821e-70
  5806  2.3909e-70
  5809  2.3424e-70
  5810  2.1701e-70
  5812  2.0167e-70
  5814  1.9972e-70
  5816  2.0665e-70
  5818  1.9165e-70
  5819  1.8011e-70
  5822  1.8048e-70
  5825  1.7412e-70
  5827  1.8401e-70
  5830  1.9231e-70
  5833  1.7581e-70
  5834  1.5523e-70
  5835  1.4145e-70
  5838  1.2099e-70
  5839  1.2916e-70
  5840  1.4186e-70
  5841  1.2574e-70
  5844  1.2701e-70
  5845  1.1872e-70
  5847  1.1732e-70
  5850  9.9655e-71
  5852  8.0325e-71
  5853  6.5200e-71
  5855  6.9282e-71
  5856  5.5895e-71
  5857  4.7707e-71
  5859  3.9399e-71
  5862  3.4455e-71
  5864  3.3275e-71
  5865  3.2855e-71
  5868  3.5321e-71
  5870  2.8806e-71
  5873  3.0977e-71
  5874  3.0270e-71
  5877  2.5382e-71
  5879  2.4616e-71
  5880  2.0061e-71
  5881  1.7532e-71
  5884  1.8483e-71
  5887  1.9892e-71
  5890  1.9388e-71
  5891  1.9093e-71
  5894  1.5299e-71
  5895  1.3922e-71
  5896  1.1402e-71
  5899  1.1785e-71
  5902  1.2198e-71
  5905  1.0491e-71
  5907  9.5493e-72
  5910  9.7854e-72
  5911  9.7062e-72
  5913  8.4903e-72
  5914  9.2957e-72
  5916  1.0080e-71
  5918  9.8022e-72
  5919  7.9228e-72
  5922  7.7092e-72
  5925  6.7505e-72
  5927  6.3803e-72
  5928  5.1146e-72
  5929  4.9720e-72
  5932  5.4297e-72
  5935  5.5577e-72
  5938  4.8502e-72
  5940  4.2240e-72
  5941  4.6110e-72
  5943  3.9915e-72
  5946  3.9315e-72
  5947  4.2320e-72
  5950  3.6000e-72
  5952  3.6570e-72
  5955  3.4196e-72
  5957  3.6571e-72
  5960  3.8671e-72
  5961  3.8100e-72
  5962  3.0733e-72
  5964  3.1503e-72
  5967  2.8606e-72
  5970  3.0880e-72
  5971  3.1180e-72
  5973  2.9968e-72
  5976  3.1229e-72
  5977  2.9371e-72
  5979  2.8880e-72
  5980  2.9678e-72
  5983  3.0292e-72
  5986  2.8107e-72
  5987  2.9189e-72
  5990  2.3491e-72
  5993  2.3549e-72
  5994  2.0027e-72
  5996  1.9839e-72
  5997  2.0459e-72
  5998  2.1179e-72
  5999  2.2574e-72
  6002  2.1975e-72
  6003  2.0758e-72
  6005  2.2675e-72
  6006  1.9857e-72
  6009  2.0896e-72
  6012  2.2427e-72
  6013  2.3824e-72
  6016  2.4832e-72
  6019  2.3555e-72
  6021  2.3751e-72
  6023  1.9252e-72
  6025  1.8672e-72
  6027  1.9912e-72
  6028  2.1651e-72
  6029  2.3748e-72
  6032  2.3335e-72
  6035  2.5364e-72
  6037  2.3270e-72
  6038  2.4850e-72
  6041  2.2726e-72
  6044  2.4654e-72
  6046  2.4289e-72
  6048  2.5538e-72
  6050  2.1394e-72
  6053  1.7979e-72
  6054  1.5160e-72
  6055  1.4825e-72
  6058  1.4684e-72
  6060  1.2730e-72
  6063  1.0503e-72
  6065  9.7248e-73
  6066  8.1505e-73
  6069  7.1309e-73
  6071  6.9782e-73
  6072  7.3427e-73
  6073  7.4591e-73
  6076  6.4165e-73
  6079  5.9743e-73
  6081  5.1154e-73
  6082  4.6591e-73
  6084  4.1571e-73
  6087  3.7781e-73
  6088  3.7348e-73
  6091  3.6551e-73
  6093  3.2936e-73
  6096  3.2245e-73
  6099  3.4554e-73
  6102  3.4122e-73
  6105  3.1712e-73
  6107  2.6127e-73
  6108  2.4499e-73
  6109  2.5108e-73
  6110  2.2084e-73
  6111  2.3211e-73
  6114  2.0416e-73
  6116  1.7002e-73
  6117  1.5782e-73
  6119  1.6570e-73
  6120  1.4975e-73
  6121  1.3513e-73
  6124  1.2722e-73
  6126  1.1147e-73
  6128  1.0918e-73
  6130  1.0871e-73
  6132  1.0005e-73
  6133  9.2155e-74
  6136  9.0340e-74
  6139  7.8983e-74
  6141  7.6364e-74
  6142  6.6834e-74
  6143  5.5294e-74
  6145  4.5625e-74
  6147  4.7134e-74
  6149  4.7103e-74
  6152  4.8168e-74
  6153  3.8588e-74
  6154  3.8980e-74
  6155  4.1046e-74
  6158  4.4828e-74
  6159  4.6175e-74
  6161  4.3132e-74
  6163  4.6833e-74
  6165  4.9112e-74
  6166  4.8074e-74
  6167  4.2484e-74
  6170  4.3116e-74
  6173  4.2420e-74
  6174  4.3361e-74
  6177  3.5983e-74
  6178  3.1122e-74
  6179  2.7885e-74
  6180  2.8542e-74
  6183  2.7991e-74
  6185  2.2986e-74
  6188  1.9750e-74
  6190  1.8786e-74
  6192  1.9319e-74
  6194  1.8732e-74
  6196  1.8018e-74
  6197  1.9029e-74
  6200  1.9402e-74
  6202  1.5724e-74
  6205  1.3521e-74
  6206  1.3063e-74
  6208  1.3832e-74
  6211  1.3104e-74
  6214  1.3962e-74
  6216  1.3880e-74
  6217  1.3456e-74
  6218  1.3461e-74
  6220  1.4372e-74
  6221  1.4771e-74
  6223  1.6211e-74
  6226  1.4716e-74
  6227  1.3818e-74
  6228  1.4289e-74
  6230  1.3138e-74
  6233  1.3245e-74
  6236  1.4365e-74
  6238  1.5643e-74
  6240  1.5269e-74
  6241  1.5419e-74
  6244  1.3016e-74
  6245  1.0977e-74
  6248  1.0529e-74
  6251  8.8353e-75
  6254  8.1771e-75
  6256  6.8767e-75
  6258  7.3817e-75
  6261  7.5959e-75
  6264  7.3869e-75
  6266  6.7520e-75
  6269  7.1564e-75
  6271  6.1834e-75
  6274  5.4584e-75
  6275  5.3561e-75
  6276  4.3829e-75
  6278  4.5524e-75
  6280  4.2513e-75
  6282  3.7754e-75
  6283  3.1564e-75
  6284  2.7023e-75
  6285  2.3330e-75
  6286  1.9668e-75
  6288  2.0515e-75
  6290  2.2403e-75
  6292  2.2884e-75
  6293  2.4863e-75
  6294  2.3542e-75
  6295  1.9411e-75
  6297  1.6662e-75
  6298  1.3769e-75
  6299  1.2574e-75
  6302  1.3248e-75
  6303  1.4171e-75
  6306  1.3236e-75
  6307  1.3216e-75
  6309  1.2674e-75
  6312  1.0669e-75
  6314  9.2066e-76
  6315  8.9981e-76
  6317  8.5761e-76
  6318  7.8729e-76
  6321  8.1636e-76
  6324  8.2080e-76
  6326  8.7671e-76
  6327  9.3344e-76
  6329  9.4234e-76
  6330  8.6189e-76
  6331  9.2667e-76
  6334  9.4140e-76
  6337  1.0354e-75
  6340  9.0610e-76
  6342  9.5768e-76
  6343  7.6946e-76
  6345  7.8293e-76
  6347  7.3896e-76
  6350  8.0910e-76
  6351  6.9190e-76
  6352  6.5000e-76
  6354  6.8659e-76
  6355  6.6551e-76
  6357  5.9300e-76
  6358  6.3306e-76
  6360  6.3084e-76
  6363  6.4082e-76
  6364  6.4202e-76
  6365  5.2769e-76
  6367  4.3298e-76
  6369  3.9322e-76
  6371  3.3343e-76
  6374  3.6103e-76
  6375  3.3185e-76
  6378  3.0103e-76
  6380  3.0631e-76
  6383  3.2464e-76
  6386  2.9288e-76
  6388  3.2088e-76
  6391  3.4324e-76
  6392  2.9649e-76
  6395  2.8156e-76
  6398  2.6725e-76
  6400  2.2436e-76
  6403  2.2240e-76
  6404  2.0172e-76
  6407  1.7265e-76
  6408  1.5363e-76
  6411  1.4086e-76
  6413  1.4465e-76
  6415  1.2810e-76
  6418  1.0330e-76
  6421  1.0823e-76
  6423  1.0377e-76
  6424  8.9829e-77
  6427  8.3565e-77
  6428  8.1260e-77
  6429  7.3868e-77
  6430  7.1829e-77
  6431  7.0192e-77
  6433  7.5718e-77
  6435  8.1443e-77
  6436  8.2941e-77
  6439  8.9819e-77
  6442  7.5542e-77
  6443  6.6251e-77
  6444  7.0135e-77
  6447  6.1295e-77
  6448  6.6456e-77
  6450  5.7617e-77
  6452  6.1352e-77
  6453  5.4131e-77
  6456  4.9291e-77
  6457  4.2522e-77
  6458  3.5998e-77
  6461  3.4354e-77
  6462  2.7697e-77
  6465  2.9916e-77
  6466  2.8241e-77
  6467  2.8535e-77
  6468  2.6933e-77
  6471  2.3097e-77
  6474  2.1649e-77
  6476  2.3696e-77
  6479  2.0392e-77
  6481  1.6829e-77
  6483  1.4831e-77
  6486  1.3702e-77
  6487  1.1934e-77
  6490  1.1816e-77
  6493  1.2392e-77
  6495  1.0133e-77
  6498  9.1761e-78
  6500  7.6750e-78
  6501  6.2089e-78
  6503  5.2659e-78
  6505  5.0721e-78
  6508  4.8129e-78
  6511  4.8509e-78
  6512  4.8929e-78
  6514  5.0305e-78
  6517  4.2143e-78
  6518  3.7231e-78
  6519  3.5518e-78
  6522  3.6024e-78
  6523  2.8898e-78
  6524  2.5763e-78
  6526  2.6333e-78
  6527  2.4563e-78
  6529  2.5912e-78
  6532  2.7472e-78
  6535  2.3796e-78
  6538  2.2612e-78
  6540  1.9573e-78
  6542  2.0596e-78
  6543  1.9115e-78
  6545  2.0582e-78
  6547  2.0906e-78
  6548  1.7438e-78
  6551  1.5453e-78
  6552  1.3850e-78
  6553  1.4201e-78
  6556  1.5065e-78
  6557  1.5925e-78
  6560  1.3187e-78
  6561  1.1103e-78
  6563  1.0527e-78
  6564  1.0173e-78
  6566  1.0506e-78
  6567  1.0015e-78
  6570  8.1790e-79
  6571  7.4698e-79
  6574  6.0656e-79
  6577  6.5774e-79
  6580  6.3475e-79
  6583  5.6644e-79
  6585  4.6584e-79
  6587  4.0006e-79
  6588  4.1374e-79
  6590  3.9257e-79
  6591  3.4102e-79
  6593  2.8970e-79
  6596  2.4480e-79
  6599  1.9585e-79
  6602  2.1369e-79
  6604  1.8540e-79
  6605  1.9639e-79
  6607  1.7965e-79
  6610  1.6774e-79
  6611  1.6869e-79
  6613  1.5857e-79
  6615  1.3528e-79
  6616  1.4467e-79
  6619  1.1679e-79
  6622  9.4965e-80
  6623  8.8084e-80
  6626  9.1165e-80
  6628  8.1288e-80
  6629  8.3664e-80
  6630  7.0917e-80
  6632  7.1426e-80
  6634  7.1879e-80
  6635  7.4636e-80
  6636  6.9739e-80
  6637  6.5956e-80
  6638  5.4627e-80
  6640  5.6793e-80
  6643  5.5118e-80
  6644  5.4702e-80
  6645  4.9919e-80
  6647  4.8580e-80
  6650  5.1978e-80
  6651  5.2812e-80
  6652  5.3444e-80
  6655  4.4721e-80
  6657  3.8061e-80
  6659  3.4590e-80
  6661  2.9421e-80
  6663  3.0501e-80
  6666  2.8399e-80
  6667  2.3488e-80
  6668  2.0429e-80
  6670  2.1315e-80
  6671  2.1840e-80
  6672  1.7675e-80
  6674  1.5256e-80
  6677  1.6079e-80
  6678  1.4857e-80
  6680  1.6059e-80
  6681  1.5300e-80
  6683  1.3939e-80
  6686  1.4181e-80
  6689  1.3456e-80
  6691  1.1515e-80
  6693  9.8434e-81
  6694  1.0263e-80
  6697  1.0610e-80
  6700  1.1201e-80
  6703  1.1751e-80
  6705  1.0000e-80
  6708  9.7871e-81
  6710  1.0198e-80
  6711  9.7333e-81
  6714  9.5242e-81
  6717  9.7880e-81
  6720  7.8569e-81
  6723  7.7702e-81
  6725  8.1581e-81
  6726  8.4848e-81
  6727  9.0515e-81
  6730  8.0024e-81
  6731  7.7880e-81
  6734  7.1466e-81
  6735  7.6800e-81
  6738  8.1383e-81
  6740  7.7871e-81
  6742  8.1567e-81
  6745  7.8727e-81
  6748  6.8574e-81
  6751  7.0101e-81
  6752  6.5238e-81
  6755  6.8788e-81
  6757  6.6660e-81
  6759  7.1385e-81
  6760  6.1773e-81
  6761  5.0471e-81
  6762  4.6980e-81
  6763  3.9120e-81
  6764  3.3791e-81
  6765  2.9978e-81
  6766  3.0324e-81
  6769  3.3115e-81
  6772  3.1107e-81
  6774  3.2547e-81
  6777  2.7729e-81
  6780  2.4325e-81
  6781  2.2210e-81
  6782  2.3370e-81
  6785  2.0063e-81
  6788  1.6704e-81
  6789  1.8175e-81
  6790  1.9778e-81
  6791  1.7314e-81
  6794  1.7088e-81
  6797  1.7270e-81
  6799  1.4923e-81
  6802  1.2201e-81
  6805  1.2334e-81
  6807  1.0994e-81
  6810  1.2071e-81
  6811  1.0634e-81
  6812  1.1375e-81
  6815  1.0209e-81
  6818  8.5450e-82
  6819  7.5809e-82
  6820  7.7064e-82
  6823  6.3315e-82
  6826  6.7027e-82
  6827  5.6283e-82
  6830  4.6123e-82
  6831  4.1146e-82
  6833  3.3581e-82
  6835  3.4325e-82
  6837  3.5046e-82
  6840  3.0329e-82
  6842  2.5426e-82
  6843  2.2508e-82
  6846  2.3913e-82
  6849  2.5717e-82
  6850  2.3651e-82
  6851  2.1341e-82
  6852  2.2671e-82
  6854  2.0986e-82
  6855  1.7299e-82
  6856  1.8225e-82
  6857  1.6307e-82
  6858  1.4496e-82
  6861  1.4336e-82
  6862  1.1752e-82
  6864  1.0841e-82
  6867  9.3947e-83
  6870  8.8264e-83
  6872  9.5487e-83
  6874  8.2927e-83
  6875  8.4187e-83
  6878  8.4813e-83
  6881  8.7580e-83
  6884  9.3789e-83
  6886  8.5394e-83
  6887  8.1089e-83
  6888  8.3704e-83
  6889  8.3997e-83
  6892  7.7440e-83
  6894  7.2614e-83
  6895  6.6327e-83
  6898  5.8103e-83
  6901  5.3017e-83
  6904  5.1559e-83
  6905  4.8398e-83
  6907  4.4317e-83
  6908  3.6728e-83
  6911  3.9490e-83
  6913  4.0320e-83
  6916  3.5664e-83
  6918  3.3018e-83
  6921  2.8651e-83
  6924  2.4745e-83
  6927  2.1949e-83
  6929  2.0570e-83
  6932  2.1422e-83
  6933  2.0021e-83
  6935  1.7248e-83
  6937  1.6511e-83
  6940  1.3552e-83
  6941  1.3436e-83
  6942  1.1703e-83
  6945  1.0266e-83
  6947  8.5903e-84
  6948  7.9607e-84
  6949  7.8712e-84
  6951  6.3037e-84
  6952  5.9448e-84
  6953  5.7347e-84
  6954  5.7370e-84
  6956  5.1730e-84
  6957  5.3292e-84
  6958  5.4957e-84
  6960  4.4829e-84
  6963  3.9867e-84
  6964  3.6430e-84
  6966  2.9937e-84
  6969  2.4724e-84
  6971  2.0613e-84
  6972  1.9396e-84
  6975  1.5896e-84
  6976  1.5241e-84
  6979  1.2516e-84
  6981  1.0810e-84
  6984  9.1959e-85
  6985  9.8856e-85
  6987  9.7983e-85
  6989  8.5511e-85
  6992  9.0259e-85
  6994  7.5212e-85
  6995  6.5031e-85
  6998  6.1080e-85
  6999  5.0160e-85
  7002  5.0791e-85
  7005  5.4188e-85
  7006  4.4494e-85
  7008  4.4328e-85
  7011  4.3541e-85
  7014  3.9914e-85
  7016  4.0816e-85
  7017  3.2722e-85
  7018  2.8556e-85
  7021  2.7449e-85
  7024  2.3509e-85
  7025  2.0454e-85
  7028  2.0068e-85
  7031  1.9677e-85
  7032  1.5991e-85
  7033  1.4877e-85
  7034  1.3380e-85
  7037  1.1841e-85
  7038  1.0828e-85
  7040  1.0026e-85
  7043  9.6346e-86
  7044  8.1539e-86
  7047  7.4960e-86
  7050  7.4942e-86
  7052  8.2078e-86
  7053  7.4086e-86
  7056  6.8287e-86
  7058  6.1656e-86
  7060  6.1923e-86
  7063  5.0670e-86
  7065  4.4318e-86
  7067  4.4454e-86
  7070  4.0696e-86
  7071  3.9453e-86
  7073  3.6996e-86
  7074  3.6052e-86
  7075  3.7902e-86
  7078  4.1366e-86
  7081  3.8420e-86
  7084  3.7816e-86
  7085  3.0725e-86
  7087  2.6690e-86
  7089  2.8219e-86
  7091  2.2664e-86
  7094  2.1652e-86
  7095  2.3529e-86
  7096  2.5083e-86
  7099  2.4782e-86
  7100  2.1983e-86
  7101  1.8236e-86
  7102  1.8568e-86
  7103  1.4859e-86
  7105  1.6169e-86
  7108  1.3720e-86
  7110  1.4542e-86
  7111  1.3993e-86
  7114  1.4900e-86
  7116  1.4306e-86
  7118  1.3296e-86
  7121  1.2713e-86
  7124  1.3506e-86
  7127  1.3773e-86
  7130  1.3820e-86
  7132  1.1883e-86
  7134  1.2609e-86
  7135  1.1843e-86
  7137  1.0325e-86
  7140  9.1957e-87
  7142  7.4357e-87
  7144  6.8095e-87
  7147  6.9222e-87
  7150  7.1802e-87
  7151  6.8912e-87
  7152  5.6519e-87
  7153  6.0415e-87
  7156  5.8333e-87
  7159  5.8322e-87
  7162  5.9927e-87
  7164  5.1816e-87
  7166  5.3925e-87
  7168  4.6730e-87
  7169  4.4737e-87
  7170  4.3599e-87
  7172  4.6617e-87
  7175  4.9062e-87
  7176  5.2803e-87
  7177  5.7535e-87
  7180  5.7058e-87
  7183  5.2423e-87
  7184  4.3086e-87
  7187  3.7102e-87
  7190  3.4036e-87
  7191  2.8618e-87
  7194  2.4327e-87
  7197  2.1289e-87
  7198  2.2397e-87
  7201  2.2439e-87
  7202  2.1443e-87
  7204  2.0067e-87
  7206  1.8084e-87
  7207  1.8227e-87
  7209  1.9741e-87
  7210  1.7255e-87
  7211  1.7778e-87
  7213  1.6815e-87
  7214  1.8214e-87
  7217  1.9250e-87
  7218  1.9492e-87
  7219  2.0221e-87
  7220  2.1831e-87
  7222  2.2781e-87
  7225  2.3924e-87
  7227  2.4254e-87
  7230  2.5480e-87
  7233  2.0871e-87
  7234  2.0134e-87
  7235  1.9000e-87
  7238  1.5966e-87
  7239  1.4445e-87
  7242  1.3414e-87
  7244  1.1257e-87
  7246  9.9811e-88
  7248  9.4870e-88
  7250  7.9919e-88
  7252  8.3588e-88
  7255  6.7587e-88
  7257  6.1883e-88
  7258  5.4663e-88
  7259  5.3852e-88
  7261  5.3655e-88
  7262  5.0972e-88
  7265  4.3849e-88
  7268  4.4496e-88
  7269  4.6550e-88
  7271  4.5513e-88
  7274  4.0513e-88
  7276  3.3867e-88
  7277  3.5917e-88
  7278  2.9509e-88
  7281  3.2414e-88
  7284  2.7759e-88
  7287  2.8135e-88
  7289  2.7859e-88
  7290  2.9962e-88
  7293  2.5620e-88
  7295  2.2189e-88
  7298  2.0657e-88
  7299  2.0409e-88
  7301  1.7766e-88
  7303  1.6536e-88
  7304  1.8008e-88
  7306  1.8753e-88
  7309  1.6737e-88
  7311  1.6298e-88
  7313  1.4028e-88
  7316  1.2414e-88
  7317  1.3554e-88
  7319  1.4113e-88
  7322  1.1455e-88
  7324  1.0574e-88
  7325  9.6776e-89
  7327  9.1423e-89
  7330  7.5974e-89
  7331  7.6253e-89
  7333  7.4197e-89
  7335  6.0967e-89
  7338  6.3237e-89
  7340  5.8842e-89
  7343  5.7264e-89
  7344  5.1424e-89
  7345  5.2933e-89
  7347  5.5850e-89
  7349  5.9847e-89
  7352  6.4346e-89
  7353  6.9032e-89
  7354  5.8767e-89
  7356  6.3148e-89
  7357  5.7334e-89
  7360  5.6069e-89
  7362  5.7064e-89
  7363  4.6387e-89
  7366  4.7761e-89
  7368  4.3921e-89
  7369  4.5423e-89
  7372  4.8575e-89
  7373  4.8582e-89
  7375  3.9805e-89
  7377  3.6334e-89
  7379  3.1270e-89
  7380  3.1243e-89
  7382  3.3223e-89
  7385  2.9270e-89
  7386  2.7773e-89
  7387  2.2347e-89
  7390  2.1209e-89
  7392  1.7635e-89
  7395  1.6390e-89
  7396  1.4692e-89
  7398  1.5006e-89
  7400  1.5354e-89
  7401  1.2534e-89
  7404  1.1833e-89
  7406  1.0874e-89
  7408  9.5331e-90
  7411  8.9999e-90
  7414  9.1528e-90
  7415  7.5288e-90
  7416  7.0262e-90
  7417  7.5984e-90
  7420  6.7345e-90
  7422  6.5203e-90
  7423  6.3422e-90
  7425  6.3619e-90
  7427  6.9711e-90
  7428  7.3445e-90
  7430  7.4492e-90
  7433  7.7260e-90
  7434  6.4553e-90
  7436  5.2590e-90
  7438  5.0873e-90
  7441  4.4532e-90
  7442  4.0404e-90
  7445  3.9584e-90
  7448  3.3038e-90
  7449  3.2414e-90
  7450  3.3193e-90
  7451  3.2163e-90
  7454  3.1285e-90
  7457  3.0647e-90
  7458  2.7180e-90
  7460  2.8561e-90
  7463  2.8165e-90
  7466  2.2651e-90
  7468  2.4313e-90
  7470  2.6414e-90
  7472  2.6057e-90
  7473  2.0965e-90
  7476  2.1982e-90
  7477  2.2268e-90
  7479  1.8320e-90
  7481  1.5169e-90
  7483  1.2798e-90
  7484  1.2179e-90
  7487  1.2434e-90
  7489  1.1635e-90
  7491  1.2599e-90
  7492  1.1959e-90
  7494  1.1116e-90
  7496  1.1222e-90
  7497  1.1157e-90
  7500  1.0363e-90
  7501  1.1135e-90
  7504  1.1342e-90
  7507  1.0178e-90
  7508  9.7272e-91
  7510  9.8787e-91
  7513  1.0342e-90
  7515  9.7319e-91
  7518  8.1008e-91
  7521  7.3008e-91
  7522  6.7536e-91
  7524  6.5911e-91
  7527  6.2880e-91
  7528  5.5536e-91
  7531  5.5651e-91
  7534  5.8105e-91
  7537  4.9924e-91
  7540  4.2633e-91
  7542  4.5602e-91
  7545  4.0212e-91
  7547  3.8819e-91
  7549  4.1773e-91
  7550  3.3545e-91
  7552  2.9379e-91
  7553  3.0836e-91
  7554  2.9596e-91
  7557  2.5838e-91
  7559  2.7608e-91
  7560  2.6310e-91
  7562  2.1714e-91
  7563  1.8005e-91
  7565  1.9145e-91
  7567  2.0210e-91
  7570  1.9589e-91
  7572  1.7170e-91
  7575  1.8014e-91
  7576  1.5697e-91
  7577  1.3787e-91
  7580  1.3445e-91
  7581  1.2710e-91
  7584  1.3091e-91
  7586  1.3444e-91
  7589  1.2197e-91
  7591  1.2353e-91
  7594  1.0715e-91
  7595  1.0854e-91
  7598  9.5128e-92
  7600  1.0039e-91
  7602  1.0643e-91
  7604  1.0809e-91
  7607  1.1163e-91
  7608  8.9758e-92
  7609  8.3770e-92
  7610  6.8356e-92
  7611  6.7537e-92
  7612  5.8503e-92
  7613  5.6753e-92
  7616  6.2120e-92
  7617  6.3162e-92
  7620  6.1440e-92
  7623  6.5993e-92
  7626  6.2444e-92
  7628  5.3601e-92
  7629  5.5151e-92
  7630  5.1369e-92
  7632  4.6125e-92
  7634  4.2103e-92
  7636  3.7202e-92
  7637  3.1294e-92
  7639  2.7734e-92
  7642  2.8665e-92
  7643  2.8503e-92
  7646  2.5797e-92
  7647  2.6615e-92
  7650  2.1744e-92
  7652  1.8183e-92
  7655  1.5086e-92
  7658  1.5648e-92
  7660  1.5379e-92
  7662  1.2813e-92
  7663  1.3822e-92
  7664  1.1814e-92
  7665  1.0781e-92
  7668  1.0553e-92
  7669  9.8721e-93
  7672  8.8368e-93
  7673  9.4643e-93
  7674  9.1527e-93
  7677  9.7074e-93
  7680  1.0133e-92
  7681  9.5407e-93
  7682  7.6605e-93
  7684  6.6715e-93
  7687  5.3471e-93
  7689  5.6392e-93
  7692  6.1132e-93
  7694  6.4181e-93
  7696  5.2355e-93
  7699  4.3996e-93
  7701  4.4970e-93
  7702  4.4990e-93
  7705  3.8143e-93
  7706  3.0844e-93
  7709  3.2203e-93
  7711  3.1413e-93
  7713  2.5500e-93
  7715  2.7248e-93
  7717  2.6514e-93
  7719  2.2112e-93
  7721  2.3899e-93
  7723  2.1693e-93
  7725  2.2333e-93
  7728  2.3310e-93
  7731  2.4650e-93
  7733  2.6949e-93
  7734  2.9502e-93
  7737  2.8578e-93
  7740  2.7226e-93
  7742  2.9800e-93
  7743  2.8302e-93
  7744  2.5878e-93
  7747  2.0712e-93
  7749  2.1080e-93
  7750  1.7563e-93
  7753  1.9138e-93
  7755  1.7215e-93
  7758  1.4366e-93
  7760  1.3446e-93
  7761  1.1351e-93
  7764  9.2694e-94
  7767  1.0180e-93
  7769  9.3248e-94
  7772  8.1907e-94
  7774  7.1229e-94
  7777  6.2432e-94
  7778  5.0541e-94
  7780  4.4591e-94
  7781  4.6546e-94
  7782  4.5452e-94
  7783  4.4715e-94
  7785  3.6543e-94
  7786  3.6317e-94
  7788  3.6912e-94
  7791  3.0996e-94
  7793  2.9156e-94
  7795  2.3665e-94
  7797  2.4139e-94
  7799  2.1309e-94
  7801  1.9064e-94
  7802  2.0843e-94
  7805  1.9561e-94
  7806  1.9594e-94
  7808  2.1130e-94
  7811  1.9263e-94
  7812  1.8374e-94
  7813  1.4713e-94
  7814  1.4508e-94
  7816  1.5500e-94
  7817  1.4279e-94
  7820  1.4584e-94
  7823  1.5579e-94
  7825  1.4926e-94
  7826  1.2792e-94
  7827  1.2568e-94
  7830  1.0412e-94
  7832  1.0163e-94
  7834  1.0979e-94
  7836  1.0114e-94
  7837  8.3951e-95
  7839  7.9644e-95
  7840  6.3769e-95
  7841  6.5751e-95
  7844  5.6374e-95
  7845  5.2855e-95
  7847  4.8675e-95
  7849  4.5335e-95
  7852  4.9566e-95
  7855  4.8754e-95
  7856  4.2175e-95
  7857  4.5003e-95
  7858  3.9834e-95
  7859  3.5657e-95
  7862  3.4565e-95
  7865  3.4547e-95
  7866  3.0807e-95
  7868  2.8338e-95
  7871  2.3077e-95
  7874  1.9970e-95
  7876  1.8549e-95
  7878  1.8867e-95
  7880  1.5574e-95
  7882  1.6123e-95
  7884  1.3824e-95
  7885  1.2514e-95
  7887  1.0206e-95
  7890  9.7669e-96
  7892  9.1678e-96
  7894  9.8378e-96
  7895  8.9494e-96
  7897  8.9046e-96
  7898  7.3895e-96
  7900  6.8208e-96
  7903  6.2495e-96
  7906  5.0738e-96
  7908  4.8580e-96
  7910  3.9208e-96
  7913  3.2338e-96
  7914  2.8912e-96
  7915  2.3615e-96
  7916  2.0896e-96
  7919  2.0061e-96
  7920  1.8744e-96
  7922  1.6788e-96
  7923  1.5859e-96
  7926  1.4817e-96
  7927  1.3595e-96
  7930  1.3158e-96
  7932  1.2808e-96
  7934  1.0822e-96
  7935  1.1288e-96
  7936  1.1334e-96
  7938  9.4735e-97
  7940  8.3172e-97
  7941  7.0566e-97
  7944  6.9299e-97
  7946  6.3790e-97
  7948  6.3518e-97
  7951  5.6701e-97
  7952  6.1759e-97
  7955  5.1711e-97
  7958  4.5052e-97
  7959  4.8209e-97
  7961  4.2055e-97
  7964  3.7255e-97
  7967  3.0983e-97
  7968  3.3672e-97
  7969  3.3149e-97
  7971  3.2174e-97
  7972  3.2995e-97
  7973  3.2758e-97
  7975  2.8451e-97
  7976  2.7825e-97
  7979  2.7295e-97
  7981  2.9940e-97
  7984  2.5060e-97
  7987  2.1212e-97
  7990  2.0648e-97
  7992  2.0246e-97
  7993  2.2063e-97
  7995  2.1982e-97
  7996  2.3134e-97
  7997  2.2791e-97
  7998  2.0331e-97
