     1  1.0000e+02
     3  9.1333e+01
     6  9.0372e+01
     9  8.0871e+01
    10  7.4625e+01
    12  7.5002e+01
    13  6.9383e+01
    16  6.2970e+01
    18  5.4477e+01
    19  5.7894e+01
    22  5.9309e+01
    24  6.4054e+01
    25  6.4494e+01
    26  6.1678e+01
    27  6.0621e+01
    30  5.4469e+01
    31  5.0282e+01
    33  5.2004e+01
    34  4.4646e+01
    37  4.6678e+01
    38  4.4352e+01
    41  4.2116e+01
    44  3.9365e+01
    47  3.6459e+01
    50  3.3035e+01
    52  3.1382e+01
    54  3.3212e+01
    55  2.6706e+01
    56  2.7025e+01
    57  2.8947e+01
    58  2.5930e+01
    60  2.8123e+01
    62  2.9801e+01
    63  2.8154e+01
    65  2.3409e+01
    66  2.0343e+01
    67  2.1287e+01
    69  1.8918e+01
    72  1.7463e+01
    75  1.8648e+01
    76  1.7169e+01
    78  1.5459e+01
    79  1.5175e+01
    80  1.2913e+01
    83  1.3354e+01
    84  1.3085e+01
    85  1.3767e+01
    88  1.1241e+01
    91  9.4205e+00
    93  8.2140e+00
    96  8.9297e+00
    97  9.6374e+00
    98  1.0110e+01
   101  8.4614e+00
   103  8.5266e+00
   104  9.1613e+00
   107  8.6509e+00
   110  8.6172e+00
   112  8.7792e+00
   114  8.9022e+00
   117  9.6170e+00
   118  1.0382e+01
   120  8.3301e+00
   123  7.1186e+00
   126  7.5629e+00
   127  6.1132e+00
   129  5.9696e+00
   132  5.3687e+00
   134  5.5634e+00
   137  5.6902e+00
   140  6.1366e+00
   142  5.9915e+00
   143  5.7189e+00
   146  5.5124e+00
   147  5.3663e+00
   149  5.1227e+00
   150  5.1114e+00
   153  5.1769e+00
   156  4.7380e+00
   159  4.2827e+00
   161  4.3938e+00
   163  3.9008e+00
   166  3.5654e+00
   168  3.5889e+00
   170  2.9566e+00
   172  2.4410e+00
   174  2.5049e+00
   177  2.3006e+00
   180  1.9691e+00
   181  1.6103e+00
   184  1.5777e+00
   185  1.6274e+00
   187  1.4255e+00
   190  1.4391e+00
   192  1.5742e+00
   195  1.3647e+00
   197  1.3355e+00
   198  1.1547e+00
   199  1.1658e+00
   200  1.0770e+00
   201  1.1394e+00
   204  1.0903e+00
   207  1.1814e+00
   210  9.9204e-01
   211  8.0406e-01
   214  6.6373e-01
   215  7.2448e-01
   216  5.8109e-01
   218  6.3057e-01
   219  6.3395e-01
   220  6.6882e-01
   223  6.7365e-01
   225  6.2731e-01
   227  5.0757e-01
   228  4.3581e-01
   231  4.3661e-01
   234  4.2509e-01
   235  3.6623e-01
   238  4.0042e-01
   240  3.9604e-01
   243  3.6581e-01
   244  3.3245e-01
   246  3.6339e-01
   249  3.6010e-01
   250  3.3391e-01
   252  3.4851e-01
   253  3.6095e-01
   254  3.7611e-01
   256  3.7736e-01
   258  3.6150e-01
   260  3.9275e-01
   263  4.1093e-01
   264  3.9382e-01
   266  3.5343e-01
   269  3.7397e-01
   270  3.5945e-01
   272  3.7344e-01
   275  3.5063e-01
   278  3.7700e-01
   279  3.4633e-01
   281  3.3022e-01
   283  2.8656e-01
   286  2.4286e-01
   288  1.9529e-01
   291  1.6934e-01
   292  1.7965e-01
   295  1.7647e-01
   296  1.7674e-01
   298  1.8666e-01
   299  1.9899e-01
   302  1.9654e-01
   305  1.9065e-01
   307  1.7370e-01
   310  1.7392e-01
   312  1.5170e-01
   313  1.6662e-01
   316  1.6862e-01
   318  1.6550e-01
   319  1.7149e-01
   321  1.7321e-01
   323  1.7811e-01
   324  1.5183e-01
   326  1.2469e-01
   329  1.2271e-01
   330  1.0882e-01
   333  1.1209e-01
   336  1.1286e-01
   338  9.5738e-02
   340  1.0057e-01
   341  9.6043e-02
   342  8.8786e-02
   345  8.7492e-02
   348  9.1599e-02
   349  7.5416e-02
   351  7.7376e-02
   354  6.9468e-02
   356  7.5165e-02
   359  6.4219e-02
   362  5.1600e-02
   364  4.3274e-02
   365  4.2194e-02
   366  3.9596e-02
   367  3.5640e-02
   368  2.8621e-02
   370  2.4451e-02
   373  1.9803e-02
   374  1.9296e-02
   377  1.9195e-02
   379  1.6608e-02
   381  1.7245e-02
   383  1.5780e-02
   386  1.5304e-02
   388  1.3291e-02
   389  1.1927e-02
   390  1.2229e-02
   392  1.3012e-02
   394  1.3876e-02
   396  1.1170e-02
   398  1.1541e-02
   400  1.2346e-02
   401  1.0866e-02
   404  1.0083e-02
   406  9.3347e-03
   407  7.7202e-03
   410  7.0694e-03
   413  5.7006e-03
   416  4.8172e-03
   417  4.9429e-03
   420  5.1352e-03
   422  4.9523e-03
   425  4.1855e-03
   427  4.2747e-03
   428  4.6275e-03
   429  4.2345e-03
   432  3.7624e-03
   434  3.0916e-03
   437  2.5655e-03
   440  2.4822e-03
   442  2.1871e-03
   443  2.2118e-03
   446  2.0533e-03
   447  2.1536e-03
   450  2.1299e-03
   452  2.3230e-03
   455  1.9519e-03
   456  1.8776e-03
   458  1.9542e-03
   461  1.7035e-03
   463  1.4062e-03
   465  1.4425e-03
   467  1.3567e-03
   470  1.2930e-03
   473  1.3942e-03
   474  1.1777e-03
   477  1.1992e-03
   480  1.0017e-03
   482  9.7891e-04
   485  7.8696e-04
   487  7.7382e-04
   489  8.3310e-04
   491  8.7382e-04
   494  9.4269e-04
   497  8.7416e-04
   499  8.9673e-04
   500  8.3983e-04
   501  7.6486e-04
   503  8.0611e-04
   505  8.1973e-04
   506  7.9935e-04
   509  8.3857e-04
   512  8.5217e-04
   513  8.0372e-04
   514  7.5504e-04
   517  7.9311e-04
   519  6.6781e-04
   522  5.6184e-04
   524  5.7646e-04
   525  5.6833e-04
   528  6.2206e-04
   531  5.5747e-04
   532  5.6397e-04
   533  5.2087e-04
   535  5.0839e-04
   536  5.4577e-04
   537  4.9864e-04
   539  4.2711e-04
   540  4.2453e-04
   543  3.9461e-04
   544  3.7454e-04
   545  3.3198e-04
   548  3.4775e-04
   550  3.5007e-04
   553  2.8875e-04
   554  2.6253e-04
   555  2.5065e-04
   557  2.4075e-04
   560  2.0151e-04
   562  1.9666e-04
   565  1.6940e-04
   567  1.6145e-04
   568  1.6144e-04
   570  1.6305e-04
   571  1.6796e-04
   574  1.4776e-04
   577  1.3456e-04
   579  1.4497e-04
   582  1.5177e-04
   585  1.6019e-04
   587  1.6268e-04
   588  1.7448e-04
   590  1.8158e-04
   592  1.9597e-04
   595  1.7096e-04
   597  1.8534e-04
   600  1.7545e-04
   602  1.5512e-04
   603  1.4555e-04
   604  1.2160e-04
   607  1.2512e-04
   610  1.1152e-04
   611  1.0116e-04
   613  9.2291e-05
   615  7.6649e-05
   618  7.9040e-05
   621  6.7638e-05
   623  6.1942e-05
   624  5.1599e-05
   626  4.4400e-05
   629  3.7123e-05
   630  3.3178e-05
   633  3.3096e-05
   634  2.9239e-05
   636  2.4266e-05
   637  2.1316e-05
   639  1.8873e-05
   641  1.6243e-05
   643  1.7097e-05
   644  1.7815e-05
   646  1.5164e-05
   647  1.2998e-05
   648  1.1315e-05
   651  1.1239e-05
   654  8.9978e-06
   655  8.2518e-06
   657  7.3166e-06
   658  6.8595e-06
   659  6.8320e-06
   660  6.0449e-06
   663  6.4407e-06
   665  5.8842e-06
   668  4.9748e-06
   670  5.3711e-06
   673  4.9808e-06
   676  5.3849e-06
   679  5.6092e-06
   681  4.8224e-06
   682  4.5051e-06
   684  4.6771e-06
   685  4.4907e-06
   688  4.4902e-06
   690  3.8299e-06
   693  3.5378e-06
   695  3.2240e-06
   697  2.7955e-06
   700  2.8523e-06
   703  2.9637e-06
   704  2.3972e-06
   705  2.5298e-06
   707  2.6642e-06
   710  2.6988e-06
   711  2.9559e-06
   712  3.1749e-06
   714  2.6172e-06
   717  2.7671e-06
   719  2.4368e-06
   722  2.1816e-06
   723  2.3860e-06
   724  2.5371e-06
   726  2.0489e-06
   728  1.7806e-06
   731  1.9417e-06
   734  1.8538e-06
   737  1.8660e-06
   738  1.7442e-06
   739  1.6194e-06
   742  1.4000e-06
   745  1.5221e-06
   748  1.4724e-06
   749  1.2897e-06
   751  1.3975e-06
   753  1.5035e-06
   756  1.2845e-06
   759  1.3962e-06
   761  1.1696e-06
   762  9.5616e-07
   765  1.0310e-06
   768  1.0747e-06
   769  1.1288e-06
   770  1.1392e-06
   772  9.7974e-07
   773  9.7493e-07
   775  9.3527e-07
   776  9.7839e-07
   778  8.8853e-07
   779  7.7071e-07
   780  6.6896e-07
   783  5.7859e-07
   786  5.4503e-07
   788  5.2599e-07
   789  4.8874e-07
   790  5.1440e-07
   792  4.2972e-07
   795  4.4205e-07
   798  4.6323e-07
   800  3.8170e-07
   802  3.6561e-07
   803  3.1828e-07
   805  3.2314e-07
   806  3.4675e-07
   807  3.6882e-07
   810  3.6225e-07
   811  3.8627e-07
   813  3.8400e-07
   816  3.9090e-07
   818  4.2020e-07
   820  3.5982e-07
   823  3.4712e-07
   826  3.4876e-07
   827  3.4993e-07
   830  3.1078e-07
   831  2.5394e-07
   832  2.3836e-07
   834  2.2677e-07
   837  1.9105e-07
   838  1.8911e-07
   841  1.9950e-07
   843  1.6420e-07
   844  1.6585e-07
   847  1.7079e-07
   848  1.6863e-07
   851  1.8513e-07
   854  2.0331e-07
   856  1.6531e-07
   859  1.6203e-07
   861  1.3976e-07
   863  1.3889e-07
   864  1.2345e-07
   865  1.1206e-07
   868  1.1598e-07
   871  1.1632e-07
   872  1.0359e-07
   875  1.0150e-07
   876  8.2882e-08
   877  7.8000e-08
   878  6.7374e-08
   880  5.8332e-08
   881  4.9034e-08
   884  4.5359e-08
   885  4.2477e-08
   886  4.5737e-08
   888  3.9738e-08
   890  3.4906e-08
   891  2.9996e-08
   894  3.2085e-08
   895  3.2411e-08
   898  3.3774e-08
   901  2.9768e-08
   902  2.6453e-08
   903  2.5791e-08
   904  2.1479e-08
   907  1.8353e-08
   909  1.6071e-08
   912  1.5350e-08
   913  1.5154e-08
   915  1.3953e-08
   918  1.4230e-08
   920  1.1987e-08
   923  1.1272e-08
   924  1.2232e-08
   925  1.2147e-08
   928  1.1267e-08
   931  1.2056e-08
   934  1.1346e-08
   937  9.9979e-09
   938  1.0721e-08
   940  9.1067e-09
   943  7.9350e-09
   945  8.6881e-09
   947  9.4005e-09
   949  9.0504e-09
   951  8.8781e-09
   952  9.2765e-09
   954  9.3513e-09
   956  7.9660e-09
   958  8.2809e-09
   961  8.0010e-09
   963  7.2902e-09
   964  6.3340e-09
   967  6.8811e-09
   969  6.7498e-09
   972  5.6715e-09
   973  5.0817e-09
   976  4.9942e-09
   979  4.0885e-09
   980  4.3796e-09
   982  4.8012e-09
   984  4.1374e-09
   986  3.9728e-09
   988  4.1904e-09
   989  4.2378e-09
   990  4.2282e-09
   991  4.0969e-09
   994  3.3282e-09
   995  3.4585e-09
   997  2.9911e-09
  1000  2.8592e-09
  1001  2.7961e-09
  1002  2.8734e-09
  1003  2.4640e-09
  1006  2.2306e-09
  1007  2.1152e-09
  1009  1.8242e-09
  1010  1.8611e-09
  1013  1.6103e-09
  1014  1.7209e-09
  1015  1.6728e-09
  1016  1.4253e-09
  1018  1.3300e-09
  1021  1.2184e-09
  1022  1.2175e-09
  1025  1.0748e-09
  1027  1.0448e-09
  1029  9.0152e-10
  1031  9.1406e-10
  1034  8.6607e-10
  1037  8.5976e-10
  1038  8.9083e-10
  1039  7.1958e-10
  1041  7.1231e-10
  1042  6.0710e-10
  1044  6.0821e-10
  1045  6.6055e-10
  1046  6.2203e-10
  1048  6.0006e-10
  1049  6.0018e-10
  1052  4.9983e-10
  1053  4.6770e-10
  1055  4.1270e-10
  1058  3.5523e-10
  1060  2.9697e-10
  1063  2.8718e-10
  1066  3.1345e-10
  1068  3.4068e-10
  1070  3.0352e-10
  1073  3.0246e-10
  1076  2.4520e-10
  1078  2.4612e-10
  1081  2.4919e-10
  1084  2.3824e-10
  1085  2.4924e-10
  1088  2.3162e-10
  1089  2.2523e-10
  1092  2.3696e-10
  1094  2.2685e-10
  1095  2.4778e-10
  1097  2.6712e-10
  1099  2.8993e-10
  1100  2.6671e-10
  1102  2.1986e-10
  1103  2.0255e-10
  1106  1.7175e-10
  1108  1.5401e-10
  1109  1.6565e-10
  1112  1.7437e-10
  1115  1.4337e-10
  1116  1.4100e-10
  1119  1.5494e-10
  1121  1.4199e-10
  1122  1.4494e-10
  1125  1.3675e-10
  1126  1.4244e-10
  1128  1.3698e-10
  1130  1.4661e-10
  1133  1.3036e-10
  1136  1.2805e-10
  1137  1.3938e-10
  1138  1.3608e-10
  1141  1.4677e-10
  1144  1.2719e-10
  1145  1.2735e-10
  1146  1.0361e-10
  1149  1.0500e-10
  1151  9.2334e-11
  1152  9.6889e-11
  1155  8.4179e-11
  1157  8.1951e-11
  1158  8.4882e-11
  1161  9.1154e-11
  1163  8.9630e-11
  1166  7.8726e-11
  1167  7.2176e-11
  1169  6.9940e-11
  1171  6.2318e-11
  1172  6.2857e-11
  1173  6.2878e-11
  1176  5.5653e-11
  1178  5.9938e-11
  1180  6.5451e-11
  1181  5.6333e-11
  1182  4.8631e-11
  1185  4.2112e-11
  1187  4.0455e-11
  1188  3.8219e-11
  1189  3.3082e-11
  1192  3.4132e-11
  1193  3.5292e-11
  1196  3.6506e-11
  1198  3.7171e-11
  1199  3.9435e-11
  1202  3.3525e-11
  1203  2.8709e-11
  1206  2.5393e-11
  1208  2.0707e-11
  1211  2.1705e-11
  1213  2.3083e-11
  1214  1.9476e-11
  1216  2.0883e-11
  1217  1.8674e-11
  1220  1.5348e-11
  1221  1.5946e-11
  1222  1.4243e-11
  1225  1.1741e-11
  1228  1.2653e-11
  1230  1.1655e-11
  1232  9.5074e-12
  1235  8.9791e-12
  1237  8.6249e-12
  1238  7.2435e-12
  1241  6.3467e-12
  1242  5.1626e-12
  1243  4.1739e-12
  1246  4.5348e-12
  1249  4.3216e-12
  1250  3.5698e-12
  1253  3.3101e-12
  1256  3.1781e-12
  1258  2.7739e-12
  1259  2.3566e-12
  1260  2.2889e-12
  1262  2.1609e-12
  1263  1.7910e-12
  1264  1.5891e-12
  1267  1.6447e-12
  1269  1.3332e-12
  1270  1.3880e-12
  1273  1.5114e-12
  1276  1.6436e-12
  1277  1.3975e-12
  1279  1.2772e-12
  1280  1.3129e-12
  1282  1.3662e-12
  1285  1.4136e-12
  1287  1.2847e-12
  1289  1.0585e-12
  1290  9.3791e-13
  1292  9.5561e-13
  1294  8.0140e-13
  1297  7.4138e-13
  1299  6.4628e-13
  1302  7.0461e-13
  1305  5.8344e-13
  1307  5.8435e-13
  1308  5.7747e-13
  1309  4.8397e-13
  1312  5.1932e-13
  1315  4.7577e-13
  1317  4.5296e-13
  1320  4.0616e-13
  1322  3.5816e-13
  1323  3.0030e-13
  1325  3.2632e-13
  1326  3.2873e-13
  1329  2.6803e-13
  1332  2.5861e-13
  1334  2.1195e-13
  1337  2.0183e-13
  1340  1.7673e-13
  1342  1.8820e-13
  1344  1.7561e-13
  1347  1.4598e-13
  1349  1.2073e-13
  1352  1.1193e-13
  1354  1.1550e-13
  1356  1.0481e-13
  1357  1.0631e-13
  1359  9.6801e-14
  1361  8.2010e-14
  1364  6.8957e-14
  1367  5.5854e-14
  1368  6.0283e-14
  1370  6.2297e-14
  1371  5.8364e-14
  1374  5.0984e-14
  1377  5.3326e-14
  1379  4.6158e-14
  1382  3.9969e-14
  1384  3.8331e-14
  1385  3.3217e-14
  1388  2.9301e-14
  1389  3.1869e-14
  1391  2.9167e-14
  1394  2.9683e-14
  1396  3.0223e-14
  1397  2.9547e-14
  1398  3.1412e-14
  1400  2.7178e-14
  1402  2.6362e-14
  1403  2.6018e-14
  1406  2.5020e-14
  1409  2.5260e-14
  1411  2.3180e-14
  1412  2.1525e-14
  1413  2.1421e-14
  1416  1.7958e-14
  1419  1.7110e-14
  1420  1.8329e-14
  1421  1.5167e-14
  1422  1.3151e-14
  1424  1.0760e-14
  1425  9.2863e-15
  1427  9.0923e-15
  1430  9.9176e-15
  1431  1.0118e-14
  1433  8.2560e-15
  1434  6.6247e-15
  1435  5.5750e-15
  1436  4.8042e-15
  1438  5.1562e-15
  1440  4.3720e-15
  1441  4.1294e-15
  1442  4.4236e-15
  1444  4.1993e-15
  1446  3.7772e-15
  1447  3.7644e-15
  1450  3.4268e-15
  1453  3.4576e-15
  1455  3.1277e-15
  1458  3.0280e-15
  1459  2.6671e-15
  1462  2.2462e-15
  1463  2.1690e-15
  1464  1.9459e-15
  1467  1.7302e-15
  1470  1.5756e-15
  1473  1.6538e-15
  1475  1.3336e-15
  1476  1.1441e-15
  1477  1.0421e-15
  1478  8.4713e-16
  1481  8.0424e-16
  1482  7.3432e-16
  1484  8.0657e-16
  1485  8.4124e-16
  1488  7.6066e-16
  1490  6.1515e-16
  1492  5.2239e-16
  1494  5.2527e-16
  1497  4.5718e-16
  1498  4.3297e-16
  1500  3.8842e-16
  1501  4.1195e-16
  1503  4.2489e-16
  1506  3.7895e-16
  1508  3.3460e-16
  1509  3.0204e-16
  1512  3.0301e-16
  1513  3.0080e-16
  1516  3.2576e-16
  1519  3.0892e-16
  1521  2.7562e-16
  1523  2.3931e-16
  1525  2.2129e-16
  1527  2.3099e-16
  1530  2.0940e-16
  1532  2.0180e-16
  1535  2.0076e-16
  1536  1.6786e-16
  1539  1.8058e-16
  1542  1.8585e-16
  1543  1.9645e-16
  1544  1.9080e-16
  1545  1.8411e-16
  1547  1.9583e-16
  1548  2.0839e-16
  1551  2.0901e-16
  1552  1.7060e-16
  1554  1.7070e-16
  1556  1.6026e-16
  1557  1.4579e-16
  1558  1.4669e-16
  1560  1.3882e-16
  1562  1.1592e-16
  1563  1.2103e-16
  1565  1.0247e-16
  1566  8.9886e-17
  1569  7.4703e-17
  1571  6.9192e-17
  1573  7.3546e-17
  1576  6.9376e-17
  1579  7.2297e-17
  1582  7.0883e-17
  1583  7.6566e-17
  1584  6.7068e-17
  1585  6.8170e-17
  1588  7.4604e-17
  1589  6.5352e-17
  1590  5.8350e-17
  1593  4.9971e-17
  1595  4.1193e-17
  1598  3.4744e-17
  1599  2.9295e-17
  1602  3.1319e-17
  1604  2.7232e-17
  1605  2.5352e-17
  1606  2.2223e-17
  1608  2.3208e-17
  1610  2.3685e-17
  1613  2.1333e-17
  1614  2.0829e-17
  1616  1.9770e-17
  1618  1.9240e-17
  1619  1.7025e-17
  1622  1.5482e-17
  1623  1.3122e-17
  1625  1.0968e-17
  1627  1.0152e-17
  1629  1.0361e-17
  1631  8.4734e-18
  1632  8.8576e-18
  1634  8.7504e-18
  1635  7.6551e-18
  1638  8.3312e-18
  1641  9.1619e-18
  1644  8.1775e-18
  1646  7.3060e-18
  1648  7.8590e-18
  1651  6.9251e-18
  1653  7.2489e-18
  1656  7.2582e-18
  1659  6.3762e-18
  1660  5.4671e-18
  1662  4.6391e-18
  1663  4.1434e-18
  1666  3.8959e-18
  1669  4.2012e-18
  1671  3.4186e-18
  1673  3.1859e-18
  1674  2.6961e-18
  1676  2.8125e-18
  1677  2.9051e-18
  1680  2.9388e-18
  1682  2.8565e-18
  1685  2.6594e-18
  1686  2.1288e-18
  1689  1.9382e-18
  1691  2.0930e-18
  1692  2.2707e-18
  1693  2.0836e-18
  1696  1.6921e-18
  1698  1.7869e-18
  1699  1.4372e-18
  1700  1.4547e-18
  1701  1.4998e-18
  1702  1.4646e-18
  1703  1.4292e-18
  1706  1.4488e-18
  1708  1.3198e-18
  1710  1.1729e-18
  1711  1.0800e-18
  1712  1.0845e-18
  1715  1.0801e-18
  1717  1.1492e-18
  1720  1.2019e-18
  1723  9.8799e-19
  1725  8.2289e-19
  1728  7.0838e-19
  1730  7.1531e-19
  1731  7.4438e-19
  1734  6.5533e-19
  1737  6.4076e-19
  1739  6.0024e-19
  1740  5.1166e-19
  1742  5.5310e-19
  1743  5.1087e-19
  1746  5.4216e-19
  1749  5.0015e-19
  1750  4.1663e-19
  1751  4.2822e-19
  1752  3.7161e-19
  1755  3.0961e-19
  1757  2.9147e-19
  1760  3.1235e-19
  1761  2.5504e-19
  1764  2.4432e-19
  1766  2.6290e-19
  1769  2.4385e-19
  1771  2.0226e-19
  1773  1.9572e-19
  1775  2.0802e-19
  1776  1.8608e-19
  1777  2.0303e-19
  1778  1.9530e-19
  1779  1.9296e-19
  1782  1.8479e-19
  1785  1.5084e-19
  1788  1.6081e-19
  1790  1.6415e-19
  1791  1.3659e-19
  1792  1.2563e-19
  1795  1.1834e-19
  1797  9.4904e-20
  1799  8.8933e-20
  1802  9.7544e-20
  1803  8.1793e-20
  1805  6.8253e-20
  1806  6.2684e-20
  1807  6.6043e-20
  1808  6.1622e-20
  1810  5.4211e-20
  1813  4.8761e-20
  1814  5.2914e-20
  1815  5.3354e-20
  1816  5.2171e-20
  1818  4.8984e-20
  1821  4.6303e-20
  1822  4.8086e-20
  1825  4.7271e-20
  1826  5.1367e-20
  1827  5.1291e-20
  1829  4.9530e-20
  1830  4.3775e-20
  1833  3.9551e-20
  1836  4.0333e-20
  1838  4.4110e-20
  1840  3.6342e-20
  1841  3.4425e-20
  1843  3.0370e-20
  1845  3.2274e-20
  1847  3.3392e-20
  1849  2.8317e-20
  1850  2.7139e-20
  1851  2.3773e-20
  1853  2.1951e-20
  1854  2.3682e-20
  1855  2.1708e-20
  1856  2.2695e-20
  1857  2.3338e-20
  1860  2.2841e-20
  1862  2.2872e-20
  1865  1.9251e-20
  1866  1.5699e-20
  1868  1.5269e-20
  1871  1.4211e-20
  1872  1.5394e-20
  1874  1.5672e-20
  1875  1.4992e-20
  1877  1.3606e-20
  1880  1.0975e-20
  1883  9.1524e-21
  1884  7.6708e-21
  1885  6.4078e-21
  1888  5.2399e-21
  1889  4.8788e-21
  1890  4.8291e-21
  1892  4.2140e-21
  1894  3.5909e-21
  1895  3.1434e-21
  1897  2.7111e-21
  1898  2.1907e-21
  1901  2.4095e-21
  1904  2.6269e-21
  1906  2.6116e-21
  1907  2.2817e-21
  1910  2.1145e-21
  1913  1.8940e-21
  1916  1.7560e-21
  1918  1.7516e-21
  1921  1.6906e-21
  1922  1.6823e-21
  1925  1.5188e-21
  1928  1.5153e-21
  1930  1.5158e-21
  1931  1.3591e-21
  1933  1.1702e-21
  1936  1.1798e-21
  1937  1.2701e-21
  1940  1.3174e-21
  1942  1.2310e-21
  1944  1.1460e-21
  1945  9.2600e-22
  1947  8.2622e-22
  1949  6.8530e-22
  1952  6.9367e-22
  1954  6.2175e-22
  1955  6.6133e-22
  1956  6.6055e-22
  1959  6.3084e-22
  1962  6.6010e-22
  1963  6.6999e-22
  1965  6.5290e-22
  1967  5.3996e-22
  1968  5.4547e-22
  1970  4.9522e-22
  1972  4.1986e-22
  1974  4.3257e-22
  1976  4.2735e-22
  1977  4.3612e-22
  1978  4.3818e-22
  1980  4.8146e-22
  1981  4.7964e-22
  1983  4.2780e-22
  1986  4.3288e-22
  1988  3.7197e-22
  1991  3.6725e-22
  1992  3.5603e-22
  1993  3.1861e-22
  1994  2.9724e-22
  1996  3.0169e-22
  1999  3.2272e-22
  2001  3.1351e-22
  2002  3.4107e-22
  2004  2.7932e-22
  2006  2.8384e-22
  2009  2.8844e-22
  2010  3.0908e-22
  2012  3.3651e-22
  2013  3.3288e-22
  2014  3.4462e-22
  2016  2.8461e-22
  2019  2.7269e-22
  2022  2.6421e-22
  2023  2.5343e-22
  2025  2.1288e-22
  2026  2.3024e-22
  2027  1.8968e-22
  2029  1.8920e-22
  2032  1.9861e-22
  2035  2.0672e-22
  2037  1.7175e-22
  2040  1.6078e-22
  2042  1.3570e-22
  2045  1.2282e-22
  2046  1.0716e-22
  2048  9.8982e-23
  2050  1.0851e-22
  2051  9.9442e-23
  2054  8.5532e-23
  2055  9.1883e-23
  2056  8.9131e-23
  2057  8.4285e-23
  2058  7.3581e-23
  2061  5.9507e-23
  2062  5.4987e-23
  2064  5.6350e-23
  2066  5.5030e-23
  2069  5.2833e-23
  2072  5.2702e-23
  2074  4.5968e-23
  2076  3.9068e-23
  2077  3.6896e-23
  2079  3.3190e-23
  2082  2.8083e-23
  2085  2.9306e-23
  2087  3.0125e-23
  2090  2.8557e-23
  2092  2.7398e-23
  2093  2.8570e-23
  2094  2.7175e-23
  2097  2.2598e-23
  2099  2.3194e-23
  2100  2.4474e-23
  2103  2.3892e-23
  2104  2.2992e-23
  2106  2.1689e-23
  2108  2.1627e-23
  2111  2.0822e-23
  2112  2.2168e-23
  2113  2.1701e-23
  2115  2.3642e-23
  2117  2.1963e-23
  2119  2.1237e-23
  2120  1.8430e-23
  2121  1.5042e-23
  2122  1.2582e-23
  2123  1.1364e-23
  2124  1.2436e-23
  2127  1.2056e-23
  2130  1.0922e-23
  2131  1.1366e-23
  2133  1.0586e-23
  2135  1.0380e-23
  2136  1.1192e-23
  2137  1.1959e-23
  2140  1.2502e-23
  2143  1.3187e-23
  2146  1.4469e-23
  2147  1.2645e-23
  2150  1.2884e-23
  2153  1.1529e-23
  2154  1.0952e-23
  2155  1.1502e-23
  2158  1.0752e-23
  2160  1.1144e-23
  2161  1.0909e-23
  2162  8.9415e-24
  2164  7.3095e-24
  2167  6.7006e-24
  2170  5.4759e-24
  2172  5.8465e-24
  2174  6.3303e-24
  2176  5.7837e-24
  2178  5.1671e-24
  2179  5.5291e-24
  2180  4.4498e-24
  2183  4.0204e-24
  2184  4.3220e-24
  2185  4.2771e-24
  2186  3.7974e-24
  2188  3.4449e-24
  2190  3.5114e-24
  2191  3.8026e-24
  2193  3.7306e-24
  2196  3.9969e-24
  2199  3.8638e-24
  2201  3.5672e-24
  2202  3.1937e-24
  2203  3.0050e-24
  2205  2.7658e-24
  2208  2.4041e-24
  2209  2.5484e-24
  2212  2.2182e-24
  2213  2.0130e-24
  2215  2.0223e-24
  2218  2.0626e-24
  2220  1.9960e-24
  2223  1.5987e-24
  2225  1.7131e-24
  2227  1.6264e-24
  2230  1.5319e-24
  2232  1.4280e-24
  2234  1.3160e-24
  2236  1.2501e-24
  2237  1.3230e-24
  2238  1.1483e-24
  2241  1.1058e-24
  2243  9.3553e-25
  2245  7.8349e-25
  2247  7.2134e-25
  2250  7.2598e-25
  2252  7.9550e-25
  2254  7.7839e-25
  2257  6.7279e-25
  2258  7.1439e-25
  2261  7.6950e-25
  2263  8.2355e-25
  2265  8.3324e-25
  2268  6.9283e-25
  2271  5.8877e-25
  2272  5.9082e-25
  2274  6.4227e-25
  2275  7.0337e-25
  2278  5.6828e-25
  2280  5.6518e-25
  2281  5.9654e-25
  2282  5.0221e-25
  2285  4.8213e-25
  2287  4.8058e-25
  2289  4.5297e-25
  2292  3.6252e-25
  2293  3.6407e-25
  2295  3.5680e-25
  2297  3.7297e-25
  2299  3.5273e-25
  2301  3.4241e-25
  2302  3.6713e-25
  2304  3.7483e-25
  2306  4.0860e-25
  2307  4.1906e-25
  2308  3.4118e-25
  2310  3.0086e-25
  2313  3.0619e-25
  2315  2.6405e-25
  2318  2.5997e-25
  2321  2.2816e-25
  2322  2.0505e-25
  2325  1.7294e-25
  2327  1.4068e-25
  2329  1.2534e-25
  2332  1.3045e-25
  2333  1.3447e-25
  2336  1.2059e-25
  2338  1.2790e-25
  2341  1.2504e-25
  2342  1.1426e-25
  2345  1.0352e-25
  2348  1.0257e-25
  2349  9.4113e-26
  2352  1.0057e-25
  2354  9.9679e-26
  2356  8.2705e-26
  2357  7.8326e-26
  2360  6.3431e-26
  2361  6.7299e-26
  2363  7.0840e-26
  2365  6.4350e-26
  2366  7.0479e-26
  2367  6.1746e-26
  2368  6.2702e-26
  2369  5.3993e-26
  2371  4.5762e-26
  2374  5.0271e-26
  2377  4.6840e-26
  2378  4.4183e-26
  2379  4.3803e-26
  2380  4.7133e-26
  2382  4.8164e-26
  2383  4.7852e-26
  2385  4.8845e-26
  2386  5.1602e-26
  2389  5.4869e-26
  2392  4.5705e-26
  2395  3.9727e-26
  2396  4.0867e-26
  2397  4.0370e-26
  2400  4.1251e-26
  2401  3.3304e-26
  2404  2.8158e-26
  2405  2.5539e-26
  2407  2.7670e-26
  2408  2.7539e-26
  2410  2.9083e-26
  2413  2.5897e-26
  2414  2.7553e-26
  2416  2.7212e-26
  2417  2.7595e-26
  2418  2.7924e-26
  2419  3.0339e-26
  2420  2.8676e-26
  2423  2.3947e-26
  2426  1.9537e-26
  2429  1.8699e-26
  2431  1.9050e-26
  2432  1.8344e-26
  2433  1.9303e-26
  2435  1.9079e-26
  2438  1.5296e-26
  2439  1.3944e-26
  2441  1.3066e-26
  2444  1.3856e-26
  2445  1.3628e-26
  2448  1.2109e-26
  2449  1.0069e-26
  2451  8.5371e-27
  2452  8.9203e-27
  2454  7.5857e-27
  2456  7.8370e-27
  2457  8.6027e-27
  2460  8.9828e-27
  2462  9.3579e-27
  2464  9.2239e-27
  2466  9.5004e-27
  2467  8.6409e-27
  2468  7.9371e-27
  2470  8.6973e-27
  2472  9.1677e-27
  2474  7.7669e-27
  2475  7.9499e-27
  2477  6.4904e-27
  2479  6.6982e-27
  2482  6.8555e-27
  2483  5.5024e-27
  2486  4.4724e-27
  2487  4.2184e-27
  2488  4.3420e-27
  2489  4.7534e-27
  2491  5.0121e-27
  2492  4.0512e-27
  2495  3.2720e-27
  2498  3.0220e-27
  2501  3.2530e-27
  2502  3.0711e-27
  2504  3.1582e-27
  2506  2.5924e-27
  2507  2.6370e-27
  2510  2.8442e-27
  2511  2.4876e-27
  2512  2.4243e-27
  2515  2.3189e-27
  2518  2.3391e-27
  2520  2.1830e-27
  2521  2.2922e-27
  2522  2.0235e-27
  2525  1.8169e-27
  2528  1.5754e-27
  2529  1.5416e-27
  2532  1.3538e-27
  2535  1.4882e-27
  2538  1.2090e-27
  2541  1.1388e-27
  2543  9.6626e-28
  2544  8.7541e-28
  2546  8.2806e-28
  2548  7.3234e-28
  2551  6.4199e-28
  2552  5.3940e-28
  2554  5.8746e-28
  2556  6.0745e-28
  2557  4.9791e-28
  2559  5.0297e-28
  2561  4.2899e-28
  2562  3.7288e-28
  2565  4.0794e-28
  2567  3.9820e-28
  2568  4.0744e-28
  2570  3.3450e-28
  2571  3.5941e-28
  2574  3.0842e-28
  2577  2.7408e-28
  2578  2.9482e-28
  2580  2.7702e-28
  2581  2.9869e-28
  2583  3.0366e-28
  2586  2.9483e-28
  2589  3.2042e-28
  2590  3.1869e-28
  2593  2.7314e-28
  2595  2.4212e-28
  2596  2.6332e-28
  2598  2.3591e-28
  2600  2.3273e-28
  2602  2.4589e-28
  2604  2.1323e-28
  2605  2.2889e-28
  2606  1.9438e-28
  2607  1.7741e-28
  2610  1.7090e-28
  2613  1.8368e-28
  2616  1.8523e-28
  2618  1.8344e-28
  2619  1.7959e-28
  2620  1.7237e-28
  2622  1.7622e-28
  2625  1.6146e-28
  2628  1.5262e-28
  2629  1.5290e-28
  2631  1.3549e-28
  2632  1.1579e-28
  2634  9.6465e-29
  2636  7.8989e-29
  2639  7.2275e-29
  2642  6.0802e-29
  2644  5.2052e-29
  2645  4.8906e-29
  2648  4.6110e-29
  2649  5.0172e-29
  2651  5.0094e-29
  2652  4.2213e-29
  2655  4.4083e-29
  2658  4.2266e-29
  2659  4.0200e-29
  2661  4.3094e-29
  2664  3.6663e-29
  2667  3.3251e-29
  2668  2.9714e-29
  2671  3.1517e-29
  2673  2.7631e-29
  2676  2.2841e-29
  2678  2.3627e-29
  2680  2.1310e-29
  2682  1.8306e-29
  2683  1.7238e-29
  2685  1.7863e-29
  2686  1.9066e-29
  2687  1.7932e-29
  2688  1.5855e-29
  2689  1.5347e-29
  2691  1.5733e-29
  2693  1.4625e-29
  2695  1.2493e-29
  2696  1.2710e-29
  2699  1.2994e-29
  2702  1.1226e-29
  2704  9.1330e-30
  2705  9.5534e-30
  2708  1.0020e-29
  2710  1.0533e-29
  2712  8.7929e-30
  2715  7.4116e-30
  2716  7.2514e-30
  2719  6.1631e-30
  2720  5.0839e-30
  2723  4.1785e-30
  2726  3.7087e-30
  2729  4.0121e-30
  2732  4.3852e-30
  2733  3.7203e-30
  2736  4.0484e-30
  2739  4.0794e-30
  2742  3.4875e-30
  2743  3.2343e-30
  2744  3.5549e-30
  2746  3.5976e-30
  2748  3.0295e-30
  2749  3.2426e-30
  2752  2.7705e-30
  2753  2.2281e-30
  2756  2.0239e-30
  2758  2.2088e-30
  2761  1.8343e-30
  2762  1.8031e-30
  2764  1.7870e-30
  2765  1.4914e-30
  2766  1.3219e-30
  2767  1.4095e-30
  2769  1.4735e-30
  2772  1.5647e-30
  2773  1.7105e-30
  2774  1.6777e-30
  2776  1.8327e-30
  2778  1.6435e-30
  2779  1.4480e-30
  2781  1.2986e-30
  2782  1.3893e-30
  2785  1.1505e-30
  2787  1.1403e-30
  2788  9.1899e-31
  2789  9.0246e-31
  2792  8.7509e-31
  2794  9.4512e-31
  2795  8.3648e-31
  2796  7.2291e-31
  2799  6.9598e-31
  2800  5.5764e-31
  2801  4.7567e-31
  2804  5.1218e-31
  2805  4.9805e-31
  2806  4.4276e-31
  2808  4.4322e-31
  2809  3.8910e-31
  2811  3.5454e-31
  2812  3.1705e-31
  2815  3.1135e-31
  2816  2.9117e-31
  2819  2.4531e-31
  2820  2.6840e-31
  2821  2.2025e-31
  2824  2.1362e-31
  2827  2.3339e-31
  2829  2.2485e-31
  2832  2.2752e-31
  2834  2.4198e-31
  2837  1.9430e-31
  2838  1.6446e-31
  2840  1.6898e-31
  2842  1.4050e-31
  2844  1.3455e-31
  2847  1.3503e-31
  2850  1.4089e-31
  2852  1.3924e-31
  2854  1.4630e-31
  2857  1.3922e-31
  2859  1.2668e-31
  2862  1.0614e-31
  2863  8.6468e-32
  2864  9.3059e-32
  2865  8.6547e-32
  2867  8.5601e-32
  2870  7.0315e-32
  2873  7.2737e-32
  2875  7.9656e-32
  2878  8.1184e-32
  2881  8.3175e-32
  2882  8.4944e-32
  2884  7.6623e-32
  2885  7.1560e-32
  2887  6.2290e-32
  2890  5.8783e-32
  2892  4.7312e-32
  2895  4.6591e-32
  2896  4.4438e-32
  2897  3.8301e-32
  2898  3.5538e-32
  2901  2.9696e-32
  2904  2.5680e-32
  2905  2.3972e-32
  2907  2.3706e-32
  2910  2.0464e-32
  2911  1.8905e-32
  2912  1.6943e-32
  2915  1.4607e-32
  2916  1.5124e-32
  2918  1.6590e-32
  2920  1.7096e-32
  2922  1.5517e-32
  2924  1.6189e-32
  2925  1.5232e-32
  2926  1.2542e-32
  2929  1.0608e-32
  2931  9.5297e-33
  2933  8.4061e-33
  2936  6.8654e-33
  2939  6.4903e-33
  2942  6.9916e-33
  2943  6.4614e-33
  2944  6.1202e-33
  2947  4.9661e-33
  2950  4.8503e-33
  2953  5.0922e-33
  2954  4.7967e-33
  2957  4.2626e-33
  2958  4.2114e-33
  2959  4.0308e-33
  2961  3.7854e-33
  2962  3.9234e-33
  2963  3.9229e-33
  2966  3.4174e-33
  2969  2.8787e-33
  2971  3.1043e-33
  2972  2.9361e-33
  2974  3.0072e-33
  2977  2.6284e-33
  2979  2.8613e-33
  2980  2.4172e-33
  2983  2.1002e-33
  2985  2.1612e-33
  2988  2.2864e-33
  2990  2.2018e-33
  2991  1.8746e-33
  2992  2.0173e-33
  2993  1.9291e-33
  2994  1.5729e-33
  2995  1.6044e-33
  2996  1.5479e-33
  2997  1.4720e-33
  2999  1.6087e-33
  3001  1.4127e-33
  3004  1.4682e-33
  3006  1.2368e-33
  3007  1.0904e-33
  3008  8.8195e-34
  3011  9.6907e-34
  3013  8.9174e-34
  3015  8.3901e-34
  3018  9.1187e-34
  3021  7.9771e-34
  3023  7.4463e-34
  3025  6.3857e-34
  3027  5.7743e-34
  3030  6.1498e-34
  3032  6.2077e-34
  3034  5.5389e-34
  3036  4.4657e-34
  3039  4.1546e-34
  3041  3.3777e-34
  3044  3.3446e-34
  3046  2.8890e-34
  3048  2.7090e-34
  3050  2.3699e-34
  3052  2.5258e-34
  3053  2.6631e-34
  3054  2.2587e-34
  3057  1.8874e-34
  3059  1.8853e-34
  3060  1.8979e-34
  3063  1.6812e-34
  3066  1.5404e-34
  3067  1.2818e-34
  3069  1.3333e-34
  3070  1.3848e-34
  3071  1.2737e-34
  3074  1.0191e-34
  3075  9.8837e-35
  3076  1.0420e-34
  3078  1.0112e-34
  3080  1.0506e-34
  3083  1.0601e-34
  3084  9.7703e-35
  3087  8.1141e-35
  3089  7.0640e-35
  3090  7.5893e-35
  3093  6.5987e-35
  3094  6.1000e-35
  3095  6.1226e-35
  3098  6.1613e-35
  3100  5.6752e-35
  3102  4.6711e-35
  3103  4.3393e-35
  3106  4.3511e-35
  3108  4.3640e-35
  3110  4.0406e-35
  3112  3.5481e-35
  3115  3.3510e-35
  3118  3.4212e-35
  3120  2.8566e-35
  3122  2.6071e-35
  3124  2.3278e-35
  3126  2.2695e-35
  3129  2.1746e-35
  3132  1.8544e-35
  3134  1.6214e-35
  3136  1.6868e-35
  3138  1.8056e-35
  3140  1.8856e-35
  3142  1.7487e-35
  3143  1.8019e-35
  3146  1.4984e-35
  3147  1.5202e-35
  3148  1.3396e-35
  3151  1.4179e-35
  3154  1.4264e-35
  3157  1.4975e-35
  3159  1.3382e-35
  3161  1.4112e-35
  3164  1.4955e-35
  3166  1.2870e-35
  3167  1.3706e-35
  3169  1.2901e-35
  3172  1.1010e-35
  3174  1.1208e-35
  3177  1.2196e-35
  3179  1.0082e-35
  3181  9.2283e-36
  3184  9.8246e-36
  3185  9.2465e-36
  3188  7.7096e-36
  3189  6.3313e-36
  3190  5.9307e-36
  3193  5.7002e-36
  3196  4.7032e-36
  3197  4.5290e-36
  3199  4.6036e-36
  3200  4.4017e-36
  3203  4.5577e-36
  3204  4.5399e-36
  3207  3.8974e-36
  3208  3.3021e-36
  3209  3.2380e-36
  3212  3.0887e-36
  3213  2.6969e-36
  3216  2.5659e-36
  3217  2.4337e-36
  3218  2.2610e-36
  3220  1.8844e-36
  3222  1.7135e-36
  3223  1.7762e-36
  3226  1.8019e-36
  3227  1.9466e-36
  3230  1.7235e-36
  3233  1.7424e-36
  3236  1.8299e-36
  3238  1.9422e-36
  3241  1.9522e-36
  3243  1.9138e-36
  3244  1.6951e-36
  3247  1.3607e-36
  3248  1.2328e-36
  3250  1.2174e-36
  3251  1.0073e-36
  3253  9.9317e-37
  3255  9.0433e-37
  3256  8.4448e-37
  3259  7.6695e-37
  3262  6.6412e-37
  3264  6.4967e-37
  3266  6.9323e-37
  3269  6.5232e-37
  3272  6.1538e-37
  3274  6.6745e-37
  3276  6.3921e-37
  3278  5.4216e-37
  3280  5.8222e-37
  3282  6.2407e-37
  3285  6.2100e-37
  3286  5.3804e-37
  3287  4.7856e-37
  3289  4.1638e-37
  3292  3.7859e-37
  3294  3.9465e-37
  3297  3.4289e-37
  3299  3.6647e-37
  3301  4.0136e-37
  3303  4.2931e-37
  3304  3.9798e-37
  3305  3.2452e-37
  3308  3.5042e-37
  3309  3.4812e-37
  3312  3.8201e-37
  3315  3.2812e-37
  3317  3.3656e-37
  3318  2.9417e-37
  3319  3.1163e-37
  3321  3.3126e-37
  3324  3.3889e-37
  3325  3.4591e-37
  3328  3.4149e-37
  3331  3.7170e-37
  3333  3.6335e-37
  3336  3.1160e-37
  3337  3.0893e-37
  3339  3.1159e-37
  3342  2.8560e-37
  3343  2.3473e-37
  3346  2.2503e-37
  3348  1.8245e-37
  3351  1.6452e-37
  3354  1.6113e-37
  3356  1.6741e-37
  3357  1.7369e-37
  3358  1.7958e-37
  3361  1.8254e-37
  3362  1.7836e-37
  3364  1.9329e-37
  3366  2.0053e-37
  3367  1.7134e-37
  3370  1.6242e-37
  3372  1.7259e-37
  3375  1.7551e-37
  3377  1.6051e-37
  3380  1.4697e-37
  3383  1.3843e-37
  3386  1.3097e-37
  3387  1.0798e-37
  3389  1.1000e-37
  3391  9.6364e-38
  3394  8.2978e-38
  3397  7.3462e-38
  3399  7.2006e-38
  3401  7.5749e-38
  3402  7.3400e-38
  3405  7.4276e-38
  3408  7.3234e-38
  3411  6.3779e-38
  3414  6.4437e-38
  3415  6.0083e-38
  3418  5.2542e-38
  3420  5.7598e-38
  3422  5.2219e-38
  3424  4.8382e-38
  3426  4.4530e-38
  3429  3.9126e-38
  3430  3.4118e-38
  3432  3.1179e-38
  3433  2.7289e-38
  3436  2.4544e-38
  3439  2.6074e-38
  3442  2.7546e-38
  3444  2.8586e-38
  3445  2.9734e-38
  3447  2.6200e-38
  3450  2.5424e-38
  3452  2.0432e-38
  3454  1.6628e-38
  3457  1.4460e-38
  3458  1.5351e-38
  3461  1.6856e-38
  3464  1.4789e-38
  3467  1.2884e-38
  3469  1.3442e-38
  3471  1.2784e-38
  3473  1.3419e-38
  3474  1.4462e-38
  3475  1.5868e-38
  3476  1.3310e-38
  3479  1.4110e-38
  3481  1.3056e-38
  3482  1.0844e-38
  3484  1.1505e-38
  3487  1.0916e-38
  3490  1.0214e-38
  3491  1.0441e-38
  3492  8.7380e-39
  3495  9.2202e-39
  3498  9.5879e-39
  3500  8.8972e-39
  3502  9.1892e-39
  3505  7.8328e-39
  3508  7.2764e-39
  3509  6.3140e-39
  3511  5.5132e-39
  3513  4.5091e-39
  3514  4.3078e-39
  3516  3.6382e-39
  3519  3.6018e-39
  3522  3.7887e-39
  3523  3.1897e-39
  3524  3.2680e-39
  3526  2.9602e-39
  3528  2.5453e-39
  3530  2.6913e-39
  3533  2.1750e-39
  3535  1.8166e-39
  3537  1.9728e-39
  3538  1.8972e-39
  3539  2.0576e-39
  3540  2.2273e-39
  3542  2.1719e-39
  3543  2.2149e-39
  3544  1.7744e-39
  3547  1.5172e-39
  3548  1.6603e-39
  3551  1.7588e-39
  3554  1.6153e-39
  3557  1.3146e-39
  3560  1.3190e-39
  3561  1.1604e-39
  3563  1.1435e-39
  3566  1.1059e-39
  3567  1.0201e-39
  3568  9.1735e-40
  3571  8.8993e-40
  3574  8.7699e-40
  3575  8.3590e-40
  3576  8.2630e-40
  3577  8.3616e-40
  3579  8.0980e-40
  3581  8.6743e-40
  3584  9.3577e-40
  3587  9.3651e-40
  3589  7.6183e-40
  3590  7.9686e-40
  3593  7.7090e-40
  3596  7.6483e-40
  3598  7.0833e-40
  3599  6.4607e-40
  3601  6.6459e-40
  3602  6.6900e-40
  3604  5.5238e-40
  3607  4.8029e-40
  3608  4.9374e-40
  3609  4.3830e-40
  3610  4.4924e-40
  3611  4.5992e-40
  3612  3.7395e-40
  3615  3.8279e-40
  3617  3.4579e-40
  3620  3.6850e-40
  3623  3.4014e-40
  3625  2.9605e-40
  3626  3.2297e-40
  3629  3.5177e-40
  3630  3.3267e-40
  3633  3.4906e-40
  3635  3.0526e-40
  3638  2.9733e-40
  3641  3.1238e-40
  3642  3.2938e-40
  3645  2.7298e-40
  3648  2.1925e-40
  3651  2.2801e-40
  3652  2.2707e-40
  3655  2.3975e-40
  3656  2.1133e-40
  3659  2.0391e-40
  3661  2.1253e-40
  3663  1.8083e-40
  3666  1.7884e-40
  3668  1.8025e-40
  3670  1.8295e-40
  3672  1.9670e-40
  3674  1.8102e-40
  3677  1.9048e-40
  3680  1.7696e-40
  3683  1.5896e-40
  3685  1.3792e-40
  3686  1.3584e-40
  3687  1.1245e-40
  3689  1.0496e-40
  3691  1.0653e-40
  3692  1.0270e-40
  3694  8.7752e-41
  3697  7.1939e-41
  3699  7.3915e-41
  3702  6.6862e-41
  3704  5.3531e-41
  3707  4.8630e-41
  3709  5.2538e-41
  3711  4.2735e-41
  3714  4.0496e-41
  3715  4.3638e-41
  3717  4.7645e-41
  3720  5.0081e-41
  3721  4.8794e-41
  3722  4.9383e-41
  3725  4.8047e-41
  3726  4.0760e-41
  3728  3.5609e-41
  3729  3.3016e-41
  3732  3.3481e-41
  3735  3.5164e-41
  3736  3.5207e-41
  3737  3.7369e-41
  3739  3.1983e-41
  3742  3.0071e-41
  3743  2.7279e-41
  3746  2.9699e-41
  3748  2.7799e-41
  3749  2.7057e-41
  3752  2.4525e-41
  3754  2.4174e-41
  3755  2.2892e-41
  3757  2.2434e-41
  3760  2.0185e-41
  3761  1.8207e-41
  3764  1.7140e-41
  3766  1.7716e-41
  3768  1.7960e-41
  3769  1.4529e-41
  3770  1.5265e-41
  3771  1.3984e-41
  3772  1.2949e-41
  3773  1.3131e-41
  3775  1.1329e-41
  3777  9.0687e-42
  3780  8.0606e-42
  3782  6.4498e-42
  3784  6.3215e-42
  3786  6.9084e-42
  3788  6.5828e-42
  3790  5.8302e-42
  3793  6.3943e-42
  3794  5.2714e-42
  3795  4.9437e-42
  3796  4.7883e-42
  3799  4.3806e-42
  3801  4.2952e-42
  3802  3.9943e-42
  3805  3.6169e-42
  3808  3.5735e-42
  3811  2.8740e-42
  3814  2.3945e-42
  3816  2.6337e-42
  3817  2.7047e-42
  3818  2.9228e-42
  3820  3.1147e-42
  3822  2.8953e-42
  3824  2.3778e-42
  3827  2.3742e-42
  3829  1.9927e-42
  3831  1.8610e-42
  3832  1.6990e-42
  3834  1.4148e-42
  3835  1.2865e-42
  3837  1.1788e-42
  3840  1.2234e-42
  3842  1.0993e-42
  3845  1.1976e-42
  3847  1.1737e-42
  3850  9.4706e-43
  3851  8.2377e-43
  3854  7.5381e-43
  3856  7.9738e-43
  3858  7.9680e-43
  3861  7.5478e-43
  3863  7.0433e-43
  3864  6.2277e-43
  3867  6.7777e-43
  3870  6.5274e-43
  3873  5.9443e-43
  3875  5.1120e-43
  3878  5.0250e-43
  3881  4.0769e-43
  3883  4.2368e-43
  3886  4.5865e-43
  3889  4.0040e-43
  3892  3.8878e-43
  3893  3.9062e-43
  3894  3.3868e-43
  3897  3.4638e-43
  3899  3.6810e-43
  3900  2.9882e-43
  3903  2.8965e-43
  3906  2.3266e-43
  3907  2.1268e-43
  3910  2.1975e-43
  3911  2.0167e-43
  3913  2.1067e-43
  3914  2.1483e-43
  3916  1.9990e-43
  3919  1.9051e-43
  3922  1.6325e-43
  3924  1.3761e-43
  3927  1.1774e-43
  3929  1.1067e-43
  3930  1.1324e-43
  3933  1.2034e-43
  3935  1.1222e-43
  3936  1.2278e-43
  3937  1.3473e-43
  3939  1.4773e-43
  3940  1.3801e-43
  3943  1.3977e-43
  3946  1.3938e-43
  3949  1.3205e-43
  3951  1.1530e-43
  3953  1.0379e-43
  3954  1.1079e-43
  3957  1.1709e-43
  3959  9.5800e-44
  3961  8.5510e-44
  3964  9.3162e-44
  3966  1.0055e-43
  3969  1.1048e-43
  3970  1.2053e-43
  3972  1.2686e-43
  3974  1.3221e-43
  3977  1.2837e-43
  3978  1.3741e-43
  3979  1.2788e-43
  3980  1.2593e-43
  3981  1.2932e-43
  3982  1.2586e-43
  3984  1.0919e-43
  3986  9.7577e-44
  3987  9.5344e-44
  3990  8.3822e-44
  3991  7.9481e-44
  3992  8.4920e-44
  3995  7.8416e-44
  3996  6.8844e-44
  3997  5.5537e-44
  3999  6.0252e-44
  4002  5.9980e-44
  4005  5.2759e-44
  4008  5.0830e-44
  4010  4.6793e-44
  4013  4.4785e-44
  4014  4.3784e-44
  4015  3.9654e-44
  4017  3.4300e-44
  4019  2.8064e-44
  4021  2.6915e-44
  4024  2.8640e-44
  4027  3.0723e-44
  4029  2.9132e-44
  4030  3.1313e-44
  4031  3.2810e-44
  4032  2.8325e-44
  4034  2.4567e-44
  4036  2.2577e-44
  4038  2.2387e-44
  4039  2.2325e-44
  4041  1.9733e-44
  4042  2.0783e-44
  4044  1.7915e-44
  4045  1.4348e-44
  4048  1.4818e-44
  4050  1.3774e-44
  4052  1.3501e-44
  4054  1.4624e-44
  4055  1.5005e-44
  4056  1.5303e-44
  4057  1.3726e-44
  4060  1.3264e-44
  4062  1.2796e-44
  4064  1.1794e-44
  4066  1.2367e-44
  4068  1.3502e-44
  4071  1.2404e-44
  4074  1.3036e-44
  4077  1.2204e-44
  4079  1.1193e-44
  4082  1.1718e-44
  4084  9.9849e-45
  4086  8.9306e-45
  4088  7.5343e-45
  4089  7.4349e-45
  4091  7.3583e-45
  4092  6.2809e-45
  4095  6.0622e-45
  4098  5.2273e-45
  4100  5.2616e-45
  4102  5.7814e-45
  4103  4.8889e-45
  4104  4.4795e-45
  4106  4.8711e-45
  4107  4.2692e-45
  4109  4.3194e-45
  4111  4.2378e-45
  4112  4.5794e-45
  4115  4.7657e-45
  4117  4.2147e-45
  4119  3.7509e-45
  4121  4.0478e-45
  4123  4.2887e-45
  4124  3.7824e-45
  4126  4.0390e-45
  4129  3.3063e-45
  4131  3.5038e-45
  4133  3.0030e-45
  4134  3.1036e-45
  4136  2.9603e-45
  4138  2.9236e-45
  4139  3.1119e-45
  4142  2.4972e-45
  4144  2.1498e-45
  4145  2.0112e-45
  4147  2.0911e-45
  4149  2.1893e-45
  4150  2.1794e-45
  4153  2.1221e-45
  4155  1.8857e-45
  4156  1.6354e-45
  4158  1.5190e-45
  4161  1.2883e-45
  4164  1.3077e-45
  4166  1.2884e-45
  4168  1.2007e-45
  4171  1.1672e-45
  4172  1.1514e-45
  4173  1.1616e-45
  4174  1.2152e-45
  4175  1.2560e-45
  4178  1.2693e-45
  4181  1.1543e-45
  4183  1.0774e-45
  4186  1.0474e-45
  4189  1.0395e-45
  4192  8.3879e-46
  4195  8.4368e-46
  4197  8.7593e-46
  4198  7.0104e-46
  4201  7.1673e-46
  4203  6.0409e-46
  4205  5.9064e-46
  4206  5.2471e-46
  4207  5.2232e-46
  4210  4.4802e-46
  4211  4.2818e-46
  4212  3.7444e-46
  4214  4.1003e-46
  4216  4.3200e-46
  4218  3.5890e-46
  4219  3.8220e-46
  4220  3.2849e-46
  4222  3.1983e-46
  4223  2.5654e-46
  4226  2.6650e-46
  4229  2.3565e-46
  4232  2.4408e-46
  4234  2.5019e-46
  4235  2.4162e-46
  4237  2.0237e-46
  4238  2.1426e-46
  4239  2.0903e-46
  4241  1.7267e-46
  4244  1.6821e-46
  4246  1.3885e-46
  4249  1.4658e-46
  4252  1.4457e-46
  4255  1.4088e-46
  4257  1.4278e-46
  4258  1.3935e-46
  4261  1.4483e-46
  4264  1.5683e-46
  4265  1.5974e-46
  4268  1.6875e-46
  4269  1.7832e-46
  4270  1.4297e-46
  4272  1.4972e-46
  4274  1.5021e-46
  4277  1.5485e-46
  4279  1.4986e-46
  4282  1.4551e-46
  4283  1.4781e-46
  4284  1.3545e-46
  4286  1.2280e-46
  4289  1.2917e-46
  4291  1.1830e-46
  4294  1.0172e-46
  4296  9.6455e-47
  4299  9.3623e-47
  4301  8.9512e-47
  4303  8.4638e-47
  4305  7.9200e-47
  4306  6.5319e-47
  4308  6.7898e-47
  4310  5.4439e-47
  4311  4.3736e-47
  4312  3.8254e-47
  4315  3.0693e-47
  4316  3.2069e-47
  4318  3.0770e-47
  4320  3.0535e-47
  4323  2.5269e-47
  4325  2.5859e-47
  4327  2.2312e-47
  4329  2.2820e-47
  4330  1.9308e-47
  4333  1.8259e-47
  4334  1.7860e-47
  4337  1.8679e-47
  4338  1.6175e-47
  4339  1.3100e-47
  4341  1.1011e-47
  4343  8.9613e-48
  4346  9.6277e-48
  4348  9.2664e-48
  4349  8.5777e-48
  4350  8.5070e-48
  4352  8.7908e-48
  4354  8.8727e-48
  4357  8.3426e-48
  4360  8.3452e-48
  4362  8.2683e-48
  4363  7.3538e-48
  4364  7.0592e-48
  4366  6.1629e-48
  4368  6.5483e-48
  4370  6.5759e-48
  4373  5.9314e-48
  4374  5.0643e-48
  4375  5.0467e-48
  4378  4.6606e-48
  4380  4.3516e-48
  4382  4.0010e-48
  4385  3.8612e-48
  4386  3.9260e-48
  4389  3.5629e-48
  4391  3.1522e-48
  4393  2.7679e-48
  4396  2.5781e-48
  4398  2.6326e-48
  4401  2.2126e-48
  4402  2.2104e-48
  4404  2.2189e-48
  4405  1.9809e-48
  4406  2.1162e-48
  4407  2.2171e-48
  4408  2.4369e-48
  4409  2.5113e-48
  4410  2.6383e-48
  4412  2.5835e-48
  4413  2.6769e-48
  4414  2.9405e-48
  4417  3.0591e-48
  4418  2.5744e-48
  4419  2.8170e-48
  4421  3.0721e-48
  4422  2.6826e-48
  4423  2.2901e-48
  4426  2.4365e-48
  4427  2.6194e-48
  4429  2.6506e-48
  4431  2.5390e-48
  4432  2.3285e-48
  4434  2.5197e-48
  4435  2.5772e-48
  4438  2.0833e-48
  4441  2.1350e-48
  4444  1.8132e-48
  4447  1.7814e-48
  4450  1.4941e-48
  4453  1.5201e-48
  4454  1.6361e-48
  4456  1.6136e-48
  4458  1.3329e-48
  4459  1.4092e-48
  4462  1.3055e-48
  4465  1.3015e-48
  4466  1.1541e-48
  4469  1.0046e-48
  4472  9.6846e-49
  4475  1.0400e-48
  4476  1.1333e-48
  4477  1.1667e-48
  4480  1.1271e-48
  4482  1.2316e-48
  4483  1.1843e-48
  4485  1.2430e-48
  4486  1.2871e-48
  4487  1.2684e-48
  4489  1.0741e-48
  4490  8.9498e-49
  4491  8.6654e-49
  4494  7.2202e-49
  4497  6.0304e-49
  4499  6.4148e-49
  4501  5.5269e-49
  4504  4.5041e-49
  4505  4.0409e-49
  4507  3.3153e-49
  4509  3.5635e-49
  4511  3.0891e-49
  4513  2.4915e-49
  4516  2.3613e-49
  4518  2.3751e-49
  4520  2.0479e-49
  4522  1.6423e-49
  4524  1.4483e-49
  4525  1.3705e-49
  4527  1.4059e-49
  4530  1.2174e-49
  4533  1.0430e-49
  4536  9.3924e-50
  4539  8.6414e-50
  4540  8.3213e-50
  4543  7.4456e-50
  4544  6.4133e-50
  4545  6.8482e-50
  4547  7.4066e-50
  4549  7.6467e-50
  4551  6.6019e-50
  4554  5.9758e-50
  4556  5.5665e-50
  4559  5.5653e-50
  4561  5.6381e-50
  4564  5.0502e-50
  4566  4.4664e-50
  4569  3.8757e-50
  4572  4.2364e-50
  4575  3.8744e-50
  4577  3.4158e-50
  4578  3.1073e-50
  4580  3.0133e-50
  4583  3.1525e-50
  4586  3.3748e-50
  4588  3.6275e-50
  4589  3.3775e-50
  4590  2.9547e-50
  4593  3.0968e-50
  4595  3.3836e-50
  4596  2.8237e-50
  4599  2.4016e-50
  4600  2.1718e-50
  4603  2.0417e-50
  4606  1.8459e-50
  4607  1.6177e-50
  4610  1.3241e-50
  4613  1.1971e-50
  4614  1.2433e-50
  4617  1.0005e-50
  4620  9.6970e-51
  4621  9.9210e-51
  4623  9.0596e-51
  4624  8.8737e-51
  4626  8.0837e-51
  4629  7.8387e-51
  4630  6.8720e-51
  4633  7.3492e-51
  4635  7.9524e-51
  4636  8.0883e-51
  4638  7.8208e-51
  4640  7.5174e-51
  4643  7.6568e-51
  4644  6.5712e-51
  4645  6.5587e-51
  4648  5.9840e-51
  4649  6.1907e-51
  4650  5.9412e-51
  4653  6.5294e-51
  4654  6.7645e-51
  4656  6.2709e-51
  4657  5.1237e-51
  4660  4.9792e-51
  4662  4.2614e-51
  4665  3.5506e-51
  4667  3.3319e-51
  4669  2.8968e-51
  4672  2.4888e-51
  4673  2.4455e-51
  4674  2.4052e-51
  4675  2.2970e-51
  4677  1.8953e-51
  4680  1.7354e-51
  4681  1.8286e-51
  4683  1.7086e-51
  4685  1.4022e-51
  4686  1.1386e-51
  4687  1.0500e-51
  4688  1.0449e-51
  4690  1.1120e-51
  4692  9.8462e-52
  4695  8.8443e-52
  4696  9.4326e-52
  4699  8.8546e-52
  4700  8.4460e-52
  4703  8.5815e-52
  4706  7.4381e-52
  4708  7.5317e-52
  4710  7.3448e-52
  4713  6.1984e-52
  4715  5.6322e-52
  4716  4.7918e-52
  4719  4.4112e-52
  4720  4.5212e-52
  4722  3.8149e-52
  4724  3.8529e-52
  4726  4.1001e-52
  4729  3.8767e-52
  4732  3.8578e-52
  4733  4.0748e-52
  4734  3.4635e-52
  4736  3.4455e-52
  4737  3.6768e-52
  4740  3.3576e-52
  4741  3.6908e-52
  4744  3.0487e-52
  4746  2.6035e-52
  4748  2.4543e-52
  4750  2.6030e-52
  4753  2.3637e-52
  4755  1.9519e-52
  4757  1.6775e-52
  4759  1.4498e-52
  4760  1.5625e-52
  4761  1.4815e-52
  4762  1.5527e-52
  4763  1.5029e-52
  4766  1.6008e-52
  4769  1.5762e-52
  4771  1.6325e-52
  4774  1.4286e-52
  4777  1.3562e-52
  4780  1.0984e-52
  4782  1.1769e-52
  4783  1.0410e-52
  4785  9.4369e-53
  4788  1.0280e-52
  4790  9.9961e-53
  4793  1.0002e-52
  4796  8.5795e-53
  4799  9.2330e-53
  4802  8.7865e-53
  4805  7.7688e-53
  4807  8.0559e-53
  4809  6.7494e-53
  4810  5.6765e-53
  4812  5.1671e-53
  4815  4.1813e-53
  4817  3.6551e-53
  4820  3.6525e-53
  4822  3.7418e-53
  4823  3.0816e-53
  4824  2.4771e-53
  4825  2.5827e-53
  4827  2.1758e-53
  4828  1.9084e-53
  4831  1.7108e-53
  4834  1.5592e-53
  4835  1.6317e-53
  4838  1.7223e-53
  4841  1.4730e-53
  4844  1.5117e-53
  4845  1.2261e-53
  4847  1.3012e-53
  4848  1.3323e-53
  4849  1.3730e-53
  4850  1.3217e-53
  4852  1.3677e-53
  4853  1.4166e-53
  4855  1.5174e-53
  4856  1.2670e-53
  4858  1.1591e-53
  4861  1.2307e-53
  4863  1.0013e-53
  4866  1.0753e-53
  4869  1.0932e-53
  4870  1.0665e-53
  4871  8.9912e-54
  4873  9.3148e-54
  4875  1.0141e-53
  4877  9.5804e-54
  4879  1.0439e-53
  4880  9.7017e-54
  4883  9.0832e-54
  4884  8.4295e-54
  4886  7.8366e-54
  4888  7.0554e-54
  4891  5.9209e-54
  4893  5.6493e-54
  4896  4.8122e-54
  4898  4.4992e-54
  4901  3.7992e-54
  4903  3.8316e-54
  4905  4.1548e-54
  4908  3.6899e-54
  4910  3.2322e-54
  4912  3.3465e-54
  4915  3.1095e-54
  4918  2.6796e-54
  4919  2.7882e-54
  4921  2.3634e-54
  4922  2.4602e-54
  4923  2.0675e-54
  4926  1.8608e-54
  4927  1.5332e-54
  4929  1.4757e-54
  4932  1.2384e-54
  4933  1.3023e-54
  4934  1.0694e-54
  4935  1.0732e-54
  4937  9.9041e-55
  4940  1.0462e-54
  4941  1.0772e-54
  4943  1.0415e-54
  4946  1.0429e-54
  4948  8.5265e-55
  4949  9.2833e-55
  4952  8.1192e-55
  4955  8.1647e-55
  4956  8.4171e-55
  4959  8.9504e-55
  4961  7.2539e-55
  4962  7.4359e-55
  4965  6.7104e-55
  4967  5.5599e-55
  4968  4.6936e-55
  4970  4.9696e-55
  4971  4.1546e-55
  4974  3.7133e-55
  4976  3.3959e-55
  4978  3.5821e-55
  4981  3.5571e-55
  4983  3.3021e-55
  4985  2.7467e-55
  4987  2.9008e-55
  4990  2.7192e-55
  4993  2.8927e-55
  4994  2.6850e-55
  4995  2.4809e-55
  4996  2.5161e-55
  4998  2.6725e-55
  4999  2.8314e-55
  5001  2.9041e-55
  5004  2.9387e-55
  5005  2.7200e-55
  5007  2.6522e-55
  5010  2.6840e-55
  5012  2.7056e-55
  5013  2.9555e-55
  5015  2.7237e-55
  5017  2.7797e-55
  5020  2.5536e-55
  5022  2.7917e-55
  5023  2.5924e-55
  5026  2.4336e-55
  5029  2.1837e-55
  5030  1.7772e-55
  5031  1.8974e-55
  5032  1.5944e-55
  5035  1.7284e-55
  5037  1.4519e-55
  5040  1.4428e-55
  5041  1.4693e-55
  5042  1.4820e-55
  5045  1.5732e-55
  5048  1.7037e-55
  5051  1.7265e-55
  5053  1.4713e-55
  5054  1.5893e-55
  5056  1.6367e-55
  5059  1.7339e-55
  5062  1.7140e-55
  5064  1.6970e-55
  5065  1.8481e-55
  5066  1.8109e-55
  5068  1.9041e-55
  5070  1.6972e-55
  5072  1.3844e-55
  5074  1.2386e-55
  5077  1.0035e-55
  5080  9.3176e-56
  5082  9.6816e-56
  5085  8.3317e-56
  5088  8.0255e-56
  5091  7.4850e-56
  5094  7.4888e-56
  5096  6.7418e-56
  5097  7.2137e-56
  5099  7.4813e-56
  5100  7.6183e-56
  5102  7.5165e-56
  5104  8.0880e-56
  5105  8.1568e-56
  5106  7.8412e-56
  5109  7.3861e-56
  5110  5.9503e-56
  5112  5.0740e-56
  5114  4.9198e-56
  5115  4.6133e-56
  5116  4.0471e-56
  5118  4.3473e-56
  5120  3.9921e-56
  5122  4.2656e-56
  5124  3.4986e-56
  5125  2.8649e-56
  5128  2.5769e-56
  5130  2.4507e-56
  5132  2.2739e-56
  5134  1.9655e-56
  5135  2.0542e-56
  5136  2.0211e-56
  5138  2.1938e-56
  5140  2.1832e-56
  5142  1.8086e-56
  5145  1.5000e-56
  5147  1.3640e-56
  5148  1.2524e-56
  5150  1.0795e-56
  5153  1.1542e-56
  5155  1.0064e-56
  5156  1.0427e-56
  5158  1.1161e-56
  5161  1.1773e-56
  5162  1.1106e-56
  5165  1.0129e-56
  5167  8.6711e-57
  5168  7.4940e-57
  5171  6.1196e-57
  5174  5.6930e-57
  5177  6.1603e-57
  5179  6.0134e-57
  5180  6.5790e-57
  5181  5.9376e-57
  5184  5.2057e-57
  5185  4.4653e-57
  5187  3.6377e-57
  5189  3.8897e-57
  5191  3.1594e-57
  5194  2.7934e-57
  5197  2.3088e-57
  5198  1.8595e-57
  5201  1.7231e-57
  5202  1.7156e-57
  5205  1.7379e-57
  5207  1.4021e-57
  5208  1.4037e-57
  5211  1.4688e-57
  5214  1.5329e-57
  5215  1.3914e-57
  5216  1.2809e-57
  5217  1.3486e-57
  5219  1.2313e-57
  5221  1.0000e-57
  5222  8.1258e-58
  5225  8.3453e-58
  5226  6.8595e-58
  5229  6.7441e-58
  5231  5.7852e-58
  5234  4.7235e-58
  5235  4.1187e-58
  5237  3.5539e-58
  5238  3.8889e-58
  5240  3.2483e-58
  5241  2.7352e-58
  5244  2.7172e-58
  5246  2.2101e-58
  5248  2.2096e-58
  5249  1.9010e-58
  5251  1.6882e-58
  5253  1.4796e-58
  5254  1.4795e-58
  5255  1.2881e-58
  5256  1.3306e-58
  5257  1.1559e-58
  5260  1.2347e-58
  5263  1.0315e-58
  5264  1.1237e-58
  5265  9.6230e-59
  5266  1.0320e-58
  5267  1.0585e-58
  5270  9.3011e-59
  5271  7.7101e-59
  5274  8.2155e-59
  5277  7.9183e-59
  5278  6.6160e-59
  5281  6.3168e-59
  5283  5.8895e-59
  5286  6.1001e-59
  5288  5.5835e-59
  5289  5.6184e-59
  5290  5.7863e-59
  5293  4.7407e-59
  5294  4.7140e-59
  5296  3.8046e-59
  5297  3.3949e-59
  5299  3.4898e-59
  5300  3.3300e-59
  5302  3.3444e-59
  5303  3.4193e-59
  5304  2.9222e-59
  5307  2.3650e-59
  5308  2.4149e-59
  5311  2.3514e-59
  5313  2.0919e-59
  5316  2.2015e-59
  5318  1.8200e-59
  5319  1.8444e-59
  5322  1.5031e-59
  5323  1.5622e-59
  5326  1.4807e-59
  5328  1.3237e-59
  5330  1.1494e-59
  5333  9.6843e-60
  5335  8.1920e-60
  5338  6.9786e-60
  5339  7.3107e-60
  5340  7.2871e-60
  5341  5.9378e-60
  5343  6.0877e-60
  5345  5.9450e-60
  5348  5.8810e-60
  5349  5.6956e-60
  5351  5.8973e-60
  5353  4.7961e-60
  5356  4.9320e-60
  5358  4.0879e-60
  5361  3.3082e-60
  5363  3.3609e-60
  5365  3.6885e-60
  5367  3.3807e-60
  5368  3.1056e-60
  5371  2.7777e-60
  5374  2.4821e-60
  5377  2.3930e-60
  5378  1.9190e-60
  5381  1.7457e-60
  5382  1.4152e-60
  5384  1.1657e-60
  5386  1.0659e-60
  5388  1.0067e-60
  5391  1.0024e-60
  5393  8.6640e-61
  5394  9.3190e-61
  5396  7.8682e-61
  5397  6.8750e-61
  5398  5.9752e-61
  5401  6.2681e-61
  5402  6.3093e-61
  5405  5.6670e-61
  5406  5.4085e-61
  5408  5.0651e-61
  5411  5.3017e-61
  5413  5.1681e-61
  5416  5.4380e-61
  5419  4.6118e-61
  5421  4.2168e-61
  5423  4.1078e-61
  5426  3.4489e-61
  5429  2.8875e-61
  5430  2.7381e-61
  5431  2.4044e-61
  5434  2.1673e-61
  5435  2.2972e-61
  5438  2.1816e-61
  5441  2.2446e-61
  5443  1.9361e-61
  5444  1.8039e-61
  5446  1.5094e-61
  5448  1.2716e-61
  5450  1.2303e-61
  5451  1.2002e-61
  5454  1.2978e-61
  5456  1.1337e-61
  5458  1.1204e-61
  5461  9.8875e-62
  5462  8.6054e-62
  5463  8.4149e-62
  5466  6.7609e-62
  5467  5.4141e-62
  5468  5.2287e-62
  5469  5.1909e-62
  5472  4.1985e-62
  5474  3.8318e-62
  5476  3.4275e-62
  5478  3.5689e-62
  5479  3.0863e-62
  5481  2.7465e-62
  5482  2.6754e-62
  5484  2.2778e-62
  5487  2.2660e-62
  5489  2.1665e-62
  5491  2.1564e-62
  5492  2.1853e-62
  5493  1.9454e-62
  5494  1.7612e-62
  5495  1.9307e-62
  5498  1.5790e-62
  5501  1.4324e-62
  5502  1.4506e-62
  5504  1.3429e-62
  5506  1.0942e-62
  5507  1.1645e-62
  5510  1.2722e-62
  5513  1.2785e-62
  5516  1.3425e-62
  5518  1.4631e-62
  5520  1.5359e-62
  5522  1.6841e-62
  5524  1.5497e-62
  5527  1.6447e-62
  5529  1.5315e-62
  5530  1.5540e-62
  5532  1.2769e-62
  5534  1.2848e-62
  5537  1.3925e-62
  5538  1.2342e-62
  5540  1.0385e-62
  5542  9.1630e-63
  5544  8.9175e-63
  5545  8.9505e-63
  5546  9.4625e-63
  5547  8.4026e-63
  5548  6.7787e-63
  5551  7.3410e-63
  5552  5.9224e-63
  5553  4.8160e-63
  5554  5.2300e-63
  5556  5.6384e-63
  5557  5.4060e-63
  5560  4.3465e-63
  5562  4.5908e-63
  5565  3.8751e-63
  5566  3.1375e-63
  5569  3.2517e-63
  5571  2.8815e-63
  5574  3.1206e-63
  5577  2.7608e-63
  5580  2.4267e-63
  5582  2.4441e-63
  5585  2.4327e-63
  5587  1.9680e-63
  5589  1.6695e-63
  5590  1.5952e-63
  5593  1.3828e-63
  5594  1.4706e-63
  5597  1.2590e-63
  5599  1.2490e-63
  5601  1.2832e-63
  5602  1.3701e-63
  5604  1.2296e-63
  5605  1.0821e-63
  5606  1.1660e-63
  5609  1.1233e-63
  5611  1.0975e-63
  5612  1.0936e-63
  5613  1.1867e-63
  5615  1.0096e-63
  5617  1.0705e-63
  5620  1.0463e-63
  5622  8.4818e-64
  5623  9.2784e-64
  5626  9.0453e-64
  5629  8.3057e-64
  5630  7.0927e-64
  5632  5.7043e-64
  5633  5.4705e-64
  5635  5.9651e-64
  5636  4.7886e-64
  5638  4.9378e-64
  5640  5.2726e-64
  5641  5.0530e-64
  5643  4.5719e-64
  5644  4.2166e-64
  5646  4.1148e-64
  5647  3.3352e-64
  5650  2.7392e-64
  5652  2.5992e-64
  5655  2.2254e-64
  5658  2.3832e-64
  5660  2.5771e-64
  5662  2.5578e-64
  5664  2.4829e-64
  5667  2.6732e-64
  5670  2.5863e-64
  5671  2.4404e-64
  5674  2.6589e-64
  5677  2.1322e-64
  5678  1.7139e-64
  5680  1.3876e-64
  5683  1.5070e-64
  5685  1.3449e-64
  5686  1.3184e-64
  5688  1.2796e-64
  5689  1.1861e-64
  5690  1.1924e-64
  5692  1.1407e-64
  5693  1.0969e-64
  5696  9.5078e-65
  5699  1.0207e-64
  5700  1.0558e-64
  5701  1.1533e-64
  5702  1.1289e-64
  5705  9.1858e-65
  5708  7.8364e-65
  5710  7.5380e-65
  5713  7.9232e-65
  5714  7.7613e-65
  5715  7.6994e-65
  5718  8.3849e-65
  5721  8.9153e-65
  5723  9.2371e-65
  5725  8.0757e-65
  5727  8.5670e-65
  5730  8.0211e-65
  5733  8.6554e-65
  5736  7.2830e-65
  5738  6.5098e-65
  5740  5.4501e-65
  5741  5.5926e-65
  5742  5.1421e-65
  5744  4.8595e-65
  5746  4.7944e-65
  5749  4.2874e-65
  5751  3.4568e-65
  5754  3.3287e-65
  5756  3.2343e-65
  5759  2.9125e-65
  5762  3.0858e-65
  5765  2.4919e-65
  5766  2.4273e-65
  5767  2.0679e-65
  5770  2.1734e-65
  5771  2.2476e-65
  5773  2.0754e-65
  5775  2.1497e-65
  5776  1.7564e-65
  5777  1.8313e-65
  5779  1.8359e-65
  5782  1.9741e-65
  5783  2.0364e-65
  5784  1.9286e-65
  5787  1.6787e-65
  5788  1.7429e-65
  5791  1.8196e-65
  5792  1.7963e-65
  5795  1.9013e-65
  5796  1.9625e-65
  5797  1.8097e-65
  5799  1.8695e-65
  5801  1.6714e-65
  5803  1.7723e-65
  5805  1.6349e-65
  5807  1.3478e-65
  5808  1.4093e-65
  5811  1.3711e-65
  5814  1.2172e-65
  5815  1.2017e-65
  5817  1.2509e-65
  5819  1.1202e-65
  5822  1.0345e-65
  5824  9.1112e-66
  5825  7.6974e-66
  5826  7.0023e-66
  5827  6.6160e-66
  5829  6.7349e-66
  5830  6.9268e-66
  5832  5.6241e-66
  5834  5.9572e-66
  5835  5.7548e-66
  5838  4.6836e-66
  5841  5.1474e-66
  5842  5.0628e-66
  5845  4.9215e-66
  5848  4.3178e-66
  5850  3.7109e-66
  5852  3.2492e-66
  5853  2.6545e-66
  5855  2.7420e-66
  5856  2.8465e-66
  5858  2.9324e-66
  5861  2.8404e-66
  5863  2.7955e-66
  5866  2.9674e-66
  5867  3.2080e-66
  5868  2.7612e-66
  5870  2.8634e-66
  5873  3.0498e-66
  5875  3.0770e-66
  5876  3.0496e-66
  5879  2.8736e-66
  5880  2.3581e-66
  5881  2.1635e-66
  5882  1.8949e-66
  5883  1.7415e-66
  5885  1.7339e-66
  5886  1.5137e-66
  5889  1.3815e-66
  5890  1.2426e-66
  5893  1.2293e-66
  5896  1.1913e-66
  5898  1.2756e-66
  5899  1.3209e-66
  5900  1.2340e-66
  5903  1.1903e-66
  5904  9.7287e-67
  5906  7.8324e-67
  5909  6.5346e-67
  5912  5.2351e-67
  5913  5.3547e-67
  5916  4.6473e-67
  5918  4.8148e-67
  5920  4.8588e-67
  5923  5.1735e-67
  5924  5.0453e-67
  5926  4.1933e-67
  5928  4.3445e-67
  5929  3.6436e-67
  5931  3.4565e-67
  5933  2.7926e-67
  5934  2.6271e-67
  5935  2.5391e-67
  5938  2.3025e-67
  5939  2.4969e-67
  5942  2.2449e-67
  5945  1.9002e-67
  5948  1.8497e-67
  5949  1.6153e-67
  5952  1.4189e-67
  5955  1.1911e-67
  5958  9.7674e-68
  5960  8.5155e-68
  5963  7.2216e-68
  5965  6.6284e-68
  5966  5.7559e-68
  5967  5.0954e-68
  5970  5.3455e-68
  5971  4.4133e-68
  5973  4.3662e-68
  5974  4.3260e-68
  5975  4.0949e-68
  5977  4.4111e-68
  5978  4.4325e-68
  5981  4.8066e-68
  5983  4.9846e-68
  5984  4.1067e-68
  5986  3.8293e-68
  5987  3.5923e-68
  5990  3.0341e-68
  5991  2.8398e-68
  5992  2.7050e-68
  5995  2.2028e-68
  5998  2.3333e-68
  6001  2.1410e-68
  6002  1.9747e-68
  6003  1.6226e-68
  6006  1.4227e-68
  6007  1.1939e-68
  6010  9.6992e-69
  6013  9.3996e-69
  6014  8.5763e-69
  6016  8.5444e-69
  6018  7.6491e-69
  6019  6.1310e-69
  6020  5.0619e-69
  6021  4.8313e-69
  6022  3.9570e-69
  6024  4.0742e-69
  6026  4.0706e-69
  6028  3.3057e-69
  6031  2.8357e-69
  6033  2.5859e-69
  6035  2.3645e-69
  6038  2.5794e-69
  6041  2.6688e-69
  6043  2.6932e-69
  6044  2.7727e-69
  6046  2.2866e-69
  6048  2.2041e-69
  6049  1.9720e-69
  6050  2.1691e-69
  6052  2.1806e-69
  6053  2.2306e-69
  6054  2.3101e-69
  6056  2.0975e-69
  6059  2.2210e-69
  6060  2.1178e-69
  6062  2.1864e-69
  6064  2.0059e-69
  6065  2.0935e-69
  6067  2.0575e-69
  6069  2.1970e-69
  6072  2.3637e-69
  6074  1.9409e-69
  6076  2.0245e-69
  6078  1.8785e-69
  6079  1.6564e-69
  6082  1.4098e-69
  6085  1.2111e-69
  6088  1.1460e-69
  6090  1.1789e-69
  6091  9.7857e-70
  6094  9.2528e-70
  6095  9.9532e-70
  6097  1.0835e-69
  6098  1.0329e-69
  6100  1.0813e-69
  6101  1.0548e-69
  6103  1.1567e-69
  6105  1.2091e-69
  6106  1.1067e-69
  6108  1.0094e-69
  6109  1.0311e-69
  6110  9.8696e-70
  6112  8.3545e-70
  6114  8.1240e-70
  6116  6.6600e-70
  6118  6.4562e-70
  6121  5.5794e-70
  6123  5.6182e-70
  6126  4.7728e-70
  6129  4.1134e-70
  6131  4.3139e-70
  6132  3.8310e-70
  6135  4.1522e-70
  6136  4.4226e-70
  6137  4.1616e-70
  6140  3.9998e-70
  6141  3.4835e-70
  6142  3.3650e-70
  6143  2.8023e-70
  6144  2.3929e-70
  6146  2.3519e-70
  6147  2.2495e-70
  6150  1.8837e-70
  6151  1.8336e-70
  6152  1.9218e-70
  6153  1.7445e-70
  6154  1.4078e-70
  6157  1.4387e-70
  6160  1.2958e-70
  6162  1.0750e-70
  6165  8.8386e-71
  6166  8.1344e-71
  6169  8.4447e-71
  6172  8.6063e-71
  6174  8.9751e-71
  6177  9.6331e-71
  6179  9.6216e-71
  6182  8.8078e-71
  6184  7.3711e-71
  6185  6.7320e-71
  6188  7.1756e-71
  6189  7.8811e-71
  6190  7.8144e-71
  6192  7.1727e-71
  6193  5.9284e-71
  6195  6.1369e-71
  6196  6.0240e-71
  6197  4.9770e-71
  6199  4.8109e-71
  6202  4.6072e-71
  6205  3.9574e-71
  6207  3.2645e-71
  6210  2.8582e-71
  6212  2.5905e-71
  6213  2.4225e-71
  6216  2.3182e-71
  6217  1.9276e-71
  6219  1.9679e-71
  6220  2.0202e-71
  6221  1.7194e-71
  6223  1.4308e-71
  6226  1.3797e-71
  6227  1.2443e-71
  6228  1.2098e-71
  6231  1.0494e-71
  6234  1.1232e-71
  6237  1.1238e-71
  6239  9.9312e-72
  6240  8.7655e-72
  6242  7.7657e-72
  6245  7.8650e-72
  6248  6.6996e-72
  6249  6.8359e-72
  6252  5.7028e-72
  6253  5.1732e-72
  6254  4.5941e-72
  6256  4.4259e-72
  6259  4.8559e-72
  6262  4.1236e-72
  6263  3.8364e-72
  6264  3.8786e-72
  6265  3.1551e-72
  6267  3.0960e-72
  6269  3.1426e-72
  6272  2.8177e-72
  6273  2.2906e-72
  6275  1.8580e-72
  6276  1.8459e-72
  6277  1.9413e-72
  6280  1.9295e-72
  6283  1.6979e-72
  6284  1.7522e-72
  6285  1.5943e-72
  6288  1.5789e-72
  6290  1.5474e-72
  6293  1.3212e-72
  6294  1.3322e-72
  6297  1.3810e-72
  6300  1.2715e-72
  6303  1.3706e-72
  6306  1.3710e-72
  6308  1.1556e-72
  6310  1.1803e-72
  6313  1.2579e-72
  6316  1.3212e-72
  6317  1.1018e-72
  6319  1.0955e-72
  6322  8.9849e-73
  6325  7.9712e-73
  6327  7.8783e-73
  6330  7.4222e-73
  6331  7.9387e-73
  6333  6.3989e-73
  6334  5.7045e-73
  6336  5.8719e-73
  6339  4.7580e-73
  6342  5.1551e-73
  6345  4.8395e-73
  6346  4.4744e-73
  6348  3.6862e-73
  6349  4.0426e-73
  6351  4.0496e-73
  6354  4.4379e-73
  6356  3.5801e-73
  6358  3.8703e-73
  6361  3.3808e-73
  6362  2.9655e-73
  6363  2.8434e-73
  6365  2.9624e-73
  6368  2.7816e-73
  6369  2.6833e-73
  6370  2.3494e-73
  6372  2.0209e-73
  6375  2.0862e-73
  6377  1.8618e-73
  6380  1.6184e-73
  6381  1.5843e-73
  6384  1.3989e-73
  6387  1.3519e-73
  6389  1.4614e-73
  6392  1.2313e-73
  6395  1.0374e-73
  6397  1.0371e-73
  6400  1.0291e-73
  6401  1.0687e-73
  6402  9.7365e-74
  6405  8.0627e-74
  6406  6.4912e-74
  6409  5.5541e-74
  6411  5.8046e-74
  6414  5.4046e-74
  6415  5.6287e-74
  6416  5.3497e-74
  6418  4.6454e-74
  6420  4.6738e-74
  6422  5.0820e-74
  6425  5.2674e-74
  6428  5.6687e-74
  6430  5.2800e-74
  6432  5.1831e-74
  6434  4.7805e-74
  6436  4.1517e-74
  6437  4.0759e-74
  6440  4.0044e-74
  6443  3.5553e-74
  6444  3.9079e-74
  6447  4.2344e-74
  6449  3.4852e-74
  6452  3.2004e-74
  6453  2.7540e-74
  6455  2.4494e-74
  6458  1.9920e-74
  6461  2.0337e-74
  6462  2.0349e-74
  6465  1.6481e-74
  6468  1.5522e-74
  6470  1.2735e-74
  6472  1.3003e-74
  6473  1.0948e-74
  6474  1.0158e-74
  6477  1.0014e-74
  6478  8.7754e-75
  6479  9.1055e-75
  6481  7.4681e-75
  6483  6.9468e-75
  6485  6.9754e-75
  6487  6.0364e-75
  6489  5.5727e-75
  6491  5.2352e-75
  6493  4.2332e-75
  6496  3.7262e-75
  6498  3.1317e-75
  6500  2.5385e-75
  6502  2.0465e-75
  6503  2.0683e-75
  6506  2.0982e-75
  6507  1.8141e-75
  6509  1.6042e-75
  6510  1.3641e-75
  6512  1.3189e-75
  6515  1.2812e-75
  6516  1.3677e-75
  6517  1.2929e-75
  6520  1.3963e-75
  6522  1.1510e-75
  6523  1.2316e-75
  6526  1.2762e-75
  6527  1.2347e-75
  6530  1.1169e-75
  6532  1.0895e-75
  6534  9.9729e-76
  6537  1.0183e-75
  6540  9.9292e-76
  6542  8.2678e-76
  6544  7.5978e-76
  6547  6.8701e-76
  6549  7.1559e-76
  6552  6.9606e-76
  6553  6.8443e-76
  6556  5.5077e-76
  6557  4.7297e-76
  6560  4.5988e-76
  6562  3.8468e-76
  6565  4.2206e-76
  6567  4.4380e-76
  6570  4.1433e-76
  6571  4.4024e-76
  6573  4.8356e-76
  6574  4.1066e-76
  6577  3.7911e-76
  6580  3.4833e-76
  6582  2.9781e-76
  6583  2.6952e-76
  6585  2.2244e-76
  6586  2.1176e-76
  6588  1.8181e-76
  6591  1.6289e-76
  6594  1.5098e-76
  6596  1.2242e-76
  6599  1.0198e-76
  6602  1.1170e-76
  6604  1.0072e-76
  6606  1.0806e-76
  6609  9.4395e-77
  6612  8.0928e-77
  6613  8.8519e-77
  6615  7.5006e-77
  6618  7.3596e-77
  6619  5.9564e-77
  6621  4.7750e-77
  6622  5.2419e-77
  6625  5.2658e-77
  6627  4.5685e-77
  6629  4.5115e-77
  6631  3.7678e-77
  6633  3.8886e-77
  6636  3.5975e-77
  6639  3.6897e-77
  6641  3.2125e-77
  6644  2.9500e-77
  6646  2.7367e-77
  6647  3.0039e-77
  6650  2.5196e-77
  6653  2.2910e-77
  6654  1.8717e-77
  6656  1.6245e-77
  6659  1.5638e-77
  6660  1.6007e-77
  6663  1.7361e-77
  6666  1.8691e-77
  6669  1.7193e-77
  6672  1.5340e-77
  6675  1.2903e-77
  6677  1.1979e-77
  6680  1.1580e-77
  6683  1.2112e-77
  6684  1.0228e-77
  6687  1.1174e-77
  6688  9.7831e-78
  6690  1.0533e-77
  6691  8.4783e-78
  6694  7.0420e-78
  6696  6.0660e-78
  6697  5.9708e-78
  6699  4.7947e-78
  6700  4.2372e-78
  6701  3.4452e-78
  6704  2.9451e-78
  6706  2.9073e-78
  6708  3.0450e-78
  6710  2.8216e-78
  6712  2.9048e-78
  6715  2.8896e-78
  6718  2.9391e-78
  6719  3.1002e-78
  6721  2.5276e-78
  6722  2.3809e-78
  6724  2.2242e-78
  6725  2.1057e-78
  6728  1.7555e-78
  6730  1.4053e-78
  6733  1.4807e-78
  6736  1.4708e-78
  6738  1.5205e-78
  6739  1.3196e-78
  6740  1.3734e-78
  6742  1.4286e-78
  6744  1.4587e-78
  6747  1.2561e-78
  6750  1.2390e-78
  6753  1.1028e-78
  6756  1.1791e-78
  6759  1.2817e-78
  6761  1.1390e-78
  6764  9.1170e-79
  6767  9.4017e-79
  6768  7.8082e-79
  6770  7.1342e-79
  6772  6.8192e-79
  6773  7.4925e-79
  6776  7.7641e-79
  6778  6.5565e-79
  6780  7.0769e-79
  6782  7.0087e-79
  6784  6.2132e-79
  6787  5.6247e-79
  6788  4.9297e-79
  6789  4.6715e-79
  6791  4.2187e-79
  6793  3.4939e-79
  6795  3.2549e-79
  6797  3.4887e-79
  6800  3.3831e-79
  6803  3.6069e-79
  6806  3.7838e-79
  6809  3.8913e-79
  6812  3.3317e-79
  6815  3.5113e-79
  6816  3.4722e-79
  6819  3.6321e-79
  6820  3.1342e-79
  6821  2.8495e-79
  6822  2.6526e-79
  6823  2.6484e-79
  6825  2.4736e-79
  6826  2.5584e-79
  6827  2.4974e-79
  6828  2.7063e-79
  6830  2.7377e-79
  6833  2.3664e-79
  6836  2.2155e-79
  6839  2.4054e-79
  6840  2.2625e-79
  6842  2.2938e-79
  6843  2.1984e-79
  6846  2.0564e-79
  6848  1.9110e-79
  6849  1.6382e-79
  6852  1.3169e-79
  6855  1.2256e-79
  6857  1.1117e-79
  6860  1.1519e-79
  6862  1.0622e-79
  6863  9.3206e-80
  6866  7.4648e-80
  6867  7.4727e-80
  6868  7.4511e-80
  6870  7.5028e-80
  6871  6.9727e-80
  6874  6.8213e-80
  6875  6.0237e-80
  6878  5.5396e-80
  6881  5.0398e-80
  6882  4.1324e-80
  6884  3.3741e-80
  6886  3.3218e-80
  6887  2.7937e-80
  6889  2.6681e-80
  6890  2.2823e-80
  6893  2.2981e-80
  6895  2.2904e-80
  6897  2.4387e-80
  6899  2.2449e-80
  6901  1.9547e-80
  6904  1.9359e-80
  6906  1.9501e-80
  6908  2.0163e-80
  6911  1.7919e-80
  6913  1.7707e-80
  6915  1.7035e-80
  6918  1.7855e-80
  6919  1.5177e-80
  6920  1.6310e-80
  6921  1.6417e-80
  6923  1.6704e-80
  6926  1.6001e-80
  6927  1.5308e-80
  6929  1.5790e-80
  6930  1.5088e-80
  6933  1.3745e-80
  6935  1.1253e-80
  6938  1.1110e-80
  6941  1.1073e-80
  6943  1.1708e-80
  6946  9.8561e-81
  6949  9.1197e-81
  6950  7.8980e-81
  6953  8.2856e-81
  6956  8.5376e-81
  6957  7.5718e-81
  6959  6.8992e-81
  6962  6.7193e-81
  6964  7.1827e-81
  6966  7.7240e-81
  6968  6.8344e-81
  6971  5.9529e-81
  6972  5.6225e-81
  6974  5.4822e-81
  6975  4.8420e-81
  6977  4.8484e-81
  6980  4.5208e-81
  6982  4.2327e-81
  6984  4.3660e-81
  6987  3.5202e-81
  6989  3.3755e-81
  6991  2.8963e-81
  6992  2.7800e-81
  6993  2.7821e-81
  6995  2.2676e-81
  6996  2.1849e-81
  6998  2.4018e-81
  7000  2.0115e-81
  7002  1.7665e-81
  7004  1.6168e-81
  7006  1.4426e-81
  7007  1.5808e-81
  7008  1.3007e-81
  7009  1.2033e-81
  7012  1.0175e-81
  7015  9.1714e-82
  7016  8.2117e-82
  7017  6.8963e-82
  7020  6.1594e-82
  7023  6.3023e-82
  7026  5.4383e-82
  7029  5.0943e-82
  7030  4.7423e-82
  7031  5.0585e-82
  7034  5.2197e-82
  7035  4.6915e-82
  7038  4.6987e-82
  7041  4.1586e-82
  7044  3.5729e-82
  7046  3.6267e-82
  7049  3.8673e-82
  7051  3.4082e-82
  7053  2.9159e-82
  7056  2.9391e-82
  7058  2.7532e-82
  7060  2.2393e-82
  7062  1.9036e-82
  7065  1.7913e-82
  7068  1.5503e-82
  7069  1.5024e-82
  7072  1.4261e-82
  7074  1.5040e-82
  7075  1.5533e-82
  7076  1.6080e-82
  7077  1.5393e-82
  7080  1.4918e-82
  7081  1.5088e-82
  7084  1.5609e-82
  7086  1.6324e-82
  7087  1.4365e-82
  7088  1.1733e-82
  7089  1.2439e-82
  7092  1.0758e-82
  7094  1.1025e-82
  7096  1.0330e-82
  7097  9.3072e-83
  7098  7.9532e-83
  7100  8.6764e-83
  7102  8.6173e-83
  7104  8.2449e-83
  7106  8.3729e-83
  7108  7.4883e-83
  7109  8.1711e-83
  7111  7.2652e-83
  7113  7.1070e-83
  7116  6.8970e-83
  7117  5.6086e-83
  7119  5.5109e-83
  7121  4.4611e-83
  7123  3.6404e-83
  7124  3.2194e-83
  7126  3.3552e-83
  7128  2.9664e-83
  7131  2.7390e-83
  7133  2.2087e-83
  7134  2.2067e-83
  7135  2.1308e-83
  7138  1.7258e-83
  7140  1.4911e-83
  7142  1.4056e-83
  7145  1.1590e-83
  7146  9.7332e-84
  7147  7.8998e-84
  7148  7.2150e-84
  7149  6.0957e-84
  7150  5.2162e-84
  7151  5.3392e-84
  7153  4.6819e-84
  7156  4.2109e-84
  7159  4.3548e-84
  7161  3.6718e-84
  7164  3.9050e-84
  7166  3.1306e-84
  7167  2.9142e-84
  7170  2.6901e-84
  7172  2.3553e-84
  7173  2.5363e-84
  7175  2.7479e-84
  7178  2.8010e-84
  7180  2.7366e-84
  7181  2.2821e-84
  7184  2.0323e-84
  7185  1.9579e-84
  7186  1.7404e-84
  7187  1.8857e-84
  7189  1.7279e-84
  7191  1.5154e-84
  7194  1.2817e-84
  7197  1.3039e-84
  7200  1.1105e-84
  7202  1.0827e-84
  7203  9.0844e-85
  7204  7.6536e-85
  7205  7.3859e-85
  7206  6.3786e-85
  7207  6.5645e-85
  7208  7.0793e-85
  7210  7.1278e-85
  7211  7.8293e-85
  7214  7.6642e-85
  7217  7.8412e-85
  7220  6.7704e-85
  7222  6.3061e-85
  7224  6.8517e-85
  7225  5.8325e-85
  7228  4.9514e-85
  7230  5.1417e-85
  7231  5.0983e-85
  7234  5.5760e-85
  7235  5.8483e-85
  7236  4.9490e-85
  7239  4.2386e-85
  7240  3.5056e-85
  7242  3.7526e-85
  7244  3.1741e-85
  7246  3.1744e-85
  7248  2.8979e-85
  7249  2.8905e-85
  7250  2.5127e-85
  7251  2.4509e-85
  7254  1.9786e-85
  7256  1.7752e-85
  7257  1.5871e-85
  7258  1.2724e-85
  7261  1.1840e-85
  7264  1.1121e-85
  7266  9.4586e-86
  7267  8.9885e-86
  7270  7.5729e-86
  7272  6.3478e-86
  7275  5.4522e-86
  7277  5.3346e-86
  7278  5.3281e-86
  7280  4.9862e-86
  7283  4.1330e-86
  7285  4.4292e-86
  7288  4.7569e-86
  7290  4.6079e-86
  7292  4.8736e-86
  7293  5.1380e-86
  7296  5.5394e-86
  7299  4.8298e-86
  7302  4.5798e-86
  7304  4.1119e-86
  7305  3.8748e-86
  7308  3.6235e-86
  7309  3.7030e-86
  7312  3.9744e-86
  7314  3.6582e-86
  7315  3.9477e-86
  7318  3.2967e-86
  7320  3.3374e-86
  7322  3.5227e-86
  7324  3.3571e-86
  7326  3.2706e-86
  7328  2.8791e-86
  7329  2.7127e-86
  7332  2.3746e-86
  7334  1.9821e-86
  7335  2.0716e-86
  7336  1.8502e-86
  7339  1.5633e-86
  7342  1.3525e-86
  7343  1.1786e-86
  7346  1.1037e-86
  7347  9.4535e-87
  7350  9.9467e-87
  7353  8.5044e-87
  7355  9.1277e-87
  7356  8.9852e-87
  7358  7.7943e-87
  7360  6.6602e-87
  7363  6.5927e-87
  7365  6.9348e-87
  7367  7.3054e-87
  7370  6.0371e-87
  7372  6.2249e-87
  7373  6.5716e-87
  7374  5.7915e-87
  7376  5.6634e-87
  7379  4.8509e-87
  7380  3.9328e-87
  7382  4.1424e-87
  7385  4.4671e-87
  7387  3.9524e-87
  7388  3.8066e-87
  7391  3.7488e-87
  7393  3.1301e-87
  7394  2.8905e-87
  7396  2.7507e-87
  7399  2.5537e-87
  7400  2.1574e-87
  7402  2.2547e-87
  7405  2.3518e-87
  7408  1.9469e-87
  7409  1.5612e-87
  7411  1.6483e-87
  7414  1.4094e-87
  7415  1.2198e-87
  7418  1.0251e-87
  7420  9.7534e-88
  7421  8.5497e-88
  7422  8.5987e-88
  7424  9.4488e-88
  7427  7.8799e-88
  7430  8.6083e-88
  7431  7.2178e-88
  7433  6.9474e-88
  7434  5.9109e-88
  7437  5.8859e-88
  7440  6.1829e-88
  7443  6.7961e-88
  7446  6.4720e-88
  7448  5.8383e-88
  7450  5.5368e-88
  7451  4.6502e-88
  7453  4.5069e-88
  7455  4.7011e-88
  7458  3.8985e-88
  7460  4.0843e-88
  7463  4.0203e-88
  7464  3.2196e-88
  7467  3.4639e-88
  7469  3.0844e-88
  7470  2.5693e-88
  7473  2.5708e-88
  7475  2.3346e-88
  7478  1.9389e-88
  7480  1.8641e-88
  7481  1.6137e-88
  7482  1.3804e-88
  7483  1.1262e-88
  7484  1.1030e-88
  7485  1.2114e-88
  7488  1.1636e-88
  7491  1.0778e-88
  7494  9.3450e-89
  7497  8.8105e-89
  7499  7.3879e-89
  7500  6.5384e-89
  7502  5.2483e-89
  7505  5.5589e-89
  7506  5.2470e-89
  7508  5.7386e-89
  7509  4.9708e-89
  7512  4.4322e-89
  7513  3.9768e-89
  7516  3.3334e-89
  7519  3.3084e-89
  7521  2.8535e-89
  7524  2.3007e-89
  7527  2.1200e-89
  7528  1.7465e-89
  7529  1.7437e-89
  7531  1.8412e-89
  7533  1.9597e-89
  7534  1.7049e-89
  7536  1.4011e-89
  7538  1.2552e-89
  7539  1.2749e-89
  7542  1.3386e-89
  7543  1.1309e-89
  7545  1.0517e-89
  7548  9.3183e-90
  7550  9.7147e-90
  7553  9.0657e-90
  7555  9.2711e-90
  7557  9.7259e-90
  7558  8.9160e-90
  7559  9.3452e-90
  7561  1.0253e-89
  7562  9.7001e-90
  7564  8.0123e-90
  7565  7.5247e-90
  7566  8.0809e-90
  7567  8.2489e-90
  7568  8.8213e-90
  7569  8.9979e-90
  7572  9.1044e-90
  7573  8.9668e-90
  7576  7.2732e-90
  7579  7.3974e-90
  7580  6.5870e-90
  7582  5.9324e-90
  7584  5.2625e-90
  7586  5.2065e-90
  7588  5.0733e-90
  7591  4.3009e-90
  7592  3.5716e-90
  7594  3.8024e-90
  7595  3.6696e-90
  7598  3.1255e-90
  7599  2.6907e-90
  7600  2.7400e-90
  7603  2.9434e-90
  7605  2.4972e-90
  7606  2.6134e-90
  7609  2.4043e-90
  7610  2.6174e-90
  7611  2.8090e-90
  7612  2.9271e-90
  7615  2.9842e-90
  7616  2.5748e-90
  7619  2.7457e-90
  7620  2.9083e-90
  7622  2.9410e-90
  7624  2.5122e-90
  7627  2.5850e-90
  7630  2.2862e-90
  7632  2.3484e-90
  7634  2.1641e-90
  7635  2.3800e-90
  7637  2.2262e-90
  7640  1.8364e-90
  7641  1.6936e-90
  7643  1.6241e-90
  7646  1.5100e-90
  7648  1.4908e-90
  7651  1.2428e-90
  7652  1.2081e-90
  7654  1.1724e-90
  7656  9.6067e-91
  7659  7.8578e-91
  7662  8.3663e-91
  7665  7.7990e-91
  7668  7.3503e-91
  7671  7.7724e-91
  7674  7.0422e-91
  7675  6.6834e-91
  7677  5.8635e-91
  7680  5.1452e-91
  7682  5.6236e-91
  7685  6.0062e-91
  7688  5.6967e-91
  7690  5.1149e-91
  7692  4.3398e-91
  7694  3.6671e-91
  7697  3.4797e-91
  7700  3.1557e-91
  7702  2.8829e-91
  7703  2.4923e-91
  7706  2.4891e-91
  7708  2.2583e-91
  7710  2.4497e-91
  7711  2.4876e-91
  7713  2.4932e-91
  7714  2.1080e-91
  7715  2.1576e-91
  7718  1.7528e-91
  7720  1.7386e-91
  7722  1.8956e-91
  7724  1.7975e-91
  7726  1.4892e-91
  7727  1.5462e-91
  7729  1.4479e-91
  7731  1.1863e-91
  7734  1.2589e-91
  7737  1.2739e-91
  7740  1.0206e-91
  7743  1.0521e-91
  7744  1.0617e-91
  7746  1.0252e-91
  7749  9.1453e-92
  7750  8.5210e-92
  7752  8.5534e-92
  7755  6.9237e-92
  7758  5.5401e-92
  7760  5.7836e-92
  7763  5.6373e-92
  7765  5.6878e-92
  7767  6.1987e-92
  7770  5.4546e-92
  7772  4.4086e-92
  7774  4.1867e-92
  7776  3.9693e-92
  7777  4.0484e-92
  7780  3.6492e-92
  7781  3.8549e-92
  7783  3.2549e-92
  7786  3.0093e-92
  7789  3.2217e-92
  7790  2.7465e-92
  7792  2.7983e-92
  7795  2.9058e-92
  7797  2.5282e-92
  7798  2.7380e-92
  7799  2.9862e-92
  7801  2.9654e-92
  7804  3.1377e-92
  7806  3.2572e-92
  7808  3.0875e-92
  7810  2.8688e-92
  7812  2.3427e-92
  7814  1.9483e-92
  7816  1.8654e-92
  7819  1.7931e-92
  7822  1.5157e-92
  7823  1.5267e-92
  7824  1.4553e-92
  7826  1.6006e-92
  7827  1.4678e-92
  7830  1.3212e-92
  7831  1.3198e-92
  7832  1.2030e-92
  7835  1.1003e-92
  7837  1.1288e-92
  7840  1.0575e-92
  7842  1.1355e-92
  7844  1.1224e-92
  7845  1.0027e-92
  7846  1.0828e-92
  7847  1.0134e-92
  7849  8.2895e-93
  7850  9.0414e-93
  7852  9.2294e-93
  7854  1.0041e-92
  7856  8.2158e-93
  7858  7.4940e-93
  7860  7.5613e-93
  7863  7.2473e-93
  7864  7.8446e-93
  7867  7.0688e-93
  7870  6.5280e-93
  7871  5.6986e-93
  7873  5.2769e-93
  7875  4.3209e-93
  7878  3.7053e-93
  7880  3.4008e-93
  7881  3.2826e-93
  7884  3.3837e-93
  7887  3.1881e-93
  7888  3.0495e-93
  7889  3.3275e-93
  7890  3.5671e-93
  7891  3.3980e-93
  7894  2.9128e-93
  7896  2.4650e-93
  7897  2.3338e-93
  7900  2.3528e-93
  7901  2.1372e-93
  7903  1.9915e-93
  7904  1.6308e-93
  7905  1.3508e-93
  7907  1.3019e-93
  7910  1.0519e-93
  7912  1.1159e-93
  7913  9.7488e-94
  7915  9.0319e-94
  7918  8.0349e-94
  7921  7.9649e-94
  7923  8.6026e-94
  7926  7.0714e-94
  7929  7.0829e-94
  7930  7.0162e-94
  7931  7.0582e-94
  7934  7.2169e-94
  7937  6.6445e-94
  7938  5.6572e-94
  7941  5.3754e-94
  7944  5.0778e-94
  7946  4.6157e-94
  7949  4.0231e-94
  7950  3.3386e-94
  7951  3.4741e-94
  7954  2.8984e-94
  7957  3.1390e-94
  7958  3.0689e-94
  7959  3.2895e-94
  7960  3.3946e-94
  7963  3.5106e-94
  7964  3.1230e-94
  7967  3.0771e-94
  7969  3.2054e-94
  7971  2.7647e-94
  7974  2.5485e-94
  7977  2.1127e-94
  7978  2.2131e-94
  7979  2.3998e-94
  7981  2.4951e-94
  7983  2.6027e-94
  7986  2.5521e-94
  7987  2.4047e-94
  7989  2.6276e-94
  7990  2.5262e-94
  7991  2.0499e-94
  7992  1.9902e-94
  7993  1.9315e-94
  7994  1.6115e-94
  7997  1.7636e-94
  7998  1.8359e-94
  8001  1.9486e-94
  8003  1.6243e-94
  8005  1.5330e-94
  8007  1.3667e-94
  8010  1.2043e-94
  8013  9.6842e-95
  8014  9.5616e-95
  8015  1.0015e-94
  8017  8.4394e-95
  8019  7.3255e-95
  8021  7.4409e-95
  8022  6.3021e-95
  8024  5.7964e-95
  8025  5.1186e-95
  8026  4.2478e-95
  8029  3.7120e-95
  8030  4.0583e-95
  8032  4.2666e-95
  8035  3.8387e-95
  8037  3.6653e-95
  8040  3.1289e-95
  8043  2.5873e-95
  8045  2.7743e-95
  8047  2.9440e-95
  8049  3.1861e-95
  8051  3.1057e-95
  8053  2.9270e-95
  8056  2.3749e-95
  8058  2.5855e-95
  8059  2.5847e-95
  8061  2.1843e-95
  8062  2.1138e-95
  8064  2.1307e-95
  8067  1.7818e-95
  8070  1.7769e-95
  8071  1.4902e-95
  8073  1.3782e-95
  8074  1.1203e-95
  8075  1.2156e-95
  8076  9.7905e-96
  8079  8.7181e-96
  8081  9.3788e-96
  8082  9.4850e-96
  8083  8.2423e-96
  8086  8.4639e-96
  8088  9.0925e-96
  8090  7.6652e-96
  8092  6.6100e-96
  8093  6.8552e-96
  8095  6.8876e-96
  8097  6.9537e-96
  8098  7.2119e-96
  8099  7.7386e-96
  8102  6.7677e-96
  8103  5.4630e-96
  8105  5.0369e-96
  8106  4.2683e-96
  8107  3.9410e-96
  8108  3.6373e-96
  8109  3.4804e-96
  8111  3.7399e-96
  8112  3.8090e-96
  8115  3.5428e-96
  8117  3.8681e-96
  8120  3.7728e-96
  8122  3.3139e-96
  8125  3.1378e-96
  8128  2.5468e-96
  8131  2.7132e-96
  8134  2.7779e-96
  8137  2.4761e-96
  8140  2.5594e-96
  8141  2.6697e-96
  8143  2.1840e-96
  8144  1.7993e-96
  8147  1.6584e-96
  8149  1.4915e-96
  8152  1.2675e-96
  8154  1.0767e-96
  8155  8.9686e-97
  8156  8.2756e-97
  8159  7.1383e-97
  8162  5.8217e-97
  8163  5.5086e-97
  8165  4.5208e-97
  8167  4.4615e-97
  8170  4.0021e-97
  8171  3.3799e-97
  8172  3.6814e-97
  8174  3.8616e-97
  8177  4.1721e-97
  8180  3.6789e-97
  8182  3.1469e-97
  8183  2.7022e-97
  8185  2.7605e-97
  8188  2.2742e-97
  8190  1.8782e-97
  8191  1.9301e-97
  8192  1.8774e-97
  8193  1.6758e-97
  8194  1.6680e-97
  8197  1.6426e-97
  8200  1.7037e-97
  8201  1.6797e-97
  8204  1.4096e-97
  8206  1.3814e-97
  8209  1.1842e-97
  8211  1.2922e-97
  8212  1.4179e-97
  8214  1.1845e-97
  8217  1.2348e-97
  8219  1.0318e-97
  8222  8.4485e-98
  8224  8.9941e-98
  8227  7.8509e-98
  8230  8.3090e-98
  8231  7.8982e-98
  8232  6.7296e-98
  8235  5.9328e-98
  8238  4.7855e-98
  8239  4.7681e-98
  8240  5.0610e-98
  8243  4.7114e-98
  8245  3.9975e-98
  8247  3.8729e-98
  8250  3.3623e-98
  8252  3.0454e-98
  8254  2.6807e-98
  8256  2.9071e-98
  8257  2.7878e-98
  8260  2.9280e-98
  8261  2.9353e-98
  8264  2.6041e-98
  8266  2.6939e-98
  8267  2.6402e-98
  8268  2.6339e-98
  8270  2.8620e-98
  8273  2.5831e-98
  8276  2.2362e-98
  8278  2.4461e-98
  8279  2.3147e-98
  8280  2.1815e-98
  8282  1.8693e-98
  8285  1.6848e-98
  8287  1.6048e-98
  8290  1.4605e-98
  8291  1.3836e-98
  8293  1.2363e-98
  8295  1.0677e-98
  8298  1.0558e-98
  8299  1.1287e-98
  8300  9.3244e-99
  8302  9.7341e-99
  8305  9.7722e-99
  8308  9.7706e-99
  8309  1.0194e-98
  8310  9.3319e-99
  8313  8.1856e-99
  8315  6.9963e-99
  8318  6.9948e-99
  8319  6.5641e-99
  8322  5.3429e-99
  8325  4.3865e-99
  8327  4.8162e-99
  8330  3.8680e-99
  8331  3.3717e-99
  8334  2.9938e-99
  8335  2.4028e-99
  8337  2.5569e-99
  8340  2.7549e-99
  8341  2.7198e-99
  8343  2.9726e-99
  8345  2.6641e-99
  8347  2.1976e-99
  8348  1.9192e-99
  8351  1.8006e-99
  8354  1.6519e-99
  8356  1.6823e-99
  8357  1.4235e-99
  8360  1.4729e-99
  8361  1.2465e-99
  8363  1.3580e-99
  8365  1.1608e-99
  8368  1.1027e-99
  8371  9.9697e-100
  8374  8.9989e-100
  8375  8.4221e-100
  8377  8.3283e-100
  8379  8.1783e-100
  8382  8.2981e-100
  8385  7.4639e-100
  8388  7.3357e-100
  8390  6.5168e-100
  8393  6.0085e-100
  8396  6.0049e-100
  8398  4.9191e-100
  8401  5.0689e-100
  8403  5.1735e-100
  8406  5.3480e-100
  8409  4.6113e-100
  8412  4.0279e-100
  8415  4.4126e-100
  8418  4.3938e-100
  8419  4.0344e-100
  8420  3.4325e-100
  8423  3.1055e-100
  8425  2.6016e-100
  8428  2.2539e-100
  8431  2.4410e-100
  8432  2.6086e-100
  8434  2.7826e-100
  8435  2.3481e-100
  8437  2.1717e-100
  8440  2.3190e-100
  8443  2.1196e-100
  8446  1.9534e-100
  8447  1.8021e-100
  8448  1.5626e-100
  8449  1.3353e-100
  8451  1.3625e-100
  8453  1.3145e-100
  8456  1.3334e-100
  8458  1.1961e-100
  8459  1.0481e-100
  8462  1.1265e-100
  8465  9.3047e-101
  8467  9.1631e-101
  8469  9.6743e-101
  8471  1.0629e-100
  8473  1.1107e-100
  8476  9.6913e-101
  8477  9.4639e-101
  8478  9.6059e-101
  8480  9.6270e-101
  8482  8.1613e-101
  8485  7.7305e-101
  8488  8.2447e-101
  8491  8.2225e-101
  8494  7.8598e-101
  8497  6.5899e-101
  8500  5.6018e-101
  8502  5.6424e-101
  8504  6.0903e-101
  8506  5.3543e-101
  8507  5.0135e-101
  8508  5.3231e-101
  8511  4.6046e-101
  8514  4.2150e-101
  8516  3.7151e-101
  8518  3.3165e-101
  8520  3.2005e-101
  8523  3.5041e-101
  8524  3.0635e-101
  8526  3.2201e-101
  8528  2.7335e-101
  8529  2.8774e-101
  8531  2.7294e-101
  8534  2.6770e-101
  8536  2.6177e-101
  8538  2.5424e-101
  8541  2.4315e-101
  8542  2.4379e-101
  8543  2.0589e-101
  8544  1.9188e-101
  8545  2.0428e-101
  8547  1.7581e-101
  8550  1.7235e-101
  8551  1.4834e-101
  8552  1.1938e-101
  8555  1.1336e-101
  8556  1.1566e-101
  8558  1.0233e-101
  8560  9.5469e-102
  8563  1.0441e-101
  8566  9.5519e-102
  8568  1.0086e-101
  8571  1.0367e-101
  8573  9.2222e-102
  8576  8.3574e-102
  8578  7.1424e-102
  8581  5.7532e-102
  8582  6.1263e-102
  8584  5.6808e-102
  8585  6.1172e-102
  8588  6.5495e-102
  8590  6.8398e-102
  8593  6.2258e-102
  8594  5.8403e-102
  8597  5.2744e-102
  8598  4.4340e-102
  8600  3.8227e-102
  8603  3.0627e-102
  8606  2.6923e-102
  8607  2.6291e-102
  8609  2.1169e-102
  8610  2.2076e-102
  8611  2.4160e-102
  8612  2.1327e-102
  8614  2.3449e-102
  8615  2.2489e-102
  8616  2.2163e-102
  8619  2.2850e-102
  8621  2.3799e-102
  8623  2.6172e-102
  8624  2.1250e-102
  8626  2.0180e-102
  8629  1.8942e-102
  8631  2.0045e-102
  8634  2.0620e-102
  8636  1.8046e-102
  8638  1.6622e-102
  8641  1.6324e-102
  8642  1.6168e-102
  8643  1.4819e-102
  8646  1.3083e-102
  8647  1.1167e-102
  8648  1.1038e-102
  8649  1.1694e-102
  8651  1.1090e-102
  8653  1.0029e-102
  8655  9.7592e-103
  8657  8.3873e-103
  8659  8.2490e-103
  8662  8.9103e-103
  8664  9.5089e-103
  8666  8.8617e-103
  8667  7.5279e-103
  8669  7.6272e-103
  8671  6.7764e-103
  8673  6.9152e-103
  8676  7.2708e-103
  8678  6.2007e-103
  8681  6.6575e-103
  8684  6.2144e-103
  8686  6.8099e-103
  8688  7.4456e-103
  8691  7.6590e-103
  8694  7.2850e-103
  8697  6.9100e-103
  8698  6.0445e-103
  8699  6.0445e-103
  8700  5.1118e-103
  8701  5.2140e-103
  8702  4.6959e-103
  8703  4.1500e-103
  8705  3.8542e-103
  8706  3.7155e-103
  8707  3.7093e-103
  8709  3.0788e-103
  8710  3.1223e-103
  8711  2.5377e-103
  8714  2.3932e-103
  8716  1.9654e-103
  8719  1.6481e-103
  8721  1.8090e-103
  8723  1.9309e-103
  8725  1.8984e-103
  8726  1.8684e-103
  8729  1.5880e-103
  8732  1.3642e-103
  8735  1.1861e-103
  8736  1.1601e-103
  8739  9.3363e-104
  8740  8.7528e-104
  8743  9.3808e-104
  8745  9.9975e-104
  8747  9.7905e-104
  8749  8.3358e-104
  8750  6.7901e-104
  8751  6.7022e-104
  8752  7.0266e-104
  8755  7.4292e-104
  8757  7.8537e-104
  8760  6.7996e-104
  8763  7.0938e-104
  8764  5.8879e-104
  8765  4.9405e-104
  8766  4.0795e-104
  8768  4.1082e-104
  8771  3.4292e-104
  8774  2.9064e-104
  8777  2.5422e-104
  8779  2.1430e-104
  8782  1.8284e-104
  8784  1.5726e-104
  8787  1.4630e-104
  8790  1.2626e-104
  8792  1.2514e-104
  8795  1.0935e-104
  8796  9.8903e-105
  8799  8.1500e-105
  8801  8.2581e-105
  8802  7.5239e-105
  8804  6.7768e-105
  8805  7.2736e-105
  8808  6.7586e-105
  8810  5.8993e-105
  8812  5.8210e-105
  8814  6.0039e-105
  8816  5.4382e-105
  8818  5.5832e-105
  8821  5.4491e-105
  8822  4.4213e-105
  8825  3.9363e-105
  8827  4.3248e-105
  8828  4.7317e-105
  8830  3.8736e-105
  8831  3.6133e-105
  8832  3.6636e-105
  8834  3.5950e-105
  8835  2.9601e-105
  8836  2.7058e-105
  8839  2.8160e-105
  8842  2.5439e-105
  8844  2.2756e-105
  8846  1.9095e-105
  8847  1.7158e-105
  8848  1.3978e-105
  8849  1.1906e-105
  8851  1.0466e-105
  8852  1.0034e-105
  8855  1.0995e-105
  8858  8.8939e-106
  8861  8.5906e-106
  8862  7.4506e-106
  8865  7.3959e-106
  8867  8.0445e-106
  8868  6.5665e-106
  8869  6.6102e-106
  8872  5.3912e-106
  8873  4.8221e-106
  8874  3.9037e-106
  8875  3.9958e-106
  8876  3.5625e-106
  8877  3.7656e-106
  8879  3.7768e-106
  8880  3.5370e-106
  8883  2.8340e-106
  8884  2.6421e-106
  8887  2.6462e-106
  8889  2.6821e-106
  8892  2.4571e-106
  8895  2.2098e-106
  8898  2.1348e-106
  8900  1.8195e-106
  8901  1.4723e-106
  8902  1.5430e-106
  8904  1.3114e-106
  8907  1.4260e-106
  8908  1.1687e-106
  8909  9.9142e-107
  8911  9.5953e-107
  8913  8.9420e-107
  8914  9.8095e-107
  8916  9.8184e-107
  8917  1.0183e-106
  8918  1.0414e-106
  8919  8.4807e-107
  8922  8.2999e-107
  8925  8.6953e-107
  8927  8.4822e-107
  8929  7.3044e-107
  8931  7.4888e-107
  8933  6.0725e-107
  8935  5.9143e-107
  8936  5.4536e-107
  8939  5.6293e-107
  8941  5.8360e-107
  8944  6.3895e-107
  8945  6.3561e-107
  8947  5.3982e-107
  8949  4.7581e-107
  8952  4.8513e-107
  8953  4.3214e-107
  8956  4.6515e-107
  8959  5.0232e-107
  8961  4.8754e-107
  8962  4.8366e-107
  8965  4.3521e-107
  8967  4.4050e-107
  8969  4.7514e-107
  8970  5.1922e-107
  8973  4.4492e-107
  8974  4.3878e-107
  8977  3.5279e-107
  8978  3.1544e-107
  8980  2.8653e-107
  8983  2.9214e-107
  8984  2.7531e-107
  8985  2.4989e-107
  8987  2.5657e-107
  8989  2.0705e-107
  8992  1.8242e-107
  8995  1.8039e-107
  8997  1.9022e-107
