     1  1.0000e+02
     4  9.5850e+01
     7  1.0238e+02
     9  8.7282e+01
    11  7.2313e+01
    14  6.7725e+01
    15  5.6879e+01
    18  5.4464e+01
    21  5.3834e+01
    23  5.4049e+01
    26  5.6296e+01
    28  4.8100e+01
    31  5.1678e+01
    33  4.1460e+01
    34  3.3330e+01
    37  2.9566e+01
    39  3.2157e+01
    40  3.2120e+01
    42  2.6811e+01
    44  2.4581e+01
    46  2.5433e+01
    48  2.7806e+01
    49  3.0279e+01
    51  2.7121e+01
    53  2.5287e+01
    55  2.0617e+01
    58  1.7334e+01
    59  1.4315e+01
    62  1.4047e+01
    65  1.2691e+01
    67  1.0981e+01
    70  9.1279e+00
    71  9.9715e+00
    74  8.5358e+00
    75  7.3687e+00
    77  7.7485e+00
    78  7.2553e+00
    80  7.5522e+00
    83  7.8868e+00
    86  6.7645e+00
    87  7.2814e+00
    90  7.8441e+00
    92  7.1640e+00
    95  6.6981e+00
    97  5.8395e+00
   100  4.7924e+00
   102  5.2651e+00
   104  4.9684e+00
   106  5.2387e+00
   109  5.2842e+00
   110  5.5273e+00
   112  5.3760e+00
   115  5.2381e+00
   118  5.3303e+00
   121  5.8456e+00
   123  5.5687e+00
   124  6.0241e+00
   127  6.3276e+00
   130  6.5657e+00
   132  6.2658e+00
   134  5.2743e+00
   137  4.2590e+00
   138  4.4531e+00
   141  4.4278e+00
   142  4.5805e+00
   145  3.7068e+00
   148  3.4548e+00
   149  3.6232e+00
   151  2.9024e+00
   152  3.0409e+00
   154  2.9391e+00
   156  2.6637e+00
   158  2.5930e+00
   161  2.2517e+00
   162  2.0119e+00
   163  1.8628e+00
   166  1.5962e+00
   168  1.6819e+00
   171  1.3631e+00
   173  1.4826e+00
   174  1.5355e+00
   177  1.6521e+00
   178  1.7024e+00
   181  1.5738e+00
   182  1.3138e+00
   185  1.4362e+00
   187  1.3871e+00
   190  1.1132e+00
   191  1.0304e+00
   193  1.1231e+00
   196  9.2437e-01
   199  9.0432e-01
   201  7.8358e-01
   204  8.4324e-01
   207  8.0059e-01
   208  8.7914e-01
   211  7.4825e-01
   214  6.3833e-01
   216  6.5124e-01
   219  6.3004e-01
   222  5.5545e-01
   224  4.9121e-01
   227  4.2061e-01
   229  3.3766e-01
   230  3.3425e-01
   232  3.1763e-01
   234  3.0820e-01
   235  2.6650e-01
   237  2.5525e-01
   240  2.1297e-01
   243  2.0093e-01
   245  1.6798e-01
   247  1.7873e-01
   248  1.6023e-01
   249  1.6587e-01
   250  1.7566e-01
   253  1.5298e-01
   254  1.3925e-01
   255  1.4759e-01
   258  1.2172e-01
   259  1.2461e-01
   262  1.3128e-01
   263  1.1327e-01
   265  1.0236e-01
   268  8.8087e-02
   270  8.0702e-02
   271  8.1979e-02
   274  7.6903e-02
   276  7.8210e-02
   278  7.3095e-02
   281  6.5608e-02
   283  6.1318e-02
   285  5.7754e-02
   288  5.3412e-02
   290  5.6873e-02
   293  5.4922e-02
   295  5.5675e-02
   296  5.5899e-02
   299  6.1463e-02
   301  6.1831e-02
   302  5.6067e-02
   304  5.5831e-02
   307  4.8865e-02
   309  4.7277e-02
   311  4.7925e-02
   313  4.8915e-02
   316  4.3987e-02
   317  4.2636e-02
   318  4.5323e-02
   319  4.8690e-02
   322  4.3913e-02
   325  4.4490e-02
   328  4.1856e-02
   331  4.0262e-02
   332  3.4224e-02
   333  3.3804e-02
   335  2.7120e-02
   338  2.6039e-02
   340  2.8024e-02
   343  2.6780e-02
   344  2.7114e-02
   345  2.7674e-02
   348  2.3183e-02
   350  2.0286e-02
   351  2.0754e-02
   354  1.9703e-02
   356  1.7415e-02
   358  1.5386e-02
   360  1.5564e-02
   361  1.2579e-02
   363  1.1216e-02
   366  9.4429e-03
   368  9.9034e-03
   369  9.9084e-03
   372  1.0613e-02
   373  9.1574e-03
   374  9.8988e-03
   376  8.2685e-03
   377  8.2382e-03
   378  8.6169e-03
   379  9.2445e-03
   381  9.5045e-03
   382  8.3847e-03
   383  8.8953e-03
   385  9.6633e-03
   388  7.8647e-03
   389  6.9231e-03
   392  7.1372e-03
   394  7.3969e-03
   396  5.9429e-03
   399  5.0358e-03
   402  5.0830e-03
   404  4.9289e-03
   406  4.3093e-03
   409  3.8764e-03
   410  3.1120e-03
   411  3.0259e-03
   414  3.3225e-03
   417  3.0365e-03
   419  2.9900e-03
   421  2.5906e-03
   423  2.3065e-03
   424  2.0834e-03
   425  2.0469e-03
   428  2.0886e-03
   431  1.9738e-03
   433  1.9046e-03
   435  1.6020e-03
   438  1.3801e-03
   441  1.2596e-03
   444  1.1213e-03
   445  9.8411e-04
   448  9.4014e-04
   449  9.0534e-04
   452  7.8212e-04
   453  6.9726e-04
   455  6.3925e-04
   458  5.6403e-04
   460  5.7183e-04
   461  5.1490e-04
   463  5.5012e-04
   465  5.5175e-04
   466  5.2152e-04
   469  4.5898e-04
   471  4.8041e-04
   474  4.5642e-04
   477  3.8135e-04
   478  3.2315e-04
   481  2.7006e-04
   483  2.2607e-04
   486  2.4123e-04
   487  2.2364e-04
   488  2.0459e-04
   490  2.1108e-04
   493  1.7098e-04
   494  1.7433e-04
   495  1.5734e-04
   498  1.5842e-04
   500  1.5397e-04
   503  1.4654e-04
   505  1.4710e-04
   507  1.3155e-04
   510  1.1834e-04
   512  9.8368e-05
   513  9.4331e-05
   514  8.2145e-05
   517  8.5931e-05
   519  7.6494e-05
   521  7.5620e-05
   522  7.0140e-05
   525  7.5815e-05
   528  8.0367e-05
   531  7.1418e-05
   533  6.9623e-05
   535  6.3737e-05
   538  6.0484e-05
   541  5.1715e-05
   543  4.6546e-05
   545  3.8185e-05
   548  3.9216e-05
   551  3.8592e-05
   553  3.5560e-05
   555  3.1128e-05
   558  2.8551e-05
   561  2.6115e-05
   563  2.3923e-05
   564  1.9252e-05
   565  2.0652e-05
   566  2.2050e-05
   568  1.9519e-05
   569  1.6084e-05
   570  1.3913e-05
   571  1.1612e-05
   574  1.2432e-05
   575  1.2862e-05
   576  1.2504e-05
   577  1.1145e-05
   580  1.1021e-05
   582  1.1543e-05
   584  1.0835e-05
   585  1.0921e-05
   588  1.0523e-05
   590  9.5926e-06
   591  9.5737e-06
   593  8.4771e-06
   596  8.1349e-06
   597  8.6042e-06
   599  7.0505e-06
   602  6.0566e-06
   603  6.0107e-06
   604  5.8841e-06
   607  5.0896e-06
   610  4.9953e-06
   613  4.4011e-06
   615  3.9579e-06
   617  4.2662e-06
   618  3.8093e-06
   621  3.2428e-06
   622  2.7834e-06
   625  2.6093e-06
   627  2.8494e-06
   630  3.0916e-06
   632  3.3627e-06
   635  2.7903e-06
   636  2.7683e-06
   637  2.4716e-06
   638  2.3051e-06
   640  2.4284e-06
   641  2.2585e-06
   643  2.3256e-06
   644  2.2447e-06
   646  1.9631e-06
   647  1.7575e-06
   650  1.6180e-06
   651  1.3000e-06
   652  1.2501e-06
   654  1.1011e-06
   655  1.0406e-06
   656  1.0024e-06
   657  9.0186e-07
   659  7.9996e-07
   662  8.2043e-07
   665  8.2403e-07
   667  7.6763e-07
   668  8.1377e-07
   669  7.5729e-07
   671  6.8966e-07
   672  7.5404e-07
   675  8.2848e-07
   678  7.5197e-07
   680  6.7038e-07
   682  7.2964e-07
   685  6.9287e-07
   688  7.2908e-07
   690  7.4562e-07
   691  7.5047e-07
   693  6.9620e-07
   696  7.1639e-07
   698  6.3553e-07
   699  6.1898e-07
   700  6.0148e-07
   703  5.5533e-07
   704  5.6597e-07
   706  4.9218e-07
   708  4.7018e-07
   709  4.9578e-07
   712  4.7531e-07
   713  3.8398e-07
   714  4.1208e-07
   715  4.3655e-07
   718  4.6245e-07
   720  4.9651e-07
   721  4.4589e-07
   724  4.8449e-07
   727  5.1339e-07
   728  4.9678e-07
   731  4.1117e-07
   732  4.3840e-07
   734  4.4914e-07
   736  4.3617e-07
   739  4.5469e-07
   741  4.2091e-07
   744  3.3811e-07
   747  3.0785e-07
   748  3.3144e-07
   749  2.8134e-07
   751  3.0851e-07
   754  3.1815e-07
   756  3.2692e-07
   758  3.3655e-07
   761  2.7673e-07
   764  2.8793e-07
   765  2.4755e-07
   768  2.7199e-07
   769  2.2746e-07
   772  2.3564e-07
   774  2.3245e-07
   777  2.0123e-07
   778  1.8458e-07
   780  1.5766e-07
   781  1.7190e-07
   783  1.5175e-07
   786  1.4582e-07
   787  1.2793e-07
   790  1.2020e-07
   793  9.7037e-08
   795  9.0916e-08
   797  7.4453e-08
   798  6.9355e-08
   800  6.1689e-08
   803  5.9935e-08
   805  6.0486e-08
   807  6.3524e-08
   810  6.0497e-08
   811  5.7588e-08
   814  5.2089e-08
   816  4.6329e-08
   817  4.7071e-08
   819  4.4965e-08
   821  4.4533e-08
   822  4.2406e-08
   824  3.4087e-08
   826  3.1022e-08
   828  3.3176e-08
   831  3.0085e-08
   834  2.7450e-08
   837  3.0105e-08
   838  2.9940e-08
   840  2.4346e-08
   841  2.4189e-08
   843  2.3638e-08
   845  2.2975e-08
   847  2.4157e-08
   849  2.2143e-08
   850  2.0306e-08
   851  1.7100e-08
   852  1.8540e-08
   853  1.9279e-08
   854  1.9433e-08
   855  1.9225e-08
   857  1.6236e-08
   859  1.5348e-08
   860  1.5870e-08
   863  1.3259e-08
   865  1.2140e-08
   868  1.1472e-08
   870  1.1870e-08
   871  1.2228e-08
   874  1.2188e-08
   875  1.1895e-08
   876  1.2232e-08
   877  1.3436e-08
   880  1.3963e-08
   883  1.3999e-08
   886  1.3276e-08
   887  1.2026e-08
   889  1.0404e-08
   890  1.1129e-08
   892  9.9590e-09
   894  8.9026e-09
   896  9.1476e-09
   898  7.4744e-09
   900  7.4440e-09
   903  7.5663e-09
   906  6.6444e-09
   908  6.5676e-09
   910  5.7296e-09
   911  6.1509e-09
   912  5.4137e-09
   913  5.3022e-09
   914  4.8163e-09
   916  4.0616e-09
   917  3.5794e-09
   919  3.0485e-09
   922  3.2671e-09
   924  3.1639e-09
   926  2.6471e-09
   927  2.2270e-09
   929  2.1797e-09
   930  1.7842e-09
   931  1.8605e-09
   934  1.6514e-09
   937  1.3491e-09
   938  1.2824e-09
   939  1.1291e-09
   942  1.1476e-09
   943  1.2225e-09
   944  1.0535e-09
   946  1.0750e-09
   949  1.1324e-09
   950  1.1567e-09
   952  1.2445e-09
   954  1.3003e-09
   955  1.1309e-09
   957  1.0307e-09
   958  1.0121e-09
   961  1.0091e-09
   962  1.0956e-09
   964  8.9976e-10
   966  7.3768e-10
   967  7.5723e-10
   970  6.8238e-10
   972  7.4910e-10
   975  6.2834e-10
   976  5.6593e-10
   977  5.9021e-10
   979  6.3571e-10
   981  6.7154e-10
   983  5.3724e-10
   986  5.5324e-10
   989  5.0260e-10
   991  5.3834e-10
   993  4.5578e-10
   996  4.8764e-10
   997  4.6969e-10
  1000  4.6920e-10
  1003  4.4695e-10
  1005  4.6229e-10
  1006  4.0620e-10
  1008  4.1022e-10
  1010  4.4737e-10
  1013  3.6590e-10
  1014  3.4304e-10
  1016  2.8488e-10
  1019  2.3887e-10
  1021  2.2932e-10
  1022  2.4626e-10
  1025  2.3614e-10
  1028  2.4370e-10
  1030  2.4597e-10
  1031  2.4146e-10
  1034  2.3055e-10
  1036  2.3198e-10
  1038  2.4814e-10
  1040  2.4261e-10
  1042  2.2080e-10
  1044  2.2736e-10
  1047  2.0901e-10
  1048  1.9643e-10
  1049  1.7407e-10
  1052  1.5682e-10
  1054  1.2555e-10
  1055  1.1800e-10
  1057  1.2355e-10
  1060  1.0156e-10
  1061  1.0987e-10
  1063  9.7610e-11
  1066  7.9155e-11
  1069  8.6617e-11
  1070  7.1456e-11
  1071  5.8338e-11
  1072  6.3942e-11
  1074  5.5824e-11
  1077  4.5580e-11
  1078  4.9266e-11
  1080  4.1802e-11
  1081  4.3178e-11
  1084  4.3253e-11
  1085  4.1585e-11
  1087  4.1052e-11
  1090  3.9356e-11
  1091  3.6610e-11
  1093  3.0063e-11
  1095  2.6955e-11
  1096  2.7025e-11
  1099  2.3905e-11
  1102  2.0054e-11
  1103  1.8544e-11
  1106  1.6107e-11
  1109  1.4825e-11
  1110  1.3977e-11
  1113  1.2240e-11
  1114  1.3110e-11
  1116  1.0770e-11
  1119  1.0036e-11
  1120  1.0478e-11
  1123  9.2324e-12
  1124  7.7297e-12
  1126  8.0672e-12
  1127  7.3236e-12
  1130  7.9815e-12
  1131  8.4137e-12
  1133  8.6057e-12
  1135  7.9049e-12
  1138  6.6631e-12
  1141  6.4084e-12
  1144  5.3531e-12
  1145  4.5253e-12
  1148  4.5992e-12
  1149  4.0946e-12
  1152  4.2371e-12
  1153  4.2501e-12
  1156  3.8232e-12
  1157  3.7848e-12
  1159  3.4014e-12
  1160  2.7669e-12
  1163  2.7023e-12
  1166  2.4640e-12
  1167  2.3877e-12
  1168  2.1774e-12
  1170  2.0835e-12
  1172  1.9544e-12
  1175  1.5714e-12
  1176  1.4881e-12
  1178  1.3060e-12
  1179  1.0693e-12
  1180  1.0042e-12
  1183  8.6063e-13
  1184  7.5216e-13
  1186  6.8189e-13
  1188  5.7908e-13
  1189  6.0559e-13
  1190  6.0710e-13
  1191  6.5949e-13
  1194  6.9828e-13
  1197  7.0695e-13
  1198  7.6965e-13
  1201  7.1470e-13
  1204  7.3483e-13
  1205  6.9621e-13
  1207  5.5733e-13
  1209  5.7056e-13
  1212  5.6558e-13
  1214  5.2327e-13
  1215  4.4570e-13
  1217  4.8159e-13
  1220  5.2679e-13
  1221  4.7706e-13
  1222  4.6270e-13
  1223  5.0860e-13
  1225  5.4144e-13
  1226  4.8430e-13
  1229  3.9272e-13
  1232  3.9421e-13
  1233  3.4099e-13
  1235  3.0797e-13
  1238  3.0207e-13
  1239  2.6930e-13
  1240  2.4525e-13
  1242  2.1702e-13
  1243  1.9324e-13
  1245  1.5892e-13
  1247  1.3292e-13
  1248  1.0999e-13
  1250  1.0598e-13
  1253  1.1422e-13
  1256  1.1671e-13
  1259  1.1050e-13
  1260  1.1263e-13
  1261  9.9531e-14
  1263  9.1281e-14
  1266  9.7590e-14
  1267  1.0540e-13
  1270  9.3138e-14
  1273  7.7474e-14
  1274  8.3972e-14
  1276  7.6605e-14
  1279  6.3570e-14
  1282  5.2396e-14
  1283  5.7180e-14
  1285  4.8592e-14
  1287  4.2408e-14
  1288  4.4520e-14
  1289  4.8319e-14
  1291  3.9045e-14
  1293  3.6725e-14
  1296  3.7955e-14
  1297  3.1595e-14
  1299  3.2655e-14
  1301  3.2703e-14
  1304  2.8703e-14
  1306  2.9602e-14
  1309  2.5438e-14
  1310  2.7900e-14
  1312  2.5516e-14
  1315  2.3989e-14
  1317  2.4478e-14
  1318  2.1136e-14
  1319  2.1498e-14
  1320  2.1502e-14
  1322  2.1234e-14
  1323  1.7192e-14
  1324  1.6782e-14
  1326  1.7296e-14
  1327  1.6962e-14
  1330  1.4438e-14
  1331  1.4740e-14
  1332  1.2311e-14
  1333  1.2385e-14
  1335  1.2539e-14
  1338  1.1982e-14
  1341  9.8487e-15
  1342  9.4216e-15
  1345  8.0966e-15
  1346  7.5682e-15
  1349  7.3781e-15
  1350  5.9951e-15
  1352  4.9225e-15
  1353  5.1630e-15
  1354  4.4112e-15
  1355  3.7017e-15
  1357  3.8112e-15
  1358  3.8589e-15
  1361  3.9973e-15
  1362  3.8838e-15
  1364  3.3055e-15
  1367  2.8713e-15
  1368  2.4989e-15
  1370  2.1335e-15
  1373  2.2583e-15
  1374  2.1585e-15
  1375  1.8802e-15
  1378  1.5924e-15
  1380  1.5642e-15
  1382  1.5588e-15
  1384  1.3188e-15
  1386  1.1633e-15
  1389  1.2665e-15
  1390  1.3205e-15
  1391  1.3976e-15
  1394  1.3444e-15
  1397  1.4570e-15
  1398  1.3037e-15
  1401  1.2113e-15
  1403  1.2212e-15
  1406  1.2353e-15
  1409  1.2414e-15
  1410  1.1965e-15
  1412  1.3097e-15
  1414  1.0958e-15
  1417  1.1176e-15
  1418  1.1252e-15
  1419  1.1942e-15
  1421  1.0722e-15
  1424  9.5317e-16
  1427  1.0425e-15
  1428  1.1028e-15
  1429  9.8851e-16
  1430  9.7998e-16
  1433  8.6081e-16
  1436  7.2446e-16
  1439  5.8164e-16
  1440  5.0372e-16
  1441  5.1115e-16
  1444  5.2234e-16
  1446  5.2321e-16
  1449  4.7125e-16
  1450  5.1298e-16
  1453  4.1735e-16
  1455  3.8459e-16
  1456  3.4576e-16
  1459  2.7873e-16
  1460  3.0309e-16
  1462  3.1317e-16
  1464  2.6564e-16
  1467  2.4887e-16
  1469  2.6301e-16
  1472  2.1658e-16
  1473  2.1839e-16
  1474  2.0330e-16
  1475  1.6976e-16
  1476  1.4166e-16
  1479  1.2418e-16
  1482  1.3552e-16
  1484  1.4782e-16
  1487  1.2315e-16
  1488  1.1091e-16
  1489  1.1259e-16
  1490  9.7760e-17
  1493  1.0180e-16
  1495  8.9727e-17
  1496  8.3372e-17
  1497  7.2180e-17
  1498  7.6567e-17
  1501  6.8297e-17
  1502  7.1812e-17
  1504  7.5940e-17
  1505  8.2124e-17
  1507  6.8010e-17
  1510  6.6612e-17
  1512  5.8398e-17
  1513  5.4610e-17
  1515  5.9442e-17
  1518  5.9505e-17
  1520  5.7154e-17
  1521  4.6792e-17
  1522  5.1451e-17
  1525  5.4566e-17
  1528  5.9340e-17
  1529  6.5061e-17
  1531  6.6906e-17
  1533  7.0213e-17
  1534  6.6129e-17
  1535  7.1818e-17
  1536  6.3647e-17
  1537  5.8643e-17
  1540  5.3551e-17
  1541  4.5439e-17
  1543  4.0401e-17
  1546  4.0617e-17
  1549  4.0709e-17
  1550  3.7261e-17
  1551  3.6886e-17
  1554  3.8628e-17
  1557  3.4651e-17
  1559  3.0207e-17
  1560  3.3121e-17
  1561  3.5770e-17
  1563  3.1561e-17
  1564  2.7308e-17
  1566  2.6358e-17
  1568  2.3932e-17
  1571  2.6036e-17
  1574  2.6166e-17
  1576  2.3732e-17
  1577  1.9031e-17
  1580  1.7521e-17
  1583  1.7605e-17
  1586  1.6832e-17
  1587  1.8233e-17
  1589  1.9934e-17
  1591  1.7544e-17
  1592  1.4664e-17
  1594  1.3898e-17
  1595  1.4574e-17
  1597  1.5917e-17
  1600  1.3213e-17
  1601  1.4433e-17
  1603  1.5467e-17
  1605  1.6894e-17
  1606  1.8181e-17
  1608  1.8683e-17
  1609  1.8690e-17
  1612  1.9541e-17
  1614  1.7119e-17
  1617  1.8331e-17
  1619  2.0042e-17
  1622  1.8131e-17
  1624  1.6274e-17
  1626  1.4481e-17
  1629  1.4017e-17
  1632  1.2858e-17
  1633  1.3160e-17
  1634  1.3183e-17
  1637  1.2753e-17
  1638  1.3662e-17
  1640  1.3022e-17
  1642  1.3282e-17
  1644  1.1831e-17
  1646  1.0510e-17
  1648  1.0046e-17
  1650  1.0810e-17
  1653  1.0608e-17
  1655  1.0034e-17
  1658  9.8199e-18
  1659  8.6716e-18
  1660  7.0272e-18
  1662  6.5753e-18
  1663  6.1749e-18
  1664  5.3999e-18
  1667  5.8549e-18
  1670  4.7528e-18
  1671  4.3371e-18
  1674  3.9237e-18
  1675  4.0988e-18
  1678  4.3589e-18
  1680  4.6447e-18
  1683  4.5428e-18
  1686  4.8998e-18
  1689  4.0019e-18
  1692  4.3008e-18
  1694  3.5836e-18
  1695  3.1960e-18
  1697  3.4770e-18
  1698  3.7361e-18
  1701  3.0795e-18
  1702  2.7471e-18
  1703  2.8835e-18
  1706  2.8268e-18
  1709  2.4920e-18
  1712  2.5747e-18
  1714  2.2985e-18
  1716  2.1385e-18
  1719  1.8235e-18
  1720  1.8318e-18
  1721  1.7721e-18
  1723  1.5297e-18
  1726  1.6580e-18
  1729  1.3569e-18
  1732  1.2787e-18
  1735  1.1789e-18
  1736  1.2507e-18
  1737  1.0417e-18
  1738  8.3616e-19
  1740  6.9158e-19
  1742  5.5689e-19
  1744  6.0866e-19
  1747  6.6886e-19
  1750  6.4934e-19
  1752  5.5711e-19
  1755  5.7095e-19
  1758  5.5699e-19
  1760  5.7498e-19
  1761  5.6285e-19
  1762  5.1461e-19
  1765  4.5466e-19
  1766  4.4694e-19
  1767  4.1315e-19
  1768  3.4061e-19
  1769  2.7567e-19
  1772  2.9879e-19
  1775  2.8038e-19
  1776  2.7874e-19
  1779  2.6166e-19
  1781  2.6194e-19
  1782  2.2771e-19
  1785  1.9883e-19
  1788  2.0568e-19
  1789  2.0086e-19
  1792  1.9087e-19
  1795  1.9308e-19
  1797  1.8296e-19
  1799  1.6827e-19
  1801  1.7734e-19
  1803  1.7215e-19
  1805  1.6502e-19
  1806  1.7247e-19
  1808  1.7442e-19
  1811  1.5992e-19
  1812  1.6346e-19
  1813  1.5982e-19
  1814  1.6077e-19
  1817  1.4661e-19
  1820  1.3203e-19
  1821  1.4248e-19
  1824  1.5459e-19
  1826  1.2800e-19
  1827  1.2098e-19
  1829  1.1141e-19
  1830  1.2044e-19
  1833  1.3092e-19
  1834  1.4099e-19
  1836  1.1443e-19
  1839  9.3511e-20
  1842  9.3423e-20
  1845  7.4900e-20
  1847  8.1874e-20
  1850  7.1858e-20
  1853  7.4421e-20
  1854  7.6884e-20
  1856  7.6615e-20
  1857  6.9342e-20
  1858  6.4389e-20
  1860  6.5645e-20
  1862  7.1306e-20
  1863  7.6665e-20
  1866  7.8950e-20
  1868  6.8735e-20
  1869  6.1720e-20
  1871  6.3980e-20
  1873  6.3074e-20
  1874  5.9809e-20
  1877  5.2472e-20
  1880  4.8883e-20
  1882  5.0283e-20
  1883  5.0723e-20
  1884  4.7529e-20
  1887  4.9449e-20
  1889  4.5018e-20
  1890  4.8988e-20
  1891  5.0985e-20
  1893  4.1344e-20
  1895  4.4909e-20
  1896  4.5389e-20
  1897  4.7280e-20
  1899  5.0818e-20
  1902  4.2269e-20
  1903  3.8337e-20
  1906  3.9823e-20
  1907  3.9808e-20
  1908  3.4935e-20
  1911  3.2693e-20
  1913  3.3215e-20
  1914  3.3409e-20
  1915  3.5518e-20
  1917  3.5762e-20
  1920  3.5570e-20
  1921  3.3602e-20
  1923  3.3183e-20
  1926  3.5500e-20
  1929  2.9929e-20
  1932  3.1515e-20
  1933  2.6062e-20
  1935  2.2793e-20
  1936  2.2950e-20
  1938  2.0138e-20
  1941  1.8848e-20
  1943  2.0160e-20
  1946  2.0007e-20
  1948  1.7317e-20
  1949  1.5830e-20
  1951  1.3410e-20
  1953  1.1309e-20
  1954  9.2349e-21
  1956  9.5959e-21
  1958  8.5982e-21
  1960  8.7589e-21
  1962  8.9057e-21
  1964  8.9400e-21
  1967  9.3448e-21
  1970  9.8044e-21
  1972  8.1472e-21
  1973  8.0819e-21
  1974  7.0384e-21
  1975  7.5954e-21
  1978  6.1530e-21
  1979  6.6819e-21
  1982  6.1212e-21
  1984  6.3018e-21
  1987  5.1516e-21
  1989  4.1338e-21
  1991  4.4209e-21
  1992  4.5577e-21
  1994  3.6653e-21
  1997  3.7559e-21
  1999  3.2838e-21
  2001  3.1446e-21
  2002  3.3834e-21
  2004  3.0006e-21
  2005  2.4083e-21
  2008  2.3999e-21
  2010  2.4082e-21
  2012  2.0753e-21
  2015  2.2092e-21
  2017  1.8869e-21
  2020  2.0093e-21
  2021  2.0033e-21
  2022  2.0252e-21
  2023  2.2147e-21
  2025  2.0485e-21
  2028  2.0503e-21
  2031  1.8326e-21
  2032  1.7144e-21
  2035  1.4839e-21
  2037  1.4693e-21
  2039  1.2071e-21
  2041  1.2718e-21
  2044  1.1064e-21
  2047  9.8032e-22
  2049  1.0638e-21
  2052  1.1267e-21
  2053  1.2036e-21
  2054  1.2485e-21
  2056  9.9884e-22
  2059  9.0317e-22
  2061  7.7470e-22
  2064  8.2382e-22
  2065  8.6354e-22
  2068  9.2017e-22
  2069  9.2149e-22
  2072  9.9740e-22
  2074  8.5043e-22
  2076  8.0606e-22
  2079  8.5305e-22
  2081  8.8761e-22
  2084  7.9000e-22
  2085  7.7347e-22
  2088  7.5949e-22
  2091  8.3053e-22
  2093  8.6898e-22
  2095  8.6420e-22
  2097  7.5905e-22
  2100  6.1196e-22
  2101  5.1216e-22
  2104  5.5030e-22
  2107  5.5248e-22
  2108  5.2838e-22
  2109  4.3805e-22
  2112  4.5675e-22
  2114  3.6964e-22
  2116  3.1239e-22
  2119  3.4283e-22
  2121  2.7613e-22
  2124  2.6646e-22
  2126  2.4493e-22
  2127  2.5151e-22
  2128  2.6912e-22
  2130  2.8572e-22
  2131  3.0534e-22
  2132  2.8985e-22
  2134  2.9371e-22
  2137  3.1707e-22
  2139  2.6946e-22
  2140  2.3593e-22
  2142  2.0603e-22
  2144  1.7056e-22
  2146  1.6654e-22
  2149  1.6291e-22
  2152  1.5439e-22
  2153  1.4629e-22
  2155  1.3884e-22
  2156  1.3619e-22
  2158  1.1145e-22
  2161  1.0403e-22
  2162  9.6628e-23
  2163  7.8057e-23
  2164  6.7569e-23
  2166  6.0254e-23
  2168  6.0968e-23
  2171  5.7046e-23
  2174  5.2554e-23
  2175  4.3444e-23
  2178  3.7435e-23
  2180  3.6320e-23
  2182  3.2088e-23
  2185  3.3219e-23
  2187  2.9130e-23
  2188  3.0785e-23
  2191  2.9480e-23
  2192  2.8470e-23
  2195  2.8564e-23
  2197  2.5871e-23
  2200  2.7655e-23
  2201  2.6587e-23
  2203  2.3146e-23
  2206  2.2838e-23
  2208  1.8391e-23
  2209  1.5316e-23
  2211  1.5654e-23
  2212  1.5081e-23
  2213  1.3559e-23
  2214  1.2420e-23
  2215  1.3425e-23
  2218  1.1872e-23
  2221  9.8564e-24
  2223  1.0706e-23
  2225  1.0955e-23
  2227  1.0647e-23
  2230  1.0569e-23
  2233  9.5099e-24
  2234  8.2394e-24
  2235  6.8838e-24
  2236  6.1020e-24
  2237  5.1912e-24
  2238  4.3750e-24
  2241  4.5139e-24
  2243  4.5514e-24
  2246  3.9065e-24
  2247  4.0945e-24
  2250  3.6965e-24
  2251  3.8457e-24
  2252  3.5578e-24
  2254  3.5796e-24
  2255  3.4079e-24
  2256  3.3298e-24
  2259  2.7367e-24
  2260  2.3745e-24
  2263  2.4355e-24
  2264  2.3666e-24
  2267  2.2826e-24
  2269  2.3137e-24
  2270  2.0019e-24
  2273  1.7820e-24
  2275  1.5347e-24
  2278  1.2926e-24
  2280  1.2723e-24
  2281  1.2627e-24
  2282  1.2147e-24
  2284  1.0872e-24
  2287  8.9802e-25
  2289  9.8457e-25
  2291  8.7406e-25
  2294  8.6907e-25
  2295  9.0623e-25
  2296  7.9286e-25
  2298  6.8452e-25
  2300  5.5491e-25
  2302  5.7060e-25
  2304  5.0657e-25
  2307  5.1148e-25
  2308  4.2576e-25
  2309  4.4594e-25
  2310  4.5494e-25
  2312  4.4603e-25
  2313  4.3901e-25
  2315  4.1694e-25
  2317  3.4101e-25
  2318  3.6196e-25
  2320  3.5481e-25
  2323  3.0196e-25
  2324  2.6054e-25
  2327  2.8272e-25
  2330  2.7597e-25
  2332  2.9419e-25
  2335  2.5124e-25
  2337  2.0651e-25
  2339  1.7498e-25
  2342  1.6850e-25
  2345  1.4018e-25
  2346  1.3664e-25
  2348  1.1074e-25
  2350  1.0724e-25
  2352  1.1521e-25
  2353  1.1147e-25
  2356  1.1755e-25
  2359  1.1502e-25
  2360  1.0662e-25
  2361  1.0164e-25
  2364  1.0469e-25
  2367  1.0609e-25
  2368  9.6278e-26
  2371  9.0916e-26
  2374  8.1316e-26
  2375  7.4671e-26
  2378  8.0598e-26
  2380  7.1833e-26
  2383  6.7595e-26
  2385  7.2559e-26
  2386  6.4355e-26
  2389  5.9991e-26
  2392  5.5647e-26
  2393  5.1360e-26
  2395  4.6243e-26
  2396  5.0376e-26
  2397  4.6711e-26
  2399  3.7389e-26
  2402  3.8039e-26
  2404  3.2652e-26
  2406  2.9950e-26
  2407  2.4873e-26
  2410  2.1275e-26
  2412  2.1952e-26
  2415  1.8266e-26
  2417  1.5840e-26
  2418  1.6979e-26
  2421  1.3779e-26
  2424  1.1911e-26
  2425  1.2346e-26
  2426  1.3340e-26
  2429  1.2806e-26
  2432  1.0446e-26
  2435  9.6354e-27
  2437  9.5474e-27
  2438  9.2807e-27
  2441  8.1936e-27
  2444  8.5988e-27
  2446  9.3811e-27
  2448  7.7110e-27
  2449  8.2719e-27
  2451  7.5480e-27
  2452  7.2670e-27
  2453  7.9258e-27
  2456  8.1756e-27
  2458  7.3309e-27
  2461  6.1391e-27
  2464  6.2336e-27
  2465  6.6030e-27
  2468  7.0270e-27
  2471  7.4979e-27
  2473  7.8414e-27
  2476  6.8617e-27
  2479  6.3284e-27
  2480  6.9352e-27
  2481  7.3272e-27
  2482  5.9050e-27
  2484  5.7947e-27
  2485  6.2900e-27
  2488  6.5805e-27
  2490  5.3532e-27
  2491  5.6809e-27
  2494  4.5846e-27
  2495  4.2605e-27
  2498  4.0832e-27
  2500  3.5238e-27
  2502  3.3103e-27
  2504  3.1779e-27
  2507  2.8827e-27
  2510  3.0620e-27
  2511  3.0881e-27
  2513  2.9385e-27
  2515  3.0425e-27
  2517  2.5428e-27
  2519  2.5616e-27
  2520  2.2243e-27
  2522  2.1740e-27
  2523  1.9678e-27
  2525  2.0975e-27
  2528  1.9201e-27
  2530  2.0844e-27
  2533  2.1919e-27
  2534  2.0930e-27
  2536  2.1099e-27
  2537  1.9520e-27
  2540  1.7884e-27
  2543  1.5893e-27
  2545  1.2765e-27
  2548  1.2274e-27
  2551  1.2269e-27
  2554  1.2896e-27
  2557  1.1810e-27
  2559  1.2087e-27
  2560  1.0529e-27
  2563  8.6132e-28
  2566  8.5292e-28
  2567  9.2163e-28
  2570  8.2975e-28
  2572  8.1213e-28
  2574  7.4270e-28
  2575  7.9135e-28
  2578  8.0469e-28
  2580  8.8345e-28
  2581  7.5047e-28
  2582  6.4053e-28
  2583  6.4778e-28
  2584  6.2444e-28
  2586  5.3619e-28
  2589  5.0485e-28
  2592  4.2030e-28
  2595  3.7118e-28
  2596  3.6226e-28
  2599  3.8589e-28
  2602  3.6666e-28
  2605  3.1504e-28
  2608  2.7038e-28
  2611  2.6637e-28
  2613  2.7852e-28
  2616  2.3530e-28
  2618  2.2029e-28
  2621  2.3027e-28
  2622  2.3571e-28
  2625  2.1894e-28
  2627  1.9019e-28
  2629  1.9414e-28
  2632  1.8829e-28
  2633  1.6992e-28
  2634  1.4528e-28
  2635  1.5786e-28
  2637  1.6498e-28
  2640  1.4498e-28
  2643  1.5393e-28
  2646  1.3836e-28
  2647  1.4098e-28
  2649  1.5185e-28
  2650  1.6046e-28
  2651  1.3104e-28
  2652  1.1076e-28
  2653  1.0203e-28
  2656  1.1192e-28
  2658  1.1408e-28
  2661  1.1869e-28
  2663  1.0318e-28
  2665  1.0631e-28
  2666  1.0200e-28
  2667  9.5307e-29
  2668  8.6374e-29
  2669  6.9535e-29
  2670  6.8577e-29
  2672  6.5035e-29
  2673  7.0100e-29
  2675  6.6031e-29
  2676  6.6115e-29
  2678  5.6956e-29
  2679  5.1813e-29
  2681  5.4346e-29
  2684  5.8435e-29
  2686  4.8266e-29
  2687  4.5365e-29
  2689  4.3418e-29
  2691  4.1771e-29
  2694  4.3786e-29
  2696  4.2651e-29
  2697  4.6813e-29
  2700  4.1807e-29
  2702  4.1843e-29
  2703  4.4332e-29
  2706  4.8733e-29
  2707  4.0879e-29
  2710  4.4768e-29
  2711  4.4584e-29
  2712  3.8202e-29
  2715  3.9430e-29
  2718  3.5670e-29
  2720  3.5064e-29
  2723  3.0432e-29
  2726  3.2865e-29
  2728  3.4916e-29
  2729  2.9680e-29
  2730  2.8069e-29
  2732  2.5943e-29
  2735  2.0765e-29
  2738  1.7955e-29
  2741  1.9106e-29
  2742  1.8635e-29
  2745  1.6625e-29
  2746  1.3988e-29
  2749  1.3346e-29
  2750  1.3064e-29
  2751  1.3840e-29
  2752  1.1219e-29
  2753  1.0579e-29
  2755  9.8244e-30
  2756  1.0019e-29
  2757  1.0673e-29
  2759  1.1506e-29
  2762  1.0844e-29
  2764  1.1707e-29
  2767  1.0611e-29
  2768  8.8087e-30
  2771  8.4328e-30
  2774  7.6513e-30
  2777  8.2037e-30
  2779  8.6639e-30
  2782  7.6351e-30
  2785  6.2762e-30
  2787  6.5034e-30
  2790  5.8291e-30
  2793  6.1556e-30
  2796  5.5083e-30
  2798  5.2022e-30
  2800  4.7371e-30
  2801  5.0386e-30
  2802  4.0462e-30
  2805  4.3634e-30
  2808  3.9555e-30
  2809  4.3428e-30
  2811  3.7357e-30
  2812  3.8922e-30
  2815  3.1714e-30
  2817  2.8104e-30
  2819  2.4211e-30
  2820  2.3320e-30
  2821  2.0590e-30
  2824  1.9357e-30
  2826  1.5952e-30
  2828  1.3013e-30
  2830  1.2865e-30
  2831  1.2657e-30
  2832  1.2499e-30
  2835  1.3599e-30
  2836  1.4400e-30
  2839  1.3507e-30
  2841  1.0900e-30
  2843  1.1843e-30
  2844  9.4960e-31
  2847  9.0653e-31
  2848  9.8368e-31
  2851  9.7429e-31
  2852  8.9154e-31
  2853  9.7264e-31
  2855  9.0034e-31
  2857  8.1744e-31
  2859  8.3055e-31
  2861  8.8634e-31
  2862  7.8109e-31
  2863  7.1228e-31
  2866  7.6261e-31
  2869  7.4884e-31
  2870  6.6788e-31
  2873  6.4427e-31
  2876  6.4838e-31
  2878  6.6069e-31
  2881  7.1341e-31
  2884  6.2667e-31
  2887  5.8811e-31
  2888  6.4356e-31
  2890  5.6076e-31
  2891  5.3219e-31
  2893  4.9782e-31
  2895  5.3796e-31
  2898  4.4440e-31
  2899  3.6989e-31
  2900  3.6780e-31
  2901  3.5641e-31
  2904  3.3712e-31
  2906  3.4391e-31
  2909  3.0745e-31
  2910  3.1825e-31
  2912  2.7841e-31
  2914  2.5922e-31
  2917  2.6868e-31
  2920  2.2659e-31
  2923  2.2953e-31
  2924  2.0690e-31
  2926  2.0582e-31
  2928  2.1820e-31
  2930  1.9160e-31
  2933  1.5623e-31
  2934  1.4276e-31
  2935  1.3485e-31
  2937  1.4048e-31
  2939  1.3125e-31
  2941  1.1046e-31
  2942  1.0811e-31
  2943  1.0170e-31
  2944  1.0602e-31
  2947  8.5034e-32
  2950  7.8361e-32
  2952  6.8696e-32
  2954  7.2084e-32
  2957  7.0779e-32
  2960  5.8388e-32
  2963  5.8846e-32
  2966  4.9359e-32
  2967  5.4080e-32
  2968  4.4027e-32
  2970  3.6338e-32
  2971  3.4149e-32
  2974  3.5797e-32
  2977  3.8652e-32
  2980  3.4259e-32
  2981  3.6828e-32
  2984  4.0200e-32
  2985  4.2439e-32
  2988  4.5496e-32
  2991  3.8203e-32
  2994  3.9357e-32
  2995  3.3541e-32
  2998  3.6769e-32
  3001  3.1145e-32
  3003  3.0437e-32
  3005  3.0369e-32
  3008  3.1513e-32
  3010  3.0161e-32
  3011  2.9335e-32
  3013  2.8694e-32
  3014  2.8719e-32
  3016  2.6219e-32
  3019  2.2481e-32
  3020  2.0392e-32
  3022  2.0130e-32
  3023  2.0762e-32
  3024  1.9103e-32
  3025  1.9634e-32
  3027  1.6833e-32
  3029  1.6999e-32
  3030  1.6147e-32
  3033  1.7057e-32
  3035  1.8367e-32
  3036  1.5321e-32
  3037  1.6378e-32
  3040  1.7584e-32
  3042  1.4909e-32
  3044  1.4170e-32
  3046  1.2016e-32
  3047  1.1666e-32
  3049  1.2655e-32
  3051  1.1922e-32
  3053  9.8761e-33
  3054  8.7435e-33
  3055  8.2387e-33
  3058  6.9865e-33
  3060  7.4351e-33
  3063  7.5921e-33
  3066  7.7515e-33
  3068  6.5390e-33
  3071  6.4010e-33
  3073  5.7995e-33
  3076  4.7026e-33
  3078  4.9988e-33
  3079  4.0590e-33
  3080  4.2364e-33
  3081  4.0067e-33
  3083  3.3395e-33
  3086  2.9259e-33
  3089  2.3566e-33
  3091  2.0527e-33
  3094  1.6755e-33
  3095  1.5457e-33
  3097  1.3423e-33
  3099  1.0776e-33
  3102  8.9266e-34
  3103  8.9765e-34
  3106  8.2045e-34
  3108  6.8983e-34
  3109  5.6742e-34
  3111  4.6254e-34
  3112  4.3674e-34
  3115  4.3202e-34
  3118  3.9741e-34
  3119  3.5973e-34
  3122  3.7521e-34
  3124  3.3555e-34
  3127  3.5652e-34
  3129  2.8805e-34
  3131  3.1045e-34
  3132  2.5187e-34
  3135  2.0971e-34
  3137  2.0390e-34
  3138  1.8080e-34
  3139  1.5570e-34
  3140  1.3010e-34
  3143  1.2480e-34
  3144  1.2047e-34
  3146  1.2458e-34
  3148  1.2627e-34
  3150  1.2010e-34
  3153  1.0500e-34
  3154  9.0297e-35
  3156  9.1552e-35
  3158  9.8820e-35
  3161  7.9546e-35
  3163  6.6415e-35
  3166  6.9275e-35
  3167  5.7019e-35
  3169  6.0007e-35
  3171  6.5312e-35
  3174  6.9617e-35
  3176  6.5978e-35
  3179  5.6038e-35
  3180  4.6981e-35
  3181  4.1254e-35
  3184  3.8582e-35
  3186  3.9532e-35
  3189  4.0432e-35
  3191  3.9275e-35
  3192  4.0138e-35
  3194  4.3533e-35
  3195  4.5829e-35
  3196  4.7487e-35
  3197  5.1999e-35
  3199  5.5991e-35
  3202  4.9250e-35
  3204  3.9435e-35
  3206  3.8083e-35
  3209  3.1944e-35
  3212  3.2000e-35
  3213  3.0027e-35
  3214  3.1435e-35
  3215  2.6397e-35
  3218  2.2666e-35
  3219  2.2359e-35
  3220  2.0285e-35
  3223  1.9405e-35
  3225  1.7722e-35
  3226  1.8084e-35
  3228  1.7152e-35
  3230  1.8043e-35
  3231  1.5181e-35
  3232  1.2599e-35
  3233  1.3386e-35
  3236  1.4602e-35
  3238  1.2015e-35
  3241  1.0595e-35
  3243  1.0615e-35
  3246  1.0036e-35
  3249  9.2111e-36
  3251  8.5641e-36
  3252  8.4042e-36
  3255  8.6291e-36
  3256  9.1771e-36
  3258  9.8918e-36
  3259  8.5763e-36
  3262  7.8952e-36
  3264  8.1568e-36
  3265  7.7492e-36
  3268  6.4409e-36
  3269  6.9120e-36
  3272  7.5156e-36
  3274  6.7432e-36
  3276  7.0183e-36
  3278  6.2932e-36
  3281  6.3273e-36
  3283  6.8748e-36
  3284  6.0852e-36
  3287  6.3126e-36
  3288  6.7472e-36
  3291  5.5740e-36
  3292  4.9425e-36
  3293  5.4076e-36
  3295  5.3434e-36
  3296  5.0164e-36
  3299  4.1338e-36
  3301  4.1690e-36
  3302  4.1589e-36
  3304  3.8678e-36
  3305  3.2778e-36
  3308  2.7577e-36
  3310  2.5363e-36
  3311  2.3890e-36
  3312  2.0246e-36
  3313  1.9267e-36
  3314  1.6444e-36
  3316  1.8078e-36
  3319  1.8223e-36
  3322  1.7993e-36
  3323  1.9301e-36
  3324  1.7128e-36
  3327  1.5137e-36
  3330  1.2477e-36
  3331  1.1422e-36
  3333  1.2434e-36
  3335  1.1837e-36
  3337  1.2468e-36
  3339  1.3088e-36
  3341  1.0621e-36
  3344  9.2950e-37
  3347  9.8946e-37
  3349  1.0753e-36
  3350  1.0587e-36
  3353  8.4769e-37
  3356  7.7742e-37
  3357  6.5713e-37
  3360  6.6126e-37
  3363  7.1153e-37
  3366  7.0248e-37
  3367  6.4308e-37
  3370  6.0503e-37
  3372  4.8951e-37
  3375  4.5980e-37
  3377  4.4222e-37
  3379  3.5528e-37
  3382  3.3980e-37
  3385  3.0234e-37
  3388  2.9236e-37
  3389  3.0141e-37
  3391  2.9547e-37
  3394  3.2293e-37
  3395  2.8194e-37
  3396  2.7875e-37
  3398  2.5312e-37
  3401  2.3109e-37
  3403  2.1152e-37
  3406  1.9133e-37
  3409  2.0513e-37
  3412  2.1046e-37
  3415  1.8596e-37
  3418  1.6967e-37
  3421  1.5056e-37
  3424  1.5640e-37
  3425  1.5842e-37
  3426  1.4818e-37
  3429  1.3965e-37
  3430  1.2050e-37
  3431  1.1211e-37
  3434  1.1391e-37
  3437  1.0555e-37
  3440  9.5197e-38
  3442  8.9822e-38
  3443  8.9637e-38
  3445  8.8850e-38
  3448  7.4705e-38
  3451  7.3688e-38
  3452  6.3503e-38
  3453  6.0939e-38
  3456  5.4052e-38
  3458  5.0450e-38
  3460  5.5402e-38
  3463  4.4935e-38
  3464  4.4856e-38
  3467  4.9138e-38
  3470  5.0954e-38
  3471  4.6828e-38
  3472  4.3585e-38
  3474  3.5780e-38
  3476  3.6221e-38
  3479  3.5441e-38
  3481  2.9126e-38
  3484  2.6995e-38
  3485  2.2022e-38
  3488  2.1698e-38
  3489  2.1843e-38
  3492  2.1727e-38
  3495  1.9755e-38
  3497  1.8602e-38
  3499  1.5633e-38
  3502  1.2994e-38
  3504  1.1929e-38
  3505  1.0420e-38
  3507  8.4387e-39
  3508  8.1142e-39
  3510  8.7891e-39
  3513  8.8846e-39
  3515  7.8522e-39
  3516  6.3204e-39
  3518  6.3278e-39
  3520  5.8354e-39
  3521  6.3837e-39
  3524  6.9215e-39
  3526  7.0209e-39
  3527  6.7387e-39
  3529  7.3883e-39
  3531  7.0266e-39
  3533  7.4249e-39
  3536  7.9569e-39
  3537  7.2671e-39
  3538  7.0140e-39
  3541  7.5405e-39
  3542  7.5140e-39
  3543  7.0923e-39
  3544  7.0451e-39
  3545  5.9924e-39
  3548  5.6297e-39
  3550  5.6986e-39
  3553  4.8254e-39
  3554  4.9625e-39
  3556  4.7197e-39
  3559  4.4264e-39
  3561  4.1559e-39
  3562  3.3816e-39
  3565  3.6651e-39
  3568  3.7465e-39
  3571  4.0801e-39
  3572  3.6747e-39
  3575  3.7482e-39
  3578  3.0019e-39
  3579  2.6802e-39
  3581  2.4926e-39
  3583  2.4522e-39
  3584  2.3075e-39
  3587  1.8530e-39
  3588  1.5202e-39
  3589  1.3953e-39
  3591  1.3109e-39
  3592  1.3218e-39
  3594  1.4016e-39
  3595  1.3419e-39
  3597  1.1579e-39
  3599  9.4620e-40
  3602  1.0394e-39
  3604  1.0793e-39
  3607  1.0611e-39
  3609  8.7404e-40
  3611  9.4804e-40
  3613  8.7941e-40
  3614  7.1820e-40
  3617  6.5784e-40
  3620  6.1732e-40
  3623  6.7119e-40
  3625  7.3557e-40
  3626  6.4542e-40
  3629  5.2733e-40
  3632  4.9215e-40
  3635  4.1402e-40
  3636  3.5826e-40
  3637  3.4624e-40
  3638  3.3916e-40
  3640  2.8016e-40
  3643  3.0599e-40
  3644  2.7112e-40
  3647  2.7326e-40
  3650  2.4896e-40
  3653  2.6403e-40
  3655  2.8963e-40
  3657  2.5490e-40
  3659  2.1119e-40
  3661  2.2451e-40
  3663  2.2084e-40
  3666  2.0455e-40
  3669  2.0963e-40
  3671  2.3060e-40
  3672  1.9758e-40
  3674  1.7776e-40
  3677  1.4850e-40
  3679  1.5114e-40
  3681  1.2468e-40
  3683  1.3239e-40
  3685  1.3992e-40
  3686  1.4750e-40
  3687  1.5140e-40
  3688  1.5125e-40
  3690  1.5185e-40
  3693  1.3567e-40
  3694  1.1740e-40
  3696  1.2025e-40
  3698  1.2822e-40
  3699  1.0386e-40
  3700  9.9385e-41
  3701  9.9968e-41
  3702  8.4351e-41
  3705  7.3839e-41
  3708  6.9364e-41
  3711  6.2098e-41
  3712  5.2619e-41
  3714  4.9665e-41
  3716  4.5908e-41
  3719  4.0039e-41
  3721  3.5660e-41
  3722  3.5709e-41
  3723  2.8608e-41
  3725  2.6850e-41
  3727  2.3526e-41
  3729  2.5289e-41
  3730  2.6764e-41
  3733  2.5074e-41
  3735  2.3067e-41
  3736  2.0154e-41
  3738  1.8266e-41
  3741  1.8023e-41
  3743  1.8135e-41
  3744  1.9528e-41
  3747  1.8327e-41
  3749  1.7193e-41
  3752  1.6913e-41
  3754  1.5548e-41
  3755  1.6991e-41
  3757  1.6018e-41
  3758  1.6811e-41
  3759  1.3915e-41
  3760  1.1334e-41
  3761  1.0239e-41
  3763  1.0102e-41
  3765  1.0761e-41
  3766  9.1120e-42
  3769  7.8709e-42
  3771  8.2155e-42
  3772  7.3562e-42
  3775  6.2995e-42
  3777  5.4837e-42
  3779  5.0172e-42
  3781  4.8554e-42
  3783  5.2890e-42
  3784  4.7285e-42
  3786  4.7396e-42
  3788  3.8556e-42
  3789  3.3366e-42
  3792  2.8657e-42
  3793  2.9387e-42
  3796  2.9655e-42
  3799  2.6187e-42
  3802  2.2288e-42
  3804  2.4204e-42
  3805  1.9786e-42
  3806  1.6288e-42
  3809  1.3119e-42
  3810  1.2749e-42
  3812  1.3083e-42
  3814  1.0502e-42
  3817  9.7598e-43
  3820  1.0153e-42
  3822  1.0940e-42
  3825  1.1826e-42
  3827  1.2870e-42
  3830  1.3241e-42
  3831  1.1765e-42
  3834  1.1010e-42
  3837  1.1582e-42
  3838  9.6798e-43
  3841  8.3828e-43
  3842  7.6503e-43
  3843  8.0817e-43
  3845  8.5305e-43
  3848  7.1859e-43
  3849  7.3715e-43
  3850  7.2851e-43
  3853  7.9202e-43
  3855  8.1047e-43
  3858  7.5191e-43
  3860  7.8733e-43
  3861  7.8937e-43
  3863  6.5928e-43
  3866  5.9432e-43
  3869  6.4239e-43
  3872  6.3037e-43
  3875  6.7412e-43
  3878  6.6544e-43
  3879  6.0457e-43
  3881  5.9112e-43
  3883  5.2204e-43
  3885  5.2247e-43
  3888  4.3429e-43
  3891  4.2768e-43
  3894  4.0055e-43
  3895  4.1920e-43
  3897  4.5507e-43
  3900  4.6782e-43
  3901  4.2763e-43
  3903  4.6956e-43
  3906  4.5253e-43
  3908  4.2541e-43
  3911  4.1950e-43
  3913  3.9745e-43
  3914  3.9621e-43
  3916  4.3341e-43
  3919  4.4630e-43
  3921  4.3720e-43
  3922  3.7088e-43
  3924  3.3485e-43
  3925  3.5521e-43
  3926  3.6626e-43
  3928  3.5280e-43
  3930  3.0158e-43
  3931  3.1600e-43
  3932  3.3802e-43
  3935  3.3264e-43
  3936  3.3395e-43
  3938  3.3025e-43
  3941  3.1919e-43
  3944  3.0783e-43
  3946  2.6219e-43
  3947  2.6336e-43
  3948  2.5870e-43
  3950  2.7917e-43
  3953  3.0588e-43
  3956  2.5780e-43
  3957  2.3049e-43
  3959  2.5105e-43
  3960  2.1523e-43
  3962  2.2703e-43
  3965  1.8985e-43
  3966  2.0533e-43
  3967  1.9235e-43
  3968  2.0979e-43
  3970  2.1484e-43
  3972  2.1826e-43
  3974  2.2647e-43
  3975  2.3709e-43
  3977  2.3325e-43
  3979  2.0628e-43
  3982  2.0233e-43
  3984  1.9367e-43
  3986  1.5583e-43
  3989  1.3735e-43
  3992  1.1091e-43
  3993  9.7074e-44
  3995  8.3958e-44
  3998  7.1143e-44
  3999  7.2708e-44
  4000  7.8470e-44
  4002  6.3687e-44
  4004  6.9312e-44
  4007  6.7158e-44
  4008  6.3461e-44
  4011  6.3572e-44
  4014  5.2808e-44
  4016  5.5407e-44
  4019  5.9253e-44
  4020  5.9483e-44
  4023  5.2325e-44
  4025  4.5721e-44
  4026  4.3257e-44
  4027  3.9923e-44
  4030  4.0347e-44
  4033  3.6257e-44
  4035  3.7438e-44
  4038  3.0983e-44
  4039  2.5444e-44
  4042  2.4341e-44
  4045  2.2312e-44
  4048  1.9388e-44
  4049  2.0924e-44
  4050  1.7397e-44
  4051  1.5538e-44
  4053  1.3148e-44
  4056  1.3570e-44
  4059  1.1409e-44
  4061  9.3444e-45
  4062  7.8238e-45
  4064  8.5525e-45
  4065  7.6262e-45
  4067  6.7570e-45
  4068  6.2445e-45
  4070  6.0917e-45
  4072  6.4203e-45
  4075  5.2368e-45
  4077  4.6698e-45
  4079  4.4339e-45
  4080  3.6934e-45
  4082  4.0099e-45
  4083  3.7028e-45
  4086  3.3527e-45
  4088  3.0455e-45
  4091  2.8038e-45
  4093  2.8524e-45
  4096  2.3218e-45
  4098  2.2205e-45
  4099  2.0096e-45
  4100  1.9725e-45
  4101  1.6047e-45
  4103  1.7146e-45
  4104  1.6109e-45
  4107  1.3157e-45
  4109  1.3097e-45
  4111  1.1746e-45
  4113  1.2728e-45
  4114  1.2415e-45
  4117  1.0486e-45
  4118  1.0656e-45
  4121  1.0762e-45
  4123  1.0444e-45
  4126  1.1073e-45
  4127  9.2650e-46
  4130  1.0035e-45
  4131  1.0573e-45
  4133  1.1003e-45
  4134  9.4811e-46
  4137  8.0516e-46
  4138  6.7375e-46
  4139  7.3161e-46
  4140  6.6480e-46
  4142  6.9841e-46
  4143  6.4683e-46
  4144  6.8020e-46
  4145  7.2939e-46
  4148  6.7680e-46
  4149  6.0686e-46
  4151  5.3575e-46
  4152  5.3089e-46
  4155  5.3121e-46
  4158  4.9610e-46
  4160  4.6971e-46
  4161  5.1052e-46
  4163  4.5723e-46
  4164  4.5987e-46
  4166  4.0663e-46
  4168  3.6272e-46
  4169  3.5793e-46
  4170  3.2775e-46
  4171  3.5492e-46
  4173  3.1219e-46
  4174  3.2650e-46
  4176  3.5049e-46
  4177  3.3438e-46
  4178  3.1851e-46
  4179  3.1057e-46
  4181  2.8219e-46
  4182  2.7981e-46
  4185  2.2832e-46
  4187  2.1677e-46
  4189  1.8913e-46
  4191  1.8104e-46
  4192  1.7703e-46
  4194  1.5244e-46
  4197  1.3464e-46
  4198  1.0821e-46
  4200  1.0022e-46
  4203  8.5943e-47
  4206  8.3439e-47
  4208  8.0807e-47
  4210  7.2768e-47
  4212  6.1091e-47
  4213  5.3031e-47
  4215  4.2810e-47
  4216  3.6923e-47
  4218  3.3583e-47
  4221  3.0615e-47
  4224  3.0658e-47
  4226  2.8118e-47
  4227  2.7008e-47
  4228  2.4969e-47
  4231  2.5026e-47
  4233  2.6600e-47
  4235  2.1382e-47
  4236  2.1392e-47
  4239  1.9803e-47
  4242  1.8502e-47
  4244  1.7103e-47
  4245  1.6456e-47
  4247  1.3921e-47
  4250  1.5304e-47
  4253  1.5346e-47
  4255  1.6860e-47
  4258  1.8244e-47
  4259  1.9350e-47
  4260  1.6955e-47
  4263  1.7374e-47
  4266  1.5648e-47
  4267  1.2693e-47
  4268  1.1541e-47
  4270  1.2676e-47
  4272  1.3592e-47
  4275  1.2491e-47
  4278  1.0571e-47
  4279  1.0081e-47
  4280  8.2397e-48
  4281  8.0067e-48
  4282  6.5444e-48
  4285  5.8325e-48
  4287  6.0475e-48
  4288  5.6988e-48
  4290  5.4397e-48
  4291  5.7074e-48
  4294  4.7393e-48
  4295  3.9811e-48
  4296  3.5113e-48
  4298  3.0366e-48
  4301  2.7451e-48
  4302  2.5700e-48
  4304  2.5850e-48
  4307  2.3382e-48
  4308  1.9925e-48
  4310  1.8074e-48
  4312  1.7368e-48
  4313  1.7398e-48
  4315  1.6631e-48
  4318  1.6865e-48
  4319  1.8476e-48
  4322  2.0243e-48
  4325  2.1614e-48
  4326  2.1319e-48
  4327  2.0666e-48
  4329  1.6945e-48
  4332  1.6047e-48
  4334  1.3934e-48
  4335  1.4553e-48
  4337  1.3566e-48
  4338  1.1447e-48
  4340  1.0437e-48
  4343  1.0786e-48
  4346  1.1051e-48
  4349  1.2063e-48
  4352  1.1023e-48
  4354  1.1998e-48
  4355  1.1870e-48
  4358  1.1231e-48
  4360  1.0163e-48
  4363  1.0993e-48
  4366  1.0817e-48
  4369  1.0629e-48
  4370  1.0838e-48
  4371  1.0875e-48
  4373  1.0802e-48
  4375  1.1769e-48
  4378  9.7574e-49
  4380  1.0533e-48
  4382  9.0596e-49
  4384  8.0788e-49
  4385  7.3378e-49
  4388  7.2241e-49
  4391  7.1758e-49
  4394  7.1780e-49
  4397  6.8058e-49
  4399  7.2834e-49
  4400  7.9666e-49
  4403  6.7510e-49
  4406  5.9551e-49
  4407  5.1061e-49
  4410  4.7557e-49
  4413  4.4369e-49
  4416  4.1444e-49
  4419  4.2334e-49
  4421  4.4362e-49
  4422  3.7980e-49
  4423  3.6184e-49
  4426  3.2412e-49
  4429  2.9549e-49
  4431  2.6315e-49
  4433  2.2586e-49
  4434  2.1691e-49
  4437  2.1738e-49
  4440  2.3252e-49
  4443  2.2917e-49
  4446  1.8793e-49
  4449  1.5974e-49
  4450  1.7542e-49
  4451  1.6487e-49
  4453  1.8007e-49
  4456  1.7380e-49
  4457  1.4208e-49
  4459  1.4744e-49
  4461  1.3292e-49
  4462  1.1254e-49
  4465  1.0693e-49
  4468  9.4104e-50
  4470  9.9913e-50
  4471  9.8117e-50
  4473  8.5857e-50
  4476  7.4334e-50
  4477  7.9735e-50
  4480  8.3748e-50
  4481  6.7235e-50
  4482  7.2469e-50
  4485  6.9474e-50
  4486  7.2292e-50
  4487  5.9423e-50
  4488  5.6806e-50
  4489  4.6660e-50
  4491  4.5404e-50
  4494  3.9538e-50
  4496  3.4237e-50
  4499  3.4621e-50
  4500  3.2379e-50
  4502  2.7661e-50
  4503  2.6828e-50
  4506  2.9236e-50
  4507  2.3787e-50
  4510  1.9838e-50
  4512  1.6934e-50
  4514  1.5201e-50
  4516  1.3937e-50
  4518  1.3375e-50
  4520  1.2852e-50
  4523  1.2006e-50
  4526  1.0317e-50
  4527  9.7730e-51
  4530  8.2927e-51
  4532  8.8915e-51
  4534  8.2826e-51
  4535  6.8742e-51
  4538  7.0553e-51
  4540  7.5099e-51
  4541  7.4934e-51
  4544  7.3645e-51
  4545  6.0173e-51
  4548  6.1992e-51
  4550  5.3634e-51
  4553  4.3940e-51
  4554  3.9338e-51
  4556  3.6234e-51
  4559  2.9979e-51
  4562  2.7601e-51
  4565  2.5339e-51
  4567  2.6068e-51
  4568  2.2904e-51
  4571  2.1704e-51
  4574  1.8998e-51
  4576  1.7530e-51
  4577  1.8537e-51
  4579  1.8975e-51
  4581  1.7179e-51
  4582  1.5795e-51
  4585  1.3007e-51
  4586  1.0747e-51
  4587  1.1549e-51
  4590  1.0667e-51
  4592  9.9890e-52
  4593  8.6794e-52
  4596  7.7986e-52
  4599  6.7298e-52
  4600  6.2409e-52
  4602  5.3397e-52
  4604  5.8425e-52
  4607  6.4203e-52
  4609  6.3395e-52
  4610  6.0196e-52
  4612  5.2172e-52
  4615  4.3305e-52
  4617  4.7203e-52
  4620  5.0743e-52
  4621  4.9552e-52
  4623  4.5966e-52
  4626  4.2485e-52
  4627  3.8347e-52
  4628  3.6569e-52
  4630  3.1335e-52
  4633  3.1663e-52
  4634  2.9121e-52
  4637  2.7950e-52
  4639  2.2498e-52
  4642  1.9376e-52
  4643  1.7238e-52
  4644  1.6472e-52
  4647  1.4463e-52
  4648  1.3501e-52
  4650  1.3622e-52
  4653  1.2779e-52
  4656  1.3586e-52
  4659  1.3877e-52
  4662  1.2744e-52
  4664  1.2287e-52
  4667  9.8334e-53
  4668  9.7972e-53
  4669  9.7164e-53
  4671  1.0237e-52
  4674  8.4604e-53
  4677  7.2743e-53
  4679  7.7184e-53
  4682  6.8496e-53
  4684  6.2100e-53
  4686  5.2123e-53
  4688  4.3659e-53
  4690  3.6104e-53
  4693  3.0839e-53
  4695  3.2146e-53
  4698  2.7749e-53
  4700  2.7739e-53
  4703  2.3075e-53
  4706  2.4980e-53
  4709  2.6413e-53
  4712  2.4888e-53
  4715  2.2204e-53
  4718  2.2952e-53
  4719  1.9648e-53
  4720  1.9293e-53
  4721  2.0208e-53
  4723  1.9829e-53
  4724  1.8957e-53
  4727  1.6991e-53
  4730  1.5945e-53
  4732  1.5715e-53
  4734  1.6945e-53
  4735  1.5146e-53
  4738  1.5428e-53
  4741  1.2699e-53
  4743  1.3337e-53
  4744  1.4372e-53
  4745  1.5524e-53
  4748  1.5231e-53
  4749  1.6103e-53
  4752  1.3709e-53
  4755  1.1967e-53
  4758  1.1552e-53
  4761  1.2663e-53
  4762  1.1890e-53
  4764  1.2977e-53
  4767  1.1471e-53
  4769  1.1136e-53
  4772  1.1455e-53
  4774  1.2133e-53
  4775  1.3298e-53
  4776  1.1130e-53
  4779  1.1542e-53
  4780  1.0372e-53
  4781  8.5211e-54
  4784  7.6679e-54
  4786  8.3374e-54
  4788  8.2328e-54
  4791  8.6048e-54
  4793  7.3480e-54
  4795  6.1713e-54
  4797  5.0950e-54
  4800  4.1747e-54
  4802  3.9252e-54
  4804  3.3334e-54
  4805  2.7161e-54
  4806  2.6982e-54
  4807  2.6805e-54
  4808  2.5488e-54
  4809  2.4612e-54
  4811  2.0936e-54
  4812  1.7697e-54
  4814  1.6389e-54
  4817  1.5557e-54
  4818  1.6592e-54
  4820  1.6189e-54
  4821  1.6324e-54
  4824  1.3596e-54
  4825  1.3383e-54
  4828  1.4273e-54
  4830  1.1551e-54
  4832  1.1096e-54
  4834  9.9515e-55
  4835  1.0729e-54
  4837  1.1624e-54
  4838  1.1008e-54
  4840  1.1839e-54
  4841  1.0564e-54
  4843  1.0080e-54
  4844  1.0512e-54
  4846  1.1096e-54
  4847  1.1399e-54
  4848  1.0897e-54
  4851  8.9957e-55
  4854  9.4260e-55
  4857  9.6902e-55
  4858  8.4025e-55
  4859  9.2398e-55
  4860  8.5126e-55
  4863  7.1705e-55
  4866  5.9128e-55
  4869  6.4087e-55
  4870  5.1911e-55
  4871  5.1119e-55
  4873  5.0337e-55
  4876  4.5814e-55
  4877  4.6384e-55
  4880  4.4365e-55
  4881  3.9082e-55
  4884  4.0192e-55
  4887  3.7895e-55
  4890  3.8381e-55
  4892  3.2766e-55
  4895  3.3321e-55
  4897  2.6949e-55
  4898  2.3040e-55
  4901  2.0863e-55
  4902  1.6931e-55
  4905  1.7097e-55
  4907  1.5669e-55
  4908  1.6582e-55
  4911  1.7293e-55
  4913  1.5296e-55
  4914  1.5186e-55
  4917  1.3948e-55
  4918  1.1950e-55
  4921  1.0544e-55
  4924  1.1105e-55
  4927  1.0227e-55
  4928  1.0382e-55
  4930  9.2430e-56
  4932  9.5709e-56
  4933  7.7499e-56
  4935  6.7211e-56
  4938  5.3946e-56
  4939  5.1749e-56
  4940  4.8747e-56
  4941  5.2605e-56
  4942  5.3549e-56
  4945  5.0259e-56
  4948  4.0915e-56
  4950  3.5087e-56
  4953  3.4219e-56
  4956  3.6902e-56
  4957  3.2441e-56
  4959  3.1801e-56
  4960  2.6440e-56
  4962  2.6670e-56
  4964  2.4557e-56
  4966  2.5828e-56
  4967  2.8091e-56
  4968  2.6402e-56
  4971  2.5550e-56
  4973  2.6228e-56
  4975  2.2860e-56
  4977  2.0962e-56
  4979  2.2625e-56
  4982  2.2034e-56
  4985  2.0055e-56
  4986  1.8339e-56
  4989  1.9857e-56
  4992  1.7078e-56
  4993  1.4420e-56
  4996  1.4913e-56
  4998  1.2340e-56
  5001  1.1413e-56
  5003  1.1220e-56
  5006  9.6286e-57
  5008  1.0379e-56
  5010  9.6808e-57
  5011  8.2076e-57
  5014  7.2501e-57
  5015  7.2292e-57
  5017  6.8534e-57
  5019  6.7219e-57
  5021  6.2725e-57
  5022  5.9266e-57
  5024  5.1224e-57
  5026  4.4217e-57
  5028  4.7471e-57
  5029  4.3807e-57
  5031  3.8072e-57
  5033  3.6945e-57
  5034  3.8182e-57
  5036  3.8541e-57
  5037  3.6149e-57
  5039  3.6163e-57
  5041  3.4678e-57
  5043  2.8725e-57
  5045  3.0291e-57
  5048  2.6828e-57
  5049  2.5430e-57
  5051  2.2587e-57
  5054  1.9656e-57
  5057  1.7538e-57
  5060  1.6680e-57
  5061  1.6175e-57
  5062  1.3397e-57
  5063  1.3283e-57
  5064  1.3477e-57
  5067  1.2087e-57
  5069  1.2494e-57
  5071  1.3311e-57
  5074  1.0928e-57
  5077  9.7845e-58
  5079  8.8218e-58
  5080  7.4577e-58
  5082  6.3803e-58
  5085  6.4548e-58
  5088  6.3880e-58
  5089  6.0444e-58
  5090  5.0777e-58
  5093  4.8303e-58
  5095  4.7665e-58
  5098  5.1689e-58
  5101  5.1033e-58
  5103  5.2095e-58
  5104  5.5065e-58
  5106  5.7282e-58
  5109  4.8241e-58
  5111  5.3014e-58
  5112  5.7682e-58
  5114  6.0757e-58
  5117  6.0598e-58
  5119  5.8579e-58
  5122  6.0479e-58
  5125  6.2474e-58
  5128  5.2296e-58
  5130  5.5601e-58
  5132  5.5751e-58
  5135  5.6647e-58
  5137  4.7176e-58
  5140  4.8914e-58
  5142  4.2723e-58
  5145  4.1404e-58
  5147  3.6977e-58
  5150  3.2756e-58
  5151  3.4000e-58
  5152  3.0218e-58
  5153  2.7332e-58
  5154  2.6386e-58
  5157  2.2092e-58
  5159  1.8941e-58
  5162  2.0487e-58
  5163  1.6876e-58
  5166  1.8385e-58
  5169  1.9313e-58
  5170  2.1005e-58
  5171  1.8686e-58
  5172  1.4949e-58
  5175  1.4094e-58
  5176  1.1509e-58
  5178  1.1713e-58
  5181  1.1575e-58
  5182  9.3295e-59
  5184  8.0018e-59
  5186  7.1382e-59
  5188  7.6175e-59
  5190  6.1848e-59
  5192  5.7829e-59
  5194  5.0467e-59
  5195  5.3115e-59
  5198  4.8617e-59
  5199  5.1118e-59
  5200  4.3242e-59
  5202  4.1896e-59
  5205  4.3470e-59
  5207  3.5774e-59
  5208  3.1656e-59
  5211  3.0771e-59
  5212  2.6596e-59
  5214  2.1837e-59
  5215  2.1917e-59
  5218  1.9665e-59
  5220  1.7705e-59
  5222  1.4859e-59
  5225  1.3324e-59
  5228  1.2813e-59
  5229  1.2376e-59
  5232  1.0177e-59
  5233  1.0787e-59
  5235  1.0932e-59
  5236  1.1691e-59
  5237  1.1672e-59
  5240  1.1012e-59
  5243  1.1798e-59
  5244  1.0733e-59
  5247  1.0358e-59
  5250  9.4747e-60
  5253  7.9254e-60
  5255  6.4049e-60
  5256  5.9933e-60
  5257  6.0216e-60
  5260  5.6639e-60
  5261  6.1647e-60
  5262  5.8892e-60
  5265  5.4908e-60
  5266  5.6880e-60
  5269  5.7780e-60
  5271  6.2292e-60
  5274  6.7024e-60
  5275  6.5474e-60
  5277  5.5333e-60
  5279  4.6977e-60
  5280  5.1368e-60
  5283  5.2342e-60
  5285  5.4557e-60
  5287  4.8366e-60
  5289  5.0150e-60
  5291  5.4065e-60
  5294  4.5493e-60
  5296  3.9426e-60
  5297  3.3004e-60
  5299  3.1545e-60
  5302  2.8262e-60
  5305  2.4412e-60
  5306  1.9949e-60
  5307  2.0968e-60
  5308  2.1716e-60
  5310  2.2574e-60
  5313  2.0177e-60
  5315  1.8728e-60
  5316  2.0320e-60
  5318  2.2320e-60
  5320  2.0410e-60
  5322  1.7354e-60
  5323  1.6717e-60
  5326  1.4050e-60
  5329  1.4897e-60
  5331  1.3704e-60
  5332  1.4641e-60
  5334  1.1867e-60
  5336  1.1474e-60
  5337  9.7095e-61
  5339  8.0285e-61
  5340  7.7171e-61
  5343  7.0009e-61
  5345  7.0803e-61
  5347  6.2778e-61
  5349  6.1176e-61
  5351  5.0458e-61
  5352  4.8236e-61
  5354  4.7432e-61
  5356  4.4523e-61
  5359  3.6849e-61
  5362  3.5114e-61
  5365  2.8692e-61
  5368  3.1379e-61
  5371  3.2396e-61
  5373  2.7388e-61
  5374  2.5549e-61
  5377  2.0589e-61
  5378  1.9001e-61
  5379  2.0014e-61
  5382  1.8522e-61
  5384  2.0079e-61
  5386  2.1391e-61
  5387  2.1923e-61
  5389  2.0817e-61
  5390  2.2369e-61
  5392  2.4133e-61
  5395  2.1077e-61
  5396  1.7341e-61
  5397  1.4274e-61
  5399  1.4202e-61
  5402  1.2133e-61
  5403  9.7858e-62
  5404  8.8393e-62
  5406  8.5163e-62
  5409  8.0467e-62
  5412  7.3487e-62
  5414  7.5527e-62
  5415  6.2470e-62
  5418  5.2924e-62
  5419  4.5625e-62
  5421  4.9846e-62
  5423  5.3154e-62
  5426  4.9051e-62
  5429  5.0542e-62
  5430  5.4943e-62
  5432  5.3171e-62
  5434  4.6138e-62
  5436  4.2216e-62
  5439  3.7556e-62
  5441  4.0185e-62
  5443  4.1434e-62
  5445  4.0841e-62
  5448  3.5073e-62
  5450  3.0452e-62
  5453  3.3049e-62
  5456  3.3552e-62
  5458  3.6183e-62
  5461  3.6885e-62
  5463  4.0163e-62
  5464  3.8366e-62
  5465  3.8313e-62
  5468  3.9657e-62
  5471  4.3295e-62
  5474  3.7858e-62
  5476  3.6422e-62
  5477  2.9392e-62
  5478  3.1881e-62
  5480  3.0742e-62
  5482  3.0793e-62
  5484  3.3183e-62
  5486  3.4284e-62
  5487  3.1233e-62
  5489  2.7981e-62
  5491  2.3202e-62
  5493  2.2583e-62
  5496  2.0421e-62
  5497  2.1402e-62
  5500  1.7415e-62
  5502  1.8005e-62
  5504  1.7171e-62
  5506  1.6176e-62
  5509  1.3624e-62
  5512  1.2981e-62
  5514  1.2512e-62
  5515  1.0723e-62
  5516  9.8492e-63
  5517  8.5892e-63
  5520  8.9984e-63
  5521  8.1280e-63
  5524  7.4161e-63
  5527  7.8206e-63
  5529  6.4511e-63
  5531  5.6822e-63
  5532  4.6209e-63
  5534  4.8779e-63
  5536  4.6295e-63
  5538  4.7295e-63
  5539  4.3732e-63
  5541  3.6963e-63
  5544  3.7723e-63
  5547  3.8831e-63
  5550  3.6285e-63
  5553  3.7056e-63
  5556  3.7413e-63
  5557  3.1522e-63
  5558  3.4305e-63
  5560  3.7148e-63
  5561  3.5294e-63
  5562  3.5001e-63
  5563  3.6873e-63
  5565  3.8419e-63
  5566  3.7430e-63
  5568  4.0506e-63
  5571  3.3260e-63
  5573  3.1548e-63
  5576  3.0241e-63
  5579  3.1612e-63
  5582  3.4011e-63
  5585  3.3047e-63
  5587  3.2741e-63
  5589  3.2111e-63
  5590  2.7814e-63
  5592  3.0031e-63
  5594  2.5430e-63
  5595  2.5563e-63
  5597  2.5191e-63
  5600  2.1159e-63
  5602  1.9931e-63
  5605  2.0886e-63
  5606  1.8895e-63
  5607  1.6934e-63
  5609  1.6248e-63
  5612  1.4148e-63
  5615  1.1701e-63
  5618  9.5220e-64
  5619  8.3875e-64
  5621  7.3683e-64
  5623  6.1549e-64
  5624  6.0664e-64
  5625  5.4222e-64
  5628  4.3970e-64
  5630  3.8473e-64
  5633  3.3237e-64
  5634  3.0517e-64
  5636  2.5583e-64
  5639  2.5126e-64
  5640  2.3105e-64
  5641  2.4683e-64
  5643  2.6297e-64
  5644  2.3787e-64
  5646  2.0372e-64
  5648  1.7692e-64
  5650  1.7217e-64
  5653  1.4206e-64
  5656  1.2857e-64
  5658  1.3661e-64
  5660  1.3398e-64
  5661  1.1396e-64
  5663  1.1136e-64
  5666  1.2111e-64
  5668  9.9921e-65
  5669  1.0730e-64
  5672  8.7497e-65
  5674  8.1860e-65
  5675  7.9000e-65
  5678  8.4406e-65
  5680  9.2095e-65
  5681  7.5926e-65
  5684  7.0094e-65
  5686  7.3960e-65
  5687  8.0901e-65
  5688  6.8884e-65
  5691  7.2023e-65
  5694  7.0068e-65
  5696  6.6108e-65
  5699  6.0824e-65
  5701  5.1461e-65
  5702  5.3557e-65
  5705  5.6829e-65
  5708  4.9909e-65
  5710  4.4692e-65
  5711  4.5435e-65
  5713  4.7393e-65
  5715  4.4927e-65
  5718  4.5596e-65
  5720  4.7561e-65
  5723  4.3009e-65
  5725  4.0899e-65
  5728  3.5655e-65
  5730  3.7433e-65
  5733  3.2136e-65
  5735  3.3000e-65
  5737  2.7952e-65
  5738  2.7077e-65
  5739  2.5038e-65
  5741  2.1268e-65
  5743  1.8216e-65
  5744  1.9066e-65
  5747  1.7133e-65
  5750  1.3841e-65
  5752  1.3168e-65
  5753  1.3272e-65
  5756  1.4565e-65
  5759  1.2769e-65
  5761  1.3204e-65
  5763  1.3070e-65
  5766  1.2200e-65
  5767  1.0194e-65
  5770  8.2719e-66
  5773  7.3834e-66
  5776  6.3851e-66
  5778  6.1797e-66
  5781  6.2418e-66
  5782  5.3265e-66
  5785  5.6022e-66
  5788  5.7059e-66
  5790  5.8237e-66
  5791  5.7572e-66
  5794  4.7310e-66
  5796  3.8580e-66
  5797  3.1669e-66
  5800  2.9154e-66
  5802  2.6545e-66
  5803  2.3215e-66
  5804  2.0071e-66
  5806  1.7856e-66
  5807  1.6158e-66
  5810  1.3386e-66
  5813  1.3211e-66
  5814  1.0934e-66
  5816  1.1720e-66
  5819  1.0973e-66
  5822  1.1725e-66
  5824  1.0037e-66
  5825  9.4584e-67
  5826  9.9287e-67
  5829  8.5156e-67
  5830  9.0686e-67
  5832  9.7151e-67
  5834  8.4976e-67
  5837  7.1472e-67
  5838  5.9874e-67
  5840  6.0425e-67
  5842  5.6364e-67
  5845  6.1378e-67
  5847  5.7142e-67
  5848  5.0384e-67
  5851  4.4703e-67
  5853  4.3403e-67
  5856  4.6556e-67
  5858  4.6609e-67
  5861  4.0629e-67
  5864  4.1361e-67
  5867  3.6094e-67
  5869  3.0863e-67
  5871  3.0948e-67
  5873  3.3861e-67
  5874  2.9340e-67
  5876  2.7822e-67
  5877  2.8139e-67
  5879  2.5438e-67
  5881  2.5142e-67
  5884  2.3335e-67
  5886  1.8778e-67
  5887  1.9003e-67
  5889  1.9592e-67
  5890  2.0186e-67
  5891  1.6289e-67
  5894  1.3834e-67
  5896  1.3479e-67
  5899  1.3539e-67
  5900  1.1608e-67
  5902  9.8913e-68
  5903  8.6487e-68
  5905  7.8356e-68
  5908  8.5425e-68
  5910  7.2737e-68
  5911  7.3498e-68
  5913  5.9000e-68
  5914  6.1899e-68
  5916  6.5824e-68
  5918  6.2671e-68
  5920  6.5330e-68
  5923  5.4676e-68
  5926  4.8035e-68
  5929  5.1560e-68
  5931  4.5815e-68
  5932  4.6888e-68
  5933  3.9491e-68
  5936  4.2838e-68
  5939  4.5798e-68
  5941  4.7752e-68
  5944  4.9276e-68
  5946  4.6093e-68
  5948  3.8922e-68
  5949  3.7805e-68
  5950  3.2218e-68
  5953  3.1611e-68
  5955  3.1440e-68
  5956  3.1289e-68
  5959  2.8146e-68
  5961  2.3274e-68
  5962  2.3465e-68
  5963  1.9264e-68
  5965  2.0129e-68
  5967  1.6656e-68
  5968  1.3714e-68
  5970  1.1070e-68
  5972  1.1388e-68
  5973  9.4679e-69
  5975  9.1391e-69
  5977  9.6272e-69
  5980  1.0105e-68
  5982  1.1044e-68
  5985  9.2256e-69
  5986  1.0076e-68
  5987  8.6797e-69
  5989  9.5368e-69
  5991  9.2106e-69
  5992  8.4256e-69
  5993  9.0541e-69
  5996  9.6106e-69
  5999  1.0428e-68
  6000  1.0702e-68
  6003  1.1395e-68
  6004  1.2282e-68
  6007  9.8595e-69
  6010  8.5720e-69
  6011  8.1310e-69
  6012  8.3421e-69
  6013  7.2168e-69
  6016  7.7578e-69
  6019  7.6957e-69
  6022  6.4758e-69
  6023  7.0804e-69
  6024  6.4167e-69
  6026  5.6937e-69
  6028  4.6837e-69
  6030  4.8984e-69
  6032  3.9631e-69
  6035  4.2708e-69
  6038  3.4512e-69
  6039  3.4193e-69
  6041  3.4387e-69
  6042  3.5610e-69
  6045  3.2744e-69
  6047  2.9727e-69
  6049  2.8475e-69
  6051  2.9240e-69
  6052  2.6922e-69
  6053  2.5629e-69
  6055  2.4402e-69
  6056  2.2170e-69
  6058  2.3434e-69
  6060  2.3612e-69
  6063  2.3725e-69
  6065  2.4969e-69
  6068  2.3308e-69
  6069  2.4612e-69
  6072  2.6048e-69
  6073  2.8611e-69
  6075  2.7565e-69
  6077  2.7735e-69
  6078  2.9506e-69
  6081  2.7802e-69
  6083  2.9156e-69
  6086  2.5317e-69
  6089  2.0407e-69
  6090  1.8990e-69
  6091  1.7930e-69
  6092  1.6656e-69
  6093  1.4139e-69
  6095  1.1774e-69
  6096  1.1528e-69
  6098  1.0032e-69
  6100  9.3745e-70
  6103  8.6298e-70
  6105  8.5222e-70
  6108  8.0982e-70
  6110  6.6404e-70
  6113  6.4410e-70
  6114  6.4428e-70
  6117  5.9268e-70
  6118  6.0898e-70
  6121  4.9405e-70
  6124  4.4105e-70
  6127  4.0335e-70
  6130  3.8841e-70
  6132  3.2719e-70
  6134  2.7850e-70
  6137  2.6141e-70
  6139  2.6372e-70
  6140  2.1797e-70
  6142  2.0889e-70
  6143  2.2422e-70
  6146  2.0862e-70
  6147  1.9265e-70
  6148  1.5780e-70
  6151  1.2901e-70
  6152  1.1652e-70
  6153  1.0993e-70
  6155  1.1107e-70
  6158  1.1065e-70
  6161  9.9800e-71
  6164  1.0648e-70
  6166  1.0521e-70
  6169  9.2582e-71
  6170  8.7002e-71
  6173  8.2107e-71
  6174  8.0314e-71
  6177  6.5956e-71
  6179  6.3576e-71
  6180  5.5052e-71
  6183  4.9848e-71
  6184  4.3297e-71
  6187  3.4808e-71
  6190  3.0627e-71
  6193  2.8670e-71
  6196  2.7522e-71
  6199  2.9600e-71
  6200  2.6411e-71
  6203  2.7986e-71
  6205  2.7039e-71
  6207  2.3762e-71
  6208  2.0316e-71
  6211  1.7920e-71
  6214  1.5720e-71
  6217  1.6037e-71
  6220  1.3183e-71
  6221  1.3312e-71
  6222  1.4499e-71
  6225  1.4599e-71
  6228  1.4149e-71
  6231  1.5545e-71
  6232  1.3667e-71
  6234  1.2289e-71
  6235  1.1889e-71
  6238  1.2855e-71
  6240  1.3309e-71
  6242  1.3433e-71
  6244  1.1432e-71
  6247  9.9894e-72
  6249  9.8370e-72
  6252  8.1725e-72
  6255  7.5829e-72
  6257  8.2822e-72
  6259  6.9537e-72
  6262  7.4364e-72
  6265  7.7941e-72
  6267  8.3827e-72
  6269  7.8536e-72
  6271  6.5060e-72
  6273  5.2100e-72
  6274  4.3554e-72
  6275  4.6770e-72
  6277  4.4926e-72
  6279  3.7847e-72
  6282  3.5057e-72
  6283  2.9521e-72
  6285  2.7313e-72
  6288  2.9009e-72
  6290  2.5186e-72
  6291  2.0689e-72
  6292  2.0850e-72
  6294  2.2561e-72
  6296  2.4755e-72
  6299  2.3355e-72
  6300  2.3199e-72
  6303  1.9918e-72
  6304  1.6648e-72
  6305  1.7674e-72
  6307  1.4405e-72
  6308  1.5418e-72
  6311  1.5796e-72
  6313  1.7085e-72
  6315  1.5907e-72
  6318  1.6022e-72
  6320  1.6118e-72
  6323  1.4978e-72
  6325  1.2686e-72
  6327  1.1050e-72
  6328  9.6626e-73
  6329  9.6844e-73
  6330  9.2226e-73
  6332  8.0549e-73
  6333  6.7975e-73
  6334  6.6359e-73
  6335  6.0617e-73
  6337  6.4159e-73
  6340  5.3916e-73
  6341  4.5281e-73
  6344  3.6471e-73
  6347  3.4667e-73
  6349  3.0193e-73
  6352  2.5332e-73
  6354  2.1945e-73
  6355  2.3915e-73
  6356  2.4986e-73
  6359  2.6852e-73
  6360  2.1544e-73
  6361  2.0651e-73
  6364  2.2638e-73
  6367  2.3736e-73
  6369  2.5449e-73
  6372  2.3476e-73
  6374  2.4917e-73
  6377  2.1480e-73
  6379  1.8365e-73
  6381  1.8461e-73
  6384  1.5430e-73
  6385  1.6799e-73
  6386  1.3492e-73
  6387  1.1108e-73
  6390  1.0568e-73
  6392  1.0363e-73
  6394  9.2657e-74
  6395  8.0460e-74
  6396  7.0047e-74
  6397  5.7290e-74
  6398  5.0807e-74
  6400  4.3703e-74
  6402  4.3896e-74
  6403  4.4441e-74
  6405  3.8380e-74
  6408  3.0801e-74
  6410  2.6815e-74
  6411  2.7080e-74
  6414  2.6346e-74
  6415  2.2710e-74
  6417  1.8331e-74
  6420  1.4910e-74
  6421  1.5762e-74
  6423  1.5074e-74
  6424  1.2558e-74
  6425  1.3695e-74
  6427  1.1786e-74
  6430  1.1956e-74
  6431  1.3082e-74
  6433  1.0760e-74
  6435  1.0137e-74
  6437  8.2205e-75
  6439  6.8724e-75
  6440  6.4400e-75
  6442  5.4273e-75
  6443  4.8096e-75
  6444  5.0058e-75
  6445  5.4510e-75
  6447  4.5557e-75
  6449  3.9392e-75
  6450  3.8508e-75
  6453  3.2872e-75
  6455  3.3385e-75
  6457  3.1505e-75
  6458  3.1830e-75
  6461  2.7993e-75
  6463  2.3810e-75
  6466  2.4894e-75
  6468  2.2440e-75
  6470  2.0246e-75
  6472  1.6516e-75
  6473  1.5004e-75
  6475  1.5217e-75
  6478  1.3323e-75
  6481  1.4430e-75
  6482  1.5338e-75
  6485  1.3544e-75
  6487  1.4374e-75
  6489  1.2613e-75
  6491  1.0500e-75
  6492  9.9311e-76
  6495  8.2728e-76
  6496  8.6280e-76
  6499  8.8461e-76
  6502  9.0431e-76
  6503  7.4288e-76
  6506  6.2956e-76
  6507  6.7262e-76
  6509  5.3825e-76
  6510  4.4103e-76
  6511  4.0837e-76
  6512  3.3587e-76
  6513  3.6769e-76
  6516  2.9679e-76
  6517  2.5653e-76
  6520  2.2786e-76
  6521  2.0174e-76
  6522  1.9076e-76
  6523  1.7228e-76
  6525  1.7139e-76
  6526  1.5512e-76
  6527  1.3570e-76
  6528  1.3430e-76
  6529  1.2747e-76
  6532  1.0332e-76
  6535  9.9306e-77
  6536  9.7681e-77
  6538  8.7172e-77
  6540  7.9643e-77
  6543  6.7582e-77
  6544  5.4639e-77
  6546  5.4758e-77
  6549  5.9124e-77
  6551  5.9166e-77
  6553  6.3427e-77
  6556  6.1174e-77
  6558  6.0991e-77
  6561  5.6754e-77
  6562  4.6703e-77
  6563  4.2472e-77
  6564  4.3963e-77
  6567  4.7025e-77
  6569  4.2791e-77
  6570  3.5961e-77
  6572  3.4722e-77
  6574  3.5219e-77
  6575  3.6282e-77
  6578  3.0715e-77
  6580  2.4719e-77
  6582  2.3613e-77
  6585  2.3854e-77
  6587  2.0658e-77
  6590  2.2376e-77
  6591  2.2078e-77
  6593  1.8149e-77
  6595  1.6455e-77
  6598  1.4295e-77
  6601  1.4711e-77
  6603  1.5992e-77
  6606  1.5198e-77
  6608  1.6226e-77
  6609  1.6006e-77
  6610  1.7547e-77
  6613  1.6187e-77
  6614  1.3978e-77
  6617  1.2832e-77
  6619  1.2169e-77
  6621  1.3085e-77
  6623  1.1425e-77
  6625  1.1887e-77
  6626  9.9335e-78
  6628  9.9095e-78
  6630  8.8681e-78
  6632  8.8958e-78
  6635  8.5958e-78
  6637  8.2635e-78
  6639  7.1883e-78
  6641  5.7578e-78
  6643  5.8407e-78
  6644  5.6978e-78
  6647  4.8908e-78
  6650  4.0907e-78
  6652  3.7670e-78
  6654  3.3978e-78
  6656  3.7012e-78
  6658  3.4760e-78
  6661  3.7938e-78
  6662  3.7622e-78
  6664  3.5590e-78
  6667  3.0501e-78
  6668  3.2448e-78
  6669  2.7664e-78
  6670  2.6609e-78
  6672  2.4586e-78
  6674  2.0889e-78
  6677  1.8217e-78
  6679  1.6299e-78
  6681  1.4312e-78
  6683  1.3167e-78
  6686  1.2668e-78
  6689  1.0557e-78
  6690  1.1407e-78
  6692  1.0495e-78
  6694  8.6204e-79
  6697  8.2945e-79
  6700  7.9347e-79
  6701  6.4799e-79
  6704  6.9175e-79
  6706  5.7581e-79
  6709  5.8040e-79
  6712  5.9100e-79
  6714  4.7903e-79
  6717  4.3065e-79
  6720  4.5300e-79
  6721  4.2506e-79
  6723  4.3617e-79
  6725  3.8543e-79
  6727  3.2310e-79
  6730  2.5908e-79
  6732  2.3459e-79
  6733  1.9549e-79
  6735  2.0562e-79
  6737  1.7629e-79
  6738  1.8629e-79
  6739  1.5306e-79
  6742  1.2898e-79
  6743  1.0717e-79
  6745  1.1581e-79
  6746  9.8504e-80
  6748  8.8816e-80
  6751  9.0811e-80
  6753  7.7083e-80
  6756  6.8882e-80
  6757  5.5601e-80
  6760  5.7230e-80
  6763  5.3105e-80
  6764  5.5751e-80
  6765  5.2971e-80
  6767  4.2857e-80
  6768  4.4133e-80
  6770  4.1820e-80
  6772  3.7742e-80
  6773  3.8646e-80
  6774  3.8889e-80
  6777  3.4780e-80
  6780  2.9833e-80
  6783  2.5684e-80
  6785  2.2370e-80
  6788  2.3833e-80
  6791  2.5748e-80
  6792  2.6285e-80
  6794  2.7948e-80
  6797  2.5577e-80
  6799  2.6132e-80
  6800  2.2957e-80
  6801  2.0274e-80
  6803  2.1323e-80
  6806  1.8743e-80
  6809  1.5267e-80
  6810  1.6454e-80
  6812  1.5773e-80
  6814  1.2810e-80
  6815  1.3040e-80
  6816  1.1188e-80
  6819  1.2062e-80
  6820  1.2845e-80
  6822  1.1985e-80
  6823  1.1921e-80
  6825  1.2132e-80
  6826  1.1864e-80
  6829  1.1218e-80
  6831  9.4491e-81
  6834  9.3890e-81
  6837  1.0183e-80
  6838  9.1338e-81
  6840  7.6419e-81
  6843  7.0470e-81
  6846  6.3412e-81
  6847  6.7564e-81
  6849  6.2505e-81
  6852  6.8285e-81
  6854  5.9768e-81
  6855  5.1944e-81
  6856  4.1879e-81
  6857  3.7065e-81
  6860  3.7075e-81
  6862  3.4284e-81
  6864  3.1794e-81
  6867  2.7055e-81
  6868  2.5004e-81
  6869  2.0202e-81
  6870  1.6786e-81
  6872  1.5375e-81
  6873  1.6120e-81
  6876  1.4170e-81
  6879  1.3588e-81
  6882  1.3074e-81
  6885  1.3006e-81
  6887  1.2715e-81
  6889  1.3829e-81
  6892  1.4346e-81
  6895  1.3607e-81
  6896  1.3423e-81
  6897  1.1449e-81
  6899  9.6663e-82
  6902  9.7435e-82
  6905  1.0105e-81
  6908  9.8122e-82
  6910  9.5874e-82
  6913  1.0413e-81
  6916  9.9044e-82
  6918  7.9515e-82
  6919  7.7111e-82
  6922  7.0543e-82
  6923  6.4443e-82
  6925  5.6660e-82
  6928  5.1631e-82
  6931  4.5265e-82
  6933  4.4297e-82
  6934  4.2277e-82
  6937  3.4016e-82
  6939  2.9640e-82
  6941  2.8264e-82
  6944  2.6994e-82
  6946  2.8273e-82
  6947  2.8128e-82
  6948  2.4811e-82
  6951  2.4290e-82
  6954  2.4468e-82
  6955  2.1882e-82
  6957  2.1064e-82
  6958  2.1239e-82
  6960  1.9768e-82
  6961  1.8938e-82
  6964  1.7580e-82
  6967  1.8734e-82
  6968  2.0582e-82
  6969  2.0910e-82
  6971  2.0096e-82
  6973  1.9832e-82
  6975  1.8266e-82
  6977  1.8250e-82
  6979  1.5155e-82
  6980  1.6103e-82
  6982  1.3382e-82
  6983  1.2723e-82
  6984  1.2952e-82
  6986  1.0544e-82
  6987  1.1510e-82
  6989  1.1034e-82
  6990  1.0341e-82
  6992  1.0464e-82
  6993  9.3743e-83
  6996  7.6799e-83
  6998  7.9469e-83
  7001  7.3765e-83
  7004  7.9051e-83
  7005  6.7975e-83
  7006  6.6619e-83
  7009  6.6005e-83
  7010  5.6987e-83
  7013  5.1370e-83
  7015  5.6088e-83
  7017  4.9934e-83
  7019  5.2262e-83
  7021  4.8697e-83
  7022  4.6945e-83
  7025  5.0871e-83
  7026  5.2575e-83
  7027  5.0531e-83
  7028  4.1896e-83
  7030  4.3151e-83
  7033  3.8105e-83
  7035  3.5616e-83
  7037  3.2263e-83
  7039  2.6894e-83
  7042  2.5990e-83
  7044  2.3898e-83
  7046  2.2415e-83
  7048  2.4248e-83
  7050  2.0414e-83
  7052  1.8076e-83
  7055  1.7631e-83
  7058  1.5870e-83
  7060  1.3447e-83
  7061  1.4706e-83
  7064  1.3352e-83
  7065  1.1925e-83
  7066  1.1866e-83
  7067  1.0269e-83
  7070  8.9789e-84
  7073  8.3930e-84
  7076  7.1507e-84
  7077  7.1576e-84
  7080  7.4420e-84
  7082  6.5857e-84
  7084  6.6351e-84
  7085  5.3199e-84
  7088  5.7254e-84
  7090  4.7218e-84
  7091  4.4718e-84
  7092  4.8462e-84
  7093  4.2555e-84
  7095  4.2283e-84
  7097  3.4852e-84
  7100  2.9265e-84
  7102  3.1231e-84
  7104  2.6101e-84
  7107  2.5058e-84
  7108  2.2767e-84
  7111  1.8456e-84
  7114  1.8262e-84
  7117  1.6210e-84
  7119  1.2978e-84
  7120  1.3433e-84
  7123  1.4190e-84
  7126  1.2232e-84
  7128  1.2749e-84
  7129  1.0691e-84
  7131  1.1217e-84
  7132  9.5321e-85
  7134  1.0243e-84
  7137  1.0898e-84
  7138  1.0105e-84
  7140  9.9031e-85
  7143  9.5431e-85
  7144  1.0463e-84
  7146  1.0847e-84
  7148  1.0681e-84
  7151  1.0493e-84
  7154  8.3947e-85
  7156  7.9676e-85
  7158  7.8151e-85
  7161  7.6712e-85
  7164  7.2035e-85
  7166  5.9711e-85
  7169  6.5562e-85
  7170  6.0501e-85
  7171  5.4827e-85
  7172  4.9448e-85
  7175  4.0557e-85
  7178  4.0983e-85
  7180  3.9424e-85
  7183  3.4227e-85
  7185  3.2911e-85
  7187  2.6422e-85
  7190  2.1335e-85
  7192  2.1202e-85
  7194  1.8858e-85
  7195  2.0682e-85
  7198  1.9291e-85
  7199  2.0379e-85
  7201  2.1672e-85
  7203  2.2669e-85
  7205  1.9830e-85
  7207  2.1591e-85
  7208  2.1903e-85
  7211  1.8571e-85
  7213  1.6655e-85
  7216  1.4283e-85
  7217  1.2617e-85
  7220  1.1898e-85
  7222  1.2382e-85
  7224  1.1242e-85
  7225  1.1291e-85
  7227  9.3177e-86
  7228  9.5023e-86
  7230  8.9463e-86
  7232  7.7975e-86
  7235  8.3386e-86
  7238  6.8963e-86
  7240  6.5930e-86
  7243  5.8241e-86
  7246  5.5359e-86
  7247  4.5032e-86
  7249  3.8165e-86
  7251  3.1235e-86
  7252  2.7438e-86
  7253  2.3485e-86
  7255  2.5821e-86
  7258  2.1528e-86
  7260  1.9999e-86
  7261  1.7702e-86
  7264  1.6246e-86
  7265  1.6051e-86
  7268  1.4356e-86
  7271  1.4919e-86
  7272  1.3348e-86
  7274  1.3325e-86
  7276  1.1596e-86
  7279  1.1732e-86
  7282  1.0530e-86
  7283  9.4303e-87
  7285  8.1599e-87
  7287  8.3319e-87
  7288  6.7098e-87
  7291  6.9577e-87
  7292  6.7108e-87
  7294  6.8544e-87
  7295  6.0676e-87
  7298  5.6446e-87
  7299  5.2674e-87
  7302  4.6725e-87
  7304  3.9960e-87
  7307  3.8825e-87
  7309  3.7860e-87
  7310  3.8194e-87
  7311  4.0165e-87
  7312  3.4520e-87
  7315  3.0682e-87
  7318  3.0590e-87
  7320  2.9689e-87
  7323  2.7939e-87
  7326  3.0374e-87
  7328  3.3278e-87
  7331  2.8933e-87
  7332  2.6481e-87
  7335  2.8058e-87
  7338  2.9732e-87
  7339  3.1718e-87
  7342  2.6914e-87
  7344  2.4139e-87
  7346  2.1376e-87
  7347  2.0814e-87
  7348  1.8105e-87
  7349  1.9394e-87
  7351  1.9295e-87
  7352  1.9452e-87
  7355  1.9501e-87
  7356  1.8098e-87
  7357  1.5162e-87
  7358  1.4435e-87
  7359  1.3180e-87
  7361  1.3137e-87
  7362  1.4159e-87
  7365  1.4183e-87
  7367  1.4831e-87
  7369  1.2652e-87
  7372  1.1144e-87
  7374  9.2009e-88
  7376  8.5167e-88
  7377  8.8458e-88
  7380  8.6397e-88
  7382  9.0988e-88
  7384  7.4375e-88
  7387  6.0687e-88
  7389  5.5452e-88
  7391  5.0290e-88
  7393  4.6438e-88
  7396  4.3791e-88
  7399  3.5924e-88
  7400  3.6301e-88
  7401  3.5730e-88
  7402  2.9502e-88
  7405  3.2105e-88
  7406  3.2660e-88
  7408  2.9316e-88
  7409  2.5808e-88
  7410  2.2720e-88
  7411  2.2432e-88
  7412  2.1760e-88
  7414  1.9224e-88
  7417  1.7715e-88
  7418  1.8468e-88
  7420  1.6405e-88
  7422  1.5739e-88
  7425  1.4322e-88
  7428  1.1475e-88
  7430  1.2031e-88
  7433  1.0655e-88
  7436  1.1581e-88
  7439  1.1063e-88
  7442  1.1825e-88
  7443  1.1583e-88
  7446  1.1157e-88
  7447  1.1163e-88
  7448  1.1489e-88
  7450  1.1145e-88
  7451  1.0110e-88
  7454  9.3995e-89
  7455  9.1910e-89
  7456  9.8953e-89
  7457  1.0427e-88
  7458  1.0112e-88
  7459  1.0008e-88
  7460  1.0506e-88
  7463  9.8364e-89
  7466  8.7591e-89
  7468  8.3961e-89
  7469  7.3030e-89
  7472  6.5647e-89
  7474  5.9435e-89
  7475  6.2513e-89
  7478  5.7936e-89
  7480  4.7244e-89
  7483  5.1417e-89
  7484  5.4883e-89
  7486  5.8749e-89
  7487  5.1257e-89
  7489  4.9105e-89
  7492  4.6008e-89
  7495  4.8955e-89
  7496  5.2501e-89
  7498  4.6396e-89
  7501  4.9989e-89
  7504  5.1576e-89
  7507  5.1249e-89
  7510  5.6092e-89
  7513  4.8737e-89
  7514  5.1500e-89
  7517  4.8222e-89
  7520  3.9072e-89
  7523  3.4630e-89
  7524  3.1428e-89
  7527  2.5143e-89
  7529  2.5276e-89
  7531  2.0958e-89
  7532  2.0869e-89
  7533  2.2070e-89
  7534  2.1077e-89
  7537  2.0786e-89
  7540  1.7401e-89
  7542  1.5802e-89
  7545  1.7288e-89
  7547  1.5855e-89
  7548  1.2922e-89
  7549  1.1880e-89
  7551  1.2455e-89
  7553  1.1351e-89
  7554  1.1925e-89
  7557  1.1899e-89
  7558  1.1899e-89
  7559  1.2405e-89
  7561  1.2247e-89
  7563  1.2925e-89
  7565  1.2997e-89
  7567  1.3188e-89
  7568  1.0577e-89
  7571  1.1462e-89
  7573  1.1701e-89
  7575  1.1687e-89
  7577  9.5480e-90
  7578  8.8031e-90
  7580  7.1729e-90
  7582  7.6200e-90
  7584  6.7832e-90
  7585  7.3620e-90
  7588  6.0768e-90
  7590  5.7598e-90
  7592  4.7999e-90
  7595  5.1344e-90
  7597  4.7125e-90
  7598  4.4016e-90
  7600  4.6179e-90
  7603  4.1256e-90
  7606  3.6245e-90
  7608  3.6395e-90
  7611  3.1771e-90
  7612  2.7331e-90
  7613  2.9697e-90
  7616  3.1837e-90
  7617  3.4728e-90
  7618  3.5808e-90
  7619  3.4102e-90
  7622  3.0144e-90
  7625  2.4177e-90
  7626  2.2470e-90
  7629  2.4699e-90
  7631  2.0122e-90
  7633  2.0416e-90
  7636  1.8229e-90
  7637  1.8681e-90
  7640  2.0245e-90
  7641  1.7166e-90
  7642  1.7755e-90
  7643  1.6604e-90
  7644  1.3823e-90
  7646  1.2097e-90
  7648  9.9658e-91
  7651  8.4977e-91
  7654  9.0488e-91
  7655  8.0247e-91
  7658  8.4229e-91
  7661  9.1448e-91
  7664  9.9758e-91
  7667  1.0224e-90
  7668  9.8149e-91
  7670  9.6786e-91
  7671  9.2159e-91
  7674  1.0115e-90
  7677  9.5996e-91
  7680  8.4086e-91
  7682  7.2902e-91
  7683  7.5024e-91
  7686  6.8553e-91
  7687  6.2501e-91
  7689  5.8438e-91
  7690  4.8739e-91
  7691  5.2138e-91
  7694  4.9875e-91
  7695  5.1104e-91
  7697  4.2422e-91
  7699  4.5438e-91
  7700  4.8549e-91
  7703  3.9231e-91
  7706  3.9173e-91
  7707  3.2205e-91
  7710  3.2543e-91
  7712  3.3639e-91
  7715  2.8230e-91
  7716  2.2623e-91
  7718  2.4152e-91
  7719  2.2799e-91
  7722  1.9598e-91
  7723  1.7348e-91
  7726  1.4722e-91
  7728  1.2717e-91
  7729  1.2432e-91
  7731  1.1987e-91
  7732  1.2866e-91
  7734  1.1087e-91
  7735  1.1213e-91
  7736  1.2242e-91
  7738  1.1845e-91
  7740  1.0647e-91
  7742  8.6299e-92
  7745  9.2784e-92
  7746  8.4065e-92
  7748  7.4224e-92
  7750  7.7523e-92
  7752  8.2784e-92
  7754  8.3765e-92
  7756  8.3151e-92
  7759  6.7411e-92
  7760  6.9521e-92
  7763  6.1730e-92
  7766  6.7860e-92
  7767  6.6978e-92
  7770  7.1871e-92
  7771  5.9851e-92
  7772  6.3846e-92
  7774  6.4820e-92
  7776  6.5728e-92
  7777  5.4614e-92
  7778  4.9573e-92
  7779  4.3880e-92
  7782  4.7756e-92
  7785  4.7003e-92
  7786  4.0003e-92
  7788  3.2436e-92
  7790  3.3700e-92
  7791  3.3615e-92
  7793  3.1309e-92
  7794  3.1479e-92
  7797  2.5795e-92
  7798  2.1661e-92
  7800  2.1316e-92
  7803  1.8304e-92
  7805  1.8715e-92
  7807  1.6202e-92
  7810  1.7088e-92
  7811  1.7015e-92
  7814  1.5600e-92
  7815  1.5705e-92
  7818  1.5914e-92
  7820  1.3993e-92
  7823  1.4811e-92
  7826  1.3983e-92
  7827  1.1797e-92
  7830  1.0040e-92
  7833  8.1874e-93
  7836  7.5939e-93
  7837  6.8829e-93
  7839  7.4270e-93
  7840  7.7885e-93
  7842  7.5261e-93
  7845  7.6588e-93
  7846  7.3050e-93
  7848  7.9178e-93
  7849  7.1281e-93
  7852  6.5251e-93
  7855  6.2946e-93
  7857  5.8691e-93
  7858  5.4400e-93
  7860  5.5269e-93
  7861  4.5972e-93
  7862  4.3708e-93
  7863  4.5267e-93
  7866  3.9864e-93
  7869  4.2097e-93
  7870  4.0142e-93
  7872  3.3067e-93
  7875  3.2645e-93
  7877  2.8327e-93
  7878  2.7232e-93
  7879  2.7892e-93
  7880  2.6654e-93
  7881  2.5450e-93
  7883  2.1372e-93
  7885  2.3475e-93
  7888  2.0293e-93
  7891  1.8542e-93
  7893  1.9030e-93
  7894  1.9718e-93
  7895  2.1339e-93
  7897  2.1821e-93
  7900  1.7649e-93
  7901  1.8188e-93
  7904  1.7779e-93
  7905  1.6521e-93
  7907  1.6534e-93
  7909  1.3500e-93
  7910  1.4374e-93
  7913  1.2859e-93
  7916  1.2559e-93
  7917  1.2726e-93
  7919  1.3067e-93
  7920  1.4331e-93
  7922  1.1866e-93
  7923  1.1012e-93
  7926  1.0626e-93
  7927  9.0361e-94
  7929  9.3013e-94
  7931  8.0639e-94
  7934  8.1689e-94
  7937  8.2715e-94
  7940  8.9948e-94
  7942  7.4356e-94
  7943  8.0210e-94
  7944  7.7026e-94
  7945  8.0898e-94
  7948  7.2875e-94
  7950  7.3224e-94
  7953  7.7953e-94
  7956  6.3677e-94
  7957  6.6066e-94
  7960  5.8409e-94
  7963  6.2675e-94
  7966  5.8579e-94
  7968  6.1872e-94
  7970  5.7317e-94
  7971  5.2316e-94
  7974  4.2370e-94
  7976  3.7727e-94
  7979  3.4499e-94
  7981  2.7728e-94
  7983  2.2302e-94
  7986  2.1849e-94
  7987  2.1861e-94
  7988  2.2351e-94
  7989  2.2035e-94
  7991  1.9421e-94
  7992  2.0795e-94
  7993  1.8590e-94
  7995  1.8578e-94
  7996  1.7173e-94
  7998  1.5130e-94
  7999  1.5394e-94
  8000  1.6279e-94
  8002  1.3763e-94
  8004  1.2374e-94
  8007  1.0490e-94
  8009  9.9697e-95
  8011  1.0677e-94
  8013  1.0750e-94
  8016  1.0702e-94
  8018  8.9277e-95
  8019  8.8024e-95
  8020  7.7418e-95
  8022  8.5093e-95
  8023  8.8612e-95
  8024  8.7833e-95
  8026  7.2649e-95
  8027  7.6231e-95
  8028  7.0610e-95
  8031  7.3214e-95
  8034  5.8725e-95
  8037  6.4007e-95
  8040  5.9162e-95
  8043  5.3009e-95
  8044  5.3677e-95
  8047  5.5528e-95
  8049  5.3001e-95
  8052  4.9624e-95
  8054  5.3829e-95
  8055  4.4406e-95
  8056  3.5811e-95
  8059  3.6664e-95
  8062  3.2406e-95
  8063  2.7121e-95
  8066  2.4041e-95
  8068  2.0639e-95
  8071  2.0896e-95
  8073  2.0091e-95
  8074  1.7738e-95
  8076  1.4221e-95
  8078  1.2208e-95
  8081  1.1623e-95
  8082  1.1096e-95
  8085  1.0063e-95
  8086  9.8367e-96
  8089  9.9459e-96
  8092  9.8970e-96
  8093  8.8878e-96
  8096  7.3156e-96
  8097  6.6369e-96
  8098  6.8329e-96
  8100  5.9450e-96
  8101  6.2657e-96
  8103  5.9324e-96
  8106  4.9065e-96
  8109  5.2403e-96
  8112  5.1603e-96
  8115  4.4921e-96
  8116  3.8527e-96
  8118  3.5737e-96
  8120  3.2216e-96
  8122  3.2867e-96
  8123  3.6035e-96
  8126  2.9705e-96
  8129  2.6354e-96
  8132  2.7553e-96
  8135  2.8568e-96
  8137  2.8646e-96
  8140  3.0927e-96
  8142  2.7029e-96
  8144  2.5591e-96
  8146  2.5902e-96
  8149  2.7968e-96
  8151  3.0229e-96
  8154  2.7592e-96
  8156  2.5823e-96
  8159  2.3842e-96
  8161  2.4329e-96
  8164  2.3710e-96
  8165  2.4016e-96
  8168  2.4838e-96
  8170  2.2218e-96
  8171  1.9823e-96
  8172  2.0713e-96
  8173  2.0168e-96
  8174  1.6885e-96
  8177  1.7790e-96
  8178  1.5044e-96
  8180  1.5667e-96
  8182  1.3020e-96
  8184  1.1513e-96
  8187  1.0656e-96
  8188  1.0002e-96
  8189  9.1305e-97
  8192  9.0037e-97
  8193  8.1277e-97
  8194  8.8353e-97
  8195  8.5096e-97
  8198  7.9249e-97
  8201  8.6873e-97
  8202  7.8085e-97
  8204  6.5073e-97
  8207  6.6457e-97
  8208  5.5454e-97
  8209  6.0367e-97
  8212  6.3202e-97
  8214  5.4698e-97
  8217  4.8629e-97
  8219  4.7236e-97
  8221  3.8819e-97
  8224  3.7208e-97
  8225  3.8968e-97
  8228  3.2538e-97
  8230  3.4064e-97
  8231  3.4239e-97
  8233  2.8076e-97
  8234  2.4334e-97
  8237  2.1376e-97
  8240  2.0580e-97
  8243  2.2396e-97
  8246  2.1938e-97
  8249  1.7845e-97
  8250  1.5279e-97
  8252  1.2538e-97
  8253  1.2679e-97
  8256  1.3285e-97
  8257  1.3358e-97
  8259  1.2407e-97
  8260  1.0224e-97
  8261  9.1109e-98
  8262  7.5538e-98
  8263  7.3964e-98
  8266  6.9201e-98
  8267  6.1441e-98
  8269  6.4368e-98
  8270  6.7550e-98
  8273  6.0996e-98
  8276  5.1304e-98
  8277  5.1873e-98
  8278  4.8222e-98
  8279  4.6211e-98
  8282  4.2922e-98
  8284  4.6256e-98
  8287  3.7828e-98
  8288  3.6390e-98
  8291  3.4023e-98
  8292  2.7537e-98
  8295  2.5326e-98
  8296  2.0688e-98
  8299  2.0276e-98
  8300  2.0834e-98
  8301  1.8583e-98
  8304  1.5936e-98
  8305  1.4337e-98
  8308  1.2819e-98
  8309  1.3858e-98
  8311  1.2667e-98
  8312  1.3570e-98
  8315  1.2860e-98
  8316  1.1493e-98
  8319  9.9442e-99
  8322  1.0213e-98
  8324  1.0316e-98
  8327  8.8669e-99
  8330  7.1440e-99
  8333  5.9450e-99
  8334  5.4502e-99
  8335  4.7953e-99
  8338  4.6923e-99
  8339  3.8029e-99
  8341  3.8351e-99
  8344  4.2138e-99
  8347  4.0972e-99
  8348  4.0063e-99
  8351  3.3630e-99
  8354  2.8258e-99
  8356  2.5735e-99
  8358  2.7073e-99
  8359  2.5709e-99
  8360  2.7707e-99
  8363  2.8048e-99
  8364  3.0377e-99
  8365  2.9147e-99
  8367  2.4505e-99
  8370  2.2980e-99
  8371  2.4205e-99
  8372  2.0105e-99
  8374  1.9379e-99
  8375  1.9499e-99
  8378  1.5840e-99
  8381  1.4918e-99
  8384  1.3950e-99
  8385  1.1196e-99
  8387  1.1541e-99
  8389  9.5594e-100
  8392  8.2917e-100
  8395  8.3223e-100
  8396  7.6966e-100
  8397  7.4131e-100
  8398  6.2604e-100
  8399  6.8826e-100
  8400  5.8760e-100
  8402  5.3044e-100
  8405  5.6048e-100
  8408  5.8119e-100
  8409  6.1757e-100
  8411  5.2424e-100
  8413  4.9104e-100
  8415  4.1777e-100
  8417  3.7616e-100
  8418  3.2725e-100
  8421  3.0981e-100
  8423  2.9686e-100
  8426  2.3935e-100
  8427  2.1572e-100
  8430  2.1189e-100
  8433  2.2421e-100
  8436  2.1216e-100
  8438  1.7496e-100
  8439  1.5149e-100
  8441  1.4628e-100
  8442  1.3795e-100
  8445  1.3898e-100
  8448  1.4158e-100
  8451  1.2318e-100
  8454  1.3339e-100
  8455  1.0896e-100
  8458  9.6755e-101
  8461  8.0267e-101
  8464  7.2825e-101
  8465  5.9638e-101
  8468  6.2445e-101
  8470  5.8753e-101
  8473  5.0767e-101
  8475  4.6906e-101
  8478  4.2142e-101
  8481  4.4528e-101
  8483  4.1656e-101
  8486  3.4261e-101
  8488  3.1235e-101
  8489  2.6748e-101
  8492  2.9412e-101
  8495  3.0142e-101
  8498  2.7705e-101
  8500  2.6905e-101
  8503  2.2978e-101
  8505  2.4926e-101
  8506  2.6529e-101
  8509  2.9049e-101
  8511  3.0925e-101
  8514  3.2007e-101
  8515  3.0542e-101
  8517  3.2120e-101
  8520  2.7090e-101
  8523  2.2722e-101
  8526  2.4738e-101
  8527  2.2285e-101
  8528  2.0448e-101
  8531  1.7785e-101
  8534  1.4828e-101
  8537  1.5596e-101
  8539  1.6815e-101
  8541  1.6402e-101
  8544  1.7766e-101
  8547  1.5490e-101
  8549  1.5200e-101
  8552  1.5919e-101
  8553  1.3641e-101
  8555  1.4915e-101
  8557  1.2429e-101
  8559  1.3552e-101
  8560  1.3681e-101
  8563  1.3432e-101
  8564  1.3592e-101
  8565  1.3205e-101
  8568  1.3126e-101
  8570  1.3102e-101
  8573  1.3355e-101
  8575  1.3149e-101
  8578  1.4408e-101
  8581  1.5713e-101
  8582  1.5134e-101
  8584  1.3041e-101
  8586  1.1495e-101
  8589  1.1757e-101
  8591  9.6430e-102
  8593  9.4424e-102
  8596  8.8978e-102
  8599  8.4486e-102
  8601  9.1636e-102
  8604  8.5602e-102
  8605  9.1439e-102
  8607  9.6962e-102
  8609  7.8564e-102
  8612  6.5667e-102
  8613  6.6177e-102
  8614  6.7381e-102
  8617  7.2862e-102
  8619  6.2648e-102
  8620  6.5409e-102
  8621  6.5191e-102
  8623  6.1164e-102
  8624  6.3654e-102
  8625  5.5236e-102
  8627  5.7959e-102
  8629  5.6075e-102
  8631  4.8150e-102
  8633  5.0361e-102
  8636  4.6219e-102
  8637  4.0859e-102
  8640  3.6736e-102
  8643  3.6288e-102
  8646  3.1457e-102
  8647  3.2954e-102
  8648  2.7746e-102
  8651  3.0199e-102
  8654  3.3163e-102
  8655  3.1331e-102
  8658  3.0926e-102
  8660  2.7982e-102
  8662  2.4145e-102
  8665  2.5430e-102
  8667  2.3492e-102
  8670  2.2021e-102
  8673  1.9605e-102
  8674  1.7665e-102
  8675  1.5462e-102
  8676  1.6925e-102
  8677  1.6202e-102
  8679  1.3885e-102
  8680  1.3738e-102
  8681  1.2740e-102
  8682  1.0821e-102
  8684  9.1765e-103
  8685  7.8864e-103
  8686  8.6487e-103
  8689  7.9930e-103
  8692  7.8032e-103
  8695  6.8359e-103
  8697  6.6972e-103
  8698  6.4325e-103
  8699  5.5692e-103
  8701  5.7223e-103
  8702  4.6287e-103
  8705  3.7382e-103
  8708  3.9367e-103
  8711  3.7021e-103
  8713  3.1099e-103
  8716  3.2932e-103
  8717  3.2782e-103
  8720  3.4998e-103
  8721  2.8756e-103
  8722  2.6542e-103
  8723  2.1780e-103
  8724  2.3010e-103
  8727  1.9947e-103
  8729  1.7297e-103
  8732  1.6367e-103
  8734  1.4213e-103
  8735  1.4353e-103
  8738  1.2717e-103
  8740  1.3890e-103
  8742  1.3396e-103
  8743  1.3641e-103
  8746  1.1461e-103
  8749  9.1834e-104
  8750  9.4053e-104
  8753  9.4564e-104
  8755  7.9804e-104
  8756  8.5696e-104
  8757  9.3213e-104
  8759  8.8404e-104
  8760  7.2340e-104
  8763  7.6936e-104
  8766  6.2719e-104
  8768  5.7929e-104
  8771  5.5125e-104
  8772  4.4559e-104
  8775  3.9401e-104
  8778  3.9488e-104
  8780  3.8871e-104
  8783  3.6472e-104
  8785  2.9536e-104
  8788  2.9671e-104
  8789  2.5483e-104
  8792  2.1077e-104
  8793  2.3065e-104
  8796  2.0697e-104
  8798  2.1112e-104
  8799  1.7323e-104
  8802  1.7545e-104
  8804  1.8595e-104
  8805  1.8608e-104
  8806  1.7315e-104
  8809  1.5027e-104
  8810  1.2777e-104
  8811  1.2735e-104
  8812  1.2132e-104
  8813  1.1757e-104
  8816  1.2306e-104
  8817  1.2121e-104
  8818  1.2145e-104
  8821  1.1805e-104
  8824  1.0139e-104
  8825  9.6153e-105
  8826  9.3493e-105
  8828  9.0763e-105
  8830  7.6967e-105
  8832  6.3319e-105
  8834  6.1211e-105
  8836  6.3690e-105
  8837  6.3133e-105
  8839  6.4741e-105
  8841  6.2367e-105
  8843  5.2195e-105
  8844  5.4967e-105
  8846  5.0272e-105
  8847  5.2363e-105
  8849  5.0855e-105
  8850  5.5100e-105
  8853  5.6578e-105
  8855  6.1217e-105
  8856  5.4566e-105
  8859  5.7515e-105
  8861  5.1462e-105
  8864  5.2776e-105
  8866  5.2995e-105
  8869  5.4734e-105
  8872  5.8020e-105
  8874  6.1773e-105
  8875  6.1510e-105
  8876  5.3036e-105
  8879  5.0615e-105
  8880  4.7986e-105
  8881  4.5734e-105
  8883  4.6988e-105
  8884  4.8763e-105
  8885  4.6761e-105
  8887  4.6614e-105
  8888  4.0358e-105
  8890  3.9144e-105
  8893  3.8461e-105
  8895  3.6912e-105
  8897  4.0496e-105
  8900  4.1167e-105
  8901  3.5006e-105
  8903  3.1173e-105
  8904  3.0703e-105
  8907  2.9064e-105
  8910  3.1831e-105
  8911  3.0446e-105
  8912  3.2449e-105
  8913  3.3874e-105
  8914  3.0434e-105
  8915  2.9643e-105
  8917  2.4863e-105
  8919  2.5310e-105
  8920  2.6890e-105
  8922  2.6839e-105
  8923  2.6029e-105
  8925  2.2678e-105
  8926  1.8519e-105
  8929  1.7442e-105
  8932  1.5623e-105
  8935  1.3196e-105
  8938  1.3532e-105
  8940  1.3104e-105
  8941  1.2779e-105
  8943  1.1270e-105
  8944  9.9670e-106
  8947  1.0358e-105
  8949  1.0896e-105
  8952  1.0834e-105
  8955  8.7826e-106
  8956  9.3863e-106
  8958  8.1317e-106
  8961  7.3636e-106
  8963  7.3952e-106
  8965  7.3983e-106
  8967  8.0389e-106
  8969  6.7770e-106
  8972  6.0291e-106
  8975  4.8334e-106
  8977  4.5164e-106
  8978  3.9949e-106
  8980  3.2217e-106
  8983  3.3637e-106
  8986  3.6666e-106
  8988  3.2127e-106
  8991  3.0329e-106
  8992  3.1947e-106
  8993  3.2065e-106
  8995  3.4389e-106
  8997  3.4271e-106
  8998  2.8517e-106
  9000  2.8649e-106
  9003  3.0600e-106
  9006  2.4803e-106
  9008  2.0782e-106
  9010  2.1775e-106
  9011  2.3878e-106
  9014  2.0427e-106
  9017  1.7311e-106
  9019  1.5288e-106
  9022  1.5587e-106
  9023  1.3639e-106
  9024  1.1652e-106
  9026  1.0239e-106
  9028  1.0013e-106
  9029  1.0108e-106
  9031  8.5309e-107
  9033  7.9199e-107
  9036  7.5534e-107
  9037  6.7107e-107
  9039  7.3629e-107
  9042  7.7222e-107
  9043  7.4810e-107
  9044  7.8887e-107
  9046  8.0133e-107
  9047  8.2407e-107
  9050  8.0900e-107
  9052  7.6242e-107
  9055  6.7613e-107
  9058  6.0399e-107
  9061  6.3631e-107
  9064  6.3061e-107
  9065  5.3172e-107
  9066  4.9193e-107
  9069  5.3208e-107
  9072  5.3283e-107
  9073  5.2565e-107
  9075  5.4419e-107
  9077  4.5105e-107
  9079  3.9350e-107
  9081  4.1139e-107
  9084  3.4381e-107
  9086  2.9408e-107
  9087  3.1205e-107
  9090  3.0736e-107
  9092  2.9343e-107
  9094  3.0525e-107
  9097  2.6236e-107
  9099  2.6759e-107
  9100  2.7856e-107
  9102  2.3611e-107
  9103  2.2349e-107
  9104  2.3701e-107
  9107  2.0741e-107
  9109  2.2110e-107
  9112  2.1829e-107
  9115  1.8826e-107
  9118  1.8008e-107
  9120  1.8158e-107
  9122  1.8056e-107
  9125  1.5106e-107
  9128  1.4716e-107
  9131  1.2855e-107
  9133  1.2976e-107
  9134  1.3836e-107
  9137  1.1543e-107
  9139  1.0076e-107
  9141  1.0955e-107
  9143  1.0497e-107
  9145  9.7754e-108
  9146  9.5016e-108
  9148  9.5780e-108
  9151  8.4640e-108
  9154  8.1665e-108
  9156  7.9222e-108
  9158  8.3249e-108
  9161  7.8775e-108
  9164  7.3727e-108
  9166  7.7828e-108
  9168  7.0216e-108
  9171  5.7440e-108
  9173  5.9739e-108
  9175  6.1047e-108
  9177  5.0903e-108
  9180  4.7345e-108
  9182  4.3319e-108
  9183  3.5349e-108
  9185  3.6242e-108
  9187  3.9141e-108
  9190  3.3232e-108
  9192  3.2345e-108
  9195  3.4106e-108
  9197  3.3197e-108
  9198  3.4928e-108
  9201  2.8196e-108
  9202  2.5556e-108
  9203  2.2979e-108
  9204  2.1240e-108
  9207  1.9582e-108
  9209  1.8116e-108
  9210  1.4575e-108
  9212  1.3479e-108
  9214  1.1535e-108
  9217  1.0583e-108
  9219  9.1172e-109
  9221  9.9390e-109
  9224  1.0023e-108
  9225  9.2718e-109
  9227  9.7809e-109
  9230  1.0678e-108
  9232  1.0433e-108
  9235  9.0153e-109
  9238  8.0801e-109
  9241  7.0585e-109
  9242  7.4356e-109
  9245  6.5500e-109
  9248  5.3983e-109
  9249  4.7020e-109
  9252  4.8572e-109
  9254  4.3197e-109
  9256  3.7639e-109
  9259  3.7550e-109
  9262  3.4826e-109
  9265  3.7119e-109
  9267  3.8337e-109
  9270  4.0727e-109
  9272  4.2121e-109
  9273  4.4565e-109
  9274  4.4984e-109
  9276  4.4179e-109
  9278  4.3745e-109
  9279  4.4649e-109
  9281  4.6783e-109
  9284  4.0817e-109
  9287  3.6623e-109
  9288  3.8768e-109
  9290  3.9657e-109
  9291  4.0976e-109
  9294  4.3677e-109
  9296  3.7278e-109
  9297  3.7968e-109
  9300  3.4312e-109
  9301  2.9734e-109
  9303  2.8880e-109
  9304  3.0559e-109
  9305  2.6232e-109
  9308  2.8237e-109
  9309  2.5493e-109
  9312  2.2647e-109
  9315  2.1256e-109
  9318  2.2442e-109
  9321  1.8384e-109
  9322  1.8943e-109
  9324  1.8099e-109
  9325  1.7673e-109
  9326  1.4451e-109
  9328  1.2075e-109
  9330  9.8195e-110
  9333  1.0186e-109
  9335  9.0508e-110
  9336  7.6311e-110
  9338  7.9758e-110
  9340  6.6062e-110
  9342  5.7995e-110
  9344  5.0718e-110
  9346  4.6626e-110
  9349  3.8587e-110
  9351  3.6042e-110
  9353  3.5026e-110
  9354  3.0668e-110
  9356  2.7011e-110
  9359  2.2257e-110
  9362  2.2478e-110
  9363  2.3749e-110
  9364  2.4863e-110
  9365  2.2494e-110
  9368  1.9419e-110
  9371  1.7441e-110
  9374  1.7784e-110
  9377  1.8836e-110
  9380  1.5349e-110
  9381  1.2505e-110
  9382  1.3100e-110
  9383  1.2079e-110
  9386  9.9968e-111
  9387  8.3478e-111
  9388  8.4299e-111
  9390  7.1460e-111
  9392  5.9593e-111
  9393  6.2295e-111
  9395  5.2269e-111
  9398  4.7446e-111
  9400  4.0280e-111
  9402  4.0434e-111
  9404  4.1499e-111
  9406  4.1476e-111
  9408  4.0431e-111
  9409  4.2127e-111
  9410  3.9142e-111
  9413  4.2402e-111
  9416  4.0564e-111
  9417  3.6061e-111
  9420  3.1562e-111
  9421  2.6157e-111
  9424  2.1106e-111
  9425  1.9075e-111
  9427  1.7454e-111
  9428  1.6835e-111
  9431  1.4945e-111
  9434  1.4176e-111
  9435  1.1713e-111
  9436  1.0665e-111
  9438  9.6614e-112
  9440  1.0303e-111
  9443  1.0057e-111
  9446  9.4090e-112
  9447  8.8011e-112
  9448  7.7106e-112
  9449  7.9535e-112
  9450  7.4935e-112
  9453  6.6051e-112
  9454  6.5295e-112
  9457  6.1081e-112
  9459  6.2141e-112
  9462  6.2464e-112
  9465  5.4504e-112
  9466  4.8697e-112
  9468  4.5701e-112
  9469  3.8923e-112
  9472  3.7960e-112
  9473  3.8346e-112
  9474  3.4965e-112
  9475  3.7887e-112
  9477  3.7875e-112
  9479  3.7070e-112
  9481  3.6041e-112
  9484  3.8279e-112
  9486  3.4868e-112
  9488  3.3293e-112
  9489  2.8335e-112
  9492  2.4118e-112
  9493  2.6123e-112
  9494  2.5818e-112
  9497  2.7904e-112
  9500  2.5657e-112
  9501  2.7562e-112
  9502  2.7075e-112
  9505  2.2592e-112
  9507  1.8315e-112
  9510  1.6664e-112
  9513  1.5048e-112
  9515  1.2336e-112
  9518  1.3415e-112
  9521  1.2447e-112
  9524  1.2243e-112
  9526  1.0363e-112
  9527  9.0621e-113
  9528  8.6764e-113
  9531  9.5015e-113
  9532  8.0567e-113
  9533  8.4579e-113
  9535  8.1211e-113
  9536  7.1917e-113
  9538  7.6266e-113
  9541  7.4525e-113
  9543  6.2653e-113
  9545  6.8157e-113
  9548  6.9340e-113
  9549  7.0189e-113
  9550  6.9016e-113
  9553  7.0804e-113
  9555  6.0137e-113
  9557  5.4336e-113
  9559  4.9237e-113
  9561  5.3402e-113
  9562  5.3920e-113
  9565  5.7627e-113
  9567  4.9358e-113
  9569  4.8575e-113
  9570  4.9817e-113
  9571  4.8491e-113
  9573  5.0812e-113
  9576  4.5037e-113
  9578  4.4967e-113
  9580  4.8015e-113
  9581  4.5818e-113
  9582  4.5698e-113
  9585  4.5775e-113
  9587  4.9607e-113
  9589  5.4408e-113
  9592  5.4838e-113
  9593  5.0050e-113
  9595  5.0261e-113
  9596  5.1414e-113
  9598  4.5539e-113
  9600  4.6303e-113
  9603  3.9185e-113
  9605  3.9828e-113
  9607  3.5220e-113
  9610  2.9076e-113
  9612  2.7720e-113
  9615  2.7237e-113
  9616  2.3120e-113
  9619  2.0313e-113
  9621  2.1532e-113
  9624  2.1479e-113
  9625  2.3351e-113
  9627  2.2967e-113
  9628  2.3534e-113
  9630  2.4635e-113
  9631  2.5083e-113
  9634  2.1036e-113
  9636  2.2395e-113
  9639  2.2667e-113
  9641  1.9101e-113
  9643  1.7030e-113
  9645  1.8060e-113
  9648  1.8780e-113
  9649  1.8169e-113
  9650  1.9518e-113
  9652  1.7920e-113
  9653  1.5157e-113
  9656  1.4824e-113
  9658  1.4938e-113
  9661  1.3870e-113
  9662  1.5126e-113
  9665  1.2935e-113
  9667  1.2939e-113
  9669  1.3640e-113
  9672  1.3859e-113
  9673  1.1283e-113
  9675  1.0358e-113
  9677  9.6467e-114
  9679  7.7454e-114
  9682  6.6865e-114
  9683  6.3603e-114
  9684  6.2241e-114
  9687  5.9196e-114
  9689  5.0765e-114
  9690  5.3742e-114
  9691  4.3937e-114
  9692  4.2804e-114
  9695  4.6946e-114
  9697  4.8603e-114
  9699  5.0354e-114
  9702  4.7725e-114
  9704  3.9932e-114
  9705  3.3716e-114
  9706  2.9441e-114
  9708  2.8204e-114
  9710  2.6139e-114
  9713  2.5345e-114
  9715  2.6731e-114
  9718  2.8639e-114
  9721  3.0663e-114
  9724  2.8778e-114
  9725  2.9010e-114
  9728  3.1632e-114
  9729  3.4479e-114
  9730  3.1103e-114
  9731  3.2872e-114
  9733  2.9318e-114
  9734  3.1206e-114
  9736  2.8673e-114
  9737  2.8185e-114
  9740  2.8011e-114
  9741  2.7964e-114
  9743  2.3308e-114
  9745  2.1337e-114
  9747  1.7770e-114
  9748  1.7942e-114
  9749  1.8633e-114
  9750  1.5177e-114
  9753  1.2782e-114
  9756  1.3936e-114
  9759  1.2295e-114
  9761  1.2585e-114
  9764  1.1116e-114
  9766  1.0873e-114
  9768  1.0316e-114
  9771  1.0666e-114
  9773  1.0138e-114
  9775  9.6813e-115
  9776  7.7613e-115
  9778  8.1276e-115
  9781  8.4884e-115
  9783  7.5741e-115
  9786  7.2965e-115
  9787  6.1972e-115
  9790  6.1111e-115
  9791  6.0748e-115
  9792  5.0857e-115
  9793  4.4812e-115
  9794  3.6926e-115
  9797  3.6452e-115
  9799  3.1403e-115
  9802  2.7399e-115
  9805  2.4063e-115
  9808  2.2368e-115
  9810  2.2645e-115
  9812  2.2499e-115
  9813  1.8705e-115
  9814  1.8044e-115
  9815  1.8071e-115
  9816  1.4976e-115
  9818  1.2845e-115
  9821  1.2170e-115
  9823  1.0022e-115
  9824  8.5593e-116
  9826  7.9599e-116
  9827  6.5673e-116
  9829  6.9455e-116
  9832  7.0171e-116
  9835  6.8638e-116
  9837  6.4040e-116
  9840  5.1463e-116
  9842  4.6753e-116
  9843  3.9175e-116
  9845  3.8913e-116
  9846  3.8413e-116
  9849  4.1174e-116
  9852  4.2201e-116
  9854  4.0781e-116
  9855  3.6361e-116
  9858  3.9719e-116
  9859  4.1504e-116
  9860  4.3657e-116
  9861  3.7559e-116
  9862  3.8919e-116
  9863  3.8268e-116
  9864  3.4946e-116
  9866  3.0877e-116
  9868  2.8223e-116
  9871  2.9684e-116
  9872  2.9518e-116
  9873  2.4990e-116
  9876  2.0776e-116
  9878  1.9085e-116
  9881  2.0331e-116
  9884  2.0884e-116
  9887  1.9696e-116
  9889  1.8863e-116
  9890  1.9377e-116
  9892  1.6347e-116
  9895  1.7948e-116
  9897  1.6432e-116
  9900  1.5298e-116
  9901  1.4425e-116
  9904  1.3293e-116
  9905  1.0864e-116
  9907  1.0085e-116
  9910  1.0369e-116
  9913  8.8631e-117
  9916  7.8657e-117
  9917  6.7766e-117
  9919  5.5542e-117
  9922  4.9542e-117
  9925  5.2337e-117
  9926  5.2460e-117
  9927  4.3119e-117
  9928  3.7054e-117
  9931  3.3308e-117
  9934  3.0167e-117
  9935  3.1455e-117
  9938  3.3237e-117
  9941  2.9677e-117
  9944  3.0806e-117
  9946  2.7599e-117
  9947  2.8904e-117
  9948  2.5827e-117
  9951  2.1638e-117
  9952  1.9542e-117
  9953  2.0279e-117
  9955  1.7734e-117
  9957  1.5722e-117
  9960  1.5824e-117
  9962  1.4528e-117
  9965  1.5613e-117
  9968  1.3934e-117
  9969  1.2454e-117
  9972  1.0937e-117
  9974  8.9380e-118
  9977  8.0630e-118
  9978  7.0800e-118
  9979  5.9316e-118
  9980  6.3181e-118
  9983  6.6153e-118
  9985  6.0590e-118
  9988  4.8821e-118
  9991  4.6080e-118
  9993  4.8337e-118
  9995  3.9094e-118
  9996  3.2416e-118
  9998  2.8532e-118
