     1  1.0000e+02
     2  9.9424e+01
     5  8.3684e+01
     7  8.4161e+01
     8  8.8809e+01
    10  8.1481e+01
    13  8.2154e+01
    16  7.4630e+01
    17  6.4490e+01
    20  5.9076e+01
    23  6.4179e+01
    24  5.2351e+01
    27  4.6155e+01
    30  4.0955e+01
    32  4.2321e+01
    35  4.0971e+01
    37  3.8771e+01
    39  3.8329e+01
    42  4.0095e+01
    43  4.2810e+01
    44  3.7414e+01
    47  3.8801e+01
    48  3.4808e+01
    51  2.8454e+01
    52  2.2793e+01
    54  2.2215e+01
    55  1.8456e+01
    58  1.6190e+01
    59  1.7438e+01
    60  1.8537e+01
    62  1.5209e+01
    64  1.2508e+01
    67  1.0664e+01
    68  9.9149e+00
    70  1.0689e+01
    72  9.6159e+00
    74  9.5707e+00
    77  9.8420e+00
    78  9.6801e+00
    80  9.6719e+00
    82  7.8998e+00
    84  8.3632e+00
    85  8.1957e+00
    86  8.1123e+00
    89  7.7166e+00
    91  7.6752e+00
    94  7.6373e+00
    97  8.3121e+00
   100  7.7284e+00
   103  6.3793e+00
   106  6.8138e+00
   107  6.6795e+00
   109  5.3898e+00
   111  4.9549e+00
   114  5.2043e+00
   115  5.5964e+00
   117  4.5730e+00
   118  4.2370e+00
   120  4.5765e+00
   122  3.8114e+00
   123  3.5547e+00
   125  3.2692e+00
   126  3.2256e+00
   128  3.1991e+00
   130  3.2738e+00
   131  3.1509e+00
   132  3.2841e+00
   135  2.7419e+00
   137  2.9052e+00
   140  3.1743e+00
   141  2.6675e+00
   144  2.3121e+00
   147  2.3219e+00
   148  2.4006e+00
   150  2.1001e+00
   152  1.9129e+00
   154  2.0023e+00
   157  1.6448e+00
   160  1.6551e+00
   163  1.7553e+00
   166  1.6658e+00
   168  1.3422e+00
   169  1.3565e+00
   172  1.4886e+00
   175  1.5966e+00
   177  1.5104e+00
   178  1.5689e+00
   180  1.4612e+00
   182  1.4148e+00
   183  1.5412e+00
   184  1.4428e+00
   187  1.5473e+00
   188  1.5908e+00
   190  1.3071e+00
   192  1.3672e+00
   195  1.2808e+00
   197  1.1753e+00
   199  1.1591e+00
   201  1.0597e+00
   204  1.1097e+00
   205  9.5180e-01
   208  7.8429e-01
   211  7.2837e-01
   213  7.8274e-01
   215  8.4889e-01
   217  8.9943e-01
   218  9.5847e-01
   221  8.4503e-01
   222  8.6873e-01
   223  8.8472e-01
   226  7.8886e-01
   227  6.3294e-01
   230  6.2887e-01
   231  5.6129e-01
   233  6.1558e-01
   236  6.3340e-01
   237  5.5717e-01
   238  4.6660e-01
   239  4.2095e-01
   242  4.5317e-01
   245  4.3235e-01
   248  3.9090e-01
   251  3.3783e-01
   252  3.0633e-01
   255  3.2445e-01
   257  2.7840e-01
   260  2.4490e-01
   262  2.2528e-01
   264  2.1240e-01
   266  1.8676e-01
   267  2.0477e-01
   270  1.6792e-01
   272  1.4795e-01
   274  1.5843e-01
   275  1.3851e-01
   276  1.1761e-01
   279  1.1970e-01
   280  9.8954e-02
   281  1.0423e-01
   283  1.0835e-01
   285  9.1671e-02
   286  7.8520e-02
   289  6.9787e-02
   291  6.3618e-02
   294  6.0060e-02
   297  5.4758e-02
   299  4.8554e-02
   300  4.2323e-02
   302  3.6007e-02
   304  3.3623e-02
   306  3.5177e-02
   307  3.7491e-02
   308  3.1507e-02
   311  2.8062e-02
   314  2.6966e-02
   315  2.3860e-02
   317  2.5044e-02
   319  2.5648e-02
   321  2.6534e-02
   322  2.2950e-02
   324  2.1091e-02
   327  2.1239e-02
   328  1.7405e-02
   329  1.6167e-02
   331  1.3658e-02
   332  1.3136e-02
   333  1.1247e-02
   336  1.1633e-02
   338  1.0172e-02
   339  8.5618e-03
   340  7.8055e-03
   343  6.6411e-03
   346  5.9622e-03
   347  5.5685e-03
   350  4.4958e-03
   353  4.1064e-03
   356  4.4579e-03
   359  3.9035e-03
   362  3.2195e-03
   364  2.6517e-03
   367  2.3404e-03
   369  1.9795e-03
   372  1.6170e-03
   373  1.3420e-03
   374  1.0927e-03
   376  1.1506e-03
   379  9.6322e-04
   381  9.3499e-04
   383  7.7813e-04
   386  7.2931e-04
   387  5.9853e-04
   389  4.9104e-04
   392  4.3743e-04
   393  4.0013e-04
   394  3.3018e-04
   396  2.8309e-04
   398  2.7632e-04
   399  2.6471e-04
   400  2.5420e-04
   402  2.3580e-04
   405  1.9533e-04
   407  1.6119e-04
   410  1.4139e-04
   412  1.4551e-04
   414  1.5911e-04
   417  1.4253e-04
   420  1.3418e-04
   423  1.2999e-04
   425  1.3663e-04
   426  1.1436e-04
   428  9.5423e-05
   430  9.9742e-05
   433  8.0106e-05
   436  6.9606e-05
   438  7.2353e-05
   440  7.5929e-05
   442  6.7727e-05
   445  6.7727e-05
   448  7.4444e-05
   449  6.7932e-05
   451  5.5351e-05
   453  5.6981e-05
   455  5.1392e-05
   458  4.7856e-05
   459  4.3634e-05
   462  4.2185e-05
   464  4.3613e-05
   466  3.5278e-05
   469  3.0160e-05
   471  2.7477e-05
   472  2.5818e-05
   475  2.6568e-05
   478  2.7102e-05
   481  2.6922e-05
   482  2.5355e-05
   485  2.1124e-05
   487  2.3091e-05
   488  2.3217e-05
   490  1.9274e-05
   492  1.9882e-05
   495  1.6420e-05
   497  1.5836e-05
   498  1.6743e-05
   501  1.4528e-05
   502  1.4666e-05
   504  1.5530e-05
   506  1.5257e-05
   507  1.4269e-05
   509  1.3153e-05
   510  1.0735e-05
   512  1.1334e-05
   515  1.1231e-05
   518  1.0253e-05
   519  9.2622e-06
   522  9.6099e-06
   523  1.0236e-05
   525  1.0894e-05
   528  9.5362e-06
   531  8.4413e-06
   534  7.4268e-06
   535  6.3032e-06
   538  5.4345e-06
   539  4.7308e-06
   542  4.7394e-06
   545  4.6521e-06
   546  5.0624e-06
   547  5.3140e-06
   550  5.4779e-06
   552  5.5024e-06
   555  4.9550e-06
   557  4.5574e-06
   560  3.9370e-06
   562  4.1144e-06
   565  4.4100e-06
   567  3.5463e-06
   568  3.0002e-06
   571  3.0191e-06
   573  2.5791e-06
   576  2.4762e-06
   577  2.4098e-06
   579  2.5118e-06
   581  2.3007e-06
   582  2.4301e-06
   585  1.9711e-06
   588  1.9312e-06
   589  1.5976e-06
   590  1.6946e-06
   591  1.5553e-06
   592  1.4922e-06
   593  1.5030e-06
   594  1.4393e-06
   597  1.2723e-06
   598  1.3288e-06
   600  1.3842e-06
   603  1.4385e-06
   606  1.2222e-06
   607  1.3240e-06
   609  1.3867e-06
   612  1.3290e-06
   613  1.2388e-06
   615  1.3451e-06
   616  1.2539e-06
   618  1.2339e-06
   620  1.1836e-06
   622  9.9150e-07
   625  8.7062e-07
   628  8.0913e-07
   631  7.7606e-07
   634  8.2767e-07
   636  6.6904e-07
   637  6.0744e-07
   638  5.0854e-07
   640  5.5689e-07
   643  5.4461e-07
   645  5.6218e-07
   646  6.0767e-07
   647  5.6987e-07
   650  6.1727e-07
   652  5.1281e-07
   654  4.4455e-07
   655  4.8144e-07
   657  4.5323e-07
   658  4.5683e-07
   659  4.7818e-07
   660  4.0974e-07
   662  3.6985e-07
   665  3.4552e-07
   668  2.8130e-07
   671  2.5175e-07
   673  2.1588e-07
   674  1.8782e-07
   677  1.5424e-07
   679  1.4522e-07
   682  1.2222e-07
   684  1.0754e-07
   686  9.6007e-08
   689  9.6447e-08
   692  9.8793e-08
   695  8.6751e-08
   698  8.6271e-08
   701  8.3894e-08
   704  8.6689e-08
   706  7.1581e-08
   707  5.8468e-08
   709  5.4528e-08
   712  4.8921e-08
   715  4.0661e-08
   718  3.3469e-08
   720  3.3979e-08
   721  3.2115e-08
   724  2.7174e-08
   725  2.6985e-08
   728  2.5107e-08
   729  2.1718e-08
   731  1.7929e-08
   732  1.5669e-08
   735  1.6161e-08
   737  1.5682e-08
   738  1.4437e-08
   741  1.1650e-08
   743  1.0843e-08
   745  8.9308e-09
   746  8.4642e-09
   749  7.2906e-09
   750  7.5832e-09
   751  8.0326e-09
   752  8.6924e-09
   755  8.7284e-09
   758  9.4584e-09
   760  1.0387e-08
   762  9.0602e-09
   765  9.1206e-09
   768  7.4992e-09
   769  7.7421e-09
   772  7.6525e-09
   774  7.0687e-09
   775  5.8302e-09
   777  6.0350e-09
   778  6.4286e-09
   779  5.1521e-09
   781  4.3207e-09
   784  4.3378e-09
   787  4.0188e-09
   789  3.3325e-09
   791  2.9556e-09
   793  3.1901e-09
   796  3.4223e-09
   797  3.1228e-09
   798  3.3819e-09
   800  2.9211e-09
   801  2.6958e-09
   802  2.6524e-09
   803  2.7232e-09
   804  2.6616e-09
   806  2.6151e-09
   808  2.1321e-09
   810  2.0613e-09
   812  1.8723e-09
   815  1.5086e-09
   818  1.5079e-09
   820  1.2316e-09
   822  1.2077e-09
   823  9.9131e-10
   825  1.0675e-09
   827  1.1660e-09
   830  1.1039e-09
   831  9.5666e-10
   834  8.3973e-10
   835  8.8115e-10
   836  9.4314e-10
   839  9.1357e-10
   840  8.0037e-10
   843  6.5553e-10
   846  5.4609e-10
   847  5.0938e-10
   848  5.5885e-10
   849  5.3218e-10
   852  4.3380e-10
   854  3.6704e-10
   855  3.5106e-10
   858  3.7671e-10
   859  3.2939e-10
   862  2.8546e-10
   864  2.6951e-10
   866  2.7670e-10
   867  2.7539e-10
   869  2.7138e-10
   872  2.4596e-10
   873  2.4876e-10
   875  2.5851e-10
   876  2.2850e-10
   877  2.2404e-10
   880  1.8927e-10
   883  1.8746e-10
   884  1.9894e-10
   885  2.1289e-10
   888  2.2881e-10
   890  2.3003e-10
   891  2.5179e-10
   893  2.3624e-10
   894  2.0774e-10
   897  1.9783e-10
   899  2.1558e-10
   902  2.1540e-10
   903  1.7846e-10
   905  1.8042e-10
   906  1.5877e-10
   908  1.4105e-10
   909  1.5405e-10
   912  1.3280e-10
   915  1.1974e-10
   916  1.1914e-10
   919  1.1784e-10
   921  1.0435e-10
   923  1.0949e-10
   924  1.1742e-10
   927  1.1079e-10
   930  1.1551e-10
   933  1.0683e-10
   936  1.0587e-10
   937  1.0143e-10
   939  9.6382e-11
   942  7.8138e-11
   945  7.2404e-11
   946  7.4961e-11
   949  8.0643e-11
   951  8.5552e-11
   953  7.7535e-11
   954  7.6632e-11
   955  6.6008e-11
   957  5.8572e-11
   959  5.5597e-11
   960  4.8495e-11
   962  4.1002e-11
   963  4.2360e-11
   964  3.5424e-11
   966  3.8030e-11
   967  3.6184e-11
   968  3.7950e-11
   970  3.3434e-11
   971  3.3454e-11
   972  3.4371e-11
   973  3.0731e-11
   975  2.5870e-11
   978  2.1051e-11
   980  2.2456e-11
   982  2.0251e-11
   983  1.8141e-11
   986  1.6939e-11
   987  1.6108e-11
   989  1.3572e-11
   992  1.3592e-11
   994  1.3304e-11
   996  1.2785e-11
   997  1.1229e-11
  1000  1.1005e-11
  1001  1.0798e-11
  1004  1.0717e-11
  1005  9.9539e-12
  1007  8.0884e-12
  1009  7.1907e-12
  1011  6.7880e-12
  1014  7.4194e-12
  1016  7.8785e-12
  1018  6.3767e-12
  1021  5.5448e-12
  1024  5.7726e-12
  1025  4.9054e-12
  1028  4.8043e-12
  1030  3.8959e-12
  1031  3.4049e-12
  1033  2.9901e-12
  1035  3.1680e-12
  1036  2.9588e-12
  1037  2.4952e-12
  1038  2.6429e-12
  1039  2.1727e-12
  1042  2.0191e-12
  1044  2.0677e-12
  1047  1.8262e-12
  1048  1.7875e-12
  1051  1.6267e-12
  1053  1.5980e-12
  1056  1.5319e-12
  1058  1.4643e-12
  1061  1.3925e-12
  1064  1.1990e-12
  1066  1.0654e-12
  1068  1.1187e-12
  1071  1.0421e-12
  1072  9.7261e-13
  1075  1.0407e-12
  1076  1.0012e-12
  1077  1.0950e-12
  1079  9.6887e-13
  1081  1.0520e-12
  1082  1.1526e-12
  1084  9.3486e-13
  1087  9.9661e-13
  1090  8.9335e-13
  1093  8.7741e-13
  1096  7.2325e-13
  1097  5.9167e-13
  1099  5.5636e-13
  1102  4.9420e-13
  1104  4.4635e-13
  1107  3.9695e-13
  1109  3.4209e-13
  1111  3.7345e-13
  1113  3.0427e-13
  1115  2.5650e-13
  1117  2.0734e-13
  1119  1.7191e-13
  1121  1.4841e-13
  1124  1.5007e-13
  1126  1.3458e-13
  1129  1.1257e-13
  1130  1.0166e-13
  1132  8.4617e-14
  1135  7.3413e-14
  1138  7.1492e-14
  1140  5.8073e-14
  1141  5.0446e-14
  1144  5.2572e-14
  1147  5.1956e-14
  1150  5.6016e-14
  1151  4.9542e-14
  1154  5.3522e-14
  1156  4.4439e-14
  1158  4.6601e-14
  1159  3.9903e-14
  1160  3.8789e-14
  1161  3.5960e-14
  1164  3.7749e-14
  1167  3.9043e-14
  1170  4.0120e-14
  1171  3.3886e-14
  1173  3.2850e-14
  1175  3.0303e-14
  1176  2.7806e-14
  1179  2.3778e-14
  1180  2.2232e-14
  1182  1.8454e-14
  1183  1.5103e-14
  1184  1.3550e-14
  1186  1.3247e-14
  1187  1.1909e-14
  1189  9.7180e-15
  1190  9.6614e-15
  1191  8.7147e-15
  1193  7.6317e-15
  1195  7.1742e-15
  1198  7.2240e-15
  1199  7.9415e-15
  1201  7.0675e-15
  1203  5.6851e-15
  1204  5.2930e-15
  1207  4.7836e-15
  1208  3.8330e-15
  1211  3.3072e-15
  1212  2.6961e-15
  1215  2.3579e-15
  1218  2.3858e-15
  1221  2.5640e-15
  1222  2.3879e-15
  1223  2.0501e-15
  1226  1.8043e-15
  1228  1.7149e-15
  1230  1.7420e-15
  1232  1.4513e-15
  1233  1.1944e-15
  1236  1.0009e-15
  1239  1.0861e-15
  1240  9.3747e-16
  1242  9.3284e-16
  1244  8.4060e-16
  1247  8.6451e-16
  1249  7.4824e-16
  1251  7.5648e-16
  1253  6.5758e-16
  1255  5.8891e-16
  1256  5.0137e-16
  1258  4.1346e-16
  1261  4.2664e-16
  1264  4.2814e-16
  1265  3.8645e-16
  1268  3.1994e-16
  1269  3.1386e-16
  1272  3.4355e-16
  1275  3.0391e-16
  1276  2.9087e-16
  1277  3.0060e-16
  1280  2.5163e-16
  1282  2.4126e-16
  1283  2.4698e-16
  1284  2.2054e-16
  1287  1.8028e-16
  1289  1.5058e-16
  1292  1.5604e-16
  1294  1.5054e-16
  1296  1.5752e-16
  1299  1.5758e-16
  1302  1.7164e-16
  1303  1.6252e-16
  1306  1.3364e-16
  1308  1.1225e-16
  1309  1.0428e-16
  1312  1.0299e-16
  1315  8.8997e-17
  1318  7.7113e-17
  1319  7.4350e-17
  1320  7.4021e-17
  1322  6.7490e-17
  1323  5.9055e-17
  1324  5.6707e-17
  1325  6.1068e-17
  1328  6.2750e-17
  1331  5.6011e-17
  1332  5.9996e-17
  1333  5.7723e-17
  1334  6.0644e-17
  1335  6.6564e-17
  1337  6.5640e-17
  1339  6.0741e-17
  1341  4.9708e-17
  1344  4.8838e-17
  1345  4.8660e-17
  1346  4.3830e-17
  1349  3.9975e-17
  1350  3.3921e-17
  1353  3.4768e-17
  1354  2.9452e-17
  1355  2.8790e-17
  1358  2.3691e-17
  1360  1.9063e-17
  1362  1.5505e-17
  1364  1.3239e-17
  1366  1.1180e-17
  1369  1.0004e-17
  1372  1.0822e-17
  1375  9.8247e-18
  1377  8.1400e-18
  1378  8.5209e-18
  1379  7.8677e-18
  1381  8.2438e-18
  1384  8.7482e-18
  1385  8.3199e-18
  1386  7.1443e-18
  1388  7.7150e-18
  1390  6.6690e-18
  1391  5.7550e-18
  1394  4.8332e-18
  1397  4.4694e-18
  1399  3.8138e-18
  1400  3.8016e-18
  1403  3.1455e-18
  1405  3.0218e-18
  1408  3.1434e-18
  1411  3.2968e-18
  1413  3.2795e-18
  1416  3.1791e-18
  1419  3.3981e-18
  1422  3.3828e-18
  1423  3.1510e-18
  1424  3.2618e-18
  1426  2.6942e-18
  1427  2.7535e-18
  1430  2.2402e-18
  1433  2.2259e-18
  1434  1.7860e-18
  1435  1.7930e-18
  1437  1.8108e-18
  1439  1.6634e-18
  1442  1.5078e-18
  1444  1.2633e-18
  1445  1.0568e-18
  1448  8.8265e-19
  1450  9.1951e-19
  1453  8.0887e-19
  1456  7.8224e-19
  1457  7.9449e-19
  1458  6.5474e-19
  1460  6.0666e-19
  1463  5.7966e-19
  1465  5.6840e-19
  1466  5.6443e-19
  1469  5.2722e-19
  1471  5.5177e-19
  1472  5.7328e-19
  1474  5.9692e-19
  1477  6.1178e-19
  1480  5.7184e-19
  1483  4.9065e-19
  1484  4.8312e-19
  1485  5.1461e-19
  1487  5.3459e-19
  1490  5.6476e-19
  1492  4.6472e-19
  1494  4.8422e-19
  1495  4.7614e-19
  1496  3.8476e-19
  1498  3.1812e-19
  1500  3.1342e-19
  1501  3.0748e-19
  1502  2.6458e-19
  1503  2.2821e-19
  1504  2.3894e-19
  1505  2.3977e-19
  1507  2.6105e-19
  1509  2.8389e-19
  1510  2.8639e-19
  1512  3.0036e-19
  1515  3.2969e-19
  1518  3.3979e-19
  1519  2.9525e-19
  1520  3.1021e-19
  1522  3.1363e-19
  1524  2.9803e-19
  1527  2.7075e-19
  1530  2.4463e-19
  1531  1.9706e-19
  1534  2.0623e-19
  1535  2.2067e-19
  1536  2.2042e-19
  1539  2.2681e-19
  1542  2.3672e-19
  1544  2.0900e-19
  1547  1.9436e-19
  1550  1.8348e-19
  1551  1.6516e-19
  1553  1.5701e-19
  1555  1.6837e-19
  1557  1.6321e-19
  1559  1.3517e-19
  1560  1.1922e-19
  1563  1.0259e-19
  1565  1.1234e-19
  1567  9.6609e-20
  1568  9.4239e-20
  1571  9.0268e-20
  1573  8.9171e-20
  1574  8.6236e-20
  1576  7.6993e-20
  1578  6.5020e-20
  1581  5.9752e-20
  1583  6.3769e-20
  1586  5.7632e-20
  1587  5.1100e-20
  1590  4.8883e-20
  1593  4.2643e-20
  1594  4.4689e-20
  1596  3.9095e-20
  1598  3.8989e-20
  1601  3.9557e-20
  1602  4.3237e-20
  1605  4.0345e-20
  1606  3.4927e-20
  1608  3.1977e-20
  1611  3.2658e-20
  1612  3.1623e-20
  1615  2.7604e-20
  1616  2.2559e-20
  1617  2.4133e-20
  1620  2.6477e-20
  1622  2.5288e-20
  1625  2.5778e-20
  1627  2.5996e-20
  1629  2.7699e-20
  1630  2.5684e-20
  1631  2.5340e-20
  1633  2.7571e-20
  1636  2.9960e-20
  1639  2.3992e-20
  1641  2.0495e-20
  1643  2.0618e-20
  1645  2.0519e-20
  1648  1.8710e-20
  1651  1.8798e-20
  1652  1.9378e-20
  1655  1.9490e-20
  1658  1.5635e-20
  1659  1.2519e-20
  1661  1.2736e-20
  1664  1.1933e-20
  1666  1.0916e-20
  1667  1.1892e-20
  1668  1.1583e-20
  1669  9.6196e-21
  1671  8.0670e-21
  1674  6.6290e-21
  1677  6.7209e-21
  1678  6.7906e-21
  1681  6.3973e-21
  1684  5.3009e-21
  1685  4.9112e-21
  1687  4.3855e-21
  1690  4.2944e-21
  1693  3.7747e-21
  1696  3.6534e-21
  1699  3.6515e-21
  1700  3.5864e-21
  1702  3.4264e-21
  1703  3.7346e-21
  1705  3.4341e-21
  1707  2.8949e-21
  1709  2.5478e-21
  1711  2.1846e-21
  1714  2.2461e-21
  1715  1.7991e-21
  1716  1.7512e-21
  1717  1.8727e-21
  1718  2.0290e-21
  1719  1.7865e-21
  1720  1.6774e-21
  1721  1.6887e-21
  1724  1.6664e-21
  1725  1.7843e-21
  1727  1.5495e-21
  1728  1.5602e-21
  1729  1.3183e-21
  1731  1.3621e-21
  1733  1.1726e-21
  1734  1.1869e-21
  1736  1.0033e-21
  1737  9.7640e-22
  1738  9.1963e-22
  1740  9.4000e-22
  1742  8.9169e-22
  1743  8.9512e-22
  1745  7.9354e-22
  1747  7.0602e-22
  1749  7.2014e-22
  1751  7.5921e-22
  1754  7.6302e-22
  1755  6.6612e-22
  1756  5.9198e-22
  1758  5.3498e-22
  1760  4.9338e-22
  1762  3.9513e-22
  1765  3.9785e-22
  1768  4.0712e-22
  1771  4.0897e-22
  1773  3.6828e-22
  1774  3.7421e-22
  1777  3.3813e-22
  1779  2.8334e-22
  1782  2.9858e-22
  1784  2.8143e-22
  1785  2.7089e-22
  1786  2.9673e-22
  1787  2.6197e-22
  1789  2.7685e-22
  1790  3.0431e-22
  1792  3.2148e-22
  1795  2.6235e-22
  1798  2.3417e-22
  1799  2.1095e-22
  1802  1.6894e-22
  1804  1.4447e-22
  1805  1.2712e-22
  1808  1.2136e-22
  1810  1.2496e-22
  1813  1.1782e-22
  1815  1.2284e-22
  1817  9.9710e-23
  1819  8.2996e-23
  1822  8.9606e-23
  1825  7.3473e-23
  1826  6.5322e-23
  1828  5.7408e-23
  1830  4.6703e-23
  1833  3.8729e-23
  1834  3.2306e-23
  1835  2.8559e-23
  1838  2.5535e-23
  1839  2.4247e-23
  1842  2.5188e-23
  1843  2.6050e-23
  1845  2.2516e-23
  1848  2.4701e-23
  1851  2.1770e-23
  1854  2.2687e-23
  1855  2.4136e-23
  1858  2.1125e-23
  1860  2.0535e-23
  1861  2.1512e-23
  1862  2.2663e-23
  1864  2.2915e-23
  1866  2.4379e-23
  1867  2.3177e-23
  1868  2.3196e-23
  1871  2.3473e-23
  1874  2.1070e-23
  1876  1.7047e-23
  1877  1.5882e-23
  1880  1.6410e-23
  1882  1.4812e-23
  1885  1.5302e-23
  1887  1.4807e-23
  1890  1.5679e-23
  1891  1.3210e-23
  1892  1.0786e-23
  1893  1.1804e-23
  1895  9.8268e-24
  1896  8.1789e-24
  1899  8.7370e-24
  1902  8.2129e-24
  1903  7.9959e-24
  1906  7.0982e-24
  1909  6.6296e-24
  1910  5.7878e-24
  1911  5.2944e-24
  1913  4.8222e-24
  1916  4.3227e-24
  1919  4.1373e-24
  1920  4.2375e-24
  1921  4.1275e-24
  1924  3.4915e-24
  1926  2.9465e-24
  1929  2.6784e-24
  1931  2.6507e-24
  1933  2.1639e-24
  1934  1.7907e-24
  1937  1.8030e-24
  1938  1.6945e-24
  1941  1.8388e-24
  1943  1.8875e-24
  1944  1.5985e-24
  1945  1.7340e-24
  1947  1.4069e-24
  1949  1.4102e-24
  1950  1.2829e-24
  1953  1.3538e-24
  1955  1.1195e-24
  1956  1.2054e-24
  1957  1.2611e-24
  1958  1.3158e-24
  1961  1.0538e-24
  1964  8.8804e-25
  1965  9.6365e-25
  1968  1.0535e-24
  1970  9.3487e-25
  1973  8.5909e-25
  1974  8.2016e-25
  1975  7.5007e-25
  1977  6.1536e-25
  1980  5.1101e-25
  1983  4.1455e-25
  1986  3.3601e-25
  1989  2.8335e-25
  1990  2.6334e-25
  1991  2.3859e-25
  1994  2.3159e-25
  1996  1.9324e-25
  1998  1.6545e-25
  1999  1.7819e-25
  2001  1.7135e-25
  2004  1.6202e-25
  2007  1.6246e-25
  2009  1.5955e-25
  2012  1.5665e-25
  2013  1.3445e-25
  2016  1.3029e-25
  2019  1.3685e-25
  2022  1.2024e-25
  2023  1.2775e-25
  2025  1.2485e-25
  2027  1.3684e-25
  2030  1.4277e-25
  2032  1.3677e-25
  2033  1.2466e-25
  2034  1.1002e-25
  2035  9.0351e-26
  2038  8.7929e-26
  2040  8.0603e-26
  2041  7.8263e-26
  2043  7.9069e-26
  2044  7.5317e-26
  2046  7.1726e-26
  2048  5.9989e-26
  2051  5.7015e-26
  2053  5.8561e-26
  2055  5.0819e-26
  2058  4.1256e-26
  2061  3.8447e-26
  2062  3.9358e-26
  2064  3.3855e-26
  2066  2.7913e-26
  2067  2.3370e-26
  2070  2.0409e-26
  2073  1.7278e-26
  2076  1.7154e-26
  2079  1.4023e-26
  2080  1.5249e-26
  2082  1.3486e-26
  2083  1.3096e-26
  2086  1.3238e-26
  2089  1.2145e-26
  2091  1.2070e-26
  2092  1.0397e-26
  2093  9.6504e-27
  2095  9.6875e-27
  2097  1.0251e-26
  2098  1.1050e-26
  2099  1.1851e-26
  2100  1.1627e-26
  2102  1.0641e-26
  2104  9.8943e-27
  2107  9.8676e-27
  2109  9.5020e-27
  2111  8.4989e-27
  2113  8.3666e-27
  2115  7.5252e-27
  2116  6.5917e-27
  2118  5.5131e-27
  2121  4.4717e-27
  2122  4.0430e-27
  2123  3.4104e-27
  2124  3.6278e-27
  2125  3.9762e-27
  2127  3.3288e-27
  2130  3.4338e-27
  2131  3.0519e-27
  2134  3.1495e-27
  2137  2.9153e-27
  2138  3.0732e-27
  2141  2.8652e-27
  2144  2.5518e-27
  2145  2.3608e-27
  2146  2.3538e-27
  2147  2.5555e-27
  2149  2.5626e-27
  2150  2.6996e-27
  2153  2.6207e-27
  2156  2.6456e-27
  2157  2.7364e-27
  2160  2.9241e-27
  2162  2.7568e-27
  2165  2.6502e-27
  2166  2.5936e-27
  2167  2.5456e-27
  2168  2.6838e-27
  2170  2.2245e-27
  2171  1.8156e-27
  2174  1.7121e-27
  2177  1.4616e-27
  2179  1.2804e-27
  2182  1.2023e-27
  2184  9.9737e-28
  2187  8.8045e-28
  2190  7.5289e-28
  2193  7.1579e-28
  2195  6.8631e-28
  2197  7.1698e-28
  2200  7.4926e-28
  2203  6.9743e-28
  2206  7.2134e-28
  2207  6.8170e-28
  2208  6.8554e-28
  2211  7.3627e-28
  2213  6.3119e-28
  2214  5.7203e-28
  2215  5.7252e-28
  2218  6.1932e-28
  2221  5.7750e-28
  2223  5.5856e-28
  2225  5.0205e-28
  2226  4.1599e-28
  2228  4.3334e-28
  2229  3.8041e-28
  2231  3.2983e-28
  2234  3.0559e-28
  2235  3.2571e-28
  2238  2.7825e-28
  2239  2.6257e-28
  2241  2.4512e-28
  2242  2.1608e-28
  2243  1.9525e-28
  2246  2.0282e-28
  2249  2.0226e-28
  2252  1.8819e-28
  2255  1.9383e-28
  2256  1.7267e-28
  2258  1.4431e-28
  2259  1.2908e-28
  2262  1.3534e-28
  2265  1.4313e-28
  2266  1.1927e-28
  2267  1.2974e-28
  2268  1.0427e-28
  2271  9.3216e-29
  2274  7.5095e-29
  2276  8.1462e-29
  2277  7.0126e-29
  2279  6.0734e-29
  2282  6.6761e-29
  2284  6.3045e-29
  2285  5.5030e-29
  2288  4.8422e-29
  2290  4.9871e-29
  2293  4.6905e-29
  2294  3.7693e-29
  2296  3.3841e-29
  2297  2.7972e-29
  2300  2.8551e-29
  2302  2.4019e-29
  2303  2.2607e-29
  2304  2.1539e-29
  2307  2.2180e-29
  2309  1.8480e-29
  2310  1.9180e-29
  2313  1.5618e-29
  2316  1.3218e-29
  2319  1.1274e-29
  2321  1.2042e-29
  2323  1.1105e-29
  2324  1.0347e-29
  2327  9.6093e-30
  2328  8.4323e-30
  2331  7.0260e-30
  2332  7.4163e-30
  2334  6.0520e-30
  2335  6.2746e-30
  2338  6.0571e-30
  2340  6.2804e-30
  2343  6.8636e-30
  2345  6.2530e-30
  2348  6.1374e-30
  2351  6.1411e-30
  2352  5.1980e-30
  2353  4.9946e-30
  2354  4.0818e-30
  2355  4.2454e-30
  2358  3.4401e-30
  2359  3.4913e-30
  2362  3.7277e-30
  2365  3.6091e-30
  2366  3.8735e-30
  2368  3.6865e-30
  2369  3.4215e-30
  2371  3.1305e-30
  2372  2.5052e-30
  2373  2.0346e-30
  2374  1.8256e-30
  2376  1.8731e-30
  2378  1.5985e-30
  2379  1.3096e-30
  2382  1.4256e-30
  2384  1.4495e-30
  2386  1.3824e-30
  2387  1.4374e-30
  2390  1.5305e-30
  2391  1.6356e-30
  2394  1.3461e-30
  2395  1.1096e-30
  2397  9.5228e-31
  2398  8.8717e-31
  2400  7.7325e-31
  2401  6.8771e-31
  2404  6.6470e-31
  2405  6.8012e-31
  2408  5.7944e-31
  2410  4.8175e-31
  2413  5.0614e-31
  2416  5.3426e-31
  2417  4.6552e-31
  2418  5.0654e-31
  2421  5.3772e-31
  2422  4.7192e-31
  2425  4.7232e-31
  2428  4.3538e-31
  2429  4.7523e-31
  2432  3.9533e-31
  2435  4.1179e-31
  2437  3.4401e-31
  2438  3.1930e-31
  2440  3.0775e-31
  2441  2.8008e-31
  2442  2.3333e-31
  2445  1.9274e-31
  2447  1.9853e-31
  2450  1.6424e-31
  2452  1.4380e-31
  2453  1.2272e-31
  2455  1.0194e-31
  2458  1.0359e-31
  2461  8.7062e-32
  2463  9.0305e-32
  2464  9.7754e-32
  2465  9.1041e-32
  2468  9.3105e-32
  2471  7.9965e-32
  2472  7.9707e-32
  2473  7.6877e-32
  2474  7.6767e-32
  2476  8.2648e-32
  2479  7.7339e-32
  2482  6.8348e-32
  2483  5.5652e-32
  2485  5.1547e-32
  2487  4.6778e-32
  2488  4.8766e-32
  2491  4.7293e-32
  2494  4.6363e-32
  2497  4.6213e-32
  2498  4.2582e-32
  2500  4.4881e-32
  2501  3.7408e-32
  2503  3.7585e-32
  2505  3.8110e-32
  2508  3.9167e-32
  2511  3.5862e-32
  2513  2.9631e-32
  2514  2.5944e-32
  2515  2.1105e-32
  2516  1.8635e-32
  2517  1.6384e-32
  2520  1.5206e-32
  2523  1.3524e-32
  2524  1.4775e-32
  2525  1.2892e-32
  2527  1.1389e-32
  2530  1.1755e-32
  2533  1.0289e-32
  2536  1.0518e-32
  2538  1.0008e-32
  2541  1.0222e-32
  2544  9.2540e-33
  2546  8.2084e-33
  2548  8.0666e-33
  2551  6.5310e-33
  2552  5.4914e-33
  2553  5.1306e-33
  2554  4.1849e-33
  2557  4.3033e-33
  2558  4.6347e-33
  2561  4.2733e-33
  2564  4.5502e-33
  2567  3.8128e-33
  2570  3.4453e-33
  2573  2.8846e-33
  2574  2.4793e-33
  2576  1.9871e-33
  2578  1.8860e-33
  2580  1.7673e-33
  2582  1.9271e-33
  2585  2.1124e-33
  2586  2.0529e-33
  2588  1.8504e-33
  2589  1.8786e-33
  2590  1.6396e-33
  2592  1.4149e-33
  2593  1.3850e-33
  2594  1.1854e-33
  2596  1.2179e-33
  2598  1.0535e-33
  2601  1.0834e-33
  2603  1.1373e-33
  2605  1.1116e-33
  2607  1.1328e-33
  2609  9.7930e-34
  2610  9.6238e-34
  2612  9.9990e-34
  2613  1.0264e-33
  2615  8.4642e-34
  2617  9.1876e-34
  2618  8.2117e-34
  2619  6.7813e-34
  2620  7.4064e-34
  2621  8.0339e-34
  2623  6.6396e-34
  2626  6.6801e-34
  2628  6.4563e-34
  2631  6.4948e-34
  2633  5.9904e-34
  2634  5.6161e-34
  2635  5.0160e-34
  2637  4.7099e-34
  2638  5.0995e-34
  2639  4.3610e-34
  2641  3.5277e-34
  2643  3.8339e-34
  2644  3.6808e-34
  2646  3.8320e-34
  2648  3.4740e-34
  2651  2.7899e-34
  2652  2.3786e-34
  2654  1.9941e-34
  2657  1.7783e-34
  2660  1.9228e-34
  2661  1.8093e-34
  2662  1.9089e-34
  2664  2.0862e-34
  2667  1.8025e-34
  2670  1.6405e-34
  2672  1.5948e-34
  2673  1.5038e-34
  2674  1.5296e-34
  2676  1.6433e-34
  2679  1.8041e-34
  2682  1.4733e-34
  2683  1.3759e-34
  2685  1.2243e-34
  2687  1.1746e-34
  2689  1.0930e-34
  2691  1.0614e-34
  2694  9.7845e-35
  2697  9.6083e-35
  2698  8.7050e-35
  2699  9.5567e-35
  2700  1.0386e-34
  2701  1.0449e-34
  2704  1.1161e-34
  2705  1.1038e-34
  2706  1.0705e-34
  2707  9.7502e-35
  2710  9.3672e-35
  2712  9.3150e-35
  2715  9.7470e-35
  2717  9.3029e-35
  2719  8.5902e-35
  2721  9.0439e-35
  2722  8.6733e-35
  2724  8.4650e-35
  2727  7.9087e-35
  2729  6.8572e-35
  2731  6.6363e-35
  2734  5.6702e-35
  2737  5.6579e-35
  2740  5.0353e-35
  2743  5.2680e-35
  2746  4.4483e-35
  2747  4.8698e-35
  2750  4.4790e-35
  2751  4.4186e-35
  2753  4.6092e-35
  2756  4.9526e-35
  2757  4.9598e-35
  2760  5.4033e-35
  2762  4.3474e-35
  2763  4.6204e-35
  2764  4.6597e-35
  2766  3.7812e-35
  2769  3.4181e-35
  2770  3.4807e-35
  2771  3.0852e-35
  2774  3.0849e-35
  2777  2.5151e-35
  2779  2.6245e-35
  2782  2.1455e-35
  2785  2.1208e-35
  2787  1.9188e-35
  2789  1.6220e-35
  2791  1.6982e-35
  2793  1.3969e-35
  2795  1.4578e-35
  2796  1.3479e-35
  2797  1.2524e-35
  2800  1.1292e-35
  2801  1.1515e-35
  2802  1.0554e-35
  2803  1.0657e-35
  2805  1.1474e-35
  2806  9.8537e-36
  2808  9.9158e-36
  2810  8.4566e-36
  2813  8.9376e-36
  2814  8.8239e-36
  2816  9.4430e-36
  2818  8.2416e-36
  2819  7.7350e-36
  2821  6.8107e-36
  2824  5.4571e-36
  2826  4.5345e-36
  2827  4.3021e-36
  2830  3.8709e-36
  2832  3.6874e-36
  2834  3.9107e-36
  2835  3.3867e-36
  2837  3.6869e-36
  2839  3.9675e-36
  2842  4.0401e-36
  2844  4.2147e-36
  2847  3.7589e-36
  2850  3.6659e-36
  2853  3.8595e-36
  2856  3.8916e-36
  2857  3.4291e-36
  2858  2.9341e-36
  2860  3.1044e-36
  2861  2.7896e-36
  2864  2.3140e-36
  2866  2.1594e-36
  2868  2.0213e-36
  2870  2.0337e-36
  2872  1.9359e-36
  2874  1.9164e-36
  2876  1.7272e-36
  2877  1.4765e-36
  2880  1.3495e-36
  2883  1.2689e-36
  2884  1.0992e-36
  2887  1.0398e-36
  2888  9.9167e-37
  2891  8.5085e-37
  2892  7.3958e-37
  2895  6.7171e-37
  2897  5.8842e-37
  2899  5.5263e-37
  2901  5.2773e-37
  2902  4.3189e-37
  2903  3.9508e-37
  2905  3.6971e-37
  2906  3.8476e-37
  2907  3.4301e-37
  2910  3.3419e-37
  2912  2.8907e-37
  2913  2.9318e-37
  2915  3.0864e-37
  2918  2.5495e-37
  2921  2.1125e-37
  2922  1.8257e-37
  2923  1.4644e-37
  2926  1.5427e-37
  2929  1.3211e-37
  2930  1.0870e-37
  2932  8.9598e-38
  2933  9.1106e-38
  2935  9.9731e-38
  2936  1.0678e-37
  2937  1.0881e-37
  2939  1.0387e-37
  2942  1.1295e-37
  2944  1.0663e-37
  2946  1.0175e-37
  2948  1.0624e-37
  2949  1.0066e-37
  2951  9.4695e-38
  2953  9.6246e-38
  2956  1.0449e-37
  2959  1.1026e-37
  2960  9.5065e-38
  2962  9.1765e-38
  2965  9.5864e-38
  2966  1.0481e-37
  2969  1.1527e-37
  2972  1.2307e-37
  2975  1.1299e-37
  2977  1.0933e-37
  2979  1.0621e-37
  2982  1.0505e-37
  2984  1.0239e-37
  2985  1.0459e-37
  2986  1.1019e-37
  2987  9.4073e-38
  2990  9.6105e-38
  2992  7.7611e-38
  2995  7.0264e-38
  2998  7.0944e-38
  2999  6.8101e-38
  3002  6.8281e-38
  3005  7.3788e-38
  3008  7.5536e-38
  3011  7.4947e-38
  3013  6.4869e-38
  3016  6.3277e-38
  3018  6.8090e-38
  3020  6.5481e-38
  3023  5.4627e-38
  3024  5.1434e-38
  3026  5.4755e-38
  3027  5.5085e-38
  3030  5.0621e-38
  3031  5.0272e-38
  3032  4.7216e-38
  3033  4.0651e-38
  3036  3.6838e-38
  3038  3.0429e-38
  3039  2.8732e-38
  3040  2.9430e-38
  3042  2.5941e-38
  3044  2.1454e-38
  3047  2.0830e-38
  3048  1.7888e-38
  3049  1.5108e-38
  3051  1.3497e-38
  3054  1.4702e-38
  3056  1.6066e-38
  3058  1.3815e-38
  3059  1.2622e-38
  3061  1.0728e-38
  3064  1.0895e-38
  3065  1.1374e-38
  3068  9.5248e-39
  3071  1.0105e-38
  3073  1.0037e-38
  3076  1.0027e-38
  3077  1.0044e-38
  3079  1.0943e-38
  3081  8.8214e-39
  3082  8.5976e-39
  3083  9.3884e-39
  3085  1.0174e-38
  3088  8.4786e-39
  3090  7.0024e-39
  3093  6.1660e-39
  3094  5.5761e-39
  3096  5.5011e-39
  3097  6.0276e-39
  3099  5.3666e-39
  3100  4.9037e-39
  3102  4.2496e-39
  3104  3.8736e-39
  3106  3.9814e-39
  3107  3.4168e-39
  3108  3.0446e-39
  3111  2.7758e-39
  3114  2.3643e-39
  3116  2.1151e-39
  3119  2.0393e-39
  3121  1.7571e-39
  3124  1.4944e-39
  3126  1.2378e-39
  3128  1.0145e-39
  3129  8.7207e-40
  3131  9.2551e-40
  3134  9.1861e-40
  3137  8.6924e-40
  3139  8.0469e-40
  3140  6.6107e-40
  3143  7.0429e-40
  3145  6.3810e-40
  3147  5.2963e-40
  3149  4.9273e-40
  3151  4.4309e-40
  3154  4.6305e-40
  3156  4.5630e-40
  3158  3.9271e-40
  3161  3.6919e-40
  3162  3.2918e-40
  3165  2.6539e-40
  3168  2.5875e-40
  3171  2.1458e-40
  3174  1.8192e-40
  3176  1.8657e-40
  3179  1.6567e-40
  3182  1.4630e-40
  3184  1.2141e-40
  3185  1.1017e-40
  3186  1.0138e-40
  3187  8.6451e-41
  3188  8.8751e-41
  3189  8.0844e-41
  3192  7.5583e-41
  3193  6.3266e-41
  3196  5.6355e-41
  3197  5.1846e-41
  3199  4.2214e-41
  3201  4.5007e-41
  3204  3.9678e-41
  3205  3.2274e-41
  3208  2.8991e-41
  3209  3.1121e-41
  3211  2.8602e-41
  3214  2.3731e-41
  3215  2.5981e-41
  3218  2.1049e-41
  3220  1.9397e-41
  3221  1.6648e-41
  3222  1.6118e-41
  3223  1.5222e-41
  3224  1.4301e-41
  3227  1.1959e-41
  3228  9.8681e-42
  3230  9.1623e-42
  3233  9.7773e-42
  3236  9.9623e-42
  3238  9.6487e-42
  3241  8.1421e-42
  3242  6.8408e-42
  3245  6.3106e-42
  3246  5.3444e-42
  3248  4.4448e-42
  3249  4.6644e-42
  3251  4.0525e-42
  3252  3.9705e-42
  3253  3.9130e-42
  3256  3.5013e-42
  3259  3.8230e-42
  3261  3.3389e-42
  3263  3.5724e-42
  3266  3.3063e-42
  3267  2.6524e-42
  3268  2.3363e-42
  3270  2.5686e-42
  3273  2.6684e-42
  3275  2.2930e-42
  3277  2.4085e-42
  3278  2.3504e-42
  3281  2.5189e-42
  3283  2.7268e-42
  3286  2.7904e-42
  3287  2.2644e-42
  3289  2.1956e-42
  3292  2.3655e-42
  3293  2.2648e-42
  3296  2.0224e-42
  3299  2.0886e-42
  3301  1.8978e-42
  3303  1.9992e-42
  3306  1.7662e-42
  3309  1.9170e-42
  3310  1.8570e-42
  3312  1.5520e-42
  3314  1.4374e-42
  3316  1.3237e-42
  3319  1.3132e-42
  3320  1.1470e-42
  3322  1.1327e-42
  3324  1.1901e-42
  3327  1.2195e-42
  3329  1.3215e-42
  3332  1.2513e-42
  3333  1.0590e-42
  3336  1.1270e-42
  3338  1.1153e-42
  3339  1.1849e-42
  3341  1.0466e-42
  3342  1.1249e-42
  3344  1.1604e-42
  3346  1.0603e-42
  3349  9.9109e-43
  3352  9.5256e-43
  3353  8.9510e-43
  3356  7.2489e-43
  3357  5.8914e-43
  3359  4.9684e-43
  3360  5.0658e-43
  3363  5.2200e-43
  3364  4.7030e-43
  3367  5.0682e-43
  3369  4.8826e-43
  3371  3.9171e-43
  3374  3.3850e-43
  3375  3.6913e-43
  3378  3.7838e-43
  3380  3.3215e-43
  3381  3.2004e-43
  3384  2.9999e-43
  3385  2.8755e-43
  3386  3.1095e-43
  3389  3.1284e-43
  3392  3.1747e-43
  3393  2.6119e-43
  3396  2.7956e-43
  3399  2.8360e-43
  3400  2.8471e-43
  3402  2.4759e-43
  3405  2.2236e-43
  3407  1.8984e-43
  3409  1.5324e-43
  3410  1.2368e-43
  3412  1.0069e-43
  3414  9.1930e-44
  3415  8.7695e-44
  3417  8.2735e-44
  3419  8.3426e-44
  3422  6.9666e-44
  3423  7.3122e-44
  3425  6.5855e-44
  3426  6.5824e-44
  3429  6.4381e-44
  3431  6.5501e-44
  3433  6.5164e-44
  3434  5.3730e-44
  3435  4.5049e-44
  3437  4.3823e-44
  3439  4.2808e-44
  3441  4.0744e-44
  3442  3.5460e-44
  3444  3.4258e-44
  3445  3.3048e-44
  3448  3.4078e-44
  3449  3.3457e-44
  3452  3.2614e-44
  3455  3.3898e-44
  3457  3.4121e-44
  3459  3.6439e-44
  3462  3.6019e-44
  3465  3.7696e-44
  3468  3.2831e-44
  3469  2.6618e-44
  3472  2.6005e-44
  3473  2.5633e-44
  3475  2.3774e-44
  3477  1.9138e-44
  3479  1.6149e-44
  3482  1.4290e-44
  3484  1.4797e-44
  3485  1.2691e-44
  3486  1.2280e-44
  3487  1.1931e-44
  3490  1.2185e-44
  3491  9.8572e-45
  3492  1.0033e-44
  3494  9.6102e-45
  3495  1.0321e-44
  3498  8.8170e-45
  3500  8.8300e-45
  3503  8.7079e-45
  3504  8.1172e-45
  3505  7.5671e-45
  3507  7.9905e-45
  3508  7.7378e-45
  3511  6.2549e-45
  3512  6.6898e-45
  3514  6.0347e-45
  3515  6.2293e-45
  3516  5.4853e-45
  3517  4.4577e-45
  3518  3.8726e-45
  3520  4.1745e-45
  3523  4.4352e-45
  3526  4.3578e-45
  3527  4.5712e-45
  3530  4.5626e-45
  3531  4.2372e-45
  3533  4.2595e-45
  3536  4.3142e-45
  3538  4.4496e-45
  3541  4.5894e-45
  3542  4.8657e-45
  3544  4.5219e-45
  3545  4.9027e-45
  3547  4.5771e-45
  3548  4.3090e-45
  3549  4.4160e-45
  3552  4.4115e-45
  3553  4.1205e-45
  3555  3.3031e-45
  3557  2.9192e-45
  3560  2.7936e-45
  3561  2.9387e-45
  3562  3.1634e-45
  3563  2.8024e-45
  3566  2.7677e-45
  3569  2.7987e-45
  3570  2.9329e-45
  3572  2.8272e-45
  3573  2.4835e-45
  3576  2.1061e-45
  3579  1.9423e-45
  3582  2.0717e-45
  3583  2.0551e-45
  3585  2.1727e-45
  3588  2.1534e-45
  3590  1.8086e-45
  3592  1.8745e-45
  3594  1.5844e-45
  3597  1.4908e-45
  3599  1.4041e-45
  3602  1.4468e-45
  3604  1.3655e-45
  3606  1.3813e-45
  3607  1.4326e-45
  3608  1.2122e-45
  3611  9.7506e-46
  3612  9.4636e-46
  3614  1.0332e-45
  3616  1.0674e-45
  3617  1.0195e-45
  3619  9.3398e-46
  3621  9.8175e-46
  3622  8.6239e-46
  3623  7.4114e-46
  3625  7.7670e-46
  3628  7.5222e-46
  3630  6.8105e-46
  3633  6.8543e-46
  3634  5.5442e-46
  3637  5.6119e-46
  3640  5.2896e-46
  3643  4.9766e-46
  3645  4.7589e-46
  3647  4.4085e-46
  3649  4.4421e-46
  3652  4.2187e-46
  3655  3.9147e-46
  3658  3.7972e-46
  3660  3.1014e-46
  3662  3.1099e-46
  3664  3.2772e-46
  3667  2.6504e-46
  3668  2.4935e-46
  3671  2.1084e-46
  3672  2.2582e-46
  3675  2.2645e-46
  3676  2.1472e-46
  3678  1.7281e-46
  3681  1.8689e-46
  3683  1.7598e-46
  3686  1.7342e-46
  3687  1.8782e-46
  3690  1.5283e-46
  3693  1.3308e-46
  3695  1.3948e-46
  3696  1.4943e-46
  3697  1.4395e-46
  3698  1.3913e-46
  3699  1.3250e-46
  3702  1.1513e-46
  3705  9.8348e-47
  3708  8.2762e-47
  3710  7.6540e-47
  3713  7.8945e-47
  3714  8.5850e-47
  3716  7.6492e-47
  3718  7.9464e-47
  3719  8.2431e-47
  3721  7.3855e-47
  3723  7.5685e-47
  3725  8.0920e-47
  3727  8.8085e-47
  3728  8.1380e-47
  3729  8.1668e-47
  3732  8.1788e-47
  3734  6.6580e-47
  3737  6.2085e-47
  3739  5.7576e-47
  3740  4.7951e-47
  3741  5.2663e-47
  3744  5.7052e-47
  3747  4.6450e-47
  3749  4.3240e-47
  3752  4.6903e-47
  3753  4.2795e-47
  3756  4.4445e-47
  3758  4.4105e-47
  3759  4.5129e-47
  3760  4.6652e-47
  3761  4.1735e-47
  3762  4.5349e-47
  3764  4.1533e-47
  3765  3.5880e-47
  3768  3.1621e-47
  3771  2.7295e-47
  3774  2.7982e-47
  3776  2.3161e-47
  3777  2.1450e-47
  3778  2.3131e-47
  3781  1.9111e-47
  3783  1.6031e-47
  3784  1.6945e-47
  3787  1.4645e-47
  3790  1.2823e-47
  3792  1.3588e-47
  3793  1.3468e-47
  3796  1.2023e-47
  3797  1.3187e-47
  3799  1.3397e-47
  3800  1.2074e-47
  3801  1.2564e-47
  3803  1.3275e-47
  3805  1.3206e-47
  3806  1.4029e-47
  3807  1.3300e-47
  3810  1.1591e-47
  3812  1.2618e-47
  3814  1.2368e-47
  3817  1.2099e-47
  3819  1.0412e-47
  3820  9.8361e-48
  3822  1.0651e-47
  3824  9.5273e-48
  3826  8.6236e-48
  3827  9.3775e-48
  3829  9.6468e-48
  3831  9.6917e-48
  3833  9.9231e-48
  3834  8.2595e-48
  3836  8.0257e-48
  3837  7.8467e-48
  3839  8.0907e-48
  3840  8.7403e-48
  3841  9.5186e-48
  3842  9.5411e-48
  3845  8.8076e-48
  3846  8.3252e-48
  3848  8.7355e-48
  3851  8.6279e-48
  3853  9.0928e-48
  3855  8.3325e-48
  3858  8.3519e-48
  3859  6.8395e-48
  3862  5.8071e-48
  3864  6.3301e-48
  3866  5.9119e-48
  3869  5.9504e-48
  3872  5.3062e-48
  3875  4.8158e-48
  3878  4.0610e-48
  3880  3.6775e-48
  3882  3.8143e-48
  3883  3.7518e-48
  3885  3.3696e-48
  3888  3.3163e-48
  3891  3.0391e-48
  3894  3.2224e-48
  3896  3.4029e-48
  3897  2.7308e-48
  3900  2.5902e-48
  3903  2.1621e-48
  3905  2.3219e-48
  3907  2.2573e-48
  3910  2.2438e-48
  3913  2.1434e-48
  3915  2.1882e-48
  3918  2.2067e-48
  3919  2.1610e-48
  3922  1.7739e-48
  3923  1.4555e-48
  3924  1.5983e-48
  3926  1.3994e-48
  3928  1.2042e-48
  3929  1.0505e-48
  3930  1.0154e-48
  3933  1.0038e-48
  3936  1.0820e-48
  3937  1.0612e-48
  3939  8.6058e-49
  3941  8.5456e-49
  3943  8.4390e-49
  3944  6.9420e-49
  3946  5.7618e-49
  3947  4.7327e-49
  3948  4.2761e-49
  3951  4.1640e-49
  3952  3.4373e-49
  3955  2.9094e-49
  3957  3.1484e-49
  3960  2.9204e-49
  3961  2.4980e-49
  3964  2.0310e-49
  3966  2.0027e-49
  3969  2.0413e-49
  3970  1.7636e-49
  3972  1.4672e-49
  3973  1.5316e-49
  3975  1.3263e-49
  3977  1.3811e-49
  3978  1.3428e-49
  3981  1.3108e-49
  3982  1.2833e-49
  3983  1.1648e-49
  3986  9.3763e-50
  3987  7.7986e-50
  3988  6.6733e-50
  3990  7.0617e-50
  3992  7.3144e-50
  3995  8.0009e-50
  3997  8.3758e-50
  4000  8.2686e-50
  4003  8.3472e-50
  4004  8.7227e-50
  4006  7.0695e-50
  4007  5.6989e-50
  4010  5.2799e-50
  4013  4.4208e-50
  4016  4.5998e-50
  4018  3.6973e-50
  4021  3.0093e-50
  4024  2.7900e-50
  4026  2.8814e-50
  4029  2.6096e-50
  4031  2.6081e-50
  4032  2.5242e-50
  4033  2.1336e-50
  4035  1.9933e-50
  4038  1.7741e-50
  4040  1.8541e-50
  4042  1.8775e-50
  4044  2.0501e-50
  4045  1.6406e-50
  4047  1.6355e-50
  4050  1.3804e-50
  4053  1.4870e-50
  4054  1.5957e-50
  4056  1.4797e-50
  4058  1.2809e-50
  4061  1.1004e-50
  4063  1.0781e-50
  4064  1.1306e-50
  4067  1.1118e-50
  4068  1.0392e-50
  4069  1.1139e-50
  4072  1.0392e-50
  4075  9.0864e-51
  4078  7.7908e-51
  4080  8.4084e-51
  4081  6.9716e-51
  4084  5.6330e-51
  4086  5.0690e-51
  4088  4.2936e-51
  4089  4.2976e-51
  4091  3.7139e-51
  4094  3.3849e-51
  4097  3.3162e-51
  4099  3.5765e-51
  4101  2.9793e-51
  4103  3.0257e-51
  4106  3.0108e-51
  4109  2.6098e-51
  4112  2.4640e-51
  4115  2.0358e-51
  4116  1.8788e-51
  4119  1.8636e-51
  4122  1.7413e-51
  4125  1.8205e-51
  4128  1.6118e-51
  4131  1.7529e-51
  4133  1.7626e-51
  4135  1.7084e-51
  4138  1.5307e-51
  4140  1.6557e-51
  4143  1.4758e-51
  4144  1.5125e-51
  4145  1.3100e-51
  4146  1.2298e-51
  4147  1.2364e-51
  4148  1.1101e-51
  4151  1.1611e-51
  4153  1.0875e-51
  4156  1.1823e-51
  4158  1.0729e-51
  4159  8.8535e-52
  4161  8.3914e-52
  4162  9.1841e-52
  4163  8.2251e-52
  4165  8.4132e-52
  4166  7.9480e-52
  4168  7.9106e-52
  4171  7.6641e-52
  4173  8.3670e-52
  4174  8.7578e-52
  4177  8.7075e-52
  4178  8.8823e-52
  4181  9.1249e-52
  4183  9.1956e-52
  4184  7.5859e-52
  4186  6.7403e-52
  4188  6.4261e-52
  4189  6.8464e-52
  4190  5.5454e-52
  4193  4.7814e-52
  4196  4.6173e-52
  4198  4.6422e-52
  4199  4.7033e-52
  4201  3.8010e-52
  4204  3.0976e-52
  4207  3.3512e-52
  4210  2.6883e-52
  4211  2.9373e-52
  4213  2.7299e-52
  4216  2.6014e-52
  4217  2.2688e-52
  4220  2.3808e-52
  4222  2.2270e-52
  4224  2.0171e-52
  4226  2.0730e-52
  4228  2.0614e-52
  4229  2.0877e-52
  4232  1.9955e-52
  4233  1.6791e-52
  4235  1.6149e-52
  4237  1.4584e-52
  4239  1.3270e-52
  4242  1.2107e-52
  4243  1.1491e-52
  4246  1.1915e-52
  4249  1.0837e-52
  4250  8.6922e-53
  4251  8.2301e-53
  4254  7.3989e-53
  4255  6.6885e-53
  4257  6.0977e-53
  4258  5.7223e-53
  4259  6.0701e-53
  4261  6.2521e-53
  4264  6.7510e-53
  4267  5.5426e-53
  4268  5.3370e-53
  4269  4.6143e-53
  4270  4.0741e-53
  4273  4.0786e-53
  4276  4.3470e-53
  4278  3.6511e-53
  4279  3.5413e-53
  4280  3.3528e-53
  4282  2.9738e-53
  4284  3.0249e-53
  4285  3.2488e-53
  4288  2.9560e-53
  4289  3.0852e-53
  4292  2.6264e-53
  4294  2.3608e-53
  4295  2.3071e-53
  4296  2.4224e-53
  4298  1.9768e-53
  4300  1.5830e-53
  4303  1.3592e-53
  4305  1.3338e-53
  4307  1.1688e-53
  4310  1.1971e-53
  4313  1.0870e-53
  4316  1.1463e-53
  4317  1.0762e-53
  4320  8.6473e-54
  4321  7.6501e-54
  4323  6.4462e-54
  4325  5.4310e-54
  4327  5.1706e-54
  4329  4.3916e-54
  4331  4.1763e-54
  4332  3.8359e-54
  4333  3.0830e-54
  4334  2.6414e-54
  4337  2.1574e-54
  4339  2.1608e-54
  4340  2.0307e-54
  4342  2.0041e-54
  4343  1.6284e-54
  4346  1.6474e-54
  4349  1.4036e-54
  4351  1.2858e-54
  4352  1.1461e-54
  4354  1.0278e-54
  4355  1.0817e-54
  4358  9.0477e-55
  4361  7.7354e-55
  4364  7.8636e-55
  4365  7.0624e-55
  4368  7.4693e-55
  4370  7.5145e-55
  4371  6.4352e-55
  4372  5.2966e-55
  4373  5.5309e-55
  4375  5.2898e-55
  4377  5.3142e-55
  4378  5.3171e-55
  4380  5.8211e-55
  4383  5.5942e-55
  4386  4.5648e-55
  4388  4.9101e-55
  4391  4.6837e-55
  4393  5.1461e-55
  4394  5.4557e-55
  4395  4.5487e-55
  4396  4.1549e-55
  4399  4.0655e-55
  4401  3.4018e-55
  4402  3.2716e-55
  4405  3.0745e-55
  4406  2.5505e-55
  4409  2.6266e-55
  4410  2.1072e-55
  4411  2.2625e-55
  4412  1.9229e-55
  4413  2.0844e-55
  4415  1.8368e-55
  4418  1.8037e-55
  4420  1.6762e-55
  4421  1.5930e-55
  4423  1.4232e-55
  4425  1.3777e-55
  4427  1.5035e-55
  4429  1.2593e-55
  4430  1.1213e-55
  4431  1.0976e-55
  4433  9.0800e-56
  4436  7.4205e-56
  4437  8.0478e-56
  4440  8.1678e-56
  4441  7.0277e-56
  4444  7.1717e-56
  4447  5.8266e-56
  4450  5.9735e-56
  4452  5.7885e-56
  4455  5.9798e-56
  4458  6.3056e-56
  4460  5.7858e-56
  4463  5.4204e-56
  4464  4.8973e-56
  4467  3.9978e-56
  4468  3.2462e-56
  4471  2.9455e-56
  4474  2.6785e-56
  4477  2.2165e-56
  4479  2.3861e-56
  4480  2.3662e-56
  4481  2.0916e-56
  4483  2.0217e-56
  4484  1.7999e-56
  4487  1.9013e-56
  4488  1.7659e-56
  4489  1.8112e-56
  4490  1.5592e-56
  4492  1.6778e-56
  4494  1.4855e-56
  4495  1.3818e-56
  4498  1.5131e-56
  4499  1.5224e-56
  4501  1.6041e-56
  4504  1.3359e-56
  4505  1.1969e-56
  4506  1.1190e-56
  4509  9.6386e-57
  4511  9.9326e-57
  4514  1.0590e-56
  4515  9.1640e-57
  4516  8.0079e-57
  4518  8.3951e-57
  4519  8.8942e-57
  4521  8.2956e-57
  4523  9.1066e-57
  4524  9.6397e-57
  4525  7.7695e-57
  4526  8.4650e-57
  4529  6.8212e-57
  4531  5.6475e-57
  4534  5.7199e-57
  4536  5.6933e-57
  4538  6.2539e-57
  4539  5.8913e-57
  4541  4.9211e-57
  4544  4.3396e-57
  4546  4.6084e-57
  4548  4.9037e-57
  4549  4.5607e-57
  4551  4.7955e-57
  4554  4.9157e-57
  4555  4.0771e-57
  4556  3.8109e-57
  4559  3.1080e-57
  4562  2.6565e-57
  4563  2.1561e-57
  4565  2.0636e-57
  4568  1.7663e-57
  4570  1.6047e-57
  4571  1.3806e-57
  4572  1.3588e-57
  4573  1.1729e-57
  4574  1.0000e-57
  4576  1.0072e-57
  4577  1.0770e-57
  4579  1.0041e-57
  4581  8.4920e-58
  4583  8.6008e-58
  4586  6.9560e-58
  4589  7.5827e-58
  4590  6.7937e-58
  4593  5.5948e-58
  4595  5.1085e-58
  4597  4.8787e-58
  4600  4.6390e-58
  4601  3.8854e-58
  4602  3.2716e-58
  4605  3.5374e-58
  4608  3.3937e-58
  4609  3.4402e-58
  4611  3.4256e-58
  4612  3.0342e-58
  4615  2.5749e-58
  4616  2.0619e-58
  4618  2.1880e-58
  4620  2.2611e-58
  4622  2.1444e-58
  4623  2.0200e-58
  4626  1.9332e-58
  4628  2.1166e-58
  4631  2.1772e-58
  4632  2.2981e-58
  4634  2.2443e-58
  4636  2.2731e-58
  4639  2.2067e-58
  4640  2.0723e-58
  4642  2.0749e-58
  4644  1.9961e-58
  4645  1.8820e-58
  4648  1.7216e-58
  4650  1.5853e-58
  4653  1.5784e-58
  4655  1.5769e-58
  4656  1.4609e-58
  4659  1.5351e-58
  4660  1.5752e-58
  4662  1.5603e-58
  4663  1.5148e-58
  4665  1.2712e-58
  4668  1.2167e-58
  4670  1.1941e-58
  4672  1.1628e-58
  4673  1.2361e-58
  4675  1.0603e-58
  4678  9.6297e-59
  4681  8.2776e-59
  4682  8.9845e-59
  4684  9.3705e-59
  4687  9.3845e-59
  4688  1.0245e-58
  4691  1.0998e-58
  4693  1.1759e-58
  4694  1.0463e-58
  4695  1.0925e-58
  4697  1.0872e-58
  4698  8.7593e-59
  4700  7.3161e-59
  4702  6.4085e-59
  4705  5.3054e-59
  4708  5.6455e-59
  4709  6.1075e-59
  4711  6.2876e-59
  4712  6.5317e-59
  4713  5.6548e-59
  4715  6.2200e-59
  4718  5.5360e-59
  4721  4.4606e-59
  4724  4.5055e-59
  4726  4.6316e-59
  4729  4.7536e-59
  4732  4.1574e-59
  4733  3.7591e-59
  4736  3.4178e-59
  4739  3.6374e-59
  4740  3.6354e-59
  4743  3.6810e-59
  4745  3.9570e-59
  4746  4.0572e-59
  4747  4.2033e-59
  4748  4.5626e-59
  4751  4.9415e-59
  4754  4.7587e-59
  4755  4.5514e-59
  4758  4.8743e-59
  4759  3.9130e-59
  4760  3.2964e-59
  4761  3.2932e-59
  4762  3.0702e-59
  4765  3.0827e-59
  4768  3.1443e-59
  4771  3.4138e-59
  4772  3.6728e-59
  4775  3.7129e-59
  4777  3.6065e-59
  4778  2.9827e-59
  4779  2.8525e-59
  4780  2.3638e-59
  4783  2.2919e-59
  4786  2.4977e-59
  4788  2.6605e-59
  4790  2.7503e-59
  4791  2.9386e-59
  4793  2.6464e-59
  4795  2.6470e-59
  4797  2.2986e-59
  4800  2.4235e-59
  4801  1.9878e-59
  4803  2.1220e-59
  4805  1.8665e-59
  4807  1.9441e-59
  4810  1.7433e-59
  4811  1.8093e-59
  4813  1.5926e-59
  4816  1.4682e-59
  4817  1.5069e-59
  4819  1.5617e-59
  4820  1.6095e-59
  4822  1.6625e-59
  4824  1.4449e-59
  4825  1.4412e-59
  4826  1.1979e-59
  4829  1.1864e-59
  4832  1.1055e-59
  4833  9.9661e-60
  4836  1.0257e-59
  4838  9.4667e-60
  4840  8.8698e-60
  4841  7.3226e-60
  4843  7.5256e-60
  4846  7.1150e-60
  4848  6.6929e-60
  4849  6.4678e-60
  4851  6.2860e-60
  4853  5.8998e-60
  4854  5.6324e-60
  4856  5.9059e-60
  4857  5.3908e-60
  4859  5.5687e-60
  4861  5.6957e-60
  4863  5.3330e-60
  4865  5.3871e-60
  4868  4.9672e-60
  4869  5.2140e-60
  4871  4.1723e-60
  4874  3.6596e-60
  4875  2.9286e-60
  4876  2.5135e-60
  4878  2.6661e-60
  4881  2.2314e-60
  4884  2.4180e-60
  4886  2.6114e-60
  4888  2.2103e-60
  4891  2.2255e-60
  4892  2.2911e-60
  4894  2.4874e-60
  4896  2.0396e-60
  4898  1.8618e-60
  4899  1.6300e-60
  4900  1.5921e-60
  4901  1.7474e-60
  4904  1.5406e-60
  4906  1.5297e-60
  4908  1.3747e-60
  4910  1.3168e-60
  4912  1.2402e-60
  4913  1.0496e-60
  4916  1.0111e-60
  4918  9.6087e-61
  4920  9.5636e-61
  4923  1.0060e-60
  4924  8.8145e-61
  4925  7.0581e-61
  4927  7.5503e-61
  4929  8.1374e-61
  4931  7.4656e-61
  4932  5.9876e-61
  4934  5.1614e-61
  4937  4.5536e-61
  4940  4.8615e-61
  4943  4.1003e-61
  4945  3.5343e-61
  4946  3.1118e-61
  4948  2.5563e-61
  4951  2.5511e-61
  4952  2.2199e-61
  4953  2.2468e-61
  4956  2.3881e-61
  4958  2.5369e-61
  4960  2.7457e-61
  4961  2.3964e-61
  4963  2.3925e-61
  4966  2.1601e-61
  4968  1.7423e-61
  4970  1.6429e-61
  4973  1.4500e-61
  4975  1.5256e-61
  4976  1.4344e-61
  4978  1.5447e-61
  4981  1.3086e-61
  4982  1.2303e-61
  4985  1.0682e-61
  4986  1.0297e-61
  4987  9.0290e-62
  4990  8.4601e-62
  4992  9.1577e-62
  4994  1.0072e-61
  4996  8.5434e-62
  4998  8.5779e-62
  5000  8.8598e-62
  5003  9.0800e-62
  5006  8.2710e-62
  5009  7.6352e-62
  5010  8.3517e-62
  5012  7.3418e-62
  5014  7.8653e-62
  5015  8.6205e-62
  5016  7.7771e-62
  5019  6.8984e-62
  5021  6.7750e-62
  5024  6.1984e-62
  5027  6.3501e-62
  5030  5.8570e-62
  5031  5.2743e-62
  5034  4.3510e-62
  5035  4.7250e-62
  5036  4.5164e-62
  5037  4.2760e-62
  5038  4.0623e-62
  5040  4.2559e-62
  5043  3.6178e-62
  5045  3.0433e-62
  5048  3.1375e-62
  5051  3.3528e-62
  5054  2.9188e-62
  5055  2.6986e-62
  5056  2.2147e-62
  5059  2.2644e-62
  5060  2.2257e-62
  5063  1.8546e-62
  5064  1.7596e-62
  5066  1.6344e-62
  5068  1.3480e-62
  5071  1.1520e-62
  5073  9.7118e-63
  5076  9.2042e-63
  5079  8.9295e-63
  5080  7.7125e-63
  5081  7.2466e-63
  5084  6.4650e-63
  5086  6.9140e-63
  5087  7.4091e-63
  5088  6.8455e-63
  5091  6.9396e-63
  5094  7.6015e-63
  5095  7.1105e-63
  5098  7.1916e-63
  5101  7.5509e-63
  5103  7.8495e-63
  5104  8.2347e-63
  5105  7.4215e-63
  5106  5.9774e-63
  5108  6.1446e-63
  5109  5.3356e-63
  5111  5.5427e-63
  5112  5.6707e-63
  5113  5.5099e-63
  5116  4.9734e-63
  5117  5.0989e-63
  5118  5.0697e-63
  5121  4.4490e-63
  5122  4.5489e-63
  5123  4.0426e-63
  5124  4.2004e-63
  5127  3.7972e-63
  5128  3.0731e-63
  5129  3.1313e-63
  5130  3.4047e-63
  5131  2.8469e-63
  5132  2.9880e-63
  5134  3.0049e-63
  5136  2.7053e-63
  5139  2.5593e-63
  5141  2.1709e-63
  5143  1.7774e-63
  5144  1.8417e-63
  5146  1.9712e-63
  5149  2.1480e-63
  5150  1.7816e-63
  5151  1.8810e-63
  5153  1.8618e-63
  5154  1.7700e-63
  5157  1.5104e-63
  5159  1.4410e-63
  5160  1.3355e-63
  5162  1.4088e-63
  5165  1.4448e-63
  5166  1.3893e-63
  5167  1.3201e-63
  5170  1.2377e-63
  5173  1.1570e-63
  5175  1.0274e-63
  5177  1.0656e-63
  5178  1.1714e-63
  5181  1.1416e-63
  5182  1.0317e-63
  5184  1.0068e-63
  5185  1.0318e-63
  5188  1.0958e-63
  5189  8.7849e-64
  5190  7.2625e-64
  5191  6.9547e-64
  5192  6.7406e-64
  5193  5.6449e-64
  5196  5.1606e-64
  5199  4.6028e-64
  5202  3.9312e-64
  5205  3.2784e-64
  5207  3.1354e-64
  5209  3.1461e-64
  5210  2.5405e-64
  5211  2.3313e-64
  5214  1.8764e-64
  5217  1.5908e-64
  5220  1.6281e-64
  5222  1.3441e-64
  5223  1.4136e-64
  5225  1.2490e-64
  5228  1.2193e-64
  5231  1.2066e-64
  5233  1.0958e-64
  5236  1.1627e-64
  5238  1.1197e-64
  5240  9.2968e-65
  5243  8.7340e-65
  5246  9.3243e-65
  5249  9.3758e-65
  5250  8.9674e-65
  5252  8.1335e-65
  5254  7.7481e-65
  5256  7.4143e-65
  5257  7.7895e-65
  5259  7.9256e-65
  5260  6.7948e-65
  5262  5.9533e-65
  5263  5.4278e-65
  5265  5.1731e-65
  5268  4.8137e-65
  5271  4.6162e-65
  5273  4.2687e-65
  5276  4.1584e-65
  5277  4.4656e-65
  5279  4.3184e-65
  5281  4.0161e-65
  5284  3.4620e-65
  5286  3.1451e-65
  5289  2.7978e-65
  5292  2.4260e-65
  5293  2.0827e-65
  5295  1.8186e-65
  5298  1.7419e-65
  5301  1.4653e-65
  5302  1.4051e-65
  5305  1.1775e-65
  5306  1.0849e-65
  5307  1.0892e-65
  5310  1.0244e-65
  5313  1.0395e-65
  5315  9.6051e-66
  5316  8.1891e-66
  5319  7.6496e-66
  5321  6.3334e-66
  5322  6.9375e-66
  5323  5.6366e-66
  5324  6.1243e-66
  5327  5.0776e-66
  5328  5.2056e-66
  5329  4.9468e-66
  5331  4.5434e-66
  5332  3.7204e-66
  5334  3.9681e-66
  5336  3.2226e-66
  5337  2.9211e-66
  5339  2.4209e-66
  5342  2.0687e-66
  5344  1.7040e-66
  5345  1.7010e-66
  5346  1.8066e-66
  5348  1.7668e-66
  5351  1.6535e-66
  5354  1.6546e-66
  5356  1.4187e-66
  5358  1.1701e-66
  5360  1.1987e-66
  5363  1.1755e-66
  5366  1.2688e-66
  5369  1.1136e-66
  5370  9.3576e-67
  5372  9.3446e-67
  5373  7.7640e-67
  5376  7.4363e-67
  5379  6.9349e-67
  5381  6.5316e-67
  5383  7.0723e-67
  5386  6.1354e-67
  5389  5.5316e-67
  5392  5.1542e-67
  5393  4.5603e-67
  5394  4.1174e-67
  5396  3.4635e-67
  5399  3.0510e-67
  5402  2.9341e-67
  5404  2.5760e-67
  5405  2.2676e-67
  5406  2.4109e-67
  5409  2.5995e-67
  5411  2.1012e-67
  5413  2.2271e-67
  5416  2.0607e-67
  5419  1.7226e-67
  5421  1.6987e-67
  5422  1.7485e-67
  5424  1.8528e-67
  5427  1.8657e-67
  5428  1.6951e-67
  5430  1.4452e-67
  5433  1.3877e-67
  5435  1.2889e-67
  5436  1.0428e-67
  5438  8.7320e-68
  5439  7.2861e-68
  5442  7.9663e-68
  5444  7.8721e-68
  5445  6.4150e-68
  5447  5.9821e-68
  5448  6.0136e-68
  5451  5.3198e-68
  5452  4.6438e-68
  5454  4.3266e-68
  5455  4.3242e-68
  5456  3.9776e-68
  5459  3.9210e-68
  5462  4.0095e-68
  5465  3.9064e-68
  5468  4.2354e-68
  5470  4.1243e-68
  5473  4.1404e-68
  5474  3.4427e-68
  5477  3.4264e-68
  5480  3.4722e-68
  5481  3.4118e-68
  5483  2.9569e-68
  5484  2.4910e-68
  5487  2.0412e-68
  5488  2.2356e-68
  5489  2.1530e-68
  5490  2.2209e-68
  5492  1.9086e-68
  5495  1.7063e-68
  5497  1.8025e-68
  5500  1.8976e-68
  5503  1.8228e-68
  5505  1.9414e-68
  5508  1.9155e-68
  5510  1.9367e-68
  5511  1.5623e-68
  5512  1.4753e-68
  5514  1.5812e-68
  5515  1.6406e-68
  5516  1.6026e-68
  5517  1.7304e-68
  5518  1.6728e-68
  5519  1.8206e-68
  5520  1.8872e-68
  5522  1.8121e-68
  5525  1.6306e-68
  5527  1.5133e-68
  5529  1.2227e-68
  5532  1.2410e-68
  5533  1.1526e-68
  5536  9.4847e-69
  5537  9.6873e-69
  5538  9.9257e-69
  5539  9.8512e-69
  5542  9.4980e-69
  5544  8.5593e-69
  5547  9.0117e-69
  5549  8.1583e-69
  5551  7.1420e-69
  5552  7.8274e-69
  5555  7.9354e-69
  5558  8.0432e-69
  5560  7.8351e-69
  5562  8.2258e-69
  5564  8.4083e-69
  5567  6.9273e-69
  5568  6.1104e-69
  5571  5.8312e-69
  5572  4.7159e-69
  5573  4.8260e-69
  5576  4.1719e-69
  5579  3.7838e-69
  5581  3.3905e-69
  5582  3.6142e-69
  5585  3.1725e-69
  5586  3.4025e-69
  5589  3.3267e-69
  5590  2.6768e-69
  5593  2.3901e-69
  5594  2.2055e-69
  5596  1.9365e-69
  5598  1.6538e-69
  5599  1.5125e-69
  5600  1.5105e-69
  5602  1.2264e-69
  5604  1.2187e-69
  5607  1.2697e-69
  5609  1.1919e-69
  5612  1.2296e-69
  5615  1.0053e-69
  5616  1.0129e-69
  5619  9.5480e-70
  5621  1.0327e-69
  5623  9.1081e-70
  5625  8.5781e-70
  5628  7.9805e-70
  5631  8.4663e-70
  5633  8.9289e-70
  5634  7.9460e-70
  5635  6.5620e-70
  5637  7.0486e-70
  5638  7.4265e-70
  5641  7.2009e-70
  5643  7.4763e-70
  5645  7.0932e-70
  5647  6.9499e-70
  5650  5.5708e-70
  5652  5.0680e-70
  5654  4.1653e-70
  5655  3.7134e-70
  5658  3.6303e-70
  5660  3.1002e-70
  5663  3.3896e-70
  5664  2.9466e-70
  5666  3.1162e-70
  5669  3.2474e-70
  5671  2.7294e-70
  5674  2.9894e-70
  5676  2.4062e-70
  5679  2.0504e-70
  5682  1.9857e-70
  5684  1.7997e-70
  5685  1.8742e-70
  5687  2.0331e-70
  5688  2.2165e-70
  5691  1.9725e-70
  5694  1.6635e-70
  5696  1.6726e-70
  5697  1.3814e-70
  5698  1.3688e-70
  5699  1.2056e-70
  5701  1.0202e-70
  5702  1.0506e-70
  5704  9.4029e-71
  5706  9.4549e-71
  5708  8.5236e-71
  5711  6.9154e-71
  5712  5.8780e-71
  5714  6.1096e-71
  5717  5.3775e-71
  5719  5.2236e-71
  5722  4.9886e-71
  5725  4.2590e-71
  5728  3.9119e-71
  5729  4.2900e-71
  5732  4.6454e-71
  5735  4.1272e-71
  5738  3.6510e-71
  5739  3.5212e-71
  5741  3.6491e-71
  5742  3.9049e-71
  5745  3.1537e-71
  5747  2.9311e-71
  5750  2.5642e-71
  5753  2.4967e-71
  5756  2.0869e-71
  5759  2.2410e-71
  5760  1.7956e-71
  5761  1.6397e-71
  5764  1.4825e-71
  5766  1.4781e-71
  5769  1.2343e-71
  5771  1.2282e-71
  5774  1.2655e-71
  5775  1.3210e-71
  5778  1.0798e-71
  5781  1.1068e-71
  5782  1.0887e-71
  5784  8.8964e-72
  5786  8.3185e-72
  5788  7.8968e-72
  5789  8.0902e-72
  5791  6.9944e-72
  5793  5.7726e-72
  5796  5.4277e-72
  5797  4.9713e-72
  5798  5.3539e-72
  5799  5.6455e-72
  5801  4.6164e-72
  5802  4.2132e-72
  5805  4.3960e-72
  5806  3.8688e-72
  5807  3.5820e-72
  5810  3.0905e-72
  5813  2.6979e-72
  5814  2.3732e-72
  5816  1.9306e-72
  5817  1.5675e-72
  5819  1.6313e-72
  5820  1.5078e-72
  5823  1.3514e-72
  5826  1.2269e-72
  5829  1.1998e-72
  5832  1.2814e-72
  5834  1.3930e-72
  5836  1.2421e-72
  5838  1.0002e-72
  5839  9.3624e-73
  5842  9.7699e-73
  5844  9.9116e-73
  5845  1.0532e-72
  5847  9.6677e-73
  5850  1.0245e-72
  5853  1.1036e-72
  5855  9.5709e-73
  5857  8.3441e-73
  5859  6.8923e-73
  5862  5.5211e-73
  5864  5.6739e-73
  5867  5.1660e-73
  5868  4.7199e-73
  5869  4.2640e-73
  5872  4.0271e-73
  5875  3.9130e-73
  5878  3.5874e-73
  5881  3.0463e-73
  5882  3.2778e-73
  5883  3.1200e-73
  5886  3.0600e-73
  5888  2.4625e-73
  5890  2.1039e-73
  5893  2.1927e-73
  5896  2.2385e-73
  5899  1.8511e-73
  5902  2.0104e-73
  5903  1.9799e-73
  5905  1.9096e-73
  5908  1.9921e-73
  5911  1.8310e-73
  5912  1.8256e-73
  5914  1.8320e-73
  5916  1.9515e-73
  5918  1.6224e-73
  5921  1.7370e-73
  5924  1.7436e-73
  5925  1.7932e-73
  5926  1.6065e-73
  5928  1.3118e-73
  5931  1.2020e-73
  5933  1.0359e-73
  5935  1.1041e-73
  5936  1.1130e-73
  5939  9.1342e-74
  5942  9.2415e-74
  5945  9.0925e-74
  5948  8.7747e-74
  5950  7.1193e-74
  5951  7.2568e-74
  5953  7.9315e-74
  5954  8.7175e-74
  5955  8.2098e-74
  5956  8.2181e-74
  5958  8.1001e-74
  5960  7.1665e-74
  5961  7.4140e-74
  5964  6.2288e-74
  5965  5.5404e-74
  5966  5.8919e-74
  5969  6.0632e-74
  5971  5.1584e-74
  5972  5.3444e-74
  5974  4.8986e-74
  5975  4.7020e-74
  5977  5.0325e-74
  5980  4.7763e-74
  5982  3.9008e-74
  5985  4.1991e-74
  5987  3.4657e-74
  5988  3.6724e-74
  5990  2.9593e-74
  5993  2.5977e-74
  5996  2.1309e-74
  5997  1.9662e-74
  5998  1.9188e-74
