     1  1.0000e+02
     3  9.6651e+01
     4  9.1469e+01
     6  8.3060e+01
     7  8.7154e+01
    10  7.0544e+01
    12  5.8685e+01
    14  5.3534e+01
    17  4.9434e+01
    18  5.3769e+01
    21  5.0323e+01
    23  4.5110e+01
    24  3.7356e+01
    27  3.6788e+01
    28  3.6608e+01
    31  2.9615e+01
    32  2.4000e+01
    35  2.4001e+01
    36  2.5672e+01
    39  2.7783e+01
    40  2.5625e+01
    41  2.7505e+01
    44  2.7037e+01
    46  2.6958e+01
    48  2.5620e+01
    51  2.1606e+01
    52  1.7850e+01
    55  1.7295e+01
    56  1.4547e+01
    57  1.5034e+01
    59  1.3756e+01
    60  1.3790e+01
    63  1.2496e+01
    65  1.2939e+01
    67  1.1048e+01
    70  9.5899e+00
    71  8.3448e+00
    73  8.4310e+00
    74  7.7168e+00
    77  6.7625e+00
    79  6.8909e+00
    80  6.6223e+00
    82  6.6411e+00
    85  6.5646e+00
    86  7.1205e+00
    88  5.7814e+00
    89  5.9839e+00
    90  5.8490e+00
    92  4.9285e+00
    94  4.9150e+00
    96  5.3731e+00
    97  5.0534e+00
    99  5.2152e+00
   100  4.6568e+00
   101  3.7533e+00
   102  3.0582e+00
   104  3.2648e+00
   106  3.1174e+00
   109  3.2629e+00
   110  3.5066e+00
   113  2.8520e+00
   115  2.7114e+00
   117  2.8629e+00
   118  2.7228e+00
   119  2.1800e+00
   121  2.2303e+00
   124  2.4292e+00
   127  2.5226e+00
   129  2.4004e+00
   132  2.1914e+00
   133  2.0229e+00
   136  1.6832e+00
   139  1.6442e+00
   140  1.7429e+00
   142  1.6551e+00
   143  1.4454e+00
   146  1.4653e+00
   148  1.5252e+00
   151  1.5658e+00
   153  1.6652e+00
   156  1.5365e+00
   157  1.5418e+00
   159  1.4542e+00
   160  1.4150e+00
   162  1.1756e+00
   164  1.0940e+00
   165  1.1477e+00
   167  1.2336e+00
   168  1.1334e+00
   170  1.1235e+00
   173  1.1362e+00
   175  1.1677e+00
   178  1.1812e+00
   180  9.8633e-01
   183  9.7473e-01
   185  8.5590e-01
   187  6.9037e-01
   190  6.2495e-01
   193  5.3700e-01
   196  5.6104e-01
   197  4.7997e-01
   200  3.9602e-01
   203  3.6034e-01
   204  3.6769e-01
   207  3.1599e-01
   208  3.0830e-01
   210  3.1075e-01
   211  3.0209e-01
   214  2.8593e-01
   217  3.0518e-01
   219  2.7761e-01
   222  2.2252e-01
   225  2.1118e-01
   227  2.3143e-01
   230  2.1743e-01
   233  2.2645e-01
   235  2.3166e-01
   238  2.5378e-01
   240  2.1233e-01
   242  1.9617e-01
   243  1.9429e-01
   246  1.7342e-01
   249  1.8640e-01
   251  1.6206e-01
   253  1.7735e-01
   254  1.6413e-01
   255  1.7632e-01
   256  1.8544e-01
   258  1.6663e-01
   260  1.3582e-01
   261  1.2348e-01
   264  1.0102e-01
   267  1.1103e-01
   268  1.2202e-01
   270  9.8161e-02
   271  1.0643e-01
   273  1.0569e-01
   274  1.0120e-01
   275  1.0092e-01
   277  1.0288e-01
   278  9.9837e-02
   279  9.2130e-02
   281  7.7893e-02
   283  6.5966e-02
   284  6.5861e-02
   285  6.4473e-02
   288  5.8407e-02
   290  4.9030e-02
   293  4.2605e-02
   295  3.6641e-02
   297  3.3658e-02
   300  3.4060e-02
   302  2.7592e-02
   303  2.5968e-02
   305  2.1800e-02
   308  1.7872e-02
   310  1.8262e-02
   312  2.0011e-02
   313  1.8879e-02
   316  1.7379e-02
   319  1.5414e-02
   320  1.6345e-02
   323  1.5076e-02
   326  1.5584e-02
   327  1.6661e-02
   330  1.4315e-02
   331  1.3632e-02
   332  1.3415e-02
   334  1.2604e-02
   337  1.0084e-02
   340  1.0013e-02
   341  8.7480e-03
   342  9.0353e-03
   345  9.6293e-03
   348  9.5844e-03
   349  9.1623e-03
   351  9.8396e-03
   352  9.1404e-03
   355  1.0000e-02
   356  9.7450e-03
   358  8.3608e-03
   361  6.9554e-03
   363  6.0563e-03
   365  5.3778e-03
   368  5.5670e-03
   370  5.4328e-03
   372  5.5579e-03
   375  5.5707e-03
   376  5.0205e-03
   379  4.7966e-03
   380  3.8518e-03
   381  3.2543e-03
   382  3.4210e-03
   383  3.4107e-03
   385  3.1540e-03
   387  2.9461e-03
   390  2.7319e-03
   391  2.4227e-03
   393  2.6546e-03
   394  2.6911e-03
   397  2.4605e-03
   400  2.3975e-03
   402  2.5838e-03
   403  2.1964e-03
   406  2.0352e-03
   409  1.6893e-03
   411  1.4470e-03
   412  1.3247e-03
   414  1.2640e-03
   416  1.3302e-03
   419  1.3439e-03
   421  1.3704e-03
   422  1.4351e-03
   424  1.4993e-03
   425  1.4485e-03
   427  1.5619e-03
   430  1.6173e-03
   431  1.7327e-03
   433  1.4442e-03
   434  1.3606e-03
   437  1.0898e-03
   439  1.1503e-03
   440  9.8156e-04
   443  9.1982e-04
   444  7.4734e-04
   446  7.4711e-04
   447  6.9488e-04
   450  5.6499e-04
   453  5.2435e-04
   455  4.5365e-04
   457  4.8109e-04
   458  4.1786e-04
   460  4.3059e-04
   461  4.7238e-04
   464  3.8317e-04
   466  3.2255e-04
   468  3.3837e-04
   470  3.1978e-04
   471  3.1757e-04
   472  2.8558e-04
   473  2.4627e-04
   476  2.2823e-04
   478  1.9521e-04
   479  2.0805e-04
   482  1.9711e-04
   484  1.6007e-04
   487  1.3833e-04
   489  1.3980e-04
   492  1.4161e-04
   495  1.2055e-04
   498  1.0276e-04
   500  8.3383e-05
   501  6.7529e-05
   503  5.9396e-05
   506  5.2947e-05
   507  5.6306e-05
   508  5.4655e-05
   511  5.9236e-05
   513  4.8179e-05
   514  5.2447e-05
   517  5.2323e-05
   520  4.9239e-05
   522  5.1127e-05
   524  4.7277e-05
   525  4.4665e-05
   528  4.6688e-05
   529  4.8062e-05
   532  4.7094e-05
   535  4.4360e-05
   538  4.4091e-05
   541  3.8855e-05
   542  4.1072e-05
   545  4.0125e-05
   546  3.4322e-05
   547  2.8867e-05
   549  2.9150e-05
   551  3.1597e-05
   553  2.6266e-05
   554  2.6846e-05
   556  2.7534e-05
   557  2.5476e-05
   559  2.5536e-05
   562  2.1399e-05
   563  2.1803e-05
   564  2.0458e-05
   566  1.7166e-05
   567  1.5963e-05
   569  1.5900e-05
   572  1.4025e-05
   573  1.1534e-05
   575  1.0529e-05
   577  9.7913e-06
   578  9.8920e-06
   579  8.8553e-06
   580  8.9946e-06
   582  8.3326e-06
   584  7.7512e-06
   586  7.0123e-06
   589  7.5710e-06
   590  6.2265e-06
   593  5.5041e-06
   594  5.4059e-06
   595  5.1299e-06
   598  5.6197e-06
   600  5.2247e-06
   602  4.8465e-06
   605  5.1372e-06
   608  4.8398e-06
   609  4.1600e-06
   610  3.9394e-06
   613  4.1926e-06
   614  4.6109e-06
   615  4.8553e-06
   618  4.5444e-06
   620  4.0752e-06
   621  4.2121e-06
   622  4.1553e-06
   624  3.5777e-06
   625  3.7725e-06
   626  3.4581e-06
   628  3.6288e-06
   629  3.5248e-06
   630  3.0985e-06
   633  2.6112e-06
   634  2.5017e-06
   635  2.1674e-06
   636  2.3436e-06
   639  2.4444e-06
   641  2.0640e-06
   644  1.8942e-06
   647  1.9265e-06
   648  1.8671e-06
   649  1.8816e-06
   652  1.9823e-06
   654  2.0112e-06
   655  1.8462e-06
   656  1.5112e-06
   659  1.4863e-06
   660  1.4611e-06
   661  1.5219e-06
   662  1.4141e-06
   665  1.3790e-06
   667  1.4755e-06
   670  1.4903e-06
   673  1.2694e-06
   675  1.0542e-06
   677  9.8836e-07
   678  1.0711e-06
   680  9.1716e-07
   682  8.3303e-07
   683  7.1976e-07
   685  7.1245e-07
   687  7.2709e-07
   688  7.7741e-07
   689  7.7348e-07
   691  7.2720e-07
   694  6.7831e-07
   696  6.7748e-07
   698  5.9311e-07
   701  5.2954e-07
   703  4.6182e-07
   704  3.7814e-07
   706  3.9091e-07
   707  3.4537e-07
   709  3.0042e-07
   712  2.8918e-07
   714  2.9428e-07
   715  3.1518e-07
   718  2.7620e-07
   719  2.9315e-07
   720  2.6534e-07
   722  2.4187e-07
   724  2.0139e-07
   725  1.6142e-07
   726  1.5955e-07
   728  1.5055e-07
   731  1.3145e-07
   733  1.3420e-07
   735  1.1257e-07
   738  1.0936e-07
   739  9.9543e-08
   740  9.3179e-08
   741  9.9686e-08
   742  1.0345e-07
   745  1.0565e-07
   748  1.0454e-07
   749  9.0531e-08
   751  8.8315e-08
   754  8.4973e-08
   755  7.6012e-08
   758  6.2314e-08
   760  5.3746e-08
   762  4.6855e-08
   765  4.4508e-08
   768  4.7171e-08
   770  3.9511e-08
   773  3.3911e-08
   776  3.4981e-08
   779  3.4870e-08
   781  2.9626e-08
   782  3.2098e-08
   784  2.8171e-08
   785  2.5100e-08
   788  2.1761e-08
   790  1.9938e-08
   791  2.1585e-08
   793  1.9225e-08
   795  2.1060e-08
   797  2.1709e-08
   800  2.3740e-08
   803  1.9344e-08
   804  2.0122e-08
   807  2.0598e-08
   808  1.8357e-08
   810  1.7655e-08
   811  1.8906e-08
   813  2.0415e-08
   814  1.6831e-08
   815  1.6000e-08
   816  1.4521e-08
   819  1.4743e-08
   820  1.4627e-08
   823  1.4724e-08
   824  1.3146e-08
   825  1.2044e-08
   828  1.1387e-08
   831  1.1990e-08
   833  1.0023e-08
   836  1.0334e-08
   837  9.5305e-09
   838  9.7217e-09
   840  8.0620e-09
   841  8.4904e-09
   842  7.4555e-09
   844  6.5667e-09
   846  6.5210e-09
   847  5.2256e-09
   848  4.2291e-09
   849  3.5066e-09
   850  3.7648e-09
   852  3.2904e-09
   854  3.4679e-09
   857  3.6581e-09
   859  3.2385e-09
   860  3.3036e-09
   863  2.9097e-09
   866  2.5565e-09
   869  2.2206e-09
   870  1.8626e-09
   871  1.8394e-09
   874  1.7623e-09
   877  1.9146e-09
   880  1.7672e-09
   881  1.6216e-09
   882  1.5408e-09
   883  1.3384e-09
   886  1.1271e-09
   887  1.2268e-09
   889  1.0132e-09
   891  8.5036e-10
   894  7.5357e-10
   896  7.6971e-10
   898  6.1719e-10
   900  5.6727e-10
   902  4.6350e-10
   905  4.3291e-10
   908  4.0153e-10
   911  4.4119e-10
   913  3.9735e-10
   914  4.0407e-10
   917  3.4448e-10
   918  3.2392e-10
   921  2.7777e-10
   924  2.7818e-10
   925  2.9184e-10
   928  2.5741e-10
   929  2.2497e-10
   932  2.1518e-10
   934  1.8574e-10
   935  1.9552e-10
   936  2.0233e-10
   937  2.1605e-10
   938  2.2666e-10
   940  2.0598e-10
   942  1.7074e-10
   945  1.7977e-10
   948  1.4876e-10
   949  1.3405e-10
   950  1.4003e-10
   953  1.4632e-10
   954  1.4655e-10
   956  1.2742e-10
   957  1.1878e-10
   959  9.6101e-11
   960  1.0050e-10
   963  1.0394e-10
   965  1.0693e-10
   968  1.0513e-10
   969  1.1097e-10
   971  1.0125e-10
   973  1.0907e-10
   976  1.1149e-10
   979  9.4408e-11
   982  7.8600e-11
   983  7.8394e-11
   985  8.4310e-11
   988  7.4045e-11
   991  6.6988e-11
   992  5.5216e-11
   995  4.9025e-11
   996  4.4837e-11
   997  4.3799e-11
  1000  4.6436e-11
  1002  4.7981e-11
  1003  4.3973e-11
  1006  4.7782e-11
  1007  4.4708e-11
  1010  3.8298e-11
  1012  3.7346e-11
  1014  4.0930e-11
  1017  3.8846e-11
  1018  3.9566e-11
  1019  3.2094e-11
  1021  2.6760e-11
  1024  2.8239e-11
  1026  2.6517e-11
  1029  2.2388e-11
  1030  2.3059e-11
  1031  2.4690e-11
  1032  2.5787e-11
  1034  2.7895e-11
  1035  2.9645e-11
  1036  2.5869e-11
  1037  2.1316e-11
  1040  2.3235e-11
  1043  2.5082e-11
  1045  2.5046e-11
  1048  2.5804e-11
  1049  2.7907e-11
  1052  2.8495e-11
  1053  2.6184e-11
  1055  2.8590e-11
  1058  2.5588e-11
  1061  2.4702e-11
  1063  2.1176e-11
  1065  2.3150e-11
  1066  1.9023e-11
  1068  2.0876e-11
  1071  2.2933e-11
  1072  1.8712e-11
  1073  1.6865e-11
  1074  1.8357e-11
  1075  1.6504e-11
  1077  1.7384e-11
  1080  1.7733e-11
  1082  1.7430e-11
  1085  1.5639e-11
  1088  1.5436e-11
  1089  1.3192e-11
  1092  1.3970e-11
  1093  1.3658e-11
  1096  1.4164e-11
  1098  1.4019e-11
  1101  1.4052e-11
  1103  1.3806e-11
  1104  1.2399e-11
  1105  1.0807e-11
  1107  1.0121e-11
  1109  1.0803e-11
  1112  1.1451e-11
  1113  1.2551e-11
  1116  1.3484e-11
  1118  1.4138e-11
  1120  1.2042e-11
  1122  1.0247e-11
  1124  1.0914e-11
  1127  1.0899e-11
  1130  9.2764e-12
  1133  8.5984e-12
  1134  8.0323e-12
  1137  7.9585e-12
  1138  7.6098e-12
  1139  6.2529e-12
  1140  5.1733e-12
  1143  4.3360e-12
  1146  3.8640e-12
  1149  3.8928e-12
  1152  4.1972e-12
  1153  4.2535e-12
  1154  4.1803e-12
  1156  4.4840e-12
  1157  3.8332e-12
  1158  3.4360e-12
  1159  3.4182e-12
  1162  3.6350e-12
  1165  3.5024e-12
  1166  2.9307e-12
  1169  2.8507e-12
  1171  2.6235e-12
  1172  2.8843e-12
  1173  2.9280e-12
  1175  2.7477e-12
  1177  2.9296e-12
  1180  3.0475e-12
  1183  3.2087e-12
  1186  3.0336e-12
  1187  2.8566e-12
  1188  2.9452e-12
  1191  2.7436e-12
  1193  2.3815e-12
  1195  2.2716e-12
  1198  2.2012e-12
  1200  2.0290e-12
  1202  1.8420e-12
  1204  1.4905e-12
  1205  1.2661e-12
  1206  1.3166e-12
  1208  1.3794e-12
  1210  1.1072e-12
  1213  1.0439e-12
  1214  9.5872e-13
  1217  8.8868e-13
  1218  9.3228e-13
  1219  8.3972e-13
  1220  8.9360e-13
  1221  7.4045e-13
  1222  6.4540e-13
  1225  5.4849e-13
  1227  4.4839e-13
  1229  3.6593e-13
  1230  3.6624e-13
  1232  3.3485e-13
  1235  2.7412e-13
  1236  2.5028e-13
  1238  2.3800e-13
  1241  2.5062e-13
  1244  2.2731e-13
  1247  2.3257e-13
  1250  1.9911e-13
  1251  1.6248e-13
  1254  1.7643e-13
  1256  1.5235e-13
  1258  1.6084e-13
  1260  1.3613e-13
  1261  1.3564e-13
  1262  1.4405e-13
  1264  1.1574e-13
  1267  1.1733e-13
  1269  9.6565e-14
  1271  8.6632e-14
  1272  9.0545e-14
  1273  8.6573e-14
  1275  9.1308e-14
  1277  9.9466e-14
  1280  1.0918e-13
  1283  1.0074e-13
  1286  1.0561e-13
  1289  9.7274e-14
  1290  8.7090e-14
  1291  7.2288e-14
  1293  6.4780e-14
  1294  6.0938e-14
  1296  4.9363e-14
  1298  4.6073e-14
  1301  4.1568e-14
  1303  4.2519e-14
  1304  3.9109e-14
  1307  3.7218e-14
  1308  3.6928e-14
  1309  3.8680e-14
  1312  4.0983e-14
  1314  4.3363e-14
  1315  3.7378e-14
  1318  3.6074e-14
  1319  3.7873e-14
  1321  3.0803e-14
  1324  2.4974e-14
  1325  2.1140e-14
  1326  1.9266e-14
  1327  1.6378e-14
  1329  1.4739e-14
  1331  1.3994e-14
  1333  1.4028e-14
  1336  1.2754e-14
  1337  1.1674e-14
  1340  1.0150e-14
  1341  1.1034e-14
  1344  1.1825e-14
  1346  1.0980e-14
  1348  9.3948e-15
  1350  9.7979e-15
  1353  7.9594e-15
  1355  7.2758e-15
  1357  7.5240e-15
  1360  7.0374e-15
  1362  6.0249e-15
  1365  6.3101e-15
  1366  6.6832e-15
  1369  6.4723e-15
  1372  6.8461e-15
  1373  6.4890e-15
  1375  6.1133e-15
  1376  4.9788e-15
  1377  5.1736e-15
  1378  5.6420e-15
  1380  5.5105e-15
  1382  4.6875e-15
  1384  5.0999e-15
  1385  4.3705e-15
  1386  4.4109e-15
  1388  3.5691e-15
  1389  2.9065e-15
  1390  3.0778e-15
  1391  3.1893e-15
  1394  2.7490e-15
  1397  2.5094e-15
  1398  2.1031e-15
  1401  2.0449e-15
  1402  1.9197e-15
  1405  1.9939e-15
  1408  1.9418e-15
  1409  1.9992e-15
  1412  1.8456e-15
  1414  1.6554e-15
  1415  1.5815e-15
  1416  1.3116e-15
  1418  1.2779e-15
  1421  1.1203e-15
  1423  9.9884e-16
  1424  8.7305e-16
  1427  9.4667e-16
  1430  9.1421e-16
  1431  8.2234e-16
  1434  7.7201e-16
  1436  7.6673e-16
  1439  7.3367e-16
  1440  7.0112e-16
  1441  6.2054e-16
  1442  6.5206e-16
  1444  5.5655e-16
  1446  5.4307e-16
  1447  5.1043e-16
  1450  5.1022e-16
  1451  4.3010e-16
  1452  3.5182e-16
  1455  3.5257e-16
  1458  3.3107e-16
  1460  2.9683e-16
  1462  2.7953e-16
  1464  2.3209e-16
  1465  2.5078e-16
  1468  2.4596e-16
  1470  2.4270e-16
  1473  2.5210e-16
  1475  2.4335e-16
  1478  2.0078e-16
  1481  1.9580e-16
  1484  1.8498e-16
  1485  1.6355e-16
  1487  1.6458e-16
  1489  1.5762e-16
  1491  1.6092e-16
  1492  1.6431e-16
  1493  1.5424e-16
  1494  1.2861e-16
  1495  1.0791e-16
  1496  9.1726e-17
  1499  9.9434e-17
  1502  1.0665e-16
  1503  1.1356e-16
  1505  9.6883e-17
  1506  8.6734e-17
  1507  7.0005e-17
  1510  6.1137e-17
  1511  6.3816e-17
  1512  5.1792e-17
  1515  4.7519e-17
  1517  4.8307e-17
  1520  4.8682e-17
  1522  4.1010e-17
  1523  4.0001e-17
  1525  3.9823e-17
  1527  3.2121e-17
  1529  3.3435e-17
  1530  3.0104e-17
  1531  3.2066e-17
  1534  2.7311e-17
  1535  2.5276e-17
  1538  2.1012e-17
  1540  1.9382e-17
  1543  1.9069e-17
  1545  1.5545e-17
  1548  1.5624e-17
  1551  1.4585e-17
  1554  1.2873e-17
  1556  1.3417e-17
  1559  1.1045e-17
  1562  1.1221e-17
  1563  1.0697e-17
  1566  9.2832e-18
  1569  8.6751e-18
  1571  8.2816e-18
  1574  6.8211e-18
  1576  6.4427e-18
  1578  6.3497e-18
  1579  6.3659e-18
  1581  5.9429e-18
  1584  6.0373e-18
  1586  6.5879e-18
  1588  6.0372e-18
  1589  6.2461e-18
  1590  5.7123e-18
  1593  4.6832e-18
  1595  4.4084e-18
  1597  4.4277e-18
  1599  4.6181e-18
  1601  4.7555e-18
  1602  5.2245e-18
  1605  4.2357e-18
  1607  4.3078e-18
  1608  3.8725e-18
  1611  4.0582e-18
  1612  3.3494e-18
  1614  3.5120e-18
  1615  3.0980e-18
  1618  3.0887e-18
  1620  2.8966e-18
  1621  3.0845e-18
  1623  2.9957e-18
  1624  2.4315e-18
  1627  2.0881e-18
  1629  1.7284e-18
  1630  1.6304e-18
  1633  1.4135e-18
  1635  1.2673e-18
  1637  1.2785e-18
  1639  1.0973e-18
  1642  1.0999e-18
  1645  1.1522e-18
  1647  9.9316e-19
  1649  8.6238e-19
  1651  7.7229e-19
  1654  7.6540e-19
  1657  7.9058e-19
  1658  6.3383e-19
  1659  5.0800e-19
  1660  4.9617e-19
  1661  5.3883e-19
  1662  5.0615e-19
  1663  5.1475e-19
  1665  5.0601e-19
  1668  5.3128e-19
  1669  4.3635e-19
  1670  3.9586e-19
  1673  4.1163e-19
  1676  3.9479e-19
  1679  4.2102e-19
  1680  3.7732e-19
  1681  3.9510e-19
  1682  3.3936e-19
  1683  3.2186e-19
  1684  3.3109e-19
  1687  3.6145e-19
  1688  3.9640e-19
  1691  3.6544e-19
  1692  3.2168e-19
  1693  2.7065e-19
  1696  2.5160e-19
  1697  2.0342e-19
  1699  1.6416e-19
  1702  1.6610e-19
  1705  1.4559e-19
  1707  1.5503e-19
  1709  1.5607e-19
  1711  1.4553e-19
  1714  1.3156e-19
  1717  1.3260e-19
  1720  1.1211e-19
  1723  9.4480e-20
  1724  8.7691e-20
  1725  8.1483e-20
  1726  7.6779e-20
  1728  7.0134e-20
  1731  7.0570e-20
  1732  7.6984e-20
  1735  6.8297e-20
  1737  5.8132e-20
  1740  5.3702e-20
  1742  5.5173e-20
  1744  4.6799e-20
  1746  4.7840e-20
  1748  4.3719e-20
  1751  4.7479e-20
  1753  4.4980e-20
  1755  3.9961e-20
  1756  4.2351e-20
  1758  4.3176e-20
  1760  4.5719e-20
  1763  4.8266e-20
  1765  4.3821e-20
  1767  4.3185e-20
  1770  4.1069e-20
  1773  3.9121e-20
  1775  3.4445e-20
  1777  3.7853e-20
  1778  3.7746e-20
  1780  4.1205e-20
  1781  3.7317e-20
  1783  3.9698e-20
  1784  3.8788e-20
  1785  3.2197e-20
  1787  2.9581e-20
  1788  2.9075e-20
  1791  2.8944e-20
  1793  2.9923e-20
  1794  2.7979e-20
  1796  2.5122e-20
  1798  2.0632e-20
  1799  1.9203e-20
  1800  2.1045e-20
  1803  1.9210e-20
  1805  1.6329e-20
  1806  1.5917e-20
  1809  1.6661e-20
  1811  1.3658e-20
  1813  1.1576e-20
  1815  9.2628e-21
  1816  8.9714e-21
  1819  9.3051e-21
  1821  1.0027e-20
  1823  8.9646e-21
  1824  9.6242e-21
  1827  1.0214e-20
  1830  1.0031e-20
  1831  1.0045e-20
  1834  8.3431e-21
  1837  8.1937e-21
  1839  7.4139e-21
  1840  6.3064e-21
  1842  6.9353e-21
  1845  5.7656e-21
  1846  6.3275e-21
  1848  5.1600e-21
  1851  4.7222e-21
  1852  4.6290e-21
  1855  4.2641e-21
  1858  4.6384e-21
  1861  4.8900e-21
  1862  4.1766e-21
  1863  3.5357e-21
  1866  2.8552e-21
  1869  2.9310e-21
  1872  2.7833e-21
  1873  2.7044e-21
  1876  2.7885e-21
  1878  2.6632e-21
  1881  2.4382e-21
  1882  2.4376e-21
  1884  2.3893e-21
  1886  2.2531e-21
  1887  1.8170e-21
  1890  1.6593e-21
  1892  1.5045e-21
  1894  1.3787e-21
  1897  1.3093e-21
  1899  1.3821e-21
  1901  1.4862e-21
  1904  1.5051e-21
  1905  1.6433e-21
  1908  1.3962e-21
  1909  1.1361e-21
  1910  9.5915e-22
  1912  9.5887e-22
  1913  7.7317e-22
  1914  6.3109e-22
  1915  6.5421e-22
  1916  7.1506e-22
  1918  5.7983e-22
  1919  6.1895e-22
  1921  6.3375e-22
  1924  5.2567e-22
  1927  4.4213e-22
  1930  4.3289e-22
  1932  4.0143e-22
  1935  4.1209e-22
  1937  3.9229e-22
  1938  4.0125e-22
  1940  3.5783e-22
  1942  3.3947e-22
  1945  2.8941e-22
  1947  3.0683e-22
  1948  2.7651e-22
  1949  2.8863e-22
  1952  2.7598e-22
  1953  2.5591e-22
  1954  2.3134e-22
  1957  2.5298e-22
  1958  2.2766e-22
  1961  2.1736e-22
  1962  2.0677e-22
  1965  1.7064e-22
  1966  1.5831e-22
  1967  1.5071e-22
  1969  1.5039e-22
  1970  1.6285e-22
  1971  1.3525e-22
  1972  1.2382e-22
  1975  1.3315e-22
  1977  1.4015e-22
  1979  1.3743e-22
  1980  1.2331e-22
  1981  1.3030e-22
  1982  1.2966e-22
  1985  1.0545e-22
  1988  1.0292e-22
  1989  1.0142e-22
  1991  8.5114e-23
  1994  8.4745e-23
  1996  8.6429e-23
  1999  8.8341e-23
  2002  7.3557e-23
  2005  5.8942e-23
  2007  5.5145e-23
  2010  5.1623e-23
  2011  5.5850e-23
  2014  4.7450e-23
  2016  4.2338e-23
  2017  3.9363e-23
  2020  3.2752e-23
  2021  3.4517e-23
  2024  2.8404e-23
  2026  3.0675e-23
  2028  3.3415e-23
  2030  3.4071e-23
  2032  3.0502e-23
  2035  2.8957e-23
  2037  2.9405e-23
  2039  2.9740e-23
  2042  2.7966e-23
  2043  2.9237e-23
  2046  2.5425e-23
  2047  2.1526e-23
  2048  2.1573e-23
  2049  2.3036e-23
  2050  2.2375e-23
  2051  2.0140e-23
  2052  1.8574e-23
  2053  1.8149e-23
  2056  1.6875e-23
  2059  1.4677e-23
  2061  1.5414e-23
  2064  1.2497e-23
  2066  1.3274e-23
  2068  1.0661e-23
  2071  1.1174e-23
  2073  9.1949e-24
  2076  9.0489e-24
  2079  7.5885e-24
  2082  8.1523e-24
  2083  8.4202e-24
  2085  7.4747e-24
  2088  7.8817e-24
  2089  7.7127e-24
  2092  7.6747e-24
  2093  8.1210e-24
  2094  7.9226e-24
  2096  6.3424e-24
  2097  5.6293e-24
  2100  5.9035e-24
  2102  5.3329e-24
  2104  5.0150e-24
  2106  5.0118e-24
  2107  4.0862e-24
  2110  4.4596e-24
  2112  4.4967e-24
  2115  4.6593e-24
  2117  5.0802e-24
  2120  4.4606e-24
  2121  4.2898e-24
  2122  4.6970e-24
  2123  4.3449e-24
  2124  4.4261e-24
  2125  4.4481e-24
  2127  3.8742e-24
  2128  4.1280e-24
  2130  4.0243e-24
  2132  3.5414e-24
  2133  3.5680e-24
  2136  3.7300e-24
  2139  3.9187e-24
  2142  3.3472e-24
  2144  3.3496e-24
  2146  2.8335e-24
  2149  2.7228e-24
  2151  2.3180e-24
  2154  2.0218e-24
  2156  1.8734e-24
  2159  1.8171e-24
  2162  1.5583e-24
  2164  1.5505e-24
  2166  1.3179e-24
  2168  1.3999e-24
  2171  1.3698e-24
  2172  1.5047e-24
  2173  1.3514e-24
  2174  1.4788e-24
  2177  1.3439e-24
  2178  1.1905e-24
  2180  1.0008e-24
  2181  1.0586e-24
  2183  8.5367e-25
  2186  7.2433e-25
  2188  6.8725e-25
  2189  6.1099e-25
  2192  5.4304e-25
  2195  5.1815e-25
  2197  4.9757e-25
  2200  4.9932e-25
  2201  4.2256e-25
  2203  4.2863e-25
  2206  4.4939e-25
  2209  3.9874e-25
  2211  3.7890e-25
  2212  3.9523e-25
  2214  3.5682e-25
  2215  3.1758e-25
  2218  3.4806e-25
  2220  2.9488e-25
  2223  3.1511e-25
  2226  2.7310e-25
  2227  2.5111e-25
  2228  2.2460e-25
  2230  2.4212e-25
  2231  2.5592e-25
  2232  2.5340e-25
  2235  2.2089e-25
  2238  2.1601e-25
  2241  2.0277e-25
  2242  2.0552e-25
  2245  1.7696e-25
  2247  1.9341e-25
  2249  2.0147e-25
  2251  2.1283e-25
  2252  1.7071e-25
  2253  1.3948e-25
  2255  1.2541e-25
  2257  1.3686e-25
  2259  1.2614e-25
  2260  1.3197e-25
  2262  1.3997e-25
  2265  1.3182e-25
  2268  1.4056e-25
  2271  1.3333e-25
  2272  1.4031e-25
  2274  1.1691e-25
  2277  1.1448e-25
  2279  1.0443e-25
  2281  1.0023e-25
  2282  9.3107e-26
  2283  9.1209e-26
  2285  9.0644e-26
  2288  8.8244e-26
  2290  8.9684e-26
  2291  8.5201e-26
  2293  9.0850e-26
  2294  7.4690e-26
  2297  7.4311e-26
  2299  6.9769e-26
  2300  5.6551e-26
  2301  4.6240e-26
  2304  5.0303e-26
  2305  5.0650e-26
  2307  4.7037e-26
  2309  4.4605e-26
  2310  3.7350e-26
  2313  3.4936e-26
  2314  3.0992e-26
  2315  3.0583e-26
  2317  3.2991e-26
  2318  2.9632e-26
  2321  2.8072e-26
  2323  3.0259e-26
  2324  2.9874e-26
  2325  2.4516e-26
  2328  2.4622e-26
  2329  2.6132e-26
  2332  2.4084e-26
  2334  1.9496e-26
  2335  1.9477e-26
  2338  1.7315e-26
  2339  1.8517e-26
  2340  1.8373e-26
  2341  1.5828e-26
  2344  1.2786e-26
  2347  1.1714e-26
  2350  1.2641e-26
  2351  1.0980e-26
  2353  1.0954e-26
  2354  8.7652e-27
  2356  9.2359e-27
  2357  9.0719e-27
  2358  7.8055e-27
  2359  7.9240e-27
  2360  7.4764e-27
  2363  8.0700e-27
  2365  8.3855e-27
  2367  7.7249e-27
  2370  7.6064e-27
  2371  7.3798e-27
  2372  6.8414e-27
  2374  6.3119e-27
  2376  6.9342e-27
  2379  6.2751e-27
  2382  5.7835e-27
  2385  6.1834e-27
  2388  5.7762e-27
  2389  5.5717e-27
  2391  5.0706e-27
  2392  5.5112e-27
  2394  5.4068e-27
  2395  5.7903e-27
  2396  6.1927e-27
  2399  5.7642e-27
  2401  5.6119e-27
  2402  5.8187e-27
  2404  5.5380e-27
  2405  5.5389e-27
  2408  5.2310e-27
  2409  4.2647e-27
  2412  4.4312e-27
  2413  3.7144e-27
  2415  3.8691e-27
  2416  3.2636e-27
  2417  3.0737e-27
  2418  2.6478e-27
  2421  2.3083e-27
  2423  1.9549e-27
  2424  1.6279e-27
  2427  1.5603e-27
  2429  1.2508e-27
  2431  1.3660e-27
  2434  1.1356e-27
  2436  9.1610e-28
  2438  8.1308e-28
  2439  8.8518e-28
  2441  8.0603e-28
  2443  7.5344e-28
  2444  6.7309e-28
  2445  6.2102e-28
  2448  5.0745e-28
  2451  5.2164e-28
  2454  5.0005e-28
  2457  5.3572e-28
  2460  4.5585e-28
  2461  3.8615e-28
  2462  3.8531e-28
  2463  3.3224e-28
  2464  2.7424e-28
  2467  2.8444e-28
  2469  2.8654e-28
  2471  2.9706e-28
  2473  2.7999e-28
  2474  2.8792e-28
  2475  2.8968e-28
  2478  2.6912e-28
  2479  2.1780e-28
  2480  2.3697e-28
  2482  2.3837e-28
  2485  2.1570e-28
  2488  1.9498e-28
  2489  1.8654e-28
  2492  1.6909e-28
  2493  1.4794e-28
  2496  1.5197e-28
  2497  1.2408e-28
  2500  1.1935e-28
  2501  9.6417e-29
  2503  9.6196e-29
  2504  9.5054e-29
  2507  8.6227e-29
  2509  9.4306e-29
  2511  9.4592e-29
  2512  9.9918e-29
  2515  1.0495e-28
  2516  9.0663e-29
  2517  8.8135e-29
  2519  8.9292e-29
  2521  8.2910e-29
  2523  7.6631e-29
  2526  6.6817e-29
  2529  7.0749e-29
  2530  7.1317e-29
  2533  6.2653e-29
  2535  5.7455e-29
  2538  4.9775e-29
  2541  5.1276e-29
  2544  4.4341e-29
  2547  4.8115e-29
  2548  4.2223e-29
  2550  3.8129e-29
  2552  3.3946e-29
  2553  3.7068e-29
  2555  3.9874e-29
  2558  3.4326e-29
  2560  3.6745e-29
  2561  3.8606e-29
  2564  3.9425e-29
  2565  3.3031e-29
  2568  2.9155e-29
  2569  2.3999e-29
  2571  2.2868e-29
  2572  2.3691e-29
  2574  2.1872e-29
  2577  2.0499e-29
  2580  1.9478e-29
  2581  1.8191e-29
  2582  1.9169e-29
  2585  1.7165e-29
  2586  1.4047e-29
  2588  1.5191e-29
  2589  1.6618e-29
  2592  1.5297e-29
  2595  1.4266e-29
  2598  1.2057e-29
  2600  1.1113e-29
  2602  1.1942e-29
  2603  1.2785e-29
  2605  1.1416e-29
  2606  1.1307e-29
  2609  1.0563e-29
  2611  8.7260e-30
  2614  8.6218e-30
  2615  7.1009e-30
  2618  6.0519e-30
  2620  5.9215e-30
  2623  5.3573e-30
  2626  5.1483e-30
  2627  5.1517e-30
  2630  4.6912e-30
  2632  4.9278e-30
  2634  4.3742e-30
  2637  4.2841e-30
  2640  4.1472e-30
  2642  3.8700e-30
  2644  3.7906e-30
  2645  3.6262e-30
  2648  3.4721e-30
  2650  2.8713e-30
  2651  2.6905e-30
  2653  2.8149e-30
  2655  2.2812e-30
  2656  2.5077e-30
  2657  2.4374e-30
  2660  2.6403e-30
  2663  2.6018e-30
  2666  2.7003e-30
  2669  2.3965e-30
  2670  2.0729e-30
  2672  1.6875e-30
  2673  1.7601e-30
  2675  1.8812e-30
  2677  1.6201e-30
  2680  1.5967e-30
  2681  1.5625e-30
  2683  1.3980e-30
  2686  1.3061e-30
  2689  1.4244e-30
  2691  1.2328e-30
  2693  1.3517e-30
  2695  1.2036e-30
  2696  1.3131e-30
  2699  1.3251e-30
  2701  1.0691e-30
  2704  9.5572e-31
  2706  8.8762e-31
  2708  8.6404e-31
  2711  9.0098e-31
  2712  7.2950e-31
  2714  6.8706e-31
  2717  6.3200e-31
  2718  6.5803e-31
  2721  5.2905e-31
  2724  4.7857e-31
  2727  4.3384e-31
  2728  3.5326e-31
  2731  3.8749e-31
  2732  3.2778e-31
  2733  2.6763e-31
  2736  2.3039e-31
  2738  2.4658e-31
  2741  2.4044e-31
  2744  2.1677e-31
  2746  2.0200e-31
  2747  1.7827e-31
  2749  1.7328e-31
  2750  1.4577e-31
  2751  1.4477e-31
  2754  1.3968e-31
  2755  1.5157e-31
  2757  1.5635e-31
  2759  1.5679e-31
  2761  1.4926e-31
  2764  1.6317e-31
  2765  1.6243e-31
  2767  1.4567e-31
  2769  1.2069e-31
  2770  1.2749e-31
  2772  1.3769e-31
  2773  1.1974e-31
  2774  9.9628e-32
  2775  8.4691e-32
  2776  7.8470e-32
  2779  6.5977e-32
  2781  6.4222e-32
  2783  5.4174e-32
  2784  5.2590e-32
  2786  5.0421e-32
  2788  5.3385e-32
  2789  4.5990e-32
  2791  3.9382e-32
  2792  4.0857e-32
  2793  4.0922e-32
  2796  4.1106e-32
  2799  4.1243e-32
  2801  3.6942e-32
  2803  3.0000e-32
  2804  2.4759e-32
  2806  2.2394e-32
  2808  2.1980e-32
  2811  2.1024e-32
  2812  2.2668e-32
  2813  2.2092e-32
  2816  2.2321e-32
  2817  1.8635e-32
  2820  1.9056e-32
  2822  1.6945e-32
  2823  1.8409e-32
  2826  1.7538e-32
  2828  1.9076e-32
  2830  1.6497e-32
  2833  1.4685e-32
  2836  1.4655e-32
  2839  1.2105e-32
  2842  1.0974e-32
  2845  9.0876e-33
  2846  7.4125e-33
  2848  7.0579e-33
  2850  6.3910e-33
  2851  5.5942e-33
  2854  5.2119e-33
  2856  4.1825e-33
  2859  3.7699e-33
  2862  3.1684e-33
  2865  3.3950e-33
  2867  2.7420e-33
  2868  2.2072e-33
  2869  2.0248e-33
  2870  1.9741e-33
  2871  1.6197e-33
  2872  1.5180e-33
  2873  1.3030e-33
  2874  1.0604e-33
  2876  1.1332e-33
  2878  1.1223e-33
  2879  1.1625e-33
  2882  9.6796e-34
  2885  1.0418e-33
  2888  1.1091e-33
  2889  9.5102e-34
  2892  1.0347e-33
  2894  9.1160e-34
  2897  9.0621e-34
  2898  8.0695e-34
  2899  6.8815e-34
  2902  6.9515e-34
  2904  6.8445e-34
  2907  6.4089e-34
  2908  5.7096e-34
  2911  4.6012e-34
  2912  4.4687e-34
  2915  4.6135e-34
  2917  4.6243e-34
  2919  4.1358e-34
  2922  4.1391e-34
  2924  3.9450e-34
  2927  3.3984e-34
  2930  2.9990e-34
  2931  2.8398e-34
  2933  2.7318e-34
  2934  2.4866e-34
  2936  2.2175e-34
  2937  1.8225e-34
  2938  1.7064e-34
  2940  1.8311e-34
  2943  1.6316e-34
  2944  1.5904e-34
  2947  1.4131e-34
  2949  1.2224e-34
  2950  1.1967e-34
  2951  1.2350e-34
  2953  1.1981e-34
  2955  1.0957e-34
  2956  1.0268e-34
  2958  9.7624e-35
  2959  9.9506e-35
  2962  8.7040e-35
  2965  8.4040e-35
  2966  7.3156e-35
  2969  6.5334e-35
  2972  7.0275e-35
  2974  6.3391e-35
  2976  5.6256e-35
  2977  4.8956e-35
  2978  5.2821e-35
  2980  4.6669e-35
  2983  4.8001e-35
  2985  4.0583e-35
  2987  4.4410e-35
  2989  4.2858e-35
  2990  4.2156e-35
  2991  3.8577e-35
  2992  3.4796e-35
  2994  3.5305e-35
  2997  3.3364e-35
  2999  3.4396e-35
  3001  3.6712e-35
  3004  3.3180e-35
  3006  3.2723e-35
  3008  3.5905e-35
  3010  3.4929e-35
  3013  3.3867e-35
  3014  2.7593e-35
  3016  2.4909e-35
  3018  2.6110e-35
  3019  2.5235e-35
  3022  2.7350e-35
  3025  2.2591e-35
  3028  2.0480e-35
  3031  1.9520e-35
  3034  2.0681e-35
  3037  1.7015e-35
  3040  1.4310e-35
  3043  1.2337e-35
  3046  1.1244e-35
  3049  9.7515e-36
  3050  9.9051e-36
  3051  1.0177e-35
  3053  1.0018e-35
  3054  8.2770e-36
  3056  7.7741e-36
  3059  8.4684e-36
  3061  8.1104e-36
  3064  7.6443e-36
  3065  7.7241e-36
  3068  7.5669e-36
  3071  7.3490e-36
  3072  6.8141e-36
  3075  7.3864e-36
  3078  7.3194e-36
  3081  7.5246e-36
  3082  8.1623e-36
  3084  8.0836e-36
  3086  7.0243e-36
  3089  6.5783e-36
  3091  6.1465e-36
  3092  6.5465e-36
  3095  6.0034e-36
  3098  5.1649e-36
  3100  5.4998e-36
  3101  5.6290e-36
  3104  5.9220e-36
  3107  5.0384e-36
  3108  5.1251e-36
  3111  4.1025e-36
  3114  4.5102e-36
  3115  3.8058e-36
  3116  3.9499e-36
  3117  3.3626e-36
  3120  3.6093e-36
  3121  3.2744e-36
  3124  3.0528e-36
  3126  3.2267e-36
  3128  2.9136e-36
  3131  2.6799e-36
  3133  2.3917e-36
  3135  2.1970e-36
  3138  1.9705e-36
  3140  1.8802e-36
  3142  1.6348e-36
  3143  1.7508e-36
  3146  1.8973e-36
  3148  1.9462e-36
  3150  1.7431e-36
  3151  1.6030e-36
  3154  1.7000e-36
  3156  1.7068e-36
  3158  1.5988e-36
  3159  1.7016e-36
  3160  1.7771e-36
  3162  1.5118e-36
  3163  1.6183e-36
  3165  1.6701e-36
  3167  1.7527e-36
  3170  1.5290e-36
  3171  1.5027e-36
  3174  1.4174e-36
  3177  1.2680e-36
  3178  1.2236e-36
  3180  1.2937e-36
  3183  1.0897e-36
  3184  1.0852e-36
  3187  1.0763e-36
  3190  1.0124e-36
  3191  8.7616e-37
  3193  8.8924e-37
  3194  8.0362e-37
  3197  8.4965e-37
  3198  8.3534e-37
  3200  7.7653e-37
  3203  6.5772e-37
  3205  6.4394e-37
  3208  5.8354e-37
  3209  6.3655e-37
  3212  5.1075e-37
  3214  4.9649e-37
  3216  4.9330e-37
  3218  4.8578e-37
  3219  4.7755e-37
  3221  5.1890e-37
  3222  4.1867e-37
  3223  3.3693e-37
  3225  3.0190e-37
  3226  2.8945e-37
  3229  2.8085e-37
  3230  2.4745e-37
  3232  2.0167e-37
  3233  1.6574e-37
  3236  1.4279e-37
  3237  1.4824e-37
  3239  1.4213e-37
  3242  1.2186e-37
  3244  1.2915e-37
  3245  1.0788e-37
  3247  1.0044e-37
  3248  1.0603e-37
  3250  1.1469e-37
  3252  1.0204e-37
  3253  8.2063e-38
  3256  7.9046e-38
  3258  6.7322e-38
  3260  5.7718e-38
  3262  4.8151e-38
  3265  5.0354e-38
  3266  4.3888e-38
  3269  3.5960e-38
  3271  3.7074e-38
  3274  4.0519e-38
  3275  3.8393e-38
  3277  3.9117e-38
  3279  3.8567e-38
  3281  3.8644e-38
  3283  3.9035e-38
  3286  4.1359e-38
  3289  3.4733e-38
  3290  3.1922e-38
  3292  3.4684e-38
  3293  2.9186e-38
  3294  2.8061e-38
  3297  2.9471e-38
  3299  2.4824e-38
  3302  2.0143e-38
  3303  1.9059e-38
  3304  1.6392e-38
  3306  1.4318e-38
  3308  1.2668e-38
  3311  1.1936e-38
  3312  1.2502e-38
  3314  1.3656e-38
  3317  1.3303e-38
  3320  1.2765e-38
  3323  1.3281e-38
  3326  1.3663e-38
  3329  1.1778e-38
  3330  1.1873e-38
  3333  1.1858e-38
  3335  1.1470e-38
  3338  1.1263e-38
  3341  1.0202e-38
  3342  9.4533e-39
  3343  8.6218e-39
  3345  7.1812e-39
  3348  6.4919e-39
  3350  5.3328e-39
  3353  4.6038e-39
  3355  4.4601e-39
  3358  4.6300e-39
  3360  4.1817e-39
  3363  3.4983e-39
  3364  3.8195e-39
  3367  3.3440e-39
  3369  3.1282e-39
  3371  2.8295e-39
  3372  2.9636e-39
  3373  3.0565e-39
  3376  2.7917e-39
  3378  2.5645e-39
  3381  2.6038e-39
  3382  2.6731e-39
  3385  2.4103e-39
  3388  2.1448e-39
  3389  1.8463e-39
  3390  1.5071e-39
  3392  1.5722e-39
  3393  1.3800e-39
  3395  1.4694e-39
  3396  1.5818e-39
  3397  1.4918e-39
  3398  1.3590e-39
  3399  1.3972e-39
  3402  1.4202e-39
  3403  1.2791e-39
  3406  1.1182e-39
  3409  1.1119e-39
  3412  9.3822e-40
  3413  9.6691e-40
  3414  7.9238e-40
  3415  8.7078e-40
  3418  8.6625e-40
  3420  7.3184e-40
  3421  7.3621e-40
  3422  7.3906e-40
  3425  7.2345e-40
  3428  6.4723e-40
  3429  5.6959e-40
  3431  5.9222e-40
  3434  5.0921e-40
  3436  5.1079e-40
  3439  5.4907e-40
  3442  5.4116e-40
  3445  5.8695e-40
  3446  5.2290e-40
  3447  5.4880e-40
  3449  5.6337e-40
  3451  5.5873e-40
  3454  5.5224e-40
  3456  4.4316e-40
  3457  4.3776e-40
  3459  4.6184e-40
  3462  4.6599e-40
  3464  4.6002e-40
  3465  4.8662e-40
  3466  5.3032e-40
  3468  4.9323e-40
  3471  4.8146e-40
  3474  4.4174e-40
  3477  4.2930e-40
  3480  3.9818e-40
  3483  4.0976e-40
  3486  3.9549e-40
  3489  3.7478e-40
  3491  3.6780e-40
  3493  3.8897e-40
  3494  3.8491e-40
  3496  3.4470e-40
  3499  3.1071e-40
  3502  2.9731e-40
  3505  3.1529e-40
  3507  3.3415e-40
  3510  2.9357e-40
  3513  2.4811e-40
  3515  2.5520e-40
  3518  2.5158e-40
  3520  2.1137e-40
  3522  2.0054e-40
  3523  1.6278e-40
  3524  1.3707e-40
  3525  1.3049e-40
  3527  1.3807e-40
  3528  1.3875e-40
  3531  1.3432e-40
  3532  1.3039e-40
  3534  1.3453e-40
  3537  1.1152e-40
  3538  9.4308e-41
  3541  1.0315e-40
  3544  9.3160e-41
  3546  7.4693e-41
  3548  7.4624e-41
  3551  7.4047e-41
  3552  7.6151e-41
  3554  7.2026e-41
  3556  5.9821e-41
  3557  5.4663e-41
  3558  4.4576e-41
  3561  4.5321e-41
  3563  4.6079e-41
  3566  4.1648e-41
  3569  3.7192e-41
  3570  4.0062e-41
  3573  4.1830e-41
  3575  3.8302e-41
  3577  3.3949e-41
  3580  3.3782e-41
  3582  3.5807e-41
  3583  3.4858e-41
  3586  3.4028e-41
  3587  3.3774e-41
  3588  3.3154e-41
  3590  3.2610e-41
  3591  3.2810e-41
  3594  3.0813e-41
  3596  2.5055e-41
  3598  2.3498e-41
  3600  2.0080e-41
  3601  1.8388e-41
  3603  1.8345e-41
  3606  1.7983e-41
  3607  1.5265e-41
  3609  1.5305e-41
  3611  1.5144e-41
  3614  1.3546e-41
  3616  1.1247e-41
  3617  9.0833e-42
  3618  7.9743e-42
  3621  8.3312e-42
  3622  8.5670e-42
  3624  8.2414e-42
  3626  7.1691e-42
  3628  6.0956e-42
  3631  5.5973e-42
  3632  5.6878e-42
  3635  4.6596e-42
  3636  4.6585e-42
  3639  3.7643e-42
  3642  3.3822e-42
  3644  3.4445e-42
  3646  3.3891e-42
  3647  2.8108e-42
  3649  2.7353e-42
  3652  2.3840e-42
  3653  2.2501e-42
  3656  2.3948e-42
  3658  2.5396e-42
  3661  2.2391e-42
  3662  2.3831e-42
  3663  2.6203e-42
  3665  2.7831e-42
  3667  3.0066e-42
  3668  2.4056e-42
  3671  2.1638e-42
  3674  2.2276e-42
  3676  1.9619e-42
  3677  1.7566e-42
  3680  1.6987e-42
  3683  1.6857e-42
  3684  1.7866e-42
  3686  1.5704e-42
  3688  1.6112e-42
  3690  1.2976e-42
  3693  1.2682e-42
  3696  1.3184e-42
  3697  1.1617e-42
  3699  1.2329e-42
  3702  1.1311e-42
  3703  1.0017e-42
  3705  8.9008e-43
  3708  9.3321e-43
  3710  9.2975e-43
  3712  8.1878e-43
  3714  8.9612e-43
  3716  9.4066e-43
  3718  1.0130e-42
  3720  1.1002e-42
  3722  1.1766e-42
  3723  1.0480e-42
  3726  8.9471e-43
  3727  9.1676e-43
  3730  7.9310e-43
  3732  8.4091e-43
  3734  9.0473e-43
  3735  8.6486e-43
  3737  8.8100e-43
  3738  7.3609e-43
  3739  7.9750e-43
  3742  8.4245e-43
  3745  7.2701e-43
  3747  6.9224e-43
  3749  6.7842e-43
  3751  7.1215e-43
  3754  6.5306e-43
  3756  6.3498e-43
  3759  6.1870e-43
  3760  6.3704e-43
  3763  6.9374e-43
  3765  7.1880e-43
  3768  7.1513e-43
  3770  5.9762e-43
  3772  4.9454e-43
  3774  5.2634e-43
  3777  4.4536e-43
  3780  3.9460e-43
  3781  3.5539e-43
  3783  3.7902e-43
  3786  4.1212e-43
  3789  4.3963e-43
  3791  3.8812e-43
  3794  4.1645e-43
  3796  3.6939e-43
  3797  3.5540e-43
  3798  3.7335e-43
  3800  3.4908e-43
  3801  2.9903e-43
  3804  2.5567e-43
  3806  2.4706e-43
  3809  2.0280e-43
  3810  1.6270e-43
  3813  1.6140e-43
  3815  1.5375e-43
  3817  1.5179e-43
  3818  1.5112e-43
  3821  1.2420e-43
  3822  1.0114e-43
  3825  1.0275e-43
  3828  9.1685e-44
  3830  1.0075e-43
  3833  8.6749e-44
  3835  9.3213e-44
  3837  1.0014e-43
  3839  9.2883e-44
  3841  7.7349e-44
  3843  7.7906e-44
  3846  8.0272e-44
  3848  7.9886e-44
  3850  7.9010e-44
  3853  7.5122e-44
  3855  6.1099e-44
  3857  5.3127e-44
  3859  5.8404e-44
  3862  5.2696e-44
  3863  5.5887e-44
  3864  5.9349e-44
  3865  5.0015e-44
  3868  4.9088e-44
  3871  5.3989e-44
  3873  4.6217e-44
  3874  4.8719e-44
  3877  4.4817e-44
  3878  4.1986e-44
  3881  3.8148e-44
  3884  3.6837e-44
  3885  3.5303e-44
  3887  3.0318e-44
  3888  2.8418e-44
  3890  2.3121e-44
  3893  1.8833e-44
  3894  1.9505e-44
  3896  1.6170e-44
  3897  1.4915e-44
  3900  1.5206e-44
  3901  1.2947e-44
  3904  1.0770e-44
  3907  1.0007e-44
  3909  9.3933e-45
  3911  9.5943e-45
  3914  1.0299e-44
  3917  8.6306e-45
  3919  7.1512e-45
  3922  6.1616e-45
  3924  6.3559e-45
  3926  6.1812e-45
  3929  4.9953e-45
  3932  4.8546e-45
  3935  4.1646e-45
  3937  4.2718e-45
  3940  4.3815e-45
  3943  4.7829e-45
  3946  3.8285e-45
  3949  3.7127e-45
  3950  3.0238e-45
  3951  2.8814e-45
  3952  2.3418e-45
  3954  2.3571e-45
  3955  2.0710e-45
  3957  1.9314e-45
  3960  1.9487e-45
  3961  1.8284e-45
  3962  1.4758e-45
  3964  1.5251e-45
  3965  1.6161e-45
  3967  1.3106e-45
  3968  1.3576e-45
  3970  1.3757e-45
  3972  1.3023e-45
  3974  1.2292e-45
  3977  1.2064e-45
  3980  1.0933e-45
  3982  1.0005e-45
  3984  9.8109e-46
  3986  9.2725e-46
  3987  1.0112e-45
  3989  8.9187e-46
  3992  8.5731e-46
  3994  7.3726e-46
  3997  6.5997e-46
  3999  6.1467e-46
  4000  6.0352e-46
  4001  5.6660e-46
  4004  5.9463e-46
  4007  4.7704e-46
  4010  4.6095e-46
  4011  4.6728e-46
  4014  4.2990e-46
  4016  3.8277e-46
  4017  3.9618e-46
  4018  4.0506e-46
  4021  3.7413e-46
  4022  4.0125e-46
  4023  3.8167e-46
  4026  3.2772e-46
  4029  2.9668e-46
  4031  2.4249e-46
  4033  2.1530e-46
  4035  2.2824e-46
  4036  2.3774e-46
  4038  2.0553e-46
  4039  1.8181e-46
  4041  1.6131e-46
  4044  1.6374e-46
  4047  1.6751e-46
  4050  1.6664e-46
  4051  1.3892e-46
  4052  1.2577e-46
  4054  1.1564e-46
  4056  1.0177e-46
  4057  1.0800e-46
  4059  1.1798e-46
  4061  1.1164e-46
  4063  1.1660e-46
  4065  1.2659e-46
  4067  1.2712e-46
  4069  1.0455e-46
  4072  1.0924e-46
  4074  8.9898e-47
  4076  7.7139e-47
  4078  6.1949e-47
  4079  5.3171e-47
  4082  4.6796e-47
  4083  4.4699e-47
  4085  3.8944e-47
  4086  3.2848e-47
  4089  2.9001e-47
  4091  2.9400e-47
  4092  3.0023e-47
  4095  3.2967e-47
  4096  3.1232e-47
  4098  3.1840e-47
  4099  3.0211e-47
  4100  3.1248e-47
  4102  2.5221e-47
  4105  2.1749e-47
  4108  1.7650e-47
  4111  1.7755e-47
  4114  1.6648e-47
  4117  1.7477e-47
  4119  1.4380e-47
  4120  1.5595e-47
  4121  1.4443e-47
  4124  1.3465e-47
  4126  1.4147e-47
  4128  1.3454e-47
  4129  1.3379e-47
  4131  1.1818e-47
  4133  1.2521e-47
  4136  1.3165e-47
  4137  1.1761e-47
  4138  1.0964e-47
  4139  1.0564e-47
  4141  9.5726e-48
  4143  1.0420e-47
  4146  1.0933e-47
  4149  1.0687e-47
  4152  8.8822e-48
  4155  7.4804e-48
  4156  8.0753e-48
  4159  7.6861e-48
  4160  6.6534e-48
  4162  5.5741e-48
  4165  5.8821e-48
  4167  5.8298e-48
  4168  4.8206e-48
  4170  4.2070e-48
  4171  3.8226e-48
  4174  3.2515e-48
  4177  3.4640e-48
  4178  3.3852e-48
  4179  3.6266e-48
  4182  2.9911e-48
  4183  2.9010e-48
  4185  2.8699e-48
  4186  3.0127e-48
  4187  2.7762e-48
  4188  3.0009e-48
  4191  3.2748e-48
  4193  3.0186e-48
  4194  3.1644e-48
  4197  2.8930e-48
  4199  2.6670e-48
  4201  2.1831e-48
  4203  1.7843e-48
  4206  1.4355e-48
  4209  1.3329e-48
  4212  1.4167e-48
  4213  1.4352e-48
  4216  1.2967e-48
  4217  1.2180e-48
  4219  1.2801e-48
  4222  1.2671e-48
  4224  1.2821e-48
  4227  1.3181e-48
  4229  1.3477e-48
  4230  1.2804e-48
  4231  1.1529e-48
  4234  9.6941e-49
  4237  1.0626e-48
  4240  9.0072e-49
  4243  9.3047e-49
  4245  9.3921e-49
  4248  8.7323e-49
  4249  9.1171e-49
  4250  8.6915e-49
  4252  9.3574e-49
  4253  9.8708e-49
  4255  9.6373e-49
  4257  9.9974e-49
  4259  9.1943e-49
  4262  9.8104e-49
  4265  9.9915e-49
  4266  1.0246e-48
  4269  9.9671e-49
  4271  9.3743e-49
  4273  9.9405e-49
  4275  8.3592e-49
  4277  7.3523e-49
  4279  6.2580e-49
  4280  6.5279e-49
  4282  5.2467e-49
  4283  5.0587e-49
  4285  4.3484e-49
  4288  4.7828e-49
  4291  4.6148e-49
  4293  4.3668e-49
  4294  3.6224e-49
  4297  3.1289e-49
  4298  3.2843e-49
  4299  2.7168e-49
  4300  2.5070e-49
  4301  2.0240e-49
  4304  1.6558e-49
  4307  1.5055e-49
  4308  1.3286e-49
  4310  1.0689e-49
  4311  9.2381e-50
  4314  7.8489e-50
  4316  6.3624e-50
  4317  6.2128e-50
  4320  6.2007e-50
  4322  5.9192e-50
  4325  6.1496e-50
  4328  5.2618e-50
  4329  4.5306e-50
  4331  4.1603e-50
  4332  4.0288e-50
  4334  3.8194e-50
  4335  3.4614e-50
  4336  3.1529e-50
  4339  2.6008e-50
  4341  2.7762e-50
  4342  2.3403e-50
  4344  2.4948e-50
  4347  2.3865e-50
  4348  2.1622e-50
  4350  2.0635e-50
  4352  2.2292e-50
  4353  2.3174e-50
  4354  2.2062e-50
  4356  1.7785e-50
  4357  1.5504e-50
  4359  1.5750e-50
  4362  1.4885e-50
  4364  1.5318e-50
  4366  1.3960e-50
  4367  1.3580e-50
  4368  1.0883e-50
  4371  1.0184e-50
  4372  9.0995e-51
  4375  8.1407e-51
  4376  6.8205e-51
  4377  7.0433e-51
  4378  5.7852e-51
  4379  6.0056e-51
  4382  5.5842e-51
  4384  4.5562e-51
  4387  4.4554e-51
  4389  4.7253e-51
  4392  4.5627e-51
  4395  4.0944e-51
  4398  3.8006e-51
  4399  3.6769e-51
  4402  3.5097e-51
  4403  3.3733e-51
  4406  3.6483e-51
  4407  3.4881e-51
  4408  2.9139e-51
  4410  2.4183e-51
  4412  2.5386e-51
  4413  2.5131e-51
  4415  2.1674e-51
  4418  2.1391e-51
  4419  2.2377e-51
  4420  1.8411e-51
  4422  1.7262e-51
  4424  1.4871e-51
  4426  1.4329e-51
  4428  1.3901e-51
  4430  1.3798e-51
  4431  1.4786e-51
  4433  1.3087e-51
  4435  1.3141e-51
  4437  1.3049e-51
  4440  1.2083e-51
  4441  1.0776e-51
  4442  1.0752e-51
  4444  1.0759e-51
  4447  1.1637e-51
  4448  1.1210e-51
  4450  1.1949e-51
  4452  9.8288e-52
  4453  8.4699e-52
  4454  8.2545e-52
  4455  8.4225e-52
  4457  7.2081e-52
  4459  7.7627e-52
  4462  6.7653e-52
  4463  7.3787e-52
  4465  7.7620e-52
  4467  7.4277e-52
  4468  7.4058e-52
  4471  8.0490e-52
  4472  6.6583e-52
  4473  5.8720e-52
  4476  6.4137e-52
  4479  5.6050e-52
  4482  6.1547e-52
  4485  5.8216e-52
  4486  5.4875e-52
  4488  4.5314e-52
  4491  3.6365e-52
  4494  3.0604e-52
  4496  3.0434e-52
  4497  2.9770e-52
  4498  2.4791e-52
  4499  2.5886e-52
  4501  2.5923e-52
  4504  2.8002e-52
  4507  2.3487e-52
  4508  2.3894e-52
  4511  2.3144e-52
  4513  1.8602e-52
  4514  1.6706e-52
  4515  1.6565e-52
  4517  1.4503e-52
  4519  1.3321e-52
  4521  1.1704e-52
  4522  1.0536e-52
  4525  8.5388e-53
  4528  7.3358e-53
  4529  7.9470e-53
  4532  7.5090e-53
  4534  7.3625e-53
  4535  7.3048e-53
  4536  5.9857e-53
  4537  5.6623e-53
  4540  5.8716e-53
  4541  5.4021e-53
  4543  4.4082e-53
  4545  3.6274e-53
  4548  2.9330e-53
  4550  2.9335e-53
  4552  2.5344e-53
  4553  2.1392e-53
  4554  2.3520e-53
  4555  2.4522e-53
  4558  2.1080e-53
  4561  1.7203e-53
  4563  1.7185e-53
  4566  1.4314e-53
  4569  1.5338e-53
  4570  1.2452e-53
  4572  1.1127e-53
  4574  9.8457e-54
  4577  9.8557e-54
  4578  9.1804e-54
  4579  7.6474e-54
  4580  7.2681e-54
  4583  6.2774e-54
  4584  6.3643e-54
  4585  6.4298e-54
  4586  5.2858e-54
  4588  4.8052e-54
  4591  4.8441e-54
  4592  4.5951e-54
  4593  4.1095e-54
  4596  3.9725e-54
  4598  4.0819e-54
  4600  4.2798e-54
  4601  3.7536e-54
  4604  3.4727e-54
  4606  2.9356e-54
  4609  3.1118e-54
  4610  3.2945e-54
  4613  3.1573e-54
  4616  2.7186e-54
  4618  2.6744e-54
  4619  2.4221e-54
  4620  2.5164e-54
  4621  2.6550e-54
  4622  2.7945e-54
  4623  2.7278e-54
  4625  2.9579e-54
  4626  2.4716e-54
  4627  2.4037e-54
  4629  1.9620e-54
  4630  1.6904e-54
  4633  1.6397e-54
  4634  1.4868e-54
  4637  1.2373e-54
  4640  1.1753e-54
  4641  9.5861e-55
  4642  9.4157e-55
  4645  8.4049e-55
  4647  7.7807e-55
  4649  6.6877e-55
  4652  6.3159e-55
  4655  6.8690e-55
  4658  5.7272e-55
  4660  5.2640e-55
  4661  5.1236e-55
  4662  4.2322e-55
  4665  4.2329e-55
  4666  4.3636e-55
  4669  4.7866e-55
  4672  5.2458e-55
  4675  5.6317e-55
  4677  5.3808e-55
  4680  5.0127e-55
  4682  4.0985e-55
  4683  4.4486e-55
  4685  4.3462e-55
  4688  4.2153e-55
  4689  3.4754e-55
  4690  3.8123e-55
  4691  3.6561e-55
  4693  3.1318e-55
  4695  2.9564e-55
  4698  2.9406e-55
  4700  3.0095e-55
  4703  2.5257e-55
  4704  2.5841e-55
  4706  2.1844e-55
  4707  2.1455e-55
  4709  1.9963e-55
  4710  1.6229e-55
  4713  1.5316e-55
  4716  1.3837e-55
  4718  1.3561e-55
  4721  1.4394e-55
  4723  1.3997e-55
  4724  1.1745e-55
  4727  1.2706e-55
  4729  1.1034e-55
  4732  8.8638e-56
  4735  9.4610e-56
  4738  8.5723e-56
  4740  7.4594e-56
  4741  7.1201e-56
  4743  6.6402e-56
  4744  5.6426e-56
  4747  5.3748e-56
  4750  5.2413e-56
  4752  4.3305e-56
  4755  4.3775e-56
  4757  4.4757e-56
  4758  4.3930e-56
  4761  4.2123e-56
  4762  3.8609e-56
  4765  3.8639e-56
  4767  4.0791e-56
  4768  3.4861e-56
  4769  3.6406e-56
  4770  3.6050e-56
  4773  3.8736e-56
  4775  3.1619e-56
  4776  3.4604e-56
  4778  2.9755e-56
  4781  2.9276e-56
  4782  2.4720e-56
  4784  2.5825e-56
  4785  2.6372e-56
  4787  2.5074e-56
  4788  2.6279e-56
  4791  2.8330e-56
  4792  3.0120e-56
  4795  2.8314e-56
  4797  2.4876e-56
  4800  2.2481e-56
  4803  1.9569e-56
  4806  1.7353e-56
  4809  1.8743e-56
  4810  1.9379e-56
  4811  1.9188e-56
  4812  1.8551e-56
  4813  1.7531e-56
  4814  1.5639e-56
  4815  1.5125e-56
  4817  1.5295e-56
  4819  1.3191e-56
  4822  1.4368e-56
  4825  1.1732e-56
  4828  1.1697e-56
  4831  1.2400e-56
  4832  1.0995e-56
  4835  1.0769e-56
  4838  1.0522e-56
  4841  1.1311e-56
  4842  9.8775e-57
  4844  1.0568e-56
  4847  8.8024e-57
  4848  8.2298e-57
  4851  8.5343e-57
  4853  7.6867e-57
  4854  6.7310e-57
  4856  6.4782e-57
  4858  5.4282e-57
  4861  4.7315e-57
  4862  4.6675e-57
  4863  4.4855e-57
  4864  4.5779e-57
  4867  4.7063e-57
  4869  4.9419e-57
  4871  5.3236e-57
  4872  5.4098e-57
  4875  5.3695e-57
  4878  4.7900e-57
  4881  4.2558e-57
  4883  4.3656e-57
  4885  3.7389e-57
  4887  3.3806e-57
  4890  3.6882e-57
  4893  3.2332e-57
  4895  2.8590e-57
  4896  2.5328e-57
  4898  2.0638e-57
  4899  1.6593e-57
  4901  1.3932e-57
  4904  1.3063e-57
  4906  1.3115e-57
  4908  1.2833e-57
  4910  1.2169e-57
  4911  1.1993e-57
  4914  1.0666e-57
  4916  1.0027e-57
  4919  9.6920e-58
  4922  9.8446e-58
  4925  9.5331e-58
  4926  9.0705e-58
  4927  7.8955e-58
  4928  7.0313e-58
  4931  6.7996e-58
  4933  5.7926e-58
  4934  5.3200e-58
  4935  5.5134e-58
  4937  4.8940e-58
  4938  5.1107e-58
  4939  5.0983e-58
  4940  5.3665e-58
  4942  5.5995e-58
  4945  6.1374e-58
  4946  6.0600e-58
  4948  5.3708e-58
  4949  5.6847e-58
  4952  5.0336e-58
  4955  4.9103e-58
  4958  5.1709e-58
  4960  5.2616e-58
  4961  5.1017e-58
  4964  5.2819e-58
  4965  5.5057e-58
  4967  4.8699e-58
  4970  5.0170e-58
  4973  5.0082e-58
  4975  5.4307e-58
  4976  5.2715e-58
  4979  4.6749e-58
  4982  4.8263e-58
  4984  4.5586e-58
  4985  4.0725e-58
  4988  3.4039e-58
  4990  3.5456e-58
  4991  3.3888e-58
  4992  3.2548e-58
  4993  3.5636e-58
  4995  3.3470e-58
  4996  3.3773e-58
  4999  3.3397e-58
  5000  2.7646e-58
  5003  2.7334e-58
  5006  2.9293e-58
  5008  3.0597e-58
  5010  2.4923e-58
  5011  2.4289e-58
  5013  2.4864e-58
  5015  2.5437e-58
  5016  2.6375e-58
  5018  2.8313e-58
  5019  2.9251e-58
  5022  3.1344e-58
  5023  2.5258e-58
  5026  2.2467e-58
  5028  2.0866e-58
  5031  2.2923e-58
  5032  2.4248e-58
  5034  2.4993e-58
  5035  2.2718e-58
  5037  2.3019e-58
  5038  2.1934e-58
  5040  2.0105e-58
  5042  1.8389e-58
  5043  1.8382e-58
  5046  1.5663e-58
  5049  1.2593e-58
  5050  1.0529e-58
  5052  1.0093e-58
  5055  1.0874e-58
  5056  8.7842e-59
  5058  7.0889e-59
  5059  7.4924e-59
  5062  8.0925e-59
  5065  7.4862e-59
  5066  6.0071e-59
  5068  5.2150e-59
  5070  4.8025e-59
  5071  4.7356e-59
  5074  3.9491e-59
  5077  4.1749e-59
  5079  3.4790e-59
  5081  3.6366e-59
  5084  3.3037e-59
  5087  2.8257e-59
  5090  2.3897e-59
  5091  2.3209e-59
  5094  2.1571e-59
  5095  1.9571e-59
  5096  1.7278e-59
  5098  1.4431e-59
  5099  1.3585e-59
  5101  1.3000e-59
  5103  1.0977e-59
  5104  1.2027e-59
  5106  1.0202e-59
  5108  8.9525e-60
  5111  8.8503e-60
  5112  9.4444e-60
  5114  7.8546e-60
  5116  8.2253e-60
  5117  7.9192e-60
  5118  8.3445e-60
  5120  8.1066e-60
  5123  7.7745e-60
  5126  8.3380e-60
  5129  8.6015e-60
  5132  9.3838e-60
  5133  8.5961e-60
  5136  8.4833e-60
  5137  8.2408e-60
  5138  7.9044e-60
  5140  7.3373e-60
  5141  7.2110e-60
  5143  7.0935e-60
  5144  6.2211e-60
  5145  5.0520e-60
  5148  4.3097e-60
  5151  4.2580e-60
  5154  4.3802e-60
  5157  3.6290e-60
  5158  3.1783e-60
  5159  3.2145e-60
  5160  2.9102e-60
  5161  3.1236e-60
  5164  2.6319e-60
  5166  2.4619e-60
  5168  2.6445e-60
  5171  2.4206e-60
  5173  2.4997e-60
  5175  2.3227e-60
  5178  1.9202e-60
  5181  1.8867e-60
  5182  1.7829e-60
  5184  1.6787e-60
  5186  1.6605e-60
  5187  1.4595e-60
  5188  1.5632e-60
  5189  1.5241e-60
  5192  1.4689e-60
  5195  1.2093e-60
  5196  1.2684e-60
  5197  1.3465e-60
  5199  1.3022e-60
  5201  1.3651e-60
  5203  1.2257e-60
  5204  1.3150e-60
  5205  1.1982e-60
  5208  1.2990e-60
  5211  1.3933e-60
  5213  1.4823e-60
  5215  1.3218e-60
  5216  1.1123e-60
  5219  1.0198e-60
  5221  1.0204e-60
  5224  1.1131e-60
  5226  1.2238e-60
  5229  1.0082e-60
  5232  1.0561e-60
  5234  1.1535e-60
  5237  1.2208e-60
  5240  1.0048e-60
  5242  8.8087e-61
  5245  9.4734e-61
  5248  9.4763e-61
  5251  9.2715e-61
  5254  9.2899e-61
  5257  8.8124e-61
  5260  7.8796e-61
  5263  7.5569e-61
  5265  6.3922e-61
  5267  5.8851e-61
  5268  6.3908e-61
  5271  6.1911e-61
  5272  6.4508e-61
  5273  6.1336e-61
  5275  6.0724e-61
  5278  5.6874e-61
  5279  5.2591e-61
  5282  4.8699e-61
  5285  4.5497e-61
  5286  3.8714e-61
  5289  3.7454e-61
  5290  3.8383e-61
  5292  4.0984e-61
  5293  3.3880e-61
  5294  3.4779e-61
  5295  3.3668e-61
  5297  3.2614e-61
  5300  3.2703e-61
  5301  2.7150e-61
  5304  2.6494e-61
  5305  2.4538e-61
  5308  2.4968e-61
  5310  2.0850e-61
  5311  1.9116e-61
  5312  1.5342e-61
  5314  1.6068e-61
  5315  1.4342e-61
  5318  1.3536e-61
  5319  1.1043e-61
  5320  9.4994e-62
  5322  9.6715e-62
  5323  8.3658e-62
  5325  8.4488e-62
  5326  8.6676e-62
  5327  8.8751e-62
  5330  9.2463e-62
  5331  8.6632e-62
  5332  7.7866e-62
  5334  8.0189e-62
  5337  7.4295e-62
  5338  6.0641e-62
  5340  6.5765e-62
  5343  5.5973e-62
  5344  5.8137e-62
  5345  6.2417e-62
  5348  5.2261e-62
  5349  5.1055e-62
  5352  5.2312e-62
  5353  4.4067e-62
  5356  4.7058e-62
  5357  4.0828e-62
  5359  3.4522e-62
  5361  2.9504e-62
  5362  2.8238e-62
  5364  2.3600e-62
  5365  2.3062e-62
  5368  2.4186e-62
  5371  2.0063e-62
  5373  1.8364e-62
  5375  1.7617e-62
  5376  1.7602e-62
  5377  1.6182e-62
  5380  1.3878e-62
  5383  1.3935e-62
  5385  1.1148e-62
  5388  1.0021e-62
  5389  8.0863e-63
  5391  8.0072e-63
  5393  6.8815e-63
  5394  6.8050e-63
  5396  6.2949e-63
  5399  6.0356e-63
  5400  6.3294e-63
  5401  6.1187e-63
  5402  5.3703e-63
  5403  5.1389e-63
  5405  5.1504e-63
  5407  5.1306e-63
  5410  5.3956e-63
  5412  5.9185e-63
  5414  5.0373e-63
  5416  5.2501e-63
  5419  5.7527e-63
  5421  6.0946e-63
  5422  4.9220e-63
  5425  4.9127e-63
  5427  4.9969e-63
  5429  5.1407e-63
  5432  4.7567e-63
  5435  4.1294e-63
  5437  3.8346e-63
  5439  3.8286e-63
  5441  3.0865e-63
  5444  2.8563e-63
  5447  2.7946e-63
  5448  2.2552e-63
  5450  1.9156e-63
  5451  2.0223e-63
  5452  1.7541e-63
  5454  1.7760e-63
  5456  1.5247e-63
  5459  1.2867e-63
  5460  1.4099e-63
  5461  1.2515e-63
  5463  1.3105e-63
  5464  1.2855e-63
  5465  1.2640e-63
  5467  1.0199e-63
  5468  1.0725e-63
  5470  1.1461e-63
  5472  1.0244e-63
  5475  8.7255e-64
  5477  8.1040e-64
  5479  6.7440e-64
  5480  5.8535e-64
  5482  6.3999e-64
  5485  6.7153e-64
  5488  6.2033e-64
  5489  5.8507e-64
  5491  4.7600e-64
  5493  4.0756e-64
  5496  3.7255e-64
  5497  3.2019e-64
  5499  2.7986e-64
  5502  2.7258e-64
  5504  2.6430e-64
  5505  2.3783e-64
  5508  1.9304e-64
  5509  1.9174e-64
  5510  1.6624e-64
  5513  1.4793e-64
  5515  1.4243e-64
  5517  1.5140e-64
  5518  1.3238e-64
  5519  1.0604e-64
  5520  1.0848e-64
  5523  1.0420e-64
  5525  1.0145e-64
  5527  1.0414e-64
  5528  9.4861e-65
  5530  1.0090e-64
  5533  8.3544e-65
  5534  6.9455e-65
  5536  6.0960e-65
  5538  5.0849e-65
  5540  4.1634e-65
  5542  4.2256e-65
  5545  4.6015e-65
  5548  3.8279e-65
  5550  3.8332e-65
  5552  3.7022e-65
  5553  3.3046e-65
  5556  3.4915e-65
  5559  3.6830e-65
  5560  3.9753e-65
  5561  3.2903e-65
  5562  3.3902e-65
  5563  3.4025e-65
  5564  2.9129e-65
  5565  2.3491e-65
  5567  2.5592e-65
  5568  2.2633e-65
  5569  2.4731e-65
  5571  2.5417e-65
  5572  2.3501e-65
  5574  2.3197e-65
  5575  1.9828e-65
  5577  1.8545e-65
  5578  1.7455e-65
  5580  1.5434e-65
  5583  1.5035e-65
  5584  1.5209e-65
  5587  1.4543e-65
  5590  1.3733e-65
  5593  1.1343e-65
  5594  1.0060e-65
  5596  9.4626e-66
  5598  9.8060e-66
  5601  1.0502e-65
  5603  1.1006e-65
  5604  9.5986e-66
  5606  9.1106e-66
  5607  7.7488e-66
  5609  8.5209e-66
  5612  8.1680e-66
  5615  8.7802e-66
  5616  7.4600e-66
  5617  7.9796e-66
  5618  7.0324e-66
  5619  7.0437e-66
  5621  5.6759e-66
  5622  6.0618e-66
  5623  5.1045e-66
  5626  4.3647e-66
  5627  4.5424e-66
  5630  4.9883e-66
  5632  4.5314e-66
  5634  3.8793e-66
  5637  3.8597e-66
  5639  3.6461e-66
  5642  3.2094e-66
  5645  2.6245e-66
  5646  2.2212e-66
  5647  2.2893e-66
  5649  2.2345e-66
  5652  2.4033e-66
  5655  2.0547e-66
  5658  1.7493e-66
  5661  1.6163e-66
  5662  1.5203e-66
  5665  1.4535e-66
  5668  1.2857e-66
  5670  1.1763e-66
  5673  1.0488e-66
  5676  9.2411e-67
  5678  8.1352e-67
  5681  8.2543e-67
  5683  8.0995e-67
  5686  7.9829e-67
  5688  6.5271e-67
  5690  5.4281e-67
  5691  5.0798e-67
  5694  5.2470e-67
  5697  5.3760e-67
  5698  5.8189e-67
  5699  6.3721e-67
  5701  5.6696e-67
  5704  6.1942e-67
  5707  5.9257e-67
  5709  5.9760e-67
  5710  5.4238e-67
  5711  5.0665e-67
  5712  4.8343e-67
  5714  4.6446e-67
  5715  3.7259e-67
  5717  3.6324e-67
  5720  2.9931e-67
  5721  2.8149e-67
  5724  2.6213e-67
  5727  2.4703e-67
  5730  2.6720e-67
  5733  2.1761e-67
  5736  2.0639e-67
  5738  2.2347e-67
  5739  2.0912e-67
  5740  2.2677e-67
  5743  2.2838e-67
  5745  2.2497e-67
  5748  2.2096e-67
  5750  2.1682e-67
  5752  2.1666e-67
  5753  2.2990e-67
  5756  2.1077e-67
  5757  1.9441e-67
  5760  1.5886e-67
  5763  1.5618e-67
  5766  1.5723e-67
  5767  1.3845e-67
  5769  1.4771e-67
  5772  1.4107e-67
  5773  1.2463e-67
  5775  1.0460e-67
  5778  8.6085e-68
  5781  7.9022e-68
  5784  7.3786e-68
  5785  7.0539e-68
  5787  6.6992e-68
  5790  6.2016e-68
  5793  6.0365e-68
  5795  5.2323e-68
  5797  4.9314e-68
  5800  4.2688e-68
  5802  4.5220e-68
  5805  4.1965e-68
  5806  3.4426e-68
  5808  3.0773e-68
  5809  3.1377e-68
  5812  2.5274e-68
  5813  2.3227e-68
  5816  1.8803e-68
  5817  1.7462e-68
  5818  1.8296e-68
  5819  1.6515e-68
  5822  1.4533e-68
  5823  1.3884e-68
  5825  1.2421e-68
  5827  1.3585e-68
  5830  1.0983e-68
  5831  1.1206e-68
  5834  9.0765e-69
  5835  9.1214e-69
  5838  8.9590e-69
  5839  8.8890e-69
  5840  8.9576e-69
  5841  8.4527e-69
  5842  8.1482e-69
  5844  8.4204e-69
  5847  7.0768e-69
  5849  6.9579e-69
  5850  6.5460e-69
  5851  6.3880e-69
  5853  6.3150e-69
  5855  5.9246e-69
  5856  5.4954e-69
  5858  5.4123e-69
  5859  4.8088e-69
  5860  4.4483e-69
  5861  4.5046e-69
  5862  4.7387e-69
  5863  4.3981e-69
  5866  4.5428e-69
  5867  4.3409e-69
  5870  4.3744e-69
  5872  4.1508e-69
  5875  3.5932e-69
  5878  3.5755e-69
  5880  3.4591e-69
  5883  3.6519e-69
  5886  3.7787e-69
  5888  4.0681e-69
  5890  4.3826e-69
  5891  4.5419e-69
  5893  3.8116e-69
  5896  3.2796e-69
  5898  3.3053e-69
  5899  2.8476e-69
  5901  2.5020e-69
  5903  2.1590e-69
  5905  2.2758e-69
  5908  2.4079e-69
  5910  2.3692e-69
  5911  1.9799e-69
  5914  1.8975e-69
  5916  1.9040e-69
  5918  1.6876e-69
  5921  1.7083e-69
  5924  1.5333e-69
  5927  1.5726e-69
  5930  1.5718e-69
  5933  1.4651e-69
  5934  1.4512e-69
  5936  1.3755e-69
  5938  1.2575e-69
  5941  1.2195e-69
  5944  1.2797e-69
  5946  1.3557e-69
  5949  1.0972e-69
  5950  9.8013e-70
  5951  9.0750e-70
  5953  9.9181e-70
  5955  9.6679e-70
  5957  8.4091e-70
  5960  7.2856e-70
  5961  6.3151e-70
  5962  5.6547e-70
  5963  6.0137e-70
  5965  6.1497e-70
  5966  6.7366e-70
  5968  6.3385e-70
  5970  6.2313e-70
  5972  5.8473e-70
  5974  5.3144e-70
  5977  5.6611e-70
  5980  5.3923e-70
  5983  4.4848e-70
  5984  4.4598e-70
  5985  4.7921e-70
  5986  4.9794e-70
  5987  4.2586e-70
  5990  3.9184e-70
  5991  4.2445e-70
  5994  4.1463e-70
  5996  3.8935e-70
  5997  3.2116e-70
  5998  2.9567e-70
  6000  3.2141e-70
  6001  3.3803e-70
  6002  3.0233e-70
  6004  2.9062e-70
  6007  2.8301e-70
  6008  2.3301e-70
  6011  2.2058e-70
  6012  1.8593e-70
  6013  1.7642e-70
  6014  1.5536e-70
  6016  1.6118e-70
  6017  1.6884e-70
  6020  1.7386e-70
  6023  1.3943e-70
  6025  1.3916e-70
  6027  1.5102e-70
  6028  1.4245e-70
  6029  1.4613e-70
  6032  1.5546e-70
  6033  1.6299e-70
  6034  1.4798e-70
  6037  1.2138e-70
  6038  1.0291e-70
  6039  9.3497e-71
  6041  9.1368e-71
  6044  9.5824e-71
  6047  8.7904e-71
  6049  9.0603e-71
  6052  8.9542e-71
  6055  8.9104e-71
  6056  9.7829e-71
  6059  9.8841e-71
  6061  1.0054e-70
  6062  9.4350e-71
  6065  9.9794e-71
  6067  8.4440e-71
  6068  8.0741e-71
  6069  7.1790e-71
  6070  7.6259e-71
  6071  7.6840e-71
  6073  8.3913e-71
  6076  7.9128e-71
  6077  8.1711e-71
  6079  7.9683e-71
  6080  8.6253e-71
  6082  7.6902e-71
  6083  7.2598e-71
  6086  5.9954e-71
  6089  6.1708e-71
  6091  6.7278e-71
  6094  6.2037e-71
  6096  5.0958e-71
  6099  4.6018e-71
  6102  3.8670e-71
  6103  3.5086e-71
  6104  2.9794e-71
  6106  2.9010e-71
  6107  2.7995e-71
  6109  2.8898e-71
  6112  2.8663e-71
  6114  3.1054e-71
  6115  2.7508e-71
  6117  2.4640e-71
  6120  2.6343e-71
  6123  2.2800e-71
  6124  2.2879e-71
  6126  2.5145e-71
  6128  2.5130e-71
  6131  2.2442e-71
  6132  2.0941e-71
  6134  1.8537e-71
  6137  2.0119e-71
  6139  2.1798e-71
  6141  1.8449e-71
  6143  1.8535e-71
  6144  1.9919e-71
  6146  1.9242e-71
  6149  1.5998e-71
  6151  1.5946e-71
  6153  1.3962e-71
  6155  1.1922e-71
  6156  1.2479e-71
  6157  1.3315e-71
  6160  1.3189e-71
  6161  1.0801e-71
  6164  9.2553e-72
  6167  7.5734e-72
  6168  6.4082e-72
  6169  6.3693e-72
  6172  6.2374e-72
  6173  6.1852e-72
  6175  6.4917e-72
  6177  6.7718e-72
  6179  6.3441e-72
  6182  6.1315e-72
  6183  5.2377e-72
  6184  4.8087e-72
  6187  3.8972e-72
  6189  3.5212e-72
  6192  3.1767e-72
  6194  2.6214e-72
  6196  2.2006e-72
  6199  2.3123e-72
  6202  2.0907e-72
  6204  2.1421e-72
  6205  2.3441e-72
  6206  2.4534e-72
  6207  2.0527e-72
  6210  1.7159e-72
  6213  1.6984e-72
  6215  1.5817e-72
  6218  1.3509e-72
  6220  1.2837e-72
  6222  1.2392e-72
  6224  1.3435e-72
  6225  1.3241e-72
  6227  1.2960e-72
  6230  1.3290e-72
  6231  1.3513e-72
  6234  1.2908e-72
  6237  1.3461e-72
  6240  1.2522e-72
  6242  1.1330e-72
  6245  9.2632e-73
  6246  9.4574e-73
  6247  9.4450e-73
  6250  7.7406e-73
  6251  6.3000e-73
  6252  6.2047e-73
  6254  6.2770e-73
  6256  5.1268e-73
  6259  5.2246e-73
  6262  4.2412e-73
  6264  4.0314e-73
  6266  4.3982e-73
  6268  3.9068e-73
  6269  3.8048e-73
  6272  3.9221e-73
  6273  3.9978e-73
  6276  3.8323e-73
  6277  3.6781e-73
  6280  3.5369e-73
  6281  3.7309e-73
  6282  3.2818e-73
  6285  3.2858e-73
  6287  3.0347e-73
  6288  2.9519e-73
  6291  2.6426e-73
  6292  2.5487e-73
  6295  2.0678e-73
  6297  2.1595e-73
  6299  2.1689e-73
  6301  2.2646e-73
  6302  2.2628e-73
  6303  1.9605e-73
  6306  1.6397e-73
  6308  1.7733e-73
  6311  1.8609e-73
  6314  1.7577e-73
  6316  1.8123e-73
  6319  1.6945e-73
  6320  1.7730e-73
  6321  1.4494e-73
  6322  1.4278e-73
  6325  1.4236e-73
  6326  1.1657e-73
  6328  1.2258e-73
  6329  1.2611e-73
  6331  1.0369e-73
  6333  8.3172e-74
  6335  8.0926e-74
  6337  7.6614e-74
  6339  6.8499e-74
  6340  5.5775e-74
  6341  4.6526e-74
  6342  4.0004e-74
  6344  3.3159e-74
  6345  3.0465e-74
  6348  2.5555e-74
  6349  2.4917e-74
  6352  2.4195e-74
  6353  2.0486e-74
  6356  2.1617e-74
  6359  2.0690e-74
  6362  1.8296e-74
  6365  1.6893e-74
  6368  1.7915e-74
  6371  1.4968e-74
  6372  1.4207e-74
  6373  1.4416e-74
  6375  1.4619e-74
  6378  1.2225e-74
  6379  1.1936e-74
  6381  9.6314e-75
  6382  8.1806e-75
  6383  8.4947e-75
  6386  7.7198e-75
  6387  7.7463e-75
  6389  6.3978e-75
  6392  6.9617e-75
  6393  6.0177e-75
  6395  4.9983e-75
  6397  5.1284e-75
  6398  5.1551e-75
  6399  4.4043e-75
  6402  4.7955e-75
  6405  5.0594e-75
  6408  4.4392e-75
  6411  4.0274e-75
  6414  4.0579e-75
  6416  3.5539e-75
  6419  3.6875e-75
  6422  3.1001e-75
  6424  2.7414e-75
  6426  2.5017e-75
  6427  2.2507e-75
  6430  2.1326e-75
  6432  2.0776e-75
  6433  2.1974e-75
  6435  2.3033e-75
  6438  2.3252e-75
  6440  1.9279e-75
  6443  1.9590e-75
  6446  1.6108e-75
  6447  1.7399e-75
  6449  1.6016e-75
  6451  1.3188e-75
  6453  1.1880e-75
  6455  1.2563e-75
  6458  1.3443e-75
  6459  1.3093e-75
  6462  1.0520e-75
  6463  1.0629e-75
  6466  9.9113e-76
  6467  1.0210e-75
  6470  9.2204e-76
  6472  9.6967e-76
  6474  7.9541e-76
  6476  6.9415e-76
  6478  5.7097e-76
  6481  5.0717e-76
  6482  5.5724e-76
  6484  5.2296e-76
  6485  4.8699e-76
  6486  5.0858e-76
  6489  4.3605e-76
  6492  4.4407e-76
  6494  4.5648e-76
  6497  4.4492e-76
  6500  3.6861e-76
  6502  3.2787e-76
  6504  2.7082e-76
  6505  2.7795e-76
  6506  2.6198e-76
  6507  2.4103e-76
  6509  2.5985e-76
  6512  2.5630e-76
  6513  2.3708e-76
  6516  2.1865e-76
  6519  1.8124e-76
  6522  1.5240e-76
  6523  1.2297e-76
  6524  1.0186e-76
  6527  8.2462e-77
  6530  8.1090e-77
  6533  7.3103e-77
  6536  7.6476e-77
  6539  7.3231e-77
  6540  6.8402e-77
  6542  7.2212e-77
  6544  7.3086e-77
  6545  7.2929e-77
  6546  7.2050e-77
  6548  6.8120e-77
  6549  5.7299e-77
  6550  5.6853e-77
  6551  5.5249e-77
  6554  5.1318e-77
  6555  4.9427e-77
  6557  4.5012e-77
  6560  3.6450e-77
  6561  3.9476e-77
  6563  3.7057e-77
  6565  3.2030e-77
  6567  3.4745e-77
  6570  3.3548e-77
  6572  3.6242e-77
  6574  3.6082e-77
  6577  3.8139e-77
  6580  3.6174e-77
  6583  3.5904e-77
  6584  3.1007e-77
  6585  3.0513e-77
  6587  3.2827e-77
  6590  3.0653e-77
  6591  2.9148e-77
  6593  2.7541e-77
  6596  2.9610e-77
  6598  2.7601e-77
  6599  2.6238e-77
  6601  2.3434e-77
  6603  2.1708e-77
  6605  2.3381e-77
  6607  1.9514e-77
  6609  2.0075e-77
  6610  2.1528e-77
  6613  2.2483e-77
  6614  2.2969e-77
  6616  2.3143e-77
  6618  2.4875e-77
  6619  2.6856e-77
  6621  2.6502e-77
  6624  2.9059e-77
  6625  2.9974e-77
  6627  2.7787e-77
  6630  2.5374e-77
  6633  2.3444e-77
  6635  2.1467e-77
  6637  2.1703e-77
  6638  2.0781e-77
  6641  2.0997e-77
  6644  2.2051e-77
  6645  1.7696e-77
  6647  1.4884e-77
  6648  1.2499e-77
  6650  1.1835e-77
  6653  1.2991e-77
  6654  1.1737e-77
  6656  9.4798e-78
  6657  1.0064e-77
  6659  1.0738e-77
  6662  9.8921e-78
  6665  9.7555e-78
  6668  8.3409e-78
  6669  7.2878e-78
  6672  7.7871e-78
  6673  6.4087e-78
  6676  5.8936e-78
  6678  5.9980e-78
  6679  5.1275e-78
  6681  4.1719e-78
  6682  4.0963e-78
  6683  4.3202e-78
  6686  4.3360e-78
  6687  4.0840e-78
  6689  4.1268e-78
  6691  4.0833e-78
  6693  3.7591e-78
  6695  4.0425e-78
  6698  3.7178e-78
  6701  3.8118e-78
  6703  3.8706e-78
  6705  4.0898e-78
  6708  4.2286e-78
  6710  4.1074e-78
  6712  4.0442e-78
  6715  4.1829e-78
  6718  3.3564e-78
  6719  3.3549e-78
  6721  2.7965e-78
  6724  2.7874e-78
  6727  2.3904e-78
  6728  2.1994e-78
  6730  2.3851e-78
  6733  2.2125e-78
  6734  2.4172e-78
  6735  2.0709e-78
  6736  1.7184e-78
  6738  1.8695e-78
  6741  1.7700e-78
  6743  1.6552e-78
  6744  1.3930e-78
  6745  1.1385e-78
  6747  9.2569e-79
  6749  7.5630e-79
  6750  6.1160e-79
  6752  6.2256e-79
  6753  6.0401e-79
  6755  6.2721e-79
  6757  6.6565e-79
  6760  7.3194e-79
  6762  7.4494e-79
  6765  6.5882e-79
  6766  6.7479e-79
  6769  7.2915e-79
  6770  6.0607e-79
  6772  6.0644e-79
  6774  6.0921e-79
  6777  5.6877e-79
  6778  4.5713e-79
  6781  4.9532e-79
  6783  4.6916e-79
  6786  4.3080e-79
  6787  4.3955e-79
  6788  4.4300e-79
  6789  4.6494e-79
  6791  3.7692e-79
  6792  3.9792e-79
  6795  3.5024e-79
  6796  2.9251e-79
  6797  2.4310e-79
  6799  2.2973e-79
  6801  2.0166e-79
  6804  1.6810e-79
  6805  1.7150e-79
  6806  1.5740e-79
  6808  1.7239e-79
  6809  1.8562e-79
  6811  1.5398e-79
  6814  1.3838e-79
  6816  1.3848e-79
  6819  1.3850e-79
  6821  1.4902e-79
  6823  1.5250e-79
  6824  1.6236e-79
  6826  1.3545e-79
  6829  1.3906e-79
  6831  1.4718e-79
  6833  1.4065e-79
  6834  1.2820e-79
  6837  1.1077e-79
  6840  1.1852e-79
  6842  1.0095e-79
  6844  1.0889e-79
  6846  1.1412e-79
  6849  1.2487e-79
  6852  1.1391e-79
  6855  9.2078e-80
  6857  8.8378e-80
  6860  9.4657e-80
  6863  9.8609e-80
  6866  8.8259e-80
  6867  7.3964e-80
  6869  7.4258e-80
  6870  7.5012e-80
  6872  6.3683e-80
  6874  6.0702e-80
  6877  5.9263e-80
  6880  5.4138e-80
  6882  5.7542e-80
  6885  5.3462e-80
  6887  4.9710e-80
  6889  4.7193e-80
  6892  4.2640e-80
  6893  4.6032e-80
  6895  4.2483e-80
  6896  4.5027e-80
  6897  4.5248e-80
  6898  4.5756e-80
  6899  4.5181e-80
  6902  4.0694e-80
  6903  3.8097e-80
  6906  4.0127e-80
  6908  4.0710e-80
  6910  3.7335e-80
  6913  3.7113e-80
  6915  3.7082e-80
  6916  3.6793e-80
  6919  3.6765e-80
  6922  3.0334e-80
  6925  2.7272e-80
  6928  2.8852e-80
  6931  2.6045e-80
  6933  2.7456e-80
  6936  2.7326e-80
  6939  2.5697e-80
  6940  2.7941e-80
  6942  2.9522e-80
  6944  3.2072e-80
  6946  2.9038e-80
  6947  3.1640e-80
  6948  3.2126e-80
  6949  3.0538e-80
  6951  2.4834e-80
  6953  2.1572e-80
  6955  2.3291e-80
  6958  2.1816e-80
  6960  2.3273e-80
  6963  2.2651e-80
  6966  1.9195e-80
  6969  1.9640e-80
  6972  2.1045e-80
  6975  1.7347e-80
  6976  1.4282e-80
  6979  1.4735e-80
  6982  1.3697e-80
  6984  1.3429e-80
  6985  1.1230e-80
  6986  1.2296e-80
  6988  9.9470e-81
  6989  1.0311e-80
  6990  1.0762e-80
  6992  1.0890e-80
  6993  1.1837e-80
  6995  1.1693e-80
  6996  1.0378e-80
  6998  9.3470e-81
  7001  8.8520e-81
  7004  7.8457e-81
  7005  7.3249e-81
  7006  7.3928e-81
  7008  5.9800e-81
  7011  5.4429e-81
  7014  5.6008e-81
  7015  5.4819e-81
  7016  5.0419e-81
  7018  4.3057e-81
  7019  4.1370e-81
  7021  3.7213e-81
  7023  3.7948e-81
  7024  3.8309e-81
  7026  3.6885e-81
  7027  3.9694e-81
  7028  3.9686e-81
  7030  3.7258e-81
  7032  3.4445e-81
  7034  3.4185e-81
  7036  3.6140e-81
  7037  3.2151e-81
  7038  3.2795e-81
  7041  3.1081e-81
  7042  2.8786e-81
  7045  3.1292e-81
  7047  3.3938e-81
  7048  2.9089e-81
  7049  2.9547e-81
  7050  2.7920e-81
  7051  2.3226e-81
  7052  2.2122e-81
  7055  2.1334e-81
  7058  2.1586e-81
  7059  2.2771e-81
  7062  2.3144e-81
  7064  1.8933e-81
  7066  2.0698e-81
  7068  2.2223e-81
  7071  1.9147e-81
  7073  1.6907e-81
  7075  1.8423e-81
  7077  1.6256e-81
  7078  1.5095e-81
  7080  1.3826e-81
  7083  1.3326e-81
  7085  1.2609e-81
  7087  1.1779e-81
  7088  1.0342e-81
  7089  9.2345e-82
  7090  8.1264e-82
  7093  7.4342e-82
  7095  6.7531e-82
  7097  7.1847e-82
  7100  6.4187e-82
  7102  5.9626e-82
  7104  6.1057e-82
  7105  6.3592e-82
  7108  6.8353e-82
  7109  5.7086e-82
  7111  5.0215e-82
  7113  4.2778e-82
  7116  4.6438e-82
  7118  4.0788e-82
  7119  3.7135e-82
  7121  4.0220e-82
  7123  3.6769e-82
  7125  3.9847e-82
  7127  4.2347e-82
  7128  3.8568e-82
  7131  3.7202e-82
  7132  4.0499e-82
  7135  4.3986e-82
  7136  3.8040e-82
  7137  3.6619e-82
  7139  3.5373e-82
  7142  3.0153e-82
  7145  2.5668e-82
  7148  2.8209e-82
  7150  2.4387e-82
  7152  2.2703e-82
  7154  2.3594e-82
  7157  1.9710e-82
  7159  1.6744e-82
  7161  1.6601e-82
  7162  1.6049e-82
  7164  1.5811e-82
  7165  1.3663e-82
  7166  1.2558e-82
  7167  1.1261e-82
  7169  1.0262e-82
  7172  1.0686e-82
  7173  9.3924e-83
  7176  9.4353e-83
  7178  8.8758e-83
  7180  7.9948e-83
  7183  8.2889e-83
  7184  7.0765e-83
  7186  7.3868e-83
  7187  7.1783e-83
  7189  6.9141e-83
  7190  6.2962e-83
  7192  6.5540e-83
  7195  5.3894e-83
  7198  5.3636e-83
  7201  5.3195e-83
  7202  5.0913e-83
  7205  5.4517e-83
  7208  5.9893e-83
  7211  5.9368e-83
  7213  6.3092e-83
  7214  6.2635e-83
  7215  5.7053e-83
  7216  6.1522e-83
  7219  6.5220e-83
  7220  5.4638e-83
  7222  4.5524e-83
  7224  4.0113e-83
  7226  3.5640e-83
  7227  3.2731e-83
  7228  2.8656e-83
  7231  2.5945e-83
  7234  2.5961e-83
  7236  2.6736e-83
  7239  2.7096e-83
  7242  2.2742e-83
  7243  2.0247e-83
  7244  1.7583e-83
  7246  1.6905e-83
  7249  1.5537e-83
  7252  1.2854e-83
  7253  1.3331e-83
  7256  1.4615e-83
  7257  1.2413e-83
  7260  9.9647e-84
  7263  8.4674e-84
  7266  9.1176e-84
  7268  7.4576e-84
  7270  6.4159e-84
  7273  6.6256e-84
  7276  6.7948e-84
  7278  6.5896e-84
  7280  6.1320e-84
  7283  5.0940e-84
  7285  4.3165e-84
  7287  4.6949e-84
  7289  4.3183e-84
  7290  3.6504e-84
  7293  3.3970e-84
  7295  3.3401e-84
  7298  3.2888e-84
  7299  2.9791e-84
  7301  2.6892e-84
  7303  2.4244e-84
  7306  1.9603e-84
  7307  1.8485e-84
  7310  1.9108e-84
  7311  1.6448e-84
  7312  1.4760e-84
  7314  1.4022e-84
  7317  1.4897e-84
  7318  1.3581e-84
  7321  1.2341e-84
  7322  1.0130e-84
  7323  8.1988e-85
  7326  8.6562e-85
  7328  8.4957e-85
  7329  8.3021e-85
  7332  7.3205e-85
  7333  6.4966e-85
  7336  6.3336e-85
  7338  5.6637e-85
  7340  6.2280e-85
  7342  5.6297e-85
  7344  5.4524e-85
  7347  4.9208e-85
  7349  5.2108e-85
  7350  4.3718e-85
  7351  4.4148e-85
  7354  3.7824e-85
  7357  3.0495e-85
  7359  2.6438e-85
  7362  2.7853e-85
  7364  2.7645e-85
  7366  2.6757e-85
  7369  2.4467e-85
  7371  2.6610e-85
  7372  2.7371e-85
  7373  2.6030e-85
  7375  2.1023e-85
  7377  1.7183e-85
  7380  1.8162e-85
  7383  1.9421e-85
  7386  1.6424e-85
  7387  1.7736e-85
  7389  1.8657e-85
  7392  1.7531e-85
  7393  1.4733e-85
  7394  1.2496e-85
  7396  1.3330e-85
  7399  1.3930e-85
  7400  1.1829e-85
  7403  9.8294e-86
  7405  1.0029e-85
  7408  1.0216e-85
  7409  9.0726e-86
  7412  8.2542e-86
  7415  7.7966e-86
  7417  8.1304e-86
  7419  8.2386e-86
  7422  7.4716e-86
  7424  7.6847e-86
  7427  7.1100e-86
  7428  7.1177e-86
  7429  7.6868e-86
  7432  6.8585e-86
  7435  6.6296e-86
  7436  5.4203e-86
  7439  4.7604e-86
  7441  5.1099e-86
  7442  4.7808e-86
  7444  4.4578e-86
  7445  3.7024e-86
  7448  2.9864e-86
  7449  2.6471e-86
  7452  2.6865e-86
  7455  2.6940e-86
  7456  2.1790e-86
  7459  2.1926e-86
  7460  2.2738e-86
  7462  2.1093e-86
  7464  2.0362e-86
  7466  1.6317e-86
  7469  1.4692e-86
  7471  1.5437e-86
  7474  1.3163e-86
  7476  1.2340e-86
  7477  1.1865e-86
  7479  9.8341e-87
  7482  1.0605e-86
  7485  8.9208e-87
  7487  9.5708e-87
  7489  7.9427e-87
  7491  7.4307e-87
  7494  6.7289e-87
  7497  5.6623e-87
  7499  4.7598e-87
  7500  4.0429e-87
  7502  3.2582e-87
  7504  3.0946e-87
  7507  2.6411e-87
  7508  2.8215e-87
  7511  2.9264e-87
  7514  2.3495e-87
  7516  2.2766e-87
  7517  2.2808e-87
  7518  2.4477e-87
  7519  2.1267e-87
  7522  1.8326e-87
  7523  1.9928e-87
  7526  1.6330e-87
  7529  1.4838e-87
  7531  1.4060e-87
  7532  1.2956e-87
  7535  1.2092e-87
  7538  1.2165e-87
  7540  1.3198e-87
  7541  1.4422e-87
  7543  1.3800e-87
  7544  1.1790e-87
  7545  1.1733e-87
  7548  1.0204e-87
  7549  1.0713e-87
  7551  1.0291e-87
  7553  8.8375e-88
  7556  7.1405e-88
  7558  6.1715e-88
  7560  6.0112e-88
  7563  5.6718e-88
  7565  5.3943e-88
  7568  4.6234e-88
  7570  4.3866e-88
  7573  3.5410e-88
  7576  3.1930e-88
  7578  2.8601e-88
  7581  2.3098e-88
  7583  2.1503e-88
  7585  1.7285e-88
  7586  1.8740e-88
  7588  1.8245e-88
  7591  1.4866e-88
  7593  1.4945e-88
  7596  1.4622e-88
  7597  1.1981e-88
  7598  1.0949e-88
  7601  9.2576e-89
  7604  9.6970e-89
  7606  9.0677e-89
  7607  9.9416e-89
  7609  1.0247e-88
  7611  9.5013e-89
  7613  1.0032e-88
  7616  9.2001e-89
  7618  8.5793e-89
  7619  9.4220e-89
  7621  8.2198e-89
  7622  7.8183e-89
  7624  6.4433e-89
  7627  5.9703e-89
  7629  6.1815e-89
  7632  5.0355e-89
  7634  4.7256e-89
  7637  4.8735e-89
  7640  4.8515e-89
  7643  4.4422e-89
  7644  4.1881e-89
  7646  3.8281e-89
  7648  4.1324e-89
  7651  4.2872e-89
  7652  4.0064e-89
  7654  3.6244e-89
  7656  3.7102e-89
  7659  3.7560e-89
  7660  3.1110e-89
  7663  2.8093e-89
  7664  2.8016e-89
  7665  2.2515e-89
  7666  2.1539e-89
  7669  1.9267e-89
  7670  2.0375e-89
  7672  1.6766e-89
  7675  1.7936e-89
  7676  1.5984e-89
  7678  1.7517e-89
  7680  1.8490e-89
  7682  1.6035e-89
  7684  1.4640e-89
  7685  1.5912e-89
  7688  1.4440e-89
  7690  1.3649e-89
  7692  1.1451e-89
  7695  1.2480e-89
  7697  1.0369e-89
  7700  8.5092e-90
  7701  8.9072e-90
  7702  9.4494e-90
  7703  9.3830e-90
  7705  1.0019e-89
  7706  8.3240e-90
  7708  7.8227e-90
  7711  6.7165e-90
  7714  6.8264e-90
  7716  5.6203e-90
  7718  5.5888e-90
  7719  5.4465e-90
  7722  4.6280e-90
  7724  4.1946e-90
  7725  3.8363e-90
  7726  3.3919e-90
  7728  2.8155e-90
  7730  2.4016e-90
  7732  2.5942e-90
  7733  2.6837e-90
  7734  2.4391e-90
  7735  2.5782e-90
  7738  2.8224e-90
  7739  2.6681e-90
  7740  2.3065e-90
  7741  1.9782e-90
  7743  2.0215e-90
  7745  2.2003e-90
  7748  2.1645e-90
  7749  1.9056e-90
  7751  1.9769e-90
  7754  1.9407e-90
  7755  2.0766e-90
  7758  2.1327e-90
  7760  2.1298e-90
  7761  1.8179e-90
  7764  1.7429e-90
  7765  1.4130e-90
  7766  1.3683e-90
  7769  1.1930e-90
  7771  1.1264e-90
  7773  1.1676e-90
  7774  1.2045e-90
  7777  1.0804e-90
  7778  9.6494e-91
  7781  9.8747e-91
  7783  1.0062e-90
  7785  8.5695e-91
  7788  9.0564e-91
  7790  9.4340e-91
  7791  9.3015e-91
  7792  7.7545e-91
  7795  8.3703e-91
  7797  7.5991e-91
  7798  7.7216e-91
  7800  7.7654e-91
  7803  6.2564e-91
  7805  6.1710e-91
  7808  6.4314e-91
  7809  6.0461e-91
  7811  5.5466e-91
  7814  5.4285e-91
  7815  4.6557e-91
  7818  4.6045e-91
  7820  4.5060e-91
  7823  4.4940e-91
  7826  4.2959e-91
  7828  3.7159e-91
  7829  3.5623e-91
  7830  3.5227e-91
  7833  2.8744e-91
  7835  2.8370e-91
  7838  2.7790e-91
  7840  2.8749e-91
  7842  2.5973e-91
  7845  2.7845e-91
  7848  2.2945e-91
  7849  2.2838e-91
  7852  2.4014e-91
  7855  2.3733e-91
  7857  2.3848e-91
  7859  2.1454e-91
  7860  1.8940e-91
  7862  1.6324e-91
  7864  1.5373e-91
  7867  1.4210e-91
  7868  1.4509e-91
  7869  1.5628e-91
  7871  1.6925e-91
  7874  1.5585e-91
  7875  1.6212e-91
  7877  1.5581e-91
  7879  1.3341e-91
  7880  1.3370e-91
  7883  1.2664e-91
  7886  1.2450e-91
  7889  1.1271e-91
  7892  9.5480e-92
  7894  8.8337e-92
  7895  7.6822e-92
  7898  8.1173e-92
  7901  8.2413e-92
  7902  7.2545e-92
  7904  7.8139e-92
  7905  7.6269e-92
  7906  7.4043e-92
  7907  5.9718e-92
  7908  6.4856e-92
  7910  5.3411e-92
  7911  5.7708e-92
  7914  4.9891e-92
  7916  4.4794e-92
  7917  4.3096e-92
  7920  3.4945e-92
  7921  2.9836e-92
  7924  3.2812e-92
  7926  3.4297e-92
  7929  2.8560e-92
  7931  2.8692e-92
  7932  2.8645e-92
  7933  2.5290e-92
  7934  2.6932e-92
  7936  2.4016e-92
  7939  1.9274e-92
  7941  1.8391e-92
  7942  1.5060e-92
  7944  1.5425e-92
  7945  1.3918e-92
  7946  1.2028e-92
  7947  1.0547e-92
  7948  9.5526e-93
  7949  1.0320e-92
  7950  1.0480e-92
  7951  9.0514e-93
  7953  8.3679e-93
  7955  9.0388e-93
  7956  8.6503e-93
  7959  9.2878e-93
  7960  9.8226e-93
  7961  8.2602e-93
  7963  7.9503e-93
  7965  8.7442e-93
  7967  9.0552e-93
  7970  8.5349e-93
  7971  7.0504e-93
  7973  7.1604e-93
  7975  6.7026e-93
  7977  6.8774e-93
  7978  6.5308e-93
  7981  6.8561e-93
  7984  7.5068e-93
  7985  6.3760e-93
  7986  5.2989e-93
  7987  4.2692e-93
  7989  4.3188e-93
  7990  4.2751e-93
  7991  3.6621e-93
  7993  3.5518e-93
  7996  3.6971e-93
  7997  3.8179e-93
  7999  3.7251e-93
  8001  4.0966e-93
  8003  3.6714e-93
  8004  3.5031e-93
  8007  3.3548e-93
  8009  3.6534e-93
  8011  3.4859e-93
  8012  3.2625e-93
  8014  2.8242e-93
  8017  2.9728e-93
  8019  2.5701e-93
  8021  2.3375e-93
  8023  2.2411e-93
  8025  2.2741e-93
  8026  2.2837e-93
  8029  2.0098e-93
  8030  1.7962e-93
  8031  1.7355e-93
  8034  1.5513e-93
  8037  1.6811e-93
  8039  1.6575e-93
  8042  1.7397e-93
  8043  1.7285e-93
  8044  1.8112e-93
  8045  1.9652e-93
  8046  2.0740e-93
  8049  2.1872e-93
  8052  2.0139e-93
  8053  1.8195e-93
  8054  1.4945e-93
  8055  1.3436e-93
  8056  1.3988e-93
  8058  1.2758e-93
  8060  1.3928e-93
  8063  1.3333e-93
  8066  1.3506e-93
  8068  1.1005e-93
  8070  1.1333e-93
  8071  1.1281e-93
  8073  1.1348e-93
  8076  1.2327e-93
  8078  1.2672e-93
  8079  1.2215e-93
  8081  1.1961e-93
  8083  1.2278e-93
  8086  1.3398e-93
  8089  1.2053e-93
  8092  1.2519e-93
  8094  1.3049e-93
  8095  1.0887e-93
  8098  1.1902e-93
  8101  1.0415e-93
  8102  1.0909e-93
  8104  1.1013e-93
  8107  9.4271e-94
  8108  9.8176e-94
  8111  9.8336e-94
  8113  8.5947e-94
  8114  9.1789e-94
  8116  7.6787e-94
  8118  8.2981e-94
  8119  7.3488e-94
  8120  7.0022e-94
  8123  6.2494e-94
  8124  5.7034e-94
  8125  4.8511e-94
  8126  4.7648e-94
  8128  4.0114e-94
  8131  3.2504e-94
  8132  2.9756e-94
  8135  2.5136e-94
  8138  2.3189e-94
  8141  1.8988e-94
  8144  1.7547e-94
  8147  1.7928e-94
  8150  1.7210e-94
  8153  1.6334e-94
  8155  1.6238e-94
  8157  1.3644e-94
  8160  1.4032e-94
  8162  1.3835e-94
  8165  1.4531e-94
  8168  1.3949e-94
  8169  1.5320e-94
  8170  1.3422e-94
  8171  1.1825e-94
  8174  1.2031e-94
  8177  1.2447e-94
  8180  1.2729e-94
  8182  1.1842e-94
  8185  9.8811e-95
  8187  9.8897e-95
  8189  8.9657e-95
  8192  8.0945e-95
  8193  8.8709e-95
  8195  8.1054e-95
  8196  8.5172e-95
  8197  7.4936e-95
  8199  6.6350e-95
  8202  5.3354e-95
  8204  5.3779e-95
  8206  4.5247e-95
  8208  4.2427e-95
  8209  3.9372e-95
  8210  3.4107e-95
  8212  3.1235e-95
  8213  3.2796e-95
  8214  2.7364e-95
  8216  2.8443e-95
  8218  2.8599e-95
  8220  2.6940e-95
  8221  2.4123e-95
  8224  2.1632e-95
  8227  2.3382e-95
  8229  2.2418e-95
  8231  2.0702e-95
  8233  1.9865e-95
  8236  2.0955e-95
  8237  2.0472e-95
  8238  1.9847e-95
  8240  1.9016e-95
  8241  1.9688e-95
  8243  1.9089e-95
  8244  2.0237e-95
  8247  1.6958e-95
  8248  1.4629e-95
  8251  1.4280e-95
  8254  1.2710e-95
  8255  1.3638e-95
  8256  1.2320e-95
  8258  1.1009e-95
  8260  1.0979e-95
  8262  8.8090e-96
  8264  8.8356e-96
  8266  9.1452e-96
  8269  9.0443e-96
  8270  8.0228e-96
  8272  7.3435e-96
  8273  6.6301e-96
  8276  6.8309e-96
  8278  6.2588e-96
  8279  5.1221e-96
  8282  5.2080e-96
  8285  4.5379e-96
  8288  4.7582e-96
  8289  4.7985e-96
  8291  5.2480e-96
  8292  5.3090e-96
  8295  4.2597e-96
  8296  4.6401e-96
  8299  3.9542e-96
  8302  3.7785e-96
  8303  3.0840e-96
  8306  3.3813e-96
  8307  3.2237e-96
  8308  2.8900e-96
  8310  3.0200e-96
  8311  3.0165e-96
  8314  2.5884e-96
  8317  2.6864e-96
  8320  2.8542e-96
  8321  2.5440e-96
  8324  2.5925e-96
  8326  2.3222e-96
  8327  2.2315e-96
  8328  2.3306e-96
  8331  2.2529e-96
  8334  1.9708e-96
  8336  1.7936e-96
  8338  1.5892e-96
  8341  1.3322e-96
  8342  1.3816e-96
  8343  1.5196e-96
  8344  1.5518e-96
  8347  1.2628e-96
  8350  1.1619e-96
  8351  1.0294e-96
  8352  1.0041e-96
  8354  1.0482e-96
  8357  9.7690e-97
  8358  1.0432e-96
  8359  1.0024e-96
  8360  1.0316e-96
  8363  1.0125e-96
  8366  9.1864e-97
  8367  9.3569e-97
  8369  9.2971e-97
  8371  7.4852e-97
  8374  6.7341e-97
  8376  5.9290e-97
  8379  5.6211e-97
  8381  4.6952e-97
  8384  5.0067e-97
  8387  4.2591e-97
  8389  3.9804e-97
  8391  4.0249e-97
  8393  3.5889e-97
  8395  3.3058e-97
  8398  2.7962e-97
  8400  3.0011e-97
  8401  2.4581e-97
  8404  2.0652e-97
  8406  1.8461e-97
  8408  1.7228e-97
  8411  1.7841e-97
  8413  1.8644e-97
  8415  1.9000e-97
  8416  1.9749e-97
  8418  2.0308e-97
  8419  1.8395e-97
  8421  1.7846e-97
  8423  1.7290e-97
  8426  1.7785e-97
  8427  1.7102e-97
  8429  1.5102e-97
  8430  1.3644e-97
  8432  1.3688e-97
  8435  1.5052e-97
  8436  1.3900e-97
  8437  1.2563e-97
  8438  1.0463e-97
  8440  1.0339e-97
  8443  8.6421e-98
  8444  9.1289e-98
  8445  8.1282e-98
  8448  8.9337e-98
  8450  9.7022e-98
  8453  9.9852e-98
  8455  1.0788e-97
  8456  9.5682e-98
  8457  9.0058e-98
  8459  9.5293e-98
  8461  8.0275e-98
  8462  7.2026e-98
  8463  7.5645e-98
  8464  8.0387e-98
  8466  7.8163e-98
  8469  7.1977e-98
  8471  6.9983e-98
  8474  6.6011e-98
  8475  6.8498e-98
  8478  5.5734e-98
  8479  5.6708e-98
  8481  6.0844e-98
  8484  6.4642e-98
  8485  6.8749e-98
  8488  7.5148e-98
  8491  7.9839e-98
  8494  7.8273e-98
  8497  8.2968e-98
  8499  7.5692e-98
  8502  7.9888e-98
  8503  8.1808e-98
  8506  6.6203e-98
  8507  6.3745e-98
  8509  5.2550e-98
  8510  5.7587e-98
  8511  5.8501e-98
  8514  4.8998e-98
  8516  4.4680e-98
  8519  4.1583e-98
  8520  4.3891e-98
  8521  4.7254e-98
  8524  4.2453e-98
  8526  3.6511e-98
  8528  3.4689e-98
  8530  3.6375e-98
  8531  3.6965e-98
  8532  3.0686e-98
  8533  2.7601e-98
  8534  2.7243e-98
  8535  2.1818e-98
  8538  2.3926e-98
  8540  2.1887e-98
  8542  2.0269e-98
  8544  2.2044e-98
  8546  1.8937e-98
  8548  1.5367e-98
  8550  1.4646e-98
  8553  1.2816e-98
  8554  1.1787e-98
  8555  9.9228e-99
  8557  1.0154e-98
  8558  1.1035e-98
  8561  1.0867e-98
  8562  1.1517e-98
  8564  9.2573e-99
  8567  9.8093e-99
  8569  9.8594e-99
  8572  9.6821e-99
  8575  7.9730e-99
  8578  6.7386e-99
  8579  5.4000e-99
  8581  4.4593e-99
  8582  4.5084e-99
  8583  4.0526e-99
  8585  3.7719e-99
  8587  3.9192e-99
  8590  3.2515e-99
  8592  3.4449e-99
  8595  3.4216e-99
  8596  3.6791e-99
  8599  4.0417e-99
  8602  3.9025e-99
  8603  4.0003e-99
  8605  4.2090e-99
  8608  3.9867e-99
  8610  3.6853e-99
  8613  3.2955e-99
  8614  3.0853e-99
  8616  2.6974e-99
  8617  2.6701e-99
  8619  2.2506e-99
  8620  2.2823e-99
  8621  1.8621e-99
  8624  1.9546e-99
  8625  2.1161e-99
  8627  2.2914e-99
  8629  2.1079e-99
  8632  2.0931e-99
  8633  1.7055e-99
  8634  1.7722e-99
  8635  1.5169e-99
  8636  1.2447e-99
  8639  1.2818e-99
  8642  1.3516e-99
  8645  1.2767e-99
  8646  1.0827e-99
  8648  1.1385e-99
  8651  1.1316e-99
  8652  1.0201e-99
  8654  1.0148e-99
  8655  8.9310e-100
  8658  9.2262e-100
  8659  9.3302e-100
  8660  9.9091e-100
  8661  8.2949e-100
  8664  6.7827e-100
  8667  6.6413e-100
  8669  5.6803e-100
  8670  5.4480e-100
  8673  5.0500e-100
  8674  4.8703e-100
  8676  4.0035e-100
  8678  3.2098e-100
  8681  3.3000e-100
  8684  2.9874e-100
  8687  2.4175e-100
  8689  1.9787e-100
  8690  2.1295e-100
  8692  1.9314e-100
  8693  1.8336e-100
  8696  1.8762e-100
  8699  1.9927e-100
  8701  2.0396e-100
  8702  2.2205e-100
  8703  2.0605e-100
  8704  1.9170e-100
  8707  1.6362e-100
  8708  1.3391e-100
  8709  1.4277e-100
  8712  1.5153e-100
  8715  1.4676e-100
  8717  1.2888e-100
  8720  1.1858e-100
  8723  1.0385e-100
  8725  8.8797e-101
  8728  8.2003e-101
  8731  7.2756e-101
  8733  6.5582e-101
  8734  6.2469e-101
  8736  5.0412e-101
  8737  4.0431e-101
  8738  3.2572e-101
  8739  3.4028e-101
  8742  3.2471e-101
  8744  2.7401e-101
  8747  2.3173e-101
  8749  2.0919e-101
  8750  2.2326e-101
  8752  1.8378e-101
  8755  1.5378e-101
  8758  1.4418e-101
  8761  1.5514e-101
  8763  1.2660e-101
  8766  1.1030e-101
  8769  9.7914e-102
  8770  9.0232e-102
  8771  7.8696e-102
  8772  8.2695e-102
  8773  7.8574e-102
  8776  6.6487e-102
  8778  6.2157e-102
  8781  5.4842e-102
  8782  4.6985e-102
  8784  4.4067e-102
  8787  4.2024e-102
  8790  3.8488e-102
  8792  3.5712e-102
  8794  2.9950e-102
  8795  2.5917e-102
  8798  2.6789e-102
  8801  2.4640e-102
  8803  2.6134e-102
  8804  2.6837e-102
  8805  2.2269e-102
  8808  2.4456e-102
  8810  2.6644e-102
  8812  2.1759e-102
  8815  2.1046e-102
  8817  2.0442e-102
  8820  1.8578e-102
  8821  1.6321e-102
  8823  1.7869e-102
  8825  1.6416e-102
  8826  1.6374e-102
  8829  1.3607e-102
  8830  1.3023e-102
  8833  1.2999e-102
  8834  1.3175e-102
  8835  1.3766e-102
  8837  1.1561e-102
  8840  1.0098e-102
  8843  1.0598e-102
  8844  9.9214e-103
  8847  1.0621e-102
  8848  9.8741e-103
  8849  1.0144e-102
  8850  1.0606e-102
  8853  1.0338e-102
  8854  1.0245e-102
  8855  9.1950e-103
  8858  7.9880e-103
  8860  6.9660e-103
  8861  6.8395e-103
  8863  7.1189e-103
  8865  6.2207e-103
  8866  6.0697e-103
  8869  5.8603e-103
  8871  5.5044e-103
  8872  5.8092e-103
  8873  4.9263e-103
  8876  4.2148e-103
  8878  4.2456e-103
  8879  4.6279e-103
  8882  4.7076e-103
  8884  4.4205e-103
  8887  3.9615e-103
  8889  3.5296e-103
  8891  3.6233e-103
  8892  3.4576e-103
  8894  3.1538e-103
  8895  2.9645e-103
  8898  3.0141e-103
  8899  2.6496e-103
  8900  2.6030e-103
  8902  2.2241e-103
  8904  2.1281e-103
  8906  2.1080e-103
  8909  2.1324e-103
  8911  2.0311e-103
  8914  1.7009e-103
  8917  1.5548e-103
  8920  1.3231e-103
  8922  1.4505e-103
  8923  1.3183e-103
  8924  1.3761e-103
  8926  1.1497e-103
  8927  1.0252e-103
  8928  8.8203e-104
  8931  8.3056e-104
  8932  8.4444e-104
  8935  8.5874e-104
  8937  7.0087e-104
  8938  7.4502e-104
  8939  6.4385e-104
  8940  7.0441e-104
  8941  6.9077e-104
  8943  5.8073e-104
  8944  6.2169e-104
  8947  6.3231e-104
  8949  6.0381e-104
  8951  6.0507e-104
  8953  5.5574e-104
  8954  4.5803e-104
  8955  3.8866e-104
  8957  3.5181e-104
  8959  2.9534e-104
  8962  2.9966e-104
  8965  2.6865e-104
  8968  2.3835e-104
  8971  2.5836e-104
  8973  2.6219e-104
  8976  2.6889e-104
  8979  2.2463e-104
  8980  2.4187e-104
  8983  2.0791e-104
  8984  1.7044e-104
  8987  1.5890e-104
  8990  1.4288e-104
  8993  1.2517e-104
  8995  1.1656e-104
  8996  1.1672e-104
  8997  1.2205e-104
  8998  1.2016e-104
