     1  1.0000e+02
     4  1.0948e+02
     7  1.1840e+02
    10  1.0624e+02
    13  9.2593e+01
    16  9.1019e+01
    17  8.9474e+01
    20  8.5060e+01
    23  8.5085e+01
    26  6.9806e+01
    28  6.3381e+01
    31  5.2676e+01
    34  5.2746e+01
    36  4.3435e+01
    39  3.7996e+01
    41  3.3609e+01
    43  3.2909e+01
    46  3.4714e+01
    48  3.2784e+01
    49  3.5121e+01
    52  3.4993e+01
    54  3.2249e+01
    55  3.1287e+01
    57  3.2434e+01
    59  3.1989e+01
    62  2.8569e+01
    65  2.3859e+01
    66  2.0150e+01
    68  2.0981e+01
    71  1.8756e+01
    72  1.7300e+01
    74  1.4580e+01
    77  1.5010e+01
    79  1.2992e+01
    82  1.1292e+01
    84  9.8230e+00
    87  1.0327e+01
    90  8.6402e+00
    92  7.7509e+00
    94  7.5575e+00
    97  8.0332e+00
    98  6.8531e+00
   101  5.4926e+00
   104  5.1115e+00
   105  4.4027e+00
   106  3.8065e+00
   108  3.0788e+00
   111  3.2385e+00
   112  2.9978e+00
   115  2.8704e+00
   118  2.9685e+00
   119  2.4256e+00
   121  2.0957e+00
   124  2.1379e+00
   125  1.8641e+00
   128  1.9583e+00
   129  1.6603e+00
   132  1.4708e+00
   133  1.4972e+00
   134  1.4850e+00
   136  1.5168e+00
   139  1.5297e+00
   141  1.4215e+00
   143  1.2235e+00
   146  1.0267e+00
   147  8.3171e-01
   148  8.3396e-01
   150  8.2636e-01
   153  6.6742e-01
   156  6.9617e-01
   158  6.4954e-01
   159  5.9204e-01
   160  6.4587e-01
   161  6.6076e-01
   164  7.1267e-01
   166  7.7218e-01
   168  8.3543e-01
   169  7.9518e-01
   171  7.3715e-01
   172  6.7822e-01
   174  7.2313e-01
   177  7.0121e-01
   179  7.3541e-01
   181  7.2144e-01
   182  5.8267e-01
   183  4.9803e-01
   185  4.7428e-01
   186  4.4786e-01
   187  3.6600e-01
   188  3.0342e-01
   189  3.3052e-01
   191  2.9129e-01
   193  2.7357e-01
   196  2.9907e-01
   197  2.6523e-01
   200  2.2452e-01
   201  1.9731e-01
   202  1.8612e-01
   204  2.0121e-01
   205  2.0910e-01
   207  2.1209e-01
   209  2.0513e-01
   210  1.8808e-01
   212  1.9524e-01
   214  1.9746e-01
   216  1.7432e-01
   219  1.4726e-01
   221  1.2469e-01
   224  1.2418e-01
   225  1.0262e-01
   226  9.3201e-02
   227  9.3327e-02
   228  8.2022e-02
   230  8.4559e-02
   233  9.2309e-02
   235  8.6589e-02
   238  7.9740e-02
   240  7.4029e-02
   241  6.4037e-02
   242  6.7902e-02
   245  5.7383e-02
   247  5.7584e-02
   249  5.7444e-02
   252  5.7816e-02
   255  5.4405e-02
   258  4.8466e-02
   259  4.8198e-02
   261  3.8956e-02
   263  3.9632e-02
   264  4.2744e-02
   267  3.8588e-02
   268  3.9179e-02
   270  3.4579e-02
   273  3.3238e-02
   275  3.3229e-02
   278  3.0122e-02
   281  3.0848e-02
   284  3.1088e-02
   286  3.2341e-02
   287  2.9235e-02
   290  2.9726e-02
   293  2.8372e-02
   294  2.6150e-02
   295  2.3273e-02
   298  2.2013e-02
   299  2.0893e-02
   301  1.6994e-02
   303  1.6252e-02
   304  1.6059e-02
   307  1.6060e-02
   308  1.5138e-02
   309  1.3237e-02
   312  1.1778e-02
   315  1.0506e-02
   317  1.1309e-02
   319  9.8401e-03
   322  1.0364e-02
   323  8.9419e-03
   326  8.7922e-03
   327  8.3569e-03
   330  8.3196e-03
   332  8.3155e-03
   335  8.8692e-03
   338  9.1559e-03
   340  7.6211e-03
   341  7.0946e-03
   343  7.0740e-03
   345  5.8340e-03
   347  5.1832e-03
   350  5.6225e-03
   351  4.6187e-03
   353  4.0320e-03
   355  4.2542e-03
   358  4.2333e-03
   359  4.1963e-03
   360  3.7486e-03
   361  3.8252e-03
   363  3.3150e-03
   366  3.2610e-03
   367  3.4077e-03
   369  3.1814e-03
   371  3.4537e-03
   373  3.1302e-03
   374  2.6174e-03
   376  2.5044e-03
   377  2.7075e-03
   379  2.2947e-03
   382  2.3555e-03
   385  2.0167e-03
   388  1.6834e-03
   390  1.7782e-03
   393  1.4822e-03
   395  1.4143e-03
   398  1.1682e-03
   401  1.1404e-03
   403  1.0533e-03
   406  1.0902e-03
   409  1.0255e-03
   411  8.3794e-04
   412  6.9668e-04
   414  6.3501e-04
   416  5.8213e-04
   418  5.8164e-04
   421  5.2401e-04
   423  4.4710e-04
   426  3.8028e-04
   429  3.7896e-04
   432  3.6280e-04
   435  3.7756e-04
   437  3.1172e-04
   440  3.1652e-04
   442  3.4315e-04
   445  3.3734e-04
   447  2.9683e-04
   450  2.5214e-04
   451  2.1787e-04
   452  1.8990e-04
   454  1.8072e-04
   456  1.5580e-04
   458  1.4139e-04
   461  1.3722e-04
   463  1.1328e-04
   464  9.2710e-05
   465  9.0359e-05
   468  8.9106e-05
   471  7.4213e-05
   472  7.5001e-05
   473  8.0611e-05
   476  8.6771e-05
   479  7.0315e-05
   481  7.0541e-05
   482  7.3964e-05
   484  7.7688e-05
   487  7.1875e-05
   488  7.2166e-05
   489  7.4402e-05
   491  6.5238e-05
   493  5.5898e-05
   494  5.2057e-05
   495  5.4746e-05
   497  4.4591e-05
   500  4.4266e-05
   503  4.2448e-05
   504  4.2519e-05
   505  3.6602e-05
   507  3.4471e-05
   508  2.9976e-05
   510  2.5417e-05
   513  2.7185e-05
   515  2.8685e-05
   516  2.9248e-05
   518  2.9118e-05
   519  2.6673e-05
   521  2.3468e-05
   523  1.9835e-05
   526  1.6860e-05
   529  1.5097e-05
   531  1.5009e-05
   533  1.3958e-05
   535  1.5255e-05
   536  1.2501e-05
   538  1.0856e-05
   540  1.0855e-05
   541  9.2956e-06
   542  1.0133e-05
   544  8.2426e-06
   547  8.2236e-06
   548  8.6170e-06
   549  9.1194e-06
   552  7.8215e-06
   554  7.9453e-06
   555  6.5829e-06
   556  6.9389e-06
   557  7.0326e-06
   559  7.6633e-06
   562  7.9413e-06
   563  7.5197e-06
   564  7.4563e-06
   567  6.3982e-06
   568  6.9734e-06
   570  5.8178e-06
   572  4.9279e-06
   573  5.4126e-06
   574  4.4662e-06
   575  4.8144e-06
   577  4.8035e-06
   578  4.8487e-06
   581  4.9102e-06
   583  4.7962e-06
   585  3.9874e-06
   586  4.1386e-06
   589  3.5139e-06
   590  3.5492e-06
   593  3.2224e-06
   594  2.9654e-06
   596  3.1954e-06
   598  3.0397e-06
   600  2.6912e-06
   602  2.2550e-06
   603  2.3527e-06
   604  2.4781e-06
   605  2.6196e-06
   608  2.4376e-06
   611  2.6597e-06
   614  2.7119e-06
   617  2.8786e-06
   620  3.1192e-06
   623  2.8765e-06
   624  3.0265e-06
   627  2.7340e-06
   630  2.2015e-06
   632  1.9631e-06
   634  1.9782e-06
   637  1.6897e-06
   639  1.8175e-06
   641  1.9573e-06
   643  1.6977e-06
   644  1.6368e-06
   645  1.7688e-06
   647  1.5766e-06
   648  1.3978e-06
   649  1.2904e-06
   651  1.2602e-06
   652  1.3030e-06
   653  1.1539e-06
   656  1.1755e-06
   657  1.2327e-06
   658  1.1746e-06
   659  9.4849e-07
   661  9.2674e-07
   662  1.0145e-06
   665  1.0513e-06
   668  9.8470e-07
   670  9.0960e-07
   673  7.5145e-07
   676  7.4701e-07
   677  7.2176e-07
   680  7.6840e-07
   683  6.7961e-07
   686  5.6858e-07
   689  4.8092e-07
   692  3.8707e-07
   694  3.1393e-07
   696  2.5620e-07
   697  2.5269e-07
   698  2.6664e-07
   700  2.5755e-07
   702  2.7628e-07
   704  2.3226e-07
   705  1.9530e-07
   706  2.1443e-07
   707  2.2888e-07
   709  2.4405e-07
   711  2.3446e-07
   712  2.4797e-07
   715  2.6577e-07
   716  2.1603e-07
   718  1.7699e-07
   721  1.4719e-07
   722  1.5998e-07
   723  1.7027e-07
   725  1.7597e-07
   728  1.7368e-07
   731  1.7852e-07
   734  1.6674e-07
   735  1.4883e-07
   738  1.2782e-07
   741  1.0829e-07
   743  1.1561e-07
   746  1.1417e-07
   747  1.0925e-07
   750  1.1315e-07
   752  1.0433e-07
   753  1.1454e-07
   754  1.0085e-07
   756  9.7456e-08
   759  9.6927e-08
   761  8.4478e-08
   763  7.8385e-08
   765  7.9728e-08
   766  8.7043e-08
   768  7.6213e-08
   770  7.7396e-08
   771  6.3184e-08
   774  5.3608e-08
   777  5.0979e-08
   780  5.2311e-08
   783  4.6327e-08
   786  4.7593e-08
   789  5.0765e-08
   790  4.5568e-08
   792  4.2267e-08
   794  3.7284e-08
   795  3.2647e-08
   797  3.1999e-08
   798  3.1968e-08
   800  3.0326e-08
   801  2.5713e-08
   804  2.2600e-08
   805  1.9789e-08
   806  1.9683e-08
   809  2.1015e-08
   810  2.2010e-08
   812  2.1779e-08
   815  2.3783e-08
   817  2.0750e-08
   820  1.9924e-08
   821  1.7904e-08
   822  1.7494e-08
   823  1.5695e-08
   825  1.5638e-08
   826  1.5087e-08
   827  1.3044e-08
   829  1.3080e-08
   830  1.1202e-08
   831  1.1969e-08
   832  1.0123e-08
   835  8.7989e-09
   837  7.3435e-09
   839  7.0231e-09
   842  6.5156e-09
   845  6.4430e-09
   847  5.7386e-09
   848  5.1904e-09
   849  4.8747e-09
   850  4.9390e-09
   852  5.1121e-09
   853  4.8246e-09
   854  5.0313e-09
   857  4.9966e-09
   858  4.0033e-09
   859  3.7276e-09
   861  3.6791e-09
   863  3.5285e-09
   865  3.3814e-09
   867  2.9553e-09
   869  3.1308e-09
   871  2.8214e-09
   874  2.7386e-09
   876  2.3062e-09
   879  2.1995e-09
   882  2.1663e-09
   883  2.0405e-09
   884  1.9828e-09
   886  2.1076e-09
   889  2.2508e-09
   890  2.0052e-09
   891  2.2027e-09
   894  2.1801e-09
   895  2.0707e-09
   896  1.7946e-09
   899  1.7145e-09
   902  1.3829e-09
   903  1.3653e-09
   906  1.1198e-09
   909  9.7362e-10
   912  8.9994e-10
   915  8.8111e-10
   918  9.5111e-10
   921  9.7803e-10
   924  1.0068e-09
   927  9.3735e-10
   928  8.6732e-10
   931  9.0430e-10
   933  7.9032e-10
   936  7.8526e-10
   938  6.3582e-10
   940  5.4021e-10
   942  4.9229e-10
   945  4.5411e-10
   946  4.1689e-10
   947  3.5395e-10
   950  3.5368e-10
   953  2.9945e-10
   956  2.5443e-10
   959  2.7085e-10
   960  2.5059e-10
   963  2.2093e-10
   964  1.7781e-10
   967  1.7779e-10
   969  1.4694e-10
   970  1.4378e-10
   971  1.4882e-10
   972  1.5887e-10
   975  1.4018e-10
   977  1.2736e-10
   978  1.1885e-10
   980  1.1075e-10
   981  1.0190e-10
   984  9.1044e-11
   987  9.4183e-11
   989  9.8562e-11
   992  8.1657e-11
   994  7.3130e-11
   997  6.2830e-11
   998  6.5316e-11
  1001  6.9932e-11
  1002  7.3874e-11
  1005  8.0818e-11
  1008  7.8672e-11
  1011  6.9639e-11
  1013  7.0017e-11
  1016  7.3236e-11
  1017  6.2935e-11
  1020  5.1610e-11
  1021  5.3529e-11
  1023  5.5033e-11
  1026  5.7969e-11
  1028  5.6834e-11
  1030  5.1534e-11
  1033  4.1683e-11
  1036  4.4721e-11
  1039  4.2599e-11
  1041  3.5742e-11
  1043  3.3797e-11
  1045  3.0018e-11
  1046  2.4798e-11
  1048  2.3270e-11
  1051  2.4262e-11
  1052  2.3248e-11
  1054  2.0710e-11
  1057  1.7497e-11
  1058  1.7005e-11
  1060  1.7803e-11
  1062  1.6458e-11
  1065  1.7695e-11
  1068  1.8075e-11
  1070  1.9000e-11
  1072  1.6583e-11
  1075  1.3357e-11
  1077  1.1395e-11
  1078  9.4378e-12
  1081  8.9814e-12
  1084  8.1450e-12
  1085  8.9495e-12
  1088  9.7708e-12
  1089  8.6330e-12
  1091  7.6029e-12
  1092  6.8728e-12
  1094  7.3194e-12
  1096  7.4523e-12
  1098  7.3817e-12
  1100  7.6339e-12
  1103  7.7604e-12
  1106  7.3105e-12
  1109  7.5931e-12
  1111  7.9305e-12
  1112  6.4479e-12
  1115  6.7368e-12
  1118  6.6241e-12
  1119  5.6675e-12
  1120  5.4295e-12
  1122  5.3899e-12
  1123  5.7086e-12
  1124  5.0588e-12
  1125  4.7711e-12
  1128  4.0295e-12
  1131  3.3677e-12
  1133  2.9778e-12
  1134  3.0623e-12
  1136  2.5084e-12
  1138  2.3753e-12
  1140  2.4783e-12
  1142  2.6870e-12
  1145  2.7893e-12
  1148  2.8641e-12
  1150  3.1444e-12
  1151  2.5390e-12
  1153  2.1745e-12
  1156  2.2196e-12
  1158  2.4415e-12
  1159  2.5160e-12
  1161  2.2859e-12
  1163  2.2340e-12
  1164  2.1081e-12
  1167  2.2795e-12
  1170  2.3375e-12
  1172  2.5501e-12
  1175  2.7488e-12
  1176  2.7952e-12
  1177  2.6458e-12
  1179  2.8780e-12
  1182  2.4064e-12
  1184  2.5661e-12
  1185  2.4899e-12
  1186  2.2283e-12
  1188  2.1165e-12
  1191  1.9232e-12
  1193  1.9329e-12
  1196  2.0567e-12
  1198  2.1429e-12
  1199  2.1231e-12
  1200  1.8949e-12
  1202  1.6632e-12
  1205  1.4978e-12
  1208  1.4212e-12
  1211  1.2479e-12
  1212  1.0278e-12
  1213  9.4978e-13
  1215  9.4332e-13
  1218  1.0354e-12
  1220  8.4680e-13
  1222  8.8250e-13
  1224  7.5759e-13
  1226  7.0315e-13
  1228  5.9987e-13
  1231  5.0562e-13
  1232  4.1660e-13
  1235  4.3391e-13
  1237  4.4392e-13
  1239  3.7363e-13
  1241  3.1482e-13
  1242  3.1408e-13
  1245  3.2794e-13
  1248  3.5719e-13
  1249  3.7310e-13
  1250  4.0455e-13
  1252  3.4050e-13
  1254  3.4179e-13
  1257  2.9113e-13
  1259  3.0921e-13
  1260  2.5825e-13
  1261  2.1159e-13
  1264  1.8343e-13
  1266  1.8931e-13
  1269  1.5584e-13
  1272  1.5435e-13
  1275  1.2855e-13
  1276  1.3989e-13
  1277  1.4447e-13
  1280  1.5061e-13
  1282  1.5335e-13
  1285  1.4250e-13
  1287  1.4779e-13
  1290  1.3393e-13
  1292  1.1999e-13
  1294  1.1751e-13
  1296  9.6784e-14
  1297  1.0590e-13
  1300  1.1636e-13
  1302  9.4136e-14
  1304  9.6473e-14
  1307  8.4703e-14
  1308  6.7908e-14
  1310  6.2518e-14
  1312  6.6536e-14
  1315  5.5160e-14
  1318  5.7214e-14
  1320  5.8257e-14
  1322  5.1188e-14
  1323  5.2878e-14
  1326  5.7437e-14
  1327  6.0913e-14
  1329  5.0823e-14
  1332  4.7828e-14
  1335  4.8433e-14
  1338  4.1181e-14
  1340  4.2432e-14
  1341  4.2294e-14
  1344  4.4422e-14
  1346  4.2866e-14
  1347  3.5429e-14
  1350  3.3955e-14
  1351  3.4903e-14
  1352  3.4085e-14
  1354  3.0614e-14
  1357  3.0062e-14
  1360  2.5853e-14
  1363  2.3265e-14
  1364  2.4030e-14
  1367  2.1397e-14
  1370  2.1527e-14
  1373  1.8794e-14
  1376  1.7122e-14
  1377  1.5278e-14
  1380  1.4210e-14
  1381  1.2087e-14
  1382  1.1731e-14
  1383  1.1853e-14
  1384  1.2667e-14
  1387  1.1538e-14
  1389  1.0169e-14
  1390  9.1132e-15
  1391  8.9666e-15
  1392  8.0737e-15
  1394  8.8811e-15
  1395  7.7873e-15
  1397  7.2125e-15
  1400  6.7271e-15
  1403  6.9898e-15
  1405  6.9311e-15
  1408  7.3196e-15
  1410  6.5723e-15
  1413  7.0547e-15
  1415  6.1501e-15
  1417  5.5393e-15
  1420  4.4959e-15
  1421  4.9278e-15
  1424  4.7771e-15
  1426  5.0753e-15
  1428  4.8444e-15
  1429  4.5459e-15
  1431  4.4450e-15
  1432  4.5230e-15
  1433  4.8875e-15
  1434  4.2656e-15
  1435  4.0533e-15
  1438  4.0796e-15
  1439  3.4723e-15
  1441  3.8044e-15
  1444  3.3197e-15
  1447  3.3160e-15
  1450  3.1278e-15
  1451  3.0402e-15
  1454  3.2518e-15
  1457  3.4931e-15
  1458  3.6594e-15
  1459  4.0076e-15
  1460  3.9109e-15
  1461  4.1045e-15
  1464  4.1650e-15
  1466  4.4968e-15
  1467  3.6749e-15
  1468  3.8103e-15
  1470  3.1641e-15
  1471  2.6452e-15
  1473  2.4927e-15
  1476  2.3963e-15
  1477  2.0239e-15
  1478  2.0569e-15
  1481  2.1891e-15
  1483  2.0855e-15
  1486  1.7233e-15
  1487  1.7041e-15
  1490  1.4677e-15
  1493  1.4002e-15
  1494  1.1246e-15
  1496  1.2101e-15
  1497  1.1607e-15
  1500  1.0532e-15
  1501  1.0443e-15
  1502  1.1339e-15
  1503  1.2226e-15
  1506  1.2562e-15
  1509  1.0939e-15
  1511  8.9819e-16
  1513  7.5811e-16
  1516  8.1199e-16
  1519  8.4957e-16
  1522  8.1822e-16
  1524  8.3802e-16
  1525  7.0548e-16
  1528  5.6908e-16
  1529  4.8933e-16
  1531  4.8972e-16
  1534  5.3265e-16
  1535  5.0518e-16
  1536  4.1820e-16
  1537  4.1395e-16
  1539  4.2524e-16
  1541  3.5815e-16
  1544  2.9197e-16
  1545  3.0043e-16
  1548  2.8484e-16
  1551  2.9486e-16
  1554  2.9764e-16
  1555  2.8981e-16
  1558  2.7732e-16
  1560  2.2850e-16
  1563  1.9153e-16
  1566  1.9931e-16
  1569  2.1181e-16
  1570  2.1552e-16
  1571  1.7821e-16
  1574  1.5901e-16
  1576  1.6681e-16
  1578  1.4047e-16
  1580  1.3410e-16
  1583  1.2978e-16
  1584  1.3666e-16
  1587  1.4887e-16
  1588  1.2861e-16
  1590  1.1034e-16
  1593  1.0508e-16
  1596  9.7745e-17
  1599  8.2576e-17
  1602  7.2069e-17
  1605  5.9243e-17
  1608  4.9900e-17
  1611  4.5851e-17
  1613  4.8047e-17
  1615  4.4892e-17
  1618  3.8796e-17
  1619  3.3570e-17
  1622  3.3181e-17
  1625  2.8980e-17
  1627  2.7598e-17
  1630  2.5639e-17
  1633  2.5920e-17
  1636  2.2015e-17
  1638  2.2668e-17
  1640  1.8377e-17
  1642  1.5018e-17
  1643  1.3439e-17
  1645  1.1509e-17
  1647  1.0811e-17
  1648  1.0998e-17
  1649  1.1409e-17
  1650  1.0468e-17
  1652  1.0594e-17
  1654  9.5923e-18
  1656  1.0446e-17
  1657  9.4815e-18
  1660  8.8519e-18
  1663  9.2817e-18
  1664  9.8844e-18
  1666  8.0134e-18
  1668  8.5402e-18
  1669  8.4545e-18
  1671  7.2020e-18
  1674  6.0827e-18
  1675  4.8823e-18
  1676  4.4366e-18
  1678  4.5811e-18
  1681  4.3820e-18
  1683  4.4553e-18
  1684  3.6928e-18
  1687  3.4305e-18
  1689  3.2218e-18
  1691  3.0435e-18
  1693  3.0772e-18
  1694  3.1818e-18
  1695  2.9891e-18
  1698  2.6604e-18
  1700  2.2709e-18
  1703  2.3379e-18
  1705  2.2462e-18
  1707  1.9213e-18
  1710  2.0716e-18
  1711  2.2648e-18
  1713  1.8749e-18
  1715  1.7103e-18
  1716  1.4242e-18
  1718  1.4641e-18
  1719  1.1851e-18
  1722  1.2198e-18
  1725  1.2369e-18
  1727  1.1937e-18
  1730  9.6301e-19
  1732  9.5306e-19
  1734  1.0113e-18
  1737  1.0824e-18
  1740  9.9161e-19
  1742  8.2829e-19
  1743  6.9233e-19
  1744  7.5062e-19
  1747  8.2417e-19
  1750  7.4875e-19
  1753  7.6140e-19
  1754  7.7666e-19
  1757  6.2858e-19
  1759  6.6516e-19
  1760  5.6093e-19
  1761  5.2426e-19
  1763  5.6045e-19
  1765  5.3928e-19
  1766  5.6921e-19
  1769  4.7259e-19
  1771  5.1278e-19
  1772  4.7020e-19
  1775  4.2721e-19
  1778  4.2877e-19
  1779  4.5953e-19
  1782  4.1638e-19
  1783  4.5664e-19
  1786  4.4342e-19
  1787  4.0823e-19
  1789  4.3268e-19
  1791  3.9332e-19
  1793  4.3180e-19
  1796  4.3310e-19
  1797  4.6638e-19
  1799  4.1936e-19
  1802  4.2189e-19
  1805  3.4009e-19
  1806  2.7448e-19
  1807  2.3861e-19
  1810  2.2352e-19
  1813  2.2268e-19
  1816  2.1338e-19
  1818  1.8728e-19
  1821  1.7332e-19
  1823  1.5298e-19
  1824  1.3945e-19
  1826  1.2326e-19
  1827  1.2532e-19
  1830  1.0823e-19
  1831  9.9042e-20
  1833  1.0174e-19
  1836  1.1103e-19
  1837  9.0372e-20
  1840  9.5489e-20
  1843  7.9058e-20
  1844  7.8503e-20
  1847  8.0189e-20
  1850  6.7808e-20
  1852  7.0898e-20
  1855  6.7738e-20
  1856  5.7745e-20
  1858  5.2974e-20
  1859  5.3525e-20
  1860  5.2123e-20
  1862  5.4800e-20
  1864  5.8912e-20
  1865  5.5832e-20
  1866  4.4685e-20
  1867  4.2734e-20
  1870  3.9635e-20
  1872  3.7697e-20
  1874  4.1356e-20
  1877  4.4796e-20
  1878  3.9340e-20
  1879  3.3286e-20
  1881  3.5981e-20
  1883  3.2593e-20
  1885  3.2052e-20
  1887  3.2127e-20
  1888  3.1067e-20
  1889  2.9083e-20
  1892  2.7647e-20
  1894  2.3946e-20
  1895  2.5764e-20
  1897  2.7633e-20
  1899  2.8703e-20
  1901  2.9242e-20
  1902  2.7585e-20
  1903  2.6992e-20
  1906  2.4995e-20
  1909  2.5588e-20
  1910  2.3671e-20
  1911  1.9816e-20
  1913  1.6268e-20
  1915  1.7181e-20
  1917  1.7167e-20
  1918  1.4388e-20
  1921  1.1523e-20
  1924  1.2667e-20
  1926  1.0487e-20
  1929  9.9516e-21
  1931  9.6186e-21
  1933  9.1802e-21
  1936  7.9841e-21
  1939  7.0481e-21
  1941  5.9663e-21
  1944  5.9931e-21
  1947  6.3196e-21
  1949  6.3487e-21
  1952  5.1921e-21
  1955  4.4499e-21
  1957  3.8752e-21
  1960  3.1409e-21
  1962  3.1168e-21
  1963  3.0643e-21
  1964  3.2036e-21
  1967  3.4853e-21
  1969  3.0015e-21
  1972  2.5983e-21
  1974  2.4232e-21
  1975  2.2075e-21
  1976  1.8505e-21
  1978  1.5419e-21
  1981  1.2462e-21
  1982  1.3085e-21
  1985  1.3435e-21
  1988  1.2463e-21
  1991  1.1375e-21
  1993  1.1552e-21
  1995  9.9081e-22
  1996  8.2813e-22
  1997  8.6257e-22
  1998  9.3502e-22
