     1  1.0000e+02
     2  1.0700e+02
     4  1.0189e+02
     6  9.5519e+01
     9  9.6133e+01
    11  8.1462e+01
    13  6.6976e+01
    15  5.6565e+01
    17  5.0723e+01
    19  5.2373e+01
    21  4.6389e+01
    23  3.9253e+01
    25  4.1889e+01
    27  4.3028e+01
    30  4.6556e+01
    32  4.1634e+01
    34  4.3828e+01
    35  4.4909e+01
    37  4.7445e+01
    39  4.6365e+01
    42  4.8252e+01
    45  4.0047e+01
    46  3.5746e+01
    48  3.0708e+01
    50  3.1269e+01
    53  3.3314e+01
    54  3.4455e+01
    55  3.2224e+01
    57  3.1905e+01
    59  3.1584e+01
    61  2.9386e+01
    63  2.4794e+01
    64  2.1397e+01
    67  1.7489e+01
    68  1.7699e+01
    71  1.5482e+01
    74  1.4373e+01
    76  1.5324e+01
    78  1.2753e+01
    80  1.2619e+01
    82  1.1358e+01
    85  1.1138e+01
    88  1.0033e+01
    89  8.3760e+00
    90  7.4331e+00
    93  6.5575e+00
    96  6.4475e+00
    97  6.8592e+00
    99  7.4432e+00
   100  6.8445e+00
   102  5.7484e+00
   105  5.4845e+00
   106  5.7216e+00
   109  4.8193e+00
   112  4.3895e+00
   114  4.8025e+00
   115  3.9092e+00
   116  4.1401e+00
   118  4.2242e+00
   121  4.2227e+00
   122  4.2684e+00
   125  3.4860e+00
   127  3.1374e+00
   130  2.9133e+00
   133  2.4081e+00
   135  2.5781e+00
   136  2.5666e+00
   138  2.2444e+00
   140  1.9412e+00
   141  2.0249e+00
   142  1.8200e+00
   144  1.9531e+00
   147  1.6756e+00
   149  1.3452e+00
   152  1.1378e+00
   155  1.2019e+00
   157  1.1016e+00
   160  1.0464e+00
   161  9.4524e-01
   164  1.0334e+00
   165  1.0941e+00
   166  1.1662e+00
   168  1.2452e+00
   169  1.1266e+00
   172  1.0756e+00
   174  9.8833e-01
   175  8.5267e-01
   176  7.8632e-01
   177  7.9803e-01
   179  8.2837e-01
   180  7.2486e-01
   183  7.2700e-01
   185  7.3659e-01
   186  7.5730e-01
   188  7.1842e-01
   191  6.8218e-01
   192  6.6894e-01
   193  7.3242e-01
   194  7.8455e-01
   197  7.9884e-01
   199  8.6762e-01
   200  8.9473e-01
   201  8.3871e-01
   203  9.0862e-01
   204  7.7510e-01
   207  6.8426e-01
   210  6.7401e-01
   213  6.2580e-01
   216  5.5768e-01
   217  5.9143e-01
   220  5.8862e-01
   223  5.9604e-01
   224  6.3429e-01
   226  5.0817e-01
   228  4.5606e-01
   230  3.7398e-01
   232  3.2646e-01
   233  2.7032e-01
   236  2.9307e-01
   239  3.1081e-01
   242  2.9193e-01
   244  2.7742e-01
   246  2.8820e-01
   247  2.5335e-01
   248  2.2084e-01
   251  1.8035e-01
   253  1.5403e-01
   256  1.5737e-01
   259  1.6806e-01
   262  1.6895e-01
   263  1.6976e-01
   265  1.7685e-01
   266  1.6995e-01
   269  1.3991e-01
   271  1.1824e-01
   274  1.2027e-01
   275  9.7490e-02
   278  1.0216e-01
   281  8.6670e-02
   282  8.3368e-02
   285  8.9190e-02
   287  9.1413e-02
   289  9.5015e-02
   291  9.7876e-02
   292  8.1958e-02
   294  7.3293e-02
   297  6.4099e-02
   300  7.0299e-02
   302  5.7788e-02
   304  5.6786e-02
   307  5.1913e-02
   308  4.8662e-02
   310  4.6758e-02
   311  4.9983e-02
   314  5.3696e-02
   317  4.5794e-02
   318  4.0466e-02
   319  3.4917e-02
   321  2.8900e-02
   322  3.0554e-02
   324  3.1382e-02
   326  2.5543e-02
   327  2.0593e-02
   330  2.1154e-02
   332  1.9805e-02
   335  1.9071e-02
   338  1.9742e-02
   339  1.6226e-02
   342  1.7284e-02
   345  1.7909e-02
   348  1.4923e-02
   350  1.3285e-02
   352  1.2659e-02
   355  1.2199e-02
   357  1.0950e-02
   358  1.2042e-02
   360  1.2257e-02
   363  1.1815e-02
   364  1.0603e-02
   366  8.6861e-03
   368  8.8549e-03
   370  9.3285e-03
   371  7.8430e-03
   372  8.4102e-03
   373  6.9658e-03
   376  7.2669e-03
   378  6.9742e-03
   379  7.5469e-03
   381  6.8296e-03
   382  7.1194e-03
   383  6.4644e-03
   386  6.1729e-03
   389  6.4461e-03
   390  6.5385e-03
   391  6.8656e-03
   393  5.6873e-03
   396  5.7279e-03
   398  5.1278e-03
   400  5.5757e-03
   402  6.0937e-03
   403  5.8670e-03
   406  5.8099e-03
   407  4.8828e-03
   408  4.8952e-03
   409  5.2108e-03
   411  4.3835e-03
   412  4.5581e-03
   415  4.5532e-03
   417  4.7959e-03
   418  5.0655e-03
   419  5.0985e-03
   422  5.0532e-03
   423  4.3143e-03
   426  4.0865e-03
   428  3.4830e-03
   431  3.3517e-03
   434  3.0817e-03
   437  3.1152e-03
   438  2.7253e-03
   440  2.7959e-03
   443  2.7061e-03
   445  2.5171e-03
   446  2.7305e-03
   449  2.8263e-03
   452  2.4535e-03
   454  2.3927e-03
   455  2.5535e-03
   456  2.7232e-03
   459  2.4659e-03
   460  2.4170e-03
   463  2.2991e-03
   465  2.0548e-03
   468  2.0325e-03
   469  1.8776e-03
   470  1.9758e-03
   472  1.9995e-03
   473  2.1560e-03
   475  1.7844e-03
   476  1.7663e-03
   477  1.8796e-03
   479  2.0302e-03
   481  2.2214e-03
   483  2.2434e-03
   486  2.3276e-03
   488  2.4205e-03
   491  2.4015e-03
   494  2.3947e-03
   495  2.1110e-03
   496  1.8654e-03
   497  1.7565e-03
   499  1.4966e-03
   500  1.5743e-03
   503  1.6672e-03
   506  1.4141e-03
   507  1.1768e-03
   509  1.1456e-03
   510  9.4761e-04
   512  9.1820e-04
   515  7.5543e-04
   518  6.7480e-04
   520  6.9601e-04
   522  6.8308e-04
   525  5.6612e-04
   527  6.2058e-04
   529  6.6516e-04
   531  6.2159e-04
   534  6.5500e-04
   537  6.0437e-04
   538  5.8358e-04
   540  4.8285e-04
   543  4.9751e-04
   545  4.9954e-04
   548  4.9710e-04
   550  5.0267e-04
   553  5.1681e-04
   555  4.1822e-04
   557  4.2020e-04
   559  4.1670e-04
   561  3.7478e-04
   563  3.8876e-04
   566  3.4825e-04
   569  3.6577e-04
   572  3.6259e-04
   575  3.6349e-04
   577  3.8482e-04
   578  3.5399e-04
   579  3.8684e-04
   582  4.0212e-04
   583  3.9044e-04
   586  4.2803e-04
   589  3.7404e-04
   590  3.0280e-04
   593  3.1485e-04
   595  2.7735e-04
   597  3.0145e-04
   598  2.9167e-04
   601  2.9695e-04
   604  3.2107e-04
   606  3.4699e-04
   607  3.3787e-04
   610  3.4560e-04
   612  3.0374e-04
   613  2.6358e-04
   615  2.8103e-04
   618  2.7835e-04
   620  2.8683e-04
   622  2.5293e-04
   623  2.5575e-04
   625  2.5309e-04
   626  2.5169e-04
   629  2.3637e-04
   632  2.3873e-04
   633  1.9168e-04
   635  1.7467e-04
   637  1.6701e-04
   638  1.4460e-04
   639  1.4035e-04
   642  1.4124e-04
   644  1.4001e-04
   647  1.4263e-04
   648  1.2417e-04
   651  1.0604e-04
   654  1.0178e-04
   657  1.1044e-04
   659  9.3421e-05
   661  9.0669e-05
   662  7.9292e-05
   664  7.7984e-05
   665  7.8618e-05
   667  7.3790e-05
   670  6.6935e-05
   673  5.4856e-05
   675  4.5431e-05
   676  4.3566e-05
   677  3.6799e-05
   680  3.6076e-05
   683  3.8058e-05
   686  3.7693e-05
   687  3.8778e-05
   690  3.1303e-05
   693  2.5254e-05
   694  2.5945e-05
   696  2.1520e-05
   699  2.0401e-05
   701  1.8228e-05
   702  1.9426e-05
   705  2.0221e-05
   707  2.0571e-05
   708  2.0444e-05
   710  1.8643e-05
   712  1.9020e-05
   715  1.5742e-05
   716  1.6474e-05
   717  1.6662e-05
   718  1.4214e-05
   719  1.3801e-05
   720  1.3461e-05
   723  1.1469e-05
   725  1.1221e-05
   727  1.0506e-05
   728  1.1474e-05
   729  1.1259e-05
   730  1.0001e-05
   732  1.0615e-05
   733  9.9305e-06
   735  9.3863e-06
   737  7.9085e-06
   739  7.2244e-06
   740  7.4623e-06
   741  7.8034e-06
   743  8.5289e-06
   744  7.9738e-06
   745  6.9608e-06
   746  7.1657e-06
   748  5.7715e-06
   751  4.7165e-06
   754  4.6058e-06
   757  4.0493e-06
   759  4.0305e-06
   762  4.3882e-06
   765  3.9789e-06
   766  3.4866e-06
   767  3.1156e-06
   768  2.8606e-06
   771  2.9484e-06
   774  2.9444e-06
   777  2.9173e-06
   780  2.4916e-06
   782  2.4057e-06
   785  2.1096e-06
   787  1.7227e-06
   788  1.4024e-06
   790  1.2517e-06
   792  1.0323e-06
   793  1.0785e-06
   796  9.8985e-07
   798  8.5550e-07
   799  7.8032e-07
   801  7.9310e-07
   803  6.9030e-07
   804  5.8056e-07
   807  6.0051e-07
   808  5.7155e-07
   811  5.7352e-07
   812  5.1824e-07
   813  5.6124e-07
   814  4.9222e-07
   815  4.3381e-07
   818  3.9670e-07
   819  3.5784e-07
   820  3.4378e-07
   821  3.5042e-07
   823  3.3032e-07
   826  3.4654e-07
   828  3.4409e-07
   829  3.2868e-07
   831  3.1122e-07
   834  3.0177e-07
   835  2.5209e-07
   837  2.6062e-07
   840  2.5358e-07
   842  2.2013e-07
   844  2.1851e-07
   847  1.9395e-07
   848  1.6216e-07
   851  1.7597e-07
   853  1.8819e-07
   855  1.5620e-07
   857  1.6574e-07
   858  1.3511e-07
   860  1.2605e-07
   863  1.2178e-07
   864  9.7522e-08
   866  9.6728e-08
   867  1.0578e-07
   869  8.8177e-08
   872  9.3471e-08
   874  8.8198e-08
   876  8.3201e-08
   877  6.7697e-08
   880  6.6733e-08
   883  6.5299e-08
   884  6.2480e-08
   887  5.6311e-08
   890  4.9163e-08
   891  5.3625e-08
   893  5.7606e-08
   896  5.6635e-08
   897  4.9882e-08
   899  5.2917e-08
   900  5.3224e-08
   902  5.8414e-08
   905  6.1666e-08
   906  5.3134e-08
   909  5.1847e-08
   911  4.4747e-08
   914  4.7611e-08
   915  4.1504e-08
   916  4.4284e-08
   917  4.5082e-08
   920  3.7869e-08
   922  3.3621e-08
   924  3.4558e-08
   925  3.4820e-08
   928  3.4410e-08
   929  3.4176e-08
   930  3.0656e-08
   932  2.5057e-08
   933  2.0115e-08
   936  1.6171e-08
   939  1.4899e-08
   940  1.4025e-08
   943  1.2592e-08
   946  1.0912e-08
   948  1.1890e-08
   951  9.6938e-09
   954  9.6656e-09
   956  8.4907e-09
   957  8.6140e-09
   958  9.4148e-09
   961  7.8344e-09
   962  6.8457e-09
   965  6.8019e-09
   968  5.9253e-09
   971  5.6901e-09
   973  5.5895e-09
   975  6.0994e-09
   978  6.3965e-09
   979  6.6198e-09
   982  6.9656e-09
   984  6.7469e-09
   986  6.5201e-09
   987  6.4656e-09
   989  5.4710e-09
   992  4.7756e-09
   993  5.1715e-09
   994  5.5310e-09
   996  5.2818e-09
   998  5.3623e-09
  1000  5.4252e-09
  1002  4.5387e-09
  1003  4.0488e-09
  1005  3.5798e-09
  1006  3.2000e-09
  1009  2.8089e-09
  1012  2.5468e-09
  1015  2.1112e-09
  1018  2.1584e-09
  1019  2.3220e-09
  1020  2.4357e-09
  1022  2.1001e-09
  1025  2.0456e-09
  1027  1.7011e-09
  1029  1.5519e-09
  1032  1.5596e-09
  1035  1.4910e-09
  1038  1.5946e-09
  1041  1.5695e-09
  1044  1.3102e-09
  1046  1.1559e-09
  1049  1.1081e-09
  1050  9.3617e-10
  1053  7.9808e-10
  1054  8.2206e-10
  1055  8.1869e-10
  1056  7.7487e-10
  1059  7.4036e-10
  1060  7.0057e-10
  1061  5.6312e-10
  1064  5.8719e-10
  1066  5.7336e-10
  1069  5.6758e-10
  1071  5.9488e-10
  1073  6.3370e-10
  1076  5.1082e-10
  1077  4.6490e-10
  1079  4.7463e-10
  1082  4.8891e-10
  1083  4.1749e-10
  1085  3.4748e-10
  1086  2.9955e-10
  1088  2.7627e-10
  1091  2.6412e-10
  1093  2.5993e-10
  1094  2.2690e-10
  1096  2.1227e-10
  1099  2.3125e-10
  1101  2.2536e-10
  1103  2.0303e-10
  1106  2.0996e-10
  1107  1.9975e-10
  1108  1.8395e-10
  1111  1.9594e-10
  1113  1.7341e-10
  1115  1.7825e-10
  1117  1.5538e-10
  1119  1.3779e-10
  1121  1.5011e-10
  1122  1.3978e-10
  1125  1.2306e-10
  1127  1.1240e-10
  1128  1.1284e-10
  1131  1.0232e-10
  1132  8.4721e-11
  1134  9.2013e-11
  1137  7.9688e-11
  1139  6.8919e-11
  1141  6.5622e-11
  1143  5.6328e-11
  1145  5.5905e-11
  1147  5.4777e-11
  1150  5.7536e-11
  1153  5.8677e-11
  1155  4.9799e-11
  1156  4.8299e-11
  1159  5.1046e-11
  1160  4.6212e-11
  1163  4.6077e-11
  1165  3.8462e-11
  1168  3.8506e-11
  1170  3.8443e-11
  1172  4.1598e-11
  1174  4.3457e-11
  1175  4.6349e-11
  1177  3.9331e-11
  1180  4.1493e-11
  1182  4.4638e-11
  1184  3.9228e-11
  1185  3.3336e-11
  1187  3.0583e-11
  1189  3.3004e-11
  1190  2.7423e-11
  1192  2.5024e-11
  1193  2.3198e-11
  1194  1.8876e-11
  1195  1.5441e-11
  1198  1.5533e-11
  1199  1.3982e-11
  1201  1.2822e-11
  1202  1.3218e-11
  1203  1.1142e-11
  1206  1.0550e-11
  1209  8.6914e-12
  1211  8.8018e-12
  1213  7.6672e-12
  1214  6.8974e-12
  1215  6.1623e-12
  1218  5.6006e-12
  1220  5.9471e-12
  1221  5.2289e-12
  1224  5.4207e-12
  1225  5.1970e-12
  1228  5.5214e-12
  1231  4.6844e-12
  1234  3.9329e-12
  1236  4.0979e-12
  1237  4.4711e-12
  1239  4.2387e-12
  1241  3.8040e-12
  1244  3.9696e-12
  1245  3.5579e-12
  1248  3.4117e-12
  1250  2.9780e-12
  1251  2.4895e-12
  1253  2.0885e-12
  1256  1.8372e-12
  1259  1.8204e-12
  1261  1.7979e-12
  1264  1.9692e-12
  1266  2.0643e-12
  1267  2.0172e-12
  1268  1.6238e-12
  1271  1.4480e-12
  1274  1.5666e-12
  1275  1.4102e-12
  1278  1.4622e-12
  1279  1.3024e-12
  1282  1.1952e-12
  1284  1.2640e-12
  1285  1.0822e-12
  1286  1.1426e-12
  1289  9.1919e-13
  1292  7.9560e-13
  1293  6.6465e-13
  1294  6.4572e-13
  1297  6.3613e-13
  1299  6.1302e-13
  1300  6.3538e-13
  1302  5.7839e-13
  1303  4.8931e-13
  1304  4.6669e-13
  1305  5.0795e-13
  1308  5.2629e-13
  1309  5.3105e-13
  1311  4.4912e-13
  1313  4.8119e-13
  1315  4.3462e-13
  1316  4.4563e-13
  1319  3.9943e-13
  1320  3.7418e-13
  1322  3.2995e-13
  1324  3.0376e-13
  1325  2.4535e-13
  1326  2.4710e-13
  1329  2.0626e-13
  1330  2.2361e-13
  1331  2.4480e-13
  1332  2.5452e-13
  1334  2.2891e-13
  1335  1.9744e-13
  1337  1.9675e-13
  1338  1.9968e-13
  1339  1.7584e-13
  1340  1.5021e-13
  1342  1.5560e-13
  1345  1.3819e-13
  1347  1.1230e-13
  1350  1.0516e-13
  1352  8.7693e-14
  1354  9.0662e-14
  1355  7.4314e-14
  1357  6.4899e-14
  1358  6.4062e-14
  1361  5.6755e-14
  1362  4.7386e-14
  1365  4.3242e-14
  1368  4.1270e-14
  1370  3.4218e-14
  1373  3.3075e-14
  1376  3.2478e-14
  1378  2.6666e-14
  1380  2.5752e-14
  1382  2.8051e-14
  1383  3.0649e-14
  1385  3.3666e-14
  1387  2.7509e-14
  1388  2.8807e-14
  1391  3.0031e-14
  1394  2.7601e-14
  1397  2.2109e-14
  1400  2.3385e-14
  1401  2.3584e-14
  1404  2.0239e-14
  1405  1.6596e-14
  1406  1.7072e-14
  1408  1.5604e-14
  1410  1.4062e-14
  1413  1.4563e-14
  1416  1.3118e-14
  1417  1.2932e-14
  1418  1.0706e-14
  1421  1.0450e-14
  1422  1.1283e-14
  1425  1.1522e-14
  1427  1.1285e-14
  1429  1.1761e-14
  1432  1.2702e-14
  1433  1.0478e-14
  1434  9.3582e-15
  1436  9.7530e-15
  1439  9.9001e-15
  1441  9.1376e-15
  1444  9.0077e-15
  1447  8.9704e-15
  1448  9.3094e-15
  1450  8.7484e-15
  1451  7.0115e-15
  1453  7.1231e-15
  1454  5.7575e-15
  1455  4.6326e-15
  1456  4.1127e-15
  1459  4.3984e-15
  1462  3.7505e-15
  1463  3.3495e-15
  1464  2.7233e-15
  1467  2.7895e-15
  1469  2.2419e-15
  1470  2.1954e-15
  1472  2.0712e-15
  1474  1.9184e-15
  1477  1.8353e-15
  1480  1.5456e-15
  1482  1.4173e-15
  1484  1.4221e-15
  1486  1.1917e-15
  1489  9.7596e-16
  1491  1.0539e-15
  1494  9.9421e-16
  1495  8.2405e-16
  1498  7.4732e-16
  1500  6.4746e-16
  1501  6.4968e-16
  1503  5.3371e-16
  1504  5.2951e-16
  1506  4.7444e-16
  1509  4.3111e-16
  1512  3.6446e-16
  1515  3.8605e-16
  1516  3.3969e-16
  1517  2.8850e-16
  1518  3.1626e-16
  1521  2.7544e-16
  1523  2.8800e-16
  1526  3.0916e-16
  1528  2.9444e-16
  1530  2.6044e-16
  1532  2.7285e-16
  1535  2.4414e-16
  1537  2.5812e-16
  1540  2.0945e-16
  1542  1.8706e-16
  1545  1.6965e-16
  1547  1.4265e-16
  1550  1.2610e-16
  1551  1.2247e-16
  1554  1.1238e-16
  1555  9.9392e-17
  1556  9.4039e-17
  1558  9.5457e-17
  1560  9.2016e-17
  1561  7.5750e-17
  1563  8.1983e-17
  1565  7.8616e-17
  1567  6.8659e-17
  1570  5.6607e-17
  1573  5.1456e-17
  1574  5.6527e-17
  1576  6.0321e-17
  1579  6.6344e-17
  1580  5.6982e-17
  1582  5.7961e-17
  1584  5.9701e-17
  1585  4.9917e-17
  1588  4.4389e-17
  1589  4.5621e-17
  1590  4.3900e-17
  1592  4.0887e-17
  1593  4.0718e-17
  1595  4.1560e-17
  1596  4.3868e-17
  1598  4.3955e-17
  1599  4.2672e-17
  1602  3.7941e-17
  1603  3.1181e-17
  1605  2.9776e-17
  1606  2.5885e-17
  1609  2.4150e-17
  1612  2.2108e-17
  1614  1.9034e-17
  1616  2.0605e-17
  1618  1.9045e-17
  1621  2.0398e-17
  1623  1.8473e-17
  1626  1.9118e-17
  1628  2.0645e-17
  1631  1.8120e-17
  1633  1.8874e-17
  1636  1.5112e-17
  1639  1.2167e-17
  1642  1.1551e-17
  1643  1.1134e-17
  1646  1.1118e-17
  1649  1.0309e-17
  1652  9.6787e-18
  1655  8.8301e-18
  1657  7.1857e-18
  1659  7.7027e-18
  1660  6.6384e-18
  1663  6.4904e-18
  1664  6.3196e-18
  1666  6.1995e-18
  1667  6.4605e-18
  1669  6.6410e-18
  1671  6.5364e-18
  1674  6.5661e-18
  1677  6.3841e-18
  1678  5.5140e-18
  1681  4.8276e-18
  1684  4.0968e-18
  1687  4.4129e-18
  1688  4.8075e-18
  1689  4.0223e-18
  1692  3.3097e-18
  1694  2.7355e-18
  1697  2.8832e-18
  1698  2.4182e-18
  1699  2.0589e-18
  1702  2.1548e-18
  1703  1.9364e-18
  1704  1.7515e-18
  1706  1.7985e-18
  1708  1.6566e-18
  1710  1.7613e-18
  1712  1.8133e-18
  1713  1.5863e-18
  1716  1.4758e-18
  1717  1.3788e-18
  1718  1.1787e-18
  1720  9.9125e-19
  1723  8.9066e-19
  1724  8.6505e-19
  1726  7.8781e-19
  1729  7.5776e-19
  1730  7.3355e-19
  1731  7.9987e-19
  1733  6.4226e-19
  1735  5.9148e-19
  1736  5.0688e-19
  1737  4.4892e-19
  1739  3.6915e-19
  1740  3.3838e-19
  1741  3.4971e-19
  1742  3.8393e-19
  1744  4.0117e-19
  1747  3.4101e-19
  1750  2.8860e-19
  1753  2.3719e-19
  1754  1.9209e-19
  1755  1.7642e-19
  1757  1.6312e-19
  1759  1.7198e-19
  1762  1.4311e-19
  1763  1.2830e-19
  1764  1.3769e-19
  1767  1.2708e-19
  1769  1.2404e-19
  1772  1.1733e-19
  1773  9.9554e-20
  1775  9.1812e-20
  1776  9.7726e-20
  1779  9.7677e-20
  1782  8.6311e-20
  1785  7.1414e-20
  1786  7.3764e-20
  1788  6.8017e-20
  1791  6.5128e-20
  1794  5.2107e-20
  1796  4.2123e-20
  1797  4.0590e-20
  1800  4.3431e-20
  1801  4.2444e-20
  1802  4.2861e-20
  1803  3.6930e-20
  1804  2.9990e-20
  1806  2.9009e-20
  1808  2.6902e-20
  1810  2.3407e-20
  1812  2.5409e-20
  1815  2.0693e-20
  1816  2.1083e-20
  1819  2.0069e-20
  1821  1.7002e-20
  1824  1.3979e-20
  1826  1.3326e-20
  1827  1.1020e-20
  1829  1.1524e-20
  1832  1.0913e-20
  1834  8.7555e-21
  1835  7.2049e-21
  1836  6.9321e-21
  1837  6.1785e-21
  1838  5.8113e-21
  1841  5.0348e-21
  1843  4.8330e-21
  1845  4.8771e-21
  1847  4.7813e-21
  1849  4.9417e-21
  1852  4.7302e-21
  1855  4.5073e-21
  1857  4.0119e-21
  1859  4.3576e-21
  1860  3.8636e-21
  1863  3.3144e-21
  1865  3.0490e-21
  1866  3.0393e-21
  1869  3.0756e-21
  1871  2.9893e-21
  1874  3.0638e-21
  1877  2.9468e-21
  1879  2.9354e-21
  1881  2.4366e-21
  1884  1.9885e-21
  1885  1.8637e-21
  1886  1.7362e-21
  1887  1.4897e-21
  1889  1.5599e-21
  1891  1.5332e-21
  1892  1.3388e-21
  1894  1.1570e-21
  1896  1.2623e-21
  1897  1.1888e-21
  1898  1.1932e-21
  1900  1.2116e-21
  1903  1.2085e-21
  1906  9.9646e-22
  1909  9.0143e-22
  1911  7.9527e-22
  1914  6.4536e-22
  1915  6.9555e-22
  1917  7.0002e-22
  1919  5.7586e-22
  1921  5.5242e-22
  1924  5.0538e-22
  1925  4.6563e-22
  1928  4.5449e-22
  1931  4.2697e-22
  1933  4.2434e-22
  1936  4.1057e-22
  1939  3.7297e-22
  1941  3.9731e-22
  1944  3.3522e-22
  1947  3.5940e-22
  1948  3.7493e-22
  1949  3.1274e-22
  1952  3.3536e-22
  1953  3.5616e-22
  1954  3.3456e-22
  1955  3.2811e-22
  1958  2.8486e-22
  1961  2.5183e-22
  1964  2.3436e-22
  1966  2.4501e-22
  1969  2.1019e-22
  1970  1.9895e-22
  1973  2.0004e-22
  1975  1.7034e-22
  1976  1.3835e-22
  1977  1.3561e-22
  1979  1.2182e-22
  1982  1.0542e-22
  1984  8.4959e-23
  1985  7.7193e-23
  1988  6.2425e-23
  1990  6.5133e-23
  1993  5.7016e-23
  1994  5.9563e-23
  1997  5.6990e-23
  1998  6.2329e-23
  1999  5.6575e-23
  2001  5.2081e-23
  2002  5.7119e-23
  2003  4.9704e-23
  2005  4.1310e-23
  2007  4.1489e-23
  2010  4.4731e-23
  2012  3.9588e-23
  2015  3.6695e-23
  2016  3.4573e-23
  2019  3.5180e-23
  2022  3.0199e-23
  2025  2.6989e-23
  2028  2.4530e-23
  2030  2.0021e-23
  2033  1.9603e-23
  2036  1.5993e-23
  2037  1.5472e-23
  2039  1.3343e-23
  2040  1.3503e-23
  2041  1.3667e-23
  2043  1.2329e-23
  2045  1.0670e-23
  2046  1.0119e-23
  2047  8.8128e-24
  2049  9.1022e-24
  2051  7.6274e-24
  2053  6.1479e-24
  2056  5.0217e-24
  2059  5.4135e-24
  2061  4.7906e-24
  2062  4.6578e-24
  2065  4.2616e-24
  2066  4.2206e-24
  2069  3.9249e-24
  2070  3.3341e-24
  2071  3.1191e-24
  2074  3.2022e-24
  2076  3.1967e-24
  2078  3.4867e-24
  2080  2.8797e-24
  2082  2.3180e-24
  2084  2.4960e-24
  2087  2.1786e-24
  2088  1.9878e-24
  2090  2.0599e-24
  2091  1.9969e-24
  2093  2.0300e-24
  2096  2.1829e-24
  2098  2.2232e-24
  2100  1.7892e-24
  2101  1.5107e-24
  2104  1.3631e-24
  2106  1.4746e-24
  2107  1.4602e-24
  2109  1.4801e-24
  2112  1.5445e-24
  2115  1.4246e-24
  2116  1.2455e-24
  2117  1.3420e-24
  2120  1.0928e-24
  2123  9.9924e-25
  2124  1.0543e-24
  2127  1.0061e-24
  2128  9.7885e-25
  2129  9.8003e-25
  2132  9.5608e-25
  2135  8.1165e-25
  2136  8.7096e-25
  2139  8.9194e-25
  2142  8.2217e-25
  2143  7.2725e-25
  2145  6.3624e-25
  2148  5.3741e-25
  2151  4.8424e-25
  2153  4.2112e-25
  2156  3.4087e-25
  2157  2.9276e-25
  2160  3.1084e-25
  2161  3.1837e-25
  2164  3.2910e-25
  2167  2.8099e-25
  2168  2.3965e-25
  2169  2.1528e-25
  2170  1.7799e-25
  2172  1.5751e-25
  2173  1.4380e-25
  2176  1.4409e-25
  2177  1.1700e-25
  2180  9.9006e-26
  2181  1.0724e-25
  2182  9.2624e-26
  2185  9.4670e-26
  2188  8.8568e-26
  2189  7.5437e-26
  2191  6.5756e-26
  2193  5.7539e-26
  2194  5.4517e-26
  2195  5.4763e-26
  2197  4.4854e-26
  2200  4.3376e-26
  2202  3.8139e-26
  2204  4.0122e-26
  2205  3.6455e-26
  2206  3.7418e-26
  2207  3.8246e-26
  2210  3.2515e-26
  2213  3.3745e-26
  2215  2.7021e-26
  2218  2.7113e-26
  2219  2.7601e-26
  2222  2.2349e-26
  2224  2.0558e-26
  2225  2.0891e-26
  2226  2.1362e-26
  2228  2.0919e-26
  2231  1.6859e-26
  2233  1.5964e-26
  2234  1.5470e-26
  2237  1.3693e-26
  2239  1.3099e-26
  2240  1.0656e-26
  2242  1.1698e-26
  2245  1.0797e-26
  2246  8.7027e-27
  2249  8.2260e-27
  2250  7.9668e-27
  2253  6.5566e-27
  2256  6.3828e-27
  2258  6.4718e-27
  2259  6.1477e-27
  2260  5.6051e-27
  2263  6.1228e-27
  2265  5.2712e-27
  2266  4.6144e-27
  2269  4.1593e-27
  2272  3.9822e-27
  2275  3.5173e-27
  2278  2.8743e-27
  2280  2.3511e-27
  2282  2.4384e-27
  2285  2.6576e-27
  2287  2.6255e-27
  2290  2.5028e-27
  2292  2.2140e-27
  2294  2.3287e-27
  2297  2.3762e-27
  2298  1.9069e-27
  2300  1.9463e-27
  2302  1.6872e-27
  2305  1.8203e-27
  2307  1.7687e-27
  2310  1.8518e-27
  2311  1.4954e-27
  2313  1.4319e-27
  2315  1.1893e-27
  2317  9.5617e-28
  2320  9.8922e-28
  2323  1.0112e-27
  2325  9.3860e-28
  2327  8.0149e-28
  2328  8.4518e-28
  2330  9.0476e-28
  2332  7.4390e-28
  2333  6.7710e-28
  2336  6.8553e-28
  2337  6.1448e-28
  2340  6.0936e-28
  2341  5.6238e-28
  2343  5.0519e-28
  2346  4.4864e-28
  2347  3.7414e-28
  2349  3.7774e-28
  2350  3.7846e-28
  2352  3.6843e-28
  2353  3.7046e-28
  2354  2.9695e-28
  2356  2.8191e-28
  2357  2.8532e-28
  2359  2.6504e-28
  2360  2.7635e-28
  2362  2.8171e-28
  2365  2.7823e-28
  2366  2.4409e-28
  2367  2.4049e-28
  2370  2.4915e-28
  2371  2.0944e-28
  2372  1.8362e-28
  2373  1.5902e-28
  2374  1.7356e-28
  2375  1.7163e-28
  2378  1.4327e-28
  2381  1.5746e-28
  2382  1.7075e-28
  2385  1.7647e-28
  2386  1.5121e-28
  2389  1.4703e-28
  2392  1.5749e-28
  2393  1.5698e-28
  2396  1.5210e-28
  2398  1.6294e-28
  2401  1.7068e-28
  2403  1.7645e-28
  2404  1.9323e-28
  2405  1.5744e-28
  2407  1.6164e-28
  2410  1.6203e-28
  2411  1.3949e-28
  2412  1.4368e-28
  2413  1.4507e-28
  2414  1.2820e-28
  2415  1.1162e-28
  2417  9.4754e-29
  2418  8.9701e-29
  2419  9.1200e-29
  2421  8.4354e-29
  2424  7.4144e-29
  2427  7.9952e-29
  2428  7.7675e-29
  2430  6.2925e-29
  2432  6.8184e-29
  2433  6.5223e-29
  2435  6.4856e-29
  2436  5.4384e-29
  2439  5.6216e-29
  2442  5.5773e-29
  2443  4.7239e-29
  2446  3.9835e-29
  2449  4.2557e-29
  2451  3.6695e-29
  2452  3.8455e-29
  2453  3.8820e-29
  2454  4.1648e-29
  2457  4.2121e-29
  2458  4.4365e-29
  2461  3.6962e-29
  2463  3.5125e-29
  2465  3.0826e-29
  2467  2.8266e-29
  2470  2.9747e-29
  2472  2.9423e-29
  2475  2.5136e-29
  2477  2.3776e-29
  2478  2.2991e-29
  2480  2.4713e-29
  2481  2.7065e-29
  2483  2.2658e-29
  2486  2.0358e-29
  2487  1.8428e-29
  2489  1.5776e-29
  2491  1.4311e-29
  2493  1.1734e-29
  2494  1.0640e-29
  2495  9.7932e-30
  2497  1.0073e-29
  2499  9.0191e-30
  2500  8.3817e-30
  2501  7.9140e-30
  2504  7.5831e-30
  2506  6.3507e-30
  2507  5.1078e-30
  2509  4.6901e-30
  2510  4.3523e-30
  2513  4.1933e-30
  2516  4.2183e-30
  2519  4.2902e-30
  2521  4.1330e-30
  2524  4.4604e-30
  2527  4.0100e-30
  2530  3.6914e-30
  2531  3.5435e-30
  2532  3.2569e-30
  2535  2.6421e-30
  2538  2.2954e-30
  2541  2.0493e-30
  2544  1.8761e-30
  2547  1.8496e-30
  2548  1.6447e-30
  2551  1.6724e-30
  2554  1.4244e-30
  2555  1.4309e-30
  2556  1.2067e-30
  2559  1.1672e-30
  2561  1.0698e-30
  2562  1.1736e-30
  2565  1.0245e-30
  2567  9.7164e-31
  2568  1.0206e-30
  2571  1.0230e-30
  2574  9.1662e-31
  2576  7.3535e-31
  2579  5.9629e-31
  2580  6.2321e-31
  2583  5.2655e-31
  2584  5.7526e-31
  2586  4.6090e-31
  2587  4.5826e-31
  2589  4.1660e-31
  2592  4.1460e-31
  2595  4.5479e-31
  2598  4.2951e-31
  2600  3.7364e-31
  2602  3.5974e-31
  2605  3.3326e-31
  2608  3.5376e-31
  2611  3.5657e-31
  2614  3.8801e-31
  2616  3.8428e-31
  2618  4.1775e-31
  2620  4.2301e-31
  2622  4.6167e-31
  2624  4.9880e-31
  2627  4.3164e-31
  2630  3.8259e-31
  2631  3.7887e-31
  2633  3.8570e-31
  2635  3.3874e-31
  2638  3.1377e-31
  2640  2.6858e-31
  2641  2.6536e-31
  2643  2.8825e-31
  2646  2.6671e-31
  2649  2.1835e-31
  2652  2.3497e-31
  2654  2.0331e-31
  2655  2.1263e-31
  2656  1.8973e-31
  2658  1.6692e-31
  2660  1.7107e-31
  2662  1.4026e-31
  2665  1.3281e-31
  2668  1.0905e-31
  2669  9.2272e-32
  2671  8.4453e-32
  2672  8.5275e-32
  2675  7.8875e-32
  2677  6.5260e-32
  2679  6.9939e-32
  2682  6.6921e-32
  2684  6.2561e-32
  2685  6.4344e-32
  2686  6.0915e-32
  2687  4.9379e-32
  2690  4.9846e-32
  2691  4.6366e-32
  2694  3.9470e-32
  2697  3.9378e-32
  2700  3.3874e-32
  2701  3.4165e-32
  2702  3.4570e-32
  2705  3.2683e-32
  2706  3.4466e-32
  2707  3.3357e-32
  2708  3.0058e-32
  2710  3.1109e-32
  2712  3.1530e-32
  2715  2.7262e-32
  2718  2.4969e-32
  2720  2.5072e-32
  2722  2.2824e-32
  2723  1.8847e-32
  2725  1.8932e-32
  2727  2.0290e-32
  2728  1.9986e-32
  2731  1.8211e-32
  2732  1.5432e-32
  2735  1.5427e-32
  2737  1.5689e-32
  2738  1.5760e-32
  2741  1.4262e-32
  2743  1.3525e-32
  2746  1.3251e-32
  2747  1.1833e-32
  2748  1.1628e-32
  2750  1.2164e-32
  2751  9.8017e-33
  2752  8.0038e-33
  2755  6.8701e-33
  2757  7.2762e-33
  2760  7.5594e-33
  2763  7.0456e-33
  2765  6.6734e-33
  2767  5.3704e-33
  2769  4.3976e-33
  2772  4.2829e-33
  2775  3.9900e-33
  2776  3.9574e-33
  2777  3.4621e-33
  2778  3.4089e-33
  2781  3.1794e-33
  2783  3.4911e-33
  2784  3.7372e-33
  2787  3.4264e-33
  2788  3.7687e-33
  2791  3.4403e-33
  2792  3.6060e-33
  2794  3.6034e-33
  2795  3.7167e-33
  2796  3.2857e-33
  2799  3.4730e-33
  2801  3.7393e-33
  2804  3.5795e-33
  2807  3.6491e-33
  2810  3.2689e-33
  2813  3.5258e-33
  2814  3.6843e-33
  2816  3.7145e-33
  2818  3.4758e-33
  2820  3.6834e-33
  2823  3.8820e-33
  2825  3.9982e-33
  2828  4.3666e-33
  2830  4.6403e-33
  2831  4.7836e-33
  2833  4.6847e-33
  2836  3.8547e-33
  2839  3.2385e-33
  2841  3.1584e-33
  2843  3.3135e-33
  2845  2.9323e-33
  2848  2.4410e-33
  2849  2.4284e-33
  2851  2.6543e-33
  2852  2.2082e-33
  2853  1.9444e-33
  2856  1.5806e-33
  2859  1.6659e-33
  2861  1.8219e-33
  2864  1.9092e-33
  2867  1.8057e-33
  2868  1.7987e-33
  2870  1.5464e-33
  2871  1.5133e-33
  2872  1.6181e-33
  2874  1.7489e-33
  2876  1.8608e-33
  2877  1.6357e-33
  2880  1.4965e-33
  2883  1.6170e-33
  2886  1.7369e-33
  2888  1.6193e-33
  2891  1.7420e-33
  2892  1.6069e-33
  2894  1.4224e-33
  2896  1.5159e-33
  2897  1.3630e-33
  2900  1.3556e-33
  2902  1.4171e-33
  2905  1.3093e-33
  2908  1.3710e-33
  2911  1.2589e-33
  2914  1.2371e-33
  2917  1.0966e-33
  2920  9.2040e-34
  2921  1.0058e-33
  2922  1.0832e-33
  2924  1.0972e-33
  2927  9.2709e-34
  2930  9.0520e-34
  2931  8.3219e-34
  2932  7.9015e-34
  2933  7.7818e-34
  2934  6.9532e-34
  2936  7.3223e-34
  2938  7.7954e-34
  2940  8.4738e-34
  2942  7.3822e-34
  2945  6.9905e-34
  2948  5.8403e-34
  2950  5.6028e-34
  2953  5.4563e-34
  2956  5.5710e-34
  2959  4.7151e-34
  2962  4.8113e-34
  2965  5.0481e-34
  2967  5.4261e-34
  2969  4.5280e-34
  2972  4.3776e-34
  2975  4.0079e-34
  2978  4.0416e-34
  2981  4.1397e-34
  2983  3.9576e-34
  2986  3.6567e-34
  2988  3.7418e-34
  2991  3.4696e-34
  2992  3.1451e-34
  2993  2.7748e-34
  2996  2.5261e-34
  2998  2.2894e-34
  2999  2.3548e-34
  3002  2.0985e-34
  3003  2.0108e-34
  3004  1.6365e-34
  3005  1.4887e-34
  3007  1.5023e-34
  3009  1.5741e-34
  3012  1.5986e-34
  3013  1.2814e-34
  3016  1.1282e-34
  3018  1.0905e-34
  3020  9.0300e-35
  3021  9.2848e-35
  3024  7.6580e-35
  3025  7.1407e-35
  3028  7.4814e-35
  3030  6.7547e-35
  3032  5.4996e-35
  3034  5.6586e-35
  3037  5.2707e-35
  3039  5.3753e-35
  3040  4.9801e-35
  3041  4.2706e-35
  3044  3.4202e-35
  3047  3.3345e-35
  3049  2.9420e-35
  3052  2.6270e-35
  3055  2.1189e-35
  3056  1.8484e-35
  3059  1.6864e-35
  3062  1.6030e-35
  3063  1.6178e-35
  3066  1.4253e-35
  3068  1.4228e-35
  3070  1.2188e-35
  3072  1.0923e-35
  3075  9.4739e-36
  3077  9.9722e-36
  3078  8.8371e-36
  3080  8.5615e-36
  3082  8.7895e-36
  3083  8.8465e-36
  3085  8.1150e-36
  3086  8.3645e-36
  3088  7.5235e-36
  3089  7.8119e-36
  3091  6.8479e-36
  3093  7.4187e-36
  3094  6.1199e-36
  3095  6.5931e-36
  3098  5.5403e-36
  3101  5.1877e-36
  3104  5.4765e-36
  3107  5.9645e-36
  3110  5.4208e-36
  3111  5.5792e-36
  3114  5.4599e-36
  3117  5.2175e-36
  3120  4.7390e-36
  3123  3.9831e-36
  3124  4.3589e-36
  3127  4.5976e-36
  3130  4.1811e-36
  3133  3.4001e-36
  3135  3.3160e-36
  3137  3.2922e-36
  3139  3.3481e-36
  3141  3.0543e-36
  3144  2.7289e-36
  3147  2.9175e-36
  3150  3.1037e-36
  3153  3.0428e-36
  3154  2.6922e-36
  3157  2.8388e-36
  3159  2.8883e-36
  3161  2.7850e-36
  3162  2.9644e-36
  3163  2.6882e-36
  3165  2.2188e-36
  3166  2.1611e-36
  3167  2.3040e-36
  3170  2.4263e-36
  3173  2.2821e-36
  3174  2.2462e-36
  3175  1.8175e-36
  3176  1.4635e-36
  3179  1.5601e-36
  3180  1.7142e-36
  3183  1.6429e-36
  3186  1.7228e-36
  3189  1.7730e-36
  3191  1.7082e-36
  3194  1.7650e-36
  3195  1.6367e-36
  3198  1.6614e-36
  3199  1.5189e-36
  3201  1.5485e-36
  3202  1.6980e-36
  3203  1.4740e-36
  3205  1.2943e-36
  3206  1.2023e-36
  3207  1.0647e-36
  3210  1.0666e-36
  3212  9.9581e-37
  3213  1.0245e-36
  3216  9.6156e-37
  3219  8.2708e-37
  3221  6.9626e-37
  3223  6.8142e-37
  3226  5.8037e-37
  3227  4.9341e-37
  3230  4.0718e-37
  3231  4.0902e-37
  3234  3.5097e-37
  3237  3.0493e-37
  3240  3.3416e-37
  3243  3.0362e-37
  3245  2.8446e-37
  3248  2.6953e-37
  3249  2.2560e-37
  3252  2.2337e-37
  3255  2.3421e-37
  3256  2.3834e-37
  3258  2.5986e-37
  3259  2.1953e-37
  3260  2.4016e-37
  3261  2.6188e-37
  3262  2.4377e-37
  3264  2.4392e-37
  3266  2.6155e-37
  3268  2.8084e-37
  3271  3.0699e-37
  3273  3.1597e-37
  3276  3.2403e-37
  3279  2.6329e-37
  3282  2.6212e-37
  3285  2.8251e-37
  3287  3.1071e-37
  3288  2.8456e-37
  3289  3.0050e-37
  3291  2.7637e-37
  3292  2.3494e-37
  3293  2.4472e-37
  3296  2.1050e-37
  3299  1.7987e-37
  3301  1.8357e-37
  3303  1.5923e-37
  3305  1.4674e-37
  3308  1.5135e-37
  3311  1.4688e-37
  3312  1.2158e-37
  3313  1.0172e-37
  3315  9.9067e-38
  3316  9.7694e-38
  3318  8.7912e-38
  3320  7.7295e-38
  3321  8.1730e-38
  3323  6.7106e-38
  3324  5.5109e-38
  3326  4.5118e-38
  3328  4.4751e-38
  3329  4.5134e-38
  3331  4.4315e-38
  3333  4.7622e-38
  3334  4.1071e-38
  3335  3.7799e-38
  3338  3.0342e-38
  3340  2.8525e-38
  3343  2.4726e-38
  3345  2.3669e-38
  3346  2.5757e-38
  3347  2.3177e-38
  3349  1.9049e-38
  3352  1.9674e-38
  3354  1.9957e-38
  3356  1.7882e-38
  3359  1.7543e-38
  3361  1.7152e-38
  3364  1.8189e-38
  3365  1.5887e-38
  3368  1.6236e-38
  3370  1.4822e-38
  3373  1.4521e-38
  3376  1.4511e-38
  3377  1.4555e-38
  3378  1.4294e-38
  3379  1.2019e-38
  3382  1.1412e-38
  3385  9.4338e-39
  3388  7.9855e-39
  3389  6.7710e-39
  3390  6.5744e-39
  3391  6.9848e-39
  3393  6.2242e-39
  3394  5.6377e-39
  3395  4.6447e-39
  3398  4.9905e-39
  3399  4.2518e-39
  3400  3.9746e-39
  3401  3.2952e-39
  3402  3.5190e-39
  3404  3.4407e-39
  3407  3.5247e-39
  3408  3.2653e-39
  3410  3.4364e-39
  3411  3.4509e-39
  3412  3.6656e-39
  3413  2.9412e-39
  3415  2.7073e-39
  3417  2.5877e-39
  3419  2.1571e-39
  3422  2.1224e-39
  3423  1.8466e-39
  3424  1.6823e-39
  3425  1.5636e-39
  3426  1.5949e-39
  3428  1.5512e-39
  3429  1.6084e-39
  3430  1.3224e-39
  3432  1.3027e-39
  3433  1.2256e-39
  3435  1.0116e-39
  3438  8.6012e-40
  3439  9.0237e-40
  3442  8.5708e-40
  3443  9.0804e-40
  3445  8.1893e-40
  3447  7.7011e-40
  3450  8.2361e-40
  3453  6.9688e-40
  3455  7.5631e-40
  3457  7.9051e-40
  3459  6.4168e-40
  3462  6.9489e-40
  3463  5.5871e-40
  3466  5.4853e-40
  3467  4.7129e-40
  3469  3.9752e-40
  3471  3.8413e-40
  3472  4.1961e-40
  3474  3.3802e-40
  3477  3.1447e-40
  3478  2.5488e-40
  3480  2.5837e-40
  3482  2.7426e-40
  3484  2.2146e-40
  3487  2.0255e-40
  3490  2.1187e-40
  3493  1.9005e-40
  3495  2.0171e-40
  3496  2.1048e-40
  3499  1.7939e-40
  3502  1.7472e-40
  3503  1.4496e-40
  3505  1.5410e-40
  3508  1.2363e-40
  3509  1.0097e-40
  3510  8.0785e-41
  3511  8.3043e-41
  3512  8.3515e-41
  3514  7.7392e-41
  3516  8.4965e-41
  3518  7.3541e-41
  3521  6.4646e-41
  3524  6.0802e-41
  3526  5.2918e-41
  3528  5.3659e-41
  3530  5.0570e-41
  3531  4.4805e-41
  3534  4.1632e-41
  3535  4.4784e-41
  3536  4.6359e-41
  3537  3.8133e-41
  3540  3.8746e-41
  3541  3.5511e-41
  3544  3.1435e-41
  3547  2.9965e-41
  3548  3.0147e-41
  3549  3.1348e-41
  3552  3.3961e-41
  3554  3.5922e-41
  3555  3.8169e-41
  3558  3.5450e-41
  3559  2.8691e-41
  3561  2.3294e-41
  3562  2.1603e-41
  3563  2.0642e-41
  3566  1.7753e-41
  3569  1.5127e-41
  3572  1.4704e-41
  3575  1.4533e-41
  3576  1.5379e-41
  3577  1.3200e-41
  3578  1.2120e-41
  3580  1.1322e-41
  3583  9.7401e-42
  3584  9.6259e-42
  3585  8.9982e-42
  3588  7.3218e-42
  3590  6.5022e-42
  3591  5.8095e-42
  3592  6.2498e-42
  3595  6.2908e-42
  3596  6.7429e-42
  3598  7.3517e-42
  3601  6.0039e-42
  3603  5.7908e-42
  3605  4.9262e-42
  3607  4.2690e-42
  3608  3.9882e-42
  3610  3.6069e-42
  3612  3.8235e-42
  3615  3.1521e-42
  3618  2.7321e-42
  3620  2.6495e-42
  3622  2.5228e-42
  3625  2.6002e-42
  3626  2.5841e-42
  3629  2.5056e-42
  3632  2.0597e-42
  3634  2.1267e-42
  3637  2.1431e-42
  3639  2.1214e-42
  3640  1.8428e-42
  3641  1.9339e-42
  3643  1.7139e-42
  3646  1.4907e-42
  3648  1.5883e-42
  3649  1.7352e-42
  3650  1.4723e-42
  3652  1.5306e-42
  3654  1.6569e-42
  3655  1.4161e-42
  3656  1.4248e-42
  3657  1.1859e-42
  3658  9.7592e-43
  3659  8.2773e-43
  3661  9.0647e-43
  3663  9.6861e-43
  3665  8.8990e-43
  3668  8.4959e-43
  3669  7.6597e-43
  3672  7.8374e-43
  3673  7.5644e-43
  3676  6.4329e-43
  3678  6.1711e-43
  3680  5.6342e-43
  3682  5.1864e-43
  3684  4.1789e-43
  3686  3.6033e-43
  3689  3.7183e-43
  3691  3.2619e-43
  3692  2.9841e-43
  3695  3.1032e-43
  3697  2.6653e-43
  3699  2.5547e-43
  3701  2.3467e-43
  3702  2.4362e-43
  3704  2.6749e-43
  3707  2.8966e-43
  3710  3.0960e-43
  3712  2.9929e-43
  3714  2.9983e-43
  3716  3.2601e-43
  3719  2.8258e-43
  3721  2.9394e-43
  3722  3.0320e-43
  3724  2.9112e-43
  3726  3.1719e-43
  3728  3.4474e-43
  3730  3.5305e-43
  3732  3.2541e-43
  3735  3.2660e-43
  3738  3.4999e-43
  3739  3.6826e-43
  3741  3.5061e-43
  3743  3.0215e-43
  3745  2.5016e-43
  3746  2.6023e-43
  3747  2.3059e-43
  3750  1.8522e-43
  3751  1.9162e-43
  3752  1.7884e-43
  3753  1.8453e-43
  3754  1.7457e-43
  3757  1.6050e-43
  3760  1.6604e-43
  3761  1.4544e-43
  3763  1.3481e-43
  3766  1.2224e-43
  3767  1.1167e-43
  3769  9.1991e-44
  3772  9.7047e-44
  3774  9.8297e-44
  3776  1.0548e-43
  3779  1.0304e-43
  3782  9.0413e-44
  3783  9.5005e-44
  3786  7.8009e-44
  3789  7.9205e-44
  3792  8.0790e-44
  3794  6.4679e-44
  3797  5.6483e-44
  3800  5.6411e-44
  3801  5.0264e-44
  3802  4.2626e-44
  3805  3.7993e-44
  3806  3.5347e-44
  3807  3.8872e-44
  3809  3.5845e-44
  3812  3.4813e-44
  3814  3.3422e-44
  3817  2.8382e-44
  3818  2.7072e-44
  3821  2.1789e-44
  3822  1.8000e-44
  3823  1.9193e-44
  3826  1.6086e-44
  3828  1.3333e-44
  3830  1.2490e-44
  3833  1.0661e-44
  3835  9.3546e-45
  3836  8.3629e-45
  3838  7.9635e-45
  3840  8.0937e-45
  3841  8.0518e-45
  3842  8.0522e-45
  3844  6.6107e-45
  3845  6.2297e-45
  3848  6.5998e-45
  3850  7.0541e-45
  3852  7.6411e-45
  3853  7.6178e-45
  3855  6.4978e-45
  3856  5.6436e-45
  3858  5.9608e-45
  3861  4.9521e-45
  3862  4.9064e-45
  3864  4.0011e-45
  3867  3.5184e-45
  3870  3.2008e-45
  3871  2.8986e-45
  3874  2.8735e-45
  3877  3.1102e-45
  3878  3.1459e-45
  3880  3.1481e-45
  3881  2.8876e-45
  3883  2.8145e-45
  3884  2.7228e-45
  3885  2.2314e-45
  3886  2.3988e-45
  3889  2.0745e-45
  3891  1.9814e-45
  3894  2.0876e-45
  3895  1.6760e-45
  3898  1.7941e-45
  3901  1.6291e-45
  3902  1.4703e-45
  3904  1.2008e-45
  3905  1.0893e-45
  3907  9.1188e-46
  3908  7.9983e-46
  3910  8.5463e-46
  3912  8.4298e-46
  3915  8.7662e-46
  3916  8.0583e-46
  3918  7.4864e-46
  3920  7.8428e-46
  3923  6.3640e-46
  3926  6.9919e-46
  3927  6.6602e-46
  3930  6.6712e-46
  3932  5.4932e-46
  3934  4.6860e-46
  3936  4.4606e-46
  3938  3.6864e-46
  3939  3.5110e-46
  3942  3.2243e-46
  3943  2.7809e-46
  3944  2.9927e-46
  3946  2.8813e-46
  3949  2.3128e-46
  3950  2.0963e-46
  3952  1.9317e-46
  3954  1.7093e-46
  3957  1.4972e-46
  3960  1.3504e-46
  3961  1.3990e-46
  3963  1.1345e-46
  3964  1.2310e-46
  3966  1.3208e-46
  3968  1.3409e-46
  3971  1.2326e-46
  3974  1.1388e-46
  3977  1.1034e-46
  3978  1.1194e-46
  3981  1.0551e-46
  3984  8.9525e-47
  3985  9.0793e-47
  3987  9.1902e-47
  3988  7.7897e-47
  3991  6.3684e-47
  3994  6.6441e-47
  3995  6.1888e-47
  3998  4.9666e-47
  4001  4.4658e-47
  4004  4.4827e-47
  4005  3.8977e-47
  4008  3.9247e-47
  4010  3.6227e-47
  4012  3.0186e-47
  4014  3.1812e-47
  4015  3.0459e-47
  4018  2.8107e-47
  4021  2.9938e-47
  4022  2.4376e-47
  4025  2.1563e-47
  4027  1.9603e-47
  4030  2.1219e-47
  4032  1.7393e-47
  4033  1.5234e-47
  4034  1.3438e-47
  4035  1.2382e-47
  4036  1.1340e-47
  4037  1.0199e-47
  4039  9.0097e-48
  4040  7.8651e-48
  4042  7.8175e-48
  4045  6.7553e-48
  4048  7.2575e-48
  4051  7.1880e-48
  4054  7.8897e-48
  4057  8.0374e-48
  4058  7.2169e-48
  4061  5.8990e-48
  4062  5.0589e-48
  4064  5.4616e-48
  4066  4.5208e-48
  4069  4.7825e-48
  4072  4.6510e-48
  4073  4.1745e-48
  4074  4.4898e-48
  4077  4.8939e-48
  4080  4.6217e-48
  4083  3.7781e-48
  4086  3.8427e-48
  4087  3.4208e-48
  4089  3.0802e-48
  4091  3.2102e-48
  4094  2.6684e-48
  4097  2.8085e-48
  4100  2.8378e-48
  4103  2.2983e-48
  4105  2.2282e-48
  4108  2.2507e-48
  4109  1.9280e-48
  4112  1.9075e-48
  4115  1.7389e-48
  4117  1.5726e-48
  4119  1.4779e-48
  4122  1.2627e-48
  4123  1.2906e-48
  4126  1.4047e-48
  4127  1.2597e-48
  4129  1.0633e-48
  4132  9.9202e-49
  4135  8.1639e-49
  4138  8.5642e-49
  4141  8.3681e-49
  4143  8.0370e-49
  4146  6.9619e-49
  4147  7.1199e-49
  4150  7.7018e-49
  4151  6.1973e-49
  4152  5.7140e-49
  4154  5.3159e-49
  4156  5.7126e-49
  4158  5.8250e-49
  4160  5.3407e-49
  4162  5.3819e-49
  4165  5.6494e-49
  4167  4.9135e-49
  4168  4.4320e-49
  4169  4.6761e-49
  4171  4.9940e-49
  4172  4.6839e-49
  4173  4.8937e-49
  4174  4.4608e-49
  4176  3.6575e-49
  4178  3.2464e-49
  4181  3.4067e-49
  4182  3.4836e-49
  4184  2.8830e-49
  4186  2.9054e-49
  4188  3.0962e-49
  4190  3.0819e-49
  4192  3.2739e-49
  4193  3.5917e-49
  4194  3.5007e-49
  4197  3.7928e-49
  4200  3.2669e-49
  4202  3.3180e-49
  4204  2.8281e-49
  4206  2.4157e-49
  4207  2.5312e-49
  4209  2.1760e-49
  4211  2.2050e-49
  4212  2.0721e-49
  4215  1.8671e-49
  4217  1.7230e-49
  4218  1.7973e-49
  4221  1.5676e-49
  4222  1.3583e-49
  4223  1.1629e-49
  4226  9.6722e-50
  4229  7.9190e-50
  4232  8.5226e-50
  4233  8.5388e-50
  4236  7.4704e-50
  4238  6.0451e-50
  4241  5.6652e-50
  4244  5.5551e-50
  4247  5.1523e-50
  4249  4.3956e-50
  4250  4.8047e-50
  4252  4.2409e-50
  4254  4.6057e-50
  4256  4.3306e-50
  4258  3.4851e-50
  4259  3.1575e-50
  4260  2.9356e-50
  4261  2.9578e-50
  4262  2.9532e-50
  4265  3.0622e-50
  4266  2.7765e-50
  4268  2.2877e-50
  4271  1.8887e-50
  4272  1.7161e-50
  4273  1.5115e-50
  4274  1.5460e-50
  4276  1.3656e-50
  4279  1.3526e-50
  4282  1.2389e-50
  4284  1.0476e-50
  4287  8.6591e-51
  4290  8.8187e-51
  4293  7.9436e-51
  4294  7.4290e-51
  4296  6.1332e-51
  4299  5.7749e-51
  4302  5.0892e-51
  4303  4.7050e-51
  4306  4.3604e-51
  4309  4.4102e-51
  4312  3.6552e-51
  4315  2.9482e-51
  4317  2.7742e-51
  4320  2.8129e-51
  4322  2.4422e-51
  4323  2.6256e-51
  4325  2.2596e-51
  4326  2.2336e-51
  4329  1.7887e-51
  4332  1.6526e-51
  4334  1.7072e-51
  4337  1.7616e-51
  4338  1.4771e-51
  4340  1.3749e-51
  4341  1.2855e-51
  4344  1.3159e-51
  4345  1.1999e-51
  4347  1.2772e-51
  4350  1.0514e-51
  4351  1.1304e-51
  4354  1.1490e-51
  4356  1.2027e-51
  4357  1.1283e-51
  4358  9.9278e-52
  4360  1.0255e-51
  4363  1.0761e-51
  4364  8.9535e-52
  4366  7.4958e-52
  4367  6.0400e-52
  4369  5.9733e-52
  4371  6.2743e-52
  4373  6.6253e-52
  4375  7.0836e-52
  4378  6.5074e-52
  4380  6.9967e-52
  4383  5.8068e-52
  4386  5.2944e-52
  4387  4.2387e-52
  4390  4.1808e-52
  4391  4.4636e-52
  4392  4.7509e-52
  4395  4.2497e-52
  4397  4.0236e-52
  4399  4.1750e-52
  4401  3.4286e-52
  4402  3.5349e-52
  4405  3.1858e-52
  4408  2.8830e-52
  4410  2.5807e-52
  4412  2.3935e-52
  4414  2.4616e-52
  4416  2.1494e-52
  4418  1.9176e-52
  4421  1.8230e-52
  4423  1.9804e-52
  4426  1.8050e-52
  4427  1.5857e-52
  4429  1.5112e-52
  4430  1.3553e-52
  4432  1.4871e-52
  4435  1.2340e-52
  4437  1.3421e-52
  4439  1.1618e-52
  4441  1.0460e-52
  4443  1.0270e-52
  4445  1.0881e-52
  4448  9.1125e-53
  4451  9.9086e-53
  4454  9.4943e-53
  4456  8.1220e-53
  4457  7.0343e-53
  4460  7.4407e-53
  4462  6.0569e-53
  4464  6.2805e-53
  4467  5.4233e-53
  4470  4.5703e-53
  4471  4.9238e-53
  4473  5.3605e-53
  4474  4.5174e-53
  4476  4.1317e-53
  4479  3.9692e-53
  4480  3.7692e-53
  4483  3.7977e-53
  4485  3.4562e-53
  4486  3.0130e-53
  4487  2.4859e-53
  4490  2.4688e-53
  4493  2.5127e-53
  4496  2.1933e-53
  4497  1.9948e-53
  4500  2.1303e-53
  4501  2.0589e-53
  4503  1.7941e-53
  4506  1.5733e-53
  4509  1.5636e-53
  4512  1.3357e-53
  4514  1.1823e-53
  4515  1.0577e-53
  4517  9.7141e-54
  4519  9.1101e-54
  4520  8.2383e-54
  4521  6.7275e-54
  4522  7.2395e-54
  4524  5.8833e-54
  4525  4.7691e-54
  4527  5.2410e-54
  4530  4.7380e-54
  4531  4.5095e-54
  4532  4.4015e-54
  4533  4.0189e-54
  4536  4.1193e-54
  4538  3.7609e-54
  4539  3.7275e-54
  4542  3.5367e-54
  4545  3.7751e-54
  4547  3.7590e-54
  4548  3.0226e-54
  4551  2.9702e-54
  4553  2.8242e-54
  4556  2.5676e-54
  4557  2.4480e-54
  4560  2.3050e-54
  4563  2.4016e-54
  4564  2.0836e-54
  4565  1.8818e-54
  4568  2.0262e-54
  4569  2.1115e-54
  4571  2.2864e-54
  4573  2.0916e-54
  4575  1.9189e-54
  4576  1.6321e-54
  4578  1.4705e-54
  4579  1.3714e-54
  4581  1.1852e-54
  4583  1.2567e-54
  4585  1.3715e-54
  4588  1.2689e-54
  4590  1.1358e-54
  4593  1.1805e-54
  4594  1.2834e-54
  4597  1.3885e-54
  4600  1.4251e-54
  4602  1.1978e-54
  4603  1.0171e-54
  4604  8.3574e-55
  4607  8.2694e-55
  4610  8.1378e-55
  4613  6.6424e-55
  4614  5.7887e-55
  4616  5.6792e-55
  4617  4.6350e-55
  4620  4.4066e-55
  4622  4.8260e-55
  4625  3.9795e-55
  4626  3.8029e-55
  4629  3.9019e-55
  4630  3.4818e-55
  4632  3.4142e-55
  4633  3.2432e-55
  4635  3.1043e-55
  4637  3.3305e-55
  4638  2.8261e-55
  4640  2.4735e-55
  4641  2.4312e-55
  4644  2.0421e-55
  4645  1.9514e-55
  4647  2.0894e-55
  4648  2.1437e-55
  4651  2.2806e-55
  4654  2.3258e-55
  4657  1.9900e-55
  4659  2.1877e-55
  4660  1.9080e-55
  4661  1.9174e-55
  4663  1.6833e-55
  4664  1.5585e-55
  4667  1.5774e-55
  4668  1.6462e-55
  4671  1.4299e-55
  4672  1.1565e-55
  4674  1.1078e-55
  4677  9.3908e-56
  4678  8.3418e-56
  4679  9.1109e-56
  4681  7.9438e-56
  4683  6.4027e-56
  4686  5.7585e-56
  4688  5.5358e-56
  4690  4.5843e-56
  4691  3.7424e-56
  4693  3.7636e-56
  4694  3.2015e-56
  4697  2.6632e-56
  4698  2.5708e-56
  4701  2.5948e-56
  4704  2.5648e-56
  4706  2.2768e-56
  4709  2.2093e-56
  4710  1.9605e-56
  4711  2.0720e-56
  4712  2.1965e-56
  4714  2.0645e-56
  4717  1.7857e-56
  4718  1.5695e-56
  4719  1.5072e-56
  4721  1.3307e-56
  4722  1.2188e-56
  4723  1.2818e-56
  4724  1.3959e-56
  4726  1.3631e-56
  4727  1.1973e-56
  4730  1.1653e-56
  4732  1.0596e-56
  4735  1.0337e-56
  4736  1.0598e-56
  4739  1.1622e-56
  4742  1.1304e-56
  4745  1.2354e-56
  4747  1.1384e-56
  4748  9.1248e-57
  4751  9.3311e-57
  4754  9.0690e-57
  4757  9.9202e-57
  4758  9.3254e-57
  4760  7.5900e-57
  4761  7.8659e-57
  4763  6.3662e-57
  4764  6.0589e-57
  4767  6.4382e-57
  4770  6.8773e-57
  4773  6.0553e-57
  4776  6.5443e-57
  4779  6.7404e-57
  4781  5.6851e-57
  4783  5.2445e-57
  4785  4.9659e-57
  4787  4.8892e-57
  4788  4.4934e-57
  4790  4.1865e-57
  4793  3.7861e-57
  4795  3.9253e-57
  4796  3.9643e-57
  4798  3.9544e-57
  4800  4.2038e-57
  4803  4.3336e-57
  4804  4.6784e-57
  4805  3.8816e-57
  4807  4.2401e-57
  4808  4.0225e-57
  4809  4.0480e-57
  4811  3.3673e-57
  4814  3.1358e-57
  4815  3.3571e-57
  4818  3.5918e-57
  4820  3.5489e-57
  4821  3.3198e-57
  4824  3.3503e-57
  4825  3.2073e-57
  4827  3.1850e-57
  4830  2.9981e-57
  4833  3.0202e-57
  4835  2.7375e-57
  4836  2.3995e-57
  4837  2.5539e-57
  4840  2.5572e-57
  4842  2.5431e-57
  4844  2.7502e-57
  4845  2.8167e-57
  4846  2.2946e-57
  4848  2.0029e-57
  4851  1.7674e-57
  4854  1.7783e-57
  4855  1.5932e-57
  4856  1.5656e-57
  4858  1.3644e-57
  4861  1.2915e-57
  4862  1.4128e-57
  4865  1.1540e-57
  4866  1.2461e-57
  4869  1.0225e-57
  4870  8.3960e-58
  4871  6.9742e-58
  4872  6.2433e-58
  4874  6.7490e-58
  4877  6.4720e-58
  4879  5.5823e-58
  4882  5.2172e-58
  4885  5.0168e-58
  4887  4.1446e-58
  4889  4.1877e-58
  4890  4.5519e-58
  4892  4.3234e-58
  4893  3.5101e-58
  4894  3.6342e-58
  4895  3.7779e-58
  4898  3.9824e-58
  4900  4.3723e-58
  4902  4.7653e-58
  4904  4.2523e-58
  4907  3.7504e-58
  4909  3.1509e-58
  4910  3.3285e-58
  4912  2.8538e-58
  4915  2.5777e-58
  4917  2.4021e-58
  4920  2.1384e-58
  4921  1.9879e-58
  4924  2.0569e-58
  4927  2.0627e-58
  4930  2.1781e-58
  4931  2.1771e-58
  4933  2.0879e-58
  4935  1.9768e-58
  4936  1.8612e-58
  4939  1.7295e-58
  4942  1.4955e-58
  4943  1.5347e-58
  4944  1.5394e-58
  4946  1.4702e-58
  4947  1.3674e-58
  4950  1.3358e-58
  4953  1.2141e-58
  4954  1.2960e-58
  4955  1.2507e-58
  4958  1.1301e-58
  4959  1.0386e-58
  4962  1.0798e-58
  4965  1.0247e-58
  4968  1.0322e-58
  4969  8.5531e-59
  4971  9.0497e-59
  4973  8.3219e-59
  4975  7.4324e-59
  4976  8.0093e-59
  4979  8.1788e-59
  4982  8.2185e-59
  4985  8.3922e-59
  4988  8.3225e-59
  4991  7.1277e-59
  4994  7.6036e-59
  4997  8.1327e-59
  4998  7.3963e-59
  5000  6.5560e-59
  5001  5.8849e-59
  5002  5.2091e-59
  5005  4.3689e-59
  5007  3.8597e-59
  5009  4.1343e-59
  5011  3.8230e-59
  5013  3.3264e-59
  5014  2.7975e-59
  5017  2.3768e-59
  5020  2.0822e-59
  5021  2.2802e-59
  5024  2.0322e-59
  5025  1.8452e-59
  5026  1.9961e-59
  5029  1.8205e-59
  5032  1.7796e-59
  5035  1.8499e-59
  5036  1.6649e-59
  5037  1.6993e-59
  5038  1.4281e-59
  5041  1.1890e-59
  5042  1.1431e-59
  5045  1.1017e-59
  5046  1.1759e-59
  5047  1.1985e-59
  5050  1.1843e-59
  5051  1.0934e-59
  5053  9.1204e-60
  5055  9.0534e-60
  5057  9.8594e-60
  5059  9.0614e-60
  5061  8.9826e-60
  5063  8.4268e-60
  5066  7.8473e-60
  5067  7.5072e-60
  5068  6.8935e-60
  5069  6.9408e-60
  5071  7.6135e-60
  5072  7.7844e-60
  5075  7.5307e-60
  5078  7.4429e-60
  5079  6.0231e-60
  5081  6.3657e-60
  5084  5.5397e-60
  5086  5.2239e-60
  5087  5.3593e-60
  5088  4.5936e-60
  5091  4.4697e-60
  5094  4.7466e-60
  5096  4.1855e-60
  5099  4.0564e-60
  5100  3.6349e-60
  5103  3.1391e-60
  5104  2.9522e-60
  5106  2.9330e-60
  5108  2.4430e-60
  5111  2.1486e-60
  5113  2.2915e-60
  5114  2.4602e-60
  5117  2.4535e-60
  5120  2.4844e-60
  5121  2.1131e-60
  5124  1.8461e-60
  5126  1.9750e-60
  5128  2.0570e-60
  5131  1.7639e-60
  5134  1.8619e-60
  5135  1.6479e-60
  5136  1.6227e-60
  5139  1.7292e-60
  5141  1.7099e-60
  5144  1.5707e-60
  5146  1.6992e-60
  5147  1.7373e-60
  5150  1.6997e-60
  5151  1.8618e-60
  5153  1.8220e-60
  5154  1.6868e-60
  5157  1.8089e-60
  5160  1.9882e-60
  5161  1.5984e-60
  5164  1.5189e-60
  5167  1.4136e-60
  5169  1.5506e-60
  5171  1.6312e-60
  5173  1.6832e-60
  5176  1.4099e-60
  5179  1.4496e-60
  5182  1.2294e-60
  5185  1.2909e-60
  5188  1.1603e-60
  5189  1.1310e-60
  5191  1.1370e-60
  5194  9.2775e-61
  5195  1.0127e-60
  5198  1.0918e-60
  5200  1.0445e-60
  5202  1.0358e-60
  5203  8.9583e-61
  5206  8.1015e-61
  5208  6.5443e-61
  5211  5.9969e-61
  5213  5.8130e-61
  5214  5.5187e-61
  5216  5.9860e-61
  5218  5.8507e-61
  5221  4.7957e-61
  5224  4.7708e-61
  5226  3.8433e-61
  5229  4.1686e-61
  5231  4.4340e-61
  5232  4.3943e-61
  5234  4.4304e-61
  5236  3.7062e-61
  5238  3.8259e-61
  5240  4.0108e-61
  5241  3.2689e-61
  5243  3.0594e-61
  5245  2.6509e-61
  5246  2.2585e-61
  5247  1.8435e-61
  5248  1.9151e-61
  5250  2.0188e-61
  5253  1.7069e-61
  5256  1.6146e-61
  5259  1.2965e-61
  5260  1.4218e-61
  5262  1.1871e-61
  5264  1.0869e-61
  5266  1.1496e-61
  5269  1.2449e-61
  5270  1.1049e-61
  5272  9.6350e-62
  5275  9.5977e-62
  5277  9.5018e-62
  5280  8.1268e-62
  5283  7.5386e-62
  5284  8.0371e-62
  5286  6.5375e-62
  5289  6.7763e-62
  5291  6.9213e-62
  5294  5.8672e-62
  5295  5.7518e-62
  5298  4.6627e-62
  5299  3.8434e-62
  5301  3.2658e-62
  5303  3.3033e-62
  5306  3.4186e-62
  5307  2.8127e-62
  5308  2.4809e-62
  5309  2.2518e-62
  5312  2.2616e-62
  5315  2.1340e-62
  5318  2.0331e-62
  5321  2.1770e-62
  5322  2.0319e-62
  5324  1.6980e-62
  5325  1.6995e-62
  5326  1.4557e-62
  5328  1.3363e-62
  5331  1.3756e-62
  5333  1.2833e-62
  5336  1.3132e-62
  5337  1.3475e-62
  5339  1.4295e-62
  5341  1.4383e-62
  5342  1.2676e-62
  5344  1.3168e-62
  5347  1.3339e-62
  5349  1.4314e-62
  5351  1.2374e-62
  5352  1.2916e-62
  5354  1.2524e-62
  5357  1.0325e-62
  5360  1.0236e-62
  5362  8.9888e-63
  5364  7.7441e-63
  5366  8.4483e-63
  5368  8.2224e-63
  5369  8.7487e-63
  5371  7.0619e-63
  5373  5.6815e-63
  5374  5.4005e-63
  5375  4.4362e-63
  5377  3.7348e-63
  5379  3.3656e-63
  5382  3.0897e-63
  5383  3.2509e-63
  5386  2.8339e-63
  5387  2.5535e-63
  5390  2.2150e-63
  5391  1.8394e-63
  5393  1.7555e-63
  5396  1.5130e-63
  5397  1.3612e-63
  5399  1.2835e-63
  5402  1.3306e-63
  5404  1.4546e-63
  5407  1.3651e-63
  5410  1.3550e-63
  5411  1.2089e-63
  5413  9.7175e-64
  5415  8.9532e-64
  5416  8.0903e-64
  5418  6.8603e-64
  5419  6.6522e-64
  5422  7.2412e-64
  5423  7.1119e-64
  5425  6.1032e-64
  5428  6.4115e-64
  5429  6.8668e-64
  5432  7.3764e-64
  5434  7.9695e-64
  5435  7.2848e-64
  5438  7.3542e-64
  5441  6.8422e-64
  5442  5.7760e-64
  5445  4.7807e-64
  5446  4.5759e-64
  5447  5.0111e-64
  5448  4.4449e-64
  5449  4.1488e-64
  5450  3.5253e-64
  5452  3.7051e-64
  5453  3.4324e-64
  5455  3.1371e-64
  5457  3.1785e-64
  5460  2.7938e-64
  5463  2.8148e-64
  5465  2.9601e-64
  5466  3.2111e-64
  5467  2.8164e-64
  5470  2.7765e-64
  5473  2.6299e-64
  5474  2.3741e-64
  5477  2.0694e-64
  5480  2.1336e-64
  5482  2.3104e-64
  5485  2.0693e-64
  5488  1.9051e-64
  5489  2.0374e-64
  5492  1.6668e-64
  5495  1.8026e-64
  5497  1.7033e-64
  5499  1.5095e-64
  5500  1.3264e-64
  5502  1.3920e-64
  5503  1.3374e-64
  5504  1.4051e-64
  5506  1.3403e-64
  5507  1.2745e-64
  5509  1.1248e-64
  5510  9.2967e-65
  5511  1.0204e-64
  5513  8.2324e-65
  5516  8.4465e-65
  5518  7.0995e-65
  5520  6.7477e-65
  5523  5.4104e-65
  5525  5.7284e-65
  5527  5.0232e-65
  5529  4.2191e-65
  5531  3.4116e-65
  5532  3.1624e-65
  5535  2.7480e-65
  5536  2.5295e-65
  5538  2.5755e-65
  5540  2.2688e-65
  5542  1.8991e-65
  5543  1.6868e-65
  5545  1.7914e-65
  5546  1.8842e-65
  5547  1.7586e-65
  5549  1.7413e-65
  5552  1.4985e-65
  5553  1.2535e-65
  5555  1.2228e-65
  5556  1.0871e-65
  5558  1.1421e-65
  5559  1.0912e-65
  5562  1.1492e-65
  5563  9.2769e-66
  5565  7.7727e-66
  5566  7.9673e-66
  5568  8.3457e-66
  5570  7.1768e-66
  5573  5.8668e-66
  5574  5.3264e-66
  5577  5.4019e-66
  5578  5.3943e-66
  5580  4.8319e-66
  5583  4.9029e-66
  5584  4.8756e-66
  5587  4.5772e-66
  5590  3.7751e-66
  5591  3.8488e-66
  5593  3.3128e-66
  5596  2.7716e-66
  5598  2.4364e-66
  5599  1.9513e-66
  5600  2.0859e-66
  5602  2.1388e-66
  5604  1.9373e-66
  5607  1.7092e-66
  5610  1.7214e-66
  5611  1.4207e-66
  5612  1.4049e-66
  5614  1.3851e-66
  5616  1.2194e-66
  5618  1.0417e-66
  5620  9.5737e-67
  5623  9.5178e-67
  5626  8.5348e-67
  5627  9.2730e-67
  5629  9.0829e-67
  5632  8.3214e-67
  5633  7.1004e-67
  5635  7.1878e-67
  5636  5.8460e-67
  5637  5.5649e-67
  5638  5.1028e-67
  5641  4.5817e-67
  5644  4.2406e-67
  5647  3.8538e-67
  5650  3.4176e-67
  5652  3.0004e-67
  5653  2.5732e-67
  5656  2.8266e-67
  5659  2.7238e-67
  5660  2.9055e-67
  5663  2.6475e-67
  5666  2.5836e-67
  5667  2.8318e-67
  5669  2.2941e-67
  5670  2.4073e-67
  5672  2.1740e-67
  5674  1.8350e-67
  5675  1.9170e-67
  5677  1.7117e-67
  5678  1.5163e-67
  5681  1.5594e-67
  5682  1.5921e-67
  5683  1.3451e-67
  5684  1.3088e-67
  5686  1.4066e-67
  5689  1.2757e-67
  5692  1.0451e-67
  5694  9.4214e-68
  5697  7.8435e-68
  5698  6.9818e-68
  5700  7.1038e-68
  5702  5.9049e-68
  5705  6.4317e-68
  5707  5.4718e-68
  5709  4.4868e-68
  5710  4.0051e-68
  5713  4.2551e-68
  5716  4.0481e-68
  5717  3.3886e-68
  5718  3.1670e-68
  5721  3.3917e-68
  5722  3.0091e-68
  5724  2.7702e-68
  5725  2.5535e-68
  5726  2.4970e-68
  5729  2.1869e-68
  5730  1.9424e-68
  5732  1.5849e-68
  5735  1.7210e-68
  5736  1.6856e-68
  5739  1.8451e-68
  5742  1.7960e-68
  5745  1.5344e-68
  5746  1.4189e-68
  5749  1.3974e-68
  5752  1.2082e-68
  5753  1.1647e-68
  5754  1.1564e-68
  5756  1.2427e-68
  5758  1.2233e-68
  5761  1.1575e-68
  5762  1.1265e-68
  5764  9.1553e-69
  5767  9.2705e-69
  5770  9.6419e-69
  5771  7.9494e-69
  5774  7.3796e-69
  5777  6.0582e-69
  5780  5.8261e-69
  5782  5.3171e-69
  5784  5.7525e-69
  5785  5.8494e-69
  5787  5.0497e-69
  5789  4.5119e-69
  5790  4.0033e-69
  5791  3.2084e-69
  5792  3.0067e-69
  5795  2.7965e-69
  5797  2.7107e-69
  5798  2.7083e-69
  5801  2.3972e-69
  5802  2.6258e-69
  5804  2.2874e-69
  5806  2.0128e-69
  5807  1.6835e-69
  5809  1.5597e-69
  5811  1.6562e-69
  5813  1.7834e-69
  5814  1.9314e-69
  5817  2.0165e-69
  5819  1.7125e-69
  5820  1.6485e-69
  5821  1.6252e-69
  5822  1.3535e-69
  5824  1.2495e-69
  5826  1.3216e-69
  5828  1.3505e-69
  5831  1.4058e-69
  5834  1.1776e-69
  5835  1.1551e-69
  5837  1.0061e-69
  5838  1.0346e-69
  5840  9.1694e-70
  5842  9.3230e-70
  5844  9.0886e-70
  5846  9.0456e-70
  5848  7.9827e-70
  5850  8.5138e-70
  5852  7.9290e-70
  5855  6.6688e-70
  5856  5.5123e-70
  5857  4.4369e-70
  5859  4.8588e-70
  5861  3.9529e-70
  5862  4.0194e-70
  5864  3.4104e-70
  5865  2.8100e-70
  5867  2.9119e-70
  5869  2.9643e-70
  5872  3.1289e-70
  5875  3.2752e-70
  5878  3.3882e-70
  5880  3.3296e-70
  5883  3.1623e-70
  5884  2.8051e-70
  5885  2.8851e-70
  5887  2.8692e-70
  5889  2.5405e-70
  5890  2.1443e-70
  5893  1.7771e-70
  5896  1.9322e-70
  5899  1.5568e-70
  5902  1.2674e-70
  5904  1.2814e-70
  5905  1.0408e-70
  5907  9.5287e-71
  5909  7.7914e-71
  5910  8.3445e-71
  5912  8.2555e-71
  5914  7.7973e-71
  5917  7.3604e-71
  5920  7.4072e-71
  5922  7.9647e-71
  5925  7.5332e-71
  5926  6.5701e-71
  5927  5.3806e-71
  5928  4.4680e-71
  5930  3.9338e-71
  5933  4.2404e-71
  5936  3.6179e-71
  5939  3.5562e-71
  5940  3.7969e-71
  5942  3.6566e-71
  5945  3.4319e-71
  5947  3.6455e-71
  5949  3.9794e-71
  5951  3.6458e-71
  5953  3.3412e-71
  5955  3.5193e-71
  5957  3.3543e-71
  5959  2.8910e-71
  5960  2.3937e-71
  5963  2.4146e-71
  5966  1.9562e-71
  5968  2.1275e-71
  5970  1.9803e-71
  5972  1.6136e-71
  5973  1.6961e-71
  5974  1.8629e-71
  5976  1.6167e-71
  5978  1.3523e-71
  5980  1.3699e-71
  5981  1.4659e-71
  5984  1.4931e-71
  5986  1.2714e-71
  5988  1.3609e-71
  5989  1.4563e-71
  5992  1.4259e-71
  5994  1.4702e-71
  5995  1.1834e-71
  5998  1.1679e-71
