     1  1.0000e+02
     3  1.0756e+02
     4  9.8957e+01
     5  8.7846e+01
     6  8.8149e+01
     8  7.4507e+01
    10  6.1107e+01
    13  5.5276e+01
    15  6.0768e+01
    17  6.1523e+01
    18  6.2349e+01
    21  6.0598e+01
    23  6.4168e+01
    24  5.6687e+01
    27  5.7682e+01
    29  5.0635e+01
    31  4.8891e+01
    33  5.1472e+01
    34  4.1534e+01
    35  3.3551e+01
    36  3.6326e+01
    39  3.2196e+01
    42  3.1927e+01
    44  2.8430e+01
    45  2.5112e+01
    46  2.6311e+01
    47  2.4325e+01
    50  2.5594e+01
    52  2.5720e+01
    54  2.7644e+01
    55  2.6555e+01
    58  2.7464e+01
    61  2.3578e+01
    63  2.4053e+01
    65  2.0230e+01
    66  2.0320e+01
    67  1.9026e+01
    68  2.0443e+01
    71  1.9210e+01
    74  1.8223e+01
    77  1.4968e+01
    78  1.4994e+01
    80  1.5730e+01
    81  1.5823e+01
    83  1.6725e+01
    85  1.7621e+01
    87  1.8977e+01
    90  2.0178e+01
    93  1.9017e+01
    95  1.7443e+01
    98  1.8951e+01
   100  1.9000e+01
   102  1.6862e+01
   104  1.4282e+01
   107  1.3901e+01
   108  1.2313e+01
   109  1.1966e+01
   111  1.0443e+01
   113  8.6040e+00
   116  8.4408e+00
   119  6.8395e+00
   121  6.6109e+00
   123  6.7942e+00
   125  6.0057e+00
   127  6.5719e+00
   130  5.4664e+00
   132  5.5180e+00
   135  5.8042e+00
   136  5.6632e+00
   139  4.9080e+00
   140  5.1377e+00
   141  4.8292e+00
   142  5.2164e+00
   144  5.1245e+00
   145  4.6346e+00
   146  3.9543e+00
   149  4.2173e+00
   151  3.7967e+00
   153  3.3320e+00
   156  3.1392e+00
   157  2.5913e+00
   158  2.4873e+00
   161  2.2208e+00
   163  2.1200e+00
   165  1.8095e+00
   166  1.6016e+00
   167  1.3125e+00
   168  1.3987e+00
   170  1.4407e+00
   171  1.5397e+00
   174  1.6208e+00
   177  1.4119e+00
   179  1.4230e+00
   181  1.2495e+00
   183  1.2289e+00
   184  1.3504e+00
   186  1.3286e+00
   189  1.2726e+00
   191  1.3893e+00
   192  1.1918e+00
   194  1.2400e+00
   196  1.1338e+00
   199  9.1885e-01
   200  7.4303e-01
   203  6.7905e-01
   204  6.2886e-01
   205  5.6781e-01
   208  6.0403e-01
   209  5.6899e-01
   211  5.6257e-01
   212  5.0934e-01
   215  4.2359e-01
   217  4.0330e-01
   218  3.7932e-01
   220  4.1547e-01
   223  4.1497e-01
   225  4.2946e-01
   227  4.4408e-01
   230  4.3899e-01
   233  4.1580e-01
   236  3.5389e-01
   238  3.6476e-01
   239  3.8552e-01
   240  3.6782e-01
   241  3.3336e-01
   242  3.1830e-01
   245  3.3938e-01
   246  3.7071e-01
   249  3.7204e-01
   250  3.3230e-01
   253  2.8734e-01
   254  2.7617e-01
   256  2.9695e-01
   257  2.9042e-01
   260  2.4625e-01
   262  2.4755e-01
   263  2.6498e-01
   265  2.8521e-01
   267  2.3245e-01
   270  2.3357e-01
   272  2.2437e-01
   273  2.4539e-01
   275  2.6605e-01
   277  2.2956e-01
   278  1.9707e-01
   281  1.9653e-01
   284  1.7258e-01
   287  1.7920e-01
   290  1.6055e-01
   291  1.3624e-01
   293  1.4207e-01
   296  1.2162e-01
   297  1.0292e-01
   299  1.1005e-01
   302  9.8865e-02
   303  9.4483e-02
   305  8.4760e-02
   308  7.5078e-02
   309  6.3000e-02
   310  6.7073e-02
   313  6.0662e-02
   316  5.4693e-02
   318  5.1501e-02
   320  4.1780e-02
   323  3.3776e-02
   324  3.0433e-02
   327  3.3385e-02
   328  3.6241e-02
   331  2.9701e-02
   334  2.7847e-02
   335  3.0342e-02
   337  2.8611e-02
   340  2.3368e-02
   342  1.9154e-02
   343  1.8916e-02
   346  1.5529e-02
   349  1.3154e-02
   352  1.2989e-02
   354  1.2731e-02
   355  1.3870e-02
   357  1.1599e-02
   360  1.1369e-02
   361  9.7810e-03
   364  8.1270e-03
   366  7.5624e-03
   369  7.1908e-03
   370  7.2016e-03
   371  7.8736e-03
   373  7.9470e-03
   375  6.8270e-03
   377  6.3117e-03
   378  6.0519e-03
   379  5.6362e-03
   380  5.5839e-03
   381  4.6881e-03
   382  4.8733e-03
   383  4.8947e-03
   386  5.3540e-03
   387  5.8318e-03
   389  5.0871e-03
   390  4.6357e-03
   391  5.0266e-03
   392  5.2358e-03
   393  4.8278e-03
   395  4.5741e-03
   398  4.3038e-03
   399  4.1088e-03
   402  4.3319e-03
   405  4.6395e-03
   408  4.4720e-03
   409  3.6671e-03
   410  3.0293e-03
   412  2.4403e-03
   413  2.2598e-03
   416  1.8806e-03
   419  2.0355e-03
   421  1.8839e-03
   423  1.6304e-03
   424  1.3805e-03
   426  1.4889e-03
   429  1.2245e-03
   431  1.0346e-03
   433  1.0911e-03
   436  1.1364e-03
   439  9.2823e-04
   441  7.9062e-04
   442  8.0751e-04
   443  8.4210e-04
   445  8.5418e-04
   447  9.3649e-04
   450  8.9997e-04
   452  7.5782e-04
   455  6.5388e-04
   457  5.7811e-04
   458  6.1647e-04
   459  6.1918e-04
   462  5.7425e-04
   463  4.9110e-04
   466  5.2451e-04
   467  5.0643e-04
   468  5.0639e-04
   469  5.3528e-04
   472  4.8935e-04
   474  5.2634e-04
   475  4.4860e-04
   477  4.0273e-04
   478  3.5680e-04
   479  3.4368e-04
   482  3.4402e-04
   483  3.6762e-04
   484  3.9916e-04
   486  3.5526e-04
   488  3.6667e-04
   490  3.1849e-04
   492  3.2114e-04
   495  3.4483e-04
   498  3.3153e-04
   499  3.5865e-04
   500  3.1927e-04
   503  3.2402e-04
   506  3.3745e-04
   507  3.6507e-04
   509  3.9284e-04
   512  3.1804e-04
   515  2.8171e-04
   517  2.3677e-04
   518  1.9174e-04
   520  1.5801e-04
   522  1.4527e-04
   525  1.4354e-04
   527  1.2183e-04
   529  1.1303e-04
   530  1.1803e-04
   532  1.0041e-04
   535  9.2767e-05
   537  8.8849e-05
   540  8.9483e-05
   543  9.4746e-05
   544  9.1589e-05
   546  9.7089e-05
   549  8.2634e-05
   552  8.6315e-05
   555  8.3890e-05
   558  8.7208e-05
   561  8.6857e-05
   564  8.7225e-05
   567  7.4455e-05
   568  6.2907e-05
   570  5.5137e-05
   572  5.1277e-05
   573  4.9995e-05
   574  4.2499e-05
   576  4.6430e-05
   577  4.5452e-05
   580  4.6772e-05
   581  4.7438e-05
   582  4.1910e-05
   585  3.7915e-05
   588  3.6997e-05
   589  3.6972e-05
   591  3.8120e-05
   594  3.4562e-05
   595  2.8610e-05
   598  2.3492e-05
   599  2.0362e-05
   601  2.1220e-05
   604  1.9262e-05
   606  1.5819e-05
   608  1.6858e-05
   611  1.7455e-05
   614  1.6643e-05
   615  1.7097e-05
   618  1.7516e-05
   619  1.8251e-05
   622  1.5401e-05
   623  1.5733e-05
   626  1.7202e-05
   627  1.6238e-05
   629  1.7084e-05
   630  1.7118e-05
   633  1.4999e-05
   634  1.4185e-05
   637  1.4078e-05
   639  1.5172e-05
   640  1.3935e-05
   643  1.3999e-05
   644  1.4643e-05
   645  1.5080e-05
   646  1.5384e-05
   649  1.5215e-05
   650  1.5772e-05
   651  1.5301e-05
   653  1.2983e-05
   656  1.4060e-05
   657  1.2420e-05
   660  1.1416e-05
   663  1.0448e-05
   666  1.1166e-05
   668  9.1355e-06
   670  8.6210e-06
   673  7.3827e-06
   675  8.0558e-06
   676  8.6314e-06
   678  8.9612e-06
   681  9.7802e-06
   682  9.5401e-06
   684  9.6286e-06
   685  7.8820e-06
   686  8.2543e-06
   688  7.3923e-06
   690  7.9833e-06
   692  7.4687e-06
   695  7.4676e-06
   696  8.1876e-06
   699  8.5260e-06
   700  8.9688e-06
   703  8.8006e-06
   704  7.8791e-06
   706  8.5472e-06
   707  8.9161e-06
   708  8.5966e-06
   709  7.8497e-06
   710  7.7570e-06
   712  8.0533e-06
   713  6.4854e-06
   714  5.4275e-06
   716  4.3780e-06
   718  3.9347e-06
   721  3.9549e-06
   722  3.9397e-06
   725  3.7926e-06
   728  3.3861e-06
   731  3.2183e-06
   732  2.8622e-06
   733  2.5907e-06
   734  2.2587e-06
   735  1.9742e-06
   736  1.7676e-06
   738  1.4958e-06
   740  1.2892e-06
   743  1.1474e-06
   746  1.1033e-06
   747  9.8234e-07
   750  8.9053e-07
   751  7.9655e-07
   753  7.0322e-07
   754  6.7903e-07
   756  5.6475e-07
   757  5.6235e-07
   759  4.8874e-07
   760  4.1549e-07
   763  3.7185e-07
   765  3.3174e-07
   768  3.3920e-07
   770  3.1070e-07
   772  2.6444e-07
   773  2.2634e-07
   776  2.1577e-07
   779  2.1348e-07
   781  1.7889e-07
   783  1.7142e-07
   785  1.7194e-07
   786  1.5929e-07
   789  1.6964e-07
   792  1.4609e-07
   795  1.2576e-07
   798  1.3105e-07
   799  1.3372e-07
   802  1.0928e-07
   803  9.2323e-08
   804  9.9128e-08
   807  8.3646e-08
   809  8.5928e-08
   811  6.9038e-08
   814  5.9644e-08
   816  4.9805e-08
   818  5.0808e-08
   819  4.7341e-08
   820  4.8167e-08
   821  4.9731e-08
   824  5.2507e-08
   826  4.6527e-08
   828  4.9658e-08
   829  4.8854e-08
   830  5.0169e-08
   833  5.4454e-08
   836  5.3748e-08
   838  5.4527e-08
   840  5.1150e-08
   842  4.4368e-08
   844  4.3808e-08
   846  3.9992e-08
   847  3.7701e-08
   849  3.3541e-08
   851  3.1166e-08
   854  2.5817e-08
   857  2.1949e-08
   858  1.9260e-08
   861  2.0683e-08
   862  2.0692e-08
   864  1.8196e-08
   867  1.6362e-08
   870  1.7585e-08
   871  1.6663e-08
   873  1.6712e-08
   875  1.4149e-08
   877  1.2964e-08
   880  1.1939e-08
   882  1.1207e-08
   885  1.1972e-08
   886  1.2967e-08
   888  1.3102e-08
   890  1.1944e-08
   892  1.0815e-08
   894  9.3430e-09
   895  9.7271e-09
   897  8.6711e-09
   900  9.2887e-09
   901  8.9086e-09
   904  7.8095e-09
   906  8.3163e-09
   907  7.2516e-09
   910  7.3370e-09
   913  6.9576e-09
   915  7.3974e-09
   917  7.7602e-09
   918  7.4001e-09
   920  6.2977e-09
   923  6.3066e-09
   924  5.9165e-09
   926  6.0100e-09
   928  6.2437e-09
   930  5.9843e-09
   933  5.5043e-09
   936  5.2562e-09
   938  4.9271e-09
   941  4.2859e-09
   944  4.4170e-09
   945  4.5533e-09
   947  4.9916e-09
   948  4.7073e-09
   949  4.0116e-09
   950  3.3672e-09
   952  3.1514e-09
   953  2.9372e-09
   955  2.6921e-09
   956  2.8325e-09
   957  2.9756e-09
   958  2.7927e-09
   960  2.5128e-09
   961  2.3588e-09
   963  2.0512e-09
   964  1.8120e-09
   966  1.8283e-09
   967  1.7994e-09
   970  1.6998e-09
   973  1.4568e-09
   975  1.4078e-09
   978  1.5120e-09
   981  1.3794e-09
   983  1.1221e-09
   984  1.0255e-09
   986  1.0301e-09
   988  8.8006e-10
   990  7.2802e-10
   993  7.1176e-10
   996  6.5757e-10
   998  5.8635e-10
   999  4.8944e-10
  1002  4.5494e-10
  1004  4.3694e-10
  1007  4.1895e-10
  1010  3.6528e-10
  1012  3.0660e-10
  1015  2.6417e-10
  1016  2.4017e-10
  1018  2.6058e-10
  1019  2.1561e-10
  1022  2.2607e-10
  1023  2.2418e-10
  1024  1.9602e-10
  1025  1.9092e-10
  1026  1.9884e-10
  1028  1.7109e-10
  1029  1.8236e-10
  1031  2.0047e-10
  1034  1.7361e-10
  1036  1.8340e-10
  1038  1.9805e-10
  1039  1.7008e-10
  1042  1.5734e-10
  1045  1.6964e-10
  1046  1.6772e-10
  1048  1.5759e-10
  1050  1.5998e-10
  1052  1.2880e-10
  1054  1.2186e-10
  1056  1.0938e-10
  1057  9.9209e-11
  1059  8.0053e-11
  1061  8.1859e-11
  1063  8.3220e-11
  1064  9.0929e-11
  1066  8.3742e-11
  1069  8.0563e-11
  1072  7.7962e-11
  1074  7.5221e-11
  1075  7.5576e-11
  1077  6.6084e-11
  1080  6.3790e-11
  1081  5.7423e-11
  1083  5.0123e-11
  1084  4.7142e-11
  1086  4.5677e-11
  1088  4.9956e-11
  1089  5.4794e-11
  1091  5.7636e-11
  1092  5.2878e-11
  1095  5.3192e-11
  1098  4.3655e-11
  1099  4.7727e-11
  1101  4.1096e-11
  1103  3.7415e-11
  1104  3.1277e-11
  1106  2.6998e-11
  1109  2.3314e-11
  1111  2.4420e-11
  1112  1.9648e-11
  1115  1.6397e-11
  1118  1.5525e-11
  1120  1.2653e-11
  1121  1.3122e-11
  1122  1.3421e-11
  1124  1.2630e-11
  1125  1.1266e-11
  1126  1.2366e-11
  1129  1.0682e-11
  1132  9.2392e-12
  1135  8.1736e-12
  1137  7.6480e-12
  1138  6.4361e-12
  1140  6.6746e-12
  1141  6.1954e-12
  1142  6.4081e-12
  1144  5.3083e-12
  1147  4.8979e-12
  1150  4.1108e-12
  1151  3.8935e-12
  1152  3.8860e-12
  1153  3.2652e-12
  1154  2.8959e-12
  1157  2.6920e-12
  1160  2.5675e-12
  1163  2.3617e-12
  1164  2.5053e-12
  1167  2.5549e-12
  1169  2.0804e-12
  1171  1.7563e-12
  1173  1.4419e-12
  1174  1.4765e-12
  1177  1.3318e-12
  1180  1.2346e-12
  1182  1.2587e-12
  1183  1.0184e-12
  1185  8.2373e-13
  1188  7.1863e-13
  1190  6.5771e-13
  1193  7.1810e-13
  1196  7.2086e-13
  1197  6.3496e-13
  1199  6.7350e-13
  1200  7.2786e-13
  1202  7.8730e-13
  1204  7.6298e-13
  1207  8.1491e-13
  1209  8.7018e-13
  1210  8.7252e-13
  1211  8.3622e-13
  1212  8.9283e-13
  1214  9.3514e-13
  1217  9.9919e-13
  1219  9.9074e-13
  1222  9.5924e-13
  1225  9.7269e-13
  1228  9.6639e-13
  1229  7.9041e-13
  1232  6.6169e-13
  1234  5.4674e-13
  1237  5.6760e-13
  1239  5.0565e-13
  1242  4.0630e-13
  1243  4.4378e-13
  1244  4.6300e-13
  1245  4.3960e-13
  1246  3.9594e-13
  1247  3.4344e-13
  1249  3.0954e-13
  1250  3.3818e-13
  1253  3.1414e-13
  1254  2.6555e-13
  1256  2.1845e-13
  1259  2.2540e-13
  1261  2.0962e-13
  1262  1.7760e-13
  1264  1.7327e-13
  1265  1.5770e-13
  1268  1.6962e-13
  1270  1.6139e-13
  1271  1.5676e-13
  1274  1.6711e-13
  1275  1.3412e-13
  1278  1.2577e-13
  1281  1.2607e-13
  1282  1.2530e-13
  1283  1.3279e-13
  1286  1.3448e-13
  1288  1.4252e-13
  1289  1.5450e-13
  1290  1.2521e-13
  1292  1.1119e-13
  1294  1.0809e-13
  1295  1.0299e-13
  1297  9.1480e-14
  1299  8.8872e-14
  1300  8.9391e-14
  1303  8.2592e-14
  1306  8.3977e-14
  1309  7.7800e-14
  1311  6.4909e-14
  1313  5.6826e-14
  1315  5.5079e-14
  1317  4.5181e-14
  1318  4.7577e-14
  1319  5.0853e-14
  1320  5.5738e-14
  1322  5.0539e-14
  1325  5.0824e-14
  1326  4.7229e-14
  1329  3.9782e-14
  1331  3.5719e-14
  1333  3.3685e-14
  1335  3.2819e-14
  1338  2.6725e-14
  1340  2.5437e-14
  1342  2.6014e-14
  1343  2.5810e-14
  1344  2.6217e-14
  1346  2.3334e-14
  1348  2.0069e-14
  1349  2.0489e-14
  1351  1.6628e-14
  1354  1.4116e-14
  1356  1.5350e-14
  1357  1.3843e-14
  1358  1.2548e-14
  1361  1.0501e-14
  1363  1.0929e-14
  1366  1.0395e-14
  1367  1.0154e-14
  1369  1.1005e-14
  1370  1.1620e-14
  1372  1.1297e-14
  1374  9.5222e-15
  1376  9.8759e-15
  1379  9.8092e-15
  1380  1.0213e-14
  1382  1.0881e-14
  1385  1.0545e-14
  1388  8.7859e-15
  1391  9.2722e-15
  1394  9.2376e-15
  1395  8.4585e-15
  1397  7.7314e-15
  1400  6.7194e-15
  1402  7.3486e-15
  1404  6.0363e-15
  1407  5.7157e-15
  1409  5.6930e-15
  1412  4.7079e-15
  1415  3.8685e-15
  1417  3.8527e-15
  1418  4.1256e-15
  1420  3.5332e-15
  1423  3.7787e-15
  1424  3.2730e-15
  1427  2.8689e-15
  1429  2.3073e-15
  1431  2.3312e-15
  1432  2.4596e-15
  1434  2.4106e-15
  1435  2.3761e-15
  1436  1.9802e-15
  1438  2.1387e-15
  1439  1.7812e-15
  1442  1.4249e-15
  1444  1.4562e-15
  1447  1.1692e-15
  1448  1.2162e-15
  1451  1.1031e-15
  1452  1.0455e-15
  1455  8.4560e-16
  1458  7.4902e-16
  1460  7.5769e-16
  1462  7.3500e-16
  1464  6.3869e-16
  1466  6.4775e-16
  1469  5.6432e-16
  1471  4.9075e-16
  1473  4.9973e-16
  1476  4.1821e-16
  1479  4.2871e-16
  1481  4.0624e-16
  1482  3.9866e-16
  1485  4.1507e-16
  1487  4.3411e-16
  1490  4.0677e-16
  1493  4.1591e-16
  1496  3.3932e-16
  1498  3.4684e-16
  1500  3.5741e-16
  1502  2.9283e-16
  1505  2.7036e-16
  1508  2.4561e-16
  1511  2.6410e-16
  1512  2.3981e-16
  1515  2.4568e-16
  1517  2.5814e-16
  1519  2.7347e-16
  1520  2.2823e-16
  1523  2.0209e-16
  1524  1.9212e-16
  1526  1.5694e-16
  1528  1.5105e-16
  1530  1.3714e-16
  1531  1.4414e-16
  1534  1.2129e-16
  1536  1.2766e-16
  1537  1.2170e-16
  1539  1.0974e-16
  1542  9.1903e-17
  1543  7.6572e-17
  1544  6.1732e-17
  1547  6.6327e-17
  1548  6.0439e-17
  1550  5.0419e-17
  1552  5.1457e-17
  1553  5.2365e-17
  1554  4.4792e-17
  1556  4.1348e-17
  1558  3.6544e-17
  1559  3.9239e-17
  1562  3.7207e-17
  1563  3.8944e-17
  1566  4.1835e-17
  1569  3.7565e-17
  1570  3.6210e-17
  1571  3.6644e-17
  1572  3.2125e-17
  1575  2.9285e-17
  1578  2.5252e-17
  1581  2.5656e-17
  1582  2.8098e-17
  1583  2.8186e-17
  1585  2.3477e-17
  1588  2.3151e-17
  1590  1.9149e-17
  1593  1.7628e-17
  1596  1.5749e-17
  1597  1.4691e-17
  1600  1.2698e-17
  1602  1.0502e-17
  1603  8.5822e-18
  1606  8.9065e-18
  1609  7.8793e-18
  1611  6.3072e-18
  1612  6.8982e-18
  1615  6.8924e-18
  1616  5.5552e-18
  1618  5.1584e-18
  1620  4.8870e-18
  1621  4.0561e-18
  1624  3.6590e-18
  1626  4.0103e-18
  1629  4.0968e-18
  1630  3.8484e-18
  1631  3.7473e-18
  1632  3.6766e-18
  1633  3.7506e-18
  1635  3.2949e-18
  1636  3.5468e-18
  1637  3.5787e-18
  1640  3.3559e-18
  1643  3.1087e-18
  1645  3.0303e-18
  1646  3.2236e-18
  1647  3.1116e-18
  1650  2.7273e-18
  1653  2.8344e-18
  1656  3.0793e-18
  1659  2.7294e-18
  1662  2.8652e-18
  1665  2.7120e-18
  1666  2.6339e-18
  1669  2.2256e-18
  1672  2.0241e-18
  1673  1.6533e-18
  1675  1.6509e-18
  1677  1.7035e-18
  1679  1.4102e-18
  1680  1.4035e-18
  1682  1.4727e-18
  1684  1.4278e-18
  1687  1.3460e-18
  1689  1.1517e-18
  1692  1.0647e-18
  1693  1.0261e-18
  1695  1.1238e-18
  1698  1.2088e-18
  1700  1.2209e-18
  1702  1.2229e-18
  1705  1.1682e-18
  1708  9.8211e-19
  1710  1.0607e-18
  1713  1.0196e-18
  1714  9.6970e-19
  1717  9.6811e-19
  1719  1.0093e-18
  1721  9.5320e-19
  1723  7.7139e-19
  1724  7.3737e-19
  1727  7.7513e-19
  1729  7.7874e-19
  1731  6.2473e-19
  1734  6.5271e-19
  1735  6.7916e-19
  1737  7.0070e-19
  1738  7.4564e-19
  1739  6.9755e-19
  1742  5.9660e-19
  1744  6.2944e-19
  1745  6.7907e-19
  1747  7.2692e-19
  1748  6.4203e-19
  1750  5.3742e-19
  1751  5.2040e-19
  1754  4.5678e-19
  1756  3.7529e-19
  1758  3.4883e-19
  1760  3.3077e-19
  1761  2.9429e-19
  1764  2.8859e-19
  1766  2.7420e-19
  1768  2.3201e-19
  1770  1.8898e-19
  1772  1.9092e-19
  1774  1.8180e-19
  1775  1.7424e-19
  1776  1.7312e-19
  1778  1.5684e-19
  1781  1.5200e-19
  1782  1.6043e-19
  1783  1.6560e-19
  1785  1.6504e-19
  1788  1.3675e-19
  1790  1.3280e-19
  1791  1.1284e-19
  1792  1.2315e-19
  1794  1.0841e-19
  1796  1.0424e-19
  1797  9.6946e-20
  1798  7.8631e-20
  1799  7.3606e-20
  1800  7.5086e-20
  1801  8.1663e-20
  1802  8.6362e-20
  1803  8.5261e-20
  1806  8.0463e-20
  1809  7.4601e-20
  1811  6.9710e-20
  1812  6.4192e-20
  1813  6.1691e-20
  1814  5.5716e-20
  1817  5.7043e-20
  1820  4.8878e-20
  1821  5.1082e-20
  1824  4.2992e-20
  1827  4.1394e-20
  1829  3.8614e-20
  1832  3.6764e-20
  1835  3.7760e-20
  1837  3.7911e-20
  1840  3.6684e-20
  1842  4.0166e-20
  1845  3.2932e-20
  1846  2.8948e-20
  1848  2.3750e-20
  1851  1.9572e-20
  1852  2.0688e-20
  1853  1.8555e-20
  1855  1.7181e-20
  1858  1.6410e-20
  1860  1.5985e-20
  1862  1.4231e-20
  1863  1.4682e-20
  1866  1.5107e-20
  1868  1.3322e-20
  1871  1.1331e-20
  1874  9.3675e-21
  1875  9.6936e-21
  1876  8.6724e-21
  1879  8.6004e-21
  1880  8.1068e-21
  1881  8.0837e-21
  1883  6.9633e-21
  1885  6.6069e-21
  1888  6.7705e-21
  1889  5.9784e-21
  1890  6.3269e-21
  1891  6.1462e-21
  1893  6.7560e-21
  1896  6.0220e-21
  1897  6.4405e-21
  1898  6.3173e-21
  1901  6.6852e-21
  1904  6.9410e-21
  1907  6.7134e-21
  1909  6.1208e-21
  1911  5.5628e-21
  1912  4.7945e-21
  1913  4.8969e-21
  1915  4.2119e-21
  1918  3.7530e-21
  1920  3.6363e-21
  1921  3.3100e-21
  1922  3.0177e-21
  1923  2.8959e-21
  1924  3.1835e-21
  1926  2.7219e-21
  1927  2.1819e-21
  1929  2.2529e-21
  1932  2.4390e-21
  1933  2.3850e-21
  1934  2.1734e-21
  1935  2.0944e-21
  1936  1.7472e-21
  1937  1.7313e-21
  1940  1.5980e-21
  1943  1.6244e-21
  1945  1.4501e-21
  1947  1.3886e-21
  1950  1.3534e-21
  1952  1.4595e-21
  1954  1.3796e-21
  1955  1.2626e-21
  1958  1.3624e-21
  1961  1.4653e-21
  1964  1.5071e-21
  1967  1.4427e-21
  1969  1.5297e-21
  1971  1.2369e-21
  1972  1.2682e-21
  1973  1.3707e-21
  1974  1.4643e-21
  1976  1.3242e-21
  1978  1.1121e-21
  1979  1.0863e-21
  1980  1.0110e-21
  1982  9.1919e-22
  1983  8.3595e-22
  1986  8.7789e-22
  1989  7.9599e-22
  1992  6.6231e-22
  1994  7.1102e-22
  1995  7.7499e-22
  1996  7.1307e-22
  1999  6.4978e-22
  2002  7.0264e-22
  2004  6.1627e-22
  2006  5.2418e-22
  2008  4.2903e-22
  2010  4.5028e-22
  2012  3.7871e-22
  2014  4.1563e-22
  2015  4.2772e-22
  2018  4.5510e-22
  2020  3.6712e-22
  2022  3.2737e-22
  2024  2.7806e-22
  2025  2.5396e-22
  2026  2.5660e-22
  2028  2.3821e-22
  2031  2.1739e-22
  2033  2.2021e-22
  2034  2.1530e-22
  2035  2.2256e-22
  2038  2.2912e-22
  2039  2.3447e-22
  2042  2.2113e-22
  2044  2.2947e-22
  2045  2.1114e-22
  2047  2.0254e-22
  2050  2.1587e-22
  2051  2.1932e-22
  2052  2.2603e-22
  2054  2.1519e-22
  2056  2.2616e-22
  2058  2.2991e-22
  2061  1.9160e-22
  2063  1.6550e-22
  2064  1.3611e-22
  2066  1.2132e-22
  2069  1.2519e-22
  2070  1.3335e-22
  2071  1.2756e-22
  2072  1.2229e-22
  2073  1.2404e-22
  2074  1.0320e-22
  2077  8.3916e-23
  2080  8.8592e-23
  2081  8.4286e-23
  2083  7.3451e-23
  2085  5.9343e-23
  2088  5.9189e-23
  2090  6.2594e-23
  2091  5.8685e-23
  2094  6.2178e-23
  2097  5.9996e-23
  2100  5.6453e-23
  2102  5.3242e-23
  2103  5.0064e-23
  2106  4.2257e-23
  2107  4.3543e-23
  2110  3.4912e-23
  2113  3.5583e-23
  2115  3.6426e-23
  2117  3.3720e-23
  2120  2.9528e-23
  2121  2.8152e-23
  2124  2.4118e-23
  2127  2.3071e-23
  2128  1.8970e-23
  2130  1.5302e-23
  2131  1.2384e-23
  2132  1.0966e-23
  2133  1.2053e-23
  2134  1.2910e-23
  2135  1.3172e-23
  2137  1.3369e-23
  2139  1.3622e-23
  2142  1.2542e-23
  2143  1.2659e-23
  2146  1.2633e-23
  2147  1.3332e-23
  2149  1.4491e-23
  2150  1.5205e-23
  2153  1.4632e-23
  2156  1.5090e-23
  2158  1.2084e-23
  2160  1.0970e-23
  2163  1.1704e-23
  2165  1.0259e-23
  2167  9.5591e-24
  2168  8.7098e-24
  2169  8.4996e-24
  2171  8.4138e-24
  2172  7.0175e-24
  2175  6.8222e-24
  2177  6.5040e-24
  2179  5.9451e-24
  2180  5.6725e-24
  2183  5.2815e-24
  2184  5.3272e-24
  2185  4.2804e-24
  2187  4.0651e-24
  2188  3.6180e-24
  2191  3.1366e-24
  2192  2.6459e-24
  2195  2.3386e-24
  2198  2.4278e-24
  2200  2.6592e-24
  2202  2.5435e-24
  2203  2.6244e-24
  2205  2.3709e-24
  2206  2.5192e-24
  2208  2.4540e-24
  2211  2.5560e-24
  2212  2.7095e-24
  2215  2.6034e-24
  2216  2.6484e-24
  2219  2.6097e-24
  2220  2.1586e-24
  2223  2.3482e-24
  2224  2.2801e-24
  2226  2.3650e-24
  2228  2.1958e-24
  2231  2.0885e-24
  2232  2.2594e-24
  2235  2.1493e-24
  2236  1.9569e-24
  2238  1.9395e-24
  2241  1.8200e-24
  2243  1.6570e-24
  2246  1.4766e-24
  2247  1.4826e-24
  2250  1.4811e-24
  2253  1.4785e-24
  2254  1.5806e-24
  2255  1.7060e-24
  2258  1.6972e-24
  2260  1.4923e-24
  2262  1.4483e-24
  2264  1.3395e-24
  2267  1.2676e-24
  2270  1.0904e-24
  2272  9.4774e-25
  2274  8.3740e-25
  2276  8.1470e-25
  2279  7.8927e-25
  2280  7.6285e-25
  2283  6.8732e-25
  2286  7.4872e-25
  2288  6.3758e-25
  2289  5.5523e-25
  2291  5.6332e-25
  2292  5.8862e-25
  2294  6.0881e-25
  2295  6.5890e-25
  2298  5.9837e-25
  2301  6.0667e-25
  2304  6.4679e-25
  2306  5.4295e-25
  2307  4.4868e-25
  2309  4.7539e-25
  2312  4.1347e-25
  2314  3.3481e-25
  2315  2.7241e-25
  2316  2.3310e-25
  2319  1.9576e-25
  2320  1.9887e-25
  2321  2.0290e-25
  2322  2.1695e-25
  2324  1.9753e-25
  2326  1.7801e-25
  2329  1.5223e-25
  2330  1.3063e-25
  2333  1.2857e-25
  2336  1.0642e-25
  2339  9.9475e-26
  2342  1.0662e-25
  2345  9.8003e-26
  2348  8.8830e-26
  2350  7.4989e-26
  2351  7.0512e-26
  2352  7.4114e-26
  2354  6.1383e-26
  2355  6.6123e-26
  2357  5.9878e-26
  2358  6.3332e-26
  2361  5.3116e-26
  2362  5.6256e-26
  2364  6.0503e-26
  2366  6.3534e-26
  2367  5.7722e-26
  2369  5.3180e-26
  2372  5.7418e-26
  2375  6.1023e-26
  2377  5.7456e-26
  2379  5.7533e-26
  2382  5.0173e-26
  2385  4.0839e-26
  2386  3.8665e-26
  2388  4.0949e-26
  2389  3.6147e-26
  2390  3.4887e-26
  2393  3.7148e-26
  2396  3.6307e-26
  2398  3.2359e-26
  2400  3.4037e-26
  2403  3.3434e-26
  2404  3.2705e-26
  2407  3.4116e-26
  2408  3.0642e-26
  2409  2.5324e-26
  2412  2.0912e-26
  2415  1.9488e-26
  2418  1.7727e-26
  2420  1.9229e-26
  2422  1.9878e-26
  2423  2.1698e-26
  2424  2.1618e-26
  2426  1.8766e-26
  2427  1.5305e-26
  2430  1.4529e-26
  2433  1.2205e-26
  2434  1.3114e-26
  2435  1.2246e-26
  2436  1.0330e-26
  2437  9.7563e-27
  2440  9.6873e-27
  2443  9.9251e-27
  2446  1.0327e-26
  2448  9.5186e-27
  2450  8.1955e-27
  2451  7.0379e-27
  2454  6.4566e-27
  2455  5.5991e-27
  2458  5.7435e-27
  2459  5.4084e-27
  2461  5.7554e-27
  2464  6.1781e-27
  2466  6.2110e-27
  2469  5.1485e-27
  2472  5.1121e-27
  2474  4.9654e-27
  2477  5.4513e-27
  2479  5.0012e-27
  2481  5.1735e-27
  2482  5.6240e-27
  2484  5.7920e-27
  2486  5.0043e-27
  2487  4.1693e-27
  2489  4.3926e-27
  2490  4.7128e-27
  2493  4.4871e-27
  2495  3.9312e-27
  2496  4.0792e-27
  2497  4.4762e-27
  2500  4.7365e-27
  2503  4.7790e-27
  2504  4.5094e-27
  2506  4.0092e-27
  2507  3.5481e-27
  2510  3.8640e-27
  2511  3.1150e-27
  2513  2.7247e-27
  2515  2.3797e-27
  2518  2.1411e-27
  2519  2.2300e-27
  2522  1.9131e-27
  2523  1.8903e-27
  2524  1.7351e-27
  2526  1.8954e-27
  2529  1.9764e-27
  2532  1.6444e-27
  2534  1.6380e-27
  2535  1.6601e-27
  2537  1.4345e-27
  2538  1.2733e-27
  2541  1.0371e-27
  2544  1.1046e-27
  2545  1.0551e-27
  2548  1.1115e-27
  2551  1.2153e-27
  2552  1.3194e-27
  2553  1.3580e-27
  2556  1.3891e-27
  2558  1.3822e-27
  2559  1.1562e-27
  2560  1.1437e-27
  2561  1.1361e-27
  2562  1.0174e-27
  2563  1.0427e-27
  2564  8.5608e-28
  2566  7.1347e-28
  2567  6.7757e-28
  2569  6.3444e-28
  2570  6.8875e-28
  2571  7.4441e-28
  2574  8.0634e-28
  2576  6.7429e-28
  2578  5.7205e-28
  2581  4.9959e-28
  2582  4.2197e-28
  2583  4.5178e-28
  2585  4.4167e-28
  2586  4.1566e-28
  2587  4.4224e-28
  2588  4.2512e-28
  2591  3.6255e-28
  2592  3.8734e-28
  2594  3.4172e-28
  2595  3.7518e-28
  2598  3.3836e-28
  2599  3.0060e-28
  2602  3.0262e-28
  2604  2.5853e-28
  2606  2.5349e-28
  2607  2.5204e-28
  2609  2.4477e-28
  2612  2.1794e-28
  2614  1.9985e-28
  2617  1.8214e-28
  2618  1.7319e-28
  2619  1.6824e-28
  2621  1.6747e-28
  2624  1.3870e-28
  2626  1.1446e-28
  2628  1.1219e-28
  2631  1.1267e-28
  2632  1.0035e-28
  2635  9.6490e-29
  2636  8.5005e-29
  2639  8.2011e-29
  2640  7.8475e-29
  2641  6.8777e-29
  2643  5.5745e-29
  2646  5.2833e-29
  2647  4.9619e-29
  2650  5.3043e-29
  2651  4.8936e-29
  2653  5.1412e-29
  2656  5.0807e-29
  2658  4.2920e-29
  2661  4.5077e-29
  2664  4.1247e-29
  2665  4.0810e-29
  2667  3.6955e-29
  2669  3.7391e-29
  2672  3.7411e-29
  2674  3.0680e-29
  2677  3.2378e-29
  2680  3.2839e-29
  2683  2.8623e-29
  2686  3.0745e-29
  2687  3.2531e-29
  2689  3.1315e-29
  2691  2.7492e-29
  2693  2.8090e-29
  2695  2.4007e-29
  2698  1.9951e-29
  2699  2.0830e-29
  2701  1.6722e-29
  2702  1.4919e-29
  2704  1.2524e-29
  2706  1.1678e-29
  2708  9.5675e-30
  2711  9.7843e-30
  2713  8.3509e-30
  2716  9.1305e-30
  2719  8.3921e-30
  2720  9.2262e-30
  2723  7.6189e-30
  2724  6.4942e-30
  2726  6.9251e-30
  2727  6.7319e-30
  2729  6.6242e-30
  2732  5.4531e-30
  2733  4.7611e-30
  2736  5.1456e-30
  2738  4.9672e-30
  2740  4.5867e-30
  2743  3.7311e-30
  2746  3.1594e-30
  2747  3.2609e-30
  2750  3.1107e-30
  2751  2.6164e-30
  2752  2.2048e-30
  2755  2.2159e-30
  2757  2.4212e-30
  2759  2.1808e-30
  2761  2.3905e-30
  2763  2.3421e-30
  2764  2.4055e-30
  2765  2.1436e-30
  2766  1.9520e-30
  2768  1.8463e-30
  2771  1.6264e-30
  2774  1.6139e-30
  2776  1.3341e-30
  2778  1.2192e-30
  2779  1.2213e-30
  2780  1.1249e-30
  2782  1.0289e-30
  2784  8.8912e-31
  2785  7.2465e-31
  2788  7.9062e-31
  2790  7.5675e-31
  2791  7.8754e-31
  2794  7.1796e-31
  2796  7.1510e-31
  2797  5.7371e-31
  2800  6.3066e-31
  2803  6.2647e-31
  2806  6.8427e-31
  2808  5.6417e-31
  2810  4.7452e-31
  2813  4.8428e-31
  2814  4.2622e-31
  2816  4.2331e-31
  2818  4.2883e-31
  2821  4.5494e-31
  2824  4.2624e-31
  2825  3.5247e-31
  2826  3.4871e-31
  2828  3.7635e-31
  2830  3.8071e-31
  2833  3.4763e-31
  2834  3.6845e-31
  2837  3.8327e-31
  2838  3.1041e-31
  2840  3.0492e-31
  2842  3.0678e-31
  2843  2.7459e-31
  2845  2.6152e-31
  2847  2.6060e-31
  2848  2.3567e-31
  2849  2.4172e-31
  2850  2.6310e-31
  2852  2.8237e-31
  2855  2.5647e-31
  2856  2.8001e-31
  2859  2.4931e-31
  2860  2.3860e-31
  2863  2.3975e-31
  2866  2.3857e-31
  2868  1.9755e-31
  2870  1.7575e-31
  2872  1.6905e-31
  2875  1.4064e-31
  2878  1.5033e-31
  2881  1.4206e-31
  2883  1.3431e-31
  2885  1.2084e-31
  2888  1.2279e-31
  2890  1.1118e-31
  2891  1.1602e-31
  2893  1.2120e-31
  2896  1.2925e-31
  2898  1.2932e-31
  2900  1.0881e-31
  2901  9.1205e-32
  2903  8.3847e-32
  2905  7.7543e-32
  2906  6.4453e-32
  2907  6.6552e-32
  2910  5.7040e-32
  2911  5.3070e-32
  2914  4.3231e-32
  2915  3.7500e-32
  2916  3.2240e-32
  2919  3.1224e-32
  2921  3.2173e-32
  2922  3.3998e-32
  2925  3.2245e-32
  2928  3.5228e-32
  2931  3.0341e-32
  2934  3.1392e-32
  2937  3.2790e-32
  2940  3.1849e-32
  2941  2.8004e-32
  2942  2.7558e-32
  2943  2.6100e-32
  2946  2.7313e-32
  2947  2.6329e-32
  2949  2.8499e-32
  2950  3.0013e-32
  2953  2.9797e-32
  2954  2.4644e-32
  2956  2.3300e-32
  2958  2.1463e-32
  2959  1.9893e-32
  2960  2.0957e-32
  2962  1.9476e-32
  2963  1.9628e-32
  2965  1.9705e-32
  2966  2.1077e-32
  2967  2.2198e-32
  2969  2.0723e-32
  2970  1.9749e-32
  2973  2.0385e-32
  2975  2.1833e-32
  2978  2.1213e-32
  2980  2.1160e-32
  2983  1.8592e-32
  2986  1.9953e-32
  2988  1.9845e-32
  2989  2.0796e-32
  2992  2.2711e-32
  2993  2.0473e-32
  2994  2.1565e-32
  2996  2.2221e-32
  2998  2.2594e-32
