     1  1.0000e+02
     2  9.4874e+01
     5  8.4090e+01
     7  8.8628e+01
    10  7.7834e+01
    11  6.2562e+01
    12  6.5329e+01
    13  6.4028e+01
    15  5.4434e+01
    16  5.6783e+01
    19  5.1343e+01
    20  5.1896e+01
    23  4.1803e+01
    25  3.6025e+01
    26  3.4084e+01
    27  3.2993e+01
    30  2.9460e+01
    32  2.7798e+01
    34  2.8498e+01
    36  2.5001e+01
    38  2.3357e+01
    41  2.3649e+01
    42  1.9334e+01
    43  1.5658e+01
    45  1.6328e+01
    46  1.4239e+01
    48  1.2336e+01
    51  1.2767e+01
    53  1.0668e+01
    54  1.0915e+01
    57  1.1746e+01
    60  1.0080e+01
    62  9.1101e+00
    63  7.5168e+00
    66  6.2263e+00
    67  6.3674e+00
    68  5.6271e+00
    71  5.4726e+00
    73  5.9515e+00
    76  5.1768e+00
    77  5.6054e+00
    80  4.6045e+00
    82  4.5197e+00
    85  3.9357e+00
    86  4.0499e+00
    88  4.2818e+00
    90  3.6456e+00
    93  3.3997e+00
    94  2.7853e+00
    96  2.5925e+00
    97  2.7796e+00
    98  2.8335e+00
    99  2.8420e+00
   101  2.7065e+00
   103  2.2578e+00
   105  2.1016e+00
   108  2.1684e+00
   109  1.7531e+00
   111  1.4980e+00
   114  1.5178e+00
   116  1.3260e+00
   119  1.0645e+00
   121  1.1122e+00
   124  9.0833e-01
   126  8.8616e-01
   128  8.3284e-01
   130  7.5343e-01
   131  7.8998e-01
   134  6.8601e-01
   135  6.1315e-01
   138  5.3075e-01
   141  4.7478e-01
   142  4.7968e-01
   143  4.9005e-01
   145  4.2732e-01
   146  4.3894e-01
   148  3.7124e-01
   149  3.3551e-01
   150  3.5878e-01
   153  3.2284e-01
   155  2.9029e-01
   156  2.8957e-01
   157  3.1731e-01
   158  3.2145e-01
   160  3.3459e-01
   161  3.4616e-01
   163  2.9471e-01
   164  2.7270e-01
   166  2.8908e-01
   167  2.8579e-01
   169  2.9526e-01
   171  3.1105e-01
   174  2.9826e-01
   176  2.5782e-01
   177  2.3331e-01
   179  2.3049e-01
   180  2.5344e-01
   181  2.6706e-01
   184  2.1446e-01
   186  2.2064e-01
   187  1.8501e-01
   190  2.0279e-01
   193  2.0694e-01
   195  1.7066e-01
   198  1.4535e-01
   200  1.3601e-01
   202  1.0947e-01
   203  8.9322e-02
   206  8.7796e-02
   208  7.6416e-02
   210  7.7531e-02
   212  7.8656e-02
   214  7.4497e-02
   215  8.1442e-02
   216  8.8718e-02
   219  8.5585e-02
   221  9.2982e-02
   223  8.4575e-02
   225  6.8196e-02
   228  6.6501e-02
   229  6.9427e-02
   232  7.0185e-02
   233  7.1685e-02
   234  6.1208e-02
   235  5.3814e-02
   238  5.4166e-02
   240  5.7837e-02
   243  5.5431e-02
   244  6.0706e-02
   245  6.4628e-02
   248  6.6612e-02
   249  6.1073e-02
   250  5.9232e-02
   252  5.2003e-02
   254  4.7154e-02
   255  4.6040e-02
   256  4.2989e-02
   259  4.2878e-02
   262  3.9446e-02
   265  3.2319e-02
   266  2.7509e-02
   269  2.4957e-02
   271  2.4986e-02
   272  2.1082e-02
   274  1.7979e-02
   275  1.7493e-02
   276  1.8354e-02
   279  1.8582e-02
   280  1.8800e-02
   281  1.9112e-02
   284  1.7259e-02
   286  1.4065e-02
   288  1.1523e-02
   291  1.0462e-02
   293  1.0057e-02
   296  8.4459e-03
   297  7.5445e-03
   300  7.0770e-03
   303  6.3567e-03
   305  5.7930e-03
   307  6.3328e-03
   310  6.9486e-03
   312  6.6548e-03
   314  6.6066e-03
   315  5.9203e-03
   318  6.2350e-03
   320  5.1114e-03
   321  5.3559e-03
   324  5.5992e-03
   327  4.8769e-03
   330  4.5458e-03
   332  4.2204e-03
   335  4.6033e-03
   338  4.2356e-03
   340  4.3074e-03
   343  3.9829e-03
   346  3.2216e-03
   347  3.3871e-03
   349  2.8728e-03
   352  2.3436e-03
   353  2.1806e-03
   355  2.3625e-03
   357  1.9459e-03
   358  1.9209e-03
   361  1.8683e-03
   363  1.6982e-03
   366  1.6881e-03
   368  1.3924e-03
   371  1.2695e-03
   373  1.1930e-03
   375  1.0240e-03
   377  8.6113e-04
   379  7.5198e-04
   382  6.9475e-04
   385  6.1596e-04
   387  5.6976e-04
   388  4.9210e-04
   391  4.2508e-04
   393  4.2086e-04
   394  4.3408e-04
   395  4.1699e-04
   397  4.3773e-04
   400  4.1391e-04
   402  3.6465e-04
   404  3.9216e-04
   405  4.0595e-04
   407  3.6973e-04
   408  3.6398e-04
   410  3.5392e-04
   412  3.1444e-04
   414  2.7436e-04
   417  3.0087e-04
   420  2.4205e-04
   422  2.5289e-04
   423  2.1059e-04
   424  1.7302e-04
   425  1.5350e-04
   427  1.6615e-04
   430  1.7250e-04
   431  1.6832e-04
   434  1.4012e-04
   435  1.5283e-04
   438  1.3109e-04
   441  1.3312e-04
   444  1.3165e-04
   447  1.2930e-04
   450  1.2503e-04
   451  1.0502e-04
   452  1.0562e-04
   453  8.4558e-05
   455  6.8090e-05
   457  6.7096e-05
   459  6.9383e-05
   461  5.9978e-05
   462  5.0826e-05
   465  4.7123e-05
   466  4.4114e-05
   469  3.6496e-05
   471  3.9247e-05
   473  3.3863e-05
   475  3.4263e-05
   477  3.2115e-05
   478  2.8574e-05
   479  3.0994e-05
   482  3.3136e-05
   485  3.2219e-05
   486  2.6107e-05
   488  2.3108e-05
   491  2.2390e-05
   494  2.2128e-05
   495  2.0951e-05
   498  1.8451e-05
   501  1.7948e-05
   504  1.5140e-05
   505  1.3264e-05
   506  1.1635e-05
   507  1.2046e-05
   509  1.0010e-05
   511  1.0160e-05
   512  8.6010e-06
   515  9.1578e-06
   516  9.1247e-06
   518  8.0174e-06
   520  8.2843e-06
   521  8.5768e-06
   523  8.3672e-06
   526  7.3722e-06
   527  7.3518e-06
   529  6.5785e-06
   531  6.9072e-06
   532  7.3171e-06
   535  7.5551e-06
   537  8.0620e-06
   538  7.0818e-06
   539  6.6845e-06
   542  7.0633e-06
   545  6.1739e-06
   548  5.2071e-06
   550  4.9233e-06
   553  4.0935e-06
   554  4.4744e-06
   555  4.7537e-06
   558  3.9556e-06
   559  3.3395e-06
   561  3.3920e-06
   562  3.5260e-06
   565  3.3622e-06
   568  3.3173e-06
   571  2.9451e-06
   572  2.7923e-06
   575  2.7285e-06
   576  2.6194e-06
   579  2.6574e-06
   582  2.2080e-06
   583  2.1131e-06
   584  1.9496e-06
   587  2.0840e-06
   590  1.9706e-06
   591  1.7559e-06
   592  1.4114e-06
   594  1.5195e-06
   597  1.6458e-06
   599  1.5335e-06
   602  1.5360e-06
   603  1.6274e-06
   604  1.5936e-06
   607  1.6040e-06
   608  1.3428e-06
   610  1.4295e-06
   613  1.4768e-06
   615  1.3219e-06
   616  1.1191e-06
   617  9.8099e-07
   618  9.7579e-07
   620  1.0170e-06
   622  1.0685e-06
   624  1.0256e-06
   626  1.0525e-06
   629  9.8150e-07
   631  1.0685e-06
   634  9.0994e-07
   635  7.5042e-07
   638  8.2204e-07
   639  7.6383e-07
   640  8.0751e-07
   641  8.1770e-07
   644  7.8016e-07
   645  6.8141e-07
   646  6.8156e-07
   649  5.7970e-07
   651  4.8729e-07
   653  4.7318e-07
   656  5.1836e-07
   658  4.9339e-07
   661  4.0011e-07
   663  3.8489e-07
   665  4.2273e-07
   668  3.7653e-07
   669  3.0528e-07
   671  2.8638e-07
   674  2.5666e-07
   675  2.1378e-07
   678  2.0448e-07
   681  1.6599e-07
   684  1.3815e-07
   687  1.2887e-07
   688  1.3747e-07
   691  1.1498e-07
   693  9.9307e-08
   695  8.9562e-08
   698  7.6737e-08
   701  7.6545e-08
   703  7.9247e-08
   706  6.4767e-08
   708  5.9555e-08
   709  5.9318e-08
   710  6.3382e-08
   713  6.4188e-08
   714  5.2838e-08
   717  5.3128e-08
   720  4.3095e-08
   723  3.9062e-08
   724  3.6320e-08
   727  3.2748e-08
   729  3.3702e-08
   731  3.5389e-08
   733  3.7461e-08
   735  3.2007e-08
   736  2.8783e-08
   739  2.9257e-08
   740  3.2054e-08
   742  3.4647e-08
   744  3.0758e-08
   745  2.6402e-08
   747  2.7729e-08
   749  2.3842e-08
   751  2.2614e-08
   753  2.3232e-08
   754  2.0424e-08
   756  2.0083e-08
   759  1.7266e-08
   762  1.5003e-08
   763  1.5844e-08
   764  1.6408e-08
   767  1.4957e-08
   768  1.3659e-08
   769  1.2805e-08
   772  1.2435e-08
   773  1.0354e-08
   775  1.1072e-08
   777  1.1750e-08
   778  1.1547e-08
   781  9.4819e-09
   782  9.6754e-09
   784  9.0809e-09
   785  8.3101e-09
   786  8.6131e-09
   787  9.4722e-09
   789  8.6413e-09
   791  9.4816e-09
   793  8.7898e-09
   795  7.8222e-09
   797  6.8294e-09
   800  6.6378e-09
   803  7.1913e-09
   805  6.0089e-09
   807  5.5041e-09
   810  5.8248e-09
   811  6.1724e-09
   814  5.3651e-09
   816  4.6530e-09
   818  4.6980e-09
   819  4.2881e-09
   820  4.2079e-09
   822  4.2053e-09
   824  4.6065e-09
   826  5.0359e-09
   828  5.3075e-09
   829  4.9110e-09
   830  5.0515e-09
   831  4.8663e-09
   832  5.3234e-09
   834  4.7063e-09
   836  3.8093e-09
   837  3.9696e-09
   838  3.6199e-09
   841  3.7553e-09
   844  3.3891e-09
   845  2.9879e-09
   846  2.5174e-09
   849  2.6825e-09
   852  2.3255e-09
   853  1.9227e-09
   854  1.9250e-09
   856  1.7161e-09
   857  1.6520e-09
   859  1.7309e-09
   862  1.6751e-09
   864  1.5315e-09
   865  1.5826e-09
   868  1.5805e-09
   871  1.2874e-09
   874  1.1203e-09
   875  9.8878e-10
   877  9.6819e-10
   880  9.1769e-10
   881  7.8385e-10
   884  7.6863e-10
   886  8.2490e-10
   887  8.9729e-10
   889  7.4958e-10
   890  6.8862e-10
   893  6.5988e-10
   894  6.1341e-10
   896  6.5940e-10
   897  5.5221e-10
   900  5.1033e-10
   901  4.2878e-10
   904  3.4318e-10
   906  2.9206e-10
   908  2.7058e-10
   911  2.2451e-10
   914  1.8019e-10
   916  1.8409e-10
   917  1.5181e-10
   918  1.5356e-10
   920  1.4173e-10
   922  1.5189e-10
   924  1.3428e-10
   927  1.1802e-10
   930  1.0111e-10
   932  9.3363e-11
   933  9.2885e-11
   935  9.9764e-11
   938  8.1898e-11
   941  8.6487e-11
   942  7.8074e-11
   943  7.3478e-11
   946  6.5631e-11
   947  6.0084e-11
   948  4.9577e-11
   949  4.1871e-11
   950  4.5550e-11
   953  4.7130e-11
   956  4.3317e-11
   959  3.7894e-11
   961  3.9785e-11
   963  4.2434e-11
   965  4.6429e-11
   967  4.6244e-11
   968  4.3259e-11
   971  3.9438e-11
   973  3.9033e-11
   975  4.2481e-11
   976  3.7876e-11
   978  3.4779e-11
   979  3.1809e-11
   981  2.9292e-11
   982  2.4278e-11
   983  2.0403e-11
   985  1.9116e-11
   988  1.5497e-11
   990  1.4975e-11
   991  1.3982e-11
   993  1.1285e-11
   994  1.1784e-11
   995  1.0957e-11
   998  8.8176e-12
  1000  8.4911e-12
  1003  8.4179e-12
  1006  7.7036e-12
  1009  8.2652e-12
  1012  8.3720e-12
  1015  6.9189e-12
  1016  7.5721e-12
  1017  8.2081e-12
  1018  8.2792e-12
  1019  7.4588e-12
  1020  7.9062e-12
  1022  7.7740e-12
  1025  7.0481e-12
  1026  6.0706e-12
  1029  5.7949e-12
  1031  4.6773e-12
  1034  5.0757e-12
  1037  4.3556e-12
  1040  3.8679e-12
  1041  3.9847e-12
  1042  4.1569e-12
  1045  4.3640e-12
  1046  3.6194e-12
  1048  3.4956e-12
  1049  3.0181e-12
  1052  3.2944e-12
  1054  3.3913e-12
  1055  3.6221e-12
  1056  3.4261e-12
  1059  3.1198e-12
  1060  3.0797e-12
  1062  2.8223e-12
  1065  2.7098e-12
  1066  2.9634e-12
  1067  3.1477e-12
  1068  2.8276e-12
  1070  3.1000e-12
  1072  3.2751e-12
  1074  2.8253e-12
  1076  2.2631e-12
  1079  2.0629e-12
  1080  1.7569e-12
  1081  1.6755e-12
  1084  1.4313e-12
  1085  1.1591e-12
  1088  1.0609e-12
  1089  8.7544e-13
  1092  7.7031e-13
  1094  7.1927e-13
  1095  6.4499e-13
  1097  6.6901e-13
  1099  7.2483e-13
  1102  6.6093e-13
  1104  6.1290e-13
  1107  6.5988e-13
  1110  7.1322e-13
  1113  5.7676e-13
  1114  5.6720e-13
  1115  5.9251e-13
  1117  4.8404e-13
  1119  4.2755e-13
  1121  4.1623e-13
  1122  4.2960e-13
  1125  3.8497e-13
  1127  3.5111e-13
  1129  2.8282e-13
  1131  2.6081e-13
  1132  2.5122e-13
  1133  2.7558e-13
  1136  2.8742e-13
  1139  2.5001e-13
  1140  2.5661e-13
  1143  2.1545e-13
  1145  1.7703e-13
  1147  1.7644e-13
  1149  1.6011e-13
  1152  1.3129e-13
  1154  1.1934e-13
  1155  1.2157e-13
  1156  1.2118e-13
  1157  1.0536e-13
  1159  8.5709e-14
  1162  7.2216e-14
  1163  6.3483e-14
  1164  6.3672e-14
  1165  5.2603e-14
  1168  4.3594e-14
  1169  4.1388e-14
  1172  3.7656e-14
  1173  3.3670e-14
  1175  3.3051e-14
  1176  3.2856e-14
  1179  3.4368e-14
  1182  2.7606e-14
  1184  2.5340e-14
  1187  2.4985e-14
  1190  2.2771e-14
  1193  2.1805e-14
  1196  2.0853e-14
  1198  2.0530e-14
  1201  1.6954e-14
  1204  1.5375e-14
  1207  1.3757e-14
  1208  1.3175e-14
  1210  1.0651e-14
  1211  1.1207e-14
  1212  1.0857e-14
  1215  8.9769e-15
  1216  7.5903e-15
  1219  6.8418e-15
  1220  6.5066e-15
  1221  5.8197e-15
  1222  4.7139e-15
  1225  4.0286e-15
  1227  3.9575e-15
  1230  3.4932e-15
  1232  2.8100e-15
  1234  2.5326e-15
  1235  2.3086e-15
  1236  1.9711e-15
  1239  1.6885e-15
  1241  1.8282e-15
  1242  1.5314e-15
  1244  1.2759e-15
  1245  1.0402e-15
  1248  1.0080e-15
  1251  1.0131e-15
  1253  8.2457e-16
  1255  7.6674e-16
  1258  8.2550e-16
  1261  8.5212e-16
  1262  7.5400e-16
  1263  7.7936e-16
  1264  8.3266e-16
  1265  8.3104e-16
  1267  8.9016e-16
  1269  8.8048e-16
  1270  9.6200e-16
  1273  8.3075e-16
  1274  7.5222e-16
  1277  7.6470e-16
  1280  6.6527e-16
  1281  6.1000e-16
  1284  6.2711e-16
  1287  6.6043e-16
  1290  5.3073e-16
  1291  5.4153e-16
  1293  4.9675e-16
  1295  4.7795e-16
  1298  4.1647e-16
  1300  3.5986e-16
  1302  3.9451e-16
  1305  3.5538e-16
  1306  3.6130e-16
  1309  3.5449e-16
  1310  3.6239e-16
  1312  3.5201e-16
  1315  3.1370e-16
  1317  3.2869e-16
  1319  3.3163e-16
  1321  3.2744e-16
  1323  3.2136e-16
  1324  2.7095e-16
  1326  2.3261e-16
  1329  2.1992e-16
  1330  2.2542e-16
  1333  2.0486e-16
  1334  1.8421e-16
  1337  1.7007e-16
  1340  1.7780e-16
  1343  1.8758e-16
  1344  2.0113e-16
  1346  1.6716e-16
  1347  1.4561e-16
  1350  1.4920e-16
  1352  1.4903e-16
  1355  1.2883e-16
  1358  1.4030e-16
  1361  1.3990e-16
  1364  1.2832e-16
  1366  1.1329e-16
  1368  1.1541e-16
  1370  1.0653e-16
  1373  1.0939e-16
  1376  1.1646e-16
  1377  1.1162e-16
  1380  9.7449e-17
  1383  9.8886e-17
  1386  7.9774e-17
  1389  6.3948e-17
  1392  5.8876e-17
  1395  5.2162e-17
  1397  4.7130e-17
  1398  3.8936e-17
  1399  3.6245e-17
  1400  3.2325e-17
  1402  2.6095e-17
  1403  2.7572e-17
  1406  2.4570e-17
  1408  2.3573e-17
  1410  2.2737e-17
  1412  2.1240e-17
  1413  2.1687e-17
  1414  2.1644e-17
  1416  2.2425e-17
  1418  2.3826e-17
  1420  1.9917e-17
  1423  1.8244e-17
  1426  1.7021e-17
  1429  1.4303e-17
  1431  1.5315e-17
  1433  1.5385e-17
  1436  1.2972e-17
  1437  1.4193e-17
  1440  1.2825e-17
  1443  1.0771e-17
  1444  1.1845e-17
  1447  1.2059e-17
  1449  1.0695e-17
  1451  9.8795e-18
  1453  9.7330e-18
  1455  8.7979e-18
  1456  7.6301e-18
  1458  7.9466e-18
  1461  6.3751e-18
  1464  5.7512e-18
  1465  5.9635e-18
  1467  6.3863e-18
  1469  5.2048e-18
  1471  5.3938e-18
  1472  4.4306e-18
  1475  3.9013e-18
  1477  3.3793e-18
  1478  3.0666e-18
  1481  3.0018e-18
  1484  3.1213e-18
  1485  2.9945e-18
  1488  3.2771e-18
  1489  3.3590e-18
  1490  3.6179e-18
  1492  2.9605e-18
  1493  2.7752e-18
  1496  2.5177e-18
  1498  2.4278e-18
  1501  2.1288e-18
  1504  2.0787e-18
  1507  2.1424e-18
  1508  1.9677e-18
  1509  2.1402e-18
  1511  2.1806e-18
  1512  2.2569e-18
  1514  2.4600e-18
  1515  2.0059e-18
  1518  1.6506e-18
  1520  1.7668e-18
  1521  1.8919e-18
  1523  1.9198e-18
  1524  1.9171e-18
  1526  2.0045e-18
  1529  2.1774e-18
  1532  2.3239e-18
  1533  1.9143e-18
  1535  1.8716e-18
  1537  1.9132e-18
  1538  1.5654e-18
  1541  1.3945e-18
  1542  1.4896e-18
  1543  1.3837e-18
  1545  1.4324e-18
  1547  1.3532e-18
  1550  1.2747e-18
  1553  1.3630e-18
  1556  1.3148e-18
  1559  1.1206e-18
  1560  9.1520e-19
  1562  8.2512e-19
  1564  8.2200e-19
  1567  8.7607e-19
  1569  9.4433e-19
  1572  7.7400e-19
  1575  6.3996e-19
  1576  5.4302e-19
  1579  5.2153e-19
  1582  5.6094e-19
  1584  5.3480e-19
  1587  5.4252e-19
  1588  4.6299e-19
  1591  4.4970e-19
  1594  3.6444e-19
  1596  3.6675e-19
  1597  3.6513e-19
  1600  3.0911e-19
  1603  3.1253e-19
  1606  3.3068e-19
  1607  2.8067e-19
  1610  2.3935e-19
  1613  2.2405e-19
  1616  1.9679e-19
  1619  2.1606e-19
  1622  1.7985e-19
  1623  1.9721e-19
  1624  2.1163e-19
  1625  1.9855e-19
  1628  2.0767e-19
  1630  2.2201e-19
  1632  1.9576e-19
  1634  1.6849e-19
  1636  1.6563e-19
  1638  1.7909e-19
  1641  1.4982e-19
  1643  1.4254e-19
  1646  1.5012e-19
  1648  1.4138e-19
  1651  1.4647e-19
  1652  1.4383e-19
  1653  1.4744e-19
  1656  1.4421e-19
  1658  1.1707e-19
  1659  1.1877e-19
  1661  1.0085e-19
  1664  1.1033e-19
  1666  9.4521e-20
  1668  7.6846e-20
  1670  7.2506e-20
  1671  6.5088e-20
  1672  5.2321e-20
  1673  5.1835e-20
  1675  4.2179e-20
  1676  4.3270e-20
  1677  4.1191e-20
  1678  3.8024e-20
  1679  3.5114e-20
  1682  3.2897e-20
  1685  3.6168e-20
  1687  3.5572e-20
  1688  3.7000e-20
  1690  3.6603e-20
  1693  3.3774e-20
  1696  3.5803e-20
  1698  3.1118e-20
  1701  2.6771e-20
  1702  2.8441e-20
  1705  3.0262e-20
  1706  3.1599e-20
  1708  2.8897e-20
  1710  2.3229e-20
  1711  1.9328e-20
  1713  1.7956e-20
  1714  1.7444e-20
  1715  1.5412e-20
  1717  1.5294e-20
  1720  1.6072e-20
  1721  1.5675e-20
  1722  1.6624e-20
  1723  1.5830e-20
  1726  1.7136e-20
  1729  1.8538e-20
  1731  1.7199e-20
  1734  1.4203e-20
  1737  1.2332e-20
  1739  1.2992e-20
  1742  1.3689e-20
  1745  1.3103e-20
  1747  1.0803e-20
  1749  9.7898e-21
  1752  1.0650e-20
  1754  9.7722e-21
  1755  1.0365e-20
  1756  1.1026e-20
  1757  1.0768e-20
  1758  9.8861e-21
  1761  9.0510e-21
  1764  8.8889e-21
  1767  7.9569e-21
  1770  6.8681e-21
  1773  6.0234e-21
  1775  6.2634e-21
  1778  6.2446e-21
  1781  6.3030e-21
  1782  6.5562e-21
  1783  6.4977e-21
  1784  5.3066e-21
  1785  4.6694e-21
  1788  4.0371e-21
  1791  4.3761e-21
  1793  4.3924e-21
  1795  4.3270e-21
  1798  4.3323e-21
  1799  4.4514e-21
  1801  4.2054e-21
  1802  3.3704e-21
  1805  3.0060e-21
  1807  2.6152e-21
  1809  2.3876e-21
  1811  2.3997e-21
  1813  2.5127e-21
  1815  2.2674e-21
  1816  2.0691e-21
  1818  1.8713e-21
  1821  1.5737e-21
  1822  1.4453e-21
  1825  1.2380e-21
  1828  1.1187e-21
  1831  1.0832e-21
  1832  1.0676e-21
  1834  8.8547e-22
  1836  9.3907e-22
  1839  9.8757e-22
  1842  9.1397e-22
  1843  8.3714e-22
  1846  7.5391e-22
  1847  7.8830e-22
  1850  6.5026e-22
  1852  6.5278e-22
  1853  5.8383e-22
  1855  5.7209e-22
  1857  5.6727e-22
  1859  5.7685e-22
  1862  5.7775e-22
  1864  6.3208e-22
  1867  6.1746e-22
  1870  5.8836e-22
  1872  5.4279e-22
  1873  5.2107e-22
  1876  5.3343e-22
  1877  5.6721e-22
  1878  5.2402e-22
  1881  4.9317e-22
  1882  5.1395e-22
  1885  5.1108e-22
  1886  4.2965e-22
  1887  3.9125e-22
  1888  4.2219e-22
  1891  3.6726e-22
  1894  3.3035e-22
  1897  3.5813e-22
  1899  3.1831e-22
  1900  3.0855e-22
  1902  3.0323e-22
  1903  2.7188e-22
  1904  2.2245e-22
  1906  1.9586e-22
  1907  2.1332e-22
  1909  2.2834e-22
  1911  2.1860e-22
  1913  2.2104e-22
  1914  2.2809e-22
  1915  1.9195e-22
  1916  1.6585e-22
  1918  1.4907e-22
  1920  1.4085e-22
  1922  1.5050e-22
  1925  1.4500e-22
  1926  1.5386e-22
  1928  1.3521e-22
  1929  1.2425e-22
  1931  1.1452e-22
  1933  1.1307e-22
  1934  1.2107e-22
  1935  1.2565e-22
  1938  1.0971e-22
  1940  1.0409e-22
  1943  9.8670e-23
  1946  1.0424e-22
  1947  1.1434e-22
  1949  1.1857e-22
  1952  1.0752e-22
  1954  1.0797e-22
  1955  1.1380e-22
  1956  1.0274e-22
  1959  1.0722e-22
  1962  1.1012e-22
  1965  1.1719e-22
  1966  1.2613e-22
  1967  1.3171e-22
  1970  1.1888e-22
  1971  1.1405e-22
  1972  1.1924e-22
  1973  1.2002e-22
  1976  1.1076e-22
  1978  1.0304e-22
  1981  1.0846e-22
  1984  9.4108e-23
  1985  8.8399e-23
  1988  8.3431e-23
  1989  7.2969e-23
  1990  6.9886e-23
  1991  6.4039e-23
  1993  6.3621e-23
  1996  5.9000e-23
  1999  5.6181e-23
