     1  1.0000e+02
     4  9.6260e+01
     7  1.0383e+02
     8  1.0632e+02
     9  8.5101e+01
    12  8.1066e+01
    14  8.2097e+01
    15  7.0426e+01
    17  6.3737e+01
    18  6.7900e+01
    21  5.7017e+01
    24  5.6073e+01
    25  5.2625e+01
    28  5.1195e+01
    31  4.6111e+01
    33  4.5904e+01
    34  3.9660e+01
    35  4.1652e+01
    38  3.5333e+01
    39  3.7711e+01
    40  3.8095e+01
    43  3.3905e+01
    44  3.6180e+01
    47  3.2593e+01
    50  2.9213e+01
    53  2.8260e+01
    54  2.7492e+01
    57  2.4597e+01
    59  2.3609e+01
    62  2.0526e+01
    65  1.7542e+01
    67  1.7734e+01
    70  1.8839e+01
    73  1.6284e+01
    76  1.3434e+01
    78  1.4430e+01
    81  1.5302e+01
    84  1.2244e+01
    87  1.0296e+01
    89  8.5024e+00
    92  7.2064e+00
    93  6.0663e+00
    95  5.2428e+00
    96  5.4783e+00
    97  4.5592e+00
    98  3.8240e+00
   101  3.1514e+00
   102  2.6996e+00
   103  2.7419e+00
   105  2.5771e+00
   106  2.4039e+00
   108  2.2679e+00
   110  2.1549e+00
   111  2.0082e+00
   112  2.1682e+00
   115  1.7843e+00
   117  1.7227e+00
   119  1.7220e+00
   122  1.4889e+00
   123  1.3032e+00
   124  1.4064e+00
   127  1.2099e+00
   129  1.0302e+00
   132  1.0713e+00
   134  8.8503e-01
   136  8.3929e-01
   137  8.9435e-01
   140  7.4098e-01
   141  7.2666e-01
   144  6.5333e-01
   147  5.9347e-01
   148  6.1909e-01
   149  6.4966e-01
   152  6.5770e-01
   153  6.6531e-01
   154  5.7964e-01
   156  5.0834e-01
   159  4.0940e-01
   160  3.5092e-01
   163  2.9477e-01
   164  2.7435e-01
   167  2.4160e-01
   168  2.1664e-01
   169  2.0449e-01
   172  2.0813e-01
   175  1.8341e-01
   177  1.6281e-01
   178  1.3472e-01
   181  1.3916e-01
   184  1.2513e-01
   187  1.2975e-01
   188  1.3877e-01
   190  1.1751e-01
   191  1.2713e-01
   194  1.1596e-01
   196  1.1642e-01
   198  1.0722e-01
   201  1.1780e-01
   203  1.2329e-01
   206  1.3537e-01
   207  1.1257e-01
   208  1.1754e-01
   209  1.0757e-01
   210  1.1067e-01
   213  1.1149e-01
   216  1.0941e-01
   218  9.1854e-02
   221  1.0025e-01
   222  8.4361e-02
   224  9.1931e-02
   227  8.1806e-02
   230  8.9854e-02
   231  8.0138e-02
   234  8.2333e-02
   235  8.0222e-02
   237  8.0663e-02
   239  6.7255e-02
   240  6.9834e-02
   242  6.9613e-02
   245  7.3780e-02
   248  5.9916e-02
   249  4.8590e-02
   251  5.1122e-02
   254  4.8327e-02
   256  4.0768e-02
   258  4.4298e-02
   261  4.6193e-02
   264  4.7737e-02
   266  4.9733e-02
   267  5.4694e-02
   270  5.4784e-02
   271  5.5610e-02
   274  5.8354e-02
   276  5.0012e-02
   279  4.5936e-02
   280  3.7882e-02
   283  3.8944e-02
   285  4.1717e-02
   286  3.9179e-02
   289  3.1774e-02
   290  3.4195e-02
   291  3.4820e-02
   293  3.0201e-02
   296  2.5512e-02
   299  2.3988e-02
   300  2.1686e-02
   301  1.8266e-02
   304  1.6807e-02
   305  1.3534e-02
   307  1.4068e-02
   310  1.1545e-02
   311  1.2409e-02
   314  1.1387e-02
   316  9.7593e-03
   319  9.7564e-03
   322  9.7583e-03
   323  7.9584e-03
   324  6.5598e-03
   325  6.2301e-03
   327  5.9850e-03
   328  4.9501e-03
   331  5.2562e-03
   332  5.1544e-03
   333  4.6394e-03
   334  4.6201e-03
   337  3.6976e-03
   338  3.1313e-03
   340  3.2649e-03
   342  2.9906e-03
   344  2.6258e-03
   346  2.8108e-03
   349  2.7791e-03
   351  2.9398e-03
   352  2.3676e-03
   353  2.2634e-03
   355  2.4743e-03
   356  2.3268e-03
   359  2.5464e-03
   362  2.4576e-03
   364  2.6055e-03
   365  2.2687e-03
   367  2.0618e-03
   369  2.2038e-03
   370  2.2778e-03
   371  2.3416e-03
   372  2.4798e-03
   374  2.5530e-03
   377  2.1416e-03
   379  1.8274e-03
   380  1.4673e-03
   381  1.2908e-03
   384  1.1265e-03
   386  9.8894e-04
   388  1.0740e-03
   391  1.0280e-03
   393  1.0182e-03
   394  1.0175e-03
   397  1.1020e-03
   400  1.1481e-03
   402  1.0992e-03
   405  1.2062e-03
   408  1.2509e-03
   410  1.2922e-03
   412  1.0758e-03
   415  9.8029e-04
   417  9.1501e-04
   420  9.6659e-04
   422  7.9790e-04
   425  7.3350e-04
   428  6.6294e-04
   429  6.5892e-04
   431  5.6286e-04
   434  4.9732e-04
   436  4.5013e-04
   438  4.5586e-04
   440  4.0252e-04
   442  3.9071e-04
   445  3.3507e-04
   446  3.5864e-04
   448  3.6684e-04
   449  2.9822e-04
   451  2.8164e-04
   454  2.9075e-04
   455  2.6310e-04
   457  2.6404e-04
   458  2.8953e-04
   460  2.7776e-04
   462  2.5462e-04
   465  2.3227e-04
   467  1.8798e-04
   469  1.6059e-04
   471  1.3826e-04
   473  1.4237e-04
   474  1.3591e-04
   477  1.3225e-04
   480  1.0703e-04
   481  9.3801e-05
   484  9.6869e-05
   485  1.0391e-04
   486  9.3790e-05
   488  9.9789e-05
   490  1.0909e-04
   493  8.9711e-05
   495  7.2038e-05
   497  6.7828e-05
   499  5.8928e-05
   501  5.3231e-05
   503  4.7352e-05
   505  3.8649e-05
   506  3.9767e-05
   508  3.2671e-05
   510  2.7010e-05
   512  2.9640e-05
   513  2.7631e-05
   516  2.6051e-05
   517  2.7359e-05
   518  2.4664e-05
   519  2.1313e-05
   522  2.3174e-05
   524  1.9104e-05
   527  1.8065e-05
   528  1.4906e-05
   531  1.3803e-05
   533  1.4604e-05
   536  1.5101e-05
   537  1.3804e-05
   538  1.2619e-05
   541  1.3446e-05
   544  1.3506e-05
   547  1.1908e-05
   549  1.1272e-05
   550  1.1682e-05
   553  1.1376e-05
   554  1.0537e-05
   555  9.0986e-06
   558  8.4785e-06
   561  6.9297e-06
   562  5.8685e-06
   563  6.2374e-06
   564  6.4719e-06
   567  6.5107e-06
   569  5.5124e-06
   572  5.4164e-06
   574  5.7663e-06
   576  5.4011e-06
   578  5.1699e-06
   579  5.2315e-06
   582  5.5789e-06
   585  5.7491e-06
   586  5.7681e-06
   589  5.5067e-06
   590  5.9017e-06
   591  5.3968e-06
   593  4.5091e-06
   594  4.8137e-06
   597  5.2619e-06
   598  4.5854e-06
   601  4.9745e-06
   603  4.4304e-06
   604  4.7299e-06
   605  5.1204e-06
   608  5.0437e-06
   609  4.9494e-06
   612  5.2346e-06
   614  5.1118e-06
   616  4.2604e-06
   618  3.8306e-06
   621  3.7935e-06
   622  3.7858e-06
   624  3.4322e-06
   627  3.7224e-06
   629  3.7302e-06
   632  3.7765e-06
   634  3.4565e-06
   635  2.8047e-06
   636  2.3750e-06
   637  2.4011e-06
   640  2.1855e-06
   641  2.2642e-06
   643  1.8518e-06
   646  1.9430e-06
   648  1.8006e-06
   650  1.7514e-06
   651  1.5224e-06
   653  1.4953e-06
   654  1.6006e-06
   657  1.5532e-06
   659  1.4187e-06
   661  1.2718e-06
   664  1.3545e-06
   667  1.4518e-06
   670  1.2082e-06
   673  1.1425e-06
   676  1.2228e-06
   679  1.0334e-06
   680  1.0387e-06
   681  9.2916e-07
   682  1.0025e-06
   683  9.9387e-07
   686  1.0631e-06
   687  1.0158e-06
   688  9.1570e-07
   690  8.5317e-07
   692  8.0187e-07
   694  7.3965e-07
   697  7.4403e-07
   698  6.5558e-07
   700  5.4593e-07
   702  5.7587e-07
   705  5.8784e-07
   706  6.0326e-07
   708  5.2111e-07
   709  5.5031e-07
   712  5.0479e-07
   714  4.0581e-07
   716  4.3506e-07
   719  3.6926e-07
   721  3.2516e-07
   724  3.5475e-07
   727  3.7867e-07
   729  3.2104e-07
   730  3.3992e-07
   731  3.1673e-07
   732  2.9055e-07
   735  2.3394e-07
   736  1.9913e-07
   737  1.8795e-07
   738  1.8336e-07
   739  1.5532e-07
   740  1.5635e-07
   743  1.4206e-07
   744  1.3218e-07
   747  1.0701e-07
   749  1.0884e-07
   752  1.1360e-07
   754  9.7334e-08
   755  7.8288e-08
   758  7.4130e-08
   759  8.1386e-08
   760  6.5277e-08
   763  5.2256e-08
   765  5.4153e-08
   768  5.7432e-08
   770  5.3600e-08
   772  5.0628e-08
   773  5.5060e-08
   776  5.9803e-08
   777  5.0957e-08
   779  4.2569e-08
   782  4.3105e-08
   784  3.7956e-08
   785  3.9851e-08
   786  3.3014e-08
   789  3.2641e-08
   791  3.2544e-08
   793  3.0378e-08
   794  2.8365e-08
   795  2.6515e-08
   796  2.7146e-08
   797  2.6834e-08
   799  2.5138e-08
   801  2.6071e-08
   803  2.2294e-08
   805  2.3924e-08
   806  2.4231e-08
   809  2.4377e-08
   810  2.5911e-08
   813  2.4439e-08
   815  2.6501e-08
   816  2.5389e-08
   819  2.7378e-08
   820  2.4193e-08
   822  2.4392e-08
   824  2.1437e-08
   827  2.0627e-08
   829  2.0449e-08
   831  2.1881e-08
   834  1.7896e-08
   835  1.7786e-08
   837  1.8080e-08
   840  1.7905e-08
   841  1.4701e-08
   842  1.4624e-08
   843  1.3410e-08
   845  1.1844e-08
   846  1.1348e-08
   848  9.3438e-09
   851  9.3758e-09
   853  9.6312e-09
   856  9.5899e-09
   857  7.7730e-09
   860  7.3104e-09
   861  6.8902e-09
   864  7.0750e-09
   867  6.6203e-09
   868  5.7229e-09
   869  5.0785e-09
   870  4.6188e-09
   872  4.7895e-09
   874  4.7558e-09
   877  4.0110e-09
   880  4.3002e-09
   883  4.2467e-09
   884  3.9022e-09
   885  3.4716e-09
   887  3.1718e-09
   889  3.0661e-09
   892  2.9788e-09
   895  2.5668e-09
   896  2.6948e-09
   898  2.7573e-09
   901  2.5332e-09
   903  2.7089e-09
   905  2.3494e-09
   906  2.4117e-09
   907  1.9997e-09
   910  1.8704e-09
   913  1.7160e-09
   915  1.6478e-09
   916  1.7421e-09
   919  1.4153e-09
   921  1.1641e-09
   924  1.1325e-09
   925  9.6218e-10
   928  1.0048e-09
   929  1.0203e-09
   932  9.8361e-10
   935  1.0375e-09
   938  1.1395e-09
   941  1.0151e-09
   942  9.0447e-10
   945  9.3153e-10
   947  8.3843e-10
   948  7.7871e-10
   949  7.9888e-10
   952  8.0766e-10
   953  7.8620e-10
   955  7.8526e-10
   958  6.3903e-10
   960  6.0185e-10
   963  6.6036e-10
   965  5.5479e-10
   968  4.8307e-10
   971  4.8524e-10
   973  4.4905e-10
   976  4.1603e-10
   977  3.8799e-10
   979  3.4018e-10
   981  3.4684e-10
   982  2.9728e-10
   985  2.9425e-10
   987  2.4220e-10
   988  2.5392e-10
   990  2.7081e-10
   991  2.8044e-10
   992  2.9967e-10
   995  2.9667e-10
   996  2.7377e-10
   998  2.3475e-10
  1000  2.5693e-10
  1002  2.2158e-10
  1003  2.0384e-10
  1004  2.2031e-10
  1005  1.9109e-10
  1008  2.0667e-10
  1011  2.0729e-10
  1013  2.0312e-10
  1014  1.9255e-10
  1017  1.6634e-10
  1019  1.4738e-10
  1022  1.5354e-10
  1025  1.5327e-10
  1027  1.4399e-10
  1030  1.5203e-10
  1033  1.6069e-10
  1036  1.6014e-10
  1039  1.3553e-10
  1041  1.2038e-10
  1044  1.2443e-10
  1045  1.0798e-10
  1048  1.0153e-10
  1049  8.1674e-11
  1051  8.0330e-11
  1054  7.7433e-11
  1055  6.5595e-11
  1057  6.2637e-11
  1060  5.5327e-11
  1061  4.4469e-11
  1063  4.1020e-11
  1064  3.9652e-11
  1067  3.7195e-11
  1069  3.6808e-11
  1071  3.9342e-11
  1072  3.1800e-11
  1075  3.4544e-11
  1076  3.4951e-11
  1078  3.5919e-11
  1081  3.5515e-11
  1083  3.6731e-11
  1084  2.9595e-11
  1087  2.3990e-11
  1088  2.3015e-11
  1091  1.9222e-11
  1092  2.0348e-11
  1093  1.7202e-11
  1094  1.8661e-11
  1097  1.8551e-11
  1099  1.9679e-11
  1100  1.6364e-11
  1103  1.4597e-11
  1104  1.6043e-11
  1106  1.3988e-11
  1107  1.3485e-11
  1110  1.1625e-11
  1111  1.0398e-11
  1114  9.0164e-12
  1115  7.5357e-12
  1117  8.0538e-12
  1120  6.8130e-12
  1123  6.2035e-12
  1124  5.5006e-12
  1127  4.8743e-12
  1130  4.0323e-12
  1132  3.4093e-12
  1133  3.4511e-12
  1135  3.2224e-12
  1138  3.5408e-12
  1140  3.4470e-12
  1141  3.0959e-12
  1144  2.9867e-12
  1145  2.3902e-12
  1147  2.0636e-12
  1148  2.1241e-12
  1151  1.7185e-12
  1153  1.5605e-12
  1155  1.4909e-12
  1157  1.6293e-12
  1159  1.4249e-12
  1162  1.4010e-12
  1163  1.5348e-12
  1165  1.6071e-12
  1168  1.4699e-12
  1171  1.2130e-12
  1174  1.2488e-12
  1176  1.3377e-12
  1177  1.3363e-12
  1180  1.3268e-12
  1181  1.3242e-12
  1183  1.3845e-12
  1186  1.5131e-12
  1188  1.5124e-12
  1191  1.4382e-12
  1192  1.2973e-12
  1193  1.3995e-12
  1196  1.1885e-12
  1197  9.7608e-13
  1199  8.5838e-13
  1202  8.7271e-13
  1205  8.5385e-13
  1206  7.9874e-13
  1208  6.7851e-13
  1211  6.1198e-13
  1212  6.3348e-13
  1214  5.0951e-13
  1215  5.0576e-13
  1218  4.4481e-13
  1220  4.2387e-13
  1221  3.5641e-13
  1223  3.7301e-13
  1225  3.6480e-13
  1227  3.6651e-13
  1229  3.1723e-13
  1231  2.5919e-13
  1234  2.2870e-13
  1236  1.9082e-13
  1237  1.5360e-13
  1238  1.3171e-13
  1240  1.3952e-13
  1241  1.4702e-13
  1244  1.4839e-13
  1247  1.2288e-13
  1250  1.1321e-13
  1252  1.0276e-13
  1255  9.5310e-14
  1258  8.4244e-14
  1260  6.9584e-14
  1261  7.5582e-14
  1262  8.0697e-14
  1264  7.8167e-14
  1265  6.7239e-14
  1268  7.1962e-14
  1270  6.9488e-14
  1273  6.1188e-14
  1276  5.0730e-14
  1278  5.0133e-14
  1280  4.9585e-14
  1281  5.2863e-14
  1284  4.8182e-14
  1287  4.5714e-14
  1288  4.4935e-14
  1290  3.9515e-14
  1292  3.3155e-14
  1293  3.5875e-14
  1294  2.8819e-14
  1295  2.5211e-14
  1296  2.0573e-14
  1299  2.0931e-14
  1301  2.2687e-14
  1304  2.0768e-14
  1306  1.7953e-14
  1308  1.5553e-14
  1309  1.6231e-14
  1311  1.7316e-14
  1312  1.8944e-14
  1314  1.7548e-14
  1317  1.4145e-14
  1318  1.1493e-14
  1320  1.0606e-14
  1323  1.1601e-14
  1324  1.1471e-14
  1326  1.2148e-14
  1327  1.1146e-14
  1330  1.0274e-14
  1332  9.7417e-15
  1334  9.0962e-15
  1336  7.2856e-15
  1337  6.3613e-15
  1339  5.4922e-15
  1341  5.1065e-15
  1343  5.1302e-15
  1344  4.4210e-15
  1346  4.4975e-15
  1347  4.4257e-15
  1348  3.9734e-15
  1351  4.0953e-15
  1354  3.4469e-15
  1357  2.9121e-15
  1358  2.8654e-15
  1360  2.4158e-15
  1362  2.3899e-15
  1365  2.4643e-15
  1367  2.0910e-15
  1368  1.8754e-15
  1371  1.9710e-15
  1374  1.6897e-15
  1375  1.7402e-15
  1378  1.6569e-15
  1381  1.5415e-15
  1383  1.6347e-15
  1385  1.5435e-15
  1388  1.2734e-15
  1389  1.0614e-15
  1392  8.8556e-16
  1393  7.9530e-16
  1396  8.2803e-16
  1398  8.3185e-16
  1401  7.8238e-16
  1404  7.2517e-16
  1405  6.0090e-16
  1407  5.2762e-16
  1409  4.3584e-16
  1410  4.4071e-16
  1411  3.5984e-16
  1414  3.4537e-16
  1416  3.0364e-16
  1417  2.9604e-16
  1420  2.3757e-16
  1421  2.2796e-16
  1424  2.0851e-16
  1427  2.2871e-16
  1428  2.2739e-16
  1429  2.2735e-16
  1430  2.3568e-16
  1431  2.1599e-16
  1432  2.0317e-16
  1434  1.7967e-16
  1437  1.6330e-16
  1440  1.6543e-16
  1443  1.4206e-16
  1446  1.4078e-16
  1448  1.4803e-16
  1450  1.1930e-16
  1451  1.0510e-16
  1452  8.9705e-17
  1453  7.3074e-17
  1454  5.8892e-17
  1455  4.9612e-17
  1456  4.7113e-17
  1458  3.9556e-17
  1461  3.5215e-17
  1463  3.0827e-17
  1465  3.1943e-17
  1467  2.8176e-17
  1468  2.7236e-17
  1471  2.3427e-17
  1474  1.9905e-17
  1476  1.7462e-17
  1478  1.7887e-17
  1479  1.8593e-17
  1481  1.5225e-17
  1484  1.4757e-17
  1487  1.3506e-17
  1489  1.1002e-17
  1491  9.7034e-18
  1493  1.0258e-17
  1495  8.7789e-18
  1498  7.9849e-18
  1499  7.5617e-18
  1500  7.8274e-18
  1502  8.1399e-18
  1505  7.2969e-18
  1508  6.4396e-18
  1511  5.8121e-18
  1512  5.1422e-18
  1513  4.2173e-18
  1515  4.2857e-18
  1516  3.9574e-18
  1519  3.5473e-18
  1521  2.9711e-18
  1524  3.1809e-18
  1526  3.1174e-18
  1527  2.9942e-18
  1528  2.5872e-18
  1531  2.3693e-18
  1534  2.0064e-18
  1535  1.7948e-18
  1536  1.4371e-18
  1539  1.4393e-18
  1542  1.4646e-18
  1545  1.2386e-18
  1546  1.2494e-18
  1547  1.0831e-18
  1549  8.6678e-19
  1550  8.0559e-19
  1553  8.1616e-19
  1554  6.7710e-19
  1556  7.1550e-19
  1558  7.5233e-19
  1560  7.1799e-19
  1562  7.5260e-19
  1563  6.5896e-19
  1565  6.3135e-19
  1567  6.5386e-19
  1568  6.6279e-19
  1571  6.8763e-19
  1574  7.2888e-19
  1575  7.3072e-19
  1576  7.6243e-19
  1578  7.1541e-19
  1579  6.1354e-19
  1581  6.3915e-19
  1582  5.6588e-19
  1584  5.0805e-19
  1586  5.4023e-19
  1588  5.1037e-19
  1591  4.4098e-19
  1593  4.5738e-19
  1595  3.7408e-19
  1597  3.7918e-19
  1600  3.8205e-19
  1603  3.4080e-19
  1606  3.4183e-19
  1608  2.8952e-19
  1611  2.7598e-19
  1612  2.8698e-19
  1613  2.9762e-19
  1615  2.8447e-19
  1617  3.0434e-19
  1619  3.1865e-19
  1622  3.0340e-19
  1624  2.9665e-19
  1627  2.9602e-19
  1628  2.7307e-19
  1629  2.4276e-19
  1631  1.9924e-19
  1632  1.8360e-19
  1633  1.4857e-19
  1634  1.2389e-19
  1635  1.0064e-19
  1637  9.6208e-20
  1638  8.3221e-20
  1641  6.8781e-20
  1643  5.9044e-20
  1646  5.2156e-20
  1648  5.6895e-20
  1651  5.4926e-20
  1654  5.4894e-20
  1655  4.4050e-20
  1658  4.0197e-20
  1660  3.4161e-20
  1661  3.6634e-20
  1662  3.5784e-20
  1665  3.6941e-20
  1668  3.4290e-20
  1670  3.7371e-20
  1671  4.0604e-20
  1673  3.5938e-20
  1674  3.2389e-20
  1675  3.3012e-20
  1676  3.1834e-20
  1679  3.4844e-20
  1681  3.3538e-20
  1683  3.4156e-20
  1685  3.4214e-20
  1688  2.9093e-20
  1691  3.0946e-20
  1692  2.6016e-20
  1694  2.5220e-20
  1697  2.6039e-20
  1698  2.6077e-20
  1701  2.5617e-20
  1702  2.2956e-20
  1704  2.3844e-20
  1705  2.3358e-20
  1706  2.4693e-20
  1709  2.1701e-20
  1710  2.1964e-20
  1713  1.8796e-20
  1716  1.7283e-20
  1719  1.7709e-20
  1721  1.9297e-20
  1724  1.5712e-20
  1726  1.3915e-20
  1727  1.4293e-20
  1729  1.4873e-20
  1732  1.3069e-20
  1735  1.2125e-20
  1736  1.3320e-20
  1738  1.1391e-20
  1740  1.1493e-20
  1742  9.2613e-21
  1745  9.4627e-21
  1747  9.6211e-21
  1748  9.4466e-21
  1751  9.4929e-21
  1754  9.9556e-21
  1756  9.1463e-21
  1757  7.6853e-21
  1759  6.2732e-21
  1762  6.0531e-21
  1764  6.2436e-21
  1767  6.0683e-21
  1769  5.4534e-21
  1770  5.6125e-21
  1771  4.9360e-21
  1772  4.2320e-21
  1774  4.1865e-21
  1776  3.3687e-21
  1778  2.9671e-21
  1781  3.0299e-21
  1783  2.9972e-21
  1784  2.9687e-21
  1787  2.7562e-21
  1790  2.9713e-21
  1792  3.0297e-21
  1793  3.0352e-21
  1794  2.6053e-21
  1796  2.1972e-21
  1798  2.2056e-21
  1799  1.9566e-21
  1800  1.6888e-21
  1801  1.3962e-21
  1802  1.2996e-21
  1804  1.0607e-21
  1805  1.1005e-21
  1808  1.1795e-21
  1810  1.2004e-21
  1812  1.2211e-21
  1815  1.1798e-21
  1817  1.1585e-21
  1818  1.2586e-21
  1819  1.0940e-21
  1821  1.1873e-21
  1823  1.1817e-21
  1825  9.7253e-22
  1826  8.3259e-22
  1827  8.6270e-22
  1830  7.3412e-22
  1833  6.4800e-22
  1835  5.6664e-22
  1837  5.7559e-22
  1839  5.9851e-22
  1840  5.5076e-22
  1842  5.6132e-22
  1844  5.2629e-22
  1846  4.5015e-22
  1849  3.9103e-22
  1850  3.2324e-22
  1853  3.0901e-22
  1855  3.2039e-22
  1858  2.8052e-22
  1859  2.8529e-22
  1862  2.9778e-22
  1865  2.9244e-22
  1866  2.7674e-22
  1868  2.2822e-22
  1871  1.9132e-22
  1872  1.8491e-22
  1875  1.8593e-22
  1878  1.5088e-22
  1881  1.3012e-22
  1883  1.1050e-22
  1885  9.4030e-23
  1886  8.0708e-23
  1889  6.9765e-23
  1891  7.4805e-23
  1892  6.8576e-23
  1894  7.2091e-23
  1895  5.9061e-23
  1898  5.2220e-23
  1899  4.2292e-23
  1902  4.1928e-23
  1903  4.1823e-23
  1906  4.3124e-23
  1909  4.6287e-23
  1911  4.7333e-23
  1912  4.4220e-23
  1913  4.1136e-23
  1914  4.3207e-23
  1916  4.7375e-23
  1917  4.5264e-23
  1919  4.4470e-23
  1920  4.0156e-23
  1921  3.8263e-23
  1922  3.5650e-23
  1924  3.7716e-23
  1927  3.4436e-23
  1930  3.5072e-23
  1931  3.7202e-23
  1932  3.4921e-23
  1935  3.5703e-23
  1938  2.9157e-23
  1940  2.7988e-23
  1942  2.7544e-23
  1945  2.8011e-23
  1947  2.5016e-23
  1948  2.3157e-23
  1949  1.9455e-23
  1951  1.5672e-23
  1953  1.3053e-23
  1955  1.0661e-23
  1958  1.0794e-23
  1960  9.4092e-24
  1963  7.8343e-24
  1966  8.3458e-24
  1967  7.0740e-24
  1970  6.6030e-24
  1972  6.5701e-24
  1975  6.0535e-24
  1976  5.2928e-24
  1979  4.9095e-24
  1980  4.7876e-24
  1981  4.3928e-24
  1983  4.8152e-24
  1986  4.1273e-24
  1987  4.3961e-24
  1989  4.2718e-24
  1990  4.0994e-24
  1992  3.8042e-24
  1994  3.1644e-24
  1995  2.6491e-24
  1997  2.5965e-24
  1998  2.5537e-24
  2001  2.5689e-24
  2003  2.2437e-24
  2005  2.4239e-24
  2007  2.6169e-24
  2008  2.5695e-24
  2010  2.5389e-24
  2013  2.6903e-24
  2015  2.2713e-24
  2018  2.4385e-24
  2019  2.4728e-24
  2020  2.1978e-24
  2023  2.4059e-24
  2025  2.3572e-24
  2027  1.9307e-24
  2030  1.9875e-24
  2033  2.0420e-24
  2034  1.8460e-24
  2035  1.8575e-24
  2037  2.0273e-24
  2039  1.9832e-24
  2042  1.8049e-24
  2044  1.6936e-24
  2047  1.5461e-24
  2049  1.4572e-24
  2051  1.4623e-24
  2053  1.2345e-24
  2056  1.2462e-24
  2058  1.1942e-24
  2059  1.2777e-24
  2062  1.0276e-24
  2064  1.0094e-24
  2065  9.3153e-25
  2068  1.0174e-24
  2070  1.0250e-24
  2071  1.0073e-24
  2073  9.8671e-25
  2074  9.5686e-25
  2076  8.5379e-25
  2079  6.9750e-25
  2081  6.5579e-25
  2084  7.1304e-25
  2085  7.7285e-25
  2086  6.8539e-25
  2088  6.8954e-25
  2091  7.1975e-25
  2093  7.2667e-25
  2095  6.1006e-25
  2096  6.5848e-25
  2099  6.0060e-25
  2101  5.6410e-25
  2102  5.0908e-25
  2105  4.7817e-25
  2107  4.4577e-25
  2109  4.9005e-25
  2111  4.2389e-25
  2112  3.4555e-25
  2114  2.9915e-25
  2116  2.6796e-25
  2118  2.6839e-25
  2121  2.5060e-25
  2123  2.4513e-25
  2126  2.4063e-25
  2127  2.0484e-25
  2129  2.0804e-25
  2130  1.7112e-25
  2132  1.7060e-25
  2135  1.3806e-25
  2138  1.3907e-25
  2141  1.2272e-25
  2142  1.1179e-25
  2144  9.4979e-26
  2147  9.4828e-26
  2150  1.0062e-25
  2153  1.0086e-25
  2155  1.0836e-25
  2156  9.0200e-26
  2157  9.5250e-26
  2158  7.9863e-26
  2161  8.7239e-26
  2162  7.7946e-26
  2165  6.2651e-26
  2167  6.6486e-26
  2170  6.8973e-26
  2172  6.4745e-26
  2174  5.2002e-26
  2175  4.9368e-26
  2176  4.2068e-26
  2179  3.5485e-26
  2180  3.3143e-26
  2182  3.5311e-26
  2185  3.4981e-26
  2188  3.1962e-26
  2189  3.1667e-26
  2191  2.8083e-26
  2194  2.8057e-26
  2195  2.2647e-26
  2197  2.3187e-26
  2199  1.8650e-26
  2200  1.5005e-26
  2201  1.3289e-26
  2203  1.1272e-26
  2205  1.1948e-26
  2206  1.2403e-26
  2208  1.3335e-26
  2209  1.0860e-26
  2212  9.8898e-27
  2215  1.0567e-26
  2218  1.1429e-26
  2219  1.2322e-26
  2220  1.0209e-26
  2222  8.9905e-27
  2223  8.6217e-27
  2226  8.1464e-27
  2227  8.6751e-27
  2229  8.9874e-27
  2231  7.5888e-27
  2234  8.2863e-27
  2237  8.6116e-27
  2239  9.2037e-27
  2242  8.5309e-27
  2243  8.4726e-27
  2245  9.0417e-27
  2248  8.1729e-27
  2250  8.1791e-27
  2251  8.8991e-27
  2253  7.3420e-27
  2254  7.4023e-27
  2257  6.1165e-27
  2258  5.9094e-27
  2261  5.2688e-27
  2263  4.9218e-27
  2265  4.2354e-27
  2267  4.1537e-27
  2268  3.4438e-27
  2271  3.3328e-27
  2274  2.7901e-27
  2276  2.7055e-27
  2278  2.6397e-27
  2281  2.2510e-27
  2283  2.3794e-27
  2286  2.0094e-27
  2288  1.7177e-27
  2290  1.6255e-27
  2292  1.6577e-27
  2294  1.7799e-27
  2296  1.5169e-27
  2299  1.3409e-27
  2301  1.3947e-27
  2304  1.2025e-27
  2306  1.2858e-27
  2309  1.2611e-27
  2312  1.2588e-27
  2314  1.3296e-27
  2315  1.4362e-27
  2316  1.4329e-27
  2317  1.5390e-27
  2320  1.4754e-27
  2322  1.1841e-27
  2325  9.5161e-28
  2327  1.0275e-27
  2328  1.1075e-27
  2331  1.1118e-27
  2334  1.1724e-27
  2335  1.2657e-27
  2337  1.0343e-27
  2338  8.3996e-28
  2340  6.7742e-28
  2341  6.1825e-28
  2343  5.7213e-28
  2344  4.7527e-28
  2345  4.6366e-28
  2348  3.9346e-28
  2349  3.4245e-28
  2351  2.7978e-28
  2352  2.4765e-28
  2353  2.1063e-28
  2354  1.8984e-28
  2357  1.9357e-28
  2360  2.0462e-28
  2363  1.7734e-28
  2364  1.9468e-28
  2366  1.8298e-28
  2368  1.8977e-28
  2370  2.0666e-28
  2371  1.7582e-28
  2374  1.6697e-28
  2375  1.8053e-28
  2377  1.5356e-28
  2378  1.3893e-28
  2381  1.2345e-28
  2383  1.1369e-28
  2386  1.0100e-28
  2388  8.8547e-29
  2390  8.6454e-29
  2392  7.6994e-29
  2394  7.4347e-29
  2396  7.0150e-29
  2397  6.5268e-29
  2400  6.9988e-29
  2403  6.5703e-29
  2405  5.3899e-29
  2407  4.9017e-29
  2409  4.6482e-29
  2411  3.8241e-29
  2414  3.2224e-29
  2415  2.8989e-29
  2418  2.8006e-29
  2420  2.7523e-29
  2421  2.2283e-29
  2423  1.8902e-29
  2425  1.7046e-29
  2428  1.5312e-29
  2431  1.2309e-29
  2434  1.2080e-29
  2435  1.0085e-29
  2438  1.0969e-29
  2441  9.0206e-30
  2443  8.7090e-30
  2446  7.8529e-30
  2449  7.4051e-30
  2452  6.5552e-30
  2453  6.8601e-30
  2455  6.4814e-30
  2458  5.3947e-30
  2459  5.5271e-30
  2462  5.5471e-30
  2463  6.0053e-30
  2464  5.2266e-30
  2465  4.7051e-30
  2467  4.8287e-30
  2469  3.9123e-30
  2472  4.0629e-30
  2474  3.6642e-30
  2477  3.8084e-30
  2480  3.3528e-30
  2482  2.7839e-30
  2483  2.2510e-30
  2485  2.2576e-30
  2487  2.0915e-30
  2488  2.1887e-30
  2491  1.9368e-30
  2493  1.9565e-30
  2495  1.8056e-30
  2496  1.6470e-30
  2497  1.5513e-30
  2498  1.4176e-30
  2501  1.3111e-30
  2503  1.1606e-30
  2505  1.2344e-30
  2506  1.3469e-30
  2507  1.4618e-30
  2510  1.2532e-30
  2512  1.0819e-30
  2515  9.9012e-31
  2516  9.5507e-31
  2519  9.4401e-31
  2520  9.8457e-31
  2521  8.9996e-31
  2522  7.6831e-31
  2523  8.0060e-31
  2525  7.3359e-31
  2526  6.8258e-31
  2527  7.1166e-31
  2530  7.2238e-31
  2533  6.9726e-31
  2534  6.4433e-31
  2536  6.8988e-31
  2539  6.7804e-31
  2541  5.7449e-31
  2543  4.8660e-31
  2545  3.9734e-31
  2547  4.0538e-31
  2548  3.2663e-31
  2551  3.0734e-31
  2554  3.0879e-31
  2556  3.2043e-31
  2559  2.9464e-31
  2562  2.9521e-31
  2564  3.1245e-31
  2567  2.5421e-31
  2569  2.2172e-31
  2570  2.2184e-31
  2572  2.3936e-31
  2574  2.1118e-31
  2575  1.9801e-31
  2578  1.7770e-31
  2579  1.8688e-31
  2580  1.9696e-31
  2583  1.8370e-31
  2584  1.9329e-31
  2585  1.7865e-31
  2586  1.8918e-31
  2587  1.9130e-31
  2590  2.0923e-31
  2592  2.2413e-31
  2595  2.1090e-31
  2596  1.9957e-31
  2598  2.1862e-31
  2601  2.2080e-31
  2603  2.2394e-31
  2606  1.8636e-31
  2609  1.6527e-31
  2611  1.6785e-31
  2614  1.3891e-31
  2616  1.1398e-31
  2618  1.1661e-31
  2621  1.1492e-31
  2622  1.1541e-31
  2623  1.1438e-31
  2624  1.1850e-31
  2626  1.0541e-31
  2627  1.1217e-31
  2628  1.0298e-31
  2630  8.8031e-32
  2633  8.9847e-32
  2634  8.7766e-32
  2636  8.0369e-32
  2637  8.2093e-32
  2638  8.8571e-32
  2640  7.5747e-32
  2643  6.6191e-32
  2645  6.0469e-32
  2646  5.9105e-32
  2648  5.6136e-32
  2649  5.8635e-32
  2652  5.6260e-32
  2655  6.1028e-32
  2656  6.2336e-32
  2658  5.7604e-32
  2660  6.1498e-32
  2663  5.2113e-32
  2666  5.3400e-32
  2668  5.6794e-32
  2669  4.6298e-32
  2672  4.9717e-32
  2673  5.0496e-32
  2674  5.4683e-32
  2676  5.9218e-32
  2677  4.8910e-32
  2680  4.1021e-32
  2682  3.7416e-32
  2684  3.8941e-32
  2686  4.0856e-32
  2687  4.4533e-32
  2689  4.6975e-32
  2691  4.9864e-32
  2694  4.6145e-32
  2696  4.1827e-32
  2699  3.5893e-32
  2702  3.7760e-32
  2704  3.5493e-32
  2707  3.1994e-32
  2709  3.4083e-32
  2710  2.9600e-32
  2711  2.3897e-32
  2714  2.2593e-32
  2717  1.9461e-32
  2719  1.8069e-32
  2720  1.8960e-32
  2722  1.5805e-32
  2724  1.2858e-32
  2726  1.1936e-32
  2727  1.0862e-32
  2729  8.7806e-33
  2730  7.2727e-33
  2733  7.9527e-33
  2734  6.4505e-33
  2737  6.2321e-33
  2738  6.2852e-33
  2740  5.3501e-33
  2741  5.3347e-33
  2742  4.7387e-33
  2743  4.4910e-33
  2746  4.4110e-33
  2749  4.6942e-33
  2752  4.3257e-33
  2753  4.6045e-33
  2754  4.5801e-33
  2757  4.7678e-33
  2759  3.9687e-33
  2761  3.9594e-33
  2762  4.1013e-33
  2764  3.7730e-33
  2767  3.3485e-33
  2770  3.6552e-33
  2771  3.7045e-33
  2772  3.6777e-33
  2773  4.0007e-33
  2774  3.4662e-33
  2777  3.2602e-33
  2779  3.5677e-33
  2781  3.2623e-33
  2783  3.1569e-33
  2786  3.3168e-33
  2789  3.2279e-33
  2792  2.9648e-33
  2793  2.8527e-33
  2795  2.4900e-33
  2797  2.4393e-33
  2799  2.2078e-33
  2800  2.3211e-33
  2802  2.1648e-33
  2805  2.2503e-33
  2808  2.1608e-33
  2811  1.8367e-33
  2813  2.0154e-33
  2814  2.0836e-33
  2816  1.9741e-33
  2817  1.9410e-33
  2818  1.9632e-33
  2820  2.0412e-33
  2823  1.8912e-33
  2824  1.9114e-33
  2826  2.0370e-33
  2827  1.6576e-33
  2829  1.3884e-33
  2831  1.1324e-33
  2833  9.8584e-34
  2834  1.0717e-33
  2836  1.1438e-33
  2838  1.0433e-33
  2840  9.4745e-34
  2842  9.5703e-34
  2844  8.0339e-34
  2845  7.6455e-34
  2846  6.5004e-34
  2848  5.7495e-34
  2850  5.6066e-34
  2853  5.9329e-34
  2855  5.4607e-34
  2858  5.4044e-34
  2861  5.1687e-34
  2863  4.4552e-34
  2865  4.8996e-34
  2868  4.6266e-34
  2870  4.0081e-34
  2871  3.5318e-34
  2874  3.0581e-34
  2875  3.3133e-34
  2876  2.7939e-34
  2877  2.9410e-34
  2878  2.9729e-34
  2880  2.5113e-34
  2882  2.1201e-34
  2883  2.0015e-34
  2886  1.8584e-34
  2889  1.7629e-34
  2890  1.5552e-34
  2892  1.6503e-34
  2894  1.5883e-34
  2895  1.7364e-34
  2897  1.3929e-34
  2898  1.3510e-34
  2900  1.4852e-34
  2901  1.6312e-34
  2902  1.5714e-34
  2904  1.6875e-34
  2907  1.6845e-34
  2908  1.4292e-34
  2909  1.2228e-34
  2912  1.1202e-34
  2914  1.0381e-34
  2917  1.1266e-34
  2920  1.1917e-34
  2923  1.1881e-34
  2926  9.8805e-35
  2928  8.0197e-35
  2930  7.4142e-35
  2932  7.3342e-35
  2934  6.3368e-35
  2937  5.9529e-35
  2940  5.2074e-35
  2943  5.4451e-35
  2946  5.6710e-35
  2949  4.8763e-35
  2951  5.1857e-35
  2953  4.9857e-35
  2954  4.2367e-35
  2955  4.4284e-35
  2957  4.5214e-35
  2960  4.3172e-35
  2963  3.8889e-35
  2965  3.2904e-35
  2966  3.1958e-35
  2967  2.6312e-35
  2968  2.5282e-35
  2971  2.1181e-35
  2974  2.2405e-35
  2975  2.3476e-35
  2977  2.0819e-35
  2979  2.2341e-35
  2981  1.9152e-35
  2984  1.6634e-35
  2985  1.3750e-35
  2987  1.1091e-35
  2988  1.1598e-35
  2990  1.1559e-35
  2993  1.0521e-35
  2995  9.7404e-36
  2997  9.6948e-36
  2999  8.4853e-36
  3002  7.2839e-36
  3003  6.0242e-36
  3004  6.4507e-36
  3005  6.3828e-36
  3007  6.8264e-36
  3010  7.0865e-36
  3013  7.5879e-36
  3016  6.3835e-36
  3018  5.9834e-36
  3021  6.1780e-36
  3022  5.5329e-36
  3025  4.8263e-36
  3026  4.0687e-36
  3028  4.1408e-36
  3030  4.0637e-36
  3033  3.5043e-36
  3034  3.0438e-36
  3036  2.8001e-36
  3038  2.2989e-36
  3040  2.4741e-36
  3041  2.3385e-36
  3043  2.3490e-36
  3045  2.4051e-36
  3047  2.4906e-36
  3050  2.7229e-36
  3053  2.5346e-36
  3054  2.5168e-36
  3055  2.4666e-36
  3056  2.5973e-36
  3059  2.2429e-36
  3060  2.3543e-36
  3062  1.8851e-36
  3065  1.9022e-36
  3067  1.9204e-36
  3070  1.7838e-36
  3071  1.6719e-36
  3072  1.4915e-36
  3074  1.3414e-36
  3077  1.2869e-36
  3080  1.2226e-36
  3083  1.0380e-36
  3084  8.8412e-37
  3085  8.2496e-37
  3086  8.1100e-37
  3088  7.9370e-37
  3090  8.2992e-37
  3091  7.7636e-37
  3093  6.6977e-37
  3095  6.0549e-37
  3098  5.1270e-37
  3101  5.0808e-37
  3102  4.9294e-37
  3105  5.0294e-37
  3108  5.4127e-37
  3109  5.2466e-37
  3110  5.4100e-37
  3113  5.3530e-37
  3114  5.4341e-37
  3115  5.4984e-37
  3117  4.9768e-37
  3120  4.1623e-37
  3123  3.3360e-37
  3126  2.8892e-37
  3127  2.3314e-37
  3129  2.3070e-37
  3130  1.9640e-37
  3131  1.6560e-37
  3134  1.3658e-37
  3136  1.1373e-37
  3137  1.1914e-37
  3139  1.1110e-37
  3140  9.9516e-38
  3142  9.7219e-38
  3145  9.9162e-38
  3148  1.0682e-37
  3149  9.7894e-38
  3151  1.0360e-37
  3154  1.0389e-37
  3155  1.0130e-37
  3158  9.8706e-38
  3159  1.0153e-37
  3161  9.1334e-38
  3162  8.8089e-38
  3165  8.5795e-38
  3167  9.2247e-38
  3168  7.4399e-38
  3169  7.7006e-38
  3170  8.3037e-38
  3171  8.7496e-38
  3173  9.4846e-38
  3174  7.6070e-38
  3175  7.0475e-38
  3177  7.4997e-38
  3180  7.4587e-38
  3183  7.7233e-38
  3186  7.9055e-38
  3189  8.5859e-38
  3190  8.4581e-38
  3191  8.4542e-38
  3193  8.9775e-38
  3196  9.8613e-38
  3198  9.2494e-38
  3199  8.9205e-38
  3200  8.2408e-38
  3203  9.0434e-38
  3204  8.5574e-38
  3207  8.7591e-38
  3210  7.0567e-38
  3211  5.8590e-38
  3213  4.8661e-38
  3216  4.1351e-38
  3219  3.5323e-38
  3222  3.6785e-38
  3224  3.1831e-38
  3227  3.1198e-38
  3228  3.0409e-38
  3230  3.0295e-38
  3231  2.4349e-38
  3234  2.4246e-38
  3235  2.4161e-38
  3236  2.0928e-38
  3239  2.0516e-38
  3241  1.9352e-38
  3242  1.6246e-38
  3244  1.4457e-38
  3246  1.4349e-38
  3247  1.2343e-38
  3248  1.3281e-38
  3249  1.4081e-38
  3250  1.2525e-38
  3251  1.1771e-38
  3252  1.0471e-38
  3253  1.0937e-38
  3256  9.3006e-39
  3257  7.5756e-39
  3259  6.6333e-39
  3260  7.2367e-39
  3262  6.5588e-39
  3264  5.4784e-39
  3266  5.5715e-39
  3267  5.9374e-39
  3268  5.0075e-39
  3270  4.7771e-39
  3273  4.0223e-39
  3274  4.2022e-39
  3276  3.3956e-39
  3277  3.0553e-39
  3278  2.8948e-39
  3279  2.8563e-39
  3282  2.8935e-39
  3283  2.8866e-39
  3286  2.3221e-39
  3287  2.4762e-39
  3290  2.0307e-39
  3292  1.9844e-39
  3293  2.1330e-39
  3294  1.8732e-39
  3297  1.8141e-39
  3299  1.9951e-39
  3301  1.6103e-39
  3302  1.6234e-39
  3303  1.6249e-39
  3306  1.5560e-39
  3309  1.3374e-39
  3310  1.3593e-39
  3312  1.1322e-39
  3315  1.0216e-39
  3316  1.0466e-39
  3319  9.5527e-40
  3322  9.5756e-40
  3323  8.0068e-40
  3325  6.4321e-40
  3326  5.3108e-40
  3328  4.7224e-40
  3329  3.9193e-40
  3330  3.3957e-40
  3331  3.0072e-40
  3332  2.9981e-40
  3334  3.1511e-40
  3335  2.7977e-40
  3337  2.5554e-40
  3338  2.6109e-40
  3339  2.8044e-40
  3341  2.2913e-40
  3344  1.8898e-40
  3347  1.5615e-40
  3350  1.6057e-40
  3353  1.3773e-40
  3354  1.4749e-40
  3356  1.5667e-40
  3359  1.6775e-40
  3361  1.3664e-40
  3362  1.1855e-40
  3364  1.0875e-40
  3365  1.0019e-40
  3366  8.0331e-41
  3369  8.5490e-41
  3372  9.2684e-41
  3373  1.0032e-40
  3374  1.0242e-40
  3375  8.7499e-41
  3378  9.1076e-41
  3379  9.2917e-41
  3381  8.7061e-41
  3382  8.8567e-41
  3384  9.4618e-41
  3385  8.4651e-41
  3386  7.2678e-41
  3388  7.1835e-41
  3391  6.6334e-41
  3392  5.3387e-41
  3395  5.6428e-41
  3396  5.3064e-41
  3397  4.8937e-41
  3400  4.2723e-41
  3402  3.6480e-41
  3404  3.1810e-41
  3407  2.8121e-41
  3408  2.8598e-41
  3411  2.4235e-41
  3412  2.4149e-41
  3414  2.4516e-41
  3417  2.0917e-41
  3420  2.2632e-41
  3422  2.1078e-41
  3423  2.1847e-41
  3426  2.0405e-41
  3428  1.9970e-41
  3429  2.0609e-41
  3430  2.2332e-41
  3433  2.1042e-41
  3436  2.2881e-41
  3437  2.0579e-41
  3440  2.1706e-41
  3441  1.8876e-41
  3443  1.6484e-41
  3444  1.7727e-41
  3447  1.8755e-41
  3448  1.7743e-41
  3451  1.7287e-41
  3452  1.7176e-41
  3455  1.5608e-41
  3458  1.4622e-41
  3459  1.5438e-41
  3461  1.3977e-41
  3464  1.1618e-41
  3467  1.2309e-41
  3469  1.0493e-41
  3470  9.5633e-42
  3473  7.6696e-42
  3475  7.4092e-42
  3478  5.9279e-42
  3480  6.0533e-42
  3481  6.6541e-42
  3484  6.2561e-42
  3485  5.4201e-42
  3487  5.3468e-42
  3489  5.5542e-42
  3491  6.0811e-42
  3492  6.1627e-42
  3495  6.3974e-42
  3497  6.5061e-42
  3500  5.7550e-42
  3502  5.7080e-42
  3505  5.8098e-42
  3506  5.3559e-42
  3509  4.9590e-42
  3512  4.2440e-42
  3513  3.5716e-42
  3516  3.7818e-42
  3517  3.4963e-42
  3518  3.5519e-42
  3521  3.4261e-42
  3523  3.6985e-42
  3526  4.0138e-42
  3527  3.8421e-42
  3528  3.3680e-42
  3530  3.0337e-42
  3533  2.7356e-42
  3536  2.9329e-42
  3538  2.4911e-42
  3539  2.7357e-42
  3541  2.5915e-42
  3542  2.5004e-42
  3543  2.2973e-42
  3545  1.9762e-42
  3547  2.0495e-42
  3550  2.0351e-42
  3551  1.9194e-42
  3552  2.0281e-42
  3553  1.6835e-42
  3554  1.3979e-42
  3556  1.4324e-42
  3558  1.3146e-42
  3559  1.4247e-42
  3562  1.2700e-42
  3564  1.3807e-42
  3566  1.4875e-42
  3567  1.2962e-42
  3569  1.2759e-42
  3571  1.3767e-42
  3572  1.4171e-42
  3575  1.2195e-42
  3576  1.2239e-42
  3579  1.3322e-42
  3581  1.3977e-42
  3584  1.4770e-42
  3585  1.4388e-42
  3587  1.4234e-42
  3588  1.3422e-42
  3589  1.1160e-42
  3592  1.0780e-42
  3593  9.8848e-43
  3594  1.0653e-42
  3597  1.0372e-42
  3600  9.7282e-43
  3603  1.0098e-42
  3604  8.4450e-43
  3606  9.0127e-43
  3608  8.6829e-43
  3609  8.6344e-43
  3612  8.1115e-43
  3613  7.7288e-43
  3616  7.1750e-43
  3619  7.8406e-43
  3621  6.3893e-43
  3622  6.1937e-43
  3623  6.1807e-43
  3625  6.7256e-43
  3626  7.1488e-43
  3627  6.5461e-43
  3628  6.2050e-43
  3630  5.9870e-43
  3633  5.9253e-43
  3636  6.1321e-43
  3639  6.1778e-43
  3641  6.6407e-43
  3644  5.9609e-43
  3645  5.0643e-43
  3648  5.0184e-43
  3651  4.1926e-43
  3654  3.9292e-43
  3656  3.8072e-43
  3657  4.1190e-43
  3659  4.4218e-43
  3661  3.9203e-43
  3663  3.6651e-43
  3666  3.4516e-43
  3668  2.9279e-43
  3671  2.9828e-43
  3672  3.2269e-43
  3673  3.4245e-43
  3676  3.0894e-43
  3677  2.6428e-43
  3679  2.2391e-43
  3680  1.9776e-43
  3681  1.8850e-43
  3683  1.5279e-43
  3686  1.5674e-43
  3689  1.3679e-43
  3691  1.3237e-43
  3692  1.3842e-43
  3693  1.1192e-43
  3694  1.0349e-43
  3697  8.4195e-44
  3699  8.6928e-44
  3701  8.2492e-44
  3704  7.2888e-44
  3705  7.8137e-44
  3706  6.6952e-44
  3708  6.8167e-44
  3711  6.8649e-44
  3713  6.7899e-44
  3715  6.9001e-44
  3716  7.4913e-44
  3717  7.8659e-44
  3719  7.1263e-44
  3720  6.6530e-44
  3723  6.8932e-44
  3726  5.8389e-44
  3728  4.7016e-44
  3729  5.1648e-44
  3732  4.5240e-44
  3733  4.1446e-44
  3736  3.4245e-44
  3738  2.9812e-44
  3741  2.4772e-44
  3742  2.0593e-44
  3745  1.8169e-44
  3748  1.9828e-44
  3749  2.1225e-44
  3751  2.2607e-44
  3753  2.0285e-44
  3756  1.8394e-44
  3758  1.9955e-44
  3761  1.8462e-44
  3763  1.9183e-44
  3764  1.9782e-44
  3766  2.0253e-44
  3769  1.9455e-44
  3772  1.5810e-44
  3775  1.6971e-44
  3777  1.3597e-44
  3778  1.2343e-44
  3781  1.1511e-44
  3782  9.5385e-45
  3784  8.5992e-45
  3786  7.1461e-45
  3789  7.3787e-45
  3791  7.9797e-45
  3793  7.1477e-45
  3794  6.2661e-45
  3797  5.1798e-45
  3799  5.0069e-45
  3800  5.1846e-45
  3801  5.4357e-45
  3802  4.9196e-45
  3803  4.5847e-45
  3805  4.2870e-45
  3806  4.5577e-45
  3809  4.4413e-45
  3812  4.2308e-45
  3814  4.3469e-45
  3816  4.0221e-45
  3819  4.1062e-45
  3821  3.7363e-45
  3822  3.3200e-45
  3825  3.1685e-45
  3828  3.4735e-45
  3831  3.5232e-45
  3832  3.2182e-45
  3833  3.1184e-45
  3834  3.2704e-45
  3837  2.7075e-45
  3839  2.6007e-45
  3840  2.5762e-45
  3843  2.0732e-45
  3845  2.2093e-45
  3846  2.3359e-45
  3849  1.9113e-45
  3851  1.8457e-45
  3853  1.7103e-45
  3856  1.3787e-45
  3857  1.2883e-45
  3860  1.2846e-45
  3861  1.2689e-45
  3863  1.2007e-45
  3865  1.0210e-45
  3867  9.7453e-46
  3868  1.0323e-45
  3870  8.7825e-46
  3872  9.5860e-46
  3873  8.8594e-46
  3876  9.5942e-46
  3878  9.6866e-46
  3879  1.0219e-45
  3882  8.7648e-46
  3883  8.6298e-46
  3885  8.1935e-46
  3887  8.9646e-46
  3890  7.8863e-46
  3892  7.2709e-46
  3895  6.5255e-46
  3897  7.0399e-46
  3898  7.2213e-46
  3900  6.5486e-46
  3901  5.7272e-46
  3904  5.1836e-46
  3907  4.6658e-46
  3909  4.4505e-46
  3912  4.7802e-46
  3915  4.5648e-46
  3918  4.4427e-46
  3920  4.7981e-46
  3921  3.8952e-46
  3922  4.1305e-46
  3924  3.6841e-46
  3926  3.4919e-46
  3927  2.8404e-46
  3930  2.9352e-46
  3933  3.1840e-46
  3935  3.3854e-46
  3936  3.0797e-46
  3937  3.3570e-46
  3940  3.6598e-46
  3941  3.5838e-46
  3943  3.1441e-46
  3945  3.3514e-46
  3948  2.7287e-46
  3950  2.3624e-46
  3951  2.5156e-46
  3953  2.6241e-46
  3955  2.3758e-46
  3956  2.2792e-46
  3959  2.3631e-46
  3961  2.0213e-46
  3962  1.7346e-46
  3965  1.5391e-46
  3966  1.4201e-46
  3969  1.4178e-46
  3971  1.3539e-46
  3974  1.2374e-46
  3975  1.2522e-46
  3977  1.0595e-46
  3978  9.2602e-47
  3981  8.8708e-47
  3982  7.9303e-47
  3984  6.6133e-47
  3986  5.6988e-47
  3987  5.9253e-47
  3989  5.7704e-47
  3991  6.0388e-47
  3994  6.1759e-47
  3997  5.1795e-47
  3998  5.0716e-47
  3999  5.1529e-47
  4001  4.5536e-47
  4003  4.0033e-47
  4005  3.6119e-47
  4008  3.4740e-47
  4010  2.8637e-47
  4012  2.8097e-47
  4013  2.7693e-47
  4015  2.6049e-47
  4018  2.5888e-47
  4020  2.1850e-47
  4021  2.3274e-47
  4022  2.2744e-47
  4024  2.4441e-47
  4026  2.3354e-47
  4029  2.3926e-47
  4031  1.9497e-47
  4034  1.9163e-47
  4036  1.7529e-47
  4039  1.5760e-47
  4041  1.6068e-47
  4043  1.3014e-47
  4044  1.3109e-47
  4046  1.2414e-47
  4049  1.2207e-47
  4052  9.8727e-48
  4053  1.0840e-47
  4054  1.0928e-47
  4056  1.0910e-47
  4057  1.1810e-47
  4060  1.0010e-47
  4062  8.6477e-48
  4064  8.0830e-48
  4066  7.5702e-48
  4068  6.9061e-48
  4069  6.4093e-48
  4072  6.3874e-48
  4075  6.4030e-48
  4076  6.8750e-48
  4079  7.2815e-48
  4081  7.2374e-48
  4084  7.0968e-48
  4085  7.0202e-48
  4087  6.4464e-48
  4090  7.0218e-48
  4093  6.5175e-48
  4096  6.0187e-48
  4099  5.2652e-48
  4101  5.1525e-48
  4103  5.2480e-48
  4104  5.0225e-48
  4105  4.3420e-48
  4106  3.7445e-48
  4107  3.1834e-48
  4108  2.9203e-48
  4110  2.7116e-48
  4112  2.7269e-48
  4115  2.6518e-48
  4118  2.4641e-48
  4120  2.5334e-48
  4123  2.0490e-48
  4125  1.8639e-48
  4128  1.9263e-48
  4129  1.6053e-48
  4131  1.6123e-48
  4133  1.7668e-48
  4134  1.5636e-48
  4136  1.7147e-48
  4139  1.7777e-48
  4141  1.8368e-48
  4142  1.8582e-48
  4144  1.6963e-48
  4147  1.7187e-48
  4149  1.7970e-48
  4152  1.9310e-48
  4155  1.7030e-48
  4157  1.8562e-48
  4159  1.8481e-48
  4160  2.0191e-48
  4162  1.7095e-48
  4164  1.7614e-48
  4167  1.4323e-48
  4168  1.3440e-48
  4170  1.2694e-48
  4172  1.2571e-48
  4175  1.0869e-48
  4178  1.0092e-48
  4179  8.1190e-49
  4182  6.6894e-49
  4185  7.1684e-49
  4186  6.8813e-49
  4189  6.4596e-49
  4190  5.8616e-49
  4191  5.7734e-49
  4194  6.2887e-49
  4196  6.0805e-49
  4197  4.8782e-49
  4200  4.3289e-49
  4203  4.1991e-49
  4205  3.3953e-49
  4208  3.5815e-49
  4211  3.5198e-49
  4214  3.7329e-49
  4215  3.4523e-49
  4216  3.6533e-49
  4219  3.0568e-49
  4220  2.8027e-49
  4221  2.2796e-49
  4224  2.1101e-49
  4227  2.2793e-49
  4228  2.2324e-49
  4231  2.2091e-49
  4232  2.4063e-49
  4233  2.6110e-49
  4236  2.3682e-49
  4237  2.5851e-49
  4238  2.1064e-49
  4240  2.0680e-49
  4242  1.8022e-49
  4243  1.5931e-49
  4245  1.6124e-49
  4246  1.4721e-49
  4247  1.5388e-49
  4250  1.6668e-49
  4251  1.3737e-49
  4254  1.3915e-49
  4257  1.3517e-49
  4259  1.1548e-49
  4260  1.0546e-49
  4262  1.1267e-49
  4263  1.0225e-49
  4266  8.7779e-50
  4267  8.4057e-50
  4268  6.7628e-50
  4271  6.8321e-50
  4273  7.3553e-50
  4275  6.9168e-50
  4278  6.5555e-50
  4281  6.6506e-50
  4283  7.0930e-50
  4285  7.4575e-50
  4288  6.7942e-50
  4289  5.5532e-50
  4290  5.3368e-50
  4293  4.6797e-50
  4295  4.8732e-50
  4296  4.9985e-50
  4298  5.1781e-50
  4299  5.3922e-50
  4300  5.5926e-50
  4302  4.9330e-50
  4305  4.5615e-50
  4308  4.4584e-50
  4311  3.9030e-50
  4313  3.3899e-50
  4314  3.4322e-50
  4316  3.2049e-50
  4317  3.1568e-50
  4319  3.2780e-50
  4322  3.0928e-50
  4323  3.2141e-50
  4324  3.5306e-50
  4327  2.9091e-50
  4328  2.9554e-50
  4330  3.0051e-50
  4332  3.0623e-50
  4335  3.0739e-50
  4337  3.2808e-50
  4340  3.3092e-50
  4342  2.7405e-50
  4344  2.3833e-50
  4345  2.1076e-50
  4347  2.2339e-50
  4349  1.9596e-50
  4351  1.9366e-50
  4354  1.6461e-50
  4357  1.5325e-50
  4359  1.3838e-50
  4360  1.1468e-50
  4362  9.9642e-51
  4363  8.2242e-51
  4364  6.8645e-51
  4365  7.1310e-51
  4368  5.8103e-51
  4370  5.5263e-51
  4372  5.9314e-51
  4375  5.9810e-51
  4377  5.8256e-51
  4380  5.3654e-51
  4382  5.5362e-51
  4385  5.0503e-51
  4388  5.5462e-51
  4389  5.9671e-51
  4392  5.1091e-51
  4393  4.3863e-51
  4394  4.1703e-51
  4395  4.5292e-51
  4398  3.8099e-51
  4401  3.6337e-51
  4404  3.4236e-51
  4405  2.8800e-51
  4407  2.9641e-51
  4409  2.8318e-51
  4410  2.3728e-51
  4412  1.9453e-51
  4414  1.8505e-51
  4415  1.6240e-51
  4418  1.5361e-51
  4419  1.5747e-51
  4422  1.5963e-51
  4423  1.3407e-51
  4425  1.4176e-51
  4426  1.4896e-51
  4427  1.2162e-51
  4429  1.0042e-51
  4432  1.0921e-51
  4435  1.0638e-51
  4438  1.0724e-51
  4441  9.7089e-52
  4443  1.0512e-51
  4445  8.8012e-52
  4447  8.4400e-52
  4449  7.5574e-52
  4452  6.7111e-52
  4454  6.0303e-52
  4455  5.9956e-52
  4458  6.1407e-52
  4461  5.2218e-52
  4462  4.5603e-52
  4463  4.3803e-52
  4465  3.5110e-52
  4468  3.6884e-52
  4470  3.0688e-52
  4473  3.3617e-52
  4475  2.7678e-52
  4477  2.9943e-52
  4480  2.9991e-52
  4481  3.2675e-52
  4483  2.8988e-52
  4485  2.9878e-52
  4487  2.8986e-52
  4488  2.4577e-52
  4491  2.1409e-52
  4494  1.8322e-52
  4495  1.9532e-52
  4498  1.6947e-52
  4499  1.3800e-52
  4500  1.2373e-52
  4503  1.2423e-52
  4506  1.2499e-52
  4507  1.1128e-52
  4508  1.1013e-52
  4509  1.2007e-52
  4511  1.0559e-52
  4514  1.0234e-52
  4516  1.0448e-52
  4518  1.0433e-52
  4521  9.5304e-53
  4523  8.4072e-53
  4526  8.6344e-53
  4528  7.3695e-53
  4530  6.9890e-53
  4532  5.9858e-53
  4535  5.2087e-53
  4537  4.9681e-53
  4539  4.8369e-53
  4541  4.1007e-53
  4544  3.5190e-53
  4547  2.9310e-53
  4550  2.7207e-53
  4553  2.9386e-53
  4554  2.5729e-53
  4556  2.1088e-53
  4559  1.7177e-53
  4561  1.8867e-53
  4563  1.9680e-53
  4566  2.0638e-53
  4567  2.2689e-53
  4569  2.2606e-53
  4571  2.4578e-53
  4573  2.4400e-53
  4574  2.5502e-53
  4576  2.1731e-53
  4578  1.7895e-53
  4580  1.8560e-53
  4582  1.5402e-53
  4585  1.6199e-53
  4588  1.3520e-53
  4591  1.2068e-53
  4594  1.2729e-53
  4595  1.2048e-53
  4597  1.1704e-53
  4600  1.1822e-53
  4603  9.5028e-54
  4606  8.3268e-54
  4607  7.0896e-54
  4609  6.0400e-54
  4610  5.9431e-54
  4611  5.5841e-54
  4612  4.8120e-54
  4615  4.2045e-54
  4617  4.5585e-54
  4619  4.1973e-54
  4620  4.4157e-54
  4622  4.2040e-54
  4625  4.3603e-54
  4626  3.6387e-54
  4629  3.7664e-54
  4631  3.8888e-54
  4633  3.9289e-54
  4636  3.7581e-54
  4639  3.1984e-54
  4640  3.1806e-54
  4641  3.4540e-54
  4643  3.3585e-54
  4645  2.9422e-54
  4647  2.5877e-54
  4649  2.4936e-54
  4652  2.2355e-54
  4655  1.9864e-54
  4658  2.1589e-54
  4661  1.7915e-54
  4663  1.9444e-54
  4664  1.7829e-54
  4666  1.5751e-54
  4669  1.7177e-54
  4670  1.4795e-54
  4673  1.1905e-54
  4675  1.2558e-54
  4677  1.2758e-54
  4678  1.2389e-54
  4680  1.1352e-54
  4682  1.0141e-54
  4684  8.9018e-55
  4685  8.1093e-55
  4688  8.7826e-55
  4691  7.8834e-55
  4694  8.2519e-55
  4695  8.4794e-55
  4697  7.7472e-55
  4699  6.4833e-55
  4701  5.4118e-55
  4704  5.4357e-55
  4707  4.9754e-55
  4709  4.2911e-55
  4710  4.1819e-55
  4713  3.9608e-55
  4715  3.5632e-55
  4717  3.7325e-55
  4720  3.7770e-55
  4722  3.7328e-55
  4725  3.8221e-55
  4726  4.0494e-55
  4729  4.3882e-55
  4731  4.5186e-55
  4734  4.0278e-55
  4735  4.3440e-55
  4736  3.8668e-55
  4738  3.1173e-55
  4740  2.8872e-55
  4741  2.9855e-55
  4742  2.6049e-55
  4743  2.7569e-55
  4745  2.3334e-55
  4747  2.3757e-55
  4750  2.2108e-55
  4753  1.9779e-55
  4756  2.0884e-55
  4758  1.7287e-55
  4759  1.4993e-55
  4762  1.6099e-55
  4764  1.4660e-55
  4766  1.3096e-55
  4769  1.3429e-55
  4771  1.2483e-55
  4773  1.1028e-55
  4776  1.1383e-55
  4779  1.0988e-55
  4782  1.1274e-55
  4784  1.1078e-55
  4786  1.2130e-55
  4787  1.1024e-55
  4788  8.9874e-56
  4790  9.2511e-56
  4793  1.0078e-55
  4794  1.0837e-55
  4797  1.1831e-55
  4799  1.2904e-55
  4801  1.1350e-55
  4802  1.0055e-55
  4804  8.3823e-56
  4806  8.0968e-56
  4809  6.9473e-56
  4812  6.8378e-56
  4814  6.4706e-56
  4817  5.7069e-56
  4819  5.8230e-56
  4822  5.7033e-56
  4824  4.7979e-56
  4826  5.2750e-56
  4827  5.4044e-56
  4830  4.9962e-56
  4831  4.1661e-56
  4834  3.6634e-56
  4835  3.3504e-56
  4837  3.0301e-56
  4840  2.6570e-56
  4843  2.8365e-56
  4846  2.5446e-56
  4847  2.4485e-56
  4850  2.2199e-56
  4852  2.3038e-56
  4854  2.0467e-56
  4856  1.6773e-56
  4859  1.3797e-56
  4861  1.2993e-56
  4862  1.0806e-56
  4865  1.1620e-56
  4868  1.0058e-56
  4869  9.6177e-57
  4871  1.0220e-56
  4872  1.0246e-56
  4875  1.1215e-56
  4878  1.0508e-56
  4881  1.0113e-56
  4884  8.9591e-57
  4887  7.6090e-57
  4888  6.8653e-57
  4889  5.5185e-57
  4892  5.7975e-57
  4893  5.1919e-57
  4894  4.6454e-57
  4895  4.7143e-57
  4897  4.5418e-57
  4898  4.8772e-57
  4901  4.7443e-57
  4902  5.1274e-57
  4904  4.9558e-57
  4907  4.0270e-57
  4910  3.7203e-57
  4912  3.6822e-57
  4913  3.8376e-57
  4915  3.6664e-57
  4918  3.7835e-57
  4921  3.5888e-57
  4924  3.5080e-57
  4926  3.0109e-57
  4928  2.6554e-57
  4929  2.5668e-57
  4932  2.1133e-57
  4933  2.0828e-57
  4936  2.0255e-57
  4939  1.9290e-57
  4942  1.9642e-57
  4945  2.0845e-57
  4948  1.7011e-57
  4949  1.6437e-57
  4951  1.3487e-57
  4954  1.1291e-57
  4956  1.1862e-57
  4957  1.0318e-57
  4958  8.7484e-58
  4959  7.9642e-58
  4961  8.1602e-58
  4963  6.5289e-58
  4964  6.3499e-58
  4965  5.8987e-58
  4966  4.9275e-58
  4968  5.3528e-58
  4969  4.7928e-58
  4971  5.0628e-58
  4972  4.6725e-58
  4975  4.1431e-58
  4976  4.4955e-58
  4979  4.3268e-58
  4980  4.1003e-58
  4981  3.5205e-58
  4983  3.1055e-58
  4985  2.5855e-58
  4988  2.5978e-58
  4991  2.5941e-58
  4994  2.1116e-58
  4997  1.8530e-58
  5000  1.6625e-58
  5002  1.8054e-58
  5005  1.4870e-58
  5008  1.2397e-58
  5011  1.0470e-58
  5012  8.6246e-59
  5013  7.5920e-59
  5015  7.2421e-59
  5016  7.7622e-59
  5019  6.6345e-59
  5022  5.7231e-59
  5025  6.0660e-59
  5026  6.2497e-59
  5028  5.2370e-59
  5029  4.1983e-59
  5031  4.3274e-59
  5032  4.6715e-59
  5035  4.3173e-59
  5037  4.1894e-59
  5039  3.9882e-59
  5040  3.8454e-59
  5043  3.4798e-59
  5045  3.1394e-59
  5048  3.4404e-59
  5050  2.8170e-59
  5053  2.4927e-59
  5055  2.3106e-59
  5056  1.8628e-59
  5059  2.0057e-59
  5060  2.1323e-59
  5061  2.0235e-59
  5063  2.1604e-59
  5065  2.0093e-59
  5068  1.6408e-59
  5071  1.3701e-59
  5072  1.4459e-59
  5073  1.2437e-59
  5076  1.0328e-59
  5078  9.1314e-60
  5080  7.9062e-60
  5082  7.1886e-60
  5084  6.8912e-60
  5087  7.1186e-60
  5088  5.7381e-60
  5090  4.8944e-60
  5092  5.0596e-60
  5095  4.5822e-60
  5096  4.1291e-60
  5097  4.2868e-60
  5100  4.3508e-60
  5102  3.4994e-60
  5105  2.8935e-60
  5108  2.9843e-60
  5110  3.0411e-60
  5112  3.1876e-60
  5113  3.2546e-60
  5115  2.7132e-60
  5116  2.6294e-60
  5119  2.6937e-60
  5122  2.8365e-60
  5123  3.0693e-60
  5125  2.5099e-60
  5127  2.0645e-60
  5128  1.9157e-60
  5130  1.9156e-60
  5132  1.8508e-60
  5135  1.7813e-60
  5136  1.7431e-60
  5137  1.4355e-60
  5138  1.4405e-60
  5139  1.1883e-60
  5142  1.1417e-60
  5144  1.1138e-60
  5145  9.8331e-61
  5146  1.0215e-60
  5147  8.4641e-61
  5149  8.8877e-61
  5150  9.5465e-61
  5152  9.0565e-61
  5153  7.3467e-61
  5156  7.8188e-61
  5157  7.8376e-61
  5159  7.7527e-61
  5162  7.7153e-61
  5165  8.1499e-61
  5167  7.9114e-61
  5169  8.1749e-61
  5171  7.2600e-61
  5174  6.3541e-61
  5176  6.1009e-61
  5179  5.8635e-61
  5181  5.1452e-61
  5183  5.1962e-61
  5186  5.2773e-61
  5187  4.4676e-61
  5188  4.0506e-61
  5190  4.3607e-61
  5193  4.3003e-61
  5195  4.5009e-61
  5197  4.6408e-61
  5200  4.5940e-61
  5202  4.5612e-61
  5204  4.0053e-61
  5205  3.6411e-61
  5206  3.3239e-61
  5207  3.1503e-61
  5208  3.3609e-61
  5209  2.8638e-61
  5210  3.1390e-61
  5212  2.9907e-61
  5214  2.4905e-61
  5216  2.2477e-61
  5217  1.9227e-61
  5220  1.5504e-61
  5222  1.3181e-61
  5223  1.1215e-61
  5224  1.1526e-61
  5225  9.4785e-62
  5228  9.8464e-62
  5231  8.3494e-62
  5232  7.9329e-62
  5233  7.5754e-62
  5235  8.3280e-62
  5238  9.0573e-62
  5240  9.6000e-62
  5242  7.9888e-62
  5244  6.7438e-62
  5245  5.8019e-62
  5247  5.7288e-62
  5249  5.6587e-62
  5251  5.2536e-62
  5252  4.6974e-62
  5255  4.7244e-62
  5258  4.1707e-62
  5261  4.3613e-62
  5263  4.2252e-62
  5264  3.5130e-62
  5265  3.2526e-62
  5267  2.9512e-62
  5268  2.8067e-62
  5270  2.5576e-62
  5272  2.4063e-62
  5273  1.9563e-62
  5275  1.9951e-62
  5278  1.7021e-62
  5279  1.4929e-62
  5280  1.3626e-62
  5282  1.1880e-62
  5285  1.1428e-62
  5286  9.9366e-63
  5288  1.0759e-62
  5290  1.0774e-62
  5292  1.1324e-62
  5295  1.1855e-62
  5298  9.9805e-63
  5300  8.9509e-63
  5303  7.4459e-63
  5305  7.1204e-63
  5308  6.7780e-63
  5311  7.2343e-63
  5313  6.9254e-63
  5316  5.7737e-63
  5317  4.9410e-63
  5320  5.0895e-63
  5323  5.1388e-63
  5325  4.8422e-63
  5327  4.7178e-63
  5329  5.0325e-63
  5332  4.5026e-63
  5335  4.3129e-63
  5337  4.1130e-63
  5338  4.2998e-63
  5340  4.4824e-63
  5342  3.6095e-63
  5343  3.6844e-63
  5344  3.9928e-63
  5347  4.2294e-63
  5348  4.0931e-63
  5349  3.4534e-63
  5351  2.9500e-63
  5353  2.7617e-63
  5354  2.6847e-63
  5357  2.2574e-63
  5358  2.1230e-63
  5359  2.2708e-63
  5361  1.9775e-63
  5364  1.8531e-63
  5365  1.8783e-63
  5368  1.6270e-63
  5370  1.5734e-63
  5371  1.6336e-63
  5373  1.7333e-63
  5376  1.8556e-63
  5378  1.8535e-63
  5380  1.7443e-63
  5382  1.8146e-63
  5384  1.9541e-63
  5386  1.8085e-63
  5388  1.9190e-63
  5389  1.6028e-63
  5392  1.2981e-63
  5395  1.1384e-63
  5398  1.0284e-63
  5401  1.1136e-63
  5403  1.0594e-63
  5405  1.1201e-63
  5408  1.1859e-63
  5410  1.0564e-63
  5413  1.0754e-63
  5415  1.0809e-63
  5417  9.8015e-64
  5418  1.0587e-63
  5419  1.1209e-63
  5420  9.7432e-64
  5421  1.0387e-63
  5423  9.7074e-64
  5425  9.1950e-64
  5427  8.6581e-64
  5430  8.4574e-64
  5432  8.2411e-64
  5434  8.4746e-64
  5437  7.5628e-64
  5438  6.9642e-64
  5441  6.2707e-64
  5443  6.3467e-64
  5445  5.8613e-64
  5448  5.9827e-64
  5450  5.6237e-64
  5453  5.7194e-64
  5455  5.3899e-64
  5457  4.9869e-64
  5458  5.3839e-64
  5461  5.2858e-64
  5463  4.9405e-64
  5466  4.6217e-64
  5469  3.9759e-64
  5470  3.7896e-64
  5471  3.1843e-64
  5473  2.8746e-64
  5474  2.9499e-64
  5475  3.1905e-64
  5477  3.2139e-64
  5479  2.7271e-64
  5482  2.5480e-64
  5483  2.1371e-64
  5484  1.7329e-64
  5487  1.5615e-64
  5488  1.3140e-64
  5491  1.1426e-64
  5493  1.0560e-64
  5495  9.3195e-65
  5497  8.2659e-65
  5498  6.7546e-65
  5499  5.6882e-65
  5500  5.5482e-65
  5502  5.6350e-65
  5505  5.9518e-65
  5508  6.2218e-65
  5509  5.2027e-65
  5512  5.4289e-65
  5514  5.5480e-65
  5515  5.5594e-65
  5518  4.5207e-65
  5521  4.9093e-65
  5523  3.9335e-65
  5526  3.4509e-65
  5527  3.6211e-65
  5529  3.7397e-65
  5532  3.7583e-65
  5534  3.4115e-65
  5536  3.3032e-65
  5537  3.3548e-65
  5539  3.4674e-65
  5540  3.0054e-65
  5541  2.4601e-65
  5543  2.0732e-65
  5544  1.7715e-65
  5547  1.5526e-65
  5549  1.5384e-65
  5552  1.6008e-65
  5553  1.7402e-65
  5556  1.6134e-65
  5557  1.3973e-65
  5558  1.3039e-65
  5561  1.0918e-65
  5563  1.0516e-65
  5564  9.8704e-66
  5565  1.0436e-65
  5568  1.0416e-65
  5570  1.0001e-65
  5571  9.8278e-66
  5572  1.0135e-65
  5574  9.4586e-66
  5576  1.0080e-65
  5578  8.6214e-66
  5581  9.3953e-66
  5582  9.3862e-66
  5585  9.0498e-66
  5588  8.6128e-66
  5590  6.9225e-66
  5591  7.3031e-66
  5593  7.8747e-66
  5594  6.3952e-66
  5597  6.5530e-66
  5598  6.4533e-66
  5600  6.4561e-66
  5602  6.1132e-66
  5605  6.4718e-66
  5606  5.5987e-66
  5608  5.9318e-66
  5611  5.3349e-66
  5612  5.5709e-66
  5613  4.5897e-66
  5614  4.8526e-66
  5616  4.3637e-66
  5617  4.0351e-66
  5619  4.3066e-66
  5620  4.4565e-66
  5621  3.5815e-66
  5623  2.9901e-66
  5626  3.0575e-66
  5627  3.0548e-66
  5628  3.1281e-66
  5629  2.9131e-66
  5630  2.5662e-66
  5633  2.7335e-66
  5635  2.7504e-66
  5636  2.5770e-66
  5638  2.7413e-66
  5641  2.9846e-66
  5643  2.6225e-66
  5645  2.5200e-66
  5647  2.0807e-66
  5650  1.7668e-66
  5651  1.6777e-66
  5653  1.4864e-66
  5655  1.3125e-66
  5657  1.3480e-66
  5658  1.2964e-66
  5660  1.2161e-66
  5663  1.3367e-66
  5666  1.2284e-66
  5667  1.0229e-66
  5669  9.3010e-67
  5670  8.1461e-67
  5672  6.7761e-67
  5673  7.2134e-67
  5675  6.4147e-67
  5678  5.8978e-67
  5679  6.3392e-67
  5680  5.2576e-67
  5682  4.8220e-67
  5685  4.9392e-67
  5688  4.9817e-67
  5689  3.9906e-67
  5690  4.2303e-67
  5692  4.2781e-67
  5695  4.0838e-67
  5697  3.2712e-67
  5698  3.2990e-67
  5701  3.0725e-67
  5703  3.2438e-67
  5705  2.6452e-67
  5707  2.2947e-67
  5708  1.9678e-67
  5711  2.0646e-67
  5713  1.6660e-67
  5714  1.4297e-67
  5715  1.2375e-67
  5718  1.2615e-67
  5720  1.0619e-67
  5721  1.0587e-67
  5722  1.0551e-67
  5724  1.1419e-67
  5725  1.0852e-67
  5728  1.0647e-67
  5730  1.0664e-67
  5732  9.1699e-68
  5734  9.0704e-68
  5737  8.0208e-68
  5738  8.5676e-68
  5741  6.9523e-68
  5744  7.3811e-68
  5747  6.8029e-68
  5750  6.7025e-68
  5751  5.8948e-68
  5754  5.9753e-68
  5755  6.3391e-68
  5757  6.6256e-68
  5758  5.7544e-68
  5761  5.2644e-68
  5763  5.3166e-68
  5765  5.7323e-68
  5767  5.2062e-68
  5770  5.3840e-68
  5773  5.7261e-68
  5774  5.8921e-68
  5776  6.1975e-68
  5778  6.5622e-68
  5779  6.0102e-68
  5782  5.6390e-68
  5785  4.5335e-68
  5786  4.0842e-68
  5787  4.3383e-68
  5788  4.4475e-68
  5789  4.5349e-68
  5791  4.5774e-68
  5793  3.9477e-68
  5795  4.1541e-68
  5796  4.2159e-68
  5799  4.0698e-68
  5801  3.6076e-68
  5804  3.4525e-68
  5806  3.6549e-68
  5808  3.5740e-68
  5810  3.7729e-68
  5811  3.8998e-68
  5813  3.8807e-68
  5814  4.1167e-68
  5815  3.7188e-68
  5816  3.1408e-68
  5817  2.7779e-68
  5818  2.2952e-68
  5819  2.3280e-68
  5822  2.2230e-68
  5823  2.3748e-68
  5826  2.4358e-68
  5829  2.5823e-68
  5831  2.4236e-68
  5834  2.6179e-68
  5835  2.6933e-68
  5837  2.8122e-68
  5840  2.6589e-68
  5843  2.2822e-68
  5845  2.1579e-68
  5848  1.9051e-68
  5849  1.6707e-68
  5851  1.7774e-68
  5852  1.7347e-68
  5855  1.7979e-68
  5856  1.8406e-68
  5858  1.5701e-68
  5860  1.3398e-68
  5862  1.4094e-68
  5864  1.1920e-68
  5867  1.3054e-68
  5869  1.4071e-68
  5871  1.2176e-68
  5874  1.0208e-68
  5875  8.3100e-69
  5877  8.8723e-69
  5878  8.2244e-69
  5880  8.4774e-69
  5881  8.5694e-69
  5883  7.3171e-69
  5885  6.6260e-69
  5886  5.4910e-69
  5887  5.2537e-69
  5888  4.7276e-69
  5891  5.0302e-69
  5893  4.9423e-69
  5894  4.5256e-69
  5895  4.2181e-69
  5896  3.6055e-69
  5897  3.5489e-69
  5898  3.2501e-69
  5900  3.4000e-69
  5902  3.0433e-69
  5904  2.9086e-69
  5906  2.5080e-69
  5909  2.5070e-69
  5911  2.1692e-69
  5914  1.9132e-69
  5917  1.8034e-69
  5919  1.7316e-69
  5920  1.7312e-69
  5921  1.6595e-69
  5924  1.5677e-69
  5926  1.3907e-69
  5927  1.4805e-69
  5930  1.1920e-69
  5931  1.0572e-69
  5933  8.6143e-70
  5934  9.4650e-70
  5935  9.1124e-70
  5936  9.7293e-70
  5938  8.9168e-70
  5941  8.0962e-70
  5942  8.5998e-70
  5943  7.3385e-70
  5946  6.1574e-70
  5948  6.5815e-70
  5951  5.8872e-70
  5953  6.3646e-70
  5955  5.8160e-70
  5958  6.3722e-70
  5960  6.7377e-70
  5961  5.6928e-70
  5963  5.3600e-70
  5964  4.5636e-70
  5965  4.2821e-70
  5968  3.5210e-70
  5971  2.8397e-70
  5973  2.7716e-70
  5976  2.8012e-70
  5978  2.6293e-70
  5981  2.5016e-70
  5984  2.3680e-70
  5985  1.9763e-70
  5988  2.1157e-70
  5990  1.8203e-70
  5992  1.7443e-70
  5994  1.5919e-70
  5996  1.4069e-70
  5999  1.5192e-70
  6002  1.2451e-70
  6003  1.2656e-70
  6005  1.2686e-70
  6007  1.3601e-70
  6008  1.3621e-70
  6011  1.1046e-70
  6012  9.5625e-71
  6015  9.7566e-71
  6018  1.0016e-70
  6020  1.0043e-70
  6023  1.0682e-70
  6024  1.1324e-70
  6026  1.0371e-70
  6028  8.9315e-71
  6029  8.4703e-71
  6032  7.9971e-71
  6035  6.5137e-71
  6037  6.9483e-71
  6040  5.9782e-71
  6043  5.7080e-71
  6044  6.1683e-71
  6045  6.1707e-71
  6048  5.2310e-71
  6050  4.6277e-71
  6051  4.4992e-71
  6054  4.8713e-71
  6055  5.1921e-71
  6056  5.5262e-71
  6059  5.6317e-71
  6060  5.7322e-71
  6063  4.6108e-71
  6064  4.3053e-71
  6067  3.4637e-71
  6068  3.1930e-71
  6070  3.3417e-71
  6073  3.4263e-71
  6075  3.4878e-71
  6077  3.0167e-71
  6078  2.8752e-71
  6079  3.1478e-71
  6082  3.0588e-71
  6085  3.0956e-71
  6088  2.5958e-71
  6090  2.6753e-71
  6091  2.2618e-71
  6093  1.8228e-71
  6094  1.6213e-71
  6097  1.7714e-71
  6099  1.9326e-71
  6100  1.8002e-71
  6101  1.9098e-71
  6102  1.9498e-71
  6104  1.6679e-71
  6107  1.3867e-71
  6110  1.3910e-71
  6112  1.3934e-71
  6113  1.1287e-71
  6116  1.1471e-71
  6119  1.2077e-71
  6121  9.9001e-72
  6124  1.0768e-71
  6125  9.6831e-72
  6128  1.0129e-71
  6130  8.7122e-72
  6133  7.7325e-72
  6135  7.3287e-72
  6137  8.0612e-72
  6140  7.6750e-72
  6141  7.3415e-72
  6142  7.8145e-72
  6145  6.7385e-72
  6148  7.0562e-72
  6151  6.2820e-72
  6154  6.1330e-72
  6155  6.7281e-72
  6156  5.5723e-72
  6159  5.4512e-72
  6160  4.3756e-72
  6162  4.0249e-72
  6163  4.4188e-72
  6165  3.9772e-72
  6166  4.0767e-72
  6168  4.4632e-72
  6170  4.8285e-72
  6173  4.3779e-72
  6175  3.9442e-72
  6176  3.1846e-72
  6179  3.2155e-72
  6182  2.7004e-72
  6185  2.8483e-72
  6186  2.5670e-72
  6188  2.4482e-72
  6190  2.4688e-72
  6192  2.2478e-72
  6195  2.1175e-72
  6196  1.8591e-72
  6199  1.9143e-72
  6201  1.5603e-72
  6203  1.6629e-72
  6205  1.6606e-72
  6206  1.3939e-72
  6207  1.5282e-72
  6209  1.4341e-72
  6212  1.5285e-72
  6215  1.4235e-72
  6217  1.3596e-72
  6219  1.4160e-72
  6220  1.2815e-72
  6221  1.2509e-72
  6223  1.0497e-72
  6224  1.0735e-72
  6225  1.1140e-72
  6226  9.6040e-73
  6229  1.0259e-72
  6232  8.9451e-73
  6233  8.8713e-73
  6234  9.4183e-73
  6235  9.6107e-73
  6238  8.2864e-73
  6239  8.6048e-73
  6240  8.5797e-73
  6241  8.0319e-73
  6244  7.7801e-73
  6245  6.5772e-73
  6248  6.7511e-73
  6250  5.4907e-73
  6252  5.2318e-73
  6253  4.2073e-73
  6254  4.0381e-73
  6257  3.4399e-73
  6260  3.7222e-73
  6262  3.2062e-73
  6264  2.7983e-73
  6265  2.8047e-73
  6266  2.9562e-73
  6267  2.7093e-73
  6268  2.5659e-73
  6269  2.4626e-73
  6272  2.4033e-73
  6275  2.2223e-73
  6277  2.1805e-73
  6280  1.7965e-73
  6282  1.7585e-73
  6284  1.7993e-73
  6287  1.9049e-73
  6288  1.7969e-73
  6291  1.8294e-73
  6294  1.9515e-73
  6295  1.7507e-73
  6296  1.7769e-73
  6298  1.7776e-73
  6299  1.4810e-73
  6302  1.5750e-73
  6305  1.7010e-73
  6307  1.7314e-73
  6309  1.3915e-73
  6312  1.3666e-73
  6313  1.4837e-73
  6316  1.3991e-73
  6319  1.3864e-73
  6321  1.2855e-73
  6322  1.3116e-73
  6325  1.2591e-73
  6328  1.3080e-73
  6331  1.3088e-73
  6333  1.3746e-73
  6336  1.3200e-73
  6337  1.1345e-73
  6340  1.1900e-73
  6342  1.3071e-73
  6345  1.3887e-73
  6348  1.3826e-73
  6349  1.4191e-73
  6352  1.3179e-73
  6354  1.2011e-73
  6357  9.7210e-74
  6358  8.7888e-74
  6360  7.6327e-74
  6361  7.0752e-74
  6363  6.9878e-74
  6365  6.6347e-74
  6367  6.1487e-74
  6369  5.2777e-74
  6370  4.7852e-74
  6372  4.6890e-74
  6373  4.8416e-74
  6374  3.9535e-74
  6376  3.5650e-74
  6378  3.7968e-74
  6381  3.8004e-74
  6384  3.6313e-74
  6386  3.6640e-74
  6389  3.0757e-74
  6391  2.6749e-74
  6392  2.4903e-74
  6393  2.0210e-74
  6395  1.6880e-74
  6398  1.4007e-74
  6401  1.1411e-74
  6404  1.1953e-74
  6405  1.1855e-74
  6408  1.0209e-74
  6410  9.2181e-75
  6412  8.8046e-75
  6415  7.1722e-75
  6417  5.8727e-75
  6419  5.1878e-75
  6421  4.4831e-75
  6423  4.3523e-75
  6426  3.9235e-75
  6428  3.2573e-75
  6430  3.4494e-75
  6433  3.4485e-75
  6436  3.5948e-75
  6439  3.6757e-75
  6440  3.3436e-75
  6441  3.3909e-75
  6444  2.9481e-75
  6445  2.9195e-75
  6446  2.4127e-75
  6448  2.4613e-75
  6449  2.1812e-75
  6451  2.1222e-75
  6453  1.9166e-75
  6455  1.6195e-75
  6456  1.3875e-75
  6457  1.3131e-75
  6459  1.0847e-75
  6460  1.0293e-75
  6461  9.6864e-76
  6464  9.4233e-76
  6466  1.0266e-75
  6469  1.1224e-75
  6472  1.0232e-75
  6474  1.0121e-75
  6476  9.7820e-76
  6477  1.0527e-75
  6479  1.0277e-75
  6481  1.0824e-75
  6484  1.0808e-75
  6486  1.0525e-75
  6487  9.0132e-76
  6488  9.3016e-76
  6489  7.5070e-76
  6492  8.0348e-76
  6495  6.9548e-76
  6496  6.4644e-76
  6499  6.7965e-76
  6502  5.8447e-76
  6504  5.8011e-76
  6506  4.8053e-76
  6509  4.3390e-76
  6510  3.7932e-76
  6511  4.1129e-76
  6514  4.1887e-76
  6516  3.5976e-76
  6517  2.8834e-76
  6518  2.6049e-76
  6520  2.6000e-76
  6523  2.7709e-76
  6525  2.9195e-76
  6527  2.6557e-76
  6529  2.1655e-76
  6530  2.2149e-76
  6533  2.2932e-76
  6536  1.9131e-76
  6537  2.0730e-76
  6538  2.1596e-76
  6541  2.0237e-76
  6543  1.9914e-76
  6546  1.7005e-76
  6548  1.4804e-76
  6549  1.5669e-76
  6552  1.4653e-76
  6554  1.5978e-76
  6556  1.6887e-76
  6558  1.7149e-76
  6560  1.5287e-76
  6561  1.3261e-76
  6564  1.0698e-76
  6565  1.1103e-76
  6568  1.1644e-76
  6569  9.8727e-77
  6572  1.0446e-76
  6573  1.0126e-76
  6575  8.9810e-77
  6576  8.4248e-77
  6578  8.9776e-77
  6579  7.6871e-77
  6582  7.0574e-77
  6583  5.8578e-77
  6586  5.1315e-77
  6588  5.1608e-77
  6590  5.1914e-77
  6591  5.0461e-77
  6592  4.3716e-77
  6595  3.7039e-77
  6598  3.1106e-77
  6601  2.8773e-77
  6603  2.6398e-77
  6605  2.2302e-77
  6608  2.2762e-77
  6610  2.4667e-77
  6611  2.4652e-77
  6612  2.5149e-77
  6615  2.4220e-77
  6616  2.1849e-77
  6618  2.3513e-77
  6621  2.3202e-77
  6622  2.0159e-77
  6625  1.9842e-77
  6628  1.6667e-77
  6629  1.7780e-77
  6630  1.7518e-77
  6633  1.6101e-77
  6635  1.3059e-77
  6638  1.3613e-77
  6640  1.4746e-77
  6643  1.1921e-77
  6645  1.0759e-77
  6648  1.0088e-77
  6651  1.0822e-77
  6653  1.0882e-77
  6655  8.7482e-78
  6656  9.1837e-78
  6659  9.4554e-78
  6660  1.0305e-77
  6661  9.3959e-78
  6664  1.0211e-77
  6665  1.0850e-77
  6666  9.4215e-78
  6669  9.2708e-78
  6671  8.8555e-78
  6674  8.5108e-78
  6676  6.8893e-78
  6679  6.7811e-78
  6680  6.8249e-78
  6681  7.0614e-78
  6684  6.2073e-78
  6685  5.6859e-78
  6687  4.7834e-78
  6689  4.8975e-78
  6690  5.0465e-78
  6691  4.3042e-78
  6692  3.6929e-78
  6695  3.5256e-78
  6698  2.9600e-78
  6700  3.1222e-78
  6702  2.8040e-78
  6704  3.0311e-78
  6705  3.2375e-78
  6706  2.9561e-78
  6708  2.5824e-78
  6711  2.1907e-78
  6714  1.9999e-78
  6717  1.6055e-78
  6718  1.5270e-78
  6721  1.5955e-78
  6722  1.3682e-78
  6725  1.1756e-78
  6728  1.1294e-78
  6730  9.8523e-79
  6731  1.0004e-78
  6732  1.0786e-78
  6733  9.7014e-79
  6734  8.5665e-79
  6736  6.9802e-79
  6738  7.2910e-79
  6741  6.7767e-79
  6744  5.4973e-79
  6746  5.6020e-79
  6747  4.6775e-79
  6750  4.2190e-79
  6753  3.6079e-79
  6754  3.6110e-79
  6756  3.0426e-79
  6757  2.5749e-79
  6760  2.0872e-79
  6761  2.2884e-79
  6763  2.2841e-79
  6764  2.2029e-79
  6765  2.2312e-79
  6768  1.9405e-79
  6770  2.1169e-79
  6771  1.9154e-79
  6772  2.0519e-79
  6774  1.7239e-79
  6776  1.8397e-79
  6777  1.9910e-79
  6780  1.8171e-79
  6783  1.7977e-79
  6786  1.6850e-79
  6789  1.4944e-79
  6790  1.6042e-79
  6793  1.3927e-79
  6795  1.2398e-79
  6798  1.1674e-79
  6799  1.2490e-79
  6802  1.0032e-79
  6804  9.8374e-80
  6805  8.7480e-80
  6808  8.1240e-80
  6809  6.7241e-80
  6810  5.6118e-80
  6813  5.8443e-80
  6815  4.9266e-80
  6816  4.4458e-80
  6818  4.2233e-80
  6819  4.2905e-80
  6821  4.2012e-80
  6823  3.9662e-80
  6826  3.5259e-80
  6829  3.2695e-80
  6832  2.7057e-80
  6833  2.5373e-80
  6835  2.6663e-80
  6836  2.4658e-80
  6839  2.2305e-80
  6841  1.9276e-80
  6843  1.8392e-80
  6844  1.8643e-80
  6845  1.7485e-80
  6848  1.5909e-80
  6851  1.5827e-80
  6854  1.6163e-80
  6855  1.5374e-80
  6858  1.5744e-80
  6861  1.4901e-80
  6863  1.4989e-80
  6865  1.4851e-80
  6866  1.6026e-80
  6867  1.6240e-80
  6869  1.5919e-80
  6871  1.6826e-80
  6872  1.6480e-80
  6874  1.6640e-80
  6876  1.3964e-80
  6877  1.4825e-80
  6878  1.3622e-80
  6879  1.1683e-80
  6882  1.0791e-80
  6883  1.0987e-80
  6884  1.0109e-80
  6887  1.0835e-80
  6890  1.0193e-80
  6892  1.0177e-80
  6895  8.8095e-81
  6896  7.6707e-81
  6899  7.4472e-81
  6902  7.9895e-81
  6904  6.8961e-81
  6905  7.3178e-81
  6908  7.5192e-81
  6911  8.0193e-81
  6913  6.6180e-81
  6915  6.9774e-81
  6917  6.4945e-81
  6919  6.3778e-81
  6922  5.5155e-81
  6923  4.8159e-81
  6926  4.9868e-81
  6928  4.7116e-81
  6931  4.5682e-81
  6934  4.3451e-81
  6935  4.4195e-81
  6938  4.8299e-81
  6940  5.0373e-81
  6942  5.1193e-81
  6943  4.6335e-81
  6945  4.4816e-81
  6946  4.4099e-81
  6948  4.7375e-81
  6951  5.0975e-81
  6954  5.0808e-81
  6955  4.0948e-81
  6958  4.2105e-81
  6960  4.3095e-81
  6962  4.3800e-81
  6963  4.3247e-81
  6966  3.6921e-81
  6969  3.0586e-81
  6972  2.7306e-81
  6974  2.3688e-81
  6976  2.3789e-81
  6978  1.9795e-81
  6981  1.8242e-81
  6984  1.5522e-81
  6987  1.2917e-81
  6988  1.3322e-81
  6990  1.1403e-81
  6991  1.0584e-81
  6993  9.3070e-82
  6996  9.0378e-82
  6999  7.9944e-82
