     1  1.0000e+02
     3  1.0038e+02
     5  9.8787e+01
     8  1.0848e+02
    11  8.7615e+01
    13  7.6313e+01
    14  7.5058e+01
    17  6.5573e+01
    19  5.8442e+01
    20  6.0209e+01
    21  5.5502e+01
    24  4.7068e+01
    26  4.7769e+01
    27  5.1747e+01
    30  4.5472e+01
    31  4.4964e+01
    33  3.7771e+01
    35  3.5100e+01
    38  3.6784e+01
    41  3.0742e+01
    42  2.9959e+01
    44  2.8169e+01
    46  2.8640e+01
    47  2.9210e+01
    48  2.8401e+01
    51  2.9705e+01
    54  2.4566e+01
    55  2.3086e+01
    57  2.4614e+01
    58  2.4462e+01
    61  2.3050e+01
    63  1.9937e+01
    65  2.1838e+01
    68  1.9488e+01
    69  1.7440e+01
    71  1.4806e+01
    72  1.3637e+01
    74  1.0954e+01
    77  9.5601e+00
    80  8.8312e+00
    83  7.7608e+00
    86  7.2632e+00
    87  6.5513e+00
    88  6.2686e+00
    89  6.7580e+00
    91  6.8216e+00
    94  6.6717e+00
    96  6.8613e+00
    99  6.6526e+00
   100  7.2661e+00
   103  5.8360e+00
   105  5.9722e+00
   107  6.2563e+00
   110  6.6716e+00
   113  5.9050e+00
   115  5.3644e+00
   116  4.6191e+00
   118  4.3039e+00
   119  4.2980e+00
   120  3.7839e+00
   123  3.7271e+00
   124  3.3962e+00
   126  3.6768e+00
   127  2.9504e+00
   129  2.7445e+00
   132  2.5640e+00
   135  2.3882e+00
   137  2.3167e+00
   138  2.2477e+00
   139  1.9962e+00
   140  2.1887e+00
   143  1.9012e+00
   144  1.5755e+00
   146  1.2779e+00
   149  1.2633e+00
   152  1.1132e+00
   155  1.1972e+00
   158  1.0475e+00
   161  1.0735e+00
   162  1.0971e+00
   163  1.0274e+00
   166  9.2819e-01
   168  8.5261e-01
   170  8.1036e-01
   171  8.2972e-01
   173  6.8599e-01
   174  7.0450e-01
   176  6.4781e-01
   178  6.3223e-01
   179  6.1365e-01
   182  5.2679e-01
   185  5.6112e-01
   186  5.3266e-01
   188  4.4503e-01
   189  4.5097e-01
   190  3.9397e-01
   193  4.0104e-01
   195  4.0452e-01
   197  4.2867e-01
   198  3.8189e-01
   201  3.5325e-01
   202  3.6547e-01
   205  3.7236e-01
   206  3.2297e-01
   207  3.2813e-01
   208  3.1979e-01
   210  2.7248e-01
   212  2.6982e-01
   214  2.6433e-01
   215  2.5830e-01
   218  2.4098e-01
   221  2.0549e-01
   223  1.6484e-01
   226  1.8018e-01
   228  1.4794e-01
   230  1.3513e-01
   231  1.2238e-01
   232  1.1762e-01
   233  1.1749e-01
   236  1.0069e-01
   237  8.5850e-02
   238  7.0548e-02
   241  6.7967e-02
   242  7.0916e-02
   243  6.0972e-02
   246  5.7798e-02
   248  5.2723e-02
   249  5.7277e-02
   252  5.3712e-02
   253  5.2769e-02
   256  5.6111e-02
   258  5.9621e-02
   261  5.8880e-02
   263  6.2610e-02
   266  6.4264e-02
   268  6.0388e-02
   271  5.0180e-02
   273  4.5574e-02
   274  3.8095e-02
   277  4.1643e-02
   280  3.6490e-02
   282  3.4278e-02
   283  3.6744e-02
   285  3.6025e-02
   286  3.8994e-02
   289  3.8655e-02
   290  3.1556e-02
   292  2.6069e-02
   293  2.3836e-02
   295  2.2283e-02
   297  1.7833e-02
   300  1.5841e-02
   301  1.5531e-02
   303  1.3244e-02
   305  1.3527e-02
   307  1.3261e-02
   310  1.4106e-02
   311  1.5179e-02
   313  1.4643e-02
   314  1.4706e-02
   316  1.5594e-02
   318  1.7016e-02
   321  1.6547e-02
   323  1.5274e-02
   326  1.6714e-02
   327  1.4487e-02
   329  1.1704e-02
   330  1.0870e-02
   332  9.3789e-03
   334  9.3278e-03
   337  7.6097e-03
   339  8.1244e-03
   342  7.2061e-03
   344  7.5618e-03
   347  7.0667e-03
   348  6.4012e-03
   350  5.3922e-03
   351  4.8104e-03
   353  4.1393e-03
   356  4.0624e-03
   359  4.2599e-03
   362  3.9756e-03
   365  3.9410e-03
   368  3.8623e-03
   371  3.3156e-03
   373  3.3377e-03
   374  3.4618e-03
   375  2.8487e-03
   378  2.6835e-03
   380  2.2586e-03
   382  2.2413e-03
   384  2.3055e-03
   387  2.2905e-03
   388  2.2227e-03
   390  1.8449e-03
   392  2.0035e-03
   395  1.8921e-03
   398  1.5361e-03
   401  1.5679e-03
   403  1.6568e-03
   406  1.4309e-03
   407  1.1457e-03
   409  1.0649e-03
   410  9.7754e-04
   412  1.0474e-03
   413  9.4836e-04
   414  8.5735e-04
   417  8.3662e-04
   418  8.9550e-04
   419  7.3146e-04
   422  6.9402e-04
   425  5.6747e-04
   427  5.8455e-04
   429  4.8795e-04
   431  5.1624e-04
   433  5.2517e-04
   435  4.2682e-04
   437  4.1299e-04
   439  3.8371e-04
   440  3.0807e-04
   441  3.3169e-04
   443  2.9118e-04
   446  2.6164e-04
   449  2.8716e-04
   450  2.8534e-04
   452  2.4519e-04
   453  2.1728e-04
   456  2.1385e-04
   458  1.8846e-04
   461  1.9989e-04
   463  1.7024e-04
   464  1.4752e-04
   465  1.5471e-04
   468  1.5053e-04
   470  1.3332e-04
   471  1.4489e-04
   472  1.3763e-04
   473  1.4540e-04
   474  1.3686e-04
   477  1.3357e-04
   478  1.4110e-04
   481  1.4392e-04
   484  1.5819e-04
   487  1.5929e-04
   490  1.6492e-04
   493  1.3445e-04
   495  1.1683e-04
   498  1.0271e-04
   501  1.0880e-04
   504  1.0137e-04
   506  9.1542e-05
   508  9.4077e-05
   509  8.8835e-05
   510  7.6023e-05
   512  7.8916e-05
   513  6.9522e-05
   516  6.7507e-05
   518  7.0417e-05
   520  6.1856e-05
   523  5.7187e-05
   524  4.7056e-05
   526  4.5963e-05
   527  4.5045e-05
   530  4.6164e-05
   533  3.8770e-05
   536  3.3963e-05
   537  2.8080e-05
   540  2.5214e-05
   543  2.5349e-05
   546  2.4295e-05
   547  2.1685e-05
   549  1.8188e-05
   551  1.6729e-05
   553  1.6463e-05
   555  1.6429e-05
   556  1.3514e-05
   559  1.2266e-05
   561  1.1036e-05
   563  9.6832e-06
   564  9.3119e-06
   565  7.8932e-06
   566  7.6877e-06
   567  8.3480e-06
   568  6.9553e-06
   571  6.5585e-06
   573  7.2011e-06
   575  6.1078e-06
   576  5.0462e-06
   579  5.5058e-06
   582  5.9883e-06
   583  5.3938e-06
   585  4.7084e-06
   587  4.2100e-06
   590  3.4586e-06
   593  3.7721e-06
   594  3.4077e-06
   597  3.7101e-06
   600  3.4023e-06
   602  3.3796e-06
   603  2.7711e-06
   605  3.0135e-06
   607  3.0409e-06
   610  2.5759e-06
   613  2.5423e-06
   615  2.3334e-06
   616  2.2674e-06
   619  1.8733e-06
   621  2.0091e-06
   623  2.0835e-06
   624  1.7360e-06
   626  1.7281e-06
   627  1.8099e-06
   629  1.5479e-06
   631  1.6426e-06
   634  1.3262e-06
   635  1.1684e-06
   637  1.0083e-06
   638  8.8202e-07
   640  7.7751e-07
   643  7.2678e-07
   646  7.2207e-07
   648  5.8869e-07
   649  6.4444e-07
   650  6.9999e-07
   652  6.4704e-07
   654  6.7761e-07
   655  5.5477e-07
   656  5.8534e-07
   657  5.3995e-07
   660  5.9284e-07
   661  5.7403e-07
   663  5.8127e-07
   666  6.2088e-07
   668  6.0190e-07
   671  5.4593e-07
   673  4.8383e-07
   676  4.7109e-07
   677  4.4330e-07
   678  3.8756e-07
   680  3.7213e-07
   682  3.7938e-07
   683  3.7986e-07
   685  3.4558e-07
   688  2.8840e-07
   689  2.9043e-07
   690  2.6278e-07
   692  2.8240e-07
   694  2.9070e-07
   695  3.0938e-07
   698  2.8547e-07
   699  2.8458e-07
   702  2.4543e-07
   705  2.6772e-07
   708  2.9001e-07
   709  3.1823e-07
   710  3.4220e-07
   712  2.9803e-07
   713  2.8229e-07
   715  2.8480e-07
   717  2.7806e-07
   719  2.3374e-07
   721  1.9519e-07
   723  1.9458e-07
   724  1.8545e-07
   727  1.7305e-07
   730  1.6182e-07
   732  1.7095e-07
   733  1.6590e-07
   734  1.7837e-07
   736  1.6553e-07
   739  1.7128e-07
   740  1.4839e-07
   742  1.4183e-07
   745  1.4721e-07
   748  1.2877e-07
   750  1.1593e-07
   753  9.8741e-08
   756  9.6322e-08
   758  7.7655e-08
   761  6.3594e-08
   763  6.7222e-08
   765  6.2744e-08
   766  6.1176e-08
   769  6.3177e-08
   770  6.7783e-08
   772  5.8095e-08
   775  5.6398e-08
   777  5.0833e-08
   778  4.5192e-08
   780  4.5815e-08
   783  4.1991e-08
   786  4.0581e-08
   787  3.6616e-08
   788  3.1421e-08
   791  2.8148e-08
   794  2.5008e-08
   797  2.4723e-08
   799  2.3607e-08
   800  2.4126e-08
   801  2.6434e-08
   803  2.8542e-08
   806  2.4285e-08
   807  2.6696e-08
   809  2.9223e-08
   812  2.3705e-08
   814  2.4967e-08
   815  2.3856e-08
   818  2.3627e-08
   820  2.0640e-08
   821  1.7143e-08
   823  1.4324e-08
   824  1.1982e-08
   826  1.1716e-08
   827  1.0465e-08
   830  1.1154e-08
   831  1.1708e-08
   832  1.1913e-08
   833  1.0899e-08
   836  1.0780e-08
   838  1.0624e-08
   840  8.6261e-09
   843  7.1573e-09
   846  7.4813e-09
   849  7.8983e-09
   850  8.1955e-09
   853  8.1865e-09
   854  8.8435e-09
   855  7.3774e-09
   856  6.5061e-09
   859  6.8814e-09
   862  6.8154e-09
   864  7.4251e-09
   866  6.7958e-09
   867  6.8495e-09
   870  5.8393e-09
   872  6.3614e-09
   873  6.4241e-09
   874  5.9356e-09
   876  6.1373e-09
   878  5.9916e-09
   880  6.4877e-09
   883  6.1640e-09
   885  6.6179e-09
   887  6.4200e-09
   889  6.6504e-09
   890  5.8066e-09
   891  4.8709e-09
   893  4.7516e-09
   895  4.5620e-09
   898  4.6261e-09
   899  4.2948e-09
   902  4.6067e-09
   903  4.7741e-09
   905  4.3532e-09
   908  4.4543e-09
   911  4.1952e-09
   913  4.1403e-09
   914  4.3827e-09
   915  4.6528e-09
   916  4.0566e-09
   917  3.9703e-09
   919  4.1995e-09
   921  3.7744e-09
   922  3.8221e-09
   924  4.0969e-09
   927  4.0783e-09
   929  4.3355e-09
   930  4.5539e-09
   931  4.2641e-09
   932  4.4015e-09
   934  3.7850e-09
   936  3.5160e-09
   937  3.8509e-09
   938  3.4586e-09
   941  3.0902e-09
   943  2.8261e-09
   945  2.5630e-09
   948  2.3539e-09
   950  1.9011e-09
   953  1.8525e-09
   955  1.6788e-09
   957  1.5664e-09
   958  1.4187e-09
   961  1.2442e-09
   964  1.2790e-09
   965  1.1568e-09
   966  1.0371e-09
   969  1.0613e-09
   970  8.5982e-10
   973  9.4350e-10
   975  9.0191e-10
   977  9.1894e-10
   978  7.5289e-10
   981  7.3685e-10
   983  7.5051e-10
   986  7.4747e-10
   989  6.8481e-10
   991  6.9360e-10
   994  5.5516e-10
   995  4.9378e-10
   997  5.0727e-10
   998  4.6708e-10
  1001  4.2896e-10
  1002  3.9203e-10
  1003  3.5903e-10
  1005  3.2801e-10
  1008  3.3750e-10
  1011  3.4078e-10
  1014  2.8900e-10
  1017  3.0903e-10
  1020  2.5065e-10
  1021  2.1178e-10
  1024  2.0343e-10
  1026  1.8548e-10
  1028  1.6692e-10
  1030  1.7318e-10
  1033  1.6984e-10
  1034  1.6613e-10
  1035  1.4308e-10
  1036  1.1964e-10
  1037  1.2648e-10
  1040  1.0871e-10
  1042  9.1877e-11
  1044  9.1624e-11
  1047  7.9810e-11
  1049  7.5241e-11
  1050  6.8059e-11
  1052  7.3834e-11
  1054  7.7013e-11
  1057  6.9637e-11
  1059  6.3434e-11
  1061  6.1373e-11
  1063  6.2454e-11
  1065  5.5460e-11
  1067  5.4755e-11
  1070  4.4166e-11
  1072  4.6945e-11
  1073  5.0309e-11
  1076  4.0425e-11
  1079  3.9850e-11
  1081  3.5283e-11
  1084  3.6248e-11
  1087  2.9004e-11
  1089  2.3925e-11
  1091  2.1014e-11
  1093  2.1822e-11
  1096  2.0760e-11
  1098  1.7247e-11
  1099  1.5115e-11
  1100  1.3323e-11
  1101  1.1157e-11
  1102  1.1284e-11
  1104  9.1295e-12
  1106  8.7625e-12
  1108  8.9151e-12
  1111  7.7946e-12
  1113  7.5870e-12
  1115  6.2537e-12
  1117  6.2744e-12
  1119  5.6221e-12
  1121  5.3000e-12
  1123  5.3681e-12
  1126  5.5298e-12
  1129  6.0153e-12
  1132  6.4207e-12
  1135  5.9086e-12
  1136  6.3539e-12
  1137  5.7218e-12
  1140  5.6010e-12
  1142  4.7936e-12
  1144  4.6764e-12
  1145  4.1109e-12
  1147  3.4994e-12
  1148  3.8280e-12
  1151  3.6216e-12
  1153  3.0051e-12
  1156  3.0239e-12
  1158  2.7334e-12
  1160  2.9318e-12
  1161  3.1509e-12
  1163  2.7341e-12
  1164  2.9424e-12
  1165  3.0382e-12
  1166  3.0950e-12
  1169  2.6276e-12
  1172  2.8008e-12
  1174  2.4133e-12
  1177  2.3627e-12
  1179  2.2418e-12
  1182  2.3445e-12
  1184  2.2804e-12
  1187  2.0043e-12
  1189  2.1268e-12
  1190  1.9027e-12
  1193  1.5435e-12
  1195  1.5302e-12
  1196  1.6555e-12
  1198  1.4720e-12
  1200  1.3947e-12
  1201  1.4981e-12
  1203  1.6326e-12
  1205  1.5308e-12
  1206  1.6514e-12
  1208  1.6573e-12
  1209  1.5012e-12
  1211  1.2771e-12
  1212  1.1883e-12
  1214  9.5171e-13
  1215  9.2993e-13
  1216  9.6901e-13
  1219  9.6832e-13
  1222  9.0307e-13
  1225  9.2849e-13
  1226  9.3258e-13
  1227  9.8066e-13
  1228  8.1527e-13
  1231  7.3387e-13
  1233  6.1523e-13
  1236  6.1445e-13
  1237  6.3236e-13
  1239  6.9017e-13
  1241  6.7465e-13
  1243  6.0695e-13
  1246  6.0142e-13
  1248  4.9196e-13
  1249  4.1012e-13
  1251  3.9235e-13
  1253  3.6740e-13
  1255  3.5732e-13
  1258  3.9037e-13
  1259  4.1453e-13
  1262  4.4355e-13
  1264  4.1340e-13
  1266  3.8514e-13
  1267  3.5578e-13
  1269  3.1566e-13
  1272  3.0588e-13
  1273  3.3260e-13
  1274  3.5745e-13
  1275  3.0797e-13
  1277  3.0518e-13
  1278  2.6999e-13
  1280  2.8295e-13
  1283  2.8168e-13
  1286  2.3929e-13
  1288  2.3679e-13
  1289  2.0245e-13
  1291  2.1851e-13
  1292  2.1107e-13
  1293  2.1469e-13
  1296  2.0540e-13
  1299  1.9496e-13
  1302  2.0769e-13
  1304  1.8200e-13
  1307  1.5384e-13
  1309  1.5518e-13
  1310  1.3123e-13
  1311  1.4418e-13
  1312  1.4937e-13
  1314  1.2821e-13
  1316  1.3902e-13
  1317  1.4005e-13
  1320  1.2962e-13
  1321  1.3758e-13
  1323  1.5032e-13
  1324  1.3381e-13
  1326  1.2400e-13
  1329  1.3007e-13
  1331  1.2643e-13
  1334  1.2372e-13
  1337  9.9687e-14
  1339  1.0276e-13
  1342  8.2332e-14
  1344  8.8521e-14
  1347  9.1397e-14
  1348  9.3220e-14
  1350  8.4367e-14
  1352  7.2629e-14
  1355  6.9172e-14
  1357  6.7192e-14
  1359  6.6687e-14
  1360  5.3486e-14
  1363  5.3887e-14
  1366  5.5078e-14
  1369  5.7596e-14
  1371  4.8370e-14
  1373  4.3075e-14
  1376  3.7098e-14
  1378  3.7378e-14
  1379  3.1628e-14
  1381  3.4239e-14
  1384  3.3448e-14
  1385  2.8457e-14
  1386  2.8636e-14
  1388  3.1461e-14
  1389  2.9788e-14
  1390  2.5885e-14
  1393  2.5868e-14
  1396  2.4849e-14
  1399  1.9883e-14
  1400  1.7382e-14
  1402  1.7142e-14
  1404  1.4142e-14
  1406  1.3741e-14
  1407  1.4381e-14
  1409  1.3487e-14
  1412  1.3698e-14
  1413  1.4954e-14
  1415  1.4077e-14
  1418  1.3426e-14
  1421  1.4490e-14
  1422  1.3600e-14
  1424  1.1627e-14
  1425  9.5838e-15
  1426  8.2616e-15
  1428  7.0083e-15
  1430  5.6548e-15
  1433  5.3933e-15
  1436  4.4448e-15
  1437  3.9115e-15
  1438  3.3560e-15
  1439  3.0187e-15
  1440  3.1228e-15
  1442  2.9284e-15
  1444  2.3711e-15
  1447  2.2806e-15
  1449  2.3663e-15
  1450  2.0545e-15
  1453  1.8126e-15
  1456  1.6141e-15
  1457  1.5402e-15
  1460  1.5963e-15
  1461  1.3983e-15
  1462  1.5220e-15
  1465  1.3181e-15
  1468  1.2007e-15
  1469  1.2404e-15
  1470  1.2661e-15
  1472  1.3652e-15
  1473  1.3919e-15
  1476  1.1501e-15
  1479  9.8287e-16
  1480  9.3158e-16
  1482  9.3228e-16
  1483  9.7860e-16
  1485  8.7455e-16
  1486  7.4465e-16
  1487  8.0617e-16
  1489  7.9303e-16
  1492  8.2056e-16
  1495  7.5226e-16
  1498  6.8223e-16
  1499  6.4195e-16
  1500  6.2033e-16
  1503  6.6587e-16
  1506  6.7170e-16
  1507  5.4635e-16
  1509  4.9472e-16
  1510  4.9374e-16
  1511  5.0967e-16
  1514  5.2705e-16
  1517  4.9103e-16
  1519  5.0354e-16
  1520  4.7971e-16
  1521  4.6572e-16
  1524  5.1223e-16
  1526  4.9823e-16
  1527  5.0843e-16
  1529  4.2158e-16
  1531  4.2052e-16
  1532  3.6208e-16
  1535  2.9472e-16
  1538  2.9679e-16
  1541  2.9377e-16
  1543  3.1491e-16
  1544  2.9591e-16
  1547  2.5642e-16
  1549  2.0775e-16
  1551  2.0537e-16
  1554  2.1381e-16
  1556  2.3509e-16
  1557  2.5235e-16
  1560  2.3898e-16
  1562  2.3982e-16
  1565  2.0561e-16
  1566  1.9449e-16
  1567  2.0767e-16
  1568  1.7609e-16
  1569  1.5340e-16
  1570  1.6686e-16
  1571  1.4993e-16
  1574  1.2695e-16
  1575  1.3677e-16
  1577  1.3404e-16
  1578  1.4192e-16
  1580  1.4226e-16
  1582  1.3861e-16
  1585  1.3955e-16
  1586  1.2802e-16
  1588  1.3267e-16
  1589  1.0941e-16
  1591  1.1535e-16
  1593  1.0340e-16
  1594  9.8174e-17
  1595  8.2374e-17
  1598  8.0486e-17
  1601  8.4876e-17
  1603  8.3363e-17
  1605  8.3771e-17
  1606  8.0440e-17
  1609  7.8035e-17
  1612  6.8986e-17
  1613  7.5538e-17
  1614  8.1473e-17
  1615  7.3875e-17
  1618  6.6889e-17
  1620  5.7991e-17
  1623  5.0309e-17
  1625  5.2305e-17
  1626  5.3062e-17
  1629  5.1185e-17
  1631  5.1870e-17
  1633  4.3406e-17
  1636  3.9921e-17
  1639  4.0282e-17
  1641  4.0827e-17
  1643  4.3490e-17
  1644  4.1169e-17
  1646  3.5651e-17
  1648  3.0233e-17
  1649  2.9916e-17
  1651  2.7481e-17
  1653  2.9260e-17
  1656  3.1577e-17
  1659  2.6636e-17
  1661  2.4157e-17
  1662  1.9900e-17
  1663  2.1554e-17
  1665  1.7620e-17
  1668  1.8463e-17
  1669  1.6330e-17
  1671  1.7952e-17
  1672  1.6990e-17
  1674  1.7437e-17
  1675  1.5421e-17
  1676  1.3368e-17
  1679  1.4079e-17
  1680  1.2236e-17
  1681  1.1907e-17
  1682  1.2738e-17
  1685  1.1104e-17
  1686  1.2053e-17
  1689  9.8266e-18
  1690  8.0122e-18
  1692  6.6823e-18
  1694  6.7288e-18
  1697  5.6119e-18
  1700  5.6044e-18
  1701  5.6029e-18
  1703  5.1934e-18
  1704  4.8219e-18
  1705  4.5537e-18
  1706  4.3246e-18
  1709  3.5141e-18
  1711  3.2800e-18
  1713  3.4034e-18
  1714  2.7735e-18
  1717  2.9557e-18
  1719  2.5816e-18
  1721  2.1866e-18
  1724  2.3468e-18
  1727  2.1971e-18
  1728  1.8942e-18
  1729  1.6513e-18
  1731  1.3854e-18
  1734  1.1746e-18
  1737  1.0235e-18
  1738  9.9038e-19
  1741  9.3538e-19
  1742  9.6924e-19
  1743  8.3057e-19
  1746  6.6562e-19
  1748  5.9651e-19
  1750  4.8390e-19
  1751  4.6541e-19
  1752  4.4171e-19
  1754  4.5712e-19
  1756  4.4571e-19
  1758  4.3968e-19
  1759  4.5089e-19
  1762  4.8725e-19
  1764  5.0230e-19
  1765  4.7277e-19
  1767  4.9796e-19
  1769  4.1847e-19
  1771  3.7200e-19
  1774  3.0752e-19
  1775  3.0124e-19
  1777  2.8920e-19
  1779  2.4450e-19
  1780  2.2861e-19
  1782  1.8580e-19
  1783  1.8061e-19
  1784  1.5936e-19
  1785  1.5932e-19
  1787  1.4787e-19
  1790  1.3555e-19
  1793  1.3788e-19
  1795  1.4382e-19
  1798  1.3640e-19
  1799  1.3684e-19
  1801  1.3172e-19
  1802  1.3435e-19
  1804  1.3159e-19
  1806  1.1645e-19
  1808  1.1432e-19
  1811  1.2053e-19
  1813  1.1398e-19
  1815  1.2333e-19
  1818  1.0388e-19
  1820  1.1322e-19
  1822  1.0391e-19
  1824  8.4136e-20
  1827  7.5431e-20
  1828  7.0278e-20
  1831  7.6442e-20
  1832  7.4233e-20
  1834  7.5683e-20
  1835  7.5856e-20
  1836  8.0124e-20
  1839  7.1810e-20
  1842  7.2106e-20
  1845  6.0710e-20
  1847  5.5991e-20
  1849  5.5175e-20
  1851  5.3886e-20
  1853  4.8032e-20
  1856  4.0067e-20
  1857  4.3279e-20
  1860  3.6598e-20
  1863  3.6180e-20
  1864  3.0508e-20
  1865  2.9872e-20
  1867  3.0134e-20
  1869  3.0063e-20
  1870  2.9276e-20
  1872  3.0552e-20
  1873  3.1665e-20
  1876  2.9975e-20
  1879  3.1666e-20
  1881  3.4339e-20
  1884  3.0017e-20
  1887  3.3016e-20
  1889  3.5888e-20
  1890  2.9095e-20
  1893  2.8476e-20
  1894  2.2788e-20
  1896  2.2243e-20
  1897  2.1788e-20
  1898  2.1570e-20
  1900  2.3087e-20
  1901  2.3367e-20
  1903  2.4154e-20
  1905  2.6202e-20
  1906  2.8456e-20
  1907  3.0660e-20
  1909  2.8398e-20
  1911  2.9262e-20
  1913  2.9874e-20
  1914  2.7490e-20
  1917  2.2241e-20
  1920  1.9157e-20
  1922  1.5721e-20
  1924  1.3744e-20
  1925  1.3444e-20
  1927  1.4445e-20
  1929  1.4235e-20
  1931  1.4841e-20
  1933  1.6210e-20
  1936  1.3225e-20
  1939  1.3191e-20
  1942  1.0910e-20
  1944  9.6604e-21
  1945  9.4923e-21
  1946  8.9269e-21
  1947  8.4900e-21
  1950  8.0537e-21
  1951  6.8370e-21
  1953  7.2777e-21
  1954  7.3480e-21
  1955  7.3002e-21
  1957  7.7374e-21
  1958  7.2671e-21
  1961  6.1760e-21
  1962  5.0636e-21
  1964  4.1830e-21
  1965  4.0039e-21
  1967  3.6954e-21
  1969  4.0024e-21
  1971  4.3862e-21
  1974  3.7698e-21
  1976  3.6314e-21
  1979  3.0295e-21
  1980  2.6831e-21
  1983  2.1494e-21
  1986  2.2309e-21
  1988  1.8349e-21
  1990  2.0091e-21
  1993  1.6130e-21
  1995  1.5987e-21
  1996  1.5831e-21
  1998  1.6215e-21
  2001  1.5558e-21
  2002  1.6836e-21
  2005  1.8191e-21
  2006  1.8239e-21
  2007  1.5575e-21
  2010  1.5468e-21
  2013  1.4202e-21
  2016  1.1999e-21
  2018  1.1688e-21
  2020  1.1284e-21
  2022  1.0542e-21
  2023  1.0976e-21
  2024  1.0172e-21
  2025  8.1854e-22
  2026  8.7127e-22
  2029  9.1027e-22
  2031  8.1780e-22
  2033  7.2147e-22
  2036  7.1928e-22
  2039  7.7740e-22
  2041  8.5061e-22
  2042  7.7942e-22
  2043  6.8591e-22
  2044  5.5186e-22
  2047  5.0086e-22
  2048  4.7769e-22
  2051  3.9630e-22
  2054  4.3292e-22
  2055  4.6727e-22
  2056  5.0005e-22
  2057  4.0519e-22
  2058  3.5908e-22
  2060  2.9912e-22
  2063  3.2564e-22
  2065  3.2957e-22
  2068  3.4672e-22
  2069  3.3449e-22
  2070  2.8357e-22
  2073  2.8384e-22
  2074  2.2937e-22
  2077  2.1158e-22
  2080  2.1606e-22
  2081  2.2727e-22
  2084  2.0875e-22
  2085  2.0164e-22
  2087  1.9436e-22
  2089  1.6558e-22
  2090  1.6628e-22
  2093  1.4794e-22
  2094  1.4122e-22
  2097  1.2142e-22
  2098  1.0766e-22
  2099  1.0594e-22
  2101  8.8652e-23
  2102  8.1536e-23
  2103  8.3668e-23
  2104  6.8844e-23
  2106  6.8532e-23
  2107  7.1950e-23
  2110  6.7054e-23
  2111  6.9650e-23
  2113  5.7902e-23
  2114  6.3263e-23
  2116  6.6328e-23
  2119  6.7409e-23
  2122  7.0146e-23
  2124  6.4775e-23
  2127  6.8393e-23
  2129  6.2971e-23
  2130  6.6739e-23
  2132  5.7791e-23
  2134  4.9278e-23
  2135  5.0761e-23
  2138  4.1138e-23
  2141  3.4176e-23
  2144  3.6626e-23
  2146  3.3849e-23
  2149  2.9547e-23
  2150  3.0930e-23
  2151  2.8115e-23
  2153  2.5542e-23
  2155  2.5900e-23
  2156  2.6879e-23
  2159  2.6693e-23
  2160  2.8884e-23
  2162  2.9316e-23
  2163  3.1683e-23
  2166  3.4101e-23
  2168  3.2335e-23
  2170  3.1678e-23
  2172  3.1271e-23
  2173  3.3546e-23
  2176  3.3310e-23
  2179  3.0629e-23
  2182  3.1597e-23
  2185  2.7128e-23
  2188  2.2121e-23
  2191  1.9192e-23
  2193  1.8289e-23
  2194  1.6888e-23
  2196  1.6995e-23
  2197  1.5427e-23
  2199  1.5568e-23
  2200  1.4700e-23
  2203  1.4561e-23
  2204  1.1852e-23
  2206  1.1953e-23
  2209  1.2372e-23
  2212  1.0410e-23
  2214  1.0404e-23
  2217  9.5598e-24
  2220  7.8383e-24
  2222  8.5736e-24
  2224  7.6500e-24
  2227  8.2925e-24
  2230  8.9297e-24
  2231  8.5435e-24
  2233  7.8545e-24
  2235  8.1809e-24
  2238  8.1787e-24
  2240  8.6197e-24
  2241  7.8956e-24
  2243  6.7170e-24
  2246  5.5365e-24
  2247  4.5172e-24
  2248  4.1599e-24
  2249  3.6046e-24
  2251  3.5165e-24
  2252  3.6351e-24
  2254  3.6196e-24
  2256  3.8528e-24
  2259  3.3195e-24
  2260  3.1199e-24
  2261  3.2665e-24
  2262  2.7639e-24
  2263  3.0095e-24
  2265  3.0121e-24
  2266  2.5101e-24
  2267  2.2089e-24
  2270  2.1483e-24
  2273  1.7974e-24
  2275  1.5675e-24
  2277  1.4752e-24
  2278  1.6111e-24
  2280  1.4959e-24
  2282  1.4004e-24
  2283  1.3155e-24
  2284  1.3783e-24
  2287  1.3642e-24
  2288  1.3196e-24
  2290  1.0698e-24
  2292  9.6462e-25
  2293  8.0699e-25
  2295  6.9987e-25
  2297  5.8599e-25
  2299  5.3287e-25
  2301  4.7360e-25
  2304  4.9455e-25
  2306  4.1176e-25
  2307  3.5418e-25
  2309  3.0107e-25
  2311  3.1377e-25
  2312  2.8687e-25
  2313  2.8957e-25
  2316  2.8404e-25
  2319  2.9345e-25
  2320  2.4406e-25
  2323  2.0613e-25
  2325  1.7210e-25
  2327  1.6032e-25
  2330  1.5888e-25
  2332  1.2890e-25
  2333  1.3464e-25
  2336  1.1826e-25
  2337  1.1310e-25
  2339  1.0403e-25
  2340  1.0081e-25
  2341  1.0397e-25
  2343  1.0912e-25
  2346  1.0500e-25
  2349  1.0170e-25
  2352  9.5752e-26
  2353  8.0733e-26
  2355  8.5257e-26
  2356  6.9619e-26
  2358  6.4372e-26
  2361  5.7891e-26
  2362  4.9823e-26
  2364  4.0656e-26
  2365  3.5057e-26
  2367  3.6041e-26
  2369  3.4219e-26
  2371  2.9680e-26
  2374  2.3857e-26
  2377  1.9937e-26
  2378  1.6781e-26
  2381  1.6863e-26
  2384  1.8356e-26
  2385  1.7336e-26
  2386  1.5892e-26
  2389  1.6239e-26
  2390  1.5271e-26
  2392  1.2264e-26
  2395  1.0214e-26
  2396  9.2224e-27
  2398  7.8032e-27
  2399  8.0095e-27
  2400  6.6026e-27
  2403  6.5837e-27
  2406  6.2188e-27
  2407  5.8018e-27
  2408  5.9575e-27
  2409  5.9921e-27
  2411  5.5644e-27
  2412  5.3691e-27
  2414  5.4674e-27
  2415  5.5220e-27
  2416  4.7520e-27
  2418  4.5747e-27
  2420  3.6870e-27
  2421  3.1996e-27
  2423  3.1278e-27
  2424  2.5215e-27
  2425  2.6527e-27
  2428  2.4695e-27
  2430  2.1037e-27
  2431  2.0517e-27
  2434  1.6799e-27
  2436  1.5837e-27
  2439  1.7097e-27
  2442  1.8603e-27
  2444  1.6650e-27
  2447  1.4537e-27
  2450  1.2155e-27
  2453  1.1219e-27
  2455  1.0727e-27
  2458  9.0315e-28
  2460  8.5597e-28
  2461  8.0685e-28
  2463  8.1275e-28
  2465  8.4516e-28
  2468  6.8290e-28
  2470  6.3088e-28
  2471  6.4833e-28
  2473  5.5674e-28
  2475  6.0449e-28
  2477  5.1307e-28
  2479  4.3398e-28
  2482  3.9408e-28
  2485  3.6301e-28
  2486  3.1296e-28
  2488  2.8694e-28
  2490  2.9376e-28
  2491  2.4714e-28
  2492  2.2702e-28
  2494  2.0750e-28
  2496  1.8685e-28
  2499  2.0077e-28
  2500  1.6996e-28
  2502  1.4310e-28
  2503  1.5093e-28
  2506  1.4762e-28
  2507  1.3902e-28
  2509  1.4736e-28
  2510  1.3694e-28
  2512  1.1092e-28
  2514  1.0851e-28
  2517  1.1302e-28
  2519  1.2014e-28
  2521  1.2153e-28
  2523  1.0186e-28
  2526  1.0539e-28
  2528  9.0245e-29
  2531  9.3145e-29
  2534  8.6072e-29
  2537  7.9603e-29
  2538  6.8409e-29
  2539  6.9407e-29
  2542  6.7448e-29
  2545  5.7711e-29
  2548  5.8244e-29
  2550  6.3238e-29
  2552  5.6509e-29
  2555  4.9993e-29
  2556  4.5809e-29
  2557  4.3206e-29
  2560  4.0736e-29
  2563  4.3167e-29
  2565  4.5326e-29
  2566  3.6335e-29
  2567  3.7013e-29
  2570  3.3850e-29
  2571  3.5139e-29
  2574  3.2551e-29
  2575  3.0134e-29
  2577  2.5919e-29
  2579  2.1611e-29
  2582  2.0277e-29
  2583  1.7071e-29
  2584  1.5603e-29
  2585  1.6360e-29
  2586  1.4744e-29
  2587  1.3470e-29
  2589  1.2930e-29
  2592  1.4040e-29
  2593  1.3769e-29
  2594  1.4054e-29
  2597  1.4817e-29
  2599  1.2139e-29
  2600  1.2473e-29
  2603  1.2313e-29
  2604  1.2071e-29
  2605  1.0978e-29
  2608  1.1074e-29
  2610  1.0201e-29
  2612  9.6817e-30
  2615  9.2815e-30
  2618  1.0004e-29
  2619  1.0529e-29
  2622  9.1778e-30
  2625  7.6018e-30
  2627  8.1200e-30
  2630  8.6657e-30
  2632  8.8145e-30
  2633  8.9193e-30
  2635  7.3924e-30
  2637  7.1213e-30
  2639  6.8563e-30
  2641  7.0370e-30
  2643  5.7325e-30
  2644  5.6688e-30
  2646  4.6661e-30
  2648  3.7937e-30
  2651  3.6292e-30
  2653  3.7977e-30
  2654  3.5507e-30
  2656  2.9907e-30
  2657  2.6593e-30
  2660  2.4285e-30
  2662  2.0096e-30
  2664  2.1515e-30
  2666  2.0418e-30
  2667  2.1777e-30
  2670  2.2566e-30
  2671  1.8535e-30
  2674  1.6939e-30
  2676  1.6410e-30
  2677  1.6907e-30
  2680  1.4667e-30
  2681  1.3096e-30
  2682  1.4233e-30
  2683  1.2558e-30
  2685  1.3402e-30
  2687  1.4391e-30
  2690  1.3655e-30
  2692  1.2028e-30
  2693  1.0936e-30
  2695  1.1464e-30
  2696  1.0155e-30
  2698  8.9612e-31
  2699  7.7127e-31
  2701  8.2457e-31
  2704  8.9092e-31
  2705  9.2768e-31
  2707  8.0972e-31
  2709  6.8404e-31
  2711  6.3936e-31
  2714  6.1138e-31
  2717  5.0789e-31
  2719  5.1150e-31
  2722  5.2154e-31
  2724  4.6834e-31
  2725  5.0125e-31
  2728  5.1057e-31
  2729  5.3064e-31
  2730  4.9973e-31
  2733  5.4965e-31
  2734  4.6717e-31
  2737  4.9197e-31
  2738  4.7652e-31
  2739  4.3822e-31
  2741  4.6973e-31
  2743  4.9984e-31
  2746  4.6506e-31
  2748  4.7483e-31
  2750  4.0703e-31
  2751  3.7019e-31
  2752  4.0076e-31
  2755  3.6901e-31
  2758  3.2794e-31
  2761  3.4680e-31
  2763  3.7202e-31
  2766  3.4222e-31
  2767  3.5163e-31
  2770  3.5436e-31
  2771  3.0419e-31
  2773  2.7568e-31
  2776  2.4910e-31
  2778  2.0739e-31
  2780  1.8310e-31
  2781  1.8757e-31
  2783  1.6426e-31
  2784  1.6841e-31
  2787  1.8088e-31
  2788  1.7965e-31
  2791  1.6747e-31
  2794  1.7103e-31
  2796  1.8307e-31
  2798  1.6239e-31
  2800  1.5777e-31
  2803  1.3808e-31
  2806  1.3603e-31
  2809  1.2963e-31
  2810  1.3879e-31
  2812  1.2879e-31
  2814  1.1283e-31
  2816  1.0438e-31
  2818  9.1830e-32
  2821  9.5630e-32
  2823  8.0306e-32
  2826  8.2301e-32
  2829  7.0493e-32
  2830  7.4373e-32
  2833  6.9826e-32
  2835  6.7615e-32
  2837  6.6233e-32
  2840  5.5868e-32
  2843  5.6300e-32
  2846  5.2893e-32
  2849  4.3368e-32
  2852  4.2488e-32
  2853  4.4747e-32
  2856  4.5549e-32
  2857  4.7691e-32
  2859  4.9686e-32
  2861  5.1384e-32
  2862  4.4595e-32
  2864  4.4063e-32
  2866  3.9791e-32
  2867  3.5355e-32
  2868  2.9753e-32
  2869  2.7281e-32
  2872  2.4312e-32
  2874  2.2146e-32
  2875  2.3788e-32
  2877  2.4571e-32
  2880  2.2626e-32
  2883  1.9982e-32
  2886  1.7977e-32
  2888  1.6834e-32
  2889  1.5907e-32
  2890  1.4956e-32
  2891  1.4834e-32
  2894  1.5119e-32
  2895  1.3979e-32
  2896  1.5166e-32
  2898  1.4288e-32
  2899  1.3366e-32
  2900  1.0727e-32
  2902  1.1125e-32
  2903  1.0116e-32
  2905  1.1058e-32
  2906  1.0937e-32
  2908  9.2203e-33
  2911  8.0107e-33
  2913  6.8038e-33
  2916  6.1828e-33
  2919  5.5393e-33
  2921  5.8785e-33
  2922  5.8931e-33
  2924  5.8040e-33
  2925  5.2723e-33
  2926  5.6655e-33
  2927  4.6822e-33
  2929  4.6763e-33
  2932  3.7491e-33
  2935  3.0073e-33
  2937  2.5121e-33
  2940  2.5283e-33
  2942  2.1258e-33
  2945  2.1684e-33
  2948  1.9986e-33
  2949  1.9558e-33
  2950  2.0791e-33
  2951  2.2413e-33
  2954  2.2703e-33
  2955  2.2360e-33
  2958  1.8100e-33
  2960  1.7474e-33
  2961  1.5691e-33
  2963  1.4974e-33
  2964  1.5936e-33
  2967  1.3371e-33
  2968  1.0787e-33
  2971  8.7656e-34
  2972  8.6310e-34
  2974  9.2079e-34
  2975  8.1164e-34
  2977  7.3693e-34
  2980  7.7645e-34
  2983  7.2410e-34
  2986  6.4893e-34
  2989  5.5343e-34
  2990  5.6772e-34
  2993  6.1024e-34
  2996  6.4583e-34
  2998  7.0735e-34
  3001  7.6729e-34
  3002  8.3101e-34
  3003  6.7677e-34
  3004  7.4055e-34
  3006  6.5205e-34
  3008  5.2292e-34
  3009  4.7269e-34
  3012  4.8067e-34
  3015  3.8897e-34
  3017  3.1686e-34
  3020  3.0212e-34
  3021  3.3001e-34
  3024  3.1360e-34
  3026  3.0859e-34
  3027  2.7336e-34
  3030  2.2158e-34
  3032  2.3936e-34
  3034  2.1210e-34
  3037  2.3194e-34
  3040  2.0369e-34
  3041  1.8945e-34
  3044  1.6199e-34
  3047  1.5203e-34
  3048  1.2517e-34
  3049  1.3044e-34
  3050  1.3064e-34
  3053  1.1827e-34
  3054  1.2831e-34
  3057  1.2376e-34
  3059  1.0395e-34
  3060  9.0212e-35
  3061  7.4131e-35
  3064  6.8214e-35
  3067  7.4999e-35
  3068  8.1148e-35
  3069  6.6464e-35
  3071  5.5232e-35
  3073  4.9532e-35
  3074  4.8763e-35
  3077  4.1831e-35
  3080  3.5518e-35
  3082  3.1524e-35
  3084  3.1952e-35
  3086  3.4494e-35
  3089  3.0016e-35
  3090  2.7561e-35
  3092  2.5932e-35
  3094  2.5811e-35
  3096  2.7049e-35
  3098  2.1655e-35
  3100  1.9620e-35
  3101  1.8274e-35
  3103  1.4757e-35
  3104  1.2173e-35
  3105  1.1806e-35
  3106  1.0687e-35
  3107  9.3050e-36
  3108  7.8321e-36
  3111  6.9264e-36
  3113  6.5479e-36
  3114  5.4493e-36
  3115  4.7323e-36
  3118  4.3451e-36
  3119  3.5234e-36
  3122  3.2142e-36
  3123  2.8735e-36
  3125  2.9889e-36
  3128  2.8832e-36
  3130  2.4401e-36
  3131  1.9689e-36
  3134  2.0291e-36
  3135  1.8844e-36
  3138  1.6946e-36
  3139  1.6644e-36
  3142  1.5569e-36
  3143  1.5573e-36
  3145  1.3729e-36
  3146  1.1106e-36
  3149  9.1204e-37
  3151  7.5360e-37
  3154  6.1516e-37
  3157  5.7846e-37
  3159  6.1053e-37
  3162  6.5817e-37
  3165  5.4007e-37
  3167  5.5103e-37
  3170  5.2633e-37
  3171  5.7244e-37
  3172  5.8917e-37
  3174  5.9079e-37
  3175  5.4541e-37
  3178  5.1224e-37
  3180  4.9671e-37
  3183  4.1535e-37
  3186  4.1774e-37
  3188  3.3574e-37
  3191  2.9284e-37
  3192  2.9600e-37
  3195  2.4309e-37
  3198  2.4621e-37
  3200  2.5733e-37
  3203  2.2260e-37
  3206  2.1156e-37
  3209  2.3225e-37
  3210  2.1927e-37
  3212  1.9532e-37
  3215  2.1228e-37
  3218  2.2772e-37
  3221  2.2868e-37
  3224  2.4347e-37
  3227  2.6204e-37
  3229  2.7508e-37
  3232  2.4499e-37
  3235  2.1790e-37
  3238  1.8373e-37
  3241  1.7296e-37
  3242  1.8227e-37
  3243  1.5329e-37
  3244  1.6524e-37
  3245  1.6027e-37
  3248  1.7159e-37
  3249  1.6516e-37
  3251  1.5657e-37
  3252  1.4586e-37
  3254  1.4038e-37
  3257  1.3245e-37
  3259  1.2152e-37
  3261  1.2379e-37
  3262  1.0415e-37
  3265  9.1207e-38
  3267  8.7240e-38
  3269  8.4787e-38
  3270  7.8406e-38
  3272  6.3700e-38
  3275  5.8759e-38
  3277  5.8361e-38
  3280  5.9096e-38
  3282  4.8377e-38
  3285  4.3121e-38
  3288  4.0857e-38
  3289  4.4066e-38
  3292  3.9674e-38
  3295  3.4656e-38
  3297  3.0363e-38
  3300  2.6623e-38
  3303  2.6083e-38
  3304  2.5391e-38
  3306  2.3241e-38
  3307  2.4709e-38
  3310  2.5602e-38
  3312  2.5610e-38
  3313  2.3153e-38
  3314  2.4550e-38
  3316  2.0852e-38
  3317  1.7637e-38
  3319  1.9316e-38
  3320  1.5601e-38
  3322  1.3326e-38
  3324  1.2369e-38
  3327  1.0366e-38
  3330  9.3040e-39
  3332  8.1437e-39
  3335  7.7194e-39
  3337  7.7125e-39
  3338  7.3391e-39
  3339  6.1589e-39
  3341  5.6130e-39
  3343  6.1557e-39
  3345  5.7444e-39
  3347  4.9294e-39
  3348  4.1518e-39
  3351  3.9345e-39
  3354  4.2178e-39
  3355  3.8334e-39
  3357  4.0420e-39
  3359  4.4434e-39
  3360  4.2281e-39
  3362  3.7568e-39
  3364  3.9637e-39
  3366  3.4522e-39
  3369  3.7484e-39
  3371  3.2796e-39
  3372  2.7161e-39
  3374  2.6208e-39
  3376  2.5417e-39
  3378  2.4410e-39
  3379  2.5852e-39
  3380  2.4737e-39
  3383  2.2037e-39
  3386  1.9666e-39
  3389  1.6219e-39
  3391  1.7474e-39
  3393  1.8173e-39
  3395  1.8582e-39
  3398  1.9445e-39
  3400  2.0619e-39
  3403  1.8766e-39
  3404  1.6553e-39
  3406  1.7607e-39
  3409  1.8976e-39
  3411  1.6077e-39
  3414  1.6962e-39
  3417  1.7397e-39
  3420  1.8006e-39
  3422  1.4538e-39
  3425  1.3293e-39
  3428  1.1627e-39
  3429  1.1616e-39
  3430  9.3033e-40
  3431  7.5624e-40
  3433  6.7415e-40
  3434  6.6511e-40
  3437  7.2288e-40
  3438  6.3422e-40
  3441  6.2572e-40
  3444  5.1095e-40
  3447  4.8161e-40
  3449  3.8691e-40
  3452  4.1905e-40
  3454  4.3061e-40
  3455  4.4513e-40
  3457  4.1314e-40
  3460  3.8716e-40
  3462  3.9850e-40
  3463  3.5953e-40
  3464  3.5944e-40
  3466  2.9591e-40
  3468  2.5797e-40
  3469  2.6058e-40
  3472  2.1615e-40
  3474  2.1211e-40
  3475  2.0359e-40
  3477  2.1870e-40
  3479  2.1509e-40
  3480  1.9632e-40
  3481  1.7817e-40
  3482  1.7728e-40
  3484  1.4562e-40
  3487  1.3261e-40
  3490  1.1074e-40
  3493  1.2025e-40
  3495  1.1951e-40
  3496  1.2681e-40
  3499  1.2067e-40
  3500  1.1414e-40
  3503  1.1564e-40
  3505  1.1117e-40
  3507  1.0319e-40
  3508  9.7340e-41
  3509  9.8804e-41
  3510  8.3880e-41
  3513  6.7461e-41
  3515  6.6279e-41
  3516  5.4042e-41
  3519  5.0969e-41
  3522  4.8072e-41
  3525  4.4288e-41
  3528  4.6070e-41
  3529  4.6416e-41
  3532  5.0095e-41
  3534  4.9441e-41
  3535  5.3952e-41
  3538  5.4031e-41
  3540  4.4431e-41
  3541  4.2387e-41
  3542  4.4024e-41
  3543  3.7067e-41
  3544  3.8095e-41
  3547  3.5732e-41
  3550  3.1938e-41
  3553  3.4640e-41
  3556  2.8173e-41
  3558  2.4408e-41
  3559  2.4515e-41
  3561  2.5939e-41
  3562  2.4669e-41
  3564  2.5862e-41
  3567  2.6427e-41
  3570  2.5530e-41
  3572  2.5458e-41
  3573  2.1921e-41
  3574  2.2104e-41
  3577  1.9504e-41
  3580  1.7471e-41
  3582  1.8649e-41
  3585  1.8963e-41
  3586  2.0761e-41
  3589  1.9027e-41
  3591  1.5860e-41
  3592  1.4503e-41
  3594  1.2114e-41
  3595  1.1142e-41
  3598  1.1372e-41
  3600  1.0431e-41
  3603  9.4985e-42
  3604  9.7827e-42
  3607  9.9315e-42
  3609  8.5142e-42
  3611  7.4072e-42
  3613  7.8531e-42
  3615  7.6076e-42
  3617  6.2930e-42
  3619  5.3431e-42
  3620  5.8403e-42
  3622  5.6231e-42
  3623  5.5153e-42
  3624  5.8911e-42
  3626  6.3356e-42
  3627  5.7568e-42
  3629  5.8219e-42
  3632  5.4441e-42
  3634  5.4010e-42
  3637  5.4031e-42
  3638  5.1369e-42
  3640  5.2745e-42
  3643  5.5076e-42
  3644  4.4907e-42
  3646  4.4337e-42
  3648  4.4563e-42
  3650  4.0547e-42
  3653  4.1548e-42
  3655  3.3760e-42
  3657  3.6924e-42
  3660  3.2874e-42
  3661  3.3732e-42
  3663  3.1829e-42
  3664  3.0064e-42
  3665  3.0270e-42
  3667  3.0923e-42
  3670  2.6199e-42
  3673  2.1221e-42
  3675  1.7673e-42
  3677  1.4724e-42
  3678  1.2733e-42
  3680  1.0988e-42
  3682  1.1977e-42
  3683  1.3132e-42
  3686  1.1416e-42
  3688  9.9359e-43
  3690  8.0240e-43
  3692  6.4916e-43
  3694  5.2454e-43
  3697  5.5599e-43
  3698  4.6356e-43
  3699  5.0399e-43
  3700  4.2069e-43
  3703  4.3352e-43
  3704  4.1906e-43
  3707  4.0625e-43
  3710  3.9449e-43
  3713  3.3273e-43
  3715  3.0816e-43
  3717  3.0786e-43
  3718  3.0528e-43
  3720  2.8504e-43
  3722  2.5407e-43
  3723  2.2946e-43
  3724  2.1625e-43
  3727  2.1336e-43
  3730  2.2155e-43
  3731  1.8382e-43
  3732  1.6283e-43
  3733  1.6317e-43
  3734  1.6768e-43
  3737  1.4566e-43
  3740  1.1941e-43
  3743  9.9506e-44
  3744  1.0777e-43
  3747  1.0054e-43
  3749  9.8426e-44
  3750  8.2294e-44
  3753  6.9881e-44
  3755  5.6211e-44
  3756  4.8741e-44
  3759  4.5090e-44
  3760  4.0613e-44
  3763  3.3843e-44
  3764  3.6005e-44
  3767  3.4743e-44
  3770  2.9240e-44
  3773  2.4610e-44
  3776  2.1947e-44
  3778  1.9610e-44
  3781  1.8959e-44
  3783  1.9927e-44
  3785  1.6423e-44
  3788  1.3289e-44
  3791  1.3636e-44
  3794  1.2863e-44
  3797  1.3331e-44
  3798  1.3039e-44
  3799  1.3065e-44
  3800  1.3801e-44
  3801  1.5036e-44
  3802  1.3589e-44
  3804  1.4595e-44
  3806  1.5148e-44
  3808  1.3393e-44
  3809  1.1900e-44
  3810  1.1570e-44
  3811  1.2074e-44
  3813  1.2706e-44
  3816  1.0731e-44
  3818  1.1649e-44
  3820  1.0690e-44
  3822  1.1707e-44
  3823  1.2222e-44
  3824  1.1531e-44
  3827  1.1271e-44
  3830  9.4161e-45
  3833  8.7204e-45
  3835  7.5802e-45
  3838  7.6703e-45
  3841  6.6714e-45
  3842  5.4885e-45
  3844  4.5647e-45
  3845  4.2019e-45
  3847  4.0858e-45
  3848  4.3818e-45
  3850  4.0491e-45
  3851  4.3043e-45
  3854  4.4793e-45
  3855  4.0387e-45
  3856  3.8953e-45
  3859  4.2691e-45
  3860  3.9936e-45
  3862  3.2529e-45
  3863  3.0036e-45
  3866  2.9959e-45
  3867  3.2298e-45
  3870  2.8712e-45
  3873  3.0770e-45
  3875  2.7694e-45
  3877  2.3803e-45
  3879  2.2169e-45
  3880  1.7913e-45
  3881  1.8633e-45
  3884  1.7576e-45
  3885  1.5470e-45
  3886  1.2711e-45
  3889  1.2206e-45
  3892  1.1837e-45
  3893  1.2827e-45
  3894  1.1283e-45
  3897  1.1008e-45
  3900  1.1639e-45
  3903  1.2134e-45
  3905  1.2466e-45
  3906  1.0185e-45
  3908  1.0870e-45
  3909  1.0079e-45
  3910  1.0135e-45
  3912  8.4706e-46
  3913  7.5815e-46
  3915  7.1457e-46
  3916  6.3029e-46
  3918  6.8540e-46
  3919  5.5108e-46
  3922  5.0778e-46
  3925  5.2712e-46
  3926  5.1252e-46
  3929  4.1011e-46
  3931  4.1848e-46
  3934  3.5910e-46
  3937  2.9188e-46
  3939  2.5484e-46
  3940  2.5971e-46
  3942  2.2205e-46
  3943  2.3062e-46
  3946  2.1207e-46
  3947  1.7346e-46
  3950  1.5376e-46
  3951  1.6240e-46
  3954  1.4868e-46
  3957  1.4726e-46
  3960  1.6126e-46
  3962  1.7489e-46
  3964  1.6850e-46
  3966  1.7816e-46
  3969  1.6176e-46
  3972  1.4716e-46
  3974  1.3718e-46
  3976  1.1707e-46
  3977  9.6367e-47
  3980  8.7493e-47
  3981  7.1485e-47
  3984  6.0569e-47
  3986  6.1856e-47
  3988  6.1889e-47
  3990  5.1553e-47
  3991  5.1104e-47
  3992  5.1955e-47
  3995  5.1013e-47
  3996  4.5398e-47
  3999  4.7339e-47
  4001  3.7895e-47
  4004  3.4690e-47
  4006  3.7287e-47
  4007  3.3786e-47
  4009  3.4847e-47
  4010  3.8074e-47
  4012  3.4752e-47
  4015  3.1388e-47
  4016  2.5606e-47
  4017  2.1680e-47
  4020  2.2578e-47
  4021  2.1220e-47
  4023  1.9277e-47
  4025  1.8154e-47
  4027  1.5606e-47
  4028  1.3044e-47
  4030  1.2385e-47
  4032  1.3480e-47
  4034  1.2924e-47
  4035  1.2342e-47
  4036  1.1643e-47
  4038  9.4259e-48
  4041  9.6695e-48
  4043  8.7365e-48
  4045  8.9620e-48
  4046  9.5887e-48
  4047  9.2146e-48
  4050  8.1024e-48
  4052  8.8012e-48
  4055  7.7020e-48
  4058  7.5544e-48
  4059  7.3302e-48
  4060  7.6828e-48
  4062  6.1474e-48
  4064  5.2798e-48
  4066  4.6724e-48
  4067  4.1350e-48
  4070  3.7314e-48
  4071  3.0170e-48
  4073  3.2649e-48
  4074  3.4553e-48
  4077  3.4074e-48
  4079  3.2106e-48
  4082  3.4905e-48
  4084  3.1430e-48
  4085  3.0149e-48
  4087  2.7999e-48
  4090  2.8188e-48
  4091  2.8568e-48
  4093  2.6766e-48
  4096  2.5306e-48
  4097  2.5570e-48
  4098  2.7097e-48
  4101  2.2761e-48
  4103  1.8701e-48
  4106  1.7178e-48
  4108  1.5000e-48
  4109  1.3034e-48
  4110  1.2824e-48
  4113  1.1355e-48
  4116  9.5311e-49
  4118  9.0810e-49
  4120  7.6217e-49
  4122  7.7334e-49
  4123  7.4651e-49
  4124  6.5624e-49
  4127  5.7984e-49
  4130  4.8768e-49
  4133  4.3569e-49
  4136  3.7115e-49
  4137  3.6396e-49
  4138  3.8317e-49
  4140  3.6388e-49
  4142  3.2405e-49
  4143  3.0016e-49
  4146  2.9948e-49
  4149  2.6317e-49
  4152  2.5642e-49
  4153  2.7092e-49
  4154  2.3110e-49
  4156  1.9050e-49
  4159  1.8852e-49
  4160  1.6610e-49
  4163  1.5577e-49
  4164  1.5319e-49
  4166  1.5493e-49
  4167  1.3391e-49
  4168  1.4694e-49
  4170  1.5960e-49
  4172  1.5068e-49
  4175  1.5027e-49
  4177  1.4873e-49
  4180  1.4318e-49
  4183  1.5053e-49
  4184  1.2880e-49
  4185  1.2217e-49
  4188  1.0845e-49
  4189  9.8226e-50
  4191  9.6929e-50
  4193  8.4021e-50
  4195  6.8074e-50
  4198  6.2587e-50
  4200  6.0985e-50
  4203  6.4907e-50
  4204  6.9585e-50
  4207  5.7634e-50
  4209  5.9630e-50
  4212  5.7809e-50
  4214  4.6636e-50
  4215  4.9033e-50
  4218  4.4352e-50
  4220  4.0397e-50
  4222  3.9023e-50
  4224  4.1261e-50
  4227  4.0731e-50
  4230  3.3325e-50
  4233  2.6872e-50
  4234  2.6162e-50
  4237  2.8654e-50
  4240  2.6806e-50
  4243  2.4423e-50
  4244  2.5307e-50
  4247  2.2082e-50
  4248  2.1443e-50
  4249  2.0101e-50
  4252  1.9383e-50
  4254  1.7688e-50
  4257  1.5565e-50
  4258  1.2588e-50
  4261  1.2893e-50
  4263  1.3166e-50
  4264  1.3281e-50
  4266  1.2390e-50
  4268  1.2271e-50
  4269  1.1058e-50
  4270  9.8360e-51
  4273  8.8989e-51
  4274  8.1700e-51
  4275  8.9303e-51
  4277  9.7524e-51
  4278  8.0860e-51
  4281  6.6846e-51
  4283  7.3527e-51
  4284  7.3416e-51
  4286  5.9011e-51
  4287  4.8756e-51
  4288  4.6987e-51
  4291  4.1276e-51
  4293  3.3512e-51
  4296  2.7157e-51
  4298  2.7625e-51
  4301  2.6134e-51
  4304  2.7290e-51
  4306  2.6000e-51
  4308  2.5012e-51
  4311  2.4471e-51
  4314  2.1548e-51
  4315  1.8715e-51
  4318  1.8298e-51
  4319  2.0035e-51
  4322  1.6964e-51
  4324  1.3925e-51
  4327  1.3579e-51
  4329  1.3934e-51
  4330  1.1190e-51
  4332  1.0924e-51
  4335  9.6626e-52
  4336  9.0087e-52
  4337  9.1167e-52
  4338  8.8655e-52
  4341  8.3486e-52
  4342  6.7294e-52
  4345  7.1377e-52
  4347  6.8373e-52
  4348  6.3211e-52
  4351  6.7763e-52
  4354  5.6102e-52
  4357  5.1731e-52
  4360  4.7831e-52
  4363  4.6761e-52
  4366  4.0148e-52
  4368  4.3916e-52
  4369  3.5301e-52
  4370  3.4733e-52
  4373  3.0054e-52
  4376  3.2990e-52
  4378  3.3166e-52
  4381  2.8054e-52
  4383  2.9365e-52
  4384  2.9206e-52
  4386  2.4616e-52
  4389  2.0576e-52
  4391  2.1464e-52
  4392  2.0209e-52
  4393  1.9717e-52
  4396  1.6999e-52
  4398  1.8104e-52
  4399  1.9106e-52
  4400  1.9908e-52
  4403  1.6449e-52
  4405  1.6379e-52
  4406  1.5420e-52
  4409  1.2442e-52
  4410  1.1321e-52
  4411  1.2011e-52
  4412  1.0110e-52
  4413  9.3090e-53
  4416  8.2453e-53
  4418  6.8858e-53
  4420  6.2276e-53
  4422  5.2665e-53
  4423  4.2995e-53
  4425  4.4664e-53
  4427  4.4113e-53
  4429  4.7044e-53
  4430  4.0159e-53
  4431  3.8055e-53
  4433  3.5456e-53
  4436  3.7897e-53
  4438  3.1742e-53
  4440  2.5908e-53
  4443  2.2461e-53
  4446  1.9496e-53
  4448  1.7659e-53
  4449  1.9413e-53
  4451  1.9051e-53
  4454  1.6660e-53
  4456  1.3892e-53
  4458  1.3336e-53
  4461  1.2402e-53
  4463  1.3380e-53
  4466  1.2954e-53
  4469  1.4244e-53
  4472  1.3787e-53
  4475  1.3425e-53
  4477  1.2684e-53
  4479  1.3236e-53
  4481  1.3224e-53
  4483  1.3755e-53
  4485  1.3340e-53
  4487  1.2946e-53
  4488  1.3623e-53
  4491  1.2564e-53
  4492  1.1563e-53
  4494  1.2229e-53
  4496  1.0392e-53
  4499  1.1312e-53
  4502  9.7353e-54
  4503  1.0059e-53
  4505  9.1016e-54
  4508  9.8740e-54
  4510  8.9348e-54
  4512  7.4718e-54
  4515  6.8204e-54
  4517  5.8324e-54
  4518  4.7541e-54
  4519  4.8444e-54
  4520  4.8503e-54
  4521  3.9008e-54
  4522  3.8182e-54
  4523  3.9781e-54
  4525  4.2025e-54
  4526  4.3258e-54
  4527  3.5190e-54
  4529  2.9476e-54
  4531  3.0007e-54
  4534  2.5128e-54
  4536  2.2441e-54
  4539  2.1976e-54
  4540  2.0336e-54
  4543  2.0198e-54
  4545  2.0815e-54
  4548  2.2737e-54
  4550  2.3773e-54
  4552  2.4136e-54
  4555  2.4563e-54
  4556  2.6149e-54
  4557  2.7423e-54
  4558  3.0153e-54
  4559  3.2841e-54
  4562  3.0917e-54
  4563  2.8749e-54
  4565  2.5283e-54
  4567  2.1095e-54
  4570  1.7441e-54
  4573  1.7808e-54
  4575  1.5368e-54
  4578  1.5032e-54
  4580  1.3145e-54
  4582  1.3114e-54
  4584  1.3485e-54
  4585  1.1824e-54
  4587  1.1581e-54
  4588  1.1294e-54
  4591  1.0728e-54
  4594  9.4572e-55
  4597  1.0355e-54
  4598  1.0652e-54
  4600  1.0858e-54
  4601  1.1573e-54
  4604  9.8752e-55
  4606  9.7618e-55
  4609  7.8743e-55
  4611  8.1234e-55
  4614  6.6534e-55
  4616  6.1512e-55
  4619  5.0672e-55
  4622  4.7659e-55
  4625  5.1189e-55
  4626  4.4002e-55
  4629  4.5636e-55
  4630  4.7988e-55
  4631  4.9345e-55
  4632  4.7488e-55
  4634  4.5174e-55
  4637  4.6229e-55
  4638  3.9048e-55
  4639  3.2437e-55
  4641  2.6791e-55
  4644  2.8157e-55
  4646  2.5983e-55
  4647  2.2834e-55
  4648  2.0815e-55
  4651  1.9737e-55
  4652  1.6383e-55
  4653  1.7984e-55
  4656  1.7412e-55
  4657  1.6690e-55
  4659  1.5565e-55
  4661  1.4577e-55
  4663  1.2705e-55
  4664  1.2595e-55
  4666  1.0438e-55
  4669  1.0980e-55
  4671  8.9901e-56
  4672  7.7048e-56
  4673  6.4812e-56
  4675  5.3007e-56
  4678  5.6694e-56
  4681  5.7018e-56
  4682  5.3573e-56
  4685  5.3529e-56
  4686  4.9392e-56
  4687  5.3102e-56
  4688  4.6866e-56
  4691  5.1530e-56
  4694  5.5999e-56
  4695  5.7019e-56
  4697  6.0058e-56
  4698  6.4010e-56
  4699  6.0610e-56
  4700  5.7741e-56
  4701  4.9350e-56
  4704  4.0465e-56
  4707  3.8990e-56
  4709  4.0589e-56
  4712  4.0749e-56
  4713  3.6611e-56
  4715  3.4740e-56
  4717  2.9117e-56
  4720  2.9045e-56
  4721  2.7784e-56
  4724  2.2366e-56
  4725  2.2322e-56
  4727  1.9141e-56
  4730  1.8731e-56
  4733  1.6099e-56
  4734  1.5608e-56
  4736  1.4966e-56
  4739  1.5359e-56
  4742  1.5266e-56
  4744  1.4951e-56
  4745  1.4393e-56
  4746  1.4317e-56
  4747  1.1552e-56
  4748  1.1929e-56
  4751  1.2101e-56
  4752  1.0404e-56
  4753  9.8588e-57
  4754  9.7213e-57
  4755  9.1257e-57
  4758  9.6621e-57
  4761  9.3786e-57
  4764  9.4636e-57
  4767  9.3877e-57
  4769  1.0187e-56
  4770  1.0175e-56
  4772  8.2820e-57
  4774  8.8088e-57
  4776  9.2424e-57
  4777  8.9087e-57
  4780  8.6891e-57
  4781  7.0037e-57
  4784  6.8237e-57
  4786  7.0125e-57
  4787  6.7063e-57
  4790  6.8471e-57
  4792  5.6747e-57
  4795  5.0844e-57
  4798  4.9017e-57
  4801  5.1314e-57
  4802  5.0830e-57
  4805  4.6788e-57
  4806  3.9974e-57
  4809  4.2805e-57
  4811  4.5059e-57
  4813  4.8872e-57
  4814  4.7972e-57
  4815  4.6712e-57
  4816  4.1530e-57
  4819  4.2587e-57
  4820  4.0409e-57
  4821  3.5195e-57
  4824  2.9986e-57
  4827  2.6361e-57
  4830  2.2319e-57
  4833  2.4355e-57
  4835  2.5306e-57
  4838  2.3435e-57
  4840  2.4693e-57
  4842  2.5750e-57
  4845  2.3651e-57
  4846  2.3251e-57
  4848  2.2139e-57
  4849  1.9795e-57
  4852  1.9603e-57
  4854  1.7764e-57
  4857  1.5027e-57
  4860  1.2705e-57
  4861  1.1632e-57
  4862  1.2571e-57
  4864  1.1709e-57
  4867  1.2289e-57
  4868  1.0727e-57
  4870  1.0684e-57
  4873  1.1588e-57
  4874  1.0562e-57
  4875  1.1124e-57
  4876  9.8602e-58
  4877  1.0383e-57
  4879  9.1694e-58
  4880  9.4453e-58
  4883  9.0519e-58
  4885  8.2174e-58
  4886  7.8092e-58
  4889  8.2024e-58
  4890  8.0539e-58
  4893  7.1270e-58
  4895  6.4360e-58
  4896  6.9171e-58
  4898  6.4432e-58
  4901  5.8826e-58
  4902  4.7081e-58
  4903  4.5880e-58
  4906  3.9482e-58
  4907  4.2272e-58
  4908  4.4028e-58
  4911  3.8572e-58
  4914  3.5275e-58
  4916  3.1403e-58
  4918  3.2638e-58
  4921  2.7612e-58
  4923  2.4199e-58
  4926  2.3885e-58
  4929  2.0072e-58
  4930  2.0450e-58
  4933  1.9184e-58
  4936  1.6538e-58
  4939  1.3852e-58
  4940  1.4055e-58
  4941  1.4888e-58
  4943  1.3775e-58
  4945  1.3641e-58
  4946  1.4502e-58
  4948  1.5820e-58
  4950  1.3825e-58
  4951  1.3604e-58
  4952  1.3427e-58
  4953  1.1469e-58
  4956  1.0135e-58
  4959  1.0820e-58
  4961  1.1089e-58
  4963  1.0493e-58
  4964  1.0933e-58
  4966  1.1945e-58
  4969  1.1751e-58
  4970  9.4881e-59
  4971  1.0101e-58
  4973  1.0752e-58
  4975  9.6606e-59
  4976  9.3440e-59
  4978  1.0038e-58
  4980  1.0748e-58
  4983  1.0149e-58
  4986  9.6518e-59
  4989  1.0040e-58
  4990  1.0927e-58
  4992  9.7455e-59
  4994  8.6296e-59
  4996  7.9383e-59
  4997  6.5133e-59
  5000  5.4552e-59
  5001  5.8990e-59
  5002  5.2683e-59
  5004  5.1334e-59
  5006  4.4727e-59
  5008  4.8382e-59
  5009  4.6235e-59
  5011  4.7313e-59
  5012  4.5809e-59
  5013  3.8409e-59
  5016  3.1404e-59
  5019  2.8513e-59
  5022  2.3414e-59
  5024  2.4664e-59
  5025  2.0669e-59
  5028  2.0513e-59
  5029  2.0568e-59
  5030  1.9414e-59
  5031  1.7079e-59
  5032  1.4831e-59
  5034  1.2765e-59
  5036  1.1401e-59
  5039  9.6712e-60
  5040  1.0519e-59
  5042  9.9721e-60
  5044  8.8750e-60
  5047  8.7602e-60
  5049  9.2436e-60
  5050  8.1903e-60
  5052  8.0867e-60
  5054  8.6263e-60
  5056  9.4870e-60
  5059  9.5427e-60
  5060  7.8122e-60
  5061  6.5434e-60
  5064  5.8293e-60
  5066  4.9218e-60
  5068  5.0837e-60
  5069  5.0843e-60
  5072  5.0678e-60
  5075  5.0984e-60
  5078  4.7486e-60
  5079  4.9481e-60
  5080  4.6330e-60
  5083  3.7079e-60
  5084  3.8372e-60
  5087  3.4714e-60
  5090  3.1597e-60
  5092  3.0603e-60
  5095  2.7883e-60
  5097  2.7636e-60
  5099  2.6996e-60
  5101  2.3809e-60
  5103  2.0343e-60
  5105  2.1285e-60
  5108  2.1358e-60
  5110  1.8950e-60
  5111  1.7467e-60
  5113  1.9151e-60
  5116  1.5688e-60
  5118  1.6321e-60
  5119  1.7951e-60
  5122  1.6376e-60
  5124  1.4456e-60
  5127  1.1620e-60
  5128  1.2088e-60
  5131  1.1158e-60
  5132  9.0966e-61
  5135  7.4309e-61
  5138  6.7753e-61
  5140  6.3910e-61
  5141  6.3650e-61
  5142  6.0589e-61
  5143  6.1457e-61
  5144  5.8632e-61
  5145  4.7734e-61
  5148  4.1748e-61
  5149  4.0534e-61
  5152  3.5897e-61
  5154  3.8502e-61
  5157  3.6925e-61
  5158  3.6540e-61
  5161  3.5902e-61
  5163  3.2762e-61
  5164  3.3758e-61
  5165  3.4222e-61
  5168  3.4572e-61
  5169  3.1298e-61
  5171  3.3746e-61
  5174  3.1304e-61
  5175  3.4169e-61
  5177  2.7709e-61
  5179  2.6270e-61
  5180  2.7592e-61
  5183  2.5311e-61
  5185  2.3292e-61
  5188  2.3513e-61
  5191  2.3510e-61
  5193  2.2963e-61
  5195  2.2023e-61
  5198  1.9870e-61
  5199  2.1083e-61
  5200  2.2399e-61
  5203  1.9311e-61
  5204  2.0031e-61
  5205  1.8312e-61
  5207  1.6489e-61
  5210  1.7390e-61
  5212  1.5826e-61
  5215  1.7372e-61
  5217  1.4736e-61
  5219  1.3987e-61
  5222  1.2736e-61
  5225  1.2910e-61
  5226  1.0670e-61
  5228  1.1292e-61
  5229  1.0145e-61
  5232  9.5996e-62
  5234  8.3403e-62
  5237  8.3010e-62
  5239  8.8817e-62
  5240  7.9473e-62
  5241  8.7016e-62
  5244  8.7149e-62
  5247  7.3845e-62
  5248  7.1976e-62
  5251  7.1960e-62
  5253  6.2229e-62
  5256  6.1716e-62
  5257  5.0135e-62
  5258  5.3745e-62
  5261  5.4602e-62
  5262  4.8821e-62
  5265  3.9136e-62
  5267  4.2398e-62
  5270  4.3565e-62
  5273  4.6813e-62
  5274  5.0634e-62
  5276  5.0757e-62
  5278  4.1493e-62
  5280  4.3376e-62
  5283  4.5013e-62
  5286  4.8107e-62
  5288  3.9682e-62
  5291  4.3489e-62
  5293  4.5558e-62
  5296  3.8785e-62
  5298  3.7984e-62
  5301  3.4063e-62
  5304  3.6042e-62
  5306  3.2832e-62
  5307  3.2415e-62
  5309  2.6141e-62
  5312  2.4938e-62
  5314  2.1612e-62
  5315  2.3115e-62
  5317  2.0005e-62
  5319  1.7167e-62
  5321  1.6805e-62
  5324  1.8434e-62
  5325  1.4750e-62
  5327  1.3092e-62
  5328  1.4085e-62
  5329  1.3232e-62
  5331  1.1259e-62
  5333  9.0420e-63
  5336  7.6939e-63
  5339  6.2909e-63
  5342  6.7847e-63
  5344  6.7011e-63
  5345  7.3020e-63
  5346  6.4767e-63
  5348  5.4562e-63
  5350  4.4941e-63
  5352  3.6664e-63
  5354  3.6307e-63
  5357  3.1073e-63
  5360  3.1237e-63
  5362  2.7029e-63
  5363  2.9337e-63
  5366  2.4324e-63
  5367  2.2726e-63
  5370  2.0866e-63
  5373  1.9012e-63
  5376  2.0171e-63
  5379  1.7306e-63
  5381  1.7562e-63
  5383  1.9020e-63
  5384  2.0632e-63
  5385  1.7542e-63
  5388  1.5789e-63
  5391  1.3493e-63
  5394  1.0929e-63
  5395  9.0396e-64
  5397  8.3520e-64
  5398  8.4729e-64
  5401  9.0562e-64
  5402  7.5057e-64
  5405  6.2287e-64
  5406  6.1892e-64
  5409  5.5464e-64
  5411  6.0768e-64
  5413  6.3821e-64
  5415  5.8750e-64
  5416  6.0569e-64
  5417  5.0762e-64
  5420  4.1111e-64
  5422  3.5355e-64
  5423  3.6528e-64
  5424  3.1530e-64
  5427  2.8717e-64
  5429  2.8501e-64
  5430  2.9154e-64
  5431  3.0715e-64
  5434  3.1868e-64
  5435  3.0446e-64
  5436  3.1716e-64
  5437  2.6491e-64
  5439  2.9015e-64
  5440  2.3502e-64
  5442  2.5649e-64
  5445  2.2034e-64
  5446  1.7829e-64
  5449  1.4998e-64
  5450  1.3196e-64
  5453  1.0736e-64
  5455  1.1797e-64
  5456  1.2251e-64
  5457  1.1491e-64
  5458  9.9516e-65
  5459  8.0798e-65
  5462  6.5634e-65
  5465  6.1459e-65
  5468  5.4574e-65
  5470  5.6441e-65
  5473  5.7505e-65
  5474  4.9463e-65
  5477  5.4226e-65
  5479  4.4217e-65
  5480  4.8078e-65
  5482  4.5808e-65
  5485  4.6713e-65
  5486  4.2370e-65
  5489  3.8267e-65
  5491  3.6544e-65
  5494  3.1818e-65
  5495  2.9740e-65
  5497  3.0288e-65
  5499  2.7277e-65
  5502  2.7757e-65
  5504  2.9338e-65
  5505  3.1467e-65
  5508  2.7881e-65
  5510  2.8228e-65
  5511  2.7429e-65
  5512  2.9289e-65
  5515  2.4069e-65
  5516  2.2791e-65
  5517  2.4722e-65
  5518  2.7044e-65
  5520  2.9100e-65
  5521  3.1491e-65
  5524  2.6448e-65
  5527  2.1197e-65
  5528  2.1902e-65
  5529  2.2392e-65
  5531  2.3780e-65
  5534  2.4102e-65
  5535  1.9325e-65
  5536  1.6003e-65
  5538  1.6729e-65
  5540  1.7165e-65
  5541  1.4548e-65
  5543  1.3069e-65
  5545  1.1628e-65
  5547  9.3041e-66
  5550  9.1291e-66
  5552  9.3264e-66
  5554  7.6597e-66
  5556  6.8538e-66
  5559  6.8324e-66
  5560  5.8826e-66
  5561  5.1997e-66
  5562  5.3424e-66
  5563  4.2953e-66
  5565  4.6168e-66
  5566  4.2620e-66
  5568  4.4206e-66
  5569  4.7725e-66
  5570  4.9723e-66
  5572  5.2625e-66
  5573  4.5575e-66
  5574  4.1858e-66
  5577  3.5356e-66
  5579  3.6014e-66
  5582  3.0414e-66
  5583  2.5230e-66
  5584  2.3219e-66
  5587  2.3997e-66
  5588  2.1259e-66
  5591  2.0890e-66
  5593  1.8968e-66
  5595  1.5815e-66
  5596  1.3890e-66
  5599  1.1652e-66
  5600  1.2169e-66
  5601  1.1464e-66
  5604  9.1815e-67
  5605  9.8349e-67
  5606  1.0320e-66
  5607  1.1149e-66
  5609  1.0472e-66
  5610  1.0575e-66
  5612  1.0582e-66
  5614  1.1230e-66
  5615  9.5837e-67
  5618  1.0135e-66
  5621  1.0852e-66
  5622  1.0828e-66
  5623  9.1721e-67
  5624  7.6468e-67
  5625  8.2401e-67
  5628  9.0441e-67
  5630  7.3768e-67
  5632  7.6144e-67
  5635  7.9952e-67
  5636  7.5339e-67
  5639  6.2822e-67
  5641  6.3939e-67
  5644  6.8052e-67
  5647  6.2826e-67
  5649  6.8407e-67
  5651  7.2956e-67
  5653  7.4062e-67
  5654  7.9014e-67
  5656  7.4411e-67
  5657  7.2391e-67
  5660  6.0751e-67
  5662  5.3377e-67
  5665  5.5402e-67
  5667  5.7669e-67
  5668  5.7713e-67
  5670  5.9542e-67
  5673  5.0600e-67
  5676  5.0266e-67
  5679  4.4836e-67
  5681  4.6335e-67
  5684  4.4383e-67
  5685  4.0708e-67
  5688  4.4759e-67
  5691  3.8949e-67
  5694  3.6976e-67
  5695  3.4564e-67
  5698  3.7612e-67
  5700  3.9171e-67
  5702  4.1247e-67
  5705  4.1233e-67
  5706  3.9220e-67
  5707  3.6702e-67
  5710  3.0048e-67
  5712  3.0913e-67
  5715  2.9677e-67
  5718  2.6761e-67
  5720  2.5746e-67
  5722  2.7359e-67
  5723  2.7181e-67
  5726  2.8593e-67
  5727  2.7863e-67
  5728  2.4009e-67
  5731  2.4682e-67
  5733  2.2395e-67
  5735  1.8725e-67
  5738  2.0548e-67
  5740  1.6813e-67
  5741  1.5759e-67
  5742  1.5979e-67
  5743  1.5903e-67
  5746  1.4161e-67
  5748  1.5208e-67
  5749  1.5398e-67
  5752  1.4258e-67
  5755  1.1737e-67
  5758  1.2741e-67
  5759  1.2726e-67
  5761  1.2442e-67
  5762  1.2019e-67
  5765  1.2771e-67
  5766  1.3149e-67
  5767  1.1624e-67
  5768  1.2162e-67
  5770  1.3082e-67
  5772  1.3564e-67
  5773  1.4206e-67
  5775  1.2489e-67
  5776  1.1081e-67
  5778  9.7450e-68
  5779  8.6455e-68
  5780  7.1049e-68
  5783  7.5632e-68
  5785  6.8359e-68
  5787  6.1221e-68
  5790  6.4443e-68
  5793  6.6601e-68
  5794  6.1713e-68
  5795  6.4572e-68
  5796  5.6992e-68
  5798  5.0093e-68
  5800  4.4810e-68
  5802  4.4250e-68
  5805  4.0927e-68
  5807  3.5448e-68
  5810  2.9339e-68
  5813  2.7578e-68
  5815  2.3566e-68
  5817  2.2935e-68
  5819  2.1098e-68
  5822  1.6896e-68
  5824  1.4982e-68
  5826  1.2672e-68
  5829  1.2690e-68
  5831  1.0522e-68
  5834  8.5989e-69
  5836  6.9762e-69
  5838  5.7723e-69
  5840  6.3258e-69
  5842  6.7242e-69
  5843  6.2860e-69
  5846  6.2146e-69
  5849  5.7317e-69
  5852  5.8230e-69
  5854  5.7508e-69
  5855  5.7580e-69
  5856  6.1820e-69
  5857  4.9930e-69
  5859  4.7873e-69
  5861  3.9550e-69
  5864  3.9161e-69
  5866  3.5810e-69
  5867  3.8961e-69
  5868  3.9176e-69
  5871  4.1504e-69
  5873  4.3900e-69
  5874  4.5971e-69
  5876  4.7396e-69
  5877  4.3661e-69
  5880  4.1665e-69
  5881  4.1155e-69
  5884  3.9144e-69
  5887  4.2028e-69
  5889  4.3260e-69
  5890  3.7929e-69
  5893  4.0329e-69
  5896  3.3898e-69
  5899  3.0474e-69
  5900  3.2203e-69
  5902  2.6420e-69
  5905  2.6222e-69
  5908  2.5856e-69
  5911  2.6494e-69
  5912  2.6003e-69
  5914  2.0927e-69
  5917  2.0711e-69
  5919  2.1036e-69
  5920  2.0244e-69
  5923  2.0094e-69
  5924  1.8126e-69
  5927  1.7213e-69
  5929  1.6357e-69
  5930  1.4861e-69
  5933  1.4844e-69
  5936  1.2579e-69
  5938  1.2322e-69
  5941  1.0383e-69
  5944  8.5686e-70
  5945  8.4476e-70
  5946  7.0146e-70
  5947  6.7471e-70
  5949  7.2959e-70
  5951  7.8868e-70
  5954  7.2475e-70
  5957  5.9682e-70
  5959  6.0021e-70
  5960  5.5080e-70
  5961  5.1829e-70
  5963  5.6391e-70
  5966  5.9170e-70
  5969  4.9303e-70
  5972  4.5170e-70
  5973  4.1752e-70
  5975  3.3859e-70
  5977  2.7496e-70
  5980  2.8517e-70
  5981  3.0825e-70
  5983  2.7527e-70
  5984  2.8150e-70
  5987  2.9481e-70
  5990  2.8681e-70
  5991  2.7164e-70
  5992  2.5698e-70
  5995  2.1682e-70
  5997  2.3057e-70
  6000  1.9309e-70
  6002  1.8941e-70
  6005  1.6478e-70
  6008  1.4081e-70
  6009  1.4022e-70
  6012  1.2718e-70
  6013  1.3317e-70
  6014  1.3991e-70
  6015  1.3932e-70
  6018  1.1249e-70
  6020  9.2196e-71
  6023  8.0913e-71
  6025  6.8028e-71
  6028  5.6394e-71
  6029  5.2237e-71
  6031  5.2591e-71
  6032  5.1199e-71
  6034  4.3587e-71
  6036  3.8624e-71
  6039  3.3485e-71
  6041  2.8653e-71
  6044  2.9295e-71
  6046  2.4189e-71
  6047  2.0292e-71
  6048  1.9974e-71
  6049  2.0508e-71
  6050  1.9104e-71
  6052  1.9007e-71
  6053  1.9928e-71
  6055  2.1308e-71
  6056  1.9252e-71
  6058  1.9013e-71
  6061  1.6877e-71
  6064  1.6236e-71
  6066  1.5183e-71
  6069  1.2380e-71
  6072  1.1706e-71
  6073  1.0957e-71
  6074  1.1599e-71
  6075  1.0781e-71
  6078  1.0831e-71
  6080  9.7639e-72
  6083  8.7049e-72
  6086  9.3332e-72
  6087  1.0240e-71
  6089  1.0083e-71
  6091  8.0728e-72
  6094  7.7149e-72
  6095  8.1718e-72
  6097  7.1663e-72
  6099  5.9869e-72
  6101  6.3735e-72
  6104  6.1944e-72
  6105  6.5994e-72
  6106  5.8148e-72
  6109  5.4742e-72
  6112  5.9727e-72
  6114  5.0954e-72
  6115  4.1228e-72
  6116  4.5061e-72
  6119  3.9219e-72
  6122  3.1776e-72
  6123  2.7816e-72
  6124  2.7306e-72
  6125  2.8930e-72
  6127  2.9870e-72
  6128  2.6274e-72
  6130  2.4544e-72
  6133  2.2603e-72
  6136  1.9009e-72
  6137  2.0523e-72
  6138  2.1733e-72
  6139  2.2454e-72
  6140  2.2088e-72
  6143  1.8025e-72
  6146  1.4556e-72
  6149  1.4095e-72
  6150  1.2062e-72
  6151  1.1698e-72
  6153  1.2446e-72
  6156  1.3026e-72
  6157  1.1121e-72
  6158  1.0632e-72
  6159  1.0181e-72
  6161  1.1123e-72
  6163  1.1351e-72
  6166  1.0075e-72
  6168  1.0358e-72
  6169  1.0322e-72
  6170  1.1164e-72
  6172  1.2080e-72
  6173  1.0067e-72
  6175  8.7434e-73
  6178  8.1344e-73
  6181  8.8172e-73
  6183  7.6483e-73
  6185  6.6439e-73
  6188  6.6921e-73
  6191  6.9204e-73
  6192  5.7405e-73
  6194  5.5325e-73
  6196  5.9393e-73
  6198  4.7746e-73
  6199  4.4867e-73
  6200  4.6004e-73
  6203  4.4224e-73
  6204  4.5397e-73
  6206  4.4231e-73
  6208  3.9308e-73
  6209  3.7548e-73
  6210  3.5134e-73
  6212  3.0953e-73
  6215  2.8616e-73
  6218  2.8506e-73
  6219  2.8532e-73
  6220  2.3605e-73
  6222  2.4476e-73
  6225  2.1285e-73
  6227  2.0942e-73
  6228  1.8649e-73
  6229  1.7703e-73
  6231  1.4972e-73
  6234  1.5867e-73
  6236  1.7360e-73
  6237  1.7517e-73
  6240  1.6681e-73
  6243  1.4822e-73
  6244  1.3819e-73
  6246  1.3017e-73
  6248  1.2586e-73
  6251  1.2872e-73
  6254  1.1121e-73
  6256  1.0388e-73
  6258  9.8640e-74
  6261  1.0057e-73
  6264  8.2229e-74
  6266  7.7871e-74
  6267  6.4319e-74
  6269  6.3942e-74
  6270  5.9103e-74
  6271  5.6092e-74
  6273  4.6984e-74
  6275  3.7732e-74
  6278  3.6498e-74
  6279  3.1104e-74
  6280  2.7773e-74
  6281  2.7094e-74
  6282  2.2511e-74
  6283  2.3197e-74
  6285  2.1235e-74
  6286  2.1632e-74
  6287  2.0906e-74
  6290  1.7171e-74
  6291  1.5799e-74
  6293  1.5600e-74
  6295  1.6154e-74
  6296  1.5694e-74
  6299  1.6144e-74
  6301  1.7102e-74
  6303  1.5010e-74
  6305  1.3372e-74
  6306  1.1034e-74
  6309  9.5449e-75
  6311  9.8622e-75
  6312  9.7461e-75
  6315  8.5138e-75
  6318  8.4310e-75
  6319  8.2110e-75
  6322  7.8279e-75
  6324  6.9648e-75
  6327  6.0028e-75
  6328  6.5527e-75
  6329  5.6907e-75
  6331  5.2893e-75
  6332  5.7692e-75
  6334  5.7655e-75
  6336  4.7580e-75
  6337  5.1323e-75
  6340  5.1990e-75
  6343  5.4496e-75
  6346  5.8959e-75
  6349  5.5741e-75
  6352  5.5040e-75
  6353  5.0737e-75
  6356  4.1628e-75
  6357  3.8763e-75
  6360  3.6569e-75
  6361  3.7276e-75
  6363  3.5024e-75
  6365  3.4838e-75
  6368  3.3731e-75
  6370  2.7074e-75
  6371  2.6692e-75
  6372  2.4334e-75
  6373  1.9483e-75
  6376  1.5609e-75
  6378  1.2744e-75
  6379  1.3876e-75
  6381  1.5138e-75
  6382  1.2779e-75
  6383  1.4050e-75
  6386  1.1935e-75
  6389  1.2190e-75
  6392  1.2367e-75
  6395  1.1147e-75
  6397  9.2559e-76
  6400  7.6116e-76
  6403  7.4674e-76
  6406  6.1723e-76
  6409  5.9242e-76
  6412  5.5352e-76
  6415  5.7974e-76
  6417  4.6583e-76
  6419  4.0806e-76
  6420  4.3159e-76
  6421  4.3362e-76
  6423  3.7000e-76
  6424  3.5135e-76
  6426  3.2244e-76
  6428  3.1835e-76
  6430  2.7852e-76
  6431  2.5538e-76
  6432  2.3838e-76
  6434  1.9970e-76
  6437  2.1334e-76
  6440  2.2233e-76
  6441  2.0197e-76
  6444  1.8636e-76
  6445  1.8309e-76
  6448  1.5076e-76
  6449  1.5269e-76
  6450  1.4666e-76
  6451  1.3590e-76
  6452  1.4747e-76
  6454  1.5131e-76
  6456  1.5751e-76
  6458  1.6386e-76
  6460  1.4559e-76
  6462  1.1743e-76
  6464  1.2258e-76
  6467  1.2080e-76
  6470  1.1781e-76
  6471  1.1075e-76
  6473  1.0819e-76
  6474  8.6970e-77
  6476  7.3427e-77
  6477  7.0527e-77
  6480  6.0904e-77
  6481  5.4766e-77
  6484  4.9163e-77
  6487  4.0265e-77
  6490  3.3484e-77
  6492  2.9619e-77
  6494  2.9656e-77
  6497  3.0907e-77
  6498  2.6936e-77
  6500  2.7996e-77
  6502  2.4761e-77
  6504  2.3435e-77
  6505  2.0259e-77
  6507  2.0233e-77
  6510  2.1706e-77
  6512  2.3179e-77
  6513  2.2115e-77
  6515  1.9081e-77
  6516  1.8682e-77
  6519  1.8181e-77
  6522  1.6962e-77
  6524  1.3671e-77
  6525  1.3468e-77
  6527  1.1415e-77
  6528  1.2031e-77
  6529  1.3148e-77
  6532  1.1446e-77
  6534  1.1602e-77
  6535  1.1662e-77
  6537  1.1833e-77
  6540  1.1652e-77
  6541  1.1220e-77
  6544  1.0246e-77
  6546  9.3289e-78
  6547  9.3106e-78
  6548  9.9331e-78
  6550  8.8258e-78
  6553  9.4050e-78
  6555  7.7820e-78
  6558  7.8436e-78
  6561  7.7355e-78
  6563  7.4993e-78
  6565  6.9878e-78
  6567  7.6834e-78
  6569  8.0643e-78
  6570  8.1420e-78
  6572  8.8926e-78
  6573  7.5432e-78
  6575  6.5040e-78
  6576  5.9510e-78
  6578  6.3930e-78
  6579  6.7248e-78
  6581  7.1191e-78
  6583  7.2201e-78
  6584  5.8276e-78
  6587  4.8409e-78
  6589  4.5215e-78
  6592  4.9566e-78
  6594  4.2684e-78
  6595  3.4454e-78
  6596  3.7868e-78
  6597  3.9752e-78
  6598  4.1141e-78
  6601  3.7177e-78
  6604  3.2582e-78
  6606  2.6665e-78
  6609  2.5969e-78
  6611  2.1519e-78
  6614  1.9509e-78
  6615  1.7788e-78
  6617  1.5201e-78
  6620  1.4640e-78
  6623  1.5490e-78
  6625  1.4915e-78
  6627  1.4598e-78
  6628  1.5018e-78
  6631  1.4674e-78
  6632  1.5954e-78
  6634  1.3206e-78
  6635  1.2525e-78
  6636  1.1419e-78
  6638  1.2173e-78
  6640  1.1389e-78
  6641  1.1331e-78
  6643  9.8680e-79
  6646  1.0844e-78
  6648  9.0919e-79
  6651  7.3577e-79
  6652  6.1257e-79
  6654  5.7723e-79
  6657  5.7196e-79
  6659  5.7222e-79
  6660  4.9344e-79
  6662  4.9774e-79
  6665  5.1440e-79
  6668  5.1645e-79
  6669  4.2252e-79
  6671  3.3902e-79
  6672  2.7785e-79
  6675  3.0040e-79
  6678  3.0924e-79
  6681  3.2993e-79
  6683  2.9834e-79
  6685  3.2751e-79
  6687  2.7114e-79
  6688  2.2170e-79
  6691  2.2226e-79
  6693  1.9156e-79
  6694  1.8056e-79
  6696  1.8209e-79
  6698  1.6297e-79
  6700  1.7027e-79
  6701  1.8137e-79
  6702  1.9800e-79
  6704  2.1017e-79
  6706  2.2172e-79
  6709  1.9444e-79
  6710  1.5929e-79
  6711  1.3800e-79
  6712  1.1681e-79
  6713  1.1489e-79
  6714  9.9863e-80
  6716  9.6876e-80
  6717  1.0637e-79
  6718  1.0835e-79
  6720  1.0279e-79
  6721  9.5437e-80
  6723  8.8434e-80
  6724  8.6744e-80
  6726  8.9714e-80
  6729  7.6082e-80
  6730  6.2103e-80
  6731  5.3605e-80
  6734  5.7681e-80
  6737  5.4717e-80
  6740  4.3994e-80
  6741  3.7058e-80
  6742  3.2401e-80
  6743  2.8263e-80
  6746  2.7137e-80
  6748  2.8326e-80
  6749  2.2685e-80
  6752  1.9191e-80
  6755  1.5938e-80
  6756  1.3236e-80
  6757  1.4457e-80
  6760  1.4261e-80
  6762  1.4311e-80
  6765  1.1933e-80
  6766  1.2105e-80
  6769  1.0560e-80
  6770  8.6634e-81
  6772  9.0371e-81
  6775  9.3430e-81
  6778  8.8741e-81
  6781  9.0449e-81
  6782  8.4891e-81
  6785  9.2763e-81
  6787  7.6822e-81
  6788  6.3984e-81
  6791  5.7274e-81
  6793  4.9932e-81
  6795  4.8450e-81
  6798  5.1147e-81
  6799  4.6384e-81
  6801  3.8308e-81
  6804  4.0978e-81
  6806  4.0784e-81
  6809  4.4088e-81
  6812  4.3578e-81
  6815  4.3252e-81
  6818  3.9977e-81
  6820  4.0976e-81
  6822  4.0498e-81
  6824  3.5707e-81
  6826  3.3833e-81
  6829  3.2079e-81
  6832  3.0147e-81
  6834  2.8998e-81
  6835  2.5390e-81
  6836  2.3653e-81
  6838  2.3746e-81
  6839  2.4315e-81
  6840  2.0905e-81
  6843  1.6901e-81
  6844  1.5097e-81
  6845  1.2253e-81
  6847  1.2361e-81
  6850  1.0867e-81
  6853  1.1858e-81
  6856  1.0323e-81
  6858  1.0430e-81
  6860  1.0256e-81
  6861  8.4986e-82
  6864  8.1225e-82
  6866  6.7010e-82
  6867  6.6327e-82
  6870  7.2543e-82
  6871  7.7493e-82
  6874  7.2177e-82
  6877  6.5035e-82
  6878  5.3627e-82
  6881  4.4375e-82
  6883  3.7323e-82
  6884  3.4432e-82
  6886  3.3494e-82
  6889  3.2721e-82
  6892  3.0556e-82
  6894  3.1076e-82
  6896  2.6908e-82
  6897  2.6857e-82
  6898  2.6423e-82
  6899  2.6483e-82
  6902  2.5585e-82
  6905  2.2978e-82
  6907  2.1605e-82
  6910  2.2863e-82
  6912  2.4253e-82
  6913  2.6028e-82
  6914  2.6800e-82
  6916  2.4301e-82
  6918  2.1308e-82
  6920  1.8616e-82
  6922  1.5275e-82
  6925  1.5417e-82
  6928  1.5825e-82
  6931  1.4499e-82
  6933  1.3712e-82
  6934  1.1285e-82
  6936  1.0685e-82
  6938  9.4649e-83
  6940  9.2207e-83
  6943  7.6035e-83
  6946  6.6094e-83
  6947  5.4128e-83
  6950  5.1085e-83
  6952  5.0040e-83
  6953  5.4659e-83
  6956  5.1610e-83
  6958  4.6139e-83
  6960  4.0779e-83
  6962  4.1457e-83
  6963  3.5434e-83
  6966  3.0376e-83
  6968  3.2592e-83
  6970  2.6635e-83
  6971  2.3628e-83
  6973  2.3415e-83
  6976  1.9618e-83
  6978  1.9356e-83
  6981  2.1208e-83
  6983  2.2685e-83
  6984  2.1385e-83
  6985  1.8292e-83
  6988  1.5360e-83
  6989  1.3405e-83
  6990  1.3892e-83
  6991  1.2313e-83
  6993  1.0480e-83
  6995  1.0665e-83
  6996  1.0399e-83
  6997  9.9534e-84
  6999  8.0600e-84
  7000  8.7865e-84
  7003  7.5114e-84
  7005  6.1036e-84
  7007  6.0224e-84
  7010  5.9569e-84
  7011  6.5517e-84
  7013  7.1727e-84
  7014  7.1163e-84
  7017  6.5911e-84
  7019  6.4775e-84
  7021  6.8390e-84
  7022  6.1561e-84
  7023  6.6938e-84
  7024  6.4797e-84
  7027  5.5022e-84
  7029  5.6975e-84
  7032  4.9143e-84
  7033  3.9362e-84
  7035  4.2011e-84
  7038  4.0865e-84
  7039  4.1791e-84
  7042  4.4018e-84
  7043  3.7442e-84
  7045  4.0432e-84
  7047  3.8210e-84
  7049  3.5194e-84
  7050  3.3779e-84
  7051  2.7137e-84
  7054  2.4884e-84
  7056  2.2355e-84
  7058  2.2707e-84
  7059  2.3835e-84
  7061  2.3159e-84
  7063  2.0402e-84
  7066  2.0247e-84
  7068  1.6408e-84
  7070  1.5384e-84
  7073  1.4142e-84
  7075  1.4013e-84
  7078  1.3467e-84
  7080  1.3570e-84
  7082  1.2735e-84
  7083  1.0436e-84
  7084  1.1351e-84
  7087  1.1186e-84
  7088  1.0037e-84
  7090  9.5941e-85
  7092  9.7047e-85
  7094  9.5813e-85
  7096  7.7715e-85
  7097  6.3170e-85
  7098  6.0685e-85
  7100  5.2409e-85
  7101  5.4787e-85
  7102  5.6890e-85
  7103  4.5555e-85
  7106  4.6728e-85
  7108  4.8827e-85
  7109  4.5156e-85
  7111  3.8103e-85
  7113  3.5712e-85
  7115  3.8479e-85
  7118  3.1293e-85
  7119  2.8504e-85
  7122  2.7501e-85
  7124  2.9311e-85
  7126  2.7077e-85
  7127  2.3266e-85
  7129  2.2900e-85
  7131  1.8970e-85
  7132  1.7574e-85
  7133  1.9144e-85
  7136  1.7780e-85
  7139  1.9494e-85
  7141  1.5726e-85
  7143  1.5714e-85
  7146  1.7041e-85
  7147  1.5060e-85
  7150  1.4135e-85
  7151  1.1802e-85
  7152  1.2736e-85
  7154  1.3102e-85
  7157  1.2919e-85
  7159  1.2890e-85
  7161  1.0717e-85
  7163  1.1592e-85
  7165  1.0227e-85
  7166  8.7750e-86
  7169  7.5367e-86
  7171  7.7869e-86
  7173  7.9869e-86
  7176  6.8373e-86
  7177  7.4372e-86
  7178  8.0146e-86
  7179  8.0320e-86
  7180  7.8746e-86
  7182  8.2092e-86
  7185  7.9904e-86
  7186  8.0722e-86
  7189  7.1745e-86
  7190  6.3421e-86
  7193  5.1416e-86
  7196  4.7373e-86
  7198  4.0414e-86
  7199  3.9373e-86
  7200  3.8857e-86
  7201  3.7853e-86
  7204  3.6567e-86
  7207  3.7282e-86
  7208  3.2463e-86
  7210  3.0977e-86
  7211  3.2565e-86
  7212  3.3086e-86
  7215  2.7167e-86
  7217  2.4395e-86
  7220  2.6659e-86
  7222  2.1956e-86
  7225  2.3424e-86
  7227  1.9395e-86
  7228  1.7145e-86
  7231  1.7296e-86
  7233  1.5366e-86
  7235  1.4015e-86
  7238  1.3484e-86
  7240  1.1500e-86
  7242  1.2159e-86
  7244  1.1442e-86
  7245  1.1972e-86
  7246  9.7329e-87
  7248  7.7880e-87
  7251  6.6372e-87
  7253  6.5713e-87
  7255  6.5114e-87
  7258  5.6205e-87
  7260  5.4724e-87
  7261  4.3899e-87
  7264  4.1931e-87
  7267  3.6098e-87
  7269  2.9856e-87
  7270  3.0054e-87
  7273  2.7399e-87
  7274  2.5266e-87
  7276  2.5354e-87
  7278  2.6140e-87
  7279  2.5629e-87
  7280  2.6511e-87
  7282  2.6346e-87
  7283  2.4166e-87
  7285  2.1898e-87
  7288  2.2189e-87
  7289  1.8818e-87
  7292  1.9414e-87
  7294  1.7498e-87
  7296  1.6333e-87
  7297  1.7170e-87
  7299  1.5806e-87
  7301  1.4496e-87
  7302  1.5224e-87
  7303  1.2371e-87
  7305  9.9331e-88
  7306  1.0460e-87
  7309  9.2851e-88
  7312  1.0193e-87
  7314  9.3777e-88
  7317  8.9293e-88
  7320  7.4141e-88
  7322  7.3285e-88
  7323  7.9324e-88
  7324  8.3865e-88
  7325  9.1101e-88
  7327  9.0568e-88
  7328  8.7186e-88
  7329  7.5944e-88
  7332  6.3614e-88
  7335  5.4013e-88
  7338  5.4938e-88
  7340  5.2461e-88
  7343  5.7190e-88
  7344  4.8836e-88
  7346  5.2731e-88
  7347  5.4274e-88
  7349  5.4987e-88
  7352  5.2187e-88
  7354  5.4858e-88
  7355  5.3088e-88
  7357  5.3795e-88
  7358  4.4302e-88
  7359  4.8557e-88
  7362  4.5727e-88
  7364  4.7157e-88
  7365  5.0246e-88
  7367  5.1425e-88
  7368  5.0002e-88
  7370  4.2626e-88
  7371  4.3641e-88
  7372  4.4667e-88
  7374  3.9165e-88
  7375  3.2661e-88
  7376  3.0408e-88
  7379  2.6088e-88
  7380  2.2595e-88
  7382  2.0494e-88
  7385  1.9611e-88
  7387  1.7940e-88
  7388  1.8300e-88
  7391  1.6595e-88
  7392  1.3589e-88
  7395  1.2027e-88
  7397  9.6963e-89
  7398  1.0610e-88
  7401  9.6265e-89
  7402  8.9948e-89
  7404  7.3020e-89
  7406  7.1135e-89
  7408  7.0883e-89
  7409  5.9531e-89
  7411  4.8846e-89
  7413  5.0481e-89
  7416  4.3237e-89
  7419  3.6002e-89
  7420  3.0987e-89
  7421  2.8271e-89
  7423  2.5279e-89
  7426  2.2367e-89
  7427  2.2432e-89
  7429  2.2683e-89
  7431  2.4631e-89
  7434  2.1403e-89
  7437  1.9978e-89
  7439  1.8854e-89
  7440  1.5536e-89
  7443  1.4090e-89
  7446  1.5144e-89
  7447  1.4913e-89
  7448  1.4609e-89
  7451  1.3400e-89
  7453  1.2520e-89
  7456  1.1140e-89
  7458  1.1487e-89
  7460  9.8006e-90
  7463  7.9696e-90
  7466  7.5017e-90
  7467  6.1893e-90
  7468  5.3952e-90
  7469  4.7614e-90
  7470  4.4897e-90
  7472  4.7571e-90
  7475  4.1019e-90
  7478  3.3143e-90
  7481  3.3507e-90
  7482  3.6571e-90
  7483  3.4494e-90
  7484  3.2615e-90
  7487  2.7248e-90
  7488  2.4605e-90
  7490  2.3965e-90
  7492  2.3260e-90
  7493  2.5500e-90
  7494  2.5378e-90
  7496  2.1787e-90
  7499  1.9234e-90
  7501  2.1006e-90
  7504  2.0068e-90
  7505  1.6193e-90
  7508  1.7790e-90
  7510  1.7869e-90
  7513  1.4609e-90
  7516  1.3264e-90
  7517  1.4465e-90
  7519  1.1721e-90
  7520  1.0633e-90
  7522  1.0104e-90
  7523  1.0678e-90
  7524  1.0144e-90
  7527  9.8168e-91
  7528  8.8376e-91
  7531  8.6257e-91
  7532  9.3506e-91
  7535  7.8777e-91
  7536  6.8587e-91
  7538  5.7427e-91
  7541  5.0258e-91
  7544  5.1083e-91
  7547  4.3529e-91
  7549  3.8242e-91
  7552  3.7258e-91
  7555  3.5550e-91
  7557  3.0507e-91
  7560  2.7738e-91
  7561  2.3171e-91
  7564  2.3322e-91
  7567  1.9486e-91
  7568  1.6217e-91
  7571  1.4887e-91
  7574  1.4074e-91
  7575  1.2446e-91
  7577  1.2903e-91
  7579  1.3255e-91
  7581  1.3914e-91
  7582  1.2335e-91
  7583  1.0289e-91
  7585  9.3392e-92
  7586  9.5499e-92
  7588  1.0285e-91
  7589  9.8330e-92
  7590  1.0581e-91
  7592  9.7548e-92
  7594  8.7654e-92
  7596  7.9367e-92
  7598  8.4596e-92
  7601  8.8460e-92
  7603  8.8735e-92
  7605  8.1496e-92
  7607  6.7096e-92
  7608  5.8797e-92
  7610  4.8251e-92
  7613  4.4597e-92
  7615  4.4352e-92
  7617  3.9991e-92
  7620  3.6028e-92
  7623  3.5101e-92
  7626  2.8099e-92
  7627  3.0469e-92
  7629  2.5799e-92
  7631  2.2467e-92
  7632  1.8111e-92
  7635  1.7013e-92
  7636  1.7983e-92
  7639  1.9487e-92
  7640  1.9524e-92
  7643  1.6406e-92
  7644  1.6397e-92
  7646  1.5328e-92
  7647  1.5781e-92
  7650  1.3226e-92
  7653  1.3182e-92
  7655  1.0918e-92
  7658  1.0161e-92
  7660  1.0567e-92
  7662  9.5582e-93
  7663  9.3562e-93
  7665  8.8264e-93
  7667  8.2164e-93
  7670  6.6927e-93
  7672  6.1731e-93
  7673  5.7184e-93
  7674  5.2124e-93
  7676  4.7603e-93
  7679  4.3910e-93
  7682  3.6248e-93
  7684  3.5400e-93
  7687  3.4799e-93
  7688  2.8358e-93
  7691  2.7009e-93
  7694  2.3114e-93
  7697  2.0318e-93
  7700  1.6905e-93
  7703  1.4278e-93
  7705  1.2132e-93
  7707  1.0699e-93
  7708  1.1727e-93
  7709  1.1492e-93
  7712  1.0027e-93
  7714  8.2590e-94
  7717  8.7499e-94
  7718  7.1832e-94
  7721  5.7763e-94
  7723  5.7910e-94
  7725  5.0986e-94
  7726  4.7407e-94
  7728  4.8995e-94
  7731  4.5529e-94
  7734  3.9215e-94
  7735  3.9367e-94
  7736  3.6985e-94
  7737  3.6610e-94
  7739  3.1131e-94
  7741  2.9802e-94
  7743  3.0767e-94
  7745  2.4826e-94
  7748  2.6808e-94
  7750  2.2344e-94
  7753  2.4149e-94
  7755  2.6410e-94
  7756  2.7417e-94
  7757  2.5525e-94
  7760  2.5670e-94
  7762  2.5220e-94
  7765  2.3145e-94
  7768  2.3875e-94
  7769  2.4378e-94
  7770  2.2798e-94
  7773  2.4840e-94
  7775  2.3388e-94
  7778  2.1114e-94
  7780  1.9454e-94
  7783  1.8790e-94
  7785  1.5119e-94
  7786  1.2925e-94
  7787  1.1849e-94
  7790  1.0898e-94
  7792  1.1854e-94
  7793  9.6695e-95
  7795  8.6953e-95
  7796  7.7343e-95
  7798  7.6963e-95
  7799  6.2052e-95
  7802  6.7927e-95
  7805  6.7072e-95
  7808  7.0487e-95
  7810  5.8812e-95
  7812  5.2678e-95
  7815  5.4077e-95
  7817  5.4861e-95
  7818  5.4771e-95
  7821  4.4662e-95
  7823  4.3896e-95
  7825  3.7798e-95
  7826  3.5271e-95
  7828  3.7415e-95
  7829  3.3741e-95
  7831  2.8078e-95
  7832  2.7221e-95
  7833  2.6664e-95
  7835  2.7858e-95
  7836  2.2924e-95
  7837  2.4979e-95
  7839  2.7256e-95
  7841  2.3898e-95
  7842  2.4347e-95
  7843  2.2738e-95
  7844  1.9099e-95
  7846  1.6727e-95
  7847  1.4947e-95
  7849  1.3705e-95
  7851  1.1489e-95
  7853  9.8542e-96
  7856  8.6201e-96
  7857  7.5361e-96
  7858  8.0669e-96
  7859  6.8298e-96
  7860  6.8783e-96
  7863  5.8816e-96
  7865  6.3622e-96
  7866  5.1910e-96
  7869  5.5779e-96
  7872  5.6715e-96
  7873  5.3638e-96
  7875  5.5326e-96
  7878  6.0342e-96
  7879  5.2065e-96
  7882  5.4565e-96
  7884  5.3105e-96
  7886  5.2920e-96
  7888  4.9176e-96
  7891  4.2742e-96
  7893  3.4787e-96
  7895  3.7677e-96
  7898  3.9130e-96
  7900  3.3976e-96
  7903  3.6918e-96
  7906  3.6883e-96
  7908  2.9989e-96
  7909  2.7050e-96
  7911  2.7467e-96
  7912  2.9936e-96
  7915  2.5458e-96
  7918  2.2439e-96
  7920  1.8997e-96
  7922  1.8977e-96
  7924  1.6162e-96
  7927  1.4119e-96
  7928  1.3471e-96
  7931  1.1136e-96
  7932  9.2377e-97
  7933  9.0072e-97
  7934  8.0165e-97
  7936  7.0175e-97
  7937  7.1832e-97
  7938  7.7450e-97
  7940  8.0319e-97
  7942  8.4299e-97
  7945  6.7452e-97
  7946  6.7679e-97
  7949  6.8559e-97
  7951  7.5386e-97
  7952  7.8271e-97
  7954  6.8795e-97
  7955  6.8210e-97
  7958  7.0001e-97
  7959  6.8581e-97
  7962  5.5036e-97
  7964  5.4769e-97
  7967  5.2061e-97
  7968  4.1963e-97
  7969  3.5462e-97
  7972  3.2803e-97
  7974  2.8135e-97
  7977  2.4993e-97
  7978  2.3034e-97
  7979  2.4447e-97
  7980  2.1561e-97
  7982  2.0188e-97
  7984  1.6933e-97
  7986  1.4304e-97
  7988  1.1697e-97
  7991  1.0078e-97
  7992  9.8105e-98
  7993  9.6263e-98
  7996  7.7535e-98
  7997  6.7534e-98
  7999  5.9739e-98
