     1  1.0000e+02
     2  1.0565e+02
     5  1.1469e+02
     6  1.1659e+02
     7  1.0525e+02
     8  1.0490e+02
    10  1.0293e+02
    11  9.3116e+01
    12  9.3618e+01
    13  7.9306e+01
    15  7.9201e+01
    16  7.3282e+01
    18  7.9933e+01
    20  6.4538e+01
    22  6.7681e+01
    25  5.9908e+01
    28  5.7878e+01
    29  5.0206e+01
    32  4.7397e+01
    35  3.8580e+01
    38  4.1762e+01
    39  4.2821e+01
    41  3.7153e+01
    44  3.9263e+01
    45  3.3164e+01
    47  2.8655e+01
    50  2.7636e+01
    52  2.5181e+01
    54  2.6487e+01
    57  2.3555e+01
    58  2.2676e+01
    60  2.3305e+01
    62  2.1601e+01
    64  2.1449e+01
    66  1.7241e+01
    69  1.6308e+01
    70  1.7305e+01
    71  1.7559e+01
    73  1.4242e+01
    74  1.1705e+01
    76  1.1659e+01
    79  1.0324e+01
    82  1.0683e+01
    84  1.0184e+01
    85  1.0550e+01
    86  9.2660e+00
    89  9.2844e+00
    90  7.7549e+00
    91  7.9618e+00
    92  6.9374e+00
    93  6.8701e+00
    96  6.0874e+00
    97  5.4417e+00
    98  5.0178e+00
   100  4.8924e+00
   103  4.7001e+00
   105  4.2541e+00
   108  3.5861e+00
   109  3.2326e+00
   110  3.4457e+00
   113  3.5196e+00
   115  3.0509e+00
   116  2.9538e+00
   117  2.9017e+00
   120  2.3444e+00
   121  2.5472e+00
   124  2.7534e+00
   125  2.9861e+00
   127  2.7265e+00
   128  2.7401e+00
   131  2.2548e+00
   134  2.4492e+00
   136  2.0189e+00
   137  1.6206e+00
   140  1.6946e+00
   141  1.3997e+00
   143  1.4929e+00
   145  1.3611e+00
   148  1.2968e+00
   149  1.3907e+00
   150  1.3995e+00
   151  1.3822e+00
   154  1.2208e+00
   155  1.0418e+00
   156  8.8473e-01
   157  8.3774e-01
   160  8.6508e-01
   162  7.0073e-01
   165  7.5935e-01
   168  7.2421e-01
   170  7.8918e-01
   171  8.1877e-01
   173  7.5371e-01
   174  7.1963e-01
   176  7.7901e-01
   178  6.7095e-01
   181  7.0020e-01
   184  7.2381e-01
   186  6.4399e-01
   187  7.0171e-01
   188  6.6917e-01
   190  6.2749e-01
   191  6.1745e-01
   193  5.9691e-01
   195  6.2739e-01
   197  5.8027e-01
   198  6.3188e-01
   201  6.2087e-01
   203  5.1190e-01
   204  4.5682e-01
   206  4.2852e-01
   207  4.1185e-01
   208  3.9557e-01
   211  3.6496e-01
   212  3.3158e-01
   213  3.3489e-01
   214  3.0046e-01
   216  2.6820e-01
   217  2.8038e-01
   220  2.7244e-01
   223  2.7106e-01
   224  2.1907e-01
   226  1.7613e-01
   227  1.6842e-01
   229  1.6498e-01
   232  1.3884e-01
   235  1.3252e-01
   237  1.4146e-01
   240  1.2657e-01
   242  1.0341e-01
   243  9.7367e-02
   246  7.9371e-02
   247  6.3641e-02
   248  5.1588e-02
   251  4.6692e-02
   254  3.9698e-02
   256  4.0010e-02
   258  4.3668e-02
   260  3.8193e-02
   262  3.7328e-02
   263  3.2643e-02
   265  3.0378e-02
   266  2.8104e-02
   267  3.0155e-02
   268  3.1253e-02
   269  3.0275e-02
   271  2.6033e-02
   273  2.5444e-02
   274  2.7318e-02
   276  2.3614e-02
   278  2.5159e-02
   280  2.7397e-02
   281  2.2283e-02
   284  2.1297e-02
   286  2.2961e-02
   287  2.1350e-02
   288  1.9661e-02
   291  1.9151e-02
   294  1.7745e-02
   295  1.6425e-02
   296  1.7066e-02
   297  1.5125e-02
   299  1.6004e-02
   300  1.4323e-02
   303  1.3936e-02
   304  1.5137e-02
   306  1.5157e-02
   307  1.4213e-02
   310  1.3990e-02
   312  1.4576e-02
   314  1.1793e-02
   317  1.1566e-02
   319  1.0787e-02
   322  1.1652e-02
   325  9.4889e-03
   327  9.0694e-03
   330  9.5396e-03
   333  8.8888e-03
   335  9.2644e-03
   337  7.7404e-03
   339  8.1793e-03
   341  6.7013e-03
   344  5.4342e-03
   345  4.9385e-03
   348  4.7012e-03
   350  4.6047e-03
   353  4.9885e-03
   355  4.8484e-03
   356  4.1367e-03
   357  3.6041e-03
   360  3.2561e-03
   363  2.9305e-03
   366  2.4712e-03
   368  2.4507e-03
   369  2.0556e-03
   371  1.6482e-03
   372  1.6994e-03
   373  1.5430e-03
   374  1.3818e-03
   377  1.2735e-03
   378  1.2801e-03
   381  1.3544e-03
   383  1.2186e-03
   385  1.1411e-03
   386  9.4969e-04
   387  9.8645e-04
   390  1.0562e-03
   391  8.4696e-04
   392  6.7769e-04
   394  7.1287e-04
   395  7.8237e-04
   397  7.0271e-04
   399  7.6053e-04
   401  6.9511e-04
   404  6.7346e-04
   405  5.7963e-04
   408  5.5131e-04
   409  6.0153e-04
   412  5.6314e-04
   415  5.9538e-04
   417  5.2604e-04
   418  4.7215e-04
   420  4.3270e-04
   421  3.4747e-04
   423  3.0160e-04
   424  3.1493e-04
   427  3.0846e-04
   430  3.2323e-04
   433  3.4997e-04
   436  3.1489e-04
   439  3.1962e-04
   442  3.4530e-04
   443  2.9205e-04
   444  2.8965e-04
   445  2.8177e-04
   447  2.5829e-04
   448  2.5430e-04
   450  2.6557e-04
   452  2.8887e-04
   453  3.0810e-04
   456  3.0630e-04
   458  3.2273e-04
   460  2.9321e-04
   461  3.0527e-04
   463  2.8862e-04
   465  2.9582e-04
   468  2.8687e-04
   470  2.8367e-04
   473  2.7354e-04
   476  2.9316e-04
   478  2.4589e-04
   481  2.4543e-04
   482  2.5154e-04
   484  2.6754e-04
   487  2.4777e-04
   490  2.6824e-04
   491  2.8714e-04
   492  2.6607e-04
   493  2.4665e-04
   495  2.5144e-04
   498  2.6415e-04
   501  2.2851e-04
   502  1.8810e-04
   504  2.0480e-04
   507  1.8346e-04
   509  1.7549e-04
   511  1.7586e-04
   512  1.8255e-04
   513  1.4710e-04
   516  1.6146e-04
   519  1.7263e-04
   521  1.6098e-04
   524  1.7682e-04
   526  1.6590e-04
   528  1.3672e-04
   529  1.2965e-04
   531  1.3654e-04
   532  1.3617e-04
   535  1.2218e-04
   536  1.0184e-04
   539  9.6764e-05
   540  8.5558e-05
   543  7.7130e-05
   544  6.6643e-05
   546  5.5410e-05
   548  5.2082e-05
   550  5.2301e-05
   553  5.6058e-05
   556  5.6975e-05
   558  6.2656e-05
   560  5.0261e-05
   561  4.5246e-05
   563  4.1234e-05
   565  3.7987e-05
   568  3.5498e-05
   569  3.6040e-05
   572  3.7878e-05
   573  3.8153e-05
   575  3.5015e-05
   576  3.5592e-05
   579  2.9617e-05
   582  2.9055e-05
   583  2.6553e-05
   586  2.3079e-05
   589  2.5291e-05
   590  2.2330e-05
   593  2.2874e-05
   596  2.0432e-05
   598  1.6523e-05
   600  1.7500e-05
   602  1.4159e-05
   603  1.4411e-05
   606  1.5578e-05
   608  1.5799e-05
   609  1.6567e-05
   610  1.7131e-05
   612  1.7350e-05
   614  1.7975e-05
   617  1.9468e-05
   618  2.0037e-05
   620  1.7586e-05
   621  1.6400e-05
   623  1.7653e-05
   626  1.4291e-05
   628  1.2985e-05
   630  1.1404e-05
   633  9.4812e-06
   636  9.3423e-06
   638  8.0906e-06
   641  8.4858e-06
   642  9.2702e-06
   643  7.5640e-06
   645  6.8341e-06
   646  7.4917e-06
   648  6.2097e-06
   650  6.5356e-06
   652  5.7325e-06
   654  6.0497e-06
   655  5.0976e-06
   658  4.9587e-06
   659  4.8283e-06
   662  4.1260e-06
   664  3.7314e-06
   666  3.0780e-06
   669  3.0939e-06
   672  2.8880e-06
   673  2.6463e-06
   676  2.3413e-06
   677  1.8825e-06
   678  1.6149e-06
   679  1.4734e-06
   682  1.5868e-06
   683  1.3566e-06
   685  1.1085e-06
   687  1.1760e-06
   690  9.7032e-07
   693  8.2840e-07
   695  7.9911e-07
   698  7.1644e-07
   700  7.7359e-07
   703  7.7099e-07
   705  6.1811e-07
   706  6.2799e-07
   707  6.3302e-07
   710  6.7833e-07
   713  7.4073e-07
   716  7.9841e-07
   718  6.4937e-07
   719  6.2167e-07
   720  5.4952e-07
   723  5.2659e-07
   725  5.0996e-07
   727  5.0419e-07
   730  4.7674e-07
   731  4.4570e-07
   734  4.8241e-07
   735  4.6511e-07
   737  4.6163e-07
   738  4.5065e-07
   739  4.3514e-07
   741  4.4431e-07
   742  4.1495e-07
   743  4.3413e-07
   745  4.4164e-07
   747  3.9904e-07
   750  3.4822e-07
   753  3.2741e-07
   754  3.0828e-07
   757  3.1506e-07
   758  2.5450e-07
   761  2.5604e-07
   762  2.6117e-07
   765  2.2285e-07
   767  2.3440e-07
   768  2.0451e-07
   770  1.9764e-07
   772  1.6195e-07
   774  1.5682e-07
   777  1.2693e-07
   779  1.2367e-07
   780  1.3535e-07
   781  1.2934e-07
   784  1.2830e-07
   787  1.2311e-07
   788  1.3166e-07
   791  1.3790e-07
   793  1.1317e-07
   796  1.1333e-07
   798  1.2287e-07
   800  1.0847e-07
   803  1.0863e-07
   804  9.6893e-08
   807  1.0142e-07
   809  9.0916e-08
   812  7.6372e-08
   815  7.4510e-08
   818  7.3634e-08
   821  7.0985e-08
   822  6.3916e-08
   824  7.0098e-08
   826  7.6255e-08
   828  6.8520e-08
   829  6.7307e-08
   831  7.1037e-08
   834  5.8355e-08
   836  4.8718e-08
   839  4.3984e-08
   841  4.3053e-08
   843  4.1892e-08
   844  4.5475e-08
   845  4.0302e-08
   847  4.0578e-08
   850  4.1441e-08
   853  4.1102e-08
   856  3.4476e-08
   858  3.4662e-08
   859  2.8133e-08
   862  2.7538e-08
   864  2.5208e-08
   865  2.3313e-08
   866  2.4519e-08
   868  2.6916e-08
   871  2.3566e-08
   872  1.9748e-08
   875  2.1153e-08
   878  1.9568e-08
   881  1.5848e-08
   884  1.3419e-08
   886  1.2477e-08
   889  1.3503e-08
   891  1.2760e-08
   894  1.2181e-08
   896  9.8944e-09
   899  8.7400e-09
   901  8.0098e-09
   902  7.1321e-09
   905  6.3657e-09
   907  5.1480e-09
   908  4.8169e-09
   910  4.8058e-09
   912  5.1830e-09
   915  4.4240e-09
   918  4.5466e-09
   919  4.4245e-09
   922  4.1142e-09
   924  4.0985e-09
   925  4.4883e-09
   926  3.7378e-09
   928  3.4069e-09
   931  3.3043e-09
   934  2.9184e-09
   937  2.9074e-09
   938  2.9035e-09
   941  2.5529e-09
   944  2.1264e-09
   946  1.9050e-09
   947  2.0344e-09
   948  2.0857e-09
   950  1.8126e-09
   952  1.4561e-09
   955  1.5232e-09
   957  1.2924e-09
   960  1.0943e-09
   962  1.0866e-09
   964  1.0463e-09
   966  1.0810e-09
   968  1.1553e-09
   970  1.1254e-09
   971  1.1273e-09
   974  1.1108e-09
   977  1.0678e-09
   980  1.0651e-09
   982  1.0172e-09
   983  8.1911e-10
   984  8.6818e-10
   986  9.4648e-10
   989  7.7534e-10
   990  6.7327e-10
   993  6.5498e-10
   996  5.4452e-10
   998  5.5895e-10
  1001  5.7419e-10
  1002  4.6522e-10
  1003  5.0135e-10
  1005  5.0540e-10
  1008  4.3563e-10
  1011  4.1074e-10
  1012  4.3829e-10
  1013  4.3596e-10
  1014  4.1648e-10
  1016  3.4466e-10
  1019  3.3573e-10
  1021  3.6740e-10
  1023  3.4033e-10
  1026  2.9363e-10
  1027  3.2011e-10
  1029  2.8505e-10
  1032  2.5853e-10
  1034  2.6184e-10
  1036  2.6738e-10
  1037  2.9177e-10
  1039  2.4261e-10
  1040  1.9952e-10
  1043  1.7369e-10
  1046  1.4186e-10
  1049  1.5332e-10
  1050  1.2435e-10
  1051  1.1495e-10
  1054  9.8711e-11
  1056  8.0429e-11
  1059  8.8327e-11
  1061  8.3872e-11
  1063  8.0112e-11
  1066  7.2332e-11
  1069  6.3341e-11
  1070  5.3214e-11
  1073  5.4605e-11
  1075  4.7355e-11
  1077  5.1752e-11
  1078  4.6795e-11
  1079  4.8599e-11
  1080  4.4078e-11
  1082  3.5456e-11
  1084  3.3173e-11
  1085  3.1006e-11
  1088  2.9261e-11
  1091  3.1596e-11
  1092  3.0553e-11
  1095  3.2580e-11
  1096  3.2218e-11
  1098  3.4208e-11
  1101  3.3899e-11
  1104  3.3353e-11
  1105  2.7283e-11
  1108  2.8405e-11
  1111  2.8464e-11
  1113  2.9277e-11
  1116  2.8763e-11
  1119  3.1439e-11
  1120  2.8726e-11
  1122  2.5985e-11
  1125  2.2904e-11
  1126  1.8473e-11
  1128  1.7542e-11
  1129  1.6156e-11
  1130  1.4152e-11
  1131  1.2646e-11
  1132  1.3568e-11
  1135  1.3249e-11
  1136  1.4392e-11
  1138  1.3574e-11
  1139  1.1047e-11
  1142  1.0395e-11
  1145  8.8779e-12
  1147  8.4535e-12
  1149  7.1650e-12
  1151  7.3627e-12
  1154  6.8314e-12
  1156  6.2197e-12
  1157  5.0878e-12
  1158  5.4194e-12
  1161  4.6175e-12
  1162  3.6997e-12
  1164  3.2307e-12
  1166  3.1449e-12
  1167  3.1449e-12
  1168  2.6556e-12
  1169  2.2395e-12
  1172  2.3675e-12
  1174  2.1766e-12
  1176  2.1785e-12
  1179  2.3958e-12
  1182  2.0630e-12
  1184  2.2214e-12
  1186  2.1031e-12
  1187  1.8153e-12
  1190  1.5666e-12
  1193  1.2751e-12
  1194  1.1173e-12
  1197  9.2244e-13
  1199  9.0132e-13
  1201  8.1366e-13
  1204  6.5128e-13
  1207  6.5042e-13
  1208  6.8288e-13
  1209  7.2309e-13
  1212  7.8248e-13
  1213  7.3256e-13
  1215  6.6780e-13
  1218  5.4302e-13
  1220  5.4299e-13
  1221  4.4354e-13
  1224  3.7021e-13
  1226  3.9704e-13
  1228  3.8095e-13
  1230  3.0811e-13
  1233  3.2912e-13
  1235  3.0081e-13
  1236  2.5756e-13
  1239  2.6930e-13
  1240  2.1846e-13
  1243  2.2049e-13
  1245  1.8134e-13
  1248  1.4955e-13
  1249  1.4298e-13
  1250  1.3034e-13
  1252  1.0771e-13
  1254  9.5412e-14
  1255  8.3658e-14
  1257  6.7245e-14
  1260  6.7356e-14
  1261  6.0596e-14
  1263  5.1161e-14
  1266  5.5218e-14
  1267  5.5950e-14
  1268  5.8330e-14
  1269  6.0381e-14
  1270  6.2552e-14
  1272  5.6573e-14
  1275  6.0131e-14
  1278  5.2613e-14
  1281  4.7098e-14
  1284  4.9947e-14
  1285  4.6495e-14
  1287  4.9879e-14
  1288  5.2575e-14
  1291  5.5116e-14
  1292  4.4198e-14
  1295  4.3756e-14
  1297  3.6837e-14
  1300  3.2856e-14
  1301  3.1676e-14
  1303  3.3139e-14
  1305  3.2632e-14
  1306  3.5449e-14
  1308  3.2712e-14
  1311  3.4872e-14
  1314  3.3205e-14
  1317  3.2865e-14
  1319  3.5133e-14
  1320  3.4979e-14
  1323  3.4202e-14
  1326  2.9638e-14
  1328  2.9180e-14
  1331  2.3619e-14
  1333  2.5316e-14
  1336  2.6488e-14
  1339  2.8717e-14
  1340  2.8958e-14
  1341  2.8844e-14
  1342  2.5732e-14
  1344  2.8090e-14
  1346  2.9599e-14
  1347  2.6502e-14
  1349  2.8801e-14
  1352  2.5332e-14
  1355  2.0980e-14
  1357  1.9241e-14
  1360  1.6753e-14
  1362  1.6751e-14
  1364  1.6854e-14
  1366  1.6441e-14
  1367  1.7170e-14
  1368  1.6891e-14
  1369  1.6504e-14
  1370  1.6482e-14
  1372  1.6324e-14
  1375  1.4042e-14
  1377  1.3090e-14
  1378  1.0940e-14
  1380  1.0460e-14
  1383  1.0800e-14
  1386  1.0146e-14
  1388  9.3250e-15
  1391  9.2560e-15
  1394  8.0929e-15
  1397  7.2307e-15
  1399  7.1569e-15
  1401  7.4269e-15
  1402  6.5576e-15
  1403  6.1648e-15
  1406  5.7288e-15
  1409  5.8244e-15
  1411  5.6093e-15
  1414  5.2475e-15
  1417  5.6700e-15
  1418  6.1222e-15
  1420  5.4092e-15
  1422  5.4050e-15
  1425  5.3076e-15
  1428  5.4476e-15
  1431  5.8482e-15
  1434  5.7066e-15
  1437  5.7121e-15
  1439  5.6100e-15
  1441  6.1389e-15
  1444  5.5365e-15
  1446  5.1332e-15
  1449  5.1457e-15
  1452  5.2915e-15
  1455  4.9565e-15
  1458  4.2709e-15
  1459  3.4959e-15
  1460  2.8528e-15
  1463  2.9701e-15
  1465  2.4374e-15
  1466  2.0986e-15
  1468  2.0262e-15
  1471  1.8452e-15
  1473  1.9728e-15
  1475  2.1544e-15
  1477  2.2156e-15
  1480  2.3616e-15
  1482  2.5930e-15
  1485  2.1564e-15
  1486  2.2662e-15
  1488  2.1875e-15
  1489  1.8582e-15
  1490  1.6171e-15
  1493  1.4028e-15
  1494  1.4565e-15
  1495  1.3195e-15
  1497  1.0844e-15
  1498  1.0783e-15
  1500  1.0138e-15
  1501  9.8053e-16
  1503  1.0372e-15
  1505  1.0670e-15
  1507  9.8871e-16
  1509  9.3358e-16
  1511  8.7220e-16
  1513  7.8378e-16
  1515  7.8449e-16
  1517  7.4552e-16
  1518  6.4794e-16
  1519  7.1155e-16
  1522  6.2198e-16
  1524  6.0576e-16
  1526  5.8529e-16
  1527  5.2747e-16
  1530  5.7873e-16
  1531  4.6845e-16
  1532  4.2773e-16
  1533  4.6767e-16
  1536  3.9906e-16
  1537  4.3554e-16
  1538  4.2846e-16
  1539  3.9212e-16
  1540  4.0003e-16
  1543  4.3738e-16
  1546  4.1556e-16
  1547  3.7388e-16
  1548  3.6464e-16
  1549  3.3879e-16
  1552  3.3989e-16
  1554  2.9586e-16
  1557  2.7075e-16
  1558  2.2328e-16
  1559  2.2582e-16
  1560  2.2320e-16
  1563  1.8843e-16
  1565  1.6471e-16
  1567  1.4690e-16
  1570  1.5951e-16
  1572  1.3774e-16
  1573  1.2178e-16
  1575  1.1830e-16
  1576  1.0312e-16
  1578  9.0501e-17
  1581  8.1459e-17
  1583  7.0443e-17
  1586  7.0729e-17
  1587  6.8757e-17
  1589  6.5907e-17
  1590  6.3985e-17
  1592  5.5403e-17
  1594  5.0239e-17
  1597  5.4457e-17
  1600  4.4793e-17
  1601  3.7362e-17
  1604  4.0425e-17
  1607  4.3440e-17
  1608  3.9024e-17
  1610  3.2831e-17
  1612  3.3101e-17
  1615  3.4284e-17
  1618  3.0676e-17
  1621  2.6261e-17
  1622  2.7530e-17
  1623  2.7995e-17
  1624  2.5691e-17
  1626  2.4082e-17
  1628  2.4686e-17
  1630  2.2354e-17
  1633  1.9104e-17
  1635  2.0051e-17
  1638  1.9994e-17
  1640  1.9579e-17
  1643  1.8587e-17
  1644  1.6546e-17
  1647  1.3899e-17
  1649  1.4635e-17
  1650  1.5212e-17
  1652  1.4158e-17
  1653  1.2002e-17
  1655  1.0177e-17
  1656  8.3510e-18
  1657  8.6441e-18
  1659  8.8649e-18
  1662  7.4712e-18
  1663  7.7911e-18
  1664  7.3835e-18
  1666  7.8319e-18
  1669  6.5673e-18
  1670  6.4962e-18
  1671  6.4975e-18
  1674  5.2062e-18
  1677  5.4003e-18
  1678  5.5557e-18
  1681  4.8004e-18
  1684  5.0376e-18
  1686  4.3695e-18
  1688  4.5206e-18
  1689  4.8694e-18
  1692  3.9494e-18
  1694  4.1936e-18
  1695  4.2015e-18
  1697  3.4025e-18
  1699  2.8873e-18
  1701  2.5339e-18
  1702  2.5923e-18
  1704  2.2881e-18
  1707  2.5146e-18
  1710  2.1329e-18
  1711  2.2332e-18
  1714  2.2197e-18
  1715  2.3690e-18
  1717  1.9586e-18
  1718  1.8411e-18
  1719  1.9946e-18
  1721  1.7319e-18
  1723  1.7050e-18
  1725  1.5639e-18
  1726  1.3167e-18
  1729  1.2240e-18
  1730  1.2484e-18
  1733  1.0068e-18
  1735  1.0956e-18
  1738  9.6973e-19
  1741  8.2523e-19
  1742  7.6171e-19
  1745  6.7499e-19
  1746  6.6130e-19
  1748  6.3247e-19
  1750  6.5774e-19
  1752  7.0089e-19
  1754  6.8024e-19
  1755  6.5432e-19
  1756  5.7045e-19
  1759  6.2625e-19
  1761  6.5137e-19
  1763  5.6156e-19
  1764  4.6525e-19
  1765  4.5220e-19
  1768  4.8263e-19
  1771  5.2418e-19
  1774  4.9415e-19
  1776  4.3622e-19
  1777  4.7787e-19
  1778  5.0546e-19
  1779  5.1208e-19
  1781  5.2131e-19
  1782  5.1347e-19
  1783  4.4759e-19
  1785  4.2597e-19
  1787  4.0485e-19
  1788  4.1547e-19
  1791  3.7930e-19
  1792  3.8554e-19
  1794  3.7733e-19
  1795  3.1336e-19
  1796  2.6737e-19
  1798  2.8055e-19
  1801  2.8955e-19
  1803  2.6120e-19
  1804  2.3149e-19
  1805  1.8789e-19
  1806  1.7062e-19
  1807  1.4335e-19
  1810  1.3283e-19
  1811  1.0874e-19
  1814  1.0928e-19
  1815  9.8444e-20
  1816  9.5552e-20
  1819  8.3897e-20
  1821  8.3629e-20
  1822  8.7165e-20
  1823  7.3159e-20
  1826  5.9940e-20
  1827  6.2963e-20
  1830  6.3545e-20
  1832  5.6736e-20
  1834  4.8759e-20
  1837  5.1233e-20
  1838  4.6317e-20
  1840  4.6421e-20
  1843  5.0691e-20
  1844  4.9269e-20
  1846  4.5033e-20
  1849  4.8894e-20
  1852  4.9572e-20
  1854  4.8320e-20
  1857  4.4112e-20
  1859  4.3102e-20
  1861  4.1800e-20
  1862  4.4670e-20
  1863  4.6538e-20
  1866  4.0453e-20
  1869  3.5681e-20
  1870  3.6254e-20
  1871  3.3772e-20
  1873  3.0010e-20
  1875  3.0854e-20
  1878  2.8517e-20
  1881  2.9715e-20
  1883  3.1642e-20
  1885  2.6105e-20
  1886  2.3294e-20
  1887  2.5031e-20
  1890  2.7146e-20
  1892  2.7289e-20
  1895  2.6376e-20
  1898  2.1536e-20
  1899  1.8815e-20
  1900  1.8471e-20
  1903  1.6371e-20
  1906  1.3797e-20
  1909  1.3851e-20
  1911  1.3860e-20
  1914  1.5201e-20
  1917  1.5648e-20
  1920  1.6333e-20
  1922  1.3800e-20
  1923  1.3180e-20
  1925  1.3868e-20
  1926  1.5088e-20
  1927  1.6244e-20
  1929  1.6471e-20
  1930  1.3368e-20
  1932  1.0701e-20
  1935  9.6689e-21
  1938  1.0387e-20
  1941  9.9716e-21
  1944  8.7109e-21
  1945  7.3667e-21
  1948  7.5545e-21
  1950  8.0516e-21
  1953  7.9495e-21
  1956  7.8791e-21
  1958  7.3287e-21
  1961  6.2360e-21
  1964  6.2496e-21
  1966  6.5092e-21
  1968  5.2900e-21
  1969  4.3861e-21
  1971  4.2596e-21
  1973  3.6068e-21
  1974  3.6403e-21
  1976  3.3975e-21
  1979  3.1342e-21
  1981  3.0607e-21
  1984  3.2266e-21
  1986  2.8669e-21
  1989  2.3304e-21
  1991  2.2184e-21
  1993  2.2962e-21
  1994  2.1067e-21
  1997  1.8483e-21
  1999  1.6394e-21
  2002  1.5375e-21
  2003  1.3824e-21
  2004  1.2188e-21
  2005  1.1553e-21
  2008  1.0898e-21
  2010  9.2564e-22
  2011  9.7646e-22
  2013  9.3514e-22
  2016  8.9007e-22
  2018  8.4599e-22
  2021  8.8409e-22
  2024  8.8154e-22
  2026  8.5120e-22
  2028  7.1707e-22
  2029  7.7629e-22
  2031  7.8330e-22
  2032  7.3678e-22
  2033  7.0820e-22
  2035  5.8406e-22
  2037  6.2406e-22
  2039  5.6887e-22
  2042  4.5744e-22
  2045  4.1608e-22
  2047  4.1197e-22
  2048  3.5210e-22
  2051  3.7126e-22
  2052  2.9701e-22
  2053  2.8603e-22
  2055  3.0638e-22
  2056  2.4952e-22
  2058  2.5064e-22
  2059  2.0842e-22
  2061  1.7351e-22
  2062  1.6943e-22
  2064  1.7813e-22
  2065  1.4676e-22
  2068  1.5949e-22
  2069  1.5098e-22
  2070  1.3928e-22
  2072  1.4779e-22
  2074  1.5185e-22
  2075  1.3876e-22
  2078  1.3786e-22
  2080  1.2763e-22
  2082  1.3626e-22
  2083  1.3658e-22
  2085  1.4506e-22
  2087  1.1968e-22
  2088  1.0477e-22
  2091  9.6844e-23
  2093  9.5841e-23
  2094  9.9961e-23
  2097  1.0785e-22
  2100  1.0610e-22
  2101  1.0296e-22
  2103  1.0767e-22
  2106  1.1091e-22
  2109  1.1607e-22
  2110  9.4996e-23
  2112  8.2441e-23
  2115  7.3792e-23
  2116  6.0601e-23
  2118  5.3710e-23
  2121  4.7375e-23
  2123  5.1376e-23
  2124  4.8580e-23
  2125  4.8408e-23
  2127  5.1440e-23
  2128  5.5596e-23
  2131  4.8393e-23
  2132  5.0498e-23
  2133  4.3951e-23
  2135  3.9193e-23
  2138  3.2520e-23
  2141  3.5324e-23
  2142  3.2353e-23
  2143  3.2376e-23
  2146  3.1363e-23
  2148  2.9445e-23
  2149  3.2155e-23
  2150  3.2871e-23
  2151  3.4807e-23
  2152  3.6784e-23
  2155  3.9607e-23
  2157  4.1575e-23
  2158  3.5953e-23
  2160  3.2793e-23
  2163  3.2029e-23
  2164  3.4880e-23
  2167  3.5474e-23
  2168  2.9684e-23
  2170  2.8094e-23
  2171  2.6390e-23
  2174  2.6548e-23
  2177  2.7719e-23
  2179  2.3443e-23
  2180  2.3946e-23
  2183  1.9807e-23
  2184  2.0537e-23
  2186  1.8921e-23
  2187  1.8268e-23
  2189  1.8718e-23
  2191  1.6178e-23
  2193  1.5665e-23
  2195  1.3501e-23
  2197  1.4454e-23
  2198  1.3331e-23
  2201  1.4176e-23
  2203  1.3073e-23
  2206  1.3472e-23
  2209  1.2868e-23
  2210  1.2501e-23
  2213  1.0005e-23
  2215  8.1616e-24
  2216  8.0284e-24
  2217  8.0443e-24
  2218  7.7003e-24
  2219  8.2826e-24
  2222  7.4231e-24
  2224  6.9012e-24
  2226  5.8836e-24
  2227  5.4689e-24
  2228  5.2548e-24
  2231  4.4718e-24
  2234  4.0004e-24
  2237  4.1818e-24
  2238  4.2636e-24
  2241  3.4357e-24
  2243  3.3955e-24
  2244  3.1158e-24
  2245  3.4032e-24
  2247  3.4895e-24
  2250  3.4070e-24
  2252  3.2685e-24
  2254  2.7006e-24
  2255  2.9029e-24
  2256  2.6000e-24
  2257  2.7608e-24
  2259  2.3638e-24
  2261  1.9059e-24
  2262  2.0043e-24
  2265  1.7511e-24
  2268  1.8846e-24
  2269  1.8531e-24
  2270  1.8917e-24
  2273  1.5153e-24
  2276  1.5422e-24
  2277  1.5580e-24
  2278  1.4576e-24
  2281  1.5445e-24
  2283  1.5449e-24
  2285  1.6165e-24
  2286  1.5859e-24
  2287  1.7358e-24
  2289  1.4639e-24
  2291  1.3358e-24
  2293  1.3329e-24
  2295  1.3055e-24
  2297  1.2240e-24
  2299  1.3014e-24
  2300  1.3861e-24
  2303  1.4838e-24
  2306  1.6029e-24
  2309  1.6204e-24
  2310  1.4119e-24
  2313  1.3334e-24
  2316  1.3149e-24
  2317  1.3630e-24
  2319  1.1394e-24
  2322  1.1320e-24
  2325  1.0615e-24
  2327  1.1552e-24
  2329  1.1238e-24
  2331  1.2105e-24
  2333  1.1742e-24
  2335  1.1298e-24
  2337  9.9922e-25
  2340  1.0575e-24
  2341  9.3104e-25
  2344  7.8742e-25
  2347  7.8926e-25
  2350  7.0353e-25
  2353  6.3493e-25
  2354  6.3090e-25
  2357  5.9262e-25
  2360  5.3283e-25
  2361  4.5619e-25
  2362  4.2024e-25
  2364  4.2663e-25
  2367  4.2881e-25
  2370  3.9117e-25
  2373  3.5568e-25
  2376  3.4066e-25
  2378  2.9911e-25
  2380  3.1102e-25
  2382  2.5928e-25
  2385  2.2408e-25
  2387  1.8927e-25
  2390  1.5653e-25
  2393  1.7160e-25
  2394  1.3853e-25
  2396  1.1453e-25
  2398  9.6125e-26
  2400  8.0134e-26
  2402  6.6264e-26
  2405  6.9526e-26
  2406  6.2766e-26
  2407  6.7026e-26
  2410  6.7589e-26
  2411  7.2155e-26
  2414  6.9740e-26
  2417  6.7015e-26
  2420  5.6336e-26
  2423  4.8210e-26
  2426  5.0311e-26
  2427  4.2808e-26
  2428  3.7774e-26
  2429  3.7346e-26
  2431  3.3954e-26
  2433  2.9495e-26
  2435  2.5770e-26
  2438  2.4486e-26
  2439  2.3583e-26
  2442  2.5385e-26
  2444  2.7411e-26
  2446  2.8333e-26
  2449  2.5753e-26
  2451  2.2331e-26
  2453  2.3799e-26
  2454  2.4098e-26
  2456  2.4833e-26
  2457  2.3380e-26
  2459  2.2547e-26
  2460  1.9624e-26
  2463  1.9844e-26
  2465  1.7254e-26
  2466  1.7269e-26
  2467  1.7349e-26
  2468  1.7940e-26
  2469  1.6003e-26
  2470  1.3712e-26
  2473  1.4491e-26
  2474  1.3575e-26
  2475  1.2829e-26
  2477  1.1156e-26
  2478  9.7129e-27
  2480  9.9050e-27
  2481  8.6730e-27
  2482  7.3104e-27
  2485  7.5681e-27
  2486  6.1228e-27
  2488  5.4183e-27
  2491  4.8772e-27
  2492  4.4264e-27
  2494  4.0270e-27
  2495  3.7280e-27
  2498  3.7791e-27
  2499  4.0980e-27
  2502  3.6551e-27
  2505  3.3534e-27
  2508  3.5222e-27
  2509  2.8798e-27
  2512  2.7591e-27
  2515  2.9969e-27
  2516  3.2503e-27
  2517  3.1339e-27
  2520  3.2368e-27
  2523  3.5279e-27
  2525  3.4753e-27
  2527  3.7223e-27
  2528  3.8436e-27
  2531  4.0307e-27
  2532  3.3580e-27
  2533  3.6860e-27
  2536  3.7214e-27
  2539  3.1372e-27
  2540  3.3594e-27
  2541  3.2722e-27
  2543  3.5568e-27
  2544  3.6472e-27
  2546  3.7977e-27
  2549  3.0825e-27
  2550  2.4664e-27
  2551  2.6716e-27
  2554  2.5333e-27
  2555  2.6917e-27
  2558  2.3082e-27
  2559  2.0207e-27
  2562  1.9564e-27
  2563  1.8144e-27
  2564  1.9633e-27
  2567  1.6651e-27
  2570  1.4686e-27
  2573  1.1988e-27
  2575  9.8160e-28
  2576  1.0571e-27
  2578  9.0446e-28
  2579  8.7253e-28
  2582  7.1053e-28
  2583  6.3718e-28
  2584  5.4855e-28
  2586  5.4202e-28
  2587  4.9893e-28
  2588  4.7533e-28
  2591  4.9853e-28
  2592  4.1180e-28
  2595  4.5209e-28
  2598  3.7382e-28
  2600  3.4418e-28
  2603  3.6469e-28
  2605  3.9331e-28
  2608  4.1471e-28
  2610  3.7730e-28
  2611  3.9271e-28
  2613  4.0801e-28
  2614  4.3490e-28
  2615  3.9468e-28
  2618  3.3545e-28
  2620  3.5377e-28
  2623  3.1805e-28
  2626  3.4294e-28
  2628  2.7575e-28
  2630  2.2436e-28
  2631  1.8268e-28
  2633  1.7366e-28
  2634  1.9090e-28
  2635  1.6620e-28
  2636  1.5799e-28
  2639  1.4733e-28
  2641  1.4674e-28
  2644  1.3031e-28
  2645  1.0662e-28
  2646  1.0184e-28
  2648  8.9913e-29
  2650  8.7024e-29
  2652  8.8209e-29
  2654  9.1827e-29
  2657  7.9486e-29
  2658  7.4550e-29
  2660  7.8445e-29
  2662  6.7135e-29
  2664  6.8969e-29
  2666  5.9060e-29
  2669  5.4716e-29
  2671  5.2134e-29
  2672  4.4324e-29
  2674  4.5588e-29
  2676  4.7502e-29
  2679  4.0731e-29
  2680  4.3125e-29
  2682  4.5831e-29
  2685  5.0322e-29
  2686  4.3075e-29
  2688  4.5247e-29
  2690  4.8105e-29
  2692  3.9754e-29
  2693  3.4014e-29
  2694  2.7738e-29
  2697  2.3164e-29
  2698  2.0636e-29
  2701  2.2345e-29
  2703  2.1485e-29
  2706  1.7303e-29
  2709  1.7913e-29
  2712  1.7385e-29
  2715  1.8670e-29
  2717  2.0457e-29
  2720  1.6481e-29
  2721  1.4288e-29
  2723  1.2356e-29
  2726  1.1194e-29
  2727  1.1866e-29
  2729  1.2816e-29
  2730  1.2207e-29
  2732  1.1942e-29
  2734  1.2364e-29
  2735  1.1239e-29
  2737  9.1626e-30
  2740  9.8498e-30
  2743  1.0112e-29
  2745  8.5566e-30
  2746  8.0742e-30
  2749  8.8436e-30
  2752  7.6495e-30
  2754  6.2132e-30
  2757  5.6198e-30
  2758  6.1433e-30
  2759  6.3843e-30
  2761  5.9357e-30
  2764  6.3832e-30
  2765  6.8497e-30
  2767  7.3145e-30
  2768  5.8639e-30
  2770  5.3243e-30
  2771  4.9065e-30
  2772  4.5432e-30
  2775  4.8738e-30
  2778  5.2472e-30
  2779  4.3608e-30
  2782  3.6368e-30
  2785  3.7173e-30
  2786  3.3851e-30
  2789  3.6470e-30
  2791  3.8372e-30
  2794  4.0730e-30
  2795  3.6258e-30
  2798  2.9226e-30
  2800  2.8645e-30
  2802  2.4535e-30
  2805  2.5569e-30
  2807  2.7867e-30
  2808  2.5309e-30
  2811  2.2206e-30
  2812  2.2024e-30
  2813  2.2992e-30
  2814  2.2686e-30
  2815  2.1818e-30
  2816  1.7967e-30
  2818  1.5207e-30
  2820  1.6717e-30
  2821  1.7617e-30
  2822  1.8229e-30
  2824  1.6991e-30
  2827  1.4501e-30
  2828  1.2264e-30
  2831  1.0994e-30
  2833  1.0387e-30
  2835  9.9088e-31
  2836  8.7112e-31
  2838  9.4657e-31
  2841  8.5503e-31
  2843  8.4537e-31
  2845  7.1352e-31
  2847  7.2610e-31
  2849  7.2443e-31
  2850  7.6421e-31
  2852  6.2814e-31
  2853  5.0483e-31
  2855  5.3320e-31
  2857  4.8581e-31
  2858  4.2673e-31
  2859  3.7460e-31
  2862  3.8289e-31
  2864  3.9764e-31
  2865  3.4986e-31
  2867  2.8656e-31
  2869  2.6741e-31
  2870  2.7976e-31
  2871  2.4393e-31
  2872  2.5954e-31
  2875  2.5124e-31
  2877  2.0676e-31
  2880  1.8559e-31
  2883  1.7251e-31
  2886  1.7713e-31
  2887  1.8649e-31
  2888  1.8855e-31
  2891  1.7602e-31
  2894  1.8045e-31
  2897  1.8284e-31
  2899  1.9086e-31
  2902  1.9933e-31
  2904  1.9873e-31
  2905  2.0768e-31
  2907  2.0774e-31
  2908  2.2528e-31
  2909  2.0375e-31
  2910  1.7017e-31
  2912  1.4038e-31
  2915  1.2498e-31
  2918  1.2518e-31
  2919  1.1475e-31
  2921  1.1388e-31
  2922  1.2014e-31
  2925  9.7946e-32
  2928  1.0530e-31
  2929  8.4666e-32
  2931  8.0534e-32
  2933  7.8554e-32
  2935  7.5243e-32
  2938  6.8343e-32
  2939  6.1592e-32
  2941  6.2456e-32
  2942  5.7151e-32
  2945  5.8985e-32
  2947  5.5115e-32
  2949  5.6284e-32
  2952  5.7854e-32
  2954  5.8931e-32
  2957  4.9338e-32
  2960  5.3965e-32
  2962  5.2237e-32
  2963  5.1336e-32
  2965  4.4743e-32
  2968  4.2663e-32
  2969  4.0776e-32
  2971  4.1870e-32
  2972  3.4673e-32
  2975  2.8716e-32
  2977  2.6913e-32
  2979  2.7210e-32
  2982  2.5424e-32
  2985  2.7438e-32
  2988  2.6144e-32
  2989  2.3735e-32
  2990  2.0453e-32
  2992  2.0262e-32
  2995  1.6833e-32
  2998  1.5515e-32
  3000  1.2440e-32
  3003  1.3122e-32
  3006  1.2296e-32
  3009  1.3063e-32
  3012  1.2935e-32
  3013  1.3674e-32
  3015  1.2907e-32
  3017  1.1129e-32
  3020  1.0806e-32
  3021  8.7688e-33
  3023  7.6106e-33
  3026  6.4265e-33
  3029  6.8555e-33
  3031  6.6591e-33
  3032  5.6745e-33
  3035  4.8121e-33
  3037  4.0506e-33
  3039  3.3419e-33
  3040  3.6382e-33
  3041  3.4651e-33
  3042  3.3837e-33
  3043  2.8627e-33
  3044  2.7994e-33
  3047  2.2907e-33
  3050  2.1721e-33
  3051  1.7410e-33
  3053  1.7224e-33
  3056  1.7272e-33
  3057  1.4380e-33
  3058  1.5582e-33
  3059  1.4508e-33
  3062  1.5777e-33
  3064  1.3025e-33
  3067  1.2967e-33
  3069  1.3974e-33
  3070  1.4152e-33
  3072  1.3964e-33
  3075  1.4987e-33
  3076  1.2131e-33
  3077  1.2813e-33
  3080  1.1677e-33
  3081  1.1177e-33
  3083  1.2059e-33
  3086  1.1630e-33
  3089  9.7140e-34
  3092  8.4523e-34
  3095  8.1391e-34
  3097  8.0319e-34
  3099  7.6507e-34
  3101  7.5196e-34
  3103  7.1036e-34
  3105  6.7140e-34
  3108  6.2608e-34
  3111  5.0946e-34
  3114  5.4604e-34
  3117  4.7656e-34
  3120  4.2705e-34
  3123  3.6768e-34
  3125  3.2240e-34
  3126  3.2402e-34
  3129  2.8593e-34
  3132  2.7223e-34
  3135  2.7952e-34
  3138  2.6078e-34
  3139  2.1309e-34
  3142  2.2396e-34
  3144  2.2549e-34
  3146  2.3554e-34
  3148  1.9132e-34
  3150  1.6209e-34
  3151  1.7613e-34
  3153  1.4399e-34
  3154  1.2173e-34
  3157  1.2078e-34
  3159  9.7192e-35
  3162  9.7674e-35
  3165  9.0658e-35
  3167  9.7722e-35
  3169  9.8908e-35
  3170  1.0308e-34
  3171  9.9447e-35
  3172  9.6807e-35
  3173  1.0554e-34
  3174  9.8762e-35
  3175  1.0751e-34
  3178  8.8605e-35
  3181  8.7400e-35
  3182  8.9772e-35
  3184  8.9559e-35
  3187  7.4136e-35
  3188  7.8973e-35
  3191  8.5568e-35
  3194  7.9792e-35
  3196  6.5902e-35
  3198  6.3766e-35
  3199  5.5092e-35
  3200  5.1543e-35
  3201  4.6435e-35
  3202  4.5583e-35
  3204  4.5924e-35
  3205  4.7526e-35
  3206  4.9602e-35
  3209  4.7818e-35
  3211  4.7602e-35
  3214  4.6259e-35
  3217  4.8138e-35
  3219  4.8487e-35
  3221  5.2316e-35
  3223  5.3992e-35
  3224  5.2683e-35
  3227  5.1754e-35
  3229  4.2129e-35
  3231  3.9803e-35
  3233  3.7016e-35
  3234  3.5961e-35
  3235  3.7781e-35
  3238  3.4766e-35
  3239  3.3169e-35
  3242  3.3381e-35
  3244  3.3684e-35
  3245  3.6177e-35
  3247  3.6882e-35
  3250  3.1773e-35
  3251  2.6201e-35
  3253  2.4761e-35
  3254  2.0574e-35
  3256  2.0678e-35
  3259  2.2086e-35
  3262  2.2734e-35
  3263  2.3202e-35
  3265  2.4685e-35
  3268  2.0860e-35
  3269  1.8350e-35
  3271  1.8393e-35
  3274  1.7456e-35
  3275  1.5103e-35
  3276  1.2113e-35
  3278  1.1080e-35
  3281  9.3351e-36
  3284  8.3588e-36
  3285  6.9189e-36
  3287  7.5667e-36
  3288  8.2496e-36
  3290  8.8460e-36
  3292  7.6403e-36
  3295  6.2188e-36
  3296  6.7059e-36
  3297  6.8744e-36
  3298  6.0891e-36
  3299  6.5727e-36
  3300  5.9001e-36
  3303  5.6036e-36
  3304  5.6361e-36
  3306  5.9887e-36
  3308  5.5892e-36
  3309  4.9019e-36
  3310  5.1216e-36
  3311  5.3760e-36
  3313  4.9055e-36
  3316  4.5435e-36
  3319  4.1431e-36
  3320  3.8597e-36
  3323  4.2237e-36
  3326  3.8405e-36
  3328  3.3672e-36
  3330  3.1748e-36
  3332  3.4410e-36
  3334  3.6556e-36
  3337  3.4480e-36
  3340  3.2195e-36
  3341  3.5143e-36
  3342  3.4089e-36
  3345  3.5482e-36
  3346  3.4295e-36
  3347  3.5799e-36
  3349  2.9695e-36
  3352  2.8625e-36
  3353  3.0981e-36
  3356  3.1126e-36
  3358  3.0915e-36
  3360  2.8669e-36
  3363  2.6968e-36
  3364  2.7909e-36
  3365  2.7368e-36
  3367  2.8436e-36
  3370  2.6944e-36
  3373  2.3843e-36
  3376  2.0993e-36
  3377  2.3030e-36
  3380  2.3047e-36
  3381  2.0176e-36
  3382  1.7101e-36
  3383  1.8368e-36
  3386  1.8628e-36
  3388  1.6901e-36
  3390  1.4014e-36
  3393  1.5052e-36
  3396  1.4558e-36
  3398  1.3083e-36
  3401  1.3199e-36
  3403  1.1949e-36
  3405  1.0085e-36
  3407  8.1627e-37
  3409  7.6208e-37
  3410  7.6491e-37
  3412  6.3989e-37
  3415  6.7653e-37
  3416  5.8251e-37
  3417  5.4449e-37
  3420  5.0446e-37
  3421  5.2038e-37
  3422  5.1251e-37
  3423  4.3856e-37
  3424  3.9110e-37
  3426  4.0717e-37
  3427  3.6076e-37
  3428  3.8785e-37
  3429  4.2391e-37
  3432  4.5126e-37
  3434  3.9887e-37
  3435  3.4472e-37
  3437  3.5489e-37
  3439  3.6263e-37
  3441  3.0383e-37
  3443  2.5253e-37
  3444  2.6093e-37
  3446  2.2305e-37
  3448  2.2884e-37
  3451  1.8980e-37
  3453  1.9290e-37
  3455  1.8671e-37
  3458  1.6076e-37
  3461  1.6505e-37
  3464  1.4066e-37
  3467  1.1831e-37
  3470  1.0001e-37
  3471  1.0601e-37
  3473  1.1369e-37
  3475  1.0911e-37
  3476  9.5974e-38
  3478  9.9462e-38
  3481  9.6913e-38
  3482  8.3682e-38
  3485  8.3743e-38
  3486  8.7652e-38
  3489  9.4301e-38
  3492  8.9558e-38
  3495  8.6213e-38
  3497  8.8354e-38
  3500  7.8997e-38
  3502  6.5943e-38
  3504  5.3904e-38
  3507  4.9716e-38
  3510  4.1424e-38
  3512  3.6214e-38
  3514  3.1931e-38
  3516  3.1586e-38
  3519  2.7748e-38
  3520  2.7568e-38
  3522  2.8210e-38
  3523  2.6385e-38
  3525  2.3103e-38
  3527  2.2664e-38
  3530  2.0724e-38
  3531  2.1049e-38
  3534  1.7184e-38
  3535  1.5150e-38
  3537  1.6555e-38
  3539  1.7338e-38
  3541  1.6658e-38
  3542  1.8026e-38
  3545  1.8325e-38
  3548  1.7237e-38
  3551  1.7824e-38
  3552  1.5027e-38
  3554  1.5670e-38
  3555  1.3172e-38
  3556  1.2332e-38
  3559  1.0878e-38
  3562  1.1375e-38
  3563  9.6310e-39
  3566  8.9033e-39
  3568  7.2989e-39
  3570  6.0842e-39
  3571  6.3729e-39
  3572  6.4015e-39
  3575  6.9446e-39
  3577  6.6711e-39
  3579  5.5235e-39
  3581  5.6836e-39
  3582  4.6655e-39
  3585  3.9179e-39
  3588  3.5678e-39
  3590  3.5904e-39
  3591  3.9481e-39
  3592  4.2386e-39
  3593  4.5294e-39
  3595  4.6454e-39
  3598  5.0692e-39
  3600  4.1356e-39
  3603  3.6674e-39
  3606  3.3330e-39
  3609  3.4816e-39
  3612  3.2568e-39
  3614  3.0515e-39
  3615  3.0225e-39
  3617  2.7452e-39
  3618  2.9818e-39
  3620  3.1329e-39
  3622  3.3711e-39
  3625  3.3614e-39
  3626  3.0049e-39
  3629  3.2256e-39
  3631  2.7888e-39
  3632  2.4796e-39
  3633  2.6619e-39
  3636  2.7787e-39
  3637  2.6526e-39
  3638  2.5516e-39
  3641  2.5179e-39
  3644  2.4576e-39
  3647  2.4873e-39
  3650  2.2223e-39
  3651  2.0057e-39
  3653  1.8953e-39
  3656  2.0681e-39
  3657  1.8384e-39
  3658  1.7866e-39
  3660  1.8901e-39
  3662  1.8145e-39
  3665  1.5112e-39
  3667  1.3261e-39
  3668  1.2435e-39
  3669  1.2275e-39
  3672  1.2233e-39
  3675  1.0884e-39
  3677  8.9041e-40
  3680  8.4937e-40
  3682  8.7411e-40
  3684  9.5254e-40
  3686  1.0067e-39
  3688  8.7213e-40
  3690  9.2927e-40
  3692  8.4873e-40
  3693  9.0264e-40
  3696  9.6116e-40
  3697  9.0649e-40
  3700  9.6161e-40
  3702  1.0370e-39
  3703  8.3859e-40
  3704  9.1038e-40
  3707  7.8409e-40
  3708  7.2192e-40
  3709  7.7079e-40
  3710  8.0333e-40
  3711  8.0207e-40
  3713  7.5017e-40
  3714  7.5032e-40
  3717  7.0769e-40
  3719  7.5781e-40
  3721  6.9040e-40
  3722  5.9198e-40
  3723  4.8997e-40
  3726  5.1725e-40
  3727  5.1226e-40
  3728  4.5503e-40
  3730  4.8057e-40
  3732  5.2307e-40
  3735  4.3417e-40
  3736  4.5142e-40
  3739  4.6883e-40
  3742  4.3800e-40
  3743  4.4407e-40
  3744  4.6710e-40
  3746  4.3771e-40
  3748  4.5690e-40
  3750  3.7372e-40
  3751  3.6334e-40
  3752  2.9783e-40
  3753  2.7379e-40
  3756  2.4825e-40
  3757  2.2767e-40
  3758  2.1109e-40
  3761  2.2181e-40
  3762  1.9178e-40
  3763  1.6155e-40
  3765  1.7002e-40
  3766  1.7887e-40
  3767  1.6943e-40
  3768  1.8275e-40
  3771  1.4688e-40
  3773  1.3129e-40
  3774  1.3018e-40
  3775  1.1957e-40
  3778  1.0171e-40
  3780  8.9557e-41
  3781  7.7503e-41
  3783  8.5025e-41
  3786  7.9791e-41
  3788  8.4819e-41
  3789  9.0497e-41
  3791  7.8823e-41
  3792  7.2502e-41
  3794  7.9353e-41
  3797  8.5135e-41
  3799  7.1367e-41
  3801  7.3616e-41
  3802  6.9100e-41
  3805  6.8503e-41
  3807  5.8886e-41
  3809  6.3184e-41
  3810  6.4344e-41
  3812  5.4959e-41
  3814  5.6547e-41
  3817  6.1087e-41
  3820  6.3296e-41
  3821  6.6763e-41
  3824  5.7864e-41
  3826  5.5402e-41
  3829  4.7355e-41
  3831  4.4872e-41
  3833  4.1393e-41
  3834  3.6981e-41
  3837  3.0672e-41
  3838  2.6096e-41
  3841  2.6352e-41
  3842  2.8181e-41
  3845  2.4012e-41
  3848  2.1996e-41
  3849  1.9466e-41
  3850  1.9229e-41
  3853  1.5991e-41
  3856  1.3811e-41
  3859  1.2010e-41
  3861  1.3188e-41
  3862  1.2795e-41
  3865  1.1227e-41
  3868  9.4919e-42
  3869  9.9656e-42
  3872  1.0109e-41
  3874  8.0939e-42
  3877  8.1768e-42
  3880  8.7889e-42
  3881  8.5569e-42
  3882  7.2901e-42
  3885  7.4185e-42
  3887  6.5829e-42
  3889  6.2107e-42
  3892  6.4490e-42
  3895  5.3603e-42
  3897  5.6823e-42
  3899  5.2244e-42
  3901  5.4673e-42
  3903  5.6759e-42
  3904  5.0790e-42
  3907  4.4062e-42
  3909  3.5349e-42
  3910  2.8425e-42
  3911  2.6720e-42
  3912  2.6728e-42
  3913  2.9137e-42
  3916  3.1143e-42
  3919  3.3657e-42
  3922  3.5098e-42
  3923  2.9702e-42
  3926  2.8135e-42
  3929  2.3859e-42
  3931  2.0244e-42
  3934  1.8987e-42
  3936  2.0777e-42
  3937  1.8012e-42
  3938  1.7796e-42
  3940  1.4701e-42
  3941  1.4374e-42
  3944  1.4514e-42
  3946  1.2406e-42
  3949  1.2245e-42
  3952  1.2533e-42
  3955  1.2066e-42
  3956  1.2103e-42
  3958  1.0512e-42
  3960  9.1930e-43
  3963  7.9609e-43
  3964  7.2176e-43
  3966  7.1882e-43
  3969  6.8250e-43
  3970  5.8463e-43
  3973  5.0034e-43
  3975  4.3770e-43
  3977  4.1817e-43
  3979  3.6728e-43
  3981  3.1072e-43
  3982  3.2164e-43
  3984  3.0899e-43
  3985  3.0327e-43
  3987  2.6883e-43
  3989  2.3570e-43
  3992  2.1700e-43
  3995  1.8218e-43
  3996  1.6356e-43
  3998  1.3702e-43
  3999  1.1416e-43
  4000  1.2095e-43
  4002  1.1473e-43
  4003  1.2331e-43
  4005  9.9861e-44
  4006  9.0975e-44
  4009  7.9372e-44
  4010  6.6390e-44
  4012  5.7983e-44
  4013  6.2575e-44
  4015  6.8580e-44
  4017  5.5057e-44
  4019  5.0362e-44
  4020  5.2644e-44
  4022  4.6772e-44
  4023  4.2565e-44
  4025  3.4400e-44
  4026  3.6120e-44
  4028  3.8444e-44
  4029  3.0794e-44
  4031  2.5713e-44
  4033  2.7277e-44
  4035  2.9578e-44
  4036  3.2050e-44
  4039  3.0521e-44
  4042  3.2746e-44
  4045  2.8753e-44
  4048  2.5167e-44
  4050  2.3239e-44
  4053  1.9202e-44
  4056  1.7774e-44
  4059  1.6701e-44
  4060  1.6954e-44
  4062  1.3615e-44
  4064  1.3087e-44
  4065  1.1430e-44
  4068  9.5824e-45
  4070  1.0180e-44
  4073  8.9903e-45
  4075  7.4914e-45
  4076  6.8371e-45
  4079  7.4181e-45
  4082  7.6834e-45
  4084  6.9716e-45
  4085  5.8418e-45
  4088  4.9689e-45
  4090  4.8226e-45
  4091  5.1719e-45
  4092  4.2618e-45
  4094  4.2590e-45
  4095  4.5068e-45
  4096  4.5701e-45
  4099  4.1598e-45
  4102  4.1678e-45
  4103  3.7540e-45
  4104  3.4277e-45
  4105  3.4441e-45
  4106  3.7646e-45
  4109  4.1281e-45
  4110  3.4577e-45
  4113  3.0529e-45
  4116  3.2264e-45
  4117  3.2213e-45
  4120  3.5152e-45
  4122  3.7305e-45
  4125  4.0907e-45
  4128  3.7197e-45
  4130  3.4336e-45
  4133  3.4752e-45
  4134  3.4516e-45
  4136  3.6925e-45
  4139  3.9601e-45
  4140  3.5616e-45
  4142  3.8879e-45
  4143  4.1048e-45
  4145  4.3928e-45
  4148  4.7389e-45
  4149  4.2236e-45
  4152  3.6004e-45
  4155  2.9092e-45
  4156  2.5245e-45
  4158  2.0546e-45
  4161  1.8853e-45
  4162  1.9029e-45
  4165  1.8770e-45
  4167  1.9270e-45
  4168  2.0077e-45
  4169  2.1308e-45
  4171  1.9242e-45
  4174  1.5556e-45
  4175  1.5165e-45
  4176  1.3958e-45
  4178  1.4239e-45
  4181  1.2289e-45
  4182  9.8467e-46
  4184  9.4845e-46
  4187  8.3240e-46
  4188  7.9129e-46
  4191  7.8880e-46
  4193  7.7659e-46
  4194  8.4396e-46
  4197  7.2022e-46
  4199  6.9621e-46
  4201  6.4378e-46
  4202  6.2656e-46
  4205  6.6195e-46
  4207  5.4840e-46
  4210  5.1614e-46
  4211  4.5135e-46
  4212  3.9449e-46
  4214  3.3367e-46
  4215  3.1483e-46
  4218  2.8607e-46
  4219  2.3185e-46
  4222  2.3699e-46
  4225  2.5318e-46
  4226  2.1116e-46
  4229  2.0414e-46
  4232  1.8106e-46
  4233  1.9487e-46
  4235  1.7745e-46
  4238  1.6250e-46
  4239  1.4535e-46
  4240  1.4711e-46
  4242  1.5437e-46
  4244  1.6674e-46
  4247  1.7940e-46
  4249  1.5299e-46
  4252  1.5607e-46
  4253  1.2914e-46
  4256  1.3439e-46
  4257  1.2296e-46
  4260  1.0469e-46
  4261  9.6638e-47
  4264  7.8477e-47
  4266  7.9163e-47
  4268  7.2646e-47
  4269  6.6221e-47
  4271  6.4281e-47
  4274  5.3281e-47
  4275  5.0629e-47
  4276  5.1999e-47
  4278  5.2515e-47
  4281  5.4546e-47
  4283  5.8335e-47
  4286  5.1658e-47
  4289  5.4411e-47
  4291  5.3215e-47
  4292  5.2935e-47
  4295  5.2059e-47
  4298  4.8881e-47
  4300  4.9585e-47
  4301  4.9712e-47
  4302  4.8711e-47
  4303  4.1480e-47
  4305  4.5512e-47
  4306  3.6651e-47
  4308  3.4429e-47
  4311  3.2554e-47
  4313  3.5431e-47
  4316  3.6267e-47
  4319  2.9528e-47
  4321  2.8670e-47
  4322  2.5275e-47
  4323  2.1037e-47
  4324  1.8023e-47
  4326  1.7908e-47
  4328  1.6524e-47
  4331  1.6436e-47
  4333  1.5577e-47
  4334  1.6684e-47
  4335  1.4841e-47
  4336  1.2381e-47
  4337  1.1711e-47
  4340  1.2555e-47
  4342  1.1756e-47
  4345  1.0761e-47
  4347  1.1125e-47
  4349  9.0423e-48
  4350  7.8908e-48
  4352  6.3292e-48
  4355  6.5033e-48
  4357  6.7370e-48
  4359  5.6921e-48
  4360  5.0936e-48
  4362  5.5290e-48
  4364  4.9780e-48
  4365  4.0592e-48
  4366  3.8052e-48
  4369  3.8614e-48
  4371  3.5844e-48
  4373  3.0929e-48
  4374  2.7871e-48
  4375  2.7360e-48
  4377  2.5724e-48
  4379  2.3777e-48
  4380  2.1533e-48
  4383  2.3445e-48
  4385  1.9411e-48
  4386  1.8014e-48
  4388  1.4657e-48
  4389  1.5360e-48
  4391  1.3241e-48
  4394  1.2966e-48
  4395  1.0787e-48
  4397  9.1220e-49
  4398  7.4392e-49
  4400  6.5566e-49
  4402  6.7935e-49
  4405  6.8016e-49
  4407  5.5610e-49
  4408  4.5477e-49
  4410  4.8817e-49
  4413  4.9272e-49
  4415  5.1974e-49
  4417  4.7127e-49
  4419  4.7664e-49
  4420  5.1496e-49
  4423  5.3217e-49
  4426  4.7612e-49
  4429  4.7608e-49
  4432  4.5543e-49
  4434  4.6853e-49
  4437  3.8871e-49
  4440  4.1758e-49
  4443  4.1224e-49
  4446  3.7222e-49
  4447  3.0266e-49
  4450  2.8301e-49
  4453  2.7334e-49
  4454  2.3867e-49
  4456  2.5572e-49
  4457  2.5642e-49
  4460  2.5016e-49
  4462  2.3321e-49
  4463  2.4966e-49
  4465  2.2096e-49
  4468  2.0222e-49
  4471  1.8123e-49
  4472  1.6678e-49
  4474  1.8340e-49
  4476  1.5745e-49
  4479  1.3887e-49
  4481  1.1796e-49
  4483  1.0971e-49
  4484  1.1785e-49
  4485  9.5768e-50
  4487  8.4463e-50
  4488  7.7228e-50
  4489  8.4471e-50
  4491  7.9815e-50
  4493  8.5681e-50
  4495  8.2414e-50
  4498  8.2624e-50
  4500  7.6704e-50
  4501  8.1741e-50
  4503  8.4454e-50
  4506  6.8200e-50
  4507  6.9076e-50
  4510  6.6567e-50
  4513  6.8114e-50
  4514  7.3346e-50
  4517  6.2118e-50
  4520  6.8101e-50
  4523  6.9004e-50
  4526  6.9407e-50
  4529  5.8665e-50
  4530  4.8579e-50
  4533  4.3514e-50
  4536  3.5071e-50
  4539  2.8553e-50
  4542  2.7763e-50
  4543  2.7864e-50
  4544  2.9587e-50
  4547  3.1488e-50
  4550  3.2003e-50
  4552  2.7530e-50
  4555  2.3815e-50
  4557  2.1115e-50
  4558  1.8544e-50
  4560  1.4841e-50
  4561  1.5436e-50
  4564  1.6139e-50
  4566  1.4892e-50
  4568  1.6024e-50
  4571  1.6439e-50
  4574  1.3252e-50
  4576  1.3820e-50
  4579  1.4550e-50
  4580  1.4709e-50
  4583  1.2172e-50
  4586  1.2904e-50
  4587  1.0885e-50
  4588  8.8372e-51
  4590  8.1351e-51
  4592  7.6936e-51
  4595  7.4182e-51
  4596  7.8498e-51
  4599  8.3406e-51
  4602  7.6360e-51
  4605  7.2396e-51
  4606  6.5797e-51
  4609  6.4168e-51
  4612  6.0391e-51
  4613  6.3652e-51
  4616  5.7913e-51
  4619  5.8246e-51
  4620  5.6350e-51
  4622  4.7124e-51
  4624  5.1350e-51
  4626  4.3790e-51
  4629  4.0852e-51
  4630  4.3129e-51
  4632  3.5452e-51
  4634  3.3647e-51
  4635  3.5342e-51
  4638  3.5561e-51
  4641  3.4485e-51
  4644  3.0825e-51
  4647  2.8938e-51
  4649  2.9517e-51
  4651  2.7970e-51
  4652  2.2765e-51
  4655  2.1410e-51
  4657  2.0670e-51
  4659  2.1758e-51
  4661  1.7882e-51
  4664  1.7060e-51
  4665  1.6772e-51
  4666  1.7779e-51
  4668  1.4414e-51
  4670  1.4565e-51
  4671  1.4707e-51
  4674  1.2460e-51
  4675  1.2972e-51
  4677  1.0972e-51
  4679  1.0624e-51
  4681  1.0290e-51
  4682  9.0233e-52
  4685  8.8052e-52
  4686  8.4674e-52
  4687  7.2884e-52
  4690  7.5704e-52
  4692  7.2328e-52
  4695  6.0723e-52
  4696  5.3377e-52
  4699  5.1008e-52
  4702  5.0077e-52
  4703  4.7969e-52
  4704  4.4775e-52
  4707  3.6604e-52
  4710  3.5289e-52
  4712  3.2466e-52
  4715  2.8105e-52
  4717  2.4983e-52
  4720  2.6835e-52
  4722  2.8754e-52
  4725  2.4267e-52
  4726  2.3590e-52
  4727  2.3226e-52
  4729  1.9238e-52
  4731  2.0990e-52
  4732  1.6855e-52
  4733  1.5660e-52
  4736  1.3392e-52
  4739  1.2542e-52
  4741  1.2691e-52
  4743  1.3779e-52
  4746  1.4850e-52
  4748  1.3688e-52
  4751  1.1833e-52
  4752  1.1453e-52
  4754  1.1907e-52
  4755  1.2037e-52
  4757  1.2579e-52
  4759  1.1042e-52
  4761  1.1475e-52
  4763  1.0191e-52
  4766  1.0122e-52
  4769  8.9708e-53
  4772  8.8461e-53
  4773  7.3891e-53
  4774  6.5623e-53
  4777  6.9230e-53
  4778  7.0032e-53
  4781  6.1627e-53
  4784  5.9786e-53
  4785  6.3832e-53
  4788  6.4649e-53
  4791  6.6056e-53
  4792  6.8024e-53
  4794  7.4089e-53
  4797  6.3567e-53
  4800  6.5146e-53
  4803  6.5335e-53
  4805  6.0240e-53
  4808  5.0228e-53
  4811  4.3536e-53
  4812  3.9334e-53
  4813  3.4457e-53
  4816  3.6465e-53
  4819  3.5059e-53
  4821  3.0405e-53
  4824  3.0020e-53
  4825  2.5785e-53
  4826  2.4556e-53
  4828  2.3735e-53
  4829  1.9183e-53
  4832  2.0970e-53
  4834  1.8433e-53
  4837  2.0188e-53
  4838  1.9262e-53
  4840  2.0332e-53
  4842  2.0856e-53
  4844  1.8309e-53
  4847  1.5492e-53
  4849  1.3635e-53
  4851  1.2971e-53
  4854  1.1408e-53
  4856  1.1393e-53
  4857  1.0275e-53
  4859  1.0651e-53
  4860  9.6774e-54
  4862  1.0212e-53
  4863  9.0077e-54
  4866  8.3337e-54
  4868  7.0556e-54
  4869  6.8819e-54
  4870  6.0703e-54
  4872  5.0662e-54
  4875  4.5646e-54
  4876  4.3554e-54
  4879  3.5376e-54
  4881  3.0398e-54
  4884  2.9851e-54
  4887  2.4175e-54
  4888  2.3685e-54
  4891  1.9615e-54
  4893  1.8685e-54
  4895  1.6146e-54
  4898  1.4271e-54
  4899  1.2347e-54
  4902  1.2706e-54
  4904  1.2536e-54
  4905  1.1185e-54
  4907  9.2518e-55
  4909  9.7823e-55
  4911  9.4082e-55
  4912  9.4015e-55
  4914  8.4982e-55
  4916  7.0563e-55
  4917  7.4412e-55
  4919  6.1667e-55
  4921  6.0091e-55
  4922  5.5541e-55
  4923  4.9769e-55
  4926  4.7180e-55
  4927  4.2182e-55
  4928  3.7851e-55
  4931  3.2174e-55
  4934  3.1195e-55
  4935  3.1991e-55
  4938  2.8243e-55
  4939  2.4430e-55
  4942  2.1295e-55
  4945  2.0564e-55
  4947  1.6493e-55
  4949  1.5269e-55
  4950  1.6153e-55
  4952  1.7005e-55
  4953  1.7770e-55
  4955  1.6975e-55
  4958  1.7987e-55
  4960  1.5623e-55
  4962  1.5592e-55
  4963  1.2858e-55
  4966  1.0909e-55
  4967  1.0793e-55
  4970  8.7293e-56
  4972  9.5696e-56
  4974  9.7131e-56
  4976  7.8584e-56
  4978  7.7483e-56
  4981  8.0626e-56
  4982  6.6344e-56
  4983  7.1700e-56
  4984  6.2047e-56
  4985  6.7520e-56
  4986  6.3595e-56
  4987  6.4594e-56
  4990  6.2684e-56
  4993  6.2760e-56
  4996  6.5734e-56
  4997  5.3473e-56
  5000  5.0377e-56
  5003  4.3194e-56
  5005  3.4577e-56
  5007  3.3531e-56
  5010  3.1940e-56
  5011  3.3186e-56
  5013  3.4851e-56
  5015  3.4167e-56
  5017  3.4840e-56
  5018  2.8123e-56
  5020  2.9860e-56
  5021  3.2480e-56
  5024  2.9872e-56
  5025  2.5057e-56
  5026  2.2795e-56
  5027  2.1131e-56
  5030  2.0323e-56
  5032  1.6379e-56
  5033  1.3255e-56
  5034  1.3434e-56
  5036  1.2198e-56
  5037  1.2361e-56
  5038  1.1062e-56
  5039  1.0034e-56
  5041  1.0281e-56
  5044  9.2167e-57
  5047  9.9705e-57
  5048  9.6142e-57
  5050  8.0484e-57
  5052  6.8827e-57
  5054  6.1775e-57
  5056  6.6311e-57
  5059  6.6678e-57
  5061  6.5194e-57
  5064  6.0829e-57
  5066  6.4926e-57
  5068  6.8144e-57
  5070  6.5417e-57
  5073  6.3921e-57
  5074  5.2153e-57
  5076  5.3097e-57
  5077  5.3008e-57
  5079  4.2619e-57
  5082  3.5826e-57
  5085  3.8393e-57
  5087  3.6729e-57
  5089  4.0307e-57
  5090  3.5389e-57
  5093  2.9697e-57
  5095  2.7001e-57
  5096  2.5830e-57
  5098  2.8362e-57
  5100  3.1094e-57
  5102  2.6931e-57
  5105  2.8483e-57
  5107  2.4284e-57
  5110  2.0771e-57
  5113  2.0638e-57
  5114  2.0367e-57
  5117  2.1650e-57
  5120  2.2947e-57
  5123  2.0694e-57
  5125  1.9627e-57
  5128  1.7827e-57
  5130  1.7705e-57
  5132  1.6029e-57
  5133  1.5955e-57
  5136  1.3306e-57
  5138  1.0788e-57
  5140  1.0251e-57
  5142  1.0929e-57
  5143  9.3597e-58
  5146  9.0158e-58
  5149  7.2466e-58
  5150  7.5925e-58
  5152  7.3268e-58
  5155  6.8071e-58
  5157  7.0894e-58
  5160  7.1665e-58
  5163  5.8818e-58
  5166  5.8735e-58
  5167  5.5979e-58
  5170  4.9327e-58
  5172  3.9591e-58
  5174  4.1187e-58
  5175  4.4481e-58
  5178  4.0143e-58
  5180  3.7991e-58
  5181  3.7944e-58
  5182  3.6731e-58
  5184  3.4079e-58
  5187  3.5261e-58
  5189  3.0971e-58
  5190  2.9851e-58
  5193  3.0192e-58
  5195  3.2119e-58
  5198  3.3492e-58
  5200  3.3880e-58
  5201  3.3273e-58
  5202  3.0982e-58
  5205  3.2986e-58
  5206  3.5934e-58
  5208  3.2166e-58
  5210  3.0100e-58
  5213  2.6899e-58
  5214  2.5838e-58
  5217  2.5413e-58
  5220  2.4402e-58
  5223  2.0267e-58
  5224  2.1348e-58
  5227  1.7582e-58
  5228  1.8854e-58
  5231  1.8508e-58
  5234  1.5292e-58
  5237  1.3785e-58
  5239  1.5043e-58
  5240  1.5799e-58
  5243  1.4916e-58
  5244  1.2318e-58
  5246  1.1989e-58
  5247  1.0439e-58
  5249  9.8281e-59
  5251  8.9488e-59
  5252  9.0247e-59
  5254  8.0802e-59
  5256  8.5908e-59
  5257  8.8411e-59
  5260  8.3238e-59
  5263  8.8619e-59
  5266  8.5989e-59
  5268  7.4692e-59
  5270  7.2699e-59
  5271  6.7506e-59
  5273  6.8575e-59
  5275  6.1162e-59
  5276  6.0747e-59
  5279  6.6706e-59
  5281  5.7266e-59
  5283  5.8047e-59
  5286  4.9448e-59
  5287  5.3997e-59
  5290  4.6991e-59
  5292  3.8794e-59
  5295  3.7125e-59
  5298  3.9642e-59
  5300  3.4071e-59
  5302  2.9809e-59
  5303  2.5700e-59
  5306  2.6295e-59
  5308  2.1571e-59
  5310  2.3390e-59
  5312  1.9807e-59
  5315  1.8753e-59
  5317  1.7253e-59
  5319  1.7626e-59
  5321  1.5159e-59
  5323  1.6268e-59
  5326  1.3255e-59
  5329  1.1156e-59
  5332  1.0078e-59
  5334  9.5765e-60
  5336  8.5373e-60
  5339  7.0831e-60
  5342  5.8778e-60
  5344  4.7691e-60
  5347  4.8725e-60
  5349  5.2028e-60
  5352  5.7152e-60
  5354  5.1790e-60
  5357  5.1411e-60
  5360  4.4833e-60
  5363  3.9439e-60
  5366  3.8481e-60
  5368  3.8534e-60
  5369  3.9405e-60
  5372  3.4082e-60
  5375  3.3260e-60
  5376  2.6686e-60
  5377  2.3167e-60
  5378  2.0606e-60
  5379  1.7018e-60
  5381  1.7573e-60
  5383  1.7708e-60
  5384  1.6762e-60
  5387  1.4266e-60
  5388  1.3194e-60
  5389  1.1099e-60
  5391  9.3747e-61
  5394  9.1195e-61
  5396  9.6081e-61
  5399  1.0352e-60
  5401  1.1355e-60
  5402  1.1077e-60
  5404  9.3810e-61
  5405  9.0385e-61
  5407  9.0833e-61
  5409  8.7184e-61
  5411  8.9315e-61
  5412  8.6894e-61
  5415  7.0850e-61
  5416  6.3100e-61
  5418  5.2912e-61
  5419  4.9464e-61
  5420  4.1421e-61
  5422  4.0353e-61
  5423  4.2598e-61
  5426  3.8944e-61
  5428  3.3387e-61
  5430  2.9743e-61
  5431  2.7118e-61
  5433  2.5586e-61
  5434  2.1332e-61
  5436  2.1427e-61
  5439  1.8860e-61
  5441  1.7418e-61
  5442  1.6049e-61
  5444  1.2859e-61
  5445  1.3891e-61
  5448  1.2286e-61
  5451  1.3486e-61
  5454  1.4052e-61
  5456  1.1913e-61
  5458  9.6888e-62
  5459  8.0856e-62
  5462  8.2182e-62
  5464  8.5778e-62
  5466  7.8145e-62
  5468  8.5715e-62
  5469  7.9563e-62
  5470  7.6875e-62
  5472  6.5834e-62
  5474  6.7338e-62
  5477  7.1549e-62
  5478  6.7876e-62
  5480  6.1783e-62
  5483  5.9688e-62
  5485  5.3801e-62
  5488  4.9659e-62
  5491  5.1746e-62
  5493  5.3941e-62
  5494  5.7357e-62
  5496  4.6697e-62
  5499  4.3815e-62
  5502  4.4201e-62
  5504  4.1191e-62
  5506  3.4932e-62
  5507  2.9604e-62
  5509  2.7205e-62
  5512  2.9320e-62
  5513  2.7278e-62
  5514  2.2884e-62
  5515  1.8773e-62
  5516  1.5364e-62
  5517  1.5775e-62
  5518  1.6542e-62
  5519  1.6547e-62
  5522  1.3542e-62
  5524  1.1103e-62
  5526  1.0225e-62
  5527  8.7559e-63
  5529  9.4717e-63
  5530  8.9027e-63
  5532  9.2678e-63
  5533  7.7434e-63
  5534  7.7977e-63
  5536  8.2577e-63
  5539  8.1547e-63
  5540  7.1445e-63
  5542  6.4785e-63
  5543  7.0288e-63
  5545  6.0994e-63
  5547  5.8480e-63
  5548  5.5030e-63
  5550  5.3478e-63
  5551  5.3390e-63
  5554  5.0109e-63
  5555  5.2454e-63
  5558  4.4189e-63
  5560  3.9182e-63
  5562  3.8216e-63
  5564  3.1857e-63
  5567  2.9474e-63
  5570  2.6756e-63
  5573  2.3090e-63
  5576  2.0186e-63
  5579  2.1040e-63
  5582  1.8810e-63
  5584  1.9557e-63
  5585  1.5964e-63
  5586  1.3884e-63
  5588  1.2312e-63
  5590  1.3116e-63
  5591  1.1383e-63
  5593  1.2001e-63
  5596  1.1664e-63
  5598  1.0573e-63
  5599  1.0821e-63
  5601  8.7016e-64
  5604  8.4167e-64
  5607  9.1569e-64
  5609  8.0337e-64
  5610  7.6913e-64
  5613  6.2858e-64
  5614  6.5334e-64
  5617  5.7561e-64
  5619  6.0093e-64
  5622  6.3200e-64
  5624  6.5216e-64
  5627  6.1909e-64
  5629  4.9539e-64
  5631  4.2238e-64
  5634  4.3697e-64
  5637  4.0501e-64
  5640  3.2433e-64
  5641  3.0401e-64
  5644  3.0423e-64
  5645  3.0658e-64
  5647  2.9338e-64
  5648  2.3534e-64
  5651  2.4896e-64
  5654  2.1225e-64
  5656  1.8583e-64
  5659  1.5908e-64
  5661  1.4924e-64
  5664  1.3259e-64
  5667  1.2256e-64
  5668  1.2910e-64
  5669  1.1327e-64
  5670  1.1915e-64
  5671  1.1589e-64
  5672  1.1096e-64
  5673  9.7711e-65
  5676  8.9785e-65
  5679  8.7336e-65
  5681  8.7007e-65
  5684  7.8900e-65
  5687  7.5402e-65
  5689  8.1512e-65
  5691  6.6462e-65
  5692  6.6012e-65
  5693  6.3329e-65
  5696  5.1928e-65
  5699  4.5293e-65
  5702  4.0435e-65
  5703  4.3982e-65
  5706  4.5002e-65
  5708  4.6658e-65
  5709  5.0609e-65
  5712  5.4840e-65
  5714  5.2842e-65
  5716  5.7452e-65
  5718  5.8766e-65
  5721  6.0693e-65
  5723  6.2937e-65
  5726  6.7645e-65
  5729  5.8343e-65
  5732  5.3861e-65
  5734  4.8192e-65
  5735  4.7725e-65
  5737  4.5330e-65
  5739  4.3859e-65
  5741  3.6276e-65
  5742  3.6666e-65
  5744  3.2878e-65
  5746  3.1405e-65
  5749  2.7887e-65
  5751  2.8622e-65
  5753  2.7785e-65
  5754  3.0402e-65
  5755  2.7031e-65
  5758  2.9701e-65
  5759  2.4727e-65
  5762  2.6633e-65
  5764  2.4734e-65
  5765  2.2465e-65
  5766  2.0089e-65
  5769  1.7281e-65
  5771  1.7778e-65
  5772  1.5524e-65
  5773  1.4444e-65
  5776  1.4869e-65
  5779  1.2146e-65
  5782  9.8359e-66
  5783  9.7225e-66
  5784  1.0013e-65
  5786  9.2717e-66
  5788  7.5743e-66
  5789  6.1701e-66
  5792  5.9499e-66
  5793  6.1070e-66
  5795  6.4709e-66
  5796  6.3534e-66
  5797  6.5803e-66
  5798  5.7257e-66
  5799  6.0173e-66
  5801  6.2521e-66
  5804  5.2990e-66
  5806  5.3743e-66
  5809  4.5547e-66
  5810  4.0740e-66
  5813  3.6801e-66
  5814  3.3300e-66
  5815  3.0768e-66
  5818  2.6317e-66
  5820  2.3095e-66
  5823  1.9105e-66
  5826  1.7997e-66
  5828  1.4791e-66
  5831  1.4116e-66
  5833  1.4198e-66
  5835  1.4485e-66
  5837  1.1918e-66
  5839  1.0204e-66
  5841  1.0360e-66
  5843  1.1368e-66
  5846  1.2242e-66
  5849  1.1874e-66
  5852  1.1484e-66
  5855  1.1668e-66
  5858  1.1041e-66
  5861  1.0100e-66
  5863  1.0339e-66
  5864  1.1260e-66
  5865  1.0329e-66
  5867  1.0864e-66
  5870  1.0042e-66
  5871  9.2251e-67
  5874  7.9986e-67
  5876  7.3035e-67
  5879  6.8826e-67
  5882  6.8412e-67
  5885  6.2379e-67
  5887  5.7325e-67
  5889  5.7720e-67
  5892  6.2930e-67
  5894  5.4376e-67
  5895  5.6507e-67
  5896  5.3899e-67
  5899  5.8520e-67
  5900  4.8981e-67
  5902  4.1694e-67
  5904  4.3223e-67
  5907  4.4336e-67
  5910  3.6828e-67
  5913  3.2863e-67
  5914  2.9585e-67
  5917  3.1577e-67
  5920  3.4248e-67
  5921  3.1024e-67
  5922  3.1202e-67
  5925  2.5613e-67
  5927  2.6338e-67
  5928  2.7431e-67
  5930  2.7724e-67
  5932  2.9401e-67
  5933  3.1596e-67
  5934  3.1831e-67
  5937  3.4932e-67
  5938  3.4720e-67
  5941  2.9169e-67
  5943  2.4708e-67
  5946  2.6835e-67
  5947  2.6413e-67
  5950  2.2548e-67
  5952  2.1973e-67
  5954  1.7903e-67
  5955  1.6795e-67
  5956  1.6183e-67
  5958  1.4052e-67
  5959  1.2420e-67
  5960  1.3005e-67
  5961  1.2958e-67
  5963  1.1272e-67
  5965  1.0766e-67
  5967  8.9694e-68
  5969  7.6266e-68
  5972  8.0102e-68
  5975  7.2335e-68
  5977  7.6282e-68
  5980  7.7852e-68
  5983  7.3290e-68
  5986  6.6829e-68
  5987  7.0801e-68
  5989  7.5819e-68
  5991  8.1070e-68
  5993  7.3049e-68
  5996  7.0328e-68
  5999  6.3686e-68
  6002  6.4785e-68
  6005  5.8669e-68
  6007  6.3724e-68
  6009  6.9987e-68
  6012  6.7217e-68
  6014  5.3834e-68
  6016  5.8362e-68
  6019  4.8195e-68
  6020  4.2944e-68
  6021  3.8510e-68
  6024  4.1101e-68
  6027  4.2629e-68
  6030  3.9496e-68
  6031  3.1690e-68
  6032  3.3520e-68
  6035  3.4260e-68
  6038  2.7484e-68
  6039  2.3514e-68
  6040  2.2420e-68
  6043  2.3710e-68
  6046  1.9380e-68
  6047  1.8807e-68
  6048  1.7918e-68
  6050  1.8471e-68
  6053  1.8175e-68
  6055  1.7430e-68
  6056  1.4656e-68
  6057  1.3351e-68
  6058  1.4630e-68
  6060  1.2626e-68
  6062  1.3085e-68
  6065  1.3403e-68
  6068  1.4237e-68
  6071  1.4858e-68
  6073  1.4572e-68
  6074  1.3017e-68
  6075  1.3393e-68
  6077  1.3102e-68
  6079  1.1966e-68
  6081  1.0254e-68
  6084  9.1260e-69
  6085  8.8248e-69
  6086  8.0679e-69
  6089  7.9589e-69
  6092  6.7111e-69
  6095  6.2932e-69
  6097  5.2514e-69
  6100  5.4137e-69
  6103  5.6522e-69
  6104  4.5320e-69
  6107  4.3188e-69
  6110  4.6849e-69
  6113  4.3218e-69
  6114  4.3338e-69
  6115  4.5001e-69
  6118  4.3775e-69
  6120  4.5990e-69
  6122  4.9257e-69
  6125  4.7984e-69
  6128  4.1315e-69
  6130  3.9431e-69
  6133  4.1966e-69
  6136  4.5666e-69
  6138  3.9642e-69
  6140  3.7298e-69
  6142  3.5136e-69
  6143  3.7861e-69
  6146  3.7625e-69
  6147  3.8886e-69
  6150  3.1236e-69
  6151  2.6934e-69
  6153  2.7753e-69
  6155  2.9850e-69
  6158  2.7052e-69
  6161  2.3925e-69
  6163  1.9501e-69
  6165  1.5659e-69
  6167  1.6896e-69
  6169  1.6222e-69
  6172  1.5862e-69
  6173  1.7393e-69
  6175  1.7226e-69
  6178  1.7999e-69
  6179  1.4466e-69
  6182  1.5043e-69
  6184  1.2233e-69
  6185  1.2094e-69
  6186  1.1753e-69
  6189  9.9706e-70
  6191  9.7933e-70
  6193  8.1164e-70
  6195  7.9329e-70
  6198  8.2956e-70
  6199  6.8801e-70
  6202  6.0875e-70
  6203  6.6920e-70
  6204  7.1596e-70
  6205  7.4325e-70
  6206  6.8487e-70
  6209  6.1596e-70
  6210  5.0495e-70
  6213  5.2119e-70
  6214  4.2407e-70
  6216  4.6380e-70
  6217  4.7227e-70
  6218  4.6067e-70
  6221  4.6966e-70
  6222  5.0398e-70
  6224  4.5250e-70
  6227  3.9138e-70
  6229  4.0396e-70
  6230  3.4696e-70
  6232  3.1312e-70
  6234  2.7269e-70
  6235  2.7817e-70
  6238  2.7107e-70
  6239  2.6306e-70
  6242  2.6830e-70
  6244  2.1888e-70
  6245  2.2187e-70
  6246  2.2534e-70
  6247  2.3848e-70
  6248  2.4475e-70
  6249  2.3424e-70
  6250  2.4636e-70
  6252  2.1437e-70
  6253  1.7165e-70
  6255  1.4183e-70
  6258  1.5523e-70
  6261  1.2537e-70
  6264  1.2298e-70
  6267  1.2393e-70
  6268  1.0895e-70
  6269  1.0926e-70
  6270  9.6929e-71
  6272  8.1386e-71
  6275  7.2288e-71
  6276  6.1742e-71
  6277  5.8469e-71
  6278  5.1930e-71
  6281  5.1253e-71
  6283  5.3844e-71
  6285  5.8334e-71
  6286  5.7229e-71
  6289  5.2767e-71
  6290  4.2872e-71
  6291  3.5428e-71
  6292  3.6333e-71
  6294  3.8501e-71
  6296  3.6903e-71
  6299  3.0703e-71
  6301  2.9936e-71
  6302  3.0508e-71
  6305  2.7448e-71
  6308  2.2999e-71
  6311  2.1942e-71
  6312  1.8556e-71
  6314  1.4893e-71
  6317  1.6366e-71
  6320  1.6277e-71
  6321  1.3117e-71
  6322  1.3242e-71
  6323  1.2117e-71
  6326  1.0328e-71
  6328  9.4189e-72
  6330  9.6508e-72
  6332  9.4541e-72
  6334  9.1786e-72
  6337  7.7089e-72
  6339  7.0180e-72
  6342  6.0121e-72
  6345  6.2652e-72
  6346  5.3464e-72
  6347  4.5278e-72
  6348  4.4179e-72
  6351  4.0824e-72
  6352  3.2837e-72
  6353  2.6316e-72
  6355  2.7583e-72
  6358  2.7099e-72
  6359  2.8418e-72
  6362  2.6410e-72
  6365  2.6366e-72
  6368  2.3334e-72
  6369  2.4886e-72
  6370  2.4716e-72
  6373  2.1206e-72
  6374  2.0515e-72
  6377  2.0860e-72
  6378  1.7411e-72
  6381  1.6684e-72
  6384  1.5644e-72
  6386  1.4824e-72
  6387  1.5978e-72
  6388  1.4233e-72
  6389  1.3151e-72
  6392  1.2403e-72
  6395  1.2101e-72
  6397  9.9529e-73
  6398  7.9827e-73
  6399  7.5108e-73
  6400  6.2256e-73
  6401  6.1240e-73
  6402  5.9327e-73
  6403  6.4777e-73
  6406  5.8908e-73
  6408  5.9816e-73
  6410  6.1178e-73
  6413  5.2349e-73
  6416  4.4743e-73
  6418  4.2742e-73
  6420  4.3910e-73
  6423  3.9843e-73
  6425  3.5034e-73
  6428  3.5590e-73
  6431  3.5512e-73
  6432  3.8733e-73
  6435  3.3297e-73
  6438  3.5694e-73
  6440  3.3314e-73
  6441  2.7021e-73
  6444  2.6515e-73
  6447  2.1328e-73
  6448  1.9785e-73
  6451  1.7337e-73
  6452  1.6807e-73
  6454  1.7201e-73
  6455  1.7446e-73
  6458  1.5198e-73
  6461  1.5788e-73
  6462  1.2768e-73
  6463  1.2961e-73
  6464  1.2222e-73
  6465  1.2477e-73
  6466  1.1961e-73
  6468  1.1234e-73
  6469  1.1853e-73
  6472  9.6810e-74
  6475  1.0577e-73
  6477  9.4147e-74
  6479  9.6787e-74
  6481  9.7442e-74
  6482  8.8626e-74
  6485  9.6614e-74
  6488  1.0344e-73
  6489  9.2129e-74
  6490  9.2659e-74
  6491  8.0277e-74
  6492  7.0865e-74
  6494  6.5993e-74
  6496  5.4654e-74
  6499  5.2371e-74
  6502  5.5739e-74
  6504  4.8892e-74
  6505  4.5075e-74
  6507  4.8583e-74
  6510  5.2194e-74
  6511  4.9318e-74
  6513  4.0972e-74
  6516  4.3752e-74
  6519  3.7067e-74
  6521  3.8450e-74
  6523  3.6591e-74
  6524  3.0210e-74
  6526  3.0903e-74
  6529  2.5930e-74
  6530  2.7605e-74
  6531  2.3761e-74
  6533  2.2915e-74
  6534  2.4940e-74
  6535  2.7418e-74
  6537  2.5611e-74
  6540  2.4540e-74
  6542  2.1739e-74
  6543  1.8161e-74
  6546  1.9670e-74
  6547  1.6417e-74
  6548  1.6271e-74
  6551  1.3356e-74
  6552  1.1945e-74
  6553  1.0096e-74
  6555  1.0654e-74
  6558  1.0051e-74
  6560  8.1438e-75
  6563  8.4352e-75
  6564  7.6076e-75
  6567  8.0383e-75
  6568  7.4782e-75
  6570  7.9901e-75
  6571  7.5478e-75
  6573  6.6432e-75
  6576  6.6098e-75
  6578  5.3905e-75
  6579  5.6898e-75
  6582  6.0885e-75
  6585  4.9586e-75
  6587  4.9052e-75
  6588  4.3365e-75
  6591  4.5992e-75
  6592  3.8302e-75
  6593  3.9710e-75
  6595  3.6903e-75
  6596  3.8062e-75
  6599  4.1835e-75
  6602  3.4220e-75
  6604  3.0086e-75
  6605  2.8531e-75
  6606  2.9222e-75
  6607  2.7327e-75
  6608  2.4467e-75
  6610  2.3458e-75
  6613  2.2638e-75
  6614  1.9398e-75
  6617  1.8664e-75
  6618  1.7268e-75
  6619  1.4431e-75
  6621  1.5652e-75
  6622  1.6172e-75
  6624  1.3068e-75
  6626  1.0795e-75
  6627  1.1125e-75
  6628  1.0282e-75
  6629  8.7463e-76
  6631  8.2150e-76
  6634  8.6281e-76
  6636  8.2824e-76
  6639  7.6946e-76
  6642  8.0587e-76
  6643  8.0730e-76
  6646  8.5996e-76
  6647  7.7424e-76
  6648  6.2534e-76
  6649  6.3425e-76
  6651  5.8247e-76
  6654  4.8180e-76
  6656  5.1989e-76
  6659  5.5132e-76
  6662  4.5661e-76
  6664  4.1902e-76
  6666  3.4627e-76
  6668  3.1606e-76
  6670  3.0513e-76
  6673  2.6039e-76
  6674  2.7249e-76
  6675  2.7913e-76
  6678  2.9681e-76
  6681  2.4928e-76
  6682  2.2599e-76
  6683  2.3334e-76
  6686  2.0037e-76
  6688  2.1017e-76
  6690  1.9526e-76
  6692  2.0625e-76
  6694  1.7121e-76
  6697  1.4970e-76
  6698  1.4293e-76
  6701  1.1983e-76
  6704  1.3169e-76
  6707  1.1947e-76
  6708  9.7139e-77
  6711  9.5354e-77
  6714  7.8784e-77
  6717  7.5471e-77
  6720  7.7760e-77
  6721  6.4063e-77
  6723  5.2218e-77
  6726  4.6395e-77
  6729  3.8061e-77
  6731  3.4253e-77
  6734  2.9354e-77
  6736  2.7335e-77
  6737  2.5910e-77
  6738  2.3814e-77
  6740  2.2066e-77
  6741  2.2284e-77
  6743  1.8108e-77
  6745  1.5940e-77
  6747  1.4304e-77
  6750  1.4472e-77
  6751  1.5269e-77
  6753  1.3654e-77
  6756  1.2101e-77
  6758  1.0761e-77
  6761  9.7873e-78
  6762  9.3533e-78
  6764  8.3151e-78
  6766  7.7841e-78
  6768  8.4389e-78
  6769  6.9205e-78
  6770  6.7408e-78
  6771  6.5331e-78
  6772  7.1553e-78
  6773  7.7091e-78
  6775  7.7067e-78
  6776  7.5946e-78
  6779  8.2727e-78
  6780  6.6426e-78
  6782  5.3913e-78
  6783  5.0406e-78
  6786  4.5021e-78
  6787  4.7751e-78
  6790  4.6657e-78
  6793  4.8285e-78
  6795  4.6369e-78
  6797  4.9617e-78
  6800  4.5145e-78
  6802  4.8742e-78
  6805  4.6088e-78
  6808  4.1832e-78
  6810  4.4282e-78
  6811  3.9165e-78
  6812  3.6117e-78
  6815  3.6942e-78
  6817  3.6880e-78
  6819  3.8765e-78
  6822  4.2429e-78
  6825  4.2994e-78
  6827  3.4583e-78
  6829  3.7469e-78
  6832  3.3556e-78
  6833  3.5264e-78
  6835  3.2458e-78
  6838  3.3377e-78
  6839  2.8219e-78
  6842  2.6774e-78
  6845  2.4998e-78
  6847  2.5913e-78
  6850  2.7358e-78
  6853  2.9463e-78
  6856  2.5628e-78
  6858  2.3820e-78
  6861  2.5039e-78
  6863  2.5711e-78
  6864  2.6389e-78
  6867  2.2870e-78
  6869  1.8625e-78
  6872  1.9751e-78
  6873  1.7121e-78
  6876  1.7674e-78
  6877  1.5405e-78
  6878  1.6549e-78
  6880  1.7775e-78
  6883  1.5068e-78
  6885  1.5906e-78
  6887  1.5116e-78
  6890  1.3675e-78
  6893  1.4478e-78
  6895  1.4751e-78
  6898  1.3375e-78
  6899  1.4584e-78
  6901  1.5687e-78
  6903  1.5412e-78
  6906  1.6645e-78
  6907  1.4589e-78
  6910  1.2489e-78
  6913  1.3507e-78
  6916  1.2655e-78
  6918  1.1442e-78
  6919  1.2303e-78
  6920  9.8926e-79
  6923  9.7054e-79
  6925  8.8810e-79
  6926  9.6495e-79
  6928  9.4398e-79
  6930  8.7586e-79
  6933  8.3138e-79
  6936  8.1557e-79
  6938  8.3598e-79
  6939  7.1144e-79
  6940  7.7640e-79
  6942  7.8535e-79
  6944  7.0082e-79
  6945  5.8413e-79
  6947  5.6973e-79
  6948  4.6003e-79
  6949  4.3469e-79
  6950  3.8172e-79
  6953  3.3682e-79
  6954  3.7002e-79
  6955  3.5314e-79
  6957  2.8461e-79
  6960  2.8588e-79
  6961  2.5255e-79
  6963  2.0887e-79
  6965  1.9176e-79
  6966  2.0007e-79
  6967  2.0972e-79
  6968  2.2210e-79
  6969  2.2309e-79
  6972  2.1904e-79
  6974  2.0237e-79
  6977  2.2045e-79
  6978  2.2900e-79
  6979  1.9202e-79
  6981  1.6580e-79
  6983  1.7705e-79
  6984  1.7467e-79
  6987  1.7626e-79
  6990  1.5967e-79
  6993  1.4248e-79
  6995  1.4994e-79
  6996  1.5604e-79
  6997  1.3977e-79
  6999  1.2431e-79
  7002  1.0954e-79
  7003  1.1249e-79
  7006  9.1764e-80
  7008  1.0027e-79
  7011  8.5176e-80
  7014  7.6555e-80
  7015  7.8329e-80
  7016  7.8011e-80
  7019  8.0328e-80
  7022  8.0078e-80
  7025  8.2306e-80
  7028  8.1570e-80
  7030  7.6490e-80
  7031  6.2577e-80
  7032  6.6521e-80
  7035  7.2758e-80
  7036  7.0039e-80
  7038  6.2591e-80
  7039  5.7911e-80
  7042  5.3032e-80
  7043  5.2120e-80
  7046  5.5492e-80
  7047  5.8215e-80
  7048  5.4266e-80
  7050  4.9452e-80
  7052  5.2103e-80
  7055  4.4093e-80
  7056  4.6741e-80
  7058  5.0182e-80
  7061  4.9172e-80
  7063  4.8413e-80
  7064  4.3009e-80
  7065  4.5804e-80
  7068  4.2387e-80
  7071  4.6380e-80
  7073  4.6458e-80
  7074  5.0613e-80
  7077  4.2755e-80
  7078  3.9382e-80
  7081  3.9544e-80
  7084  3.2647e-80
  7086  3.5667e-80
  7089  3.8714e-80
  7091  3.5683e-80
  7092  3.8696e-80
  7093  3.2534e-80
  7094  3.3741e-80
  7097  3.5097e-80
  7100  2.9098e-80
  7103  2.5591e-80
  7105  2.4904e-80
  7108  2.0133e-80
  7110  1.9643e-80
  7112  2.0954e-80
  7113  2.2905e-80
  7116  2.4185e-80
  7117  1.9450e-80
  7119  1.8872e-80
  7122  1.9065e-80
  7123  1.6047e-80
  7124  1.7577e-80
  7127  1.9290e-80
  7130  1.5490e-80
  7131  1.5329e-80
  7134  1.5126e-80
  7136  1.4203e-80
  7138  1.3927e-80
  7139  1.3289e-80
  7141  1.0900e-80
  7144  1.0388e-80
  7145  8.6918e-81
  7147  8.1145e-81
  7149  7.1028e-81
  7151  6.2986e-81
  7152  5.0612e-81
  7154  4.9348e-81
  7155  4.6830e-81
  7158  4.5759e-81
  7160  4.4509e-81
  7163  4.6175e-81
  7165  4.5640e-81
  7168  4.6312e-81
  7169  4.2858e-81
  7172  3.6456e-81
  7175  3.0889e-81
  7178  2.8145e-81
  7179  2.4882e-81
  7182  2.4796e-81
  7185  2.4296e-81
  7187  1.9984e-81
  7189  1.9617e-81
  7190  1.7166e-81
  7191  1.5077e-81
  7192  1.2443e-81
  7193  1.1905e-81
  7196  1.3025e-81
  7198  1.1397e-81
  7199  9.8746e-82
  7201  1.0291e-81
  7202  8.3533e-82
  7203  8.7166e-82
  7206  7.9343e-82
  7208  6.8773e-82
  7211  5.8754e-82
  7212  5.6998e-82
  7213  5.2061e-82
  7216  5.7066e-82
  7219  5.8055e-82
  7222  6.2304e-82
  7225  6.0778e-82
  7226  5.1353e-82
  7227  4.9460e-82
  7229  4.0586e-82
  7230  3.5243e-82
  7231  3.7030e-82
  7233  3.8482e-82
  7234  4.0667e-82
  7235  3.9794e-82
  7236  4.2876e-82
  7239  3.8010e-82
  7242  3.5365e-82
  7243  3.3363e-82
  7245  3.0650e-82
  7247  2.9934e-82
  7250  2.5725e-82
  7253  2.5121e-82
  7254  2.7106e-82
  7255  2.4408e-82
  7256  2.6014e-82
  7257  2.3503e-82
  7260  2.2357e-82
  7261  2.2363e-82
  7263  2.2838e-82
  7266  2.1030e-82
  7269  2.0548e-82
  7271  1.6619e-82
  7272  1.4768e-82
  7273  1.6019e-82
  7274  1.7577e-82
  7277  1.5942e-82
  7278  1.7249e-82
  7280  1.8901e-82
  7282  1.6295e-82
  7284  1.4901e-82
  7287  1.5506e-82
  7288  1.6551e-82
  7290  1.7307e-82
  7291  1.5895e-82
  7294  1.6163e-82
  7295  1.5021e-82
  7297  1.3447e-82
  7300  1.1229e-82
  7303  1.0536e-82
  7304  8.9182e-83
  7307  9.7435e-83
  7309  1.0486e-82
  7312  9.0765e-83
  7315  7.6984e-83
  7318  7.7284e-83
  7320  7.4636e-83
  7322  6.4921e-83
  7324  5.2215e-83
  7325  5.3984e-83
  7327  4.7928e-83
  7328  4.7132e-83
  7329  3.9226e-83
  7330  3.3973e-83
  7333  3.5605e-83
  7336  3.7995e-83
  7339  3.5329e-83
  7342  3.7017e-83
  7345  3.8893e-83
  7348  3.4035e-83
  7350  3.6599e-83
  7353  3.3897e-83
  7355  2.7610e-83
  7357  2.5627e-83
  7359  2.0979e-83
  7361  1.6810e-83
  7364  1.5522e-83
  7367  1.6386e-83
  7370  1.4980e-83
  7371  1.6047e-83
  7373  1.4339e-83
  7376  1.4078e-83
  7378  1.3362e-83
  7381  1.1246e-83
  7384  9.0351e-84
  7386  8.1162e-84
  7389  8.6976e-84
  7391  8.9025e-84
  7394  8.3107e-84
  7396  7.3176e-84
  7398  6.2367e-84
  7399  6.6454e-84
  7400  5.7475e-84
  7402  5.0985e-84
  7404  4.7791e-84
  7405  4.6429e-84
  7408  4.6587e-84
  7409  5.0939e-84
  7411  4.4272e-84
  7414  3.7414e-84
  7417  3.1414e-84
  7418  3.3023e-84
  7419  2.9894e-84
  7421  3.1791e-84
  7422  2.8533e-84
  7425  2.4724e-84
  7426  2.3181e-84
  7428  1.8977e-84
  7429  1.8492e-84
  7432  1.5253e-84
  7433  1.2682e-84
  7436  1.2951e-84
  7437  1.1904e-84
  7438  1.1487e-84
  7439  1.0921e-84
  7440  1.1803e-84
  7443  1.1627e-84
  7446  9.4134e-85
  7448  8.7903e-85
  7451  7.1078e-85
  7453  6.8243e-85
  7455  7.0859e-85
  7456  5.8038e-85
  7459  5.5992e-85
  7461  4.5371e-85
  7464  3.8815e-85
  7466  4.2093e-85
  7468  4.0784e-85
  7469  3.7510e-85
  7470  3.8259e-85
  7471  3.8548e-85
  7473  3.9860e-85
  7475  4.2730e-85
  7478  4.5017e-85
  7481  4.0026e-85
  7482  3.5053e-85
  7483  3.5795e-85
  7486  2.9101e-85
  7488  2.7516e-85
  7489  2.4280e-85
  7491  2.0981e-85
  7492  2.2332e-85
  7493  1.9733e-85
  7495  2.1089e-85
  7496  1.7321e-85
  7497  1.4972e-85
  7500  1.5864e-85
  7502  1.4837e-85
  7503  1.5576e-85
  7505  1.4952e-85
  7506  1.5721e-85
  7507  1.5927e-85
  7508  1.4720e-85
  7511  1.1878e-85
  7514  1.2319e-85
  7515  1.2924e-85
  7516  1.2222e-85
  7517  1.1200e-85
  7519  1.1669e-85
  7522  1.2688e-85
  7523  1.1246e-85
  7525  1.0194e-85
  7528  9.6226e-86
  7529  1.0518e-85
  7532  9.4747e-86
  7534  8.3902e-86
  7537  8.4454e-86
  7539  8.7574e-86
  7541  7.9759e-86
  7544  8.6907e-86
  7546  8.2609e-86
  7549  6.8654e-86
  7550  6.0415e-86
  7551  6.6405e-86
  7554  6.5672e-86
  7556  6.4265e-86
  7559  6.6997e-86
  7560  6.0361e-86
  7563  4.9787e-86
  7564  4.7796e-86
  7566  4.1612e-86
  7568  3.8029e-86
  7569  3.9063e-86
  7571  4.1984e-86
  7573  3.8300e-86
  7576  4.1559e-86
  7577  4.5536e-86
  7578  4.8917e-86
  7581  4.4666e-86
  7583  3.9662e-86
  7584  3.4043e-86
  7587  3.7425e-86
  7589  3.1372e-86
  7591  3.1322e-86
  7594  3.3571e-86
  7595  3.0500e-86
  7597  2.9878e-86
  7600  3.1490e-86
  7602  3.2298e-86
  7603  3.1952e-86
  7604  3.3479e-86
  7606  3.2860e-86
  7607  3.4730e-86
  7610  3.0686e-86
  7611  2.4567e-86
  7612  2.3473e-86
  7613  2.0364e-86
  7615  1.6393e-86
  7617  1.7979e-86
  7619  1.8317e-86
  7620  1.5746e-86
  7623  1.4561e-86
  7624  1.5271e-86
  7626  1.5423e-86
  7627  1.3077e-86
  7628  1.1376e-86
  7630  1.1250e-86
  7632  9.3512e-87
  7633  8.2450e-87
  7634  8.6523e-87
  7637  8.8393e-87
  7638  8.0791e-87
  7640  6.5950e-87
  7643  6.2592e-87
  7645  5.6610e-87
  7648  4.9636e-87
  7649  4.3221e-87
  7650  3.6728e-87
  7653  3.4977e-87
  7656  3.0731e-87
  7657  3.2759e-87
  7658  3.5731e-87
  7660  2.9858e-87
  7663  3.1882e-87
  7666  2.8578e-87
  7668  2.3979e-87
  7671  1.9548e-87
  7672  2.0766e-87
  7675  1.7860e-87
  7678  1.6105e-87
  7679  1.7637e-87
  7682  1.4293e-87
  7684  1.2236e-87
  7687  1.0502e-87
  7689  9.3197e-88
  7691  1.0006e-87
  7692  9.8079e-88
  7693  9.5690e-88
  7694  8.3103e-88
  7695  7.5884e-88
  7698  7.6275e-88
  7701  8.3473e-88
  7703  8.2444e-88
  7704  7.6335e-88
  7705  7.1126e-88
  7708  7.7482e-88
  7709  7.9319e-88
  7710  7.5431e-88
  7713  7.0006e-88
  7714  5.6009e-88
  7717  5.0334e-88
  7719  5.2045e-88
  7721  4.6248e-88
  7723  4.1610e-88
  7725  4.0663e-88
  7727  4.1683e-88
  7730  4.3626e-88
  7731  3.6291e-88
  7733  3.9438e-88
  7734  3.5257e-88
  7736  3.7473e-88
  7739  3.2590e-88
  7740  2.6503e-88
  7743  2.4801e-88
  7745  2.6312e-88
  7748  2.5979e-88
  7750  2.5124e-88
  7753  2.2475e-88
  7754  1.8826e-88
  7757  1.9124e-88
  7758  2.0507e-88
  7761  2.1380e-88
  7762  2.0195e-88
  7764  2.0412e-88
  7766  1.8211e-88
  7769  1.7047e-88
  7770  1.8003e-88
  7773  1.5925e-88
  7775  1.4825e-88
  7776  1.3236e-88
  7777  1.2266e-88
  7780  1.2111e-88
  7782  1.3088e-88
  7785  1.1589e-88
  7788  1.0093e-88
  7789  1.0216e-88
  7792  1.0479e-88
  7794  8.7018e-89
  7797  9.0711e-89
  7799  8.4228e-89
  7801  8.9450e-89
  7802  8.2420e-89
  7805  8.7760e-89
  7806  7.2159e-89
  7809  6.6886e-89
  7810  6.1059e-89
  7811  6.4140e-89
  7812  5.6752e-89
  7814  5.7626e-89
  7815  5.0294e-89
  7816  4.1810e-89
  7818  3.6410e-89
  7820  3.3139e-89
  7821  3.6053e-89
  7822  3.0800e-89
  7824  2.9993e-89
  7826  2.7870e-89
  7828  2.5856e-89
  7830  2.8091e-89
  7832  2.7415e-89
  7835  2.5472e-89
  7836  2.7229e-89
  7837  2.3326e-89
  7838  2.4197e-89
  7839  2.2061e-89
  7840  2.1883e-89
  7842  2.3837e-89
  7843  2.3828e-89
  7846  2.5736e-89
  7848  2.1324e-89
  7851  2.3121e-89
  7854  2.1755e-89
  7856  2.1923e-89
  7857  2.0028e-89
  7858  1.9147e-89
  7861  1.8239e-89
  7862  1.5492e-89
  7865  1.5569e-89
  7868  1.2557e-89
  7870  1.0384e-89
  7873  8.3076e-90
  7874  8.6711e-90
  7875  8.9664e-90
  7877  8.1064e-90
  7878  7.4296e-90
  7879  6.2805e-90
  7882  6.1046e-90
  7885  6.0013e-90
  7886  5.2261e-90
  7887  4.2221e-90
  7888  3.9553e-90
  7890  4.1439e-90
  7892  4.0896e-90
  7893  3.6013e-90
  7895  3.7142e-90
  7897  3.3461e-90
  7899  3.6293e-90
  7902  3.9578e-90
  7905  4.2857e-90
  7907  3.9988e-90
  7908  3.2853e-90
  7911  3.0032e-90
  7914  2.5998e-90
  7916  2.2939e-90
  7918  2.0117e-90
  7921  1.8513e-90
  7923  1.9112e-90
  7925  1.8805e-90
  7926  1.7495e-90
  7929  1.8953e-90
  7930  1.6266e-90
  7931  1.5118e-90
  7933  1.2937e-90
  7934  1.0943e-90
  7937  1.0753e-90
  7940  1.1807e-90
  7941  1.0086e-90
  7944  1.0834e-90
  7947  9.8384e-91
  7949  1.0327e-90
  7952  9.9500e-91
  7953  1.0362e-90
  7955  1.0522e-90
  7958  1.0806e-90
  7959  9.8222e-91
  7962  8.6133e-91
  7963  8.3443e-91
  7965  9.0682e-91
  7966  7.2969e-91
  7969  6.3482e-91
  7972  6.3806e-91
  7973  6.6242e-91
  7975  6.4549e-91
  7977  6.6679e-91
  7980  7.2071e-91
  7982  6.4816e-91
  7984  6.5604e-91
  7985  7.0696e-91
  7987  7.6279e-91
  7988  7.2598e-91
  7991  6.1477e-91
  7993  6.5807e-91
  7996  6.7570e-91
  7999  7.0383e-91
  8002  5.9726e-91
  8005  5.0917e-91
  8007  4.3468e-91
  8008  4.0575e-91
  8010  3.2634e-91
  8013  2.8500e-91
  8014  3.0974e-91
  8016  2.5398e-91
  8018  2.5190e-91
  8019  2.6791e-91
  8020  2.8641e-91
  8021  2.2967e-91
  8022  2.0093e-91
  8023  1.9262e-91
  8026  1.5914e-91
  8027  1.5939e-91
  8028  1.2813e-91
  8029  1.3015e-91
  8030  1.1715e-91
  8032  1.1677e-91
  8033  1.0271e-91
  8034  9.8129e-92
  8035  1.0137e-91
  8038  8.9693e-92
  8040  8.5666e-92
  8041  8.4853e-92
  8044  8.2126e-92
  8046  8.1894e-92
  8048  6.7455e-92
  8049  6.0470e-92
  8052  4.9819e-92
  8055  4.7259e-92
  8057  4.3297e-92
  8059  4.0470e-92
  8062  3.6591e-92
  8065  3.6806e-92
  8066  3.4147e-92
  8068  3.2498e-92
  8069  3.1542e-92
  8071  2.9778e-92
  8072  2.5559e-92
  8074  2.7579e-92
  8076  2.7501e-92
  8079  2.8486e-92
  8081  2.9002e-92
  8083  3.0953e-92
  8086  2.6246e-92
  8087  2.3749e-92
  8088  2.4275e-92
  8089  2.0038e-92
  8091  1.8653e-92
  8093  1.5488e-92
  8095  1.4535e-92
  8097  1.5338e-92
  8100  1.6799e-92
  8102  1.4242e-92
  8105  1.5023e-92
  8108  1.5011e-92
  8109  1.2494e-92
  8111  1.2143e-92
  8114  1.2791e-92
  8116  1.3976e-92
  8117  1.4665e-92
  8120  1.2123e-92
  8123  1.2895e-92
  8126  1.3544e-92
  8128  1.2890e-92
  8130  1.2316e-92
  8132  1.1676e-92
  8135  1.1263e-92
  8138  9.5771e-93
  8141  9.7085e-93
  8143  9.8468e-93
  8144  1.0745e-92
  8147  1.0807e-92
  8148  8.6847e-93
  8151  7.2535e-93
  8154  6.1102e-93
  8155  5.8585e-93
  8156  5.0344e-93
  8159  4.5821e-93
  8162  4.4823e-93
  8165  3.6628e-93
  8166  3.9408e-93
  8168  3.3035e-93
  8171  2.7810e-93
  8174  2.6500e-93
  8176  2.1519e-93
  8179  1.7638e-93
  8182  1.5743e-93
  8183  1.3815e-93
  8184  1.3567e-93
  8185  1.2805e-93
  8188  1.1868e-93
  8190  1.1783e-93
  8193  1.1844e-93
  8194  1.2748e-93
  8195  1.3597e-93
  8198  1.2228e-93
  8200  1.0930e-93
  8201  9.6786e-94
  8203  8.7976e-94
  8204  8.5531e-94
  8207  9.2432e-94
  8209  9.5266e-94
  8211  7.7373e-94
  8213  8.5109e-94
  8215  7.1430e-94
  8217  6.9760e-94
  8219  6.2735e-94
  8220  5.1757e-94
  8221  5.6513e-94
  8222  5.6122e-94
  8224  5.1957e-94
  8227  4.4030e-94
  8230  4.5789e-94
  8231  4.2035e-94
  8234  3.5670e-94
  8237  3.1928e-94
  8239  2.7752e-94
  8242  2.3904e-94
  8243  2.4973e-94
  8246  2.6427e-94
  8247  2.1251e-94
  8249  2.0491e-94
  8252  2.1726e-94
  8254  1.8706e-94
  8257  1.9573e-94
  8259  2.0615e-94
  8262  1.9496e-94
  8263  1.5815e-94
  8265  1.3240e-94
  8266  1.1517e-94
  8268  1.1110e-94
  8271  9.8891e-95
  8273  1.0198e-94
  8275  9.7686e-95
  8276  1.0273e-94
  8277  1.0108e-94
  8279  9.8147e-95
  8280  1.0639e-94
  8281  1.0288e-94
  8283  8.3439e-95
  8284  7.8337e-95
  8286  8.6019e-95
  8287  7.7626e-95
  8290  8.0011e-95
  8291  6.9976e-95
  8293  6.1289e-95
  8294  5.2810e-95
  8295  4.3682e-95
  8298  3.5292e-95
  8299  3.0563e-95
  8302  2.4513e-95
  8303  2.5585e-95
  8306  2.6519e-95
  8307  2.6906e-95
  8309  2.4751e-95
  8310  2.1634e-95
  8313  1.9450e-95
  8314  1.8326e-95
  8317  1.6158e-95
  8318  1.4748e-95
  8320  1.3094e-95
  8322  1.1041e-95
  8323  9.4215e-96
  8325  9.8373e-96
  8326  7.9000e-96
  8328  7.7823e-96
  8331  7.2640e-96
  8334  6.1713e-96
  8336  5.5847e-96
  8339  6.0698e-96
  8341  5.1180e-96
  8344  5.0002e-96
  8345  4.5278e-96
  8346  4.3702e-96
  8348  3.7351e-96
  8351  3.2019e-96
  8353  2.6733e-96
  8354  2.5420e-96
  8357  2.7833e-96
  8360  3.0597e-96
  8361  3.2547e-96
  8363  3.0098e-96
  8366  3.2277e-96
  8369  3.4750e-96
  8372  3.1687e-96
  8375  3.2312e-96
  8377  3.4464e-96
  8379  3.2799e-96
  8380  3.0932e-96
  8381  2.5592e-96
  8384  2.1956e-96
  8385  1.7585e-96
  8388  1.8686e-96
  8391  1.7349e-96
  8393  1.6283e-96
  8396  1.6088e-96
  8397  1.3802e-96
  8400  1.2334e-96
  8403  1.0245e-96
  8406  9.5547e-97
  8409  7.7028e-97
  8410  7.8953e-97
  8412  7.8555e-97
  8413  7.2472e-97
  8414  6.6479e-97
  8416  6.5001e-97
  8417  5.3982e-97
  8418  5.3606e-97
  8420  5.5682e-97
  8422  5.4867e-97
  8424  5.4636e-97
  8427  5.1563e-97
  8430  4.9972e-97
  8432  5.4940e-97
  8435  4.5172e-97
  8438  4.5889e-97
  8441  4.2369e-97
  8442  3.4007e-97
  8444  3.4134e-97
  8446  3.2821e-97
  8447  3.3632e-97
  8448  2.7124e-97
  8449  2.9511e-97
  8452  2.7249e-97
  8455  2.5208e-97
  8457  2.5662e-97
  8458  2.7107e-97
  8459  2.9626e-97
  8462  3.0158e-97
  8465  2.8992e-97
  8467  2.6039e-97
  8468  2.8063e-97
  8469  2.4557e-97
  8471  2.5487e-97
  8472  2.7459e-97
  8473  2.3348e-97
  8476  2.3879e-97
  8477  2.2009e-97
  8480  1.9829e-97
  8483  1.8824e-97
  8486  1.6753e-97
  8487  1.4848e-97
  8490  1.3906e-97
  8491  1.3306e-97
  8493  1.3424e-97
  8495  1.1934e-97
  8497  1.0488e-97
  8500  8.9788e-98
  8502  9.0783e-98
  8505  7.3661e-98
  8507  6.2223e-98
  8509  5.8564e-98
  8510  5.7058e-98
  8511  6.1358e-98
  8513  6.4648e-98
  8515  6.8202e-98
  8517  6.0539e-98
  8520  6.5646e-98
  8522  5.9842e-98
  8523  5.7888e-98
  8525  6.1615e-98
  8528  6.7773e-98
  8530  6.9882e-98
  8531  5.8222e-98
  8534  5.9127e-98
  8536  6.2115e-98
  8537  5.4740e-98
  8539  4.6488e-98
  8541  4.5549e-98
  8544  4.9550e-98
  8545  4.0986e-98
  8547  3.8735e-98
  8550  4.1283e-98
  8552  4.3105e-98
  8554  4.5542e-98
  8555  4.2581e-98
  8556  3.4080e-98
  8558  3.0585e-98
  8559  2.4909e-98
  8560  2.5321e-98
  8563  2.6610e-98
  8564  2.6821e-98
  8567  2.3068e-98
  8570  2.1440e-98
  8572  2.2813e-98
  8575  1.9713e-98
  8576  1.5872e-98
  8578  1.7286e-98
  8579  1.4289e-98
  8581  1.2537e-98
  8582  1.0759e-98
  8584  1.0503e-98
  8585  8.5439e-99
  8587  7.5412e-99
  8588  6.6251e-99
  8590  5.9797e-99
  8592  5.6804e-99
  8593  4.9458e-99
  8595  4.8685e-99
  8596  4.8612e-99
  8599  4.7285e-99
  8600  3.8923e-99
  8603  4.0291e-99
  8606  3.8434e-99
  8607  3.9359e-99
  8608  4.0907e-99
  8609  3.5474e-99
  8612  2.9825e-99
  8615  2.9392e-99
  8617  2.5995e-99
  8618  2.7886e-99
  8621  2.3386e-99
  8624  2.0307e-99
  8626  2.2246e-99
  8629  2.3528e-99
  8632  2.2191e-99
  8635  2.2923e-99
  8636  2.0336e-99
  8638  1.7485e-99
  8641  1.4496e-99
  8643  1.5733e-99
  8645  1.2786e-99
  8648  1.2784e-99
  8651  1.1367e-99
  8652  9.5128e-100
  8655  8.0072e-100
  8658  8.5214e-100
  8659  8.0228e-100
  8660  7.7307e-100
  8662  6.8962e-100
  8665  5.7485e-100
  8667  6.2554e-100
  8669  5.9607e-100
  8671  5.0524e-100
  8673  5.3155e-100
  8676  5.6397e-100
  8678  5.1385e-100
  8680  5.0247e-100
  8683  4.8798e-100
  8686  4.5852e-100
  8687  4.0665e-100
  8689  3.5369e-100
  8691  3.2923e-100
  8694  3.4693e-100
  8696  3.3724e-100
  8699  2.9370e-100
  8700  2.7335e-100
  8701  2.8520e-100
  8704  2.4305e-100
  8705  2.0239e-100
  8707  1.8118e-100
  8708  1.7258e-100
  8710  1.8412e-100
  8711  1.6337e-100
  8713  1.3689e-100
  8716  1.4337e-100
  8717  1.2871e-100
  8719  1.0440e-100
  8720  1.0720e-100
  8723  1.0211e-100
  8725  9.2764e-101
  8728  7.5447e-101
  8729  8.0973e-101
  8731  7.9863e-101
  8733  7.6371e-101
  8736  8.0033e-101
  8738  8.0752e-101
  8740  7.2889e-101
  8743  6.2054e-101
  8745  6.2912e-101
  8747  5.8742e-101
  8750  6.3955e-101
  8751  5.4778e-101
  8754  5.3331e-101
  8755  4.3843e-101
  8758  3.5395e-101
  8761  3.3052e-101
  8763  2.6974e-101
  8766  2.6707e-101
  8767  2.7057e-101
  8769  2.7765e-101
  8772  2.7990e-101
  8773  3.0631e-101
  8776  2.8736e-101
  8779  2.3511e-101
  8780  2.4898e-101
  8783  2.3948e-101
  8786  1.9819e-101
  8789  1.6125e-101
  8792  1.5516e-101
  8794  1.3981e-101
  8796  1.5245e-101
  8799  1.4198e-101
  8801  1.2205e-101
  8804  1.0098e-101
  8806  8.2500e-102
  8807  8.1591e-102
  8808  7.0384e-102
  8810  6.9348e-102
  8813  6.4260e-102
  8815  7.0164e-102
  8816  7.0545e-102
  8818  6.1636e-102
  8820  5.1362e-102
  8821  5.5622e-102
  8824  5.5819e-102
  8826  5.7617e-102
  8829  6.2049e-102
  8831  5.5132e-102
  8832  4.8881e-102
  8834  4.6361e-102
  8836  3.9364e-102
  8837  3.8419e-102
  8838  3.3168e-102
  8840  3.0091e-102
  8843  3.1640e-102
  8845  2.8941e-102
  8847  2.6092e-102
  8850  2.3004e-102
  8852  2.3324e-102
  8853  2.5076e-102
  8854  2.2239e-102
  8856  1.8368e-102
  8857  1.5002e-102
  8859  1.3255e-102
  8861  1.4112e-102
  8862  1.3827e-102
  8863  1.1342e-102
  8864  9.2248e-103
  8866  7.7312e-103
  8869  6.8376e-103
  8871  5.5580e-103
  8873  4.6777e-103
  8874  4.4904e-103
  8877  3.6804e-103
  8878  3.9154e-103
  8881  3.6800e-103
  8884  3.3596e-103
  8887  2.8655e-103
  8888  2.3298e-103
  8890  2.5237e-103
  8891  2.5271e-103
  8892  2.1738e-103
  8895  1.9659e-103
  8897  1.7258e-103
  8898  1.4928e-103
  8900  1.4363e-103
  8903  1.1906e-103
  8905  1.2516e-103
  8906  1.0813e-103
  8909  1.0130e-103
  8911  1.0914e-103
  8913  1.1023e-103
  8915  1.1634e-103
  8918  1.1662e-103
  8919  1.1167e-103
  8920  1.0938e-103
  8923  1.1677e-103
  8924  1.0559e-103
  8925  1.0841e-103
  8927  9.2004e-104
  8928  8.5614e-104
  8931  7.4847e-104
  8934  7.1442e-104
  8937  7.7126e-104
  8940  7.0410e-104
  8942  6.6357e-104
  8944  7.0894e-104
  8947  5.8376e-104
  8950  4.8744e-104
  8951  4.8758e-104
  8954  4.4816e-104
  8955  3.7203e-104
  8956  3.4011e-104
  8957  3.3045e-104
  8958  3.3991e-104
  8960  2.8323e-104
  8963  2.9356e-104
  8965  2.5123e-104
  8967  2.4865e-104
  8968  2.2240e-104
  8969  2.2670e-104
  8970  2.0997e-104
  8972  2.1322e-104
  8973  2.1537e-104
  8975  2.2530e-104
  8976  2.0678e-104
  8977  1.9022e-104
  8980  1.7060e-104
  8981  1.5447e-104
  8983  1.5589e-104
  8984  1.3044e-104
  8987  1.0499e-104
  8990  1.0994e-104
  8993  1.0332e-104
  8994  1.0576e-104
  8997  1.0598e-104
  8998  1.1047e-104
  9000  9.8353e-105
  9002  9.7064e-105
  9004  8.2103e-105
  9005  7.1376e-105
  9006  6.2998e-105
  9009  6.0078e-105
  9010  5.9075e-105
  9013  5.5573e-105
  9015  4.5156e-105
  9017  4.0780e-105
  9019  3.4024e-105
  9020  2.8523e-105
  9022  2.2917e-105
  9025  2.0196e-105
  9026  1.8085e-105
  9028  1.7124e-105
  9030  1.4078e-105
  9031  1.4899e-105
  9033  1.3579e-105
  9036  1.2543e-105
  9037  1.3744e-105
  9038  1.1297e-105
  9039  1.0386e-105
  9042  9.7060e-106
  9043  8.1529e-106
  9045  7.4297e-106
  9046  7.7440e-106
  9049  7.4133e-106
  9051  7.5963e-106
  9052  6.8390e-106
  9054  6.2475e-106
  9056  6.1741e-106
  9058  5.0740e-106
  9061  4.6452e-106
  9062  4.2760e-106
  9063  3.5806e-106
  9065  3.0628e-106
  9068  2.8878e-106
  9070  2.5085e-106
  9071  2.6914e-106
  9072  2.6415e-106
  9075  2.1615e-106
  9078  2.3631e-106
  9081  2.3520e-106
  9083  2.5560e-106
  9086  2.0811e-106
  9088  1.8458e-106
  9091  1.8583e-106
  9092  1.7062e-106
  9093  1.7309e-106
  9094  1.6742e-106
  9095  1.7901e-106
  9097  1.5885e-106
  9098  1.3415e-106
  9099  1.3043e-106
  9102  1.0689e-106
  9105  1.1614e-106
  9108  1.0676e-106
  9111  1.0139e-106
  9113  9.2778e-107
  9115  1.0138e-106
  9116  9.6540e-107
  9117  1.0499e-106
  9118  9.4763e-107
  9121  8.8389e-107
  9123  8.5927e-107
  9126  8.8821e-107
  9129  9.5920e-107
  9132  9.7698e-107
  9133  9.3871e-107
  9134  8.2406e-107
  9137  8.8226e-107
  9140  9.6264e-107
  9143  9.3318e-107
  9144  8.6026e-107
  9145  9.4413e-107
  9146  9.9901e-107
  9148  1.0586e-106
  9149  1.0241e-106
  9152  9.7528e-107
  9154  8.3861e-107
  9157  8.2737e-107
  9159  7.2975e-107
  9161  7.5787e-107
  9162  6.7735e-107
  9164  5.8699e-107
  9165  5.3023e-107
  9168  4.7305e-107
  9169  4.4240e-107
  9172  4.8528e-107
  9174  5.2318e-107
  9177  4.7605e-107
  9178  4.3790e-107
  9179  3.7798e-107
  9182  3.7632e-107
  9183  4.0879e-107
  9186  4.4184e-107
  9187  3.8853e-107
  9188  3.4683e-107
  9191  3.4421e-107
  9194  3.6040e-107
  9197  2.9406e-107
  9200  2.6849e-107
  9203  2.1688e-107
  9206  1.9870e-107
  9208  1.7768e-107
  9210  1.5424e-107
  9211  1.4355e-107
  9212  1.4393e-107
  9214  1.5160e-107
  9217  1.5529e-107
  9219  1.3491e-107
  9221  1.3718e-107
  9224  1.4980e-107
  9227  1.4068e-107
  9228  1.2422e-107
  9230  1.1680e-107
  9231  1.2033e-107
  9234  1.0406e-107
  9236  1.1444e-107
  9237  9.8847e-108
  9240  9.3696e-108
  9242  7.7067e-108
  9243  7.2551e-108
  9245  6.4177e-108
  9247  6.8692e-108
  9250  6.7548e-108
  9251  6.7430e-108
  9253  7.3508e-108
  9254  6.9985e-108
  9257  6.7032e-108
  9260  6.1290e-108
  9261  6.5557e-108
  9264  7.0841e-108
  9266  7.2266e-108
  9269  7.4913e-108
  9272  7.8805e-108
  9275  7.4588e-108
  9277  7.7760e-108
  9278  6.3668e-108
  9280  6.7969e-108
  9281  7.2928e-108
  9283  6.5893e-108
  9285  6.7504e-108
  9287  5.9459e-108
  9289  6.4142e-108
  9290  5.7809e-108
  9292  5.1789e-108
  9293  4.6465e-108
  9295  3.8365e-108
  9296  3.4770e-108
  9298  3.4071e-108
  9301  3.3020e-108
  9302  3.1021e-108
  9305  2.6139e-108
  9307  2.4638e-108
  9310  2.0802e-108
  9313  2.2571e-108
  9314  1.9813e-108
  9315  2.1448e-108
  9316  2.2073e-108
  9317  2.3442e-108
  9319  2.2567e-108
  9320  2.3884e-108
  9323  2.4665e-108
  9324  2.0834e-108
  9325  1.7312e-108
  9328  1.8687e-108
  9331  1.9341e-108
  9334  1.9852e-108
  9336  2.0106e-108
  9339  2.0141e-108
  9342  2.0361e-108
  9343  1.7676e-108
  9344  1.7392e-108
  9346  1.6372e-108
  9347  1.4767e-108
  9350  1.2563e-108
  9351  1.2445e-108
  9352  1.2613e-108
  9354  1.1677e-108
  9356  1.1345e-108
  9359  1.1337e-108
  9362  1.0851e-108
  9365  8.9362e-109
  9367  9.4260e-109
  9369  8.5671e-109
  9371  9.1883e-109
  9373  8.6358e-109
  9374  7.1924e-109
  9375  5.9856e-109
  9377  5.5901e-109
  9379  4.7186e-109
  9381  4.0395e-109
  9382  3.7041e-109
  9384  3.6822e-109
  9387  3.8336e-109
  9390  4.1426e-109
  9393  3.5644e-109
  9394  3.6783e-109
  9397  3.6572e-109
  9398  3.4037e-109
  9400  3.6457e-109
  9402  2.9649e-109
  9405  2.9517e-109
  9407  2.4582e-109
  9410  2.2825e-109
  9412  2.4351e-109
  9413  2.4715e-109
  9416  2.1355e-109
  9417  1.7412e-109
  9419  1.8120e-109
  9422  1.6515e-109
  9424  1.5834e-109
  9427  1.3615e-109
  9429  1.1280e-109
  9431  1.2401e-109
  9432  1.0472e-109
  9435  8.6638e-110
  9437  7.0872e-110
  9440  6.4231e-110
  9442  5.5942e-110
  9445  4.7073e-110
  9446  4.9335e-110
  9449  4.7423e-110
  9452  3.8790e-110
  9454  4.2211e-110
  9457  4.3957e-110
  9460  4.3824e-110
  9462  4.6048e-110
  9464  4.2027e-110
  9465  3.8815e-110
  9466  4.0924e-110
  9467  4.2912e-110
  9469  3.7627e-110
  9472  3.3130e-110
  9474  3.3782e-110
  9475  3.7111e-110
  9477  3.8804e-110
  9479  3.1776e-110
  9480  2.6070e-110
  9482  2.7807e-110
  9484  2.5928e-110
  9486  2.2824e-110
  9489  2.3758e-110
  9490  2.4996e-110
  9492  2.1237e-110
  9495  1.9714e-110
  9496  1.8086e-110
  9499  1.8943e-110
  9502  1.9966e-110
  9504  1.6050e-110
  9506  1.6869e-110
  9509  1.8001e-110
  9510  1.8418e-110
  9512  1.9048e-110
  9514  1.7800e-110
  9515  1.8636e-110
  9516  1.6488e-110
  9517  1.7826e-110
  9519  1.8056e-110
  9522  1.7726e-110
  9523  1.6446e-110
  9526  1.7600e-110
  9527  1.8572e-110
  9530  1.6245e-110
  9533  1.4445e-110
  9535  1.5713e-110
  9536  1.2773e-110
  9538  1.2374e-110
  9541  1.1654e-110
  9543  1.0167e-110
  9546  1.0185e-110
  9547  8.4225e-111
  9548  7.1320e-111
  9551  6.1393e-111
  9553  5.4320e-111
  9555  5.2518e-111
  9556  4.7913e-111
  9557  4.8373e-111
  9558  5.0554e-111
  9560  4.7137e-111
  9562  5.0682e-111
  9564  4.4414e-111
  9566  4.6132e-111
  9569  4.3763e-111
  9571  4.5075e-111
  9574  4.0189e-111
  9576  4.1287e-111
  9578  3.8408e-111
  9579  3.3192e-111
  9582  3.0673e-111
  9583  3.2686e-111
  9586  2.8767e-111
  9587  2.7526e-111
  9590  2.8750e-111
  9591  2.6146e-111
  9594  2.2765e-111
  9595  1.8910e-111
  9598  1.7523e-111
  9600  1.5600e-111
  9601  1.2697e-111
  9602  1.0707e-111
  9605  8.6156e-112
  9608  9.0680e-112
  9609  7.9290e-112
  9611  7.1314e-112
  9613  7.4387e-112
  9616  7.8032e-112
  9619  7.9391e-112
  9622  8.2425e-112
  9623  7.9224e-112
  9625  6.4849e-112
  9627  5.3891e-112
  9629  4.4799e-112
  9630  4.0344e-112
  9631  3.9019e-112
  9633  3.4276e-112
  9636  2.9998e-112
  9638  2.5608e-112
  9639  2.2553e-112
  9642  1.8236e-112
  9645  1.9337e-112
  9647  1.9833e-112
  9648  1.7384e-112
  9649  1.5942e-112
  9652  1.6107e-112
  9654  1.7520e-112
  9656  1.7259e-112
  9658  1.5538e-112
  9661  1.5938e-112
  9663  1.6211e-112
  9664  1.5740e-112
  9667  1.5377e-112
  9669  1.6898e-112
  9671  1.6545e-112
  9673  1.6832e-112
  9675  1.7913e-112
  9678  1.7879e-112
  9680  1.6059e-112
  9681  1.7211e-112
  9683  1.4317e-112
  9684  1.4804e-112
  9686  1.5125e-112
  9689  1.2942e-112
  9691  1.0866e-112
  9692  1.0092e-112
  9693  1.0805e-112
  9696  8.6681e-113
  9697  8.7065e-113
  9699  9.2622e-113
  9700  8.2824e-113
  9703  8.4655e-113
  9705  7.9249e-113
  9706  7.3125e-113
  9708  7.1475e-113
  9709  7.6936e-113
  9712  8.3204e-113
  9714  7.7539e-113
  9717  6.6317e-113
  9720  6.1612e-113
  9721  5.2567e-113
  9724  4.7265e-113
  9725  3.8273e-113
  9727  3.4232e-113
  9730  3.2106e-113
  9731  3.0592e-113
  9733  3.1617e-113
  9734  2.6693e-113
  9736  2.4615e-113
  9737  2.3252e-113
  9739  2.3559e-113
  9742  1.9946e-113
  9745  1.6797e-113
  9747  1.4958e-113
  9750  1.4882e-113
  9753  1.2998e-113
  9754  1.1435e-113
  9756  1.1333e-113
  9758  1.0346e-113
  9760  9.7277e-114
  9761  9.4987e-114
  9762  8.3959e-114
  9763  8.5735e-114
  9765  7.3803e-114
  9766  7.0292e-114
  9767  6.5628e-114
  9770  7.0775e-114
  9771  6.2773e-114
  9774  5.9668e-114
  9777  5.4575e-114
  9778  5.3661e-114
  9781  5.4602e-114
  9782  4.7147e-114
  9784  5.1181e-114
  9785  4.2369e-114
  9786  3.9253e-114
  9788  4.2252e-114
  9791  3.3934e-114
  9792  3.0506e-114
  9793  2.4912e-114
  9795  2.6656e-114
  9797  2.3247e-114
  9799  2.2568e-114
  9801  2.2837e-114
  9803  2.4020e-114
  9805  1.9879e-114
  9807  1.8757e-114
  9808  1.7897e-114
  9809  1.4443e-114
  9810  1.3049e-114
  9812  1.0522e-114
  9814  1.0911e-114
  9815  1.0008e-114
  9818  1.0621e-114
  9820  1.0464e-114
  9822  1.1342e-114
  9823  9.2125e-115
  9826  7.5817e-115
  9829  7.8285e-115
  9832  6.8293e-115
  9835  6.5386e-115
  9838  6.6298e-115
  9840  6.5974e-115
  9841  5.4332e-115
  9844  5.8300e-115
  9845  5.1044e-115
  9848  4.6648e-115
  9851  5.0289e-115
  9853  4.1775e-115
  9856  3.3806e-115
  9858  3.6597e-115
  9860  3.2478e-115
  9863  2.6089e-115
  9864  2.7196e-115
  9866  2.3560e-115
  9868  2.0318e-115
  9870  2.1376e-115
  9873  1.8983e-115
  9876  1.6695e-115
  9877  1.4400e-115
  9878  1.1687e-115
  9879  9.9068e-116
  9881  1.0688e-115
  9883  8.9478e-116
  9886  7.4529e-116
  9888  6.3033e-116
  9891  5.4280e-116
  9893  5.5991e-116
  9894  4.5007e-116
  9895  4.5371e-116
  9898  4.5301e-116
  9899  4.2602e-116
  9902  4.1559e-116
  9903  4.3916e-116
  9906  4.7874e-116
  9908  5.1005e-116
  9909  5.0450e-116
  9911  5.2377e-116
  9913  4.9531e-116
  9915  4.7694e-116
  9917  3.8884e-116
  9920  3.8274e-116
  9921  3.6467e-116
  9922  3.6821e-116
  9924  3.3732e-116
  9926  2.7974e-116
  9928  2.8927e-116
  9929  3.1208e-116
  9930  2.8398e-116
  9933  2.3081e-116
  9936  1.9824e-116
  9938  1.9112e-116
  9941  1.5930e-116
  9942  1.4535e-116
  9945  1.2261e-116
  9948  1.3179e-116
  9951  1.0560e-116
  9952  1.1268e-116
  9954  1.1268e-116
  9956  1.1799e-116
  9959  1.2038e-116
  9960  1.1460e-116
  9962  1.0446e-116
  9963  1.1465e-116
  9964  1.1819e-116
  9966  1.2345e-116
  9967  1.2076e-116
  9968  9.8494e-117
  9971  9.9021e-117
  9972  9.2386e-117
  9973  7.6758e-117
  9975  6.8687e-117
  9976  5.5463e-117
  9979  4.7747e-117
  9981  4.3588e-117
  9984  4.3714e-117
  9987  3.7979e-117
  9989  3.9421e-117
  9992  3.6528e-117
  9993  3.7089e-117
  9994  3.9445e-117
  9997  3.3835e-117
  9999  2.9397e-117
