     1  1.0000e+02
     3  1.0692e+02
     4  9.1352e+01
     6  1.0031e+02
     7  9.2883e+01
     8  9.3720e+01
    10  8.0944e+01
    11  6.7664e+01
    13  6.0460e+01
    14  4.9219e+01
    15  4.8722e+01
    17  4.4716e+01
    19  3.9048e+01
    22  3.5848e+01
    23  2.8762e+01
    24  3.1632e+01
    27  3.0118e+01
    30  2.7789e+01
    32  2.4573e+01
    34  2.1885e+01
    37  1.7581e+01
    38  1.8116e+01
    41  1.8702e+01
    43  1.9739e+01
    45  1.8063e+01
    46  1.6225e+01
    48  1.3262e+01
    49  1.2957e+01
    51  1.4080e+01
    53  1.2034e+01
    55  1.0462e+01
    58  1.0666e+01
    61  9.8808e+00
    62  1.0478e+01
    64  1.0278e+01
    67  8.6123e+00
    68  8.7314e+00
    71  7.1935e+00
    72  6.2176e+00
    73  5.8164e+00
    75  5.5602e+00
    78  5.7861e+00
    80  5.1840e+00
    83  5.0242e+00
    85  4.5846e+00
    88  4.0893e+00
    91  4.2585e+00
    93  3.9505e+00
    96  3.1659e+00
    99  2.9634e+00
   102  3.0128e+00
   105  2.9444e+00
   107  2.8865e+00
   110  2.5408e+00
   113  2.3956e+00
   116  2.4174e+00
   118  2.4616e+00
   121  2.5234e+00
   124  2.1488e+00
   126  2.0837e+00
   127  2.2014e+00
   128  2.1357e+00
   129  1.7641e+00
   132  1.5169e+00
   135  1.4852e+00
   138  1.5478e+00
   139  1.3392e+00
   141  1.1645e+00
   142  1.2620e+00
   144  1.0266e+00
   147  9.5854e-01
   148  1.0457e+00
   149  1.0866e+00
   150  9.2158e-01
   153  9.4541e-01
   155  1.0044e+00
   156  8.9651e-01
   157  9.6995e-01
   159  1.0056e+00
   160  8.6460e-01
   162  9.3113e-01
   165  8.5900e-01
   168  9.2151e-01
   169  8.6661e-01
   172  8.7272e-01
   175  7.1517e-01
   177  7.7883e-01
   179  7.1606e-01
   181  7.6958e-01
   182  6.5483e-01
   183  6.9704e-01
   186  6.1951e-01
   187  5.0698e-01
   189  4.3678e-01
   190  3.6232e-01
   192  3.9573e-01
   193  3.8891e-01
   196  3.3898e-01
   197  3.1157e-01
   200  3.0563e-01
   202  2.5237e-01
   205  2.3923e-01
   207  2.0626e-01
   208  1.7587e-01
   210  1.5467e-01
   211  1.2618e-01
   213  1.3281e-01
   215  1.1430e-01
   218  1.0187e-01
   220  9.1439e-02
   221  8.9234e-02
   222  7.1528e-02
   223  7.2158e-02
   226  6.5222e-02
   229  6.9096e-02
   231  6.2732e-02
   234  5.6761e-02
   236  5.7424e-02
   239  5.8524e-02
   240  5.7643e-02
   242  5.7189e-02
   243  5.1895e-02
   245  4.9819e-02
   248  5.1465e-02
   251  5.4836e-02
   252  5.9291e-02
   254  5.0019e-02
   255  4.0053e-02
   256  3.5010e-02
   257  3.6610e-02
   259  3.3662e-02
   261  2.8712e-02
   263  2.5250e-02
   266  2.4691e-02
   269  2.5090e-02
   270  2.2017e-02
   271  2.3928e-02
   272  2.1200e-02
   275  1.9846e-02
   278  2.1457e-02
   279  2.0300e-02
   280  1.8904e-02
   282  1.7533e-02
   285  1.4955e-02
   288  1.5822e-02
   290  1.6076e-02
   293  1.6753e-02
   296  1.5282e-02
   298  1.2738e-02
   301  1.3465e-02
   303  1.2724e-02
   305  1.2723e-02
   307  1.1519e-02
   310  1.1244e-02
   312  1.0040e-02
   313  1.0277e-02
   315  1.0435e-02
   317  8.8821e-03
   318  8.0775e-03
   320  8.0034e-03
   321  6.8281e-03
   324  5.9827e-03
   325  5.4173e-03
   326  4.3533e-03
   327  3.9533e-03
   329  4.2788e-03
   331  3.7995e-03
   334  3.3390e-03
   337  3.4810e-03
   338  2.8545e-03
   341  3.0141e-03
   344  3.2012e-03
   346  3.4090e-03
   348  3.0459e-03
   349  2.5855e-03
   352  2.5732e-03
   353  2.2628e-03
   355  2.0889e-03
   356  1.8093e-03
   359  1.8356e-03
   362  1.4757e-03
   363  1.3195e-03
   364  1.1510e-03
   365  1.1407e-03
   367  1.1703e-03
   370  1.0913e-03
   373  9.6211e-04
   376  7.9205e-04
   378  7.6662e-04
   379  6.3445e-04
   382  5.5751e-04
   384  5.9118e-04
   386  5.1414e-04
   387  5.3804e-04
   388  4.3349e-04
   391  3.7952e-04
   394  3.7295e-04
   396  3.5049e-04
   399  2.8472e-04
   400  2.8144e-04
   403  2.5491e-04
   405  2.6452e-04
   407  2.1236e-04
   410  2.2842e-04
   412  2.4325e-04
   414  2.3687e-04
   416  1.9084e-04
   419  1.7626e-04
   421  1.4139e-04
   423  1.2123e-04
   426  1.1340e-04
   429  1.0058e-04
   431  9.5915e-05
   434  9.0068e-05
   437  9.2279e-05
   438  8.8066e-05
   441  9.6854e-05
   444  7.8468e-05
   447  7.8128e-05
   449  6.4387e-05
   452  5.1528e-05
   454  4.6062e-05
   457  4.8604e-05
   459  4.1946e-05
   461  4.5070e-05
   464  4.3101e-05
   465  4.4525e-05
   466  3.8526e-05
   469  4.1267e-05
   472  3.7768e-05
   474  4.0530e-05
   477  3.8791e-05
   478  4.2516e-05
   481  4.5349e-05
   484  4.3231e-05
   485  4.0841e-05
   488  3.9209e-05
   489  3.8855e-05
   492  3.4738e-05
   494  3.7520e-05
   496  3.3577e-05
   498  3.4348e-05
   499  3.7103e-05
   502  3.3226e-05
   503  3.0841e-05
   504  3.0453e-05
   506  2.4628e-05
   509  2.1573e-05
   510  2.2329e-05
   513  2.0161e-05
   514  1.8742e-05
   515  1.6272e-05
   517  1.4879e-05
   519  1.5233e-05
   522  1.2790e-05
   524  1.0653e-05
   527  1.0597e-05
   528  1.1305e-05
   529  9.6456e-06
   530  9.1646e-06
   531  8.2339e-06
   533  7.2906e-06
   534  6.5720e-06
   536  5.4534e-06
   539  5.7127e-06
   541  6.0004e-06
   542  6.4173e-06
   544  6.7959e-06
   545  7.1441e-06
   548  6.5952e-06
   551  5.9152e-06
   553  5.5290e-06
   554  5.2576e-06
   556  4.8280e-06
   557  4.9673e-06
   559  4.5411e-06
   561  4.4101e-06
   564  4.5767e-06
   567  3.9386e-06
   570  4.1273e-06
   573  4.4752e-06
   575  4.2101e-06
   577  3.5182e-06
   578  3.2393e-06
   580  3.4698e-06
   582  2.9660e-06
   583  2.7784e-06
   585  2.4646e-06
   586  2.6346e-06
   587  2.8049e-06
   588  2.5435e-06
   590  2.6310e-06
   592  2.5705e-06
   593  2.4296e-06
   595  2.4879e-06
   597  2.1048e-06
   599  2.2438e-06
   601  2.3974e-06
   602  2.5106e-06
   603  2.2385e-06
   606  1.8489e-06
   609  1.4796e-06
   612  1.5606e-06
   614  1.3085e-06
   617  1.3226e-06
   618  1.1982e-06
   621  1.3033e-06
   623  1.2813e-06
   626  1.1531e-06
   628  9.2610e-07
   630  7.4899e-07
   633  7.4974e-07
   635  7.2000e-07
   636  7.7014e-07
   638  7.0994e-07
   641  7.1132e-07
   644  6.4753e-07
   645  7.0183e-07
   647  7.1180e-07
   649  7.2324e-07
   651  7.0949e-07
   654  6.9669e-07
   655  7.3556e-07
   657  6.4213e-07
   659  5.8724e-07
   660  6.0096e-07
   661  5.2973e-07
   664  4.8140e-07
   665  5.1389e-07
   668  4.2149e-07
   670  4.2433e-07
   671  4.0699e-07
   674  4.0139e-07
   675  4.3572e-07
   678  4.1998e-07
   680  3.5646e-07
   681  3.3026e-07
   684  2.9399e-07
   685  2.5735e-07
   688  2.2238e-07
   689  2.1698e-07
   690  1.8861e-07
   691  1.6244e-07
   692  1.3549e-07
   693  1.2979e-07
   695  1.3215e-07
   698  1.2850e-07
   700  1.0581e-07
   701  1.0653e-07
   704  8.6225e-08
   707  8.5838e-08
   708  8.2844e-08
   711  6.9378e-08
   713  5.7590e-08
   715  5.8699e-08
   716  5.6401e-08
   718  5.7134e-08
   720  4.6004e-08
   722  4.7714e-08
   725  4.3410e-08
   728  4.0676e-08
   729  3.2787e-08
   730  3.4698e-08
   732  2.8122e-08
   734  2.9215e-08
   736  2.5410e-08
   739  2.5231e-08
   741  2.7094e-08
   742  2.5350e-08
   745  2.2963e-08
   746  2.2846e-08
   748  2.1651e-08
   750  2.1415e-08
   753  1.7939e-08
   755  1.5096e-08
   758  1.4709e-08
   760  1.3438e-08
   761  1.2345e-08
   763  1.0967e-08
   764  1.0020e-08
   766  9.3821e-09
   768  1.0098e-08
   769  1.0372e-08
   772  8.9904e-09
   773  7.7880e-09
   776  7.9958e-09
   778  7.6721e-09
   780  8.4138e-09
   781  7.1448e-09
   783  6.3514e-09
   784  5.9170e-09
   786  5.4474e-09
   787  4.7556e-09
   790  4.6965e-09
   791  4.0974e-09
   793  3.5478e-09
   796  3.0176e-09
   798  2.5299e-09
   800  2.5201e-09
   802  2.4768e-09
   805  2.5266e-09
   808  2.2651e-09
   809  2.0416e-09
   810  1.9001e-09
   812  1.5544e-09
   815  1.3657e-09
   818  1.3535e-09
   819  1.4310e-09
   822  1.4404e-09
   823  1.2503e-09
   824  1.1744e-09
   826  1.2600e-09
   828  1.1903e-09
   830  1.0890e-09
   833  1.0614e-09
   836  9.0530e-10
   837  7.9262e-10
   839  7.3614e-10
   841  6.8883e-10
   842  5.5462e-10
   844  4.9597e-10
   846  4.9966e-10
   849  4.2380e-10
   850  3.8543e-10
   853  3.2116e-10
   854  2.7052e-10
   856  2.5241e-10
   858  2.0641e-10
   859  2.0622e-10
   860  1.6968e-10
   863  1.4093e-10
   865  1.3275e-10
   866  1.2844e-10
   869  1.2941e-10
   872  1.3687e-10
   874  1.1030e-10
   877  1.1811e-10
   879  1.1204e-10
   882  1.2126e-10
   885  1.1211e-10
   887  1.1592e-10
   890  1.0674e-10
   891  1.0959e-10
   893  8.8774e-11
   896  7.2175e-11
   899  6.1935e-11
   900  6.6119e-11
   901  5.4105e-11
   902  5.7058e-11
   904  5.2032e-11
   907  4.9341e-11
   910  4.0035e-11
   912  3.4872e-11
   913  3.4572e-11
   914  3.0237e-11
   915  2.6035e-11
   916  2.2131e-11
   917  2.0814e-11
   920  2.0288e-11
   922  1.6414e-11
   923  1.4310e-11
   925  1.2222e-11
   926  1.2137e-11
   927  1.2976e-11
   929  1.1795e-11
   932  1.1951e-11
   935  1.2515e-11
   936  1.1117e-11
   939  8.9084e-12
   941  8.5029e-12
   942  7.5887e-12
   944  7.7567e-12
   946  7.0006e-12
   947  6.9512e-12
   949  7.4489e-12
   951  7.3237e-12
   954  6.2095e-12
   957  6.4723e-12
   958  5.4160e-12
   960  4.6468e-12
   963  4.8424e-12
   966  4.6071e-12
   967  3.7185e-12
   968  3.0854e-12
   969  3.0078e-12
   970  2.5516e-12
   971  2.6892e-12
   974  2.6323e-12
   976  2.6992e-12
   979  2.8197e-12
   980  2.7785e-12
   983  2.5956e-12
   986  2.8180e-12
   988  2.3016e-12
   990  2.0989e-12
   992  1.7486e-12
   993  1.4671e-12
   994  1.3062e-12
   997  1.4048e-12
  1000  1.4732e-12
  1003  1.5355e-12
  1006  1.4013e-12
  1009  1.2001e-12
  1012  1.0457e-12
  1013  9.5312e-13
  1015  8.4317e-13
  1017  7.2284e-13
  1020  7.2612e-13
  1023  6.5815e-13
  1026  6.4359e-13
  1029  5.9805e-13
  1031  5.2693e-13
  1032  5.5991e-13
  1033  5.1681e-13
  1034  5.4342e-13
  1037  5.5331e-13
  1040  5.2384e-13
  1041  5.2880e-13
  1042  4.2622e-13
  1043  4.4364e-13
  1044  3.8293e-13
  1046  3.9779e-13
  1047  4.1074e-13
  1050  3.4592e-13
  1051  3.2865e-13
  1053  2.7426e-13
  1055  2.9356e-13
  1057  2.6194e-13
  1058  2.7448e-13
  1060  2.7601e-13
  1061  2.3741e-13
  1063  1.9969e-13
  1066  1.8289e-13
  1069  1.9138e-13
  1070  1.7609e-13
  1073  1.9278e-13
  1074  1.9640e-13
  1075  1.8092e-13
  1078  1.7083e-13
  1079  1.5471e-13
  1081  1.3692e-13
  1082  1.2569e-13
  1083  1.2148e-13
  1085  1.0119e-13
  1087  8.6771e-14
  1089  7.9571e-14
  1092  7.5444e-14
  1094  6.3269e-14
  1097  5.8293e-14
  1098  5.4942e-14
  1099  5.8301e-14
  1102  5.2947e-14
  1105  5.2247e-14
  1107  4.4328e-14
  1108  4.1171e-14
  1109  3.9515e-14
  1110  3.7385e-14
  1112  3.5269e-14
  1115  3.1631e-14
  1116  2.5329e-14
  1117  2.4053e-14
  1118  2.2153e-14
  1119  1.7902e-14
  1121  1.8277e-14
  1124  1.5922e-14
  1125  1.2933e-14
  1128  1.3187e-14
  1130  1.2481e-14
  1132  1.0620e-14
  1135  8.7662e-15
  1137  8.3537e-15
  1138  8.9510e-15
  1140  9.5231e-15
  1141  8.6030e-15
  1142  8.6209e-15
  1144  8.5272e-15
  1145  8.5179e-15
  1147  8.1702e-15
  1148  7.1443e-15
  1151  7.6462e-15
  1152  7.6506e-15
  1154  6.4097e-15
  1157  6.4405e-15
  1159  6.2428e-15
  1161  5.0380e-15
  1162  4.6811e-15
  1165  5.0491e-15
  1168  5.3672e-15
  1169  5.5226e-15
  1170  4.9371e-15
  1172  5.3954e-15
  1173  5.0209e-15
  1175  4.3666e-15
  1177  4.4295e-15
  1179  4.6996e-15
  1182  4.9013e-15
  1183  4.2203e-15
  1184  3.6088e-15
  1185  3.1946e-15
  1188  2.6952e-15
  1189  2.3536e-15
  1191  1.9147e-15
  1194  1.7736e-15
  1195  1.5880e-15
  1196  1.6550e-15
  1198  1.4819e-15
  1200  1.2396e-15
  1201  1.0768e-15
  1203  8.8221e-16
  1206  9.0469e-16
  1207  9.6510e-16
  1208  1.0401e-15
  1209  8.3291e-16
  1212  8.8110e-16
  1215  8.1700e-16
  1218  8.1549e-16
  1221  7.3716e-16
  1223  7.7788e-16
  1225  7.2520e-16
  1226  7.3977e-16
  1228  7.5647e-16
  1229  8.3113e-16
  1232  9.0018e-16
  1234  8.9881e-16
  1237  8.0860e-16
  1240  8.7179e-16
  1242  8.0658e-16
  1243  7.2362e-16
  1244  6.5347e-16
  1245  6.1857e-16
  1246  6.4269e-16
  1248  6.4311e-16
  1250  5.8633e-16
  1252  5.1489e-16
  1254  4.1506e-16
  1256  3.9760e-16
  1258  3.3009e-16
  1260  3.5212e-16
  1263  3.3968e-16
  1264  3.3807e-16
  1266  3.6123e-16
  1267  3.7218e-16
  1269  3.9091e-16
  1271  3.9298e-16
  1274  3.6086e-16
  1275  3.1909e-16
  1278  3.1780e-16
  1280  2.9517e-16
  1281  2.3710e-16
  1283  2.3361e-16
  1286  1.9010e-16
  1287  2.0725e-16
  1290  1.8399e-16
  1292  1.5823e-16
  1295  1.6146e-16
  1296  1.6870e-16
  1297  1.4503e-16
  1299  1.4304e-16
  1302  1.3461e-16
  1303  1.4500e-16
  1305  1.5280e-16
  1307  1.6390e-16
  1310  1.4258e-16
  1313  1.3121e-16
  1316  1.1017e-16
  1317  9.4234e-17
  1320  8.2795e-17
  1323  8.7937e-17
  1324  7.5557e-17
  1326  7.3409e-17
  1327  5.9655e-17
  1328  5.7868e-17
  1331  6.3338e-17
  1332  5.3746e-17
  1334  4.4663e-17
  1337  4.4298e-17
  1339  4.8597e-17
  1342  4.1332e-17
  1345  3.4897e-17
  1348  3.0116e-17
  1350  2.5790e-17
  1352  2.3191e-17
  1355  2.4487e-17
  1357  2.5594e-17
  1359  2.4646e-17
  1361  2.1360e-17
  1363  2.2918e-17
  1365  2.1935e-17
  1366  1.8823e-17
  1367  1.5779e-17
  1369  1.4196e-17
  1371  1.3710e-17
  1372  1.4361e-17
  1374  1.3553e-17
  1377  1.2843e-17
  1380  1.2299e-17
  1381  1.3273e-17
  1383  1.2367e-17
  1384  1.2313e-17
  1387  1.2964e-17
  1388  1.1603e-17
  1391  9.9156e-18
  1392  1.0409e-17
  1394  8.8704e-18
  1397  9.1916e-18
  1398  9.5567e-18
  1400  1.0040e-17
  1401  8.8872e-18
  1404  9.2842e-18
  1405  1.0120e-17
  1407  1.0692e-17
  1410  1.1016e-17
  1411  9.3450e-18
  1414  8.2375e-18
  1415  7.4942e-18
  1417  7.5720e-18
  1420  6.8614e-18
  1423  6.4983e-18
  1424  7.0043e-18
  1427  7.6326e-18
  1429  7.5462e-18
  1430  6.6179e-18
  1433  5.3289e-18
  1436  4.9587e-18
  1439  4.1741e-18
  1442  4.4717e-18
  1445  3.9082e-18
  1446  3.8305e-18
  1449  4.1043e-18
  1452  3.5941e-18
  1453  3.6775e-18
  1456  3.5050e-18
  1458  3.0279e-18
  1459  3.0514e-18
  1461  2.9789e-18
  1464  3.2594e-18
  1467  2.9340e-18
  1468  2.8363e-18
  1471  2.7370e-18
  1472  2.4927e-18
  1475  2.6644e-18
  1476  2.1388e-18
  1478  1.8514e-18
  1480  2.0242e-18
  1482  1.8463e-18
  1484  1.7174e-18
  1486  1.7070e-18
  1489  1.8133e-18
  1491  1.5997e-18
  1492  1.5430e-18
  1494  1.3357e-18
  1496  1.0947e-18
  1497  1.1074e-18
  1498  1.1668e-18
  1499  1.1023e-18
  1501  9.5975e-19
  1503  7.9459e-19
  1505  7.7218e-19
  1506  7.5466e-19
  1508  7.1272e-19
  1509  5.8451e-19
  1510  4.9088e-19
  1513  4.9804e-19
  1514  5.2943e-19
  1515  5.1513e-19
  1518  4.4262e-19
  1519  4.7325e-19
  1520  4.0629e-19
  1523  4.2246e-19
  1525  4.3360e-19
  1528  3.7366e-19
  1531  3.4206e-19
  1532  3.1033e-19
  1535  3.1733e-19
  1538  2.5947e-19
  1540  2.3750e-19
  1542  2.0214e-19
  1544  1.8520e-19
  1545  1.6777e-19
  1546  1.3818e-19
  1549  1.2655e-19
  1550  1.2683e-19
  1552  1.1918e-19
  1554  1.2488e-19
  1555  1.2635e-19
  1558  1.3325e-19
  1560  1.1865e-19
  1562  1.2716e-19
  1564  1.3280e-19
  1565  1.0892e-19
  1568  1.0518e-19
  1570  8.7179e-20
  1573  7.3929e-20
  1575  7.4453e-20
  1577  6.1111e-20
  1578  6.5840e-20
  1581  5.4721e-20
  1583  5.0757e-20
  1585  4.9655e-20
  1586  5.0585e-20
  1587  4.2230e-20
  1590  3.5125e-20
  1593  2.8258e-20
  1594  2.5231e-20
  1596  2.5235e-20
  1599  2.3338e-20
  1602  2.3376e-20
  1605  1.9863e-20
  1607  1.9905e-20
  1608  1.7562e-20
  1610  1.6738e-20
  1612  1.7252e-20
  1614  1.6789e-20
  1616  1.6890e-20
  1618  1.6852e-20
  1619  1.7375e-20
  1620  1.9092e-20
  1623  2.0821e-20
  1626  2.2442e-20
  1629  2.2561e-20
  1631  2.1800e-20
  1632  2.0184e-20
  1635  2.0859e-20
  1636  2.1897e-20
  1639  2.4028e-20
  1641  2.1216e-20
  1644  1.8136e-20
  1647  1.7870e-20
  1649  1.5198e-20
  1651  1.4431e-20
  1652  1.1916e-20
  1654  1.1783e-20
  1655  9.9864e-21
  1658  1.0610e-20
  1660  1.1164e-20
  1661  1.0845e-20
  1662  1.1099e-20
  1663  1.0298e-20
  1664  9.2052e-21
  1666  8.6623e-21
  1669  9.0855e-21
  1670  8.3649e-21
  1672  7.1213e-21
  1673  6.3934e-21
  1675  6.5781e-21
  1676  5.4743e-21
  1679  5.8024e-21
  1680  5.5628e-21
  1683  5.6292e-21
  1684  5.8615e-21
  1686  4.8100e-21
  1688  5.0189e-21
  1690  4.4801e-21
  1691  4.4171e-21
  1694  4.3046e-21
  1696  4.2262e-21
  1699  4.3125e-21
  1700  3.5718e-21
  1702  2.9496e-21
  1704  2.7548e-21
  1705  2.7245e-21
  1708  2.7708e-21
  1709  2.2388e-21
  1711  2.2066e-21
  1713  2.0509e-21
  1716  1.7033e-21
  1719  1.8576e-21
  1720  1.7136e-21
  1723  1.6041e-21
  1726  1.3117e-21
  1729  1.3246e-21
  1730  1.2121e-21
  1732  1.0990e-21
  1734  1.0731e-21
  1737  1.0386e-21
  1740  8.8218e-22
  1742  9.0086e-22
  1744  8.7504e-22
  1745  7.5947e-22
  1746  7.9335e-22
  1748  8.1173e-22
  1749  8.2872e-22
  1750  7.0538e-22
  1751  7.2246e-22
  1752  6.9043e-22
  1753  6.5400e-22
  1756  7.1579e-22
  1759  6.3680e-22
  1761  5.7393e-22
  1763  6.2034e-22
  1765  5.6336e-22
  1768  5.9014e-22
  1770  5.1026e-22
  1771  5.1572e-22
  1774  5.1227e-22
  1777  4.8616e-22
  1780  4.0908e-22
  1783  3.6248e-22
  1784  3.4541e-22
  1786  3.4509e-22
  1789  2.8013e-22
  1792  2.4591e-22
  1793  2.4675e-22
  1794  2.1443e-22
  1795  1.7317e-22
  1797  1.8412e-22
  1799  1.5118e-22
  1801  1.5476e-22
  1804  1.2776e-22
  1807  1.2401e-22
  1810  1.0865e-22
  1813  1.1615e-22
  1814  1.1382e-22
  1815  1.1372e-22
  1817  9.4266e-23
  1818  9.8030e-23
  1819  8.8262e-23
  1821  7.7859e-23
  1823  8.4999e-23
  1826  9.3084e-23
  1828  8.5210e-23
  1830  7.8424e-23
  1833  6.4594e-23
  1836  5.4190e-23
  1839  4.9307e-23
  1841  4.7132e-23
  1843  4.2871e-23
  1846  3.8339e-23
  1847  3.2216e-23
  1849  3.1055e-23
  1852  2.8434e-23
  1854  2.4501e-23
  1855  2.6127e-23
  1858  2.3766e-23
  1859  2.2001e-23
  1860  1.7619e-23
  1861  1.6634e-23
  1862  1.7650e-23
  1864  1.8405e-23
  1865  1.7155e-23
  1868  1.4987e-23
  1870  1.2104e-23
  1872  1.0272e-23
  1874  1.0976e-23
  1877  9.0081e-24
  1880  8.7829e-24
  1882  7.5455e-24
  1883  8.1238e-24
  1884  8.5959e-24
  1886  7.9429e-24
  1889  7.4523e-24
  1890  8.0123e-24
  1893  7.5974e-24
  1896  6.2497e-24
  1898  6.0281e-24
  1899  5.0548e-24
  1901  5.3372e-24
  1904  4.2889e-24
  1905  3.8749e-24
  1908  3.4230e-24
  1909  2.9397e-24
  1912  3.0149e-24
  1913  2.7541e-24
  1914  2.7854e-24
  1916  3.0064e-24
  1918  3.1353e-24
  1919  2.9914e-24
  1920  2.7384e-24
  1922  2.9690e-24
  1925  3.0506e-24
  1928  3.2931e-24
  1929  2.7391e-24
  1932  2.1967e-24
  1934  2.0026e-24
  1937  2.1335e-24
  1940  1.8698e-24
  1942  1.6516e-24
  1944  1.7545e-24
  1946  1.4326e-24
  1947  1.2584e-24
  1948  1.2584e-24
  1950  1.3085e-24
  1953  1.2696e-24
  1955  1.2889e-24
  1957  1.2563e-24
  1959  1.1068e-24
  1961  1.0155e-24
  1962  1.0469e-24
  1963  1.0347e-24
  1965  9.6556e-25
  1967  9.0579e-25
  1970  9.1790e-25
  1973  8.4351e-25
  1975  7.0519e-25
  1976  7.3689e-25
  1978  6.1009e-25
  1981  6.2183e-25
  1983  5.2191e-25
  1986  4.4980e-25
  1987  4.8478e-25
  1988  4.7807e-25
  1991  4.0713e-25
  1994  3.9940e-25
  1997  4.1121e-25
  1998  3.4043e-25
  2000  3.1184e-25
  2001  2.6772e-25
  2002  2.7064e-25
  2004  2.4407e-25
  2007  2.4404e-25
  2010  2.2151e-25
  2012  2.3569e-25
  2013  2.0998e-25
  2014  1.9339e-25
  2016  1.7928e-25
  2017  1.6625e-25
  2019  1.4182e-25
  2022  1.2087e-25
  2024  1.2173e-25
  2026  1.0406e-25
  2027  1.1100e-25
  2028  1.1685e-25
  2030  1.2323e-25
  2031  1.1539e-25
  2033  1.2227e-25
  2035  1.1596e-25
  2038  1.1501e-25
  2041  1.2328e-25
  2043  9.9235e-26
  2046  8.7335e-26
  2047  8.1883e-26
  2048  6.9034e-26
  2050  6.8354e-26
  2053  6.3220e-26
  2054  5.4831e-26
  2056  5.4210e-26
  2059  5.7039e-26
  2061  6.1568e-26
  2062  6.2004e-26
  2065  5.4360e-26
  2067  5.3000e-26
  2068  5.1975e-26
  2069  5.5970e-26
  2071  5.1018e-26
  2073  4.3253e-26
  2076  4.2815e-26
  2077  4.4958e-26
  2080  4.4519e-26
  2081  3.6074e-26
  2083  3.8683e-26
  2085  4.2478e-26
  2087  4.5281e-26
  2090  3.7605e-26
  2093  4.1040e-26
  2095  3.7100e-26
  2096  3.9444e-26
  2099  3.5948e-26
  2101  3.3475e-26
  2103  2.9745e-26
  2104  3.2459e-26
  2105  2.9253e-26
  2106  2.6788e-26
  2107  2.5676e-26
  2110  2.5807e-26
  2112  2.1653e-26
  2114  2.1013e-26
  2115  1.9334e-26
  2118  2.0187e-26
  2121  1.7812e-26
  2124  1.6363e-26
  2126  1.3837e-26
  2128  1.2248e-26
  2129  9.9570e-27
  2130  7.9906e-27
  2132  7.5505e-27
  2134  6.2790e-27
  2136  5.4575e-27
  2138  4.4954e-27
  2140  4.2700e-27
  2141  3.7811e-27
  2143  3.4331e-27
  2145  3.5233e-27
  2147  3.5114e-27
  2150  3.4208e-27
  2153  3.6389e-27
  2154  3.1060e-27
  2155  3.0540e-27
  2157  2.6407e-27
  2158  2.2207e-27
  2161  2.0115e-27
  2163  2.0418e-27
  2166  1.8424e-27
  2169  1.6293e-27
  2172  1.6585e-27
  2174  1.4603e-27
  2176  1.3519e-27
  2179  1.3599e-27
  2180  1.2475e-27
  2181  1.3709e-27
  2184  1.2202e-27
  2186  1.1848e-27
  2187  1.1294e-27
  2189  1.0288e-27
  2190  1.1110e-27
  2192  1.1573e-27
  2194  1.0364e-27
  2195  8.4668e-28
  2197  7.7991e-28
  2199  6.3285e-28
  2200  5.3452e-28
  2201  5.0374e-28
  2204  5.4009e-28
  2206  5.5802e-28
  2207  6.1011e-28
  2209  5.1097e-28
  2210  5.4307e-28
  2213  5.5980e-28
  2214  4.7409e-28
  2215  4.5643e-28
  2217  4.6224e-28
  2220  4.8003e-28
  2222  4.7442e-28
  2224  4.4877e-28
  2227  3.7698e-28
  2229  3.7767e-28
  2230  4.0025e-28
  2232  3.6775e-28
  2233  3.7338e-28
  2236  3.0292e-28
  2237  3.0403e-28
  2240  2.5050e-28
  2241  2.3385e-28
  2242  2.1585e-28
  2243  1.9462e-28
  2246  1.7918e-28
  2248  1.8347e-28
  2251  1.9092e-28
  2253  1.8575e-28
  2254  1.7193e-28
  2257  1.4855e-28
  2258  1.5864e-28
  2259  1.7227e-28
  2261  1.6051e-28
  2263  1.6574e-28
  2265  1.4337e-28
  2266  1.4027e-28
  2267  1.2860e-28
  2268  1.2106e-28
  2271  1.1125e-28
  2272  1.2017e-28
  2274  1.1312e-28
  2275  9.5463e-29
  2278  8.7593e-29
  2281  7.8976e-29
  2282  8.0576e-29
  2283  7.3985e-29
  2284  7.0041e-29
  2286  6.5695e-29
  2289  6.3766e-29
  2291  6.8121e-29
  2293  6.9370e-29
  2296  6.4144e-29
  2297  6.4745e-29
  2300  5.9152e-29
  2302  6.1970e-29
  2305  6.3014e-29
  2308  6.4999e-29
  2310  6.3101e-29
  2311  6.6624e-29
  2312  5.9744e-29
  2315  4.8047e-29
  2316  4.0422e-29
  2318  3.8526e-29
  2320  3.4230e-29
  2323  3.6821e-29
  2324  3.7221e-29
  2326  3.5257e-29
  2327  3.4077e-29
  2330  3.4564e-29
  2332  3.6536e-29
  2334  3.9523e-29
  2337  3.9111e-29
  2339  4.1267e-29
  2341  3.7201e-29
  2343  3.7760e-29
  2345  3.4767e-29
  2347  2.8080e-29
  2350  2.8985e-29
  2352  2.7326e-29
  2353  2.3083e-29
  2356  2.5322e-29
  2359  2.7280e-29
  2362  2.6705e-29
  2363  2.6526e-29
  2365  2.2941e-29
  2368  2.4455e-29
  2370  2.1403e-29
  2373  1.8885e-29
  2376  1.8039e-29
  2377  1.6991e-29
  2380  1.4101e-29
  2381  1.3299e-29
  2383  1.0912e-29
  2386  1.0393e-29
  2389  8.5188e-30
  2390  8.3575e-30
  2392  8.9772e-30
  2394  7.4675e-30
  2397  7.7150e-30
  2400  6.3392e-30
  2402  5.4069e-30
  2404  5.5034e-30
  2407  5.8986e-30
  2409  4.8632e-30
  2411  4.9843e-30
  2414  5.3883e-30
  2415  5.5503e-30
  2416  5.7648e-30
  2419  5.4796e-30
  2422  4.4129e-30
  2423  4.4599e-30
  2424  3.9916e-30
  2426  4.1918e-30
  2428  3.4429e-30
  2430  2.8697e-30
  2431  2.3285e-30
  2432  2.3478e-30
  2433  2.4165e-30
  2436  2.6050e-30
  2439  2.3611e-30
  2442  2.0375e-30
  2445  1.8356e-30
  2446  1.5984e-30
  2447  1.7535e-30
  2448  1.8191e-30
  2449  1.8644e-30
  2451  1.9146e-30
  2452  1.6711e-30
  2454  1.4070e-30
  2456  1.4153e-30
  2459  1.5360e-30
  2461  1.6246e-30
  2463  1.3005e-30
  2464  1.4274e-30
  2465  1.2425e-30
  2468  1.0655e-30
  2469  8.8254e-31
  2471  7.3071e-31
  2473  6.5832e-31
  2474  6.5963e-31
  2477  5.6631e-31
  2478  5.4307e-31
  2481  5.2392e-31
  2484  5.1692e-31
  2485  4.7701e-31
  2488  4.4397e-31
  2490  4.8121e-31
  2491  5.0036e-31
  2493  4.8742e-31
  2494  5.2761e-31
  2496  4.3799e-31
  2498  4.5103e-31
  2500  3.7045e-31
  2501  3.1485e-31
  2503  2.5689e-31
  2505  2.1279e-31
  2508  2.1596e-31
  2511  2.3402e-31
  2512  2.0356e-31
  2513  2.1492e-31
  2515  1.8623e-31
  2517  1.5465e-31
  2520  1.3290e-31
  2522  1.3457e-31
  2525  1.1594e-31
  2526  1.1090e-31
  2529  1.1891e-31
  2532  1.1442e-31
  2534  1.0956e-31
  2536  1.1793e-31
  2538  1.1291e-31
  2541  1.2243e-31
  2544  1.3055e-31
  2546  1.3750e-31
  2549  1.1185e-31
  2551  9.2484e-32
  2554  7.9911e-32
  2556  8.6779e-32
  2559  6.9975e-32
  2560  5.6531e-32
  2563  5.8594e-32
  2565  5.4992e-32
  2567  5.2904e-32
  2569  4.8741e-32
  2570  4.9622e-32
  2573  4.0317e-32
  2576  3.4540e-32
  2579  3.6656e-32
  2580  3.4269e-32
  2581  3.6105e-32
  2583  3.2038e-32
  2584  2.6998e-32
  2586  2.6818e-32
  2588  2.1803e-32
  2591  1.7887e-32
  2594  1.8314e-32
  2595  1.8873e-32
  2598  1.7761e-32
  2600  1.5265e-32
  2602  1.5044e-32
  2604  1.2375e-32
  2607  1.1619e-32
  2610  1.2282e-32
  2612  1.1242e-32
  2613  9.8002e-33
  2615  8.8245e-33
  2617  9.3162e-33
  2618  8.3163e-33
  2619  8.0743e-33
  2622  7.2590e-33
  2623  7.6352e-33
  2624  7.4951e-33
  2625  8.1373e-33
  2626  8.0930e-33
  2629  7.1244e-33
  2632  6.5433e-33
  2634  6.9100e-33
  2637  6.5319e-33
  2640  6.3172e-33
  2643  6.3274e-33
  2644  5.6410e-33
  2646  4.6540e-33
  2648  5.0483e-33
  2651  4.8948e-33
  2652  4.3178e-33
  2655  3.9441e-33
  2658  3.2953e-33
  2660  2.9069e-33
  2663  2.3429e-33
  2666  1.9051e-33
  2669  1.5910e-33
  2672  1.4245e-33
  2674  1.3075e-33
  2675  1.2340e-33
  2676  1.1398e-33
  2679  9.1863e-34
  2682  8.5667e-34
  2685  7.5546e-34
  2688  7.5525e-34
  2691  6.5403e-34
  2692  5.8005e-34
  2693  5.3523e-34
  2694  5.3996e-34
  2696  4.7561e-34
  2699  4.2302e-34
  2702  3.9599e-34
  2704  3.6401e-34
  2706  3.3164e-34
  2707  3.1310e-34
  2710  3.0083e-34
  2711  2.4687e-34
  2713  2.4373e-34
  2714  2.2698e-34
  2717  1.9282e-34
  2718  1.8354e-34
  2719  1.8526e-34
  2721  1.5054e-34
  2724  1.3136e-34
  2727  1.1261e-34
  2729  1.1094e-34
  2730  1.1375e-34
  2731  1.1580e-34
  2733  1.0158e-34
  2734  8.6420e-35
  2735  8.2607e-35
  2736  7.0356e-35
  2737  6.8285e-35
  2738  6.3339e-35
  2740  5.9927e-35
  2741  4.8704e-35
  2744  4.6857e-35
  2745  4.1678e-35
  2748  3.4189e-35
  2750  3.0532e-35
  2751  3.0855e-35
  2752  2.6965e-35
  2755  2.8880e-35
  2758  2.3262e-35
  2759  1.9221e-35
  2760  1.8774e-35
  2762  2.0195e-35
  2765  1.9507e-35
  2766  1.6116e-35
  2769  1.4360e-35
  2771  1.5081e-35
  2774  1.6081e-35
  2776  1.4408e-35
  2779  1.4615e-35
  2782  1.2599e-35
  2784  1.0735e-35
  2787  1.0996e-35
  2788  9.4697e-36
  2789  9.1406e-36
  2790  8.2530e-36
  2791  7.2822e-36
  2793  7.1285e-36
  2795  6.1084e-36
  2797  6.5115e-36
  2799  6.8222e-36
  2802  5.5155e-36
  2805  5.6475e-36
  2808  5.3474e-36
  2810  4.8020e-36
  2811  5.0535e-36
  2814  4.1228e-36
  2815  4.0908e-36
  2816  4.3905e-36
  2817  3.6622e-36
  2818  3.6926e-36
  2821  3.1202e-36
  2823  3.1755e-36
  2826  3.2903e-36
  2828  2.9528e-36
  2829  2.4035e-36
  2830  2.3188e-36
  2831  2.1725e-36
  2833  1.9385e-36
  2834  1.8790e-36
  2837  1.9192e-36
  2840  2.0052e-36
  2842  1.8562e-36
  2844  2.0065e-36
  2845  1.9673e-36
  2847  2.1134e-36
  2849  1.8653e-36
  2852  1.9635e-36
  2855  1.6179e-36
  2856  1.5536e-36
  2859  1.2750e-36
  2862  1.1100e-36
  2865  9.9515e-37
  2867  9.1330e-37
  2868  8.2193e-37
  2870  8.4771e-37
  2871  6.8171e-37
  2873  6.1735e-37
  2875  4.9511e-37
  2878  5.3788e-37
  2880  5.5969e-37
  2882  5.4025e-37
  2884  5.8728e-37
  2885  5.3032e-37
  2888  4.9805e-37
  2890  4.7340e-37
  2891  3.9209e-37
  2893  3.1973e-37
  2894  2.6010e-37
  2897  2.0941e-37
  2899  1.9380e-37
  2900  1.9909e-37
  2901  2.1512e-37
  2902  1.8104e-37
  2904  1.5294e-37
  2907  1.4186e-37
  2909  1.2288e-37
  2911  1.2045e-37
  2913  1.1865e-37
  2914  9.8145e-38
  2916  8.3308e-38
  2918  7.8666e-38
  2919  6.4242e-38
  2922  6.9711e-38
  2924  6.3189e-38
  2927  6.2132e-38
  2928  5.2533e-38
  2931  4.9478e-38
  2933  5.2396e-38
  2934  4.8183e-38
  2936  4.2535e-38
  2939  3.8288e-38
  2941  4.1728e-38
  2944  3.7571e-38
  2947  3.2561e-38
  2949  3.0749e-38
  2950  3.3794e-38
  2953  2.9326e-38
  2954  2.5525e-38
  2955  2.7478e-38
  2958  2.9162e-38
  2960  3.1039e-38
  2961  3.3204e-38
  2963  3.5116e-38
  2966  3.0227e-38
  2969  3.2205e-38
  2972  3.0252e-38
  2974  3.0647e-38
  2976  2.6839e-38
  2979  2.2846e-38
  2981  2.1865e-38
  2983  2.2669e-38
  2985  2.0539e-38
  2988  1.6497e-38
  2990  1.4253e-38
  2992  1.2265e-38
  2995  1.0574e-38
  2998  9.9036e-39
  2999  1.0232e-38
  3000  9.1825e-39
  3003  8.4280e-39
  3005  9.0215e-39
  3006  7.6020e-39
  3007  6.3590e-39
  3009  6.6738e-39
  3012  7.1434e-39
  3013  6.3988e-39
  3016  5.3738e-39
  3018  4.4680e-39
  3021  3.6997e-39
  3022  4.0455e-39
  3025  3.6548e-39
  3026  3.5288e-39
  3027  3.1739e-39
  3029  3.0415e-39
  3031  2.5022e-39
  3032  2.1873e-39
  3033  2.2445e-39
  3035  1.8344e-39
  3038  1.5603e-39
  3041  1.3639e-39
  3042  1.3288e-39
  3043  1.3799e-39
  3044  1.3733e-39
  3045  1.2707e-39
  3047  1.1761e-39
  3049  1.2880e-39
  3051  1.3417e-39
  3052  1.3462e-39
  3054  1.2138e-39
  3057  1.0766e-39
  3058  9.0980e-40
  3059  8.8088e-40
  3061  7.3606e-40
  3064  6.4067e-40
  3066  6.5118e-40
  3069  6.5947e-40
  3070  5.8148e-40
  3072  5.5703e-40
  3075  5.7561e-40
  3077  5.5266e-40
  3080  4.5125e-40
  3082  4.1698e-40
  3083  3.5451e-40
  3085  3.5737e-40
  3087  3.7767e-40
  3089  4.0256e-40
  3090  4.0101e-40
  3092  3.6965e-40
  3093  3.8242e-40
  3096  4.0393e-40
  3098  4.3696e-40
  3100  4.4144e-40
  3102  4.7787e-40
  3105  4.2214e-40
  3107  3.7711e-40
  3108  3.9472e-40
  3111  3.2154e-40
  3114  3.0040e-40
  3117  3.0455e-40
  3118  2.8459e-40
  3119  2.3394e-40
  3122  2.4125e-40
  3125  2.3703e-40
  3126  2.1652e-40
  3128  2.0569e-40
  3130  1.7315e-40
  3133  1.7154e-40
  3136  1.5029e-40
  3139  1.2167e-40
  3141  1.3382e-40
  3144  1.4333e-40
  3146  1.2136e-40
  3149  1.2666e-40
  3151  1.1028e-40
  3153  1.0048e-40
  3155  9.8188e-41
  3157  9.2176e-41
  3160  8.0899e-41
  3161  8.5266e-41
  3162  9.0660e-41
  3164  9.0914e-41
  3167  9.9367e-41
  3170  9.3734e-41
  3173  8.6893e-41
  3176  8.6834e-41
  3177  8.8718e-41
  3180  7.9180e-41
  3181  6.4660e-41
  3183  5.9766e-41
  3184  5.7377e-41
  3185  5.6318e-41
  3187  4.7798e-41
  3188  5.1544e-41
  3189  5.3496e-41
  3190  4.8415e-41
  3191  5.1108e-41
  3192  4.1259e-41
  3193  4.3334e-41
  3196  4.3166e-41
  3197  4.0014e-41
  3199  3.6428e-41
  3200  3.2363e-41
  3203  2.9021e-41
  3205  3.0226e-41
  3206  3.1534e-41
  3208  2.5870e-41
  3209  2.1328e-41
  3210  2.0944e-41
  3212  1.6887e-41
  3213  1.4374e-41
  3216  1.3399e-41
  3219  1.1815e-41
  3220  1.1247e-41
  3221  9.7963e-42
  3223  9.5289e-42
  3225  7.6426e-42
  3228  7.7152e-42
  3229  7.3281e-42
  3231  7.0264e-42
  3234  6.1511e-42
  3235  4.9972e-42
  3238  4.4311e-42
  3240  3.5538e-42
  3243  3.1006e-42
  3245  2.8487e-42
  3248  2.5352e-42
  3249  2.7794e-42
  3251  2.4839e-42
  3254  2.2572e-42
  3257  2.1633e-42
  3260  2.0882e-42
  3263  1.9048e-42
  3265  2.0497e-42
  3267  1.8186e-42
  3268  1.7251e-42
  3271  1.4449e-42
  3273  1.1797e-42
  3274  9.8180e-43
  3277  1.0366e-42
  3279  1.1131e-42
  3281  9.3357e-43
  3284  9.2851e-43
  3287  9.4600e-43
  3290  8.8403e-43
  3292  8.6269e-43
  3294  7.7694e-43
  3296  8.3350e-43
  3299  7.7331e-43
  3302  6.7678e-43
  3303  5.5337e-43
  3304  6.0331e-43
  3305  5.8066e-43
  3306  6.0455e-43
  3309  5.1227e-43
  3312  5.4854e-43
  3313  4.5542e-43
  3314  4.9145e-43
  3316  4.1963e-43
  3318  3.6954e-43
  3319  3.8959e-43
  3320  3.8599e-43
  3322  3.9470e-43
  3323  3.3290e-43
  3326  2.9968e-43
  3328  2.5233e-43
  3329  2.6947e-43
  3331  2.3622e-43
  3333  2.2815e-43
  3336  2.3795e-43
  3339  2.2913e-43
  3342  2.3778e-43
  3345  2.2921e-43
  3348  2.2897e-43
  3351  2.4527e-43
  3353  2.2937e-43
  3354  2.3016e-43
  3357  2.1965e-43
  3360  2.3083e-43
  3362  1.8626e-43
  3365  1.6337e-43
  3366  1.6115e-43
  3368  1.7262e-43
  3369  1.5196e-43
  3371  1.4382e-43
  3372  1.3454e-43
  3375  1.1485e-43
  3377  9.3382e-44
  3378  9.6579e-44
  3379  8.6333e-44
  3380  9.2216e-44
  3382  8.7558e-44
  3385  7.2459e-44
  3386  6.5411e-44
  3388  5.6110e-44
  3391  5.6868e-44
  3392  5.8786e-44
  3394  4.9933e-44
  3396  4.4557e-44
  3397  3.8214e-44
  3398  4.1420e-44
  3400  3.3314e-44
  3402  2.7227e-44
  3405  2.6695e-44
  3408  2.2772e-44
  3409  2.2623e-44
  3410  2.1040e-44
  3412  1.7031e-44
  3415  1.8043e-44
  3417  1.7462e-44
  3418  1.8667e-44
  3421  2.0241e-44
  3423  1.8657e-44
  3426  1.5964e-44
  3428  1.3157e-44
  3429  1.3121e-44
  3431  1.3509e-44
  3432  1.2210e-44
  3433  9.9652e-45
  3435  9.7550e-45
  3436  8.5849e-45
  3437  7.1416e-45
  3439  7.1992e-45
  3442  6.3033e-45
  3444  6.4328e-45
  3447  5.8617e-45
  3448  4.9951e-45
  3451  5.3756e-45
  3453  4.6696e-45
  3455  4.7842e-45
  3456  4.6852e-45
  3459  4.1922e-45
  3462  3.6495e-45
  3464  3.7319e-45
  3466  3.6239e-45
  3467  3.6787e-45
  3470  3.7692e-45
  3472  3.1777e-45
  3474  2.8367e-45
  3476  2.4010e-45
  3477  2.3945e-45
  3480  2.4898e-45
  3481  2.5340e-45
  3482  2.6740e-45
  3483  2.7994e-45
  3485  2.7892e-45
  3488  2.3281e-45
  3491  1.9475e-45
  3494  1.9758e-45
  3497  2.0453e-45
  3498  1.6672e-45
  3500  1.7161e-45
  3503  1.8289e-45
  3504  1.9361e-45
  3506  1.7669e-45
  3508  1.9134e-45
  3511  2.0757e-45
  3513  1.8503e-45
  3514  1.8597e-45
  3517  1.5906e-45
  3519  1.6708e-45
  3520  1.8127e-45
  3522  1.6014e-45
  3523  1.3621e-45
  3524  1.2974e-45
  3525  1.0807e-45
  3527  9.2604e-46
  3530  1.0080e-45
  3531  1.0458e-45
  3534  1.1269e-45
  3535  1.0782e-45
  3538  1.0819e-45
  3540  9.2382e-46
  3541  8.5234e-46
  3542  8.7527e-46
  3545  7.4561e-46
  3547  8.0614e-46
  3550  7.2981e-46
  3552  6.2873e-46
  3555  5.1723e-46
  3556  4.8394e-46
  3557  4.5762e-46
  3560  4.5967e-46
  3562  4.4236e-46
  3564  4.4858e-46
  3566  4.2381e-46
  3569  3.5520e-46
  3570  3.3065e-46
  3572  2.8528e-46
  3575  2.7422e-46
  3576  2.3344e-46
  3579  2.0530e-46
  3580  1.8595e-46
  3583  2.0283e-46
  3584  1.9736e-46
  3585  2.1629e-46
  3586  2.1198e-46
  3589  1.8173e-46
  3592  1.8348e-46
  3594  1.6855e-46
  3596  1.5524e-46
  3597  1.4379e-46
  3600  1.1683e-46
  3601  9.4754e-47
  3603  9.3148e-47
  3604  9.7759e-47
  3605  9.3985e-47
  3608  9.7785e-47
  3609  1.0475e-46
  3612  9.4763e-47
  3615  9.5637e-47
  3617  9.7165e-47
  3620  9.3945e-47
  3621  8.4900e-47
  3623  7.1327e-47
  3626  6.9507e-47
  3627  5.6408e-47
  3629  5.2796e-47
  3632  5.0403e-47
  3633  5.3254e-47
  3636  4.4142e-47
  3637  4.0181e-47
  3639  3.6731e-47
  3640  3.1468e-47
  3641  3.2931e-47
  3642  2.7379e-47
  3644  2.6937e-47
  3646  2.6301e-47
  3647  2.4712e-47
  3650  2.1777e-47
  3651  2.0883e-47
  3653  1.8144e-47
  3655  1.8825e-47
  3656  1.8769e-47
  3657  1.9100e-47
  3660  1.6774e-47
  3661  1.7735e-47
  3663  1.8058e-47
  3666  1.7161e-47
  3668  1.4842e-47
  3671  1.5264e-47
  3672  1.3669e-47
  3674  1.3090e-47
  3677  1.2364e-47
  3678  1.1796e-47
  3680  9.5824e-48
  3682  9.8737e-48
  3683  9.6722e-48
  3685  9.4835e-48
  3687  9.0080e-48
  3688  9.2866e-48
  3689  8.3688e-48
  3692  6.8417e-48
  3693  7.5008e-48
  3694  7.0789e-48
  3695  7.5007e-48
  3696  7.4014e-48
  3698  7.2001e-48
  3701  6.2251e-48
  3704  6.6541e-48
  3705  6.4539e-48
  3707  5.2163e-48
  3710  4.9780e-48
  3712  4.3117e-48
  3715  4.2526e-48
  3718  4.5464e-48
  3721  4.1660e-48
  3724  4.5418e-48
  3726  4.5851e-48
  3729  3.7151e-48
  3732  3.9411e-48
  3733  3.8608e-48
  3736  3.9730e-48
  3739  3.4075e-48
  3740  2.8049e-48
  3741  2.9766e-48
  3743  2.6887e-48
  3745  2.4279e-48
  3746  2.2745e-48
  3749  2.2612e-48
  3751  2.2141e-48
  3752  2.2020e-48
  3753  2.3869e-48
  3755  1.9138e-48
  3757  1.6034e-48
  3758  1.6154e-48
  3760  1.7126e-48
  3763  1.6956e-48
  3766  1.7204e-48
  3767  1.6098e-48
  3770  1.5329e-48
  3773  1.4301e-48
  3774  1.1653e-48
  3777  1.2322e-48
  3778  1.0602e-48
  3779  8.8155e-49
  3781  7.3309e-49
  3783  7.7248e-49
  3785  8.0979e-49
  3787  7.2541e-49
  3789  7.0697e-49
  3791  7.6612e-49
  3794  7.2675e-49
  3795  6.8526e-49
  3797  6.9203e-49
  3799  5.7868e-49
  3800  4.7097e-49
  3803  5.1339e-49
  3804  5.2455e-49
  3806  5.0287e-49
  3808  5.3157e-49
  3811  4.8502e-49
  3813  4.7764e-49
  3815  4.9372e-49
  3816  5.0601e-49
  3818  5.4150e-49
  3821  5.4442e-49
  3823  5.9296e-49
  3824  5.6945e-49
  3827  5.2016e-49
  3828  4.7558e-49
  3831  3.8449e-49
  3834  3.7293e-49
  3837  3.1315e-49
  3840  3.1902e-49
  3841  2.9865e-49
  3844  2.3930e-49
  3847  2.3011e-49
  3849  2.2977e-49
  3850  1.9318e-49
  3852  1.8157e-49
  3853  1.7774e-49
  3856  1.6019e-49
  3858  1.6000e-49
  3859  1.3598e-49
  3861  1.1815e-49
  3863  1.0133e-49
  3865  9.7581e-50
  3866  1.0632e-49
  3868  9.1516e-50
  3871  7.9557e-50
  3873  8.5264e-50
  3876  8.0266e-50
  3877  6.7954e-50
  3880  5.9979e-50
  3883  5.2346e-50
  3884  5.4123e-50
  3887  4.4936e-50
  3889  4.4484e-50
  3891  4.1048e-50
  3893  3.4136e-50
  3894  2.9985e-50
  3895  2.4312e-50
  3896  2.2179e-50
  3897  2.0354e-50
  3899  2.0130e-50
  3900  1.6727e-50
  3903  1.6883e-50
  3906  1.5477e-50
  3907  1.6857e-50
  3908  1.5623e-50
  3911  1.3128e-50
  3912  1.3822e-50
  3913  1.2869e-50
  3916  1.3196e-50
  3917  1.3331e-50
  3919  1.3238e-50
  3922  1.2750e-50
  3925  1.2549e-50
  3926  1.3307e-50
  3927  1.0850e-50
  3929  1.1341e-50
  3932  1.2297e-50
  3933  1.3046e-50
  3936  1.3914e-50
  3937  1.1250e-50
  3940  9.7672e-51
  3941  9.0371e-51
  3943  7.7235e-51
  3946  7.6646e-51
  3949  8.3264e-51
  3950  7.9336e-51
  3953  7.7778e-51
  3954  8.0881e-51
  3956  6.7410e-51
  3957  7.2488e-51
  3960  7.9577e-51
  3962  8.1706e-51
  3964  6.5777e-51
  3966  6.5282e-51
  3968  6.3769e-51
  3969  5.9634e-51
  3971  6.3248e-51
  3974  5.1516e-51
  3976  4.1718e-51
  3977  3.8650e-51
  3978  3.6218e-51
  3980  2.9089e-51
  3981  2.4936e-51
  3983  2.1571e-51
  3984  2.2262e-51
  3987  2.2554e-51
  3989  1.8341e-51
  3992  1.7051e-51
  3993  1.3721e-51
  3994  1.2758e-51
  3995  1.3422e-51
  3997  1.4746e-51
