     1  1.0000e+02
     2  8.7481e+01
     5  7.2505e+01
     8  6.7958e+01
    11  5.4917e+01
    12  4.5516e+01
    15  4.3922e+01
    16  3.5888e+01
    18  3.0761e+01
    21  2.9497e+01
    22  3.0204e+01
    25  2.4945e+01
    27  2.2539e+01
    30  2.1692e+01
    31  1.7584e+01
    33  1.4348e+01
    36  1.1769e+01
    37  9.8952e+00
    39  8.2047e+00
    41  7.1949e+00
    44  7.8344e+00
    45  7.5197e+00
    47  6.8635e+00
    50  5.5404e+00
    52  5.9515e+00
    55  5.1932e+00
    56  5.3933e+00
    59  4.6148e+00
    61  4.0823e+00
    63  3.3102e+00
    66  3.4865e+00
    67  3.3725e+00
    70  3.3996e+00
    73  2.8272e+00
    75  3.1023e+00
    77  3.2468e+00
    78  2.7984e+00
    79  2.7277e+00
    81  2.5534e+00
    84  2.6060e+00
    86  2.2770e+00
    89  2.0658e+00
    91  2.0435e+00
    94  1.6884e+00
    95  1.4443e+00
    96  1.2985e+00
    98  1.1940e+00
   101  9.5679e-01
   102  8.8985e-01
   103  9.5020e-01
   105  1.0415e+00
   108  1.0148e+00
   110  1.0915e+00
   111  8.9119e-01
   112  8.6711e-01
   113  7.8530e-01
   116  6.9094e-01
   119  5.6343e-01
   120  4.8064e-01
   121  5.1100e-01
   124  5.1906e-01
   127  4.3935e-01
   128  4.6264e-01
   131  3.8090e-01
   133  3.8905e-01
   136  3.4692e-01
   139  3.5634e-01
   142  3.5759e-01
   143  3.5837e-01
   145  3.4145e-01
   147  3.4459e-01
   149  3.4082e-01
   150  3.3368e-01
   151  2.7718e-01
   154  2.3174e-01
   156  2.3237e-01
   158  1.9030e-01
   161  1.5395e-01
   162  1.6158e-01
   163  1.3816e-01
   165  1.3410e-01
   167  1.3324e-01
   170  1.4574e-01
   172  1.2325e-01
   174  1.1715e-01
   175  1.1535e-01
   178  1.0480e-01
   180  1.1025e-01
   182  1.1494e-01
   184  1.0445e-01
   186  9.1832e-02
   188  7.8380e-02
   191  8.1186e-02
   194  7.8633e-02
   195  6.5563e-02
   197  6.1698e-02
   199  6.2851e-02
   202  6.0513e-02
   205  6.0988e-02
   208  5.0123e-02
   211  4.3772e-02
   212  4.2755e-02
   214  4.4972e-02
   215  3.8536e-02
   218  3.0903e-02
   220  2.8843e-02
   223  2.3819e-02
   224  2.1805e-02
   225  1.8873e-02
   228  1.7244e-02
   231  1.5141e-02
   232  1.6487e-02
   234  1.4594e-02
   237  1.3564e-02
   239  1.4462e-02
   242  1.4818e-02
   245  1.4211e-02
   247  1.3255e-02
   249  1.1744e-02
   251  1.2654e-02
   252  1.1183e-02
   253  1.1854e-02
   254  1.1988e-02
   256  1.0669e-02
   259  1.0291e-02
   261  8.7311e-03
   262  8.4252e-03
   263  8.8014e-03
   266  9.2768e-03
   268  9.5598e-03
   270  8.6286e-03
   273  8.8822e-03
   274  8.9501e-03
   277  7.8017e-03
   279  8.0749e-03
   282  7.9098e-03
   283  7.1682e-03
   285  7.2632e-03
   287  7.6552e-03
   289  6.2120e-03
   291  6.1882e-03
   294  5.6346e-03
   295  5.1561e-03
   296  4.7925e-03
   299  4.9745e-03
   302  3.9839e-03
   303  4.3525e-03
   304  3.9598e-03
   305  3.5194e-03
   306  3.4291e-03
   309  2.9309e-03
   310  3.0153e-03
   313  2.8142e-03
   314  2.8232e-03
   316  2.9509e-03
   318  2.7427e-03
   319  2.5270e-03
   322  2.2612e-03
   325  2.0052e-03
   327  1.6244e-03
   330  1.4010e-03
   332  1.1625e-03
   335  1.1343e-03
   337  1.0004e-03
   340  1.0875e-03
   341  1.0926e-03
   343  1.0720e-03
   346  9.6906e-04
   347  1.0358e-03
   350  8.3090e-04
   353  8.6987e-04
   355  9.0398e-04
   357  7.9746e-04
   358  7.4435e-04
   361  8.1380e-04
   363  8.6522e-04
   364  8.5373e-04
   366  7.8379e-04
   367  8.0348e-04
   368  7.4203e-04
   369  6.1837e-04
   371  5.6172e-04
   374  4.8900e-04
   375  4.1900e-04
   378  3.5747e-04
   379  3.9163e-04
   381  3.9796e-04
   383  3.2694e-04
   385  3.3494e-04
   388  2.9078e-04
   389  2.7286e-04
   392  2.9267e-04
   394  2.6728e-04
   395  2.5788e-04
   396  2.8241e-04
   398  2.7452e-04
   400  2.2570e-04
   401  2.1455e-04
   402  2.1772e-04
   404  2.1646e-04
   407  1.9749e-04
   410  1.9327e-04
   413  1.7755e-04
   414  1.5410e-04
   417  1.6390e-04
   418  1.7469e-04
   421  1.8953e-04
   423  1.6284e-04
   425  1.7298e-04
   426  1.6580e-04
   427  1.3280e-04
   430  1.0786e-04
   432  1.0408e-04
   434  8.9269e-05
   435  8.2931e-05
   438  8.6506e-05
   440  8.6742e-05
   443  8.3053e-05
   446  7.9192e-05
   448  6.4654e-05
   449  5.3795e-05
   452  4.7095e-05
   454  4.1073e-05
   456  3.8094e-05
   459  3.2258e-05
   460  3.0441e-05
   463  2.4766e-05
   466  2.7017e-05
   469  2.8332e-05
   472  2.3704e-05
   473  2.5021e-05
   474  2.3563e-05
   476  2.1737e-05
   479  2.2283e-05
   480  2.0775e-05
   482  2.0335e-05
   485  1.6432e-05
   487  1.4499e-05
   490  1.1603e-05
   492  1.1399e-05
   493  1.0801e-05
   496  1.1055e-05
   498  1.1334e-05
   501  1.1004e-05
   503  9.8518e-06
   506  1.0707e-05
   507  1.0495e-05
   508  9.9546e-06
   510  1.0433e-05
   511  8.7772e-06
   514  8.4797e-06
   517  7.2851e-06
   519  6.5047e-06
   520  5.4501e-06
   521  4.8729e-06
   523  5.1706e-06
   526  4.4442e-06
   529  3.6334e-06
   531  3.7314e-06
   533  3.5645e-06
   535  3.6912e-06
   538  3.5535e-06
   539  3.4309e-06
   541  3.6725e-06
   543  3.7938e-06
   546  3.8891e-06
   548  3.3104e-06
   550  3.0597e-06
   552  2.8410e-06
   554  2.5962e-06
   557  2.6258e-06
   558  2.6876e-06
   559  2.6682e-06
   561  2.8815e-06
   563  2.6971e-06
   565  2.9082e-06
   566  3.1682e-06
   569  3.2876e-06
   571  2.9654e-06
   573  2.7794e-06
   575  2.8693e-06
   578  2.5173e-06
   580  2.1915e-06
   581  2.1160e-06
   584  2.2643e-06
   587  1.8742e-06
   590  1.9343e-06
   591  1.9000e-06
   593  2.0867e-06
   595  1.7241e-06
   598  1.8268e-06
   599  1.6787e-06
   601  1.6669e-06
   603  1.4247e-06
   604  1.4898e-06
   607  1.6220e-06
   609  1.7502e-06
   611  1.6507e-06
   614  1.5685e-06
   615  1.3779e-06
   617  1.3066e-06
   618  1.0857e-06
   620  1.1398e-06
   622  1.0944e-06
   624  1.1793e-06
   625  1.2269e-06
   626  1.1197e-06
   629  1.0177e-06
   631  9.3993e-07
   632  7.7234e-07
   635  7.2240e-07
   637  7.6538e-07
   638  6.3250e-07
   641  5.1627e-07
   642  4.2198e-07
   643  3.7702e-07
   644  3.9099e-07
   645  3.5003e-07
   646  3.7733e-07
   648  3.2312e-07
   651  3.0450e-07
   654  2.7020e-07
   656  2.8567e-07
   657  2.4990e-07
   659  2.1939e-07
   660  2.3797e-07
   662  2.5377e-07
   664  2.6066e-07
   666  2.6508e-07
   667  2.8971e-07
   668  2.5387e-07
   669  2.1100e-07
   672  1.7383e-07
   673  1.5211e-07
   676  1.5874e-07
   677  1.5553e-07
   680  1.4577e-07
   682  1.3384e-07
   685  1.0725e-07
   688  8.9996e-08
   691  7.5869e-08
   693  7.8125e-08
   694  6.5339e-08
   695  6.2925e-08
   697  6.6801e-08
   699  5.8021e-08
   701  6.0707e-08
   702  6.2301e-08
   703  5.1919e-08
   706  5.6996e-08
   707  4.8106e-08
   710  4.9786e-08
   711  5.1236e-08
   714  4.3971e-08
   717  3.7512e-08
   718  4.1036e-08
   719  3.2963e-08
   721  3.5294e-08
   723  2.9536e-08
   725  3.2439e-08
   728  3.1758e-08
   729  2.7348e-08
   732  2.2356e-08
   735  2.2211e-08
   736  2.4406e-08
   738  1.9715e-08
   741  1.8387e-08
   742  1.8600e-08
   745  1.7363e-08
   747  1.8176e-08
   748  1.5719e-08
   749  1.6945e-08
   752  1.7469e-08
   753  1.5171e-08
   754  1.5323e-08
   756  1.6738e-08
   759  1.5348e-08
   760  1.5830e-08
   763  1.4729e-08
   766  1.2558e-08
   767  1.3649e-08
   770  1.2631e-08
   773  1.1335e-08
   774  1.0782e-08
   777  9.7089e-09
   778  8.5372e-09
   780  8.5299e-09
   781  7.1045e-09
   782  7.3639e-09
   785  7.7282e-09
   787  7.5124e-09
   789  7.1070e-09
   790  7.8138e-09
   792  8.2210e-09
   794  6.8063e-09
   795  5.9919e-09
   797  5.8327e-09
   799  5.4608e-09
   800  5.3460e-09
   803  5.5878e-09
   806  5.8343e-09
   807  5.3785e-09
   808  4.6220e-09
   811  4.3908e-09
   813  3.5410e-09
   816  3.6078e-09
   818  3.0503e-09
   821  2.8340e-09
   822  2.3724e-09
   824  2.5139e-09
   826  2.6897e-09
   829  2.8485e-09
   831  3.0752e-09
   834  3.1013e-09
   836  2.5714e-09
   839  2.4580e-09
   840  2.6423e-09
   842  2.1477e-09
   845  2.3261e-09
   847  2.0625e-09
   849  2.2294e-09
   851  2.1162e-09
   854  1.7725e-09
   856  1.8378e-09
   857  1.5251e-09
   859  1.4382e-09
   862  1.2680e-09
   865  1.2937e-09
   867  1.1865e-09
   868  1.3004e-09
   870  1.2254e-09
   871  1.2552e-09
   873  1.1307e-09
   876  1.1296e-09
   878  1.0306e-09
   880  1.0749e-09
   882  8.6551e-10
   883  7.5458e-10
   885  6.7388e-10
   888  7.0336e-10
   890  6.8984e-10
   891  5.9716e-10
   894  6.0856e-10
   896  5.8240e-10
   899  5.8228e-10
   900  5.0334e-10
   903  4.1477e-10
   904  3.9018e-10
   907  3.7242e-10
   909  3.3598e-10
   911  2.8628e-10
   914  2.9033e-10
   915  2.5043e-10
   916  2.5771e-10
   918  2.5293e-10
   920  2.2759e-10
   921  2.4700e-10
   924  2.0689e-10
   927  1.8474e-10
   928  1.8564e-10
   931  1.9586e-10
   933  2.1246e-10
   936  1.9675e-10
   938  1.5976e-10
   941  1.3748e-10
   942  1.4483e-10
   945  1.5843e-10
   946  1.4467e-10
   947  1.1652e-10
   949  1.1942e-10
   952  1.2075e-10
   953  1.0984e-10
   955  1.1423e-10
   956  1.1028e-10
   958  9.3839e-11
   961  8.8137e-11
   963  8.2483e-11
   964  7.7159e-11
   967  6.7772e-11
   970  6.9134e-11
   971  7.2826e-11
   973  6.1130e-11
   975  6.6599e-11
   978  5.7097e-11
   980  6.1732e-11
   982  5.7242e-11
   985  6.2694e-11
   987  5.7597e-11
   988  4.8277e-11
   989  4.5617e-11
   992  4.3564e-11
   994  4.0495e-11
   997  3.9777e-11
   998  3.1909e-11
  1000  2.5760e-11
  1001  2.4203e-11
  1004  2.1078e-11
  1007  1.7146e-11
  1009  1.6068e-11
  1010  1.3102e-11
  1013  1.1087e-11
  1016  1.0063e-11
  1019  8.7825e-12
  1021  9.5423e-12
  1023  8.3975e-12
  1025  6.9185e-12
  1028  6.9137e-12
  1029  6.0049e-12
  1030  6.1506e-12
  1031  5.9640e-12
  1033  6.3684e-12
  1034  6.3828e-12
  1036  6.6660e-12
  1039  5.8257e-12
  1040  6.1922e-12
  1042  6.6930e-12
  1043  6.4195e-12
  1046  5.2255e-12
  1047  5.7026e-12
  1050  4.7612e-12
  1053  4.6838e-12
  1055  4.3748e-12
  1058  3.8889e-12
  1060  4.1441e-12
  1061  3.4141e-12
  1063  2.8357e-12
  1064  2.6562e-12
  1066  2.4432e-12
  1067  2.4942e-12
  1069  2.0338e-12
  1070  2.1694e-12
  1073  1.9374e-12
  1075  1.9177e-12
  1077  2.0551e-12
  1080  2.1136e-12
  1082  2.0453e-12
  1085  2.0521e-12
  1087  2.1981e-12
  1088  2.2939e-12
  1091  2.1155e-12
  1092  1.7203e-12
  1094  1.8300e-12
  1097  1.9036e-12
  1098  1.6505e-12
  1101  1.3662e-12
  1103  1.2825e-12
  1106  1.2490e-12
  1107  1.2653e-12
  1109  1.3086e-12
  1110  1.2393e-12
  1113  1.2447e-12
  1116  1.3084e-12
  1118  1.2829e-12
  1119  1.1623e-12
  1120  1.1000e-12
  1121  1.0724e-12
  1124  8.8569e-13
  1126  8.3793e-13
  1127  7.4585e-13
  1129  6.4830e-13
  1132  6.3581e-13
  1133  5.9620e-13
  1136  6.3571e-13
  1137  6.8871e-13
  1138  7.5363e-13
  1139  6.6425e-13
  1140  5.8601e-13
  1142  5.5449e-13
  1145  5.8614e-13
  1146  4.9051e-13
  1147  5.1765e-13
  1148  4.4345e-13
  1151  4.6473e-13
  1152  3.9182e-13
  1154  3.8120e-13
  1155  4.1131e-13
  1158  4.3986e-13
  1161  4.2996e-13
  1162  3.7058e-13
  1164  4.0564e-13
  1166  3.8234e-13
  1168  3.5286e-13
  1170  3.0670e-13
  1171  2.5962e-13
  1172  2.3036e-13
  1175  1.8453e-13
  1177  1.6628e-13
  1178  1.4645e-13
  1181  1.3722e-13
  1183  1.1114e-13
  1185  9.3234e-14
  1187  8.0774e-14
  1189  7.0991e-14
  1191  7.7940e-14
  1193  8.2536e-14
  1194  7.3109e-14
  1197  7.3977e-14
  1200  6.8339e-14
  1202  6.4345e-14
  1203  5.5545e-14
  1205  6.0208e-14
  1206  5.3865e-14
  1208  5.4797e-14
  1211  5.2718e-14
  1212  5.6208e-14
  1215  5.7941e-14
  1217  4.7590e-14
  1220  4.8287e-14
  1221  4.1545e-14
  1224  4.5380e-14
  1226  4.1036e-14
  1227  3.7607e-14
  1229  3.8188e-14
  1232  3.6747e-14
  1235  4.0394e-14
  1238  3.3120e-14
  1239  3.2441e-14
  1242  2.9709e-14
  1245  2.6046e-14
  1246  2.6349e-14
  1248  2.7594e-14
  1249  2.9788e-14
  1252  2.9820e-14
  1255  2.7352e-14
  1256  2.8711e-14
  1259  3.0483e-14
  1261  2.7025e-14
  1263  2.9306e-14
  1264  2.8206e-14
  1266  2.6709e-14
  1267  2.1818e-14
  1269  2.2634e-14
  1270  2.4729e-14
  1272  2.0573e-14
  1273  2.0988e-14
  1274  2.1233e-14
  1276  1.9541e-14
  1279  1.6718e-14
  1281  1.7650e-14
  1283  1.5055e-14
  1285  1.2187e-14
  1286  1.3234e-14
  1288  1.2416e-14
  1290  1.3543e-14
  1291  1.1054e-14
  1293  1.0121e-14
  1296  1.0709e-14
  1297  1.1030e-14
  1299  1.1436e-14
  1300  1.2031e-14
  1303  1.2688e-14
  1305  1.1916e-14
  1306  1.0851e-14
  1308  1.1473e-14
  1311  9.1913e-15
  1313  8.2105e-15
  1316  8.2220e-15
  1317  6.8627e-15
  1318  6.3108e-15
  1321  5.5334e-15
  1322  4.9090e-15
  1325  5.1812e-15
  1327  4.5410e-15
  1328  4.2914e-15
  1330  3.9982e-15
  1331  3.2426e-15
  1334  3.0706e-15
  1336  2.6118e-15
  1337  2.7993e-15
  1340  2.5467e-15
  1341  2.7056e-15
  1342  2.9133e-15
  1344  2.8554e-15
  1345  2.9100e-15
  1348  2.7816e-15
  1350  2.3368e-15
  1351  2.3096e-15
  1353  2.3953e-15
  1354  2.3749e-15
  1357  2.0939e-15
  1359  2.1601e-15
  1362  1.7978e-15
  1365  1.6523e-15
  1367  1.4630e-15
  1370  1.4468e-15
  1372  1.3402e-15
  1374  1.2535e-15
  1376  1.2717e-15
  1377  1.1613e-15
  1380  9.8375e-16
  1382  1.0185e-15
  1385  1.0104e-15
  1386  1.0331e-15
  1387  8.7308e-16
  1389  8.0811e-16
  1392  8.7817e-16
  1393  9.0416e-16
  1395  7.5120e-16
  1397  7.1489e-16
  1398  7.4683e-16
  1401  6.0465e-16
  1404  5.1318e-16
  1405  4.5659e-16
  1407  3.7170e-16
  1408  3.3807e-16
  1411  3.3729e-16
  1414  2.9305e-16
  1416  3.1782e-16
  1419  3.3807e-16
  1420  3.7131e-16
  1421  3.1100e-16
  1424  3.1774e-16
  1426  3.2920e-16
  1427  3.1579e-16
  1428  3.3654e-16
  1430  3.0524e-16
  1432  3.3319e-16
  1434  2.7149e-16
  1435  2.3575e-16
  1438  2.2992e-16
  1439  2.4775e-16
  1442  2.3206e-16
  1443  1.9689e-16
  1445  1.9138e-16
  1446  1.6374e-16
  1447  1.6856e-16
  1448  1.5623e-16
  1450  1.4982e-16
  1453  1.2562e-16
  1454  1.3433e-16
  1457  1.1992e-16
  1459  9.8462e-17
  1462  1.0181e-16
  1465  1.1001e-16
  1468  1.0258e-16
  1469  1.0124e-16
  1470  1.0473e-16
  1472  1.1162e-16
  1473  1.1589e-16
  1476  1.1007e-16
  1479  9.8829e-17
  1482  9.0200e-17
  1483  9.7243e-17
  1486  8.2339e-17
  1487  7.3383e-17
  1489  7.4287e-17
  1492  6.6694e-17
  1494  5.3726e-17
  1497  4.7518e-17
  1499  4.6726e-17
  1500  4.5988e-17
  1502  4.8760e-17
  1504  4.8197e-17
  1505  4.0550e-17
  1506  3.6952e-17
  1508  3.3485e-17
  1511  2.9905e-17
  1513  2.6472e-17
  1515  2.1232e-17
  1516  1.9085e-17
  1519  1.5723e-17
  1521  1.7134e-17
  1524  1.5664e-17
  1527  1.6796e-17
  1530  1.6234e-17
  1532  1.3592e-17
  1533  1.4539e-17
  1536  1.2965e-17
  1539  1.4153e-17
  1540  1.3643e-17
  1543  1.2854e-17
  1546  1.2873e-17
  1548  1.1535e-17
  1550  1.1343e-17
  1551  1.0343e-17
  1553  1.0990e-17
  1554  9.8344e-18
  1557  1.0597e-17
  1559  1.1646e-17
  1560  1.0952e-17
  1563  1.1578e-17
  1565  9.9990e-18
  1566  9.6246e-18
  1567  8.6792e-18
  1569  7.5173e-18
  1570  6.7234e-18
  1571  6.2101e-18
  1572  5.4090e-18
  1574  4.7547e-18
  1577  4.7970e-18
  1580  5.0480e-18
  1583  4.1125e-18
  1585  3.5408e-18
  1588  2.9267e-18
  1590  2.3488e-18
  1593  2.5257e-18
  1595  2.3445e-18
  1598  1.9248e-18
  1600  2.0777e-18
  1603  1.7438e-18
  1606  1.4534e-18
  1609  1.4768e-18
  1610  1.4598e-18
  1613  1.2428e-18
  1614  1.3397e-18
  1617  1.2603e-18
  1620  1.1108e-18
  1621  9.8136e-19
  1622  8.3928e-19
  1624  8.3463e-19
  1627  7.6721e-19
  1628  6.4060e-19
  1629  6.2505e-19
  1632  5.9819e-19
  1633  5.7813e-19
  1634  4.9313e-19
  1635  4.2304e-19
  1636  3.7012e-19
  1639  3.4904e-19
  1640  2.9813e-19
  1642  2.5409e-19
  1644  2.4790e-19
  1646  2.1454e-19
  1647  1.8477e-19
  1648  1.6536e-19
  1649  1.6736e-19
  1650  1.3628e-19
  1652  1.1316e-19
  1653  1.1939e-19
  1655  1.3046e-19
  1658  1.3344e-19
  1661  1.0787e-19
  1662  1.1136e-19
  1663  1.0017e-19
  1664  1.1009e-19
  1665  1.0976e-19
  1668  8.9592e-20
  1669  7.9178e-20
  1670  8.1420e-20
  1671  8.2611e-20
  1672  8.6570e-20
  1674  7.1001e-20
  1677  7.1113e-20
  1678  6.4245e-20
  1680  6.5891e-20
  1683  7.2254e-20
  1685  6.5643e-20
  1688  7.1440e-20
  1689  7.6604e-20
  1692  7.0327e-20
  1694  6.4333e-20
  1696  6.3853e-20
  1699  6.7373e-20
  1702  6.0029e-20
  1703  5.2931e-20
  1704  4.2645e-20
  1705  3.4206e-20
  1707  3.0098e-20
  1708  2.5212e-20
  1710  2.0747e-20
  1713  2.1085e-20
  1716  1.9772e-20
  1718  2.0434e-20
  1719  1.7778e-20
  1722  1.4678e-20
  1724  1.5690e-20
  1726  1.4552e-20
  1729  1.5476e-20
  1732  1.2552e-20
  1734  1.2911e-20
  1735  1.2072e-20
  1738  1.1856e-20
  1740  1.2756e-20
  1742  1.0450e-20
  1745  1.0141e-20
  1747  9.7962e-21
  1748  8.4703e-21
  1751  7.3272e-21
  1754  6.0158e-21
  1756  6.1865e-21
  1757  6.2033e-21
  1760  5.6690e-21
  1762  5.9576e-21
  1764  4.9686e-21
  1766  5.2604e-21
  1769  5.6074e-21
  1771  5.5258e-21
  1772  5.6873e-21
  1774  5.4959e-21
  1776  6.0027e-21
  1778  5.0266e-21
  1779  4.9321e-21
  1781  4.8399e-21
  1782  5.2961e-21
  1784  5.0272e-21
  1786  5.1995e-21
  1789  4.3599e-21
  1790  4.2056e-21
  1791  4.4733e-21
  1792  4.0686e-21
  1794  4.0424e-21
  1796  3.7720e-21
  1798  3.0235e-21
  1799  2.7732e-21
  1802  2.2679e-21
  1804  2.0383e-21
  1806  1.7757e-21
  1807  1.6629e-21
  1808  1.5157e-21
  1809  1.6158e-21
  1812  1.3218e-21
  1813  1.2315e-21
  1814  1.0365e-21
  1817  9.4100e-22
  1818  7.9742e-22
  1819  7.0367e-22
  1821  6.7717e-22
  1824  7.2465e-22
  1827  7.0200e-22
  1828  6.2237e-22
  1830  5.2539e-22
  1832  4.5843e-22
  1833  5.0250e-22
  1834  4.6505e-22
  1837  4.3095e-22
  1840  3.8653e-22
  1843  3.4344e-22
  1844  3.0825e-22
  1847  2.4693e-22
  1848  2.2823e-22
  1849  2.1806e-22
  1852  1.9991e-22
  1854  1.6016e-22
  1855  1.3458e-22
  1856  1.2333e-22
  1859  1.2946e-22
  1860  1.2043e-22
  1862  1.0086e-22
  1865  1.0895e-22
  1868  1.0827e-22
  1871  9.0260e-23
  1872  8.6589e-23
  1875  8.0095e-23
  1876  7.9772e-23
  1877  8.1399e-23
  1878  7.1562e-23
  1880  6.9673e-23
  1881  5.9899e-23
  1884  5.6374e-23
  1886  5.3355e-23
  1889  5.8477e-23
  1890  4.8697e-23
  1891  4.8514e-23
  1894  4.6583e-23
  1897  4.7147e-23
  1899  4.1797e-23
  1900  3.6633e-23
  1902  3.4538e-23
  1903  3.6755e-23
  1905  3.4198e-23
  1908  3.0192e-23
  1909  2.4180e-23
  1911  2.4219e-23
  1913  2.3819e-23
  1916  2.0496e-23
  1918  2.2543e-23
  1919  1.9580e-23
  1921  1.8500e-23
  1924  1.7104e-23
  1926  1.6704e-23
  1928  1.4910e-23
  1930  1.4269e-23
  1933  1.2521e-23
  1936  1.1719e-23
  1937  1.2614e-23
  1939  1.0703e-23
  1942  9.5328e-24
  1944  9.7583e-24
  1945  1.0019e-23
  1947  1.0027e-23
  1949  8.4321e-24
  1952  7.3525e-24
  1953  7.0946e-24
  1955  6.3917e-24
  1956  5.6626e-24
  1957  4.9871e-24
  1960  5.3458e-24
  1963  5.5308e-24
  1966  5.8423e-24
  1969  5.2695e-24
  1972  4.6738e-24
  1975  4.9002e-24
  1977  4.7463e-24
  1980  3.9478e-24
  1981  3.8529e-24
  1984  3.9994e-24
  1987  4.2407e-24
  1989  3.5803e-24
  1991  3.1559e-24
  1993  2.8650e-24
  1994  2.3178e-24
  1997  2.3933e-24
  2000  2.2190e-24
  2001  2.3571e-24
  2004  1.9296e-24
  2006  1.8822e-24
  2009  1.8145e-24
  2011  1.6214e-24
  2013  1.7280e-24
  2015  1.4982e-24
  2016  1.3668e-24
  2017  1.2800e-24
  2020  1.2079e-24
  2023  1.1696e-24
  2024  9.5714e-25
  2026  9.8672e-25
  2027  8.6263e-25
  2030  8.5504e-25
  2033  8.0409e-25
  2036  8.8023e-25
  2037  9.0969e-25
  2039  7.3290e-25
  2041  7.0926e-25
  2042  6.9700e-25
  2045  6.8548e-25
  2047  6.4059e-25
  2049  6.0306e-25
  2051  6.3391e-25
  2054  6.6826e-25
  2055  5.9646e-25
  2058  5.3005e-25
  2059  5.8287e-25
  2060  6.2688e-25
  2061  6.8060e-25
  2063  6.8099e-25
  2064  7.4230e-25
  2066  7.1439e-25
  2069  5.8558e-25
  2072  5.2051e-25
  2075  5.4869e-25
  2078  4.5077e-25
  2079  4.8264e-25
  2082  4.7504e-25
  2084  4.8595e-25
  2085  3.9371e-25
  2088  4.2152e-25
  2089  4.1587e-25
  2092  4.0915e-25
  2093  4.3608e-25
  2094  3.9551e-25
  2097  3.8439e-25
  2098  3.4900e-25
  2099  3.5270e-25
  2100  2.8972e-25
  2101  2.4756e-25
  2103  2.4599e-25
  2105  2.4818e-25
  2108  2.3847e-25
  2111  2.4352e-25
  2112  2.3531e-25
  2113  2.3769e-25
  2115  1.9650e-25
  2116  2.0677e-25
  2117  1.8292e-25
  2118  1.6308e-25
  2120  1.7718e-25
  2122  1.9063e-25
  2124  1.9949e-25
  2125  2.1446e-25
  2126  2.0833e-25
  2128  2.2586e-25
  2130  2.0108e-25
  2132  2.0940e-25
  2133  1.7149e-25
  2136  1.7676e-25
  2139  1.7954e-25
  2142  1.8324e-25
  2144  1.8883e-25
  2146  2.0718e-25
  2147  1.9621e-25
  2150  1.8394e-25
  2153  1.5012e-25
  2155  1.6483e-25
  2157  1.6308e-25
  2159  1.6447e-25
  2161  1.3390e-25
  2162  1.1686e-25
  2163  1.0825e-25
  2165  1.1305e-25
  2168  1.1128e-25
  2171  9.5929e-26
  2172  7.9422e-26
  2173  7.8406e-26
  2174  8.4686e-26
  2175  7.1866e-26
  2176  6.0657e-26
  2177  6.4885e-26
  2180  5.5614e-26
  2181  5.8503e-26
  2184  6.1228e-26
  2186  6.3344e-26
  2189  6.1803e-26
  2191  6.1300e-26
  2192  6.6723e-26
  2193  6.2500e-26
  2195  5.0489e-26
  2196  5.2417e-26
  2198  4.4819e-26
  2199  4.5995e-26
  2202  4.1073e-26
  2203  4.3053e-26
  2204  4.7213e-26
  2205  4.1244e-26
  2208  4.5185e-26
  2210  4.3004e-26
  2211  4.2095e-26
  2212  3.4031e-26
  2215  2.9793e-26
  2218  2.8121e-26
  2221  2.6258e-26
  2222  2.6930e-26
  2223  2.1641e-26
  2226  2.1090e-26
  2228  1.7389e-26
  2229  1.4340e-26
  2230  1.4135e-26
  2232  1.1907e-26
  2234  1.2075e-26
  2236  1.1109e-26
  2238  1.1549e-26
  2240  9.5620e-27
  2242  9.9996e-27
  2245  8.4421e-27
  2248  8.6532e-27
  2250  7.9690e-27
  2251  7.8450e-27
  2252  7.2866e-27
  2254  6.5194e-27
  2257  5.9909e-27
  2258  6.1795e-27
  2259  5.0649e-27
  2262  4.9206e-27
  2265  5.2728e-27
  2266  5.0738e-27
  2268  5.4232e-27
  2270  4.5256e-27
  2273  3.8640e-27
  2274  3.3608e-27
  2277  3.2742e-27
  2278  3.5179e-27
  2279  2.9752e-27
  2280  2.9827e-27
  2283  3.2095e-27
  2284  3.1283e-27
  2287  2.5562e-27
  2288  2.1233e-27
  2290  1.7030e-27
  2293  1.4470e-27
  2295  1.4827e-27
  2297  1.3208e-27
  2298  1.4382e-27
  2301  1.1902e-27
  2303  1.0975e-27
  2304  9.8528e-28
  2305  9.6017e-28
  2306  8.0265e-28
  2309  8.2871e-28
  2310  6.7899e-28
  2313  6.3359e-28
  2314  6.7783e-28
  2315  5.4860e-28
  2318  5.4432e-28
  2319  4.3997e-28
  2321  3.7207e-28
  2322  3.6295e-28
  2325  2.9432e-28
  2326  3.2284e-28
  2328  2.8337e-28
  2329  3.0302e-28
  2331  2.8025e-28
  2332  2.6977e-28
  2335  2.9529e-28
  2337  2.9739e-28
  2340  2.6470e-28
  2343  2.5497e-28
  2344  2.6377e-28
  2345  2.2422e-28
  2346  2.2920e-28
  2348  1.9812e-28
  2349  1.9072e-28
  2352  2.0967e-28
  2354  1.9012e-28
  2356  1.9181e-28
  2359  1.6543e-28
  2361  1.5417e-28
  2363  1.6427e-28
  2365  1.6320e-28
  2368  1.7838e-28
  2370  1.5544e-28
  2373  1.2904e-28
  2375  1.1273e-28
  2377  9.9564e-29
  2378  8.8749e-29
  2380  8.5887e-29
  2381  7.3325e-29
  2383  7.2080e-29
  2384  6.5024e-29
  2386  5.4225e-29
  2389  5.1167e-29
  2391  4.6765e-29
  2393  4.9328e-29
  2396  5.3109e-29
  2398  5.5855e-29
  2400  5.0597e-29
  2402  4.8618e-29
  2405  4.8418e-29
  2408  4.1966e-29
  2411  4.1962e-29
  2413  3.4917e-29
  2415  3.6433e-29
  2416  3.0353e-29
  2418  2.9341e-29
  2421  2.3895e-29
  2422  1.9383e-29
  2425  1.9838e-29
  2426  2.0673e-29
  2427  2.1351e-29
  2429  1.8140e-29
  2431  1.6289e-29
  2434  1.3373e-29
  2437  1.1754e-29
  2438  1.0475e-29
  2441  1.0714e-29
  2443  1.1658e-29
  2444  1.2153e-29
  2445  1.3132e-29
  2447  1.2348e-29
  2449  1.1807e-29
  2451  9.9114e-30
  2452  8.6590e-30
  2454  7.6595e-30
  2455  8.1721e-30
  2456  7.8402e-30
  2457  6.6627e-30
  2459  6.9926e-30
  2460  6.3749e-30
  2462  5.8320e-30
  2463  5.5083e-30
  2465  4.6646e-30
  2467  4.7935e-30
  2470  4.4734e-30
  2471  3.7037e-30
  2472  3.6315e-30
  2475  3.6035e-30
  2476  3.0888e-30
  2477  2.6152e-30
  2478  2.7798e-30
  2481  2.5814e-30
  2483  2.5793e-30
  2485  2.4360e-30
  2487  2.5843e-30
  2488  2.4960e-30
  2490  2.1335e-30
  2493  2.0995e-30
  2495  1.8691e-30
  2498  1.6829e-30
  2501  1.4782e-30
  2504  1.4185e-30
  2507  1.3556e-30
  2510  1.4835e-30
  2511  1.3550e-30
  2514  1.0996e-30
  2517  1.0729e-30
  2518  1.0345e-30
  2520  8.8825e-31
  2523  7.8191e-31
  2526  7.1032e-31
  2529  7.1222e-31
  2531  6.3229e-31
  2532  5.8673e-31
  2534  5.4086e-31
  2536  5.5515e-31
  2537  5.5020e-31
  2539  4.4989e-31
  2542  3.9333e-31
  2545  3.1939e-31
  2547  2.6083e-31
  2548  2.3262e-31
  2550  2.4896e-31
  2552  2.6358e-31
  2555  2.4898e-31
  2558  2.5254e-31
  2560  2.5802e-31
  2562  2.4754e-31
  2564  2.0912e-31
  2567  2.0439e-31
  2568  1.7046e-31
  2569  1.4162e-31
  2570  1.5087e-31
  2573  1.2171e-31
  2575  1.1745e-31
  2576  9.4944e-32
  2579  1.0359e-31
  2582  8.7217e-32
  2583  9.1764e-32
  2585  7.9322e-32
  2588  6.8263e-32
  2590  7.1340e-32
  2591  7.0794e-32
  2594  6.8359e-32
  2595  5.8614e-32
  2598  5.6717e-32
  2600  4.8709e-32
  2601  4.7150e-32
  2603  5.0045e-32
  2606  4.1891e-32
  2609  4.4440e-32
  2610  3.7691e-32
  2611  3.2918e-32
  2612  2.6475e-32
  2613  2.4780e-32
  2616  2.2804e-32
  2618  1.8422e-32
  2620  1.6222e-32
  2623  1.3789e-32
  2625  1.3986e-32
  2627  1.4216e-32
  2628  1.4785e-32
  2629  1.3406e-32
  2632  1.4542e-32
  2635  1.4433e-32
  2636  1.4941e-32
  2639  1.5081e-32
  2641  1.3981e-32
  2642  1.1284e-32
  2645  1.0532e-32
  2648  1.0363e-32
  2649  1.0358e-32
  2650  1.1254e-32
  2651  1.1956e-32
  2653  1.2678e-32
  2655  1.2194e-32
  2656  1.2467e-32
  2657  1.2499e-32
  2658  1.0268e-32
  2661  9.1630e-33
  2664  8.7486e-33
  2667  9.3735e-33
  2670  1.0186e-32
  2671  9.5205e-33
  2672  9.5600e-33
  2673  8.6952e-33
  2675  7.5219e-33
  2676  7.4494e-33
  2679  7.7181e-33
  2682  7.9212e-33
  2684  6.6710e-33
  2685  6.0393e-33
  2688  6.3286e-33
  2689  6.1635e-33
  2690  6.0281e-33
  2692  6.0848e-33
  2695  5.2044e-33
  2696  4.5561e-33
  2699  4.2883e-33
  2702  4.6458e-33
  2704  3.9384e-33
  2705  3.8045e-33
  2708  3.4593e-33
  2710  3.5827e-33
  2711  3.7841e-33
  2712  3.8809e-33
  2714  4.1679e-33
  2717  3.6585e-33
  2718  3.6151e-33
  2719  3.5701e-33
  2720  3.1970e-33
  2723  3.5098e-33
  2726  3.1545e-33
  2728  3.1106e-33
  2731  3.2834e-33
  2733  3.0823e-33
  2735  3.2678e-33
  2737  3.3002e-33
  2738  2.8530e-33
  2739  2.4521e-33
  2741  2.4921e-33
  2744  2.1428e-33
  2747  1.7187e-33
  2750  1.8181e-33
  2752  1.7525e-33
  2755  1.7417e-33
  2758  1.5552e-33
  2760  1.6689e-33
  2761  1.6589e-33
  2764  1.7271e-33
  2767  1.7338e-33
  2770  1.7680e-33
  2771  1.8453e-33
  2773  1.7879e-33
  2775  1.5292e-33
  2778  1.3268e-33
  2779  1.4478e-33
  2781  1.4562e-33
  2782  1.1998e-33
  2783  1.0053e-33
  2785  8.0820e-34
  2787  7.6314e-34
  2788  7.8370e-34
  2790  8.5061e-34
  2792  8.9990e-34
  2795  9.6158e-34
  2798  8.5177e-34
  2799  7.8989e-34
  2801  8.4180e-34
  2804  7.6707e-34
  2807  6.8791e-34
  2809  6.8092e-34
  2812  7.1355e-34
  2814  6.0674e-34
  2816  5.2552e-34
  2818  4.5565e-34
  2819  4.5731e-34
  2820  4.3960e-34
  2821  3.7976e-34
  2824  3.5463e-34
  2825  3.1522e-34
  2828  2.8594e-34
  2829  2.7445e-34
  2832  2.3164e-34
  2833  2.5200e-34
  2834  2.3756e-34
  2837  2.0052e-34
  2838  1.8129e-34
  2840  1.6265e-34
  2842  1.5185e-34
  2844  1.4246e-34
  2845  1.5355e-34
  2846  1.3357e-34
  2848  1.1225e-34
  2851  1.1823e-34
  2854  1.2105e-34
  2857  1.2196e-34
  2860  1.1512e-34
  2861  1.0448e-34
  2862  9.1434e-35
  2865  9.1659e-35
  2866  7.9336e-35
  2867  7.5180e-35
  2868  7.9300e-35
  2870  7.8911e-35
  2872  7.7014e-35
  2874  7.2950e-35
  2876  7.6899e-35
  2877  6.9239e-35
  2878  5.7174e-35
  2879  5.0863e-35
  2880  5.4240e-35
  2883  5.0631e-35
  2884  5.0596e-35
  2887  4.2905e-35
  2888  4.1375e-35
  2889  4.0645e-35
  2891  3.8006e-35
  2893  3.6559e-35
  2896  2.9711e-35
  2898  2.4793e-35
  2901  2.0012e-35
  2902  1.8405e-35
  2903  1.5596e-35
  2906  1.6028e-35
  2909  1.3590e-35
  2911  1.4514e-35
  2914  1.4299e-35
  2915  1.4841e-35
  2918  1.2527e-35
  2919  1.1890e-35
  2920  9.9334e-36
  2923  8.3219e-36
  2926  7.4294e-36
  2929  6.6300e-36
  2930  6.4937e-36
  2932  6.4910e-36
  2933  6.3152e-36
  2935  6.9068e-36
  2937  7.5650e-36
  2940  7.1575e-36
  2941  6.4147e-36
  2943  5.8749e-36
  2944  5.0608e-36
  2945  5.2405e-36
  2947  5.2224e-36
  2949  5.6398e-36
  2950  4.8662e-36
  2951  4.0134e-36
  2954  3.3238e-36
  2957  2.7221e-36
  2960  2.7394e-36
  2962  2.6419e-36
  2963  2.5991e-36
  2964  2.6460e-36
  2965  2.2610e-36
  2966  2.2691e-36
  2967  1.9574e-36
  2968  1.9382e-36
  2971  1.8030e-36
  2974  1.6297e-36
  2977  1.3245e-36
  2980  1.2967e-36
  2981  1.3533e-36
  2984  1.2839e-36
  2985  1.1636e-36
  2988  1.2283e-36
  2989  1.0751e-36
  2992  9.0580e-37
  2994  7.9248e-37
  2996  6.7378e-37
  2998  6.9600e-37
  2999  5.6732e-37
  3001  4.5978e-37
  3002  4.2802e-37
  3005  4.0887e-37
  3008  3.7247e-37
  3009  3.0086e-37
  3012  2.7138e-37
  3015  2.3859e-37
  3018  2.2708e-37
  3021  2.4694e-37
  3022  2.3211e-37
  3023  2.3395e-37
  3024  2.5499e-37
  3027  2.5331e-37
  3030  2.2605e-37
  3032  2.3828e-37
  3034  2.5708e-37
  3035  2.4268e-37
  3038  2.2918e-37
  3039  1.8889e-37
  3041  1.9633e-37
  3042  1.6950e-37
  3043  1.5109e-37
  3045  1.2379e-37
  3048  1.1574e-37
  3051  1.1756e-37
  3054  1.0528e-37
  3057  1.0812e-37
  3060  1.0631e-37
  3061  9.3682e-38
  3063  8.4149e-38
  3064  6.9755e-38
  3067  6.9286e-38
  3070  6.1305e-38
  3073  5.6754e-38
  3075  5.2138e-38
  3078  4.3363e-38
  3080  4.5630e-38
  3081  3.9428e-38
  3082  3.9378e-38
  3083  3.8543e-38
  3084  3.7888e-38
  3085  3.8259e-38
  3087  3.4031e-38
  3089  2.8404e-38
  3090  2.9756e-38
  3093  2.9713e-38
  3094  2.4807e-38
  3095  2.3455e-38
  3096  2.1028e-38
  3099  1.8744e-38
  3100  1.6706e-38
  3102  1.7695e-38
  3104  1.5757e-38
  3107  1.7039e-38
  3108  1.5972e-38
  3111  1.6482e-38
  3114  1.4658e-38
  3117  1.4563e-38
  3119  1.5238e-38
  3122  1.3749e-38
  3125  1.2164e-38
  3126  1.2421e-38
  3129  1.3588e-38
  3130  1.1422e-38
  3131  1.2036e-38
  3134  1.2646e-38
  3136  1.3248e-38
  3138  1.1074e-38
  3141  9.8583e-39
  3144  1.0366e-38
  3147  1.1240e-38
  3149  1.0130e-38
  3151  1.0932e-38
  3153  8.8781e-39
  3155  7.8532e-39
  3157  6.6179e-39
  3160  5.6357e-39
  3161  5.3102e-39
  3163  4.5659e-39
  3166  4.8907e-39
  3169  4.6223e-39
  3170  3.8896e-39
  3173  3.6957e-39
  3174  3.1005e-39
  3177  3.0817e-39
  3179  3.3554e-39
  3182  3.0763e-39
  3183  3.1750e-39
  3186  2.6335e-39
  3188  2.4822e-39
  3190  2.6833e-39
  3193  2.7300e-39
  3196  2.6405e-39
  3197  2.4240e-39
  3198  2.1008e-39
  3200  1.9112e-39
  3203  2.0635e-39
  3205  1.7546e-39
  3207  1.6171e-39
  3208  1.6190e-39
  3209  1.5781e-39
  3211  1.6755e-39
  3213  1.5529e-39
  3214  1.4327e-39
  3215  1.5168e-39
  3218  1.6213e-39
  3221  1.4588e-39
  3223  1.4619e-39
  3225  1.5027e-39
  3226  1.4481e-39
  3229  1.5478e-39
  3231  1.3312e-39
  3233  1.4502e-39
  3234  1.4327e-39
  3235  1.2338e-39
  3238  1.2806e-39
  3239  1.2728e-39
  3241  1.3723e-39
  3244  1.1030e-39
  3246  1.0869e-39
  3249  8.7074e-40
  3250  8.1662e-40
  3251  8.6334e-40
  3254  8.1176e-40
  3255  7.2051e-40
  3257  6.5054e-40
  3260  6.1734e-40
  3262  5.6213e-40
  3264  4.7097e-40
  3267  5.1647e-40
  3268  4.5829e-40
  3269  4.3425e-40
  3271  4.1634e-40
  3272  4.2665e-40
  3275  4.3193e-40
  3277  4.1701e-40
  3279  3.7834e-40
  3282  4.0934e-40
  3283  4.4316e-40
  3286  3.6799e-40
  3289  3.5712e-40
  3290  3.9222e-40
  3291  4.0113e-40
  3293  4.2815e-40
  3295  3.7012e-40
  3296  4.0648e-40
  3297  3.7452e-40
  3299  3.5547e-40
  3300  3.0137e-40
  3301  2.7814e-40
  3302  2.3935e-40
  3303  2.2007e-40
  3304  2.2112e-40
  3306  1.9928e-40
  3308  2.0170e-40
  3309  1.8327e-40
  3310  1.8049e-40
  3312  1.7169e-40
  3315  1.5050e-40
  3316  1.4743e-40
  3318  1.2641e-40
  3319  1.1734e-40
  3320  1.1805e-40
  3322  1.2211e-40
  3323  1.3313e-40
  3325  1.1843e-40
  3326  1.1990e-40
  3329  1.0631e-40
  3331  9.0016e-41
  3332  7.6721e-41
  3334  6.8842e-41
  3336  6.2607e-41
  3338  6.7264e-41
  3341  7.3084e-41
  3343  6.8856e-41
  3344  6.3791e-41
  3346  5.2479e-41
  3349  5.3786e-41
  3352  5.2322e-41
  3355  4.3668e-41
  3357  4.5623e-41
  3360  3.7490e-41
  3362  3.4731e-41
  3363  3.0493e-41
  3364  2.6278e-41
  3366  2.3379e-41
  3367  2.3888e-41
  3369  1.9922e-41
  3370  1.6708e-41
  3372  1.5241e-41
  3373  1.3561e-41
  3376  1.3858e-41
  3377  1.4314e-41
  3380  1.5637e-41
  3383  1.4693e-41
  3386  1.5181e-41
  3387  1.2566e-41
  3388  1.1554e-41
  3390  1.0407e-41
  3391  1.1306e-41
  3392  1.1374e-41
  3395  1.1138e-41
  3396  9.8493e-42
  3397  1.0413e-41
  3399  9.8683e-42
  3402  8.2145e-42
  3404  7.5376e-42
  3405  7.8864e-42
  3406  7.1374e-42
  3408  7.2816e-42
  3409  7.1181e-42
  3410  7.7496e-42
  3413  7.4141e-42
  3416  6.9814e-42
  3419  7.5070e-42
  3422  7.9263e-42
  3423  7.4054e-42
  3426  7.8936e-42
  3427  6.5612e-42
  3428  6.7619e-42
  3431  5.5410e-42
  3432  4.7827e-42
  3433  4.7836e-42
  3434  4.4152e-42
  3436  4.0878e-42
  3437  4.3867e-42
  3440  4.6122e-42
  3441  5.0152e-42
  3444  4.0831e-42
  3447  3.6575e-42
  3449  3.0876e-42
  3451  2.5973e-42
  3453  2.3959e-42
  3454  1.9239e-42
  3455  1.6989e-42
  3458  1.4419e-42
  3460  1.2052e-42
  3461  1.2078e-42
  3464  1.0023e-42
  3466  1.0014e-42
  3467  9.0991e-43
  3468  9.6112e-43
  3471  9.9670e-43
  3474  8.3454e-43
  3475  8.8414e-43
  3478  9.0167e-43
  3481  8.5550e-43
  3482  8.4421e-43
  3485  8.5116e-43
  3487  8.9353e-43
  3490  7.4631e-43
  3492  6.4009e-43
  3494  6.2675e-43
  3496  6.0064e-43
  3497  6.1969e-43
  3500  5.7601e-43
  3503  5.3234e-43
  3505  4.5293e-43
  3506  4.9214e-43
  3507  4.4960e-43
  3508  3.7061e-43
  3510  3.5783e-43
  3513  3.3038e-43
  3514  3.0481e-43
  3517  2.5878e-43
  3520  2.5663e-43
  3523  2.1617e-43
  3524  1.9762e-43
  3525  2.0034e-43
  3527  1.7579e-43
  3528  1.5137e-43
  3531  1.4878e-43
  3533  1.4507e-43
  3535  1.3284e-43
  3537  1.4322e-43
  3538  1.4855e-43
  3541  1.3334e-43
  3542  1.1528e-43
  3545  9.9602e-44
  3546  1.0826e-43
  3549  1.0863e-43
  3552  8.7141e-44
  3555  8.1646e-44
  3556  6.9995e-44
  3559  5.9874e-44
  3562  4.7929e-44
  3563  4.6071e-44
  3566  4.0517e-44
  3568  3.8300e-44
  3570  3.5540e-44
  3572  3.4048e-44
  3575  3.3510e-44
  3576  3.1936e-44
  3577  3.3683e-44
  3580  3.4519e-44
  3583  2.8703e-44
  3584  2.7859e-44
  3587  3.0550e-44
  3588  2.6701e-44
  3590  2.1466e-44
  3593  1.7577e-44
  3595  1.8989e-44
  3597  1.7207e-44
  3599  1.8540e-44
  3601  1.7042e-44
  3604  1.6807e-44
  3606  1.6938e-44
  3608  1.6800e-44
  3610  1.5757e-44
  3612  1.3708e-44
  3615  1.3864e-44
  3617  1.4007e-44
  3620  1.3155e-44
  3621  1.2874e-44
  3623  1.2346e-44
  3626  1.2452e-44
  3628  1.3488e-44
  3629  1.4430e-44
  3631  1.4380e-44
  3633  1.4084e-44
  3634  1.5425e-44
  3637  1.3433e-44
  3640  1.1845e-44
  3642  1.1631e-44
  3643  1.1206e-44
  3646  1.1988e-44
  3648  1.2829e-44
  3650  1.3441e-44
  3652  1.2726e-44
  3655  1.1707e-44
  3658  1.2865e-44
  3660  1.3795e-44
  3662  1.4731e-44
  3665  1.5527e-44
  3666  1.3142e-44
  3667  1.1555e-44
  3668  1.1365e-44
  3669  1.1266e-44
  3672  1.1300e-44
  3675  1.1659e-44
  3676  1.2602e-44
  3678  1.1482e-44
  3681  1.2161e-44
  3682  1.3181e-44
  3685  1.2868e-44
  3686  1.0405e-44
  3689  1.0971e-44
  3691  8.8112e-45
  3692  8.3933e-45
  3695  6.7901e-45
  3696  7.3374e-45
  3697  6.7321e-45
  3700  6.1331e-45
  3701  6.4234e-45
  3702  5.1794e-45
  3703  5.5131e-45
  3704  4.5945e-45
  3707  4.8622e-45
  3709  5.1432e-45
  3710  4.1727e-45
  3711  4.5222e-45
  3712  4.3762e-45
  3714  4.5625e-45
  3715  4.1230e-45
  3716  4.5149e-45
  3717  4.4577e-45
  3718  4.1473e-45
  3721  3.6686e-45
  3722  3.8279e-45
  3724  3.9650e-45
  3726  3.8111e-45
  3728  3.5103e-45
  3729  3.1600e-45
  3732  2.9747e-45
  3733  2.9910e-45
  3735  3.2112e-45
  3738  3.0856e-45
  3739  3.3179e-45
  3740  2.8716e-45
  3743  2.6710e-45
  3746  2.5604e-45
  3749  2.7498e-45
  3751  2.5627e-45
  3752  2.4847e-45
  3753  2.0223e-45
  3756  1.7209e-45
  3759  1.8141e-45
  3762  1.6259e-45
  3764  1.4251e-45
  3766  1.2141e-45
  3768  1.1937e-45
  3770  1.1195e-45
  3773  1.2131e-45
  3775  1.1213e-45
  3777  1.2333e-45
  3780  1.3098e-45
  3783  1.2277e-45
  3786  1.1917e-45
  3789  1.2763e-45
  3791  1.1374e-45
  3793  1.0513e-45
  3794  8.9557e-46
  3797  8.6894e-46
  3800  9.2718e-46
  3803  7.6636e-46
  3806  7.9795e-46
  3808  7.3141e-46
  3810  6.2671e-46
  3812  5.4804e-46
  3814  5.7121e-46
  3817  5.3528e-46
  3820  5.0597e-46
  3821  5.3951e-46
  3823  5.6233e-46
  3825  5.8643e-46
  3827  5.8692e-46
  3829  5.0932e-46
  3831  4.7440e-46
  3834  4.7653e-46
  3835  4.1952e-46
  3837  3.8608e-46
  3840  3.2277e-46
  3843  2.6437e-46
  3844  2.4854e-46
  3845  2.2584e-46
  3847  2.3642e-46
  3850  2.3868e-46
  3851  2.2323e-46
  3852  1.9739e-46
  3853  2.1502e-46
  3854  1.7937e-46
  3855  1.7097e-46
  3856  1.4728e-46
  3857  1.3257e-46
  3858  1.2721e-46
  3860  1.3102e-46
  3863  1.2824e-46
  3864  1.1429e-46
  3867  1.1636e-46
  3868  1.0926e-46
  3871  1.0524e-46
  3873  1.0004e-46
  3874  9.1017e-47
  3877  8.2902e-47
  3880  6.7901e-47
  3883  7.2432e-47
  3886  6.2087e-47
  3888  5.9910e-47
  3889  5.2709e-47
  3892  4.7973e-47
  3895  4.4609e-47
  3896  4.1679e-47
  3899  4.5300e-47
  3900  4.3049e-47
  3901  4.6973e-47
  3902  5.1127e-47
  3904  5.4245e-47
  3907  4.5282e-47
  3908  4.3507e-47
  3910  4.7358e-47
  3913  5.0949e-47
  3915  5.0340e-47
  3917  4.5364e-47
  3920  4.6283e-47
  3922  4.7237e-47
  3925  4.9449e-47
  3927  4.3160e-47
  3929  4.3973e-47
  3930  3.8476e-47
  3933  3.2864e-47
  3936  3.1877e-47
  3937  3.2347e-47
  3938  3.5527e-47
  3941  3.5625e-47
  3943  3.4344e-47
  3944  3.7723e-47
  3947  3.1828e-47
  3948  2.6628e-47
  3949  2.8487e-47
  3952  2.7449e-47
  3954  2.5095e-47
  3955  2.3734e-47
  3957  2.0597e-47
  3960  2.1389e-47
  3961  2.0869e-47
  3963  1.9700e-47
  3966  1.9566e-47
  3968  1.8843e-47
  3970  1.8525e-47
  3973  1.4880e-47
  3975  1.4760e-47
  3976  1.4865e-47
  3979  1.3366e-47
  3982  1.2658e-47
  3983  1.2081e-47
  3985  1.2754e-47
  3986  1.3692e-47
  3987  1.3459e-47
  3990  1.3675e-47
  3992  1.4357e-47
  3994  1.3223e-47
  3995  1.1746e-47
  3998  9.9024e-48
  4000  1.0260e-47
  4003  9.9930e-48
  4006  8.6808e-48
  4008  8.4089e-48
  4010  7.2466e-48
  4012  6.9038e-48
  4014  6.8771e-48
  4017  7.5503e-48
  4020  7.8826e-48
  4021  8.3754e-48
  4022  7.0512e-48
  4023  6.0457e-48
  4026  5.9871e-48
  4027  5.4659e-48
  4029  6.0100e-48
  4030  6.5320e-48
  4031  5.6680e-48
  4034  5.9727e-48
  4035  5.2908e-48
  4036  4.5265e-48
  4038  4.9046e-48
  4041  4.9203e-48
  4044  5.0304e-48
  4047  5.3553e-48
  4049  5.3400e-48
  4051  5.6859e-48
  4054  4.5554e-48
  4057  3.8149e-48
  4059  3.8405e-48
  4060  3.7819e-48
  4062  3.6165e-48
  4063  3.4779e-48
  4064  3.7573e-48
  4066  3.5339e-48
  4068  3.4568e-48
  4071  3.3168e-48
  4072  3.2409e-48
  4075  2.9539e-48
  4078  3.2304e-48
  4080  3.1550e-48
  4082  3.1969e-48
  4083  3.4540e-48
  4084  2.9269e-48
  4085  2.7678e-48
  4087  3.0070e-48
  4088  2.9755e-48
  4089  2.5432e-48
  4091  2.5300e-48
  4094  2.7575e-48
  4096  2.6716e-48
  4099  2.1691e-48
  4102  2.2522e-48
  4104  1.8919e-48
  4105  1.9215e-48
  4107  1.7859e-48
  4110  1.8224e-48
  4111  1.6474e-48
  4113  1.5774e-48
  4115  1.3797e-48
  4118  1.2168e-48
  4120  1.3093e-48
  4122  1.1923e-48
  4124  9.9053e-49
  4126  9.4403e-49
  4129  8.4190e-49
  4132  8.0415e-49
  4133  6.5437e-49
  4134  6.3176e-49
  4135  6.5483e-49
  4138  5.3022e-49
  4139  4.3728e-49
  4140  4.1598e-49
  4141  3.9706e-49
  4143  3.5910e-49
  4144  3.8257e-49
  4145  3.6118e-49
  4148  3.6711e-49
  4150  3.8585e-49
  4153  3.2797e-49
  4155  2.8662e-49
  4158  2.6375e-49
  4159  2.5574e-49
  4162  2.5600e-49
  4165  2.3737e-49
  4166  2.0742e-49
  4169  1.7579e-49
  4172  1.6978e-49
  4175  1.7259e-49
  4176  1.5822e-49
  4177  1.5684e-49
  4180  1.5278e-49
  4182  1.4332e-49
  4185  1.5009e-49
  4187  1.2795e-49
  4190  1.0628e-49
  4191  8.5232e-50
  4192  8.7324e-50
  4194  8.5359e-50
  4196  8.6710e-50
  4199  8.7393e-50
  4202  7.6516e-50
  4205  7.8979e-50
  4207  7.4844e-50
  4210  7.0835e-50
  4212  5.7788e-50
  4215  5.3878e-50
  4217  4.6373e-50
  4219  4.9685e-50
  4220  4.4167e-50
  4223  4.5741e-50
  4225  4.2640e-50
  4227  4.2781e-50
  4228  3.6829e-50
  4231  3.9701e-50
  4233  3.5742e-50
  4236  3.1280e-50
  4239  3.1379e-50
  4242  2.5617e-50
  4243  2.6673e-50
  4245  2.4490e-50
  4248  2.5758e-50
  4251  2.7955e-50
  4254  2.5197e-50
  4256  2.0785e-50
  4257  1.7261e-50
  4260  1.6834e-50
  4261  1.7343e-50
  4264  1.6877e-50
  4265  1.4151e-50
  4267  1.3184e-50
  4269  1.4071e-50
  4270  1.4115e-50
  4271  1.5450e-50
  4273  1.2640e-50
  4274  1.3516e-50
  4276  1.1498e-50
  4279  1.1381e-50
  4282  1.1766e-50
  4284  1.1968e-50
  4287  1.1336e-50
  4288  9.2223e-51
  4289  9.4987e-51
  4292  9.1125e-51
  4295  7.6405e-51
  4297  8.0318e-51
  4299  7.5608e-51
  4302  7.7775e-51
  4305  6.5696e-51
  4307  6.9954e-51
  4309  7.6948e-51
  4310  8.4201e-51
  4311  8.0367e-51
  4312  8.3864e-51
  4314  8.3823e-51
  4317  8.7881e-51
  4319  7.9943e-51
  4321  6.8913e-51
  4322  6.1621e-51
  4323  6.6424e-51
  4326  6.7684e-51
  4329  7.0883e-51
  4330  6.7184e-51
  4331  6.0600e-51
  4334  5.7019e-51
  4336  5.8921e-51
  4337  6.2354e-51
  4339  5.7374e-51
  4342  5.1315e-51
  4344  4.7064e-51
  4346  5.0238e-51
  4347  4.5817e-51
  4348  3.7583e-51
  4350  3.7713e-51
  4353  3.8492e-51
  4355  3.8768e-51
  4357  3.1191e-51
  4359  2.9796e-51
  4360  3.0867e-51
  4363  3.1803e-51
  4366  3.1983e-51
  4367  3.4095e-51
  4369  3.6979e-51
  4371  3.7540e-51
  4374  3.3851e-51
  4377  3.0124e-51
  4380  2.4224e-51
  4383  2.6612e-51
  4386  2.7769e-51
  4388  2.6203e-51
  4391  2.4920e-51
  4392  2.3973e-51
  4394  2.1767e-51
  4397  1.9363e-51
  4398  2.0855e-51
  4400  1.7731e-51
  4403  1.5826e-51
  4405  1.2715e-51
  4406  1.3488e-51
  4407  1.3320e-51
  4410  1.4065e-51
  4411  1.1909e-51
  4412  1.2745e-51
  4413  1.0786e-51
  4414  1.1636e-51
  4416  9.4234e-52
  4417  8.7974e-52
  4419  9.3926e-52
  4421  8.0971e-52
  4423  6.8861e-52
  4426  7.5152e-52
  4427  7.4393e-52
  4429  7.8927e-52
  4431  8.4217e-52
  4434  9.2319e-52
  4436  8.1134e-52
  4437  7.9000e-52
  4440  8.4420e-52
  4442  8.4392e-52
  4445  7.6114e-52
  4448  6.2256e-52
  4449  6.8356e-52
  4451  6.3295e-52
  4454  6.2624e-52
  4455  5.8924e-52
  4458  5.3281e-52
  4459  4.5382e-52
  4460  4.9222e-52
  4461  4.1793e-52
  4464  4.4894e-52
  4466  3.6663e-52
  4469  3.7662e-52
  4470  3.9793e-52
  4473  4.3771e-52
  4475  4.3503e-52
  4478  4.5283e-52
  4481  4.2533e-52
  4483  4.6401e-52
  4486  3.8061e-52
  4488  3.1217e-52
  4489  2.7627e-52
  4491  2.6984e-52
  4493  2.7854e-52
  4495  2.9482e-52
  4496  2.6711e-52
  4498  2.7930e-52
  4500  2.8684e-52
  4501  2.6698e-52
  4504  2.1512e-52
  4507  1.8088e-52
  4509  1.5469e-52
  4510  1.2756e-52
  4513  1.0690e-52
  4514  1.1265e-52
  4515  1.0833e-52
  4518  1.0510e-52
  4519  9.2687e-53
  4522  9.0181e-53
  4524  7.8034e-53
  4526  7.3020e-53
  4527  6.0152e-53
  4529  6.5876e-53
  4531  5.7413e-53
  4532  4.7304e-53
  4535  4.4801e-53
  4536  4.4995e-53
  4539  4.4321e-53
  4541  4.3134e-53
  4542  4.2216e-53
  4543  3.7648e-53
  4546  3.2218e-53
  4547  2.8474e-53
  4548  2.3294e-53
  4549  2.1168e-53
  4551  1.7639e-53
  4553  1.4747e-53
  4555  1.3208e-53
  4556  1.4427e-53
  4557  1.4300e-53
  4560  1.1881e-53
  4562  1.0125e-53
  4564  1.0820e-53
  4565  1.0804e-53
  4566  1.0815e-53
  4569  1.0964e-53
  4570  9.7980e-54
  4572  1.0227e-53
  4573  8.8837e-54
  4574  8.4401e-54
  4576  9.2492e-54
  4578  9.0500e-54
  4579  8.1483e-54
  4582  8.4731e-54
  4584  7.9667e-54
  4586  8.6940e-54
  4589  9.2212e-54
  4590  8.0578e-54
  4593  7.5276e-54
  4594  7.2039e-54
  4595  6.4667e-54
  4596  6.3138e-54
  4597  5.2377e-54
  4599  5.7569e-54
  4602  5.6892e-54
  4605  5.9752e-54
  4607  4.8610e-54
  4610  3.9937e-54
  4611  3.7594e-54
  4613  3.6371e-54
  4614  3.5501e-54
  4617  3.8046e-54
  4618  3.5820e-54
  4620  3.4490e-54
  4623  3.7750e-54
  4624  3.9280e-54
  4627  3.8868e-54
  4629  3.4542e-54
  4630  3.3687e-54
  4631  3.3873e-54
  4634  2.8154e-54
  4637  2.6376e-54
  4640  2.6179e-54
  4641  2.1692e-54
  4642  2.1412e-54
  4644  2.3167e-54
  4647  1.9424e-54
  4650  2.0773e-54
  4653  1.8153e-54
  4655  1.5686e-54
  4658  1.6316e-54
  4660  1.6679e-54
  4661  1.6582e-54
  4664  1.8175e-54
  4666  1.9197e-54
  4667  1.6394e-54
  4669  1.5094e-54
  4672  1.2348e-54
  4673  1.2019e-54
  4674  1.3024e-54
  4676  1.1868e-54
  4677  1.1371e-54
  4680  1.2356e-54
  4683  1.2925e-54
  4686  1.2972e-54
  4688  1.0769e-54
  4690  9.5755e-55
  4693  9.9678e-55
  4695  8.0966e-55
  4698  7.6899e-55
  4700  7.7902e-55
  4703  7.4670e-55
  4705  8.1956e-55
  4707  8.0528e-55
  4710  7.4192e-55
  4712  7.0194e-55
  4713  5.7179e-55
  4714  4.9170e-55
  4715  4.9761e-55
  4716  4.2409e-55
  4718  3.4554e-55
  4720  3.3820e-55
  4722  3.3662e-55
  4725  2.7781e-55
  4728  2.9261e-55
  4729  2.4616e-55
  4732  2.1737e-55
  4734  1.9036e-55
  4735  2.0708e-55
  4736  2.1512e-55
  4739  2.3520e-55
  4742  2.2814e-55
  4744  2.0366e-55
  4746  2.2236e-55
  4747  1.9801e-55
  4750  2.1204e-55
  4751  1.7002e-55
  4753  1.8446e-55
  4754  1.8385e-55
  4757  1.9261e-55
  4760  2.1034e-55
  4762  1.9310e-55
  4765  1.8564e-55
  4768  1.6138e-55
  4771  1.4869e-55
  4772  1.5205e-55
  4773  1.6694e-55
  4776  1.4988e-55
  4779  1.2947e-55
  4780  1.1948e-55
  4783  1.0264e-55
  4784  8.9341e-56
  4785  7.6103e-56
  4786  6.4568e-56
  4788  5.7688e-56
  4790  4.7007e-56
  4792  4.1962e-56
  4794  3.6260e-56
  4795  3.5540e-56
  4798  2.9910e-56
  4799  2.8008e-56
  4802  2.2781e-56
  4803  2.1735e-56
  4804  2.3277e-56
  4806  2.1536e-56
  4807  1.8841e-56
  4810  1.7789e-56
  4812  1.9341e-56
  4815  1.6447e-56
  4816  1.7002e-56
  4818  1.3679e-56
  4819  1.4631e-56
  4820  1.5099e-56
  4822  1.6206e-56
  4824  1.5732e-56
  4825  1.3988e-56
  4826  1.2050e-56
  4828  1.2179e-56
  4829  1.3162e-56
  4831  1.1757e-56
  4834  1.2378e-56
  4835  1.1656e-56
  4836  1.2045e-56
  4837  1.0941e-56
  4838  1.1235e-56
  4839  1.0134e-56
  4840  8.7823e-57
  4843  8.8451e-57
  4845  7.6596e-57
  4847  6.7743e-57
  4848  6.1340e-57
  4849  5.0442e-57
  4850  4.8137e-57
  4851  4.4792e-57
  4852  4.1351e-57
  4854  4.1786e-57
  4856  4.2314e-57
  4858  4.3599e-57
  4859  3.7820e-57
  4862  3.5198e-57
  4865  3.4553e-57
  4868  3.2138e-57
  4869  2.6913e-57
  4872  2.4188e-57
  4875  1.9827e-57
  4876  1.6782e-57
  4879  1.4568e-57
  4882  1.2940e-57
  4884  1.0898e-57
  4885  1.0608e-57
  4888  1.0894e-57
  4890  1.1583e-57
  4893  1.0170e-57
  4895  9.9670e-58
  4897  8.6197e-58
  4900  8.3157e-58
  4902  7.4225e-58
  4904  6.2319e-58
  4906  5.4774e-58
  4908  5.1372e-58
  4910  4.3986e-58
  4912  3.7348e-58
  4913  3.4980e-58
  4915  3.3618e-58
  4916  3.6411e-58
  4917  3.2171e-58
  4918  3.1789e-58
  4919  3.3622e-58
  4921  3.4786e-58
  4923  3.4971e-58
  4926  3.3654e-58
  4927  3.4300e-58
  4930  3.7023e-58
  4932  3.0829e-58
  4933  2.4666e-58
  4936  2.3956e-58
  4938  2.2070e-58
  4940  2.1757e-58
  4942  2.1655e-58
  4943  2.1840e-58
  4944  1.9143e-58
  4945  2.1051e-58
  4948  1.9773e-58
  4950  2.0720e-58
  4953  2.2613e-58
  4955  1.9562e-58
  4958  1.5825e-58
  4959  1.2915e-58
  4961  1.3318e-58
  4964  1.3340e-58
  4967  1.3882e-58
  4968  1.1562e-58
  4970  9.7568e-59
  4971  8.4713e-59
  4973  7.5168e-59
  4975  7.5643e-59
  4976  6.7510e-59
  4978  5.6491e-59
  4981  6.1639e-59
  4983  6.4800e-59
  4985  7.0235e-59
  4987  7.1275e-59
  4989  6.1956e-59
  4991  6.3883e-59
  4994  5.5207e-59
  4996  5.0273e-59
  4997  5.5044e-59
  4998  4.5281e-59
  5000  4.9666e-59
  5001  5.1743e-59
  5004  5.6488e-59
  5006  6.0982e-59
  5007  5.7383e-59
  5009  6.1825e-59
  5011  6.2868e-59
  5013  6.4991e-59
  5015  5.7843e-59
  5016  6.2464e-59
  5017  6.3573e-59
  5019  5.8149e-59
  5022  5.8222e-59
  5025  6.1149e-59
  5027  5.7837e-59
  5030  5.2056e-59
  5031  4.2915e-59
  5032  3.8721e-59
  5034  3.3496e-59
  5037  3.4401e-59
  5039  3.3943e-59
  5040  3.5033e-59
  5041  3.4099e-59
  5043  3.1480e-59
  5046  2.6537e-59
  5047  2.6043e-59
  5050  2.7431e-59
  5051  2.3590e-59
  5053  2.4206e-59
  5054  2.2350e-59
  5057  2.2669e-59
  5058  2.4573e-59
  5060  2.2530e-59
  5063  2.2531e-59
  5065  2.1460e-59
  5067  2.2630e-59
  5069  2.2805e-59
  5070  2.3901e-59
  5072  2.2204e-59
  5074  2.4016e-59
  5077  2.2550e-59
  5080  2.4771e-59
  5081  2.1570e-59
  5082  1.8156e-59
  5085  1.9857e-59
  5088  1.9876e-59
  5090  2.0628e-59
  5093  1.8216e-59
  5096  1.7189e-59
  5097  1.6848e-59
  5100  1.6476e-59
  5101  1.4572e-59
  5102  1.5788e-59
  5104  1.5429e-59
  5106  1.5377e-59
  5109  1.5534e-59
  5112  1.4321e-59
  5114  1.5671e-59
  5115  1.5644e-59
  5116  1.4428e-59
  5117  1.5846e-59
  5118  1.3334e-59
  5121  1.2574e-59
  5123  1.1133e-59
  5124  1.0113e-59
  5125  9.8431e-60
  5128  1.0002e-59
  5131  8.5251e-60
  5133  7.3734e-60
  5135  7.0606e-60
  5138  6.9095e-60
  5140  5.5398e-60
  5141  5.2686e-60
  5143  5.1743e-60
  5145  5.5411e-60
  5148  6.0194e-60
  5149  5.7382e-60
  5150  4.9116e-60
  5152  4.6197e-60
  5153  3.7743e-60
  5155  3.5789e-60
  5156  3.6664e-60
  5159  3.1657e-60
  5161  2.6612e-60
  5163  2.6482e-60
  5164  2.4525e-60
  5165  2.1262e-60
  5166  1.9464e-60
  5169  1.8135e-60
  5172  1.9774e-60
  5173  1.8089e-60
  5175  1.5886e-60
  5177  1.4028e-60
  5179  1.1891e-60
  5181  1.2282e-60
  5184  1.2892e-60
  5186  1.2993e-60
  5187  1.3105e-60
  5188  1.2931e-60
  5190  1.3799e-60
  5193  1.4182e-60
  5195  1.1757e-60
  5197  1.1738e-60
  5198  1.1981e-60
  5200  1.1909e-60
  5201  1.1614e-60
  5202  1.0366e-60
  5204  1.0190e-60
  5205  8.2912e-61
  5206  6.6909e-61
  5207  6.4691e-61
  5210  6.4706e-61
  5213  5.8077e-61
  5216  5.1224e-61
  5217  4.3006e-61
  5219  3.5756e-61
  5222  2.8966e-61
  5224  2.9077e-61
  5225  2.7273e-61
  5228  2.3794e-61
  5230  2.4183e-61
  5232  2.5118e-61
  5235  2.0770e-61
  5237  2.1864e-61
  5240  1.9736e-61
  5243  1.8479e-61
  5246  1.7214e-61
  5247  1.6101e-61
  5249  1.5878e-61
  5252  1.6086e-61
  5255  1.4445e-61
  5257  1.5211e-61
  5258  1.4916e-61
  5260  1.3719e-61
  5261  1.3815e-61
  5262  1.4587e-61
  5263  1.1953e-61
  5264  1.0000e-61
  5267  8.3798e-62
  5269  9.0130e-62
  5270  7.7205e-62
  5271  8.0239e-62
  5273  6.9170e-62
  5275  6.0005e-62
  5278  5.1051e-62
  5281  4.3078e-62
  5282  4.2198e-62
  5285  3.9079e-62
  5287  3.7611e-62
  5290  4.1137e-62
  5293  3.9081e-62
  5294  3.6064e-62
  5296  3.0317e-62
  5297  2.9533e-62
  5300  2.8096e-62
  5302  2.6327e-62
  5303  2.2704e-62
  5305  1.9495e-62
  5306  1.7850e-62
  5309  1.7276e-62
  5311  1.5552e-62
  5313  1.6922e-62
  5314  1.4214e-62
  5316  1.3477e-62
  5319  1.2427e-62
  5321  1.0546e-62
  5323  9.0510e-63
  5324  8.9335e-63
  5326  8.6015e-63
  5328  8.6464e-63
  5330  9.2769e-63
  5332  9.4275e-63
  5334  8.2346e-63
  5335  7.7481e-63
  5336  6.3717e-63
  5339  5.3036e-63
  5340  5.1409e-63
  5343  4.8294e-63
  5346  5.2545e-63
  5349  4.8381e-63
  5351  4.4594e-63
  5353  4.0495e-63
  5356  4.0534e-63
  5358  4.3119e-63
  5359  4.6553e-63
  5361  4.6583e-63
  5362  4.4321e-63
  5365  4.2315e-63
  5368  3.7974e-63
  5370  3.0384e-63
  5373  2.8571e-63
  5374  3.0998e-63
  5375  2.7702e-63
  5378  2.7120e-63
  5380  2.5933e-63
  5382  2.3071e-63
  5383  2.0883e-63
  5384  1.7831e-63
  5386  1.7691e-63
  5388  1.5883e-63
  5390  1.4658e-63
  5391  1.2873e-63
  5393  1.1725e-63
  5396  1.1574e-63
  5398  1.0645e-63
  5401  9.3476e-64
  5403  9.8428e-64
  5406  1.0039e-63
  5409  8.9921e-64
  5410  9.1431e-64
  5411  9.3482e-64
  5414  9.3192e-64
  5416  1.0189e-63
  5417  1.0430e-63
  5418  9.5110e-64
  5420  9.2865e-64
  5421  7.5301e-64
  5422  6.5078e-64
  5423  6.2756e-64
  5426  6.4402e-64
  5429  5.3654e-64
  5432  5.6978e-64
  5435  5.8279e-64
  5437  5.0891e-64
  5439  4.3658e-64
  5442  4.4501e-64
  5443  4.8016e-64
  5446  4.8230e-64
  5447  4.8946e-64
  5449  4.5330e-64
  5451  4.4552e-64
  5452  4.5807e-64
  5453  4.5673e-64
  5454  4.4393e-64
  5456  3.9414e-64
  5458  3.6939e-64
  5460  3.9306e-64
  5463  3.3419e-64
  5466  2.9530e-64
  5468  3.2287e-64
  5470  2.6155e-64
  5471  2.1572e-64
  5474  1.9014e-64
  5475  1.7974e-64
  5478  1.7731e-64
  5481  1.7996e-64
  5482  1.8166e-64
  5485  1.8581e-64
  5488  1.4892e-64
  5489  1.3439e-64
  5492  1.3086e-64
  5493  1.1468e-64
  5496  9.7277e-65
  5499  9.9316e-65
  5500  8.8552e-65
  5501  7.8592e-65
  5502  8.6128e-65
  5503  9.3566e-65
  5506  9.0089e-65
  5509  8.9723e-65
  5511  7.2789e-65
  5512  6.7566e-65
  5513  6.3066e-65
  5516  5.8788e-65
  5517  4.9586e-65
  5518  4.6390e-65
  5520  4.5525e-65
  5521  3.9491e-65
  5523  3.3394e-65
  5526  2.8052e-65
  5528  2.7902e-65
  5530  2.6072e-65
  5532  2.3184e-65
  5535  1.9486e-65
  5538  2.0676e-65
  5541  2.0026e-65
  5544  1.8314e-65
  5547  1.7579e-65
  5548  1.8994e-65
  5550  1.9548e-65
  5551  1.9594e-65
  5554  1.8669e-65
  5557  1.5959e-65
  5559  1.5396e-65
  5560  1.2910e-65
  5562  1.1848e-65
  5564  9.9917e-66
  5566  9.9976e-66
  5568  1.0716e-65
  5569  9.2605e-66
  5570  8.1145e-66
  5571  8.8955e-66
  5573  8.4681e-66
  5575  8.3041e-66
  5578  7.6446e-66
  5579  7.8556e-66
  5581  7.2401e-66
  5584  6.4419e-66
  5585  6.5295e-66
  5588  5.5981e-66
  5590  5.6819e-66
  5592  5.7209e-66
  5595  5.6337e-66
  5598  5.5566e-66
  5600  5.0302e-66
  5601  4.9273e-66
  5602  4.4011e-66
  5603  3.7271e-66
  5604  3.1723e-66
  5605  2.6246e-66
  5607  2.3897e-66
  5610  2.2106e-66
  5612  1.8624e-66
  5615  1.8858e-66
  5617  1.9877e-66
  5618  1.9939e-66
  5619  1.8743e-66
  5622  1.8727e-66
  5623  1.7234e-66
  5624  1.5196e-66
  5625  1.3595e-66
  5628  1.1719e-66
  5629  1.2529e-66
  5632  1.0647e-66
  5635  8.9674e-67
  5638  9.3842e-67
  5640  9.8371e-67
  5642  9.7319e-67
  5644  1.0049e-66
  5645  9.8874e-67
  5648  8.6904e-67
  5649  7.4331e-67
  5651  7.6642e-67
  5654  6.6970e-67
  5656  7.1938e-67
  5657  6.6558e-67
  5660  5.5698e-67
  5662  5.8149e-67
  5663  4.8163e-67
  5666  4.8790e-67
  5668  4.6329e-67
  5669  4.0650e-67
  5671  3.5195e-67
  5674  2.9118e-67
  5677  2.6259e-67
  5678  2.5208e-67
  5681  2.1205e-67
  5683  1.9787e-67
  5685  1.9850e-67
  5686  1.6263e-67
  5688  1.7454e-67
  5690  1.7024e-67
  5692  1.8317e-67
  5693  1.6730e-67
  5694  1.5808e-67
  5696  1.4271e-67
  5698  1.1586e-67
  5700  1.0134e-67
  5701  1.0126e-67
  5704  8.6379e-68
  5707  7.1649e-68
  5709  7.1861e-68
  5710  6.4773e-68
  5713  6.4289e-68
  5714  5.3802e-68
  5716  5.6318e-68
  5718  5.8636e-68
  5721  5.0463e-68
  5724  4.9690e-68
  5727  5.3087e-68
  5729  5.0435e-68
  5730  4.2488e-68
  5732  4.0877e-68
  5735  3.9922e-68
  5736  3.5561e-68
  5738  3.7365e-68
  5740  3.8548e-68
  5741  4.0616e-68
  5742  4.0256e-68
  5743  3.4669e-68
  5744  3.6496e-68
  5745  3.7964e-68
  5746  3.1028e-68
  5748  2.5951e-68
  5750  2.7963e-68
  5752  3.0544e-68
  5754  2.5997e-68
  5755  2.3920e-68
  5756  2.1614e-68
  5758  2.0437e-68
  5761  1.9354e-68
  5762  2.0593e-68
  5763  2.1022e-68
  5764  1.8762e-68
  5765  1.5564e-68
  5768  1.3346e-68
  5769  1.3586e-68
  5770  1.2761e-68
  5771  1.0815e-68
  5773  9.1824e-69
  5775  8.3953e-69
  5778  7.0099e-69
  5781  7.5528e-69
  5784  7.6881e-69
  5786  7.4544e-69
  5789  6.8930e-69
  5792  5.7715e-69
  5793  6.1625e-69
  5796  5.9511e-69
  5799  5.9563e-69
  5802  4.8375e-69
  5805  5.0504e-69
  5806  4.3668e-69
  5807  4.7548e-69
  5810  4.9600e-69
  5812  5.3509e-69
  5814  4.5566e-69
  5817  4.4962e-69
  5820  4.4902e-69
  5822  4.1982e-69
  5823  3.7914e-69
  5826  3.1421e-69
  5829  2.8736e-69
  5832  2.6599e-69
  5834  2.5195e-69
  5836  2.7027e-69
  5838  2.7825e-69
  5841  2.5663e-69
  5844  2.5657e-69
  5846  2.5036e-69
  5848  2.3575e-69
  5851  2.2796e-69
  5852  1.9875e-69
  5853  1.7170e-69
  5854  1.7451e-69
  5855  1.9035e-69
  5856  1.5290e-69
  5859  1.5496e-69
  5861  1.6118e-69
  5862  1.5072e-69
  5865  1.2945e-69
  5866  1.0925e-69
  5868  1.1663e-69
  5870  9.8714e-70
  5871  1.0040e-69
  5872  9.8651e-70
  5875  7.9592e-70
  5876  7.4987e-70
  5877  7.0364e-70
  5878  6.4477e-70
  5879  7.0265e-70
  5880  6.0632e-70
  5882  4.8521e-70
  5884  4.2627e-70
  5885  4.1726e-70
  5888  4.2186e-70
  5890  3.7204e-70
  5892  3.1671e-70
  5894  2.8653e-70
  5895  2.9643e-70
  5898  2.5376e-70
  5900  2.4118e-70
  5903  2.3906e-70
  5905  2.1949e-70
  5907  2.1787e-70
  5908  2.2001e-70
  5910  1.7889e-70
  5913  1.7857e-70
  5914  1.5814e-70
  5915  1.4995e-70
  5917  1.4827e-70
  5919  1.2377e-70
  5920  1.2396e-70
  5923  1.3330e-70
  5926  1.1001e-70
  5928  1.1282e-70
  5930  9.1972e-71
  5933  8.8968e-71
  5935  8.1925e-71
  5937  7.1146e-71
  5940  5.9725e-71
  5942  5.6314e-71
  5945  4.6757e-71
  5946  3.8956e-71
  5949  3.1494e-71
  5951  2.7177e-71
  5954  2.5723e-71
  5957  2.0675e-71
  5960  1.6695e-71
  5961  1.5324e-71
  5962  1.3711e-71
  5965  1.1507e-71
  5966  1.0984e-71
  5969  1.0512e-71
  5972  9.4140e-72
  5974  8.7481e-72
  5975  9.5916e-72
  5977  9.2106e-72
  5978  8.9392e-72
  5981  8.2316e-72
  5984  9.0228e-72
  5986  7.3744e-72
  5987  6.5529e-72
  5988  5.7584e-72
  5990  6.1197e-72
  5991  5.3809e-72
  5992  4.3525e-72
  5994  4.6447e-72
  5996  4.8297e-72
  5999  4.4440e-72
  6001  4.1036e-72
  6004  3.7351e-72
  6005  4.1006e-72
  6007  3.4745e-72
  6009  3.0630e-72
  6010  3.0129e-72
  6011  2.8350e-72
  6013  2.7582e-72
  6014  2.7487e-72
  6015  2.9640e-72
  6016  3.1663e-72
  6017  3.3730e-72
  6018  3.2474e-72
  6020  2.8439e-72
  6023  2.8532e-72
  6024  3.0533e-72
  6025  2.8514e-72
  6028  2.6717e-72
  6029  2.5230e-72
  6032  2.2514e-72
  6034  2.0045e-72
  6037  1.7963e-72
  6040  1.9136e-72
  6042  1.9124e-72
  6045  2.0948e-72
  6047  2.0384e-72
  6048  1.7639e-72
  6050  1.6444e-72
  6051  1.7492e-72
  6054  1.5450e-72
  6057  1.6655e-72
  6058  1.5429e-72
  6060  1.6370e-72
  6063  1.4662e-72
  6065  1.3411e-72
  6067  1.2066e-72
  6069  1.0221e-72
  6071  9.4034e-73
  6072  1.0218e-72
  6074  1.0463e-72
  6077  9.9911e-73
  6080  9.9854e-73
  6081  8.6584e-73
  6083  7.7258e-73
  6084  8.2221e-73
  6085  8.1453e-73
  6088  8.4560e-73
  6090  9.1885e-73
  6091  9.4108e-73
  6093  8.7742e-73
  6095  9.0529e-73
  6098  8.7147e-73
  6101  8.6932e-73
  6102  8.9597e-73
  6104  7.8536e-73
  6107  6.4215e-73
  6108  5.1664e-73
  6110  4.5705e-73
  6111  4.2701e-73
  6112  4.1922e-73
  6114  3.6557e-73
  6116  3.4646e-73
  6117  3.2326e-73
  6118  3.0032e-73
  6121  3.0013e-73
  6123  2.9600e-73
  6126  2.9987e-73
  6127  3.2095e-73
  6129  2.9099e-73
  6131  2.7681e-73
  6134  2.6541e-73
  6135  2.4944e-73
  6137  2.6324e-73
  6139  2.6750e-73
  6142  2.7549e-73
  6144  2.6604e-73
  6147  2.2323e-73
  6148  2.2662e-73
  6150  2.3829e-73
  6152  2.5455e-73
  6153  2.1945e-73
  6155  2.0941e-73
  6157  1.7159e-73
  6160  1.8275e-73
  6163  1.8066e-73
  6165  1.5806e-73
  6167  1.5704e-73
  6169  1.2643e-73
  6170  1.3202e-73
  6171  1.3271e-73
  6174  1.2133e-73
  6176  1.2927e-73
  6177  1.0875e-73
  6178  9.2073e-74
  6180  8.4779e-74
  6181  7.9980e-74
  6182  6.9599e-74
  6184  5.5876e-74
  6185  4.6712e-74
  6188  4.8281e-74
  6191  4.0021e-74
  6194  3.8619e-74
  6195  4.0070e-74
  6196  3.6580e-74
  6199  3.1250e-74
  6202  2.7661e-74
  6204  2.2243e-74
  6206  1.8112e-74
  6208  1.9208e-74
  6210  1.7345e-74
  6211  1.8291e-74
  6214  1.7572e-74
  6215  1.8825e-74
  6218  1.7114e-74
  6219  1.6057e-74
  6220  1.3166e-74
  6223  1.2955e-74
  6226  1.2882e-74
  6229  1.3161e-74
  6232  1.1496e-74
  6233  1.1862e-74
  6234  1.0121e-74
  6235  8.9582e-75
  6237  9.2547e-75
  6240  9.4555e-75
  6241  9.1618e-75
  6242  8.5586e-75
  6244  9.1124e-75
  6246  8.7272e-75
  6249  7.7175e-75
  6251  6.2414e-75
  6253  5.5276e-75
  6254  5.5785e-75
  6257  4.9398e-75
  6260  4.2698e-75
  6263  4.2302e-75
  6266  3.4554e-75
  6268  3.0747e-75
  6270  3.1362e-75
  6272  2.6128e-75
  6275  2.1490e-75
  6276  2.2221e-75
  6279  2.1553e-75
  6281  2.2214e-75
  6282  2.0704e-75
  6284  2.0497e-75
  6287  1.9394e-75
  6288  1.5896e-75
  6290  1.5933e-75
  6291  1.5285e-75
  6294  1.5336e-75
  6296  1.3100e-75
  6298  1.3887e-75
  6299  1.2602e-75
  6301  1.0787e-75
  6304  1.1125e-75
  6305  1.0983e-75
  6308  1.2043e-75
  6311  9.6607e-76
  6313  8.7855e-76
  6316  7.1636e-76
  6318  7.2382e-76
  6319  5.9379e-76
  6321  5.4600e-76
  6323  5.2060e-76
  6326  4.4005e-76
  6327  4.2143e-76
  6329  3.3815e-76
  6330  3.0021e-76
  6333  2.7705e-76
  6335  2.2186e-76
  6338  1.9300e-76
  6339  1.8831e-76
  6340  1.8689e-76
  6343  1.7723e-76
  6344  1.8767e-76
  6347  1.9360e-76
  6350  1.6134e-76
  6353  1.4163e-76
  6356  1.5288e-76
  6358  1.3952e-76
  6361  1.5108e-76
  6364  1.5357e-76
  6367  1.5643e-76
  6370  1.2518e-76
  6371  1.0394e-76
  6374  1.0771e-76
  6376  9.3352e-77
  6379  7.9790e-77
  6382  7.8505e-77
  6384  6.7056e-77
  6387  6.6885e-77
  6390  6.9374e-77
  6393  6.0249e-77
  6396  6.2321e-77
  6399  5.7233e-77
  6401  5.9311e-77
  6403  5.8415e-77
  6405  5.0609e-77
  6408  4.8522e-77
  6411  5.3289e-77
  6412  5.1354e-77
  6413  5.3082e-77
  6416  5.1425e-77
  6418  5.5376e-77
  6420  5.4452e-77
  6421  5.1407e-77
  6424  4.6112e-77
  6427  4.6559e-77
  6428  4.9782e-77
  6430  4.8627e-77
  6431  4.3908e-77
  6433  4.1532e-77
  6436  4.4358e-77
  6439  4.6813e-77
  6440  4.3778e-77
  6443  4.7292e-77
  6446  4.9600e-77
  6448  5.0930e-77
  6451  4.8566e-77
  6453  4.4382e-77
  6454  4.7717e-77
  6457  4.0047e-77
  6459  3.4929e-77
  6462  3.6706e-77
  6465  3.6406e-77
  6468  2.9812e-77
  6470  2.4880e-77
  6471  2.6645e-77
  6474  2.9283e-77
  6475  2.9294e-77
  6478  2.7677e-77
  6479  2.4734e-77
  6480  2.2702e-77
  6483  2.1848e-77
  6484  2.0609e-77
  6485  1.8260e-77
  6488  1.6515e-77
  6489  1.3555e-77
  6491  1.4470e-77
  6492  1.5063e-77
  6495  1.3474e-77
  6496  1.4564e-77
  6498  1.2943e-77
  6501  1.3008e-77
  6503  1.1943e-77
  6505  1.2825e-77
  6507  1.3841e-77
  6508  1.2895e-77
  6511  1.1805e-77
  6513  1.2170e-77
  6516  1.3310e-77
  6518  1.2958e-77
  6519  1.4245e-77
  6522  1.3026e-77
  6523  1.3910e-77
  6526  1.4129e-77
  6529  1.1853e-77
  6532  9.7141e-78
  6533  9.4653e-78
  6534  8.1101e-78
  6536  8.0646e-78
  6539  7.6918e-78
  6542  8.2848e-78
  6544  8.0173e-78
  6545  6.8330e-78
  6548  6.2374e-78
  6550  5.9747e-78
  6551  5.0921e-78
  6552  4.3749e-78
  6553  4.4297e-78
  6554  3.7648e-78
  6555  3.8130e-78
  6558  3.9975e-78
  6559  3.2205e-78
  6561  2.8345e-78
  6564  3.0863e-78
  6567  2.9223e-78
  6569  3.2020e-78
  6571  3.5061e-78
  6574  3.7661e-78
  6576  3.0955e-78
  6577  2.7020e-78
  6578  2.5345e-78
  6579  2.4237e-78
  6581  2.6021e-78
  6583  2.6378e-78
  6586  2.7334e-78
  6589  2.9162e-78
  6592  2.9426e-78
  6595  2.3549e-78
  6596  2.2422e-78
  6598  2.2686e-78
  6599  2.0014e-78
  6601  1.8254e-78
  6603  1.5156e-78
  6605  1.3258e-78
  6606  1.2130e-78
  6608  9.7069e-79
  6611  1.0114e-78
  6613  9.7637e-79
  6614  7.8126e-79
  6615  6.5400e-79
  6618  6.1418e-79
  6621  6.1284e-79
  6623  6.1440e-79
  6626  5.9836e-79
  6628  5.5287e-79
  6631  4.6364e-79
  6632  4.6211e-79
  6635  4.8562e-79
  6637  4.1779e-79
  6640  4.0586e-79
  6643  3.5450e-79
  6644  3.2762e-79
  6647  3.5326e-79
  6648  3.2744e-79
  6651  3.1910e-79
  6653  2.6827e-79
  6656  2.6294e-79
  6658  2.6049e-79
  6659  2.7776e-79
  6662  2.2689e-79
  6664  2.2568e-79
  6665  2.2891e-79
  6667  1.9370e-79
  6669  1.9134e-79
  6672  1.6170e-79
  6673  1.3319e-79
  6674  1.2570e-79
  6675  1.1344e-79
  6677  1.0197e-79
  6680  9.1596e-80
  6681  8.6958e-80
  6683  8.0618e-80
  6686  6.6038e-80
  6688  6.7510e-80
  6689  7.1020e-80
  6692  6.6677e-80
  6693  6.1023e-80
  6695  5.0186e-80
  6698  4.7919e-80
  6700  4.1285e-80
  6702  3.8867e-80
  6704  3.8176e-80
  6705  3.0664e-80
  6706  3.2614e-80
  6709  2.9903e-80
  6710  3.1959e-80
  6713  2.7335e-80
  6715  2.9525e-80
  6717  2.9588e-80
  6720  2.6991e-80
  6723  2.4375e-80
  6724  2.4991e-80
  6725  2.7248e-80
  6727  2.1872e-80
  6729  1.7602e-80
  6732  1.7226e-80
  6735  1.4809e-80
  6737  1.4240e-80
  6740  1.3404e-80
  6742  1.1801e-80
  6745  1.1067e-80
  6748  1.1097e-80
  6749  1.1814e-80
  6751  1.0482e-80
  6752  1.0003e-80
  6755  9.2685e-81
  6756  9.4256e-81
  6757  8.1109e-81
  6759  8.9108e-81
  6761  7.8039e-81
  6764  7.8084e-81
  6767  8.2549e-81
  6770  8.8408e-81
  6771  8.9362e-81
  6774  8.4871e-81
  6776  8.1137e-81
  6777  6.8121e-81
  6780  5.7008e-81
  6782  4.9879e-81
  6783  4.3913e-81
  6784  4.4834e-81
  6787  4.2821e-81
  6788  4.3635e-81
  6790  4.3345e-81
  6792  3.6369e-81
  6794  3.7074e-81
  6797  3.0015e-81
  6799  3.2426e-81
  6801  2.6934e-81
  6803  2.3178e-81
  6805  2.3240e-81
  6806  1.9256e-81
  6808  1.7271e-81
  6810  1.5737e-81
  6813  1.7091e-81
  6815  1.7235e-81
  6818  1.5863e-81
  6820  1.4308e-81
  6823  1.3695e-81
  6825  1.4636e-81
  6828  1.1816e-81
  6831  1.2450e-81
  6834  1.1796e-81
  6837  1.2268e-81
  6839  1.2252e-81
  6841  1.2586e-81
  6842  1.3006e-81
  6844  1.1327e-81
  6845  1.0177e-81
  6846  8.5545e-82
  6849  8.6829e-82
  6850  7.3966e-82
  6852  7.8689e-82
  6853  8.5681e-82
  6856  8.6661e-82
  6857  6.9995e-82
  6858  6.4614e-82
  6860  5.5338e-82
  6862  5.8634e-82
  6865  6.0989e-82
  6867  6.1102e-82
  6869  5.4514e-82
  6871  5.7672e-82
  6874  5.1915e-82
  6877  5.2016e-82
  6879  5.2041e-82
  6881  5.0594e-82
  6883  5.1159e-82
  6886  4.1362e-82
  6888  3.9946e-82
  6889  3.5913e-82
  6890  3.3617e-82
  6891  3.6435e-82
  6893  3.2910e-82
  6894  2.7146e-82
  6897  2.3858e-82
  6898  2.2732e-82
  6899  1.8420e-82
  6900  1.9259e-82
  6903  2.0779e-82
  6904  2.1503e-82
  6906  1.9206e-82
  6908  1.9990e-82
  6909  2.1752e-82
  6911  2.3538e-82
  6912  2.2404e-82
  6915  2.0393e-82
  6917  2.0066e-82
  6919  1.7608e-82
  6920  1.6735e-82
  6922  1.3520e-82
  6923  1.2211e-82
  6926  1.0847e-82
  6927  9.7861e-83
  6929  8.4120e-83
  6930  8.7496e-83
  6933  9.3806e-83
  6934  7.5344e-83
  6935  6.2571e-83
  6937  6.6582e-83
  6940  6.6506e-83
  6943  6.6932e-83
  6944  5.9993e-83
  6946  5.4202e-83
  6949  5.9186e-83
  6952  5.9811e-83
  6953  6.2686e-83
  6954  5.9420e-83
  6957  5.5361e-83
  6959  5.1805e-83
  6962  4.3979e-83
  6963  4.2650e-83
  6966  4.5773e-83
  6968  4.2556e-83
  6969  3.9044e-83
  6971  3.6827e-83
  6973  3.2013e-83
  6974  2.8595e-83
  6977  3.0326e-83
  6978  2.9937e-83
  6979  2.7084e-83
  6981  2.7106e-83
  6984  2.4756e-83
  6985  2.7010e-83
  6987  2.2246e-83
  6989  2.3318e-83
  6991  1.9809e-83
  6994  2.0656e-83
  6995  1.8349e-83
  6997  1.5480e-83
  6999  1.4807e-83
  7001  1.6085e-83
  7003  1.3020e-83
  7004  1.2191e-83
  7007  1.2920e-83
  7008  1.0873e-83
  7010  8.9858e-84
  7013  8.0654e-84
  7014  7.9004e-84
  7015  7.6785e-84
  7018  8.0153e-84
  7019  7.5208e-84
  7022  6.7609e-84
  7024  5.4263e-84
  7026  5.1729e-84
  7027  4.3723e-84
  7030  3.5319e-84
  7032  2.9862e-84
  7035  3.2254e-84
  7036  3.5438e-84
  7039  3.3464e-84
  7042  2.7266e-84
  7043  2.5301e-84
  7046  2.3683e-84
  7047  2.3083e-84
  7049  1.9887e-84
  7050  1.6026e-84
  7053  1.4236e-84
  7056  1.4505e-84
  7059  1.4577e-84
  7061  1.4398e-84
  7062  1.1612e-84
  7063  1.0087e-84
  7065  9.5027e-85
  7068  8.9161e-85
  7071  7.1895e-85
  7073  5.8169e-85
  7076  5.8994e-85
  7077  5.6951e-85
  7078  4.5913e-85
  7079  4.4238e-85
  7080  3.8614e-85
  7082  3.9321e-85
  7084  3.7832e-85
  7087  3.4445e-85
  7090  3.6302e-85
  7093  3.4511e-85
  7096  3.3792e-85
  7097  2.8162e-85
  7098  3.0051e-85
  7101  2.8340e-85
  7103  2.5228e-85
  7106  2.1566e-85
  7108  1.9106e-85
  7110  1.6750e-85
  7113  1.5729e-85
  7114  1.4518e-85
  7117  1.3570e-85
  7118  1.2131e-85
  7119  1.2156e-85
  7121  1.2742e-85
  7123  1.2198e-85
  7125  1.1354e-85
  7126  1.0171e-85
  7129  1.0771e-85
  7130  1.0832e-85
  7133  1.0375e-85
  7136  9.2696e-86
  7138  7.5187e-86
  7139  6.1177e-86
  7140  5.3126e-86
  7141  5.0273e-86
  7144  5.3234e-86
  7147  5.4869e-86
  7148  6.0021e-86
  7151  6.5165e-86
  7153  7.1660e-86
  7156  5.8305e-86
  7158  4.9298e-86
  7160  5.2376e-86
  7162  5.2037e-86
  7163  4.6735e-86
  7165  4.1234e-86
  7168  4.1734e-86
  7171  3.5648e-86
  7173  2.8834e-86
  7175  2.8315e-86
  7177  2.7603e-86
  7180  2.8939e-86
  7181  2.3533e-86
  7184  2.2760e-86
  7185  2.3835e-86
  7188  2.5116e-86
  7190  2.0298e-86
  7191  2.0815e-86
  7194  1.7185e-86
  7197  1.3927e-86
  7199  1.2099e-86
  7202  1.2479e-86
  7203  1.1581e-86
  7206  1.1824e-86
  7208  1.0592e-86
  7209  8.9274e-87
  7212  8.1313e-87
  7213  8.1333e-87
  7215  8.6276e-87
  7217  8.1931e-87
  7220  6.8239e-87
  7221  7.1922e-87
  7222  6.1881e-87
  7225  6.4314e-87
  7228  6.9953e-87
  7229  5.6359e-87
  7231  5.1110e-87
  7232  5.5199e-87
  7235  4.8002e-87
  7236  4.6599e-87
  7239  4.2128e-87
  7242  3.8893e-87
  7245  3.5681e-87
  7247  3.1592e-87
  7248  2.8970e-87
  7250  2.9414e-87
  7251  2.6233e-87
  7252  2.5262e-87
  7253  2.7121e-87
  7256  2.3579e-87
  7259  2.4439e-87
  7262  2.0766e-87
  7263  1.8650e-87
  7265  1.6547e-87
  7266  1.7564e-87
  7267  1.7088e-87
  7268  1.5115e-87
  7271  1.3330e-87
  7274  1.4022e-87
  7275  1.1596e-87
  7277  1.1670e-87
  7278  1.2115e-87
  7281  1.3309e-87
  7284  1.2274e-87
  7287  1.3419e-87
  7290  1.4512e-87
  7293  1.3149e-87
  7294  1.3762e-87
  7295  1.2655e-87
  7298  1.3630e-87
  7301  1.2020e-87
  7304  1.0880e-87
  7306  1.0353e-87
  7307  9.7131e-88
  7310  8.1321e-88
  7313  8.5284e-88
  7314  8.5822e-88
  7316  7.5609e-88
  7319  6.1258e-88
  7320  6.1581e-88
  7321  6.0707e-88
  7324  6.5974e-88
  7325  5.6372e-88
  7327  4.5203e-88
  7328  3.8458e-88
  7329  3.1045e-88
  7330  2.5968e-88
  7332  2.2279e-88
  7333  1.8159e-88
  7335  1.7505e-88
  7338  1.4880e-88
  7339  1.5555e-88
  7341  1.4549e-88
  7344  1.3528e-88
  7345  1.1171e-88
  7347  9.8376e-89
  7349  1.0513e-88
  7350  8.6194e-89
  7353  8.4344e-89
  7354  7.2615e-89
  7355  6.6435e-89
  7356  6.3037e-89
  7357  5.1057e-89
  7359  5.3357e-89
  7362  5.7908e-89
  7363  4.8696e-89
  7364  4.6737e-89
  7367  5.0821e-89
  7369  5.1094e-89
  7370  5.1495e-89
  7372  4.4328e-89
  7373  4.4617e-89
  7374  4.5683e-89
  7375  4.6545e-89
  7377  4.8135e-89
  7378  5.0991e-89
  7380  5.4845e-89
  7383  4.8364e-89
  7384  4.2685e-89
  7387  4.0710e-89
  7389  3.9422e-89
  7391  4.2419e-89
  7394  4.0502e-89
  7396  4.0512e-89
  7398  4.3022e-89
  7400  4.1691e-89
  7401  4.1165e-89
  7403  4.4044e-89
  7406  4.7186e-89
  7408  3.7832e-89
  7409  3.6413e-89
  7411  3.2986e-89
  7413  2.7834e-89
  7415  3.0401e-89
  7417  2.8562e-89
  7419  2.3492e-89
  7422  2.4560e-89
  7425  2.2622e-89
  7427  2.0300e-89
  7429  2.0931e-89
  7431  1.9968e-89
  7433  1.8344e-89
  7435  1.8409e-89
  7437  1.5111e-89
  7439  1.2288e-89
  7440  1.2749e-89
  7441  1.3530e-89
  7444  1.2514e-89
  7445  1.1265e-89
  7447  9.5268e-90
  7448  8.8407e-90
  7450  7.2126e-90
  7453  7.0853e-90
  7455  7.4672e-90
  7458  7.3031e-90
  7460  7.2028e-90
  7462  6.9296e-90
  7464  5.8887e-90
  7465  6.2889e-90
  7467  5.8776e-90
  7468  6.1149e-90
  7471  5.5204e-90
  7474  5.1635e-90
  7476  5.5702e-90
  7477  4.9758e-90
  7478  4.5695e-90
  7480  4.6203e-90
  7483  4.8704e-90
  7484  5.0004e-90
  7487  5.4429e-90
  7489  5.0051e-90
  7491  5.1640e-90
  7492  5.2790e-90
  7493  5.2075e-90
  7495  4.4000e-90
  7496  4.0148e-90
  7497  4.4106e-90
  7498  3.9105e-90
  7500  4.0392e-90
  7501  4.2457e-90
  7503  3.9698e-90
  7505  4.1253e-90
  7507  4.1509e-90
  7509  4.2453e-90
  7511  4.1966e-90
  7514  3.4178e-90
  7515  2.8091e-90
  7517  2.7740e-90
  7519  2.6891e-90
  7522  2.6654e-90
  7525  2.3793e-90
  7526  2.1272e-90
  7529  1.9308e-90
  7530  1.7909e-90
  7532  1.5531e-90
  7534  1.2609e-90
  7537  1.0445e-90
  7538  1.0228e-90
  7539  8.5741e-91
  7542  8.7545e-91
  7543  7.3719e-91
  7544  6.1967e-91
  7545  6.5137e-91
  7546  5.2611e-91
  7548  4.5598e-91
  7549  3.9211e-91
  7551  4.0215e-91
  7554  3.3805e-91
  7557  2.8679e-91
  7559  2.9605e-91
  7561  2.9821e-91
  7563  2.8671e-91
  7565  2.6695e-91
  7567  2.6271e-91
  7570  2.1033e-91
  7573  1.7473e-91
  7576  1.4850e-91
  7579  1.2266e-91
  7582  1.0426e-91
  7584  9.3981e-92
  7585  8.7241e-92
  7588  8.7868e-92
  7589  7.3935e-92
  7592  6.5413e-92
  7593  5.7741e-92
  7594  5.6504e-92
  7597  5.2193e-92
  7600  5.2819e-92
  7603  5.5545e-92
  7604  5.9911e-92
  7606  5.9672e-92
  7608  5.1547e-92
  7609  4.2134e-92
  7611  3.7565e-92
  7612  4.0809e-92
  7614  3.7075e-92
  7616  3.1903e-92
  7617  2.7898e-92
  7619  2.3244e-92
  7621  2.2304e-92
  7622  1.8103e-92
  7623  1.8646e-92
  7624  1.9769e-92
  7625  2.0070e-92
  7628  1.9561e-92
  7629  1.7750e-92
  7632  1.7509e-92
  7635  1.9183e-92
  7636  1.8439e-92
  7638  1.5748e-92
  7639  1.5637e-92
  7642  1.5961e-92
  7644  1.3441e-92
  7646  1.4735e-92
  7647  1.2294e-92
  7649  9.9990e-93
  7651  8.2775e-93
  7652  8.0724e-93
  7654  8.3558e-93
  7656  9.0555e-93
  7659  7.3349e-93
  7662  6.3225e-93
  7664  6.5777e-93
  7665  6.2446e-93
  7668  6.7187e-93
  7670  5.7569e-93
  7672  5.2876e-93
  7674  4.5521e-93
  7676  4.7203e-93
  7678  4.3611e-93
  7681  3.7425e-93
  7682  3.2024e-93
  7684  3.0647e-93
  7687  2.7886e-93
  7688  2.4168e-93
  7691  2.2325e-93
  7694  2.4132e-93
  7696  2.6332e-93
  7698  2.4226e-93
  7700  2.1997e-93
  7703  1.9790e-93
  7705  1.9884e-93
  7708  1.9791e-93
  7711  2.0059e-93
  7713  1.9121e-93
  7715  1.6901e-93
  7716  1.3573e-93
  7717  1.4553e-93
  7718  1.5826e-93
  7721  1.5996e-93
  7723  1.5941e-93
  7724  1.4953e-93
  7727  1.5697e-93
  7730  1.2716e-93
  7733  1.0275e-93
  7735  9.7811e-94
  7738  9.9563e-94
  7740  8.5069e-94
  7741  8.3537e-94
  7742  8.1449e-94
  7745  7.7997e-94
  7748  6.4551e-94
  7750  5.9359e-94
  7751  6.4740e-94
  7753  6.5252e-94
  7755  5.3301e-94
  7758  5.6235e-94
  7759  4.5483e-94
  7762  4.1935e-94
  7763  3.6855e-94
  7766  3.0120e-94
  7768  3.1525e-94
  7770  2.7214e-94
  7772  2.3114e-94
  7775  2.4203e-94
  7777  2.4039e-94
  7778  2.4977e-94
  7780  2.6119e-94
  7783  2.7717e-94
  7784  2.5043e-94
  7786  2.4992e-94
  7789  2.0271e-94
  7792  1.9189e-94
  7795  1.9557e-94
  7798  1.7410e-94
  7801  1.7368e-94
  7803  1.4757e-94
  7804  1.4034e-94
  7806  1.1703e-94
  7809  1.2550e-94
  7810  1.0828e-94
  7812  1.0303e-94
  7814  9.8433e-95
  7815  9.6483e-95
  7816  9.8345e-95
  7819  1.0173e-94
  7822  1.0834e-94
  7824  1.1830e-94
  7825  1.2019e-94
  7827  1.0955e-94
  7830  9.1198e-95
  7832  8.5519e-95
  7833  8.5362e-95
  7834  9.1964e-95
  7836  9.4520e-95
  7837  7.6910e-95
  7838  6.8738e-95
  7840  7.4442e-95
  7843  7.6421e-95
  7845  7.7285e-95
  7848  6.8113e-95
  7849  5.7145e-95
  7850  4.7637e-95
  7851  5.0335e-95
  7853  4.3795e-95
  7856  4.6026e-95
  7858  4.9676e-95
  7861  5.4200e-95
  7864  4.4496e-95
  7865  3.9615e-95
  7866  3.6020e-95
  7869  3.7395e-95
  7870  3.0225e-95
  7872  2.4355e-95
  7874  2.4637e-95
  7877  2.3330e-95
  7879  2.0799e-95
  7880  1.6758e-95
  7883  1.8149e-95
  7884  1.8437e-95
  7887  1.6474e-95
  7888  1.5869e-95
  7891  1.3627e-95
  7892  1.1540e-95
  7893  1.0821e-95
  7894  1.0693e-95
  7896  1.0992e-95
  7898  1.0029e-95
  7900  9.4466e-96
  7901  9.3185e-96
  7902  8.5105e-96
  7904  8.2660e-96
  7906  8.7774e-96
  7908  7.8161e-96
  7909  7.2867e-96
  7912  7.6823e-96
  7915  7.1650e-96
  7917  7.7736e-96
  7919  6.3697e-96
  7920  6.8326e-96
  7921  6.0788e-96
  7924  6.6193e-96
  7927  6.9545e-96
  7930  6.7989e-96
  7931  5.8161e-96
  7934  5.7884e-96
  7935  5.8595e-96
  7937  5.6725e-96
  7939  5.4331e-96
  7942  5.4966e-96
  7945  4.5031e-96
  7948  4.7270e-96
  7949  5.0991e-96
  7952  4.9006e-96
  7955  4.4058e-96
  7956  3.7287e-96
  7957  3.4623e-96
  7958  3.3426e-96
  7961  2.7218e-96
  7963  2.3513e-96
  7965  2.0353e-96
  7967  1.7246e-96
  7968  1.5335e-96
  7971  1.3151e-96
  7973  1.2158e-96
  7976  1.1211e-96
  7978  1.0930e-96
  7980  9.0129e-97
  7982  7.2620e-97
  7984  7.7335e-97
  7986  7.7453e-97
  7989  7.5032e-97
  7990  6.0508e-97
  7992  5.5780e-97
  7993  4.5140e-97
  7994  4.5421e-97
  7995  4.4969e-97
  7998  4.6078e-97
