     1  1.0000e+02
     3  8.8726e+01
     5  9.6482e+01
     8  9.2081e+01
    10  8.9716e+01
    11  9.2029e+01
    14  8.5030e+01
    15  8.1115e+01
    17  6.9320e+01
    19  5.7796e+01
    21  5.5517e+01
    24  5.7670e+01
    27  4.7896e+01
    30  4.0883e+01
    33  4.4850e+01
    35  4.7090e+01
    38  4.0660e+01
    40  3.5567e+01
    43  3.8471e+01
    46  3.2154e+01
    49  3.3401e+01
    50  3.5574e+01
    52  3.4772e+01
    53  3.3711e+01
    55  3.2704e+01
    56  3.3647e+01
    58  3.4472e+01
    60  2.8986e+01
    61  2.5108e+01
    64  2.3902e+01
    65  2.6158e+01
    68  2.5330e+01
    69  2.3618e+01
    72  2.4798e+01
    73  2.1807e+01
    75  2.1929e+01
    76  1.7951e+01
    78  1.8508e+01
    79  1.8020e+01
    82  1.4544e+01
    84  1.3435e+01
    86  1.4601e+01
    88  1.5161e+01
    91  1.6654e+01
    94  1.6979e+01
    95  1.8483e+01
    97  1.7184e+01
    98  1.8787e+01
    99  1.6686e+01
   100  1.7081e+01
   103  1.4208e+01
   105  1.1479e+01
   106  9.1979e+00
   109  8.6415e+00
   112  9.0559e+00
   113  8.4716e+00
   115  7.4480e+00
   117  8.1166e+00
   120  8.0362e+00
   122  8.5451e+00
   125  7.8947e+00
   127  6.8796e+00
   129  6.5047e+00
   132  6.8398e+00
   134  5.6959e+00
   137  6.1371e+00
   138  5.7381e+00
   141  4.8364e+00
   143  4.2776e+00
   146  3.4400e+00
   148  2.9974e+00
   149  3.2236e+00
   152  2.8442e+00
   155  3.0961e+00
   158  2.8385e+00
   159  2.5522e+00
   162  2.1382e+00
   165  1.8603e+00
   168  1.7510e+00
   170  1.5378e+00
   171  1.3290e+00
   173  1.2047e+00
   175  9.6607e-01
   178  8.8437e-01
   180  7.9158e-01
   182  7.1332e-01
   183  7.2446e-01
   184  7.5652e-01
   187  7.9565e-01
   189  7.3363e-01
   190  7.5098e-01
   193  6.0846e-01
   195  6.6848e-01
   198  6.0809e-01
   200  5.9461e-01
   201  5.0506e-01
   203  4.9281e-01
   205  4.9034e-01
   207  4.2462e-01
   208  4.3646e-01
   211  4.2683e-01
   214  3.4985e-01
   216  3.5717e-01
   217  3.6639e-01
   218  2.9460e-01
   219  2.5456e-01
   221  2.0749e-01
   223  1.8280e-01
   224  1.6772e-01
   226  1.3665e-01
   227  1.4586e-01
   229  1.2303e-01
   232  1.2268e-01
   235  1.0894e-01
   236  9.2478e-02
   238  8.5168e-02
   241  9.1189e-02
   244  8.2564e-02
   246  7.1404e-02
   249  7.7547e-02
   251  7.1941e-02
   254  6.8935e-02
   256  6.8625e-02
   257  6.5528e-02
   259  5.6264e-02
   262  5.1898e-02
   263  4.8069e-02
   266  4.1712e-02
   269  4.0489e-02
   272  3.3499e-02
   275  3.6260e-02
   278  3.1980e-02
   281  2.9142e-02
   284  3.0343e-02
   286  3.1411e-02
   289  2.8916e-02
   290  2.9483e-02
   293  2.6938e-02
   296  2.1610e-02
   299  1.9447e-02
   301  1.9595e-02
   302  1.9857e-02
   304  2.1385e-02
   306  1.9400e-02
   308  1.6778e-02
   310  1.8164e-02
   313  1.7644e-02
   315  1.8882e-02
   316  1.8743e-02
   318  1.7853e-02
   320  1.7323e-02
   322  1.8044e-02
   323  1.8923e-02
   326  1.5785e-02
   327  1.6149e-02
   330  1.4558e-02
   331  1.5788e-02
   334  1.6546e-02
   335  1.8195e-02
   336  1.5510e-02
   337  1.5548e-02
   339  1.5025e-02
   341  1.2229e-02
   343  1.3335e-02
   345  1.1410e-02
   348  1.2503e-02
   350  1.1040e-02
   351  9.9317e-03
   354  1.0682e-02
   356  1.0472e-02
   357  8.9805e-03
   359  9.3030e-03
   361  7.8685e-03
   364  8.4271e-03
   366  7.3367e-03
   369  6.0839e-03
   372  5.8926e-03
   375  5.2508e-03
   376  5.0972e-03
   379  4.5901e-03
   382  3.6958e-03
   385  4.0028e-03
   386  3.6069e-03
   387  3.5105e-03
   389  3.8517e-03
   390  3.2249e-03
   391  3.2119e-03
   393  2.8561e-03
   395  2.5733e-03
   398  2.3959e-03
   400  2.0870e-03
   403  1.8774e-03
   405  1.8480e-03
   407  1.5039e-03
   408  1.6372e-03
   409  1.5236e-03
   410  1.6552e-03
   412  1.3567e-03
   414  1.4345e-03
   415  1.4962e-03
   418  1.3391e-03
   421  1.2345e-03
   422  1.0861e-03
   423  1.0081e-03
   426  9.3148e-04
   428  7.7706e-04
   429  7.0331e-04
   432  6.3768e-04
   433  6.4694e-04
   436  6.8037e-04
   439  6.8953e-04
   441  6.6750e-04
   442  6.3082e-04
   445  6.3171e-04
   446  6.4900e-04
   448  6.1008e-04
   450  5.3794e-04
   452  4.4428e-04
   455  4.7276e-04
   457  4.2395e-04
   458  3.6228e-04
   459  3.2303e-04
   461  3.1838e-04
   463  3.0758e-04
   465  2.8599e-04
   466  2.9249e-04
   469  3.1929e-04
   470  3.3837e-04
   473  3.2271e-04
   474  3.5078e-04
   475  2.9491e-04
   477  3.0096e-04
   478  3.1172e-04
   481  3.0716e-04
   483  3.0039e-04
   484  2.4735e-04
   485  2.0322e-04
   488  2.1078e-04
   490  1.8956e-04
   491  1.9837e-04
   493  1.8327e-04
   495  1.8047e-04
   498  1.7532e-04
   499  1.4359e-04
   502  1.2725e-04
   503  1.3354e-04
   506  1.2418e-04
   509  1.3344e-04
   512  1.3949e-04
   514  1.2220e-04
   517  1.2367e-04
   520  1.2769e-04
   523  1.1311e-04
   524  9.2201e-05
   526  9.3515e-05
   527  8.2891e-05
   530  7.6960e-05
   531  6.9463e-05
   532  6.5939e-05
   533  6.7295e-05
   534  6.7093e-05
   537  5.4515e-05
   540  4.9140e-05
   542  4.3683e-05
   544  3.9995e-05
   546  3.5885e-05
   547  3.4196e-05
   550  3.7429e-05
   551  3.5881e-05
   553  3.2239e-05
   556  3.3691e-05
   558  3.0329e-05
   560  2.8198e-05
   563  2.9559e-05
   566  2.4544e-05
   568  2.5100e-05
   571  2.3537e-05
   574  1.9766e-05
   576  2.0726e-05
   579  2.0012e-05
   580  2.0302e-05
   582  1.7755e-05
   585  1.5035e-05
   588  1.2308e-05
   589  1.0924e-05
   592  9.2710e-06
   594  9.7075e-06
   597  9.1134e-06
   600  7.9169e-06
   603  8.4404e-06
   605  8.5705e-06
   607  7.5619e-06
   610  6.1337e-06
   612  5.4932e-06
   615  6.0399e-06
   616  5.6486e-06
   618  4.9684e-06
   621  5.3400e-06
   624  5.6245e-06
   625  5.1170e-06
   628  4.1529e-06
   630  4.4039e-06
   633  4.0087e-06
   636  3.6114e-06
   639  3.7036e-06
   640  4.0264e-06
   641  3.9377e-06
   644  4.0762e-06
   645  3.4913e-06
   646  2.8151e-06
   649  2.7597e-06
   651  2.5474e-06
   654  2.7018e-06
   657  2.6720e-06
   660  2.5290e-06
   662  2.1760e-06
   664  1.9968e-06
   666  2.1245e-06
   667  2.1158e-06
   670  1.8228e-06
   672  1.9998e-06
   673  2.1406e-06
   674  1.9072e-06
   677  1.9861e-06
   678  1.8823e-06
   679  1.7876e-06
   680  1.7902e-06
   682  1.4741e-06
   684  1.3514e-06
   685  1.0973e-06
   686  9.5040e-07
   689  8.4663e-07
   691  9.0786e-07
   693  9.9217e-07
   696  8.6274e-07
   699  9.3217e-07
   701  9.0309e-07
   702  8.3137e-07
   705  7.9490e-07
   706  7.0878e-07
   707  6.5108e-07
   709  6.2572e-07
   710  5.9760e-07
   711  5.4593e-07
   713  5.8531e-07
   714  6.2123e-07
   717  6.6906e-07
   720  5.6813e-07
   721  5.6183e-07
   722  6.0935e-07
   724  5.2244e-07
   727  4.3617e-07
   730  4.2499e-07
   732  3.9239e-07
   735  3.8883e-07
   737  3.3192e-07
   738  2.7511e-07
   739  2.6741e-07
   741  2.7462e-07
   744  2.7933e-07
   745  2.8877e-07
   748  2.6826e-07
   750  2.5135e-07
   752  2.2906e-07
   755  1.9551e-07
   756  2.1477e-07
   758  1.8482e-07
   759  1.8772e-07
   762  1.6996e-07
   763  1.3856e-07
   764  1.2890e-07
   766  1.4016e-07
   767  1.4018e-07
   768  1.2968e-07
   769  1.1384e-07
   772  1.1289e-07
   773  9.6561e-08
   774  9.3666e-08
   777  8.8603e-08
   779  7.7653e-08
   782  6.5652e-08
   784  6.5391e-08
   785  7.0170e-08
   786  6.5691e-08
   788  6.3678e-08
   791  6.3876e-08
   793  5.4911e-08
   794  5.5451e-08
   797  4.4531e-08
   798  4.8969e-08
   799  4.7799e-08
   800  5.1968e-08
   802  5.3458e-08
   805  4.3667e-08
   807  3.9458e-08
   808  4.2400e-08
   811  4.0193e-08
   812  4.3121e-08
   813  4.4917e-08
   815  3.5948e-08
   816  3.7566e-08
   819  3.7819e-08
   820  4.0038e-08
   821  3.3806e-08
   822  3.6947e-08
   823  3.2568e-08
   824  2.7845e-08
   826  2.5891e-08
   829  2.6567e-08
   832  2.4307e-08
   833  2.6093e-08
   834  2.7175e-08
   837  2.5972e-08
   838  2.4607e-08
   841  2.6109e-08
   842  2.3198e-08
   844  1.9769e-08
   846  2.0644e-08
   849  1.8661e-08
   852  1.5469e-08
   854  1.6545e-08
   857  1.3976e-08
   858  1.1283e-08
   859  1.2145e-08
   861  1.0630e-08
   862  9.1120e-09
   864  9.0574e-09
   867  8.5558e-09
   869  7.2907e-09
   870  7.3255e-09
   871  7.6593e-09
   874  6.4926e-09
   875  6.3996e-09
   877  6.3480e-09
   880  5.7171e-09
   881  6.1928e-09
   884  6.2405e-09
   887  6.4260e-09
   890  5.9905e-09
   891  5.2011e-09
   894  4.3528e-09
   896  4.7397e-09
   897  4.2004e-09
   898  4.5246e-09
   899  3.9992e-09
   902  3.9842e-09
   903  4.1885e-09
   904  4.1175e-09
   907  3.7483e-09
   910  3.4319e-09
   912  2.7749e-09
   913  2.7714e-09
   915  3.0351e-09
   917  2.7477e-09
   920  2.6329e-09
   921  2.7784e-09
   923  2.8442e-09
   926  2.9311e-09
   928  2.3523e-09
   930  2.2461e-09
   932  1.9291e-09
   934  1.8458e-09
   936  1.9515e-09
   937  2.1008e-09
   940  1.7099e-09
   942  1.6589e-09
   943  1.3977e-09
   944  1.1721e-09
   946  1.1276e-09
   947  9.3759e-10
   950  8.6032e-10
   951  7.4529e-10
   953  7.5386e-10
   954  8.1160e-10
   955  8.6438e-10
   956  8.9704e-10
   957  8.3091e-10
   959  8.4304e-10
   962  8.7775e-10
   963  8.5262e-10
   965  6.9869e-10
   968  6.3644e-10
   969  5.8052e-10
   971  4.9744e-10
   974  5.2798e-10
   977  5.3120e-10
   978  5.7021e-10
   979  5.8410e-10
   982  6.1032e-10
   983  5.0269e-10
   984  4.2804e-10
   985  4.4675e-10
   988  4.4900e-10
   990  3.7064e-10
   993  3.1178e-10
   995  2.5218e-10
   998  2.5349e-10
  1000  2.1355e-10
  1001  2.2740e-10
  1002  2.0902e-10
  1003  2.2507e-10
  1004  2.1124e-10
  1007  1.7132e-10
  1010  1.7182e-10
  1012  1.5051e-10
  1013  1.4775e-10
  1016  1.5391e-10
  1018  1.3955e-10
  1020  1.4479e-10
  1023  1.5259e-10
  1026  1.6591e-10
  1027  1.7518e-10
  1028  1.5295e-10
  1031  1.3122e-10
  1032  1.2472e-10
  1033  1.2611e-10
  1035  1.1015e-10
  1036  1.1872e-10
  1037  1.1039e-10
  1040  9.5615e-11
  1042  9.2926e-11
  1044  9.5078e-11
  1047  9.3563e-11
  1049  7.9749e-11
  1050  8.6693e-11
  1053  7.9455e-11
  1054  6.9853e-11
  1055  7.6589e-11
  1057  7.9626e-11
  1058  8.2073e-11
  1059  7.2615e-11
  1060  7.8824e-11
  1062  7.5715e-11
  1063  8.0852e-11
  1064  8.7634e-11
  1065  7.7174e-11
  1067  7.3423e-11
  1068  6.9375e-11
  1071  5.7918e-11
  1073  4.8563e-11
  1074  4.5007e-11
  1077  3.8814e-11
  1079  3.2517e-11
  1081  2.7761e-11
  1082  2.9908e-11
  1084  2.4676e-11
  1086  2.7015e-11
  1088  2.3374e-11
  1090  2.1473e-11
  1092  2.0647e-11
  1093  1.7619e-11
  1096  1.7215e-11
  1097  1.7016e-11
  1099  1.3733e-11
  1102  1.3894e-11
  1104  1.5249e-11
  1107  1.6014e-11
  1110  1.6830e-11
  1111  1.7854e-11
  1113  1.8577e-11
  1115  2.0195e-11
  1118  1.8629e-11
  1120  1.7764e-11
  1122  1.9233e-11
  1123  1.8135e-11
  1126  1.6449e-11
  1128  1.5720e-11
  1129  1.6329e-11
  1132  1.7859e-11
  1135  1.6373e-11
  1138  1.4540e-11
  1140  1.5845e-11
  1141  1.7072e-11
  1142  1.7604e-11
  1143  1.8663e-11
  1144  2.0423e-11
  1146  1.9984e-11
  1147  1.9652e-11
  1150  1.7355e-11
  1152  1.7298e-11
  1155  1.8584e-11
  1157  1.9139e-11
  1159  1.6689e-11
  1160  1.4146e-11
  1161  1.4353e-11
  1162  1.5357e-11
  1165  1.3598e-11
  1166  1.4776e-11
  1169  1.5825e-11
  1171  1.6448e-11
  1173  1.5117e-11
  1176  1.4356e-11
  1177  1.1809e-11
  1180  1.0234e-11
  1181  8.7802e-12
  1184  9.4515e-12
  1187  7.8412e-12
  1188  8.2159e-12
  1191  7.2017e-12
  1192  5.9854e-12
  1194  4.8681e-12
  1197  4.5075e-12
  1198  4.2985e-12
  1201  3.5545e-12
  1204  3.6435e-12
  1206  3.0691e-12
  1209  3.2882e-12
  1212  2.8506e-12
  1215  2.9107e-12
  1216  3.1245e-12
  1219  2.9342e-12
  1222  2.4215e-12
  1223  2.0425e-12
  1225  1.6838e-12
  1227  1.3853e-12
  1230  1.3950e-12
  1232  1.2919e-12
  1235  1.4077e-12
  1236  1.3831e-12
  1237  1.4729e-12
  1240  1.5841e-12
  1241  1.5118e-12
  1243  1.5339e-12
  1244  1.4776e-12
  1245  1.5952e-12
  1247  1.3865e-12
  1249  1.1608e-12
  1252  1.1017e-12
  1253  9.9510e-13
  1255  1.0044e-12
  1258  1.0124e-12
  1261  9.3573e-13
  1264  9.7026e-13
  1266  1.0189e-12
  1268  1.0818e-12
  1269  9.9760e-13
  1272  7.9951e-13
  1273  6.6600e-13
  1275  6.6769e-13
  1276  5.5949e-13
  1279  4.6639e-13
  1281  4.9252e-13
  1284  4.7699e-13
  1285  3.8950e-13
  1288  3.8254e-13
  1289  3.2406e-13
  1290  3.2094e-13
  1292  3.3505e-13
  1293  2.7286e-13
  1294  2.4535e-13
  1296  2.5674e-13
  1299  2.4049e-13
  1302  2.1790e-13
  1305  2.3086e-13
  1308  1.8517e-13
  1309  1.5652e-13
  1312  1.3270e-13
  1315  1.3465e-13
  1318  1.1498e-13
  1321  1.2525e-13
  1322  1.3740e-13
  1324  1.1558e-13
  1326  1.0743e-13
  1329  1.1016e-13
  1330  9.5868e-14
  1332  8.5923e-14
  1335  9.3706e-14
  1337  7.6298e-14
  1340  8.2282e-14
  1341  8.5354e-14
  1343  8.9715e-14
  1345  8.9395e-14
  1348  9.2804e-14
  1349  1.0047e-13
  1351  9.0700e-14
  1353  8.0770e-14
  1354  7.2593e-14
  1357  7.6680e-14
  1358  7.5381e-14
  1360  6.8894e-14
  1363  6.4757e-14
  1364  6.2651e-14
  1366  6.3991e-14
  1369  6.4517e-14
  1370  6.8520e-14
  1371  6.5428e-14
  1372  5.6670e-14
  1375  4.5609e-14
  1376  4.7934e-14
  1378  4.4523e-14
  1379  4.7749e-14
  1381  4.5717e-14
  1382  3.6975e-14
  1384  3.7303e-14
  1387  2.9993e-14
  1388  3.0891e-14
  1390  3.1282e-14
  1393  3.0155e-14
  1396  3.1209e-14
  1398  3.1192e-14
  1400  3.0962e-14
  1401  2.8212e-14
  1403  2.3670e-14
  1406  2.3999e-14
  1407  2.0735e-14
  1410  2.1917e-14
  1413  2.0022e-14
  1416  2.0499e-14
  1418  2.2026e-14
  1419  2.2578e-14
  1422  1.9213e-14
  1425  1.9204e-14
  1427  1.6360e-14
  1428  1.7770e-14
  1431  1.7840e-14
  1432  1.9503e-14
  1434  1.7856e-14
  1435  1.4296e-14
  1437  1.3253e-14
  1438  1.1373e-14
  1441  9.5849e-15
  1443  9.6859e-15
  1446  8.4176e-15
  1449  7.6819e-15
  1450  6.7947e-15
  1453  5.7231e-15
  1454  4.9771e-15
  1457  4.2712e-15
  1459  4.4996e-15
  1460  4.9405e-15
  1462  4.2876e-15
  1463  4.1983e-15
  1466  3.7234e-15
  1468  4.0833e-15
  1469  4.1898e-15
  1472  3.5704e-15
  1473  3.1046e-15
  1474  2.5867e-15
  1477  2.2521e-15
  1479  2.4392e-15
  1481  2.6119e-15
  1483  2.7156e-15
  1486  2.6378e-15
  1488  2.3695e-15
  1490  1.9365e-15
  1492  1.6924e-15
  1493  1.5231e-15
  1496  1.2340e-15
  1499  1.2442e-15
  1501  1.2570e-15
  1503  1.1213e-15
  1505  1.1389e-15
  1508  9.3754e-16
  1511  1.0037e-15
  1513  8.6764e-16
  1516  8.9179e-16
  1519  8.0731e-16
  1520  6.7225e-16
  1522  6.6421e-16
  1525  6.5831e-16
  1526  5.7432e-16
  1528  5.5971e-16
  1531  5.9117e-16
  1533  5.2911e-16
  1536  4.4424e-16
  1539  4.4149e-16
  1542  3.7254e-16
  1544  3.6552e-16
  1545  3.8302e-16
  1548  3.7847e-16
  1550  3.4034e-16
  1552  3.2026e-16
  1553  2.9581e-16
  1555  3.0103e-16
  1557  2.8163e-16
  1558  2.4080e-16
  1560  2.4475e-16
  1561  2.2697e-16
  1563  2.2480e-16
  1566  2.2827e-16
  1569  2.4260e-16
  1572  2.5740e-16
  1574  2.4342e-16
  1576  2.0350e-16
  1578  2.1111e-16
  1580  1.7907e-16
  1581  1.8143e-16
  1583  1.8142e-16
  1585  1.7842e-16
  1586  1.8684e-16
  1588  1.9583e-16
  1589  1.7348e-16
  1590  1.8434e-16
  1593  1.6854e-16
  1594  1.8193e-16
  1596  1.5795e-16
  1599  1.4029e-16
  1600  1.4247e-16
  1603  1.3815e-16
  1606  1.2212e-16
  1608  1.1649e-16
  1610  1.0894e-16
  1612  9.4217e-17
  1613  7.9327e-17
  1615  8.2305e-17
  1616  8.7345e-17
  1618  7.3756e-17
  1621  7.5525e-17
  1623  7.0514e-17
  1624  6.4832e-17
  1627  6.0545e-17
  1629  5.9264e-17
  1630  5.1362e-17
  1632  4.2593e-17
  1634  4.2787e-17
  1635  3.8434e-17
  1638  3.9728e-17
  1641  3.7726e-17
  1644  3.8247e-17
  1646  3.9750e-17
  1648  3.7415e-17
  1649  3.5144e-17
  1650  3.8520e-17
  1652  3.2097e-17
  1655  2.8275e-17
  1657  2.6103e-17
  1659  2.5852e-17
  1662  2.6164e-17
  1663  2.5569e-17
  1666  2.5753e-17
  1669  2.7321e-17
  1672  2.2895e-17
  1673  1.9317e-17
  1676  1.9479e-17
  1677  1.8263e-17
  1678  1.6384e-17
  1681  1.4425e-17
  1683  1.5553e-17
  1685  1.4245e-17
  1686  1.2110e-17
  1689  1.0119e-17
  1690  1.0391e-17
  1693  9.9730e-18
  1694  1.0900e-17
  1697  1.1470e-17
  1700  1.0409e-17
  1702  9.5359e-18
  1704  9.0598e-18
  1707  9.3478e-18
  1709  8.0910e-18
  1712  7.5642e-18
  1713  7.3593e-18
  1714  7.8232e-18
  1716  8.3128e-18
  1717  8.3524e-18
  1719  8.2764e-18
  1720  6.8740e-18
  1722  7.1412e-18
  1723  5.7290e-18
  1724  6.2981e-18
  1726  6.4384e-18
  1728  6.5091e-18
  1730  5.5775e-18
  1733  5.6200e-18
  1736  6.0478e-18
  1738  5.2678e-18
  1739  4.3374e-18
  1742  3.5634e-18
  1745  3.3217e-18
  1748  3.0658e-18
  1750  2.6572e-18
  1751  2.3939e-18
  1753  2.3029e-18
  1756  2.1708e-18
  1758  2.2371e-18
  1761  2.3646e-18
  1762  2.1010e-18
  1763  2.0333e-18
  1764  1.9258e-18
  1767  1.6424e-18
  1769  1.4872e-18
  1771  1.4424e-18
  1772  1.4860e-18
  1775  1.6250e-18
  1778  1.6851e-18
  1781  1.4949e-18
  1783  1.6147e-18
  1784  1.2948e-18
  1786  1.2231e-18
  1788  1.0199e-18
  1791  8.5920e-19
  1792  9.2519e-19
  1795  8.6765e-19
  1797  9.3609e-19
  1798  7.5489e-19
  1799  6.8314e-19
  1802  6.1271e-19
  1803  6.4281e-19
  1804  6.8488e-19
  1805  7.0856e-19
  1807  6.3556e-19
  1808  5.5165e-19
  1810  5.0784e-19
  1812  4.4194e-19
  1813  3.6531e-19
  1814  3.3553e-19
  1816  3.0808e-19
  1817  3.3395e-19
  1820  3.4974e-19
  1821  3.0762e-19
  1822  2.9540e-19
  1824  2.6503e-19
  1825  2.2441e-19
  1828  2.3469e-19
  1831  2.4246e-19
  1832  2.0527e-19
  1833  1.9777e-19
  1835  1.9462e-19
  1836  1.8600e-19
  1837  1.7577e-19
  1839  1.8103e-19
  1840  1.6448e-19
  1843  1.5839e-19
  1844  1.4473e-19
  1847  1.3800e-19
  1848  1.3507e-19
  1849  1.1757e-19
  1851  1.2398e-19
  1854  1.0985e-19
  1857  1.1582e-19
  1859  1.0202e-19
  1860  8.5937e-20
  1861  7.8900e-20
  1863  7.1336e-20
  1865  5.7792e-20
  1866  5.3475e-20
  1868  4.7725e-20
  1869  4.3427e-20
  1872  4.2763e-20
  1875  4.5075e-20
  1876  3.8195e-20
  1877  4.1872e-20
  1878  4.2565e-20
  1881  3.9111e-20
  1882  3.6736e-20
  1885  3.2071e-20
  1887  3.0881e-20
  1889  2.8811e-20
  1890  2.9862e-20
  1891  2.6230e-20
  1892  2.2319e-20
  1893  2.1247e-20
  1896  1.9628e-20
  1897  1.7195e-20
  1900  1.7294e-20
  1901  1.7605e-20
  1903  1.8661e-20
  1904  1.5484e-20
  1905  1.2655e-20
  1908  1.2219e-20
  1910  1.2862e-20
  1912  1.3367e-20
  1913  1.4103e-20
  1915  1.4484e-20
  1917  1.1764e-20
  1920  1.0749e-20
  1921  1.0796e-20
  1922  1.0211e-20
  1923  8.4353e-21
  1926  7.3599e-21
  1928  7.2390e-21
  1931  7.1597e-21
  1933  6.8354e-21
  1936  5.8421e-21
  1939  5.9946e-21
  1940  5.6370e-21
  1941  5.2352e-21
  1942  5.5765e-21
  1944  5.3190e-21
  1947  5.3552e-21
  1949  4.5422e-21
  1950  4.5785e-21
  1952  4.4962e-21
  1954  3.8665e-21
  1957  4.2185e-21
  1958  4.4815e-21
  1959  3.9532e-21
  1961  3.4896e-21
  1964  3.2385e-21
  1967  3.2520e-21
  1970  3.5742e-21
  1972  3.3484e-21
  1975  2.8334e-21
  1978  2.6967e-21
  1980  2.7968e-21
  1981  2.2706e-21
  1983  2.4198e-21
  1984  2.0439e-21
  1985  1.8057e-21
  1987  1.5227e-21
  1990  1.5551e-21
  1991  1.5012e-21
  1994  1.5920e-21
  1997  1.5180e-21
  2000  1.4199e-21
  2003  1.2745e-21
  2004  1.1766e-21
  2007  1.2290e-21
  2008  1.0441e-21
  2011  1.1451e-21
  2014  1.1104e-21
  2016  1.1872e-21
  2019  1.2759e-21
  2021  1.3212e-21
  2023  1.3936e-21
  2026  1.4516e-21
  2028  1.4694e-21
  2029  1.2141e-21
  2031  1.2562e-21
  2034  1.0429e-21
  2037  9.6060e-22
  2040  8.9813e-22
  2043  7.5376e-22
  2046  7.3001e-22
  2048  6.3346e-22
  2049  6.6800e-22
  2052  5.6443e-22
  2055  4.7069e-22
  2056  4.0327e-22
  2057  4.4199e-22
  2059  3.9815e-22
  2060  4.1949e-22
  2063  4.0186e-22
  2065  4.1724e-22
  2066  3.4624e-22
  2068  3.7588e-22
  2070  3.7020e-22
  2071  3.7211e-22
  2073  3.7376e-22
  2075  3.5777e-22
  2077  3.8887e-22
  2080  3.3822e-22
  2082  3.3618e-22
  2084  3.5503e-22
  2087  3.8489e-22
  2090  3.7181e-22
  2092  3.0666e-22
  2093  2.8206e-22
  2095  2.8050e-22
  2097  2.3750e-22
  2098  1.9623e-22
  2100  1.9643e-22
  2103  2.1154e-22
  2106  2.1656e-22
  2109  2.2499e-22
  2112  1.9436e-22
  2113  1.6282e-22
  2114  1.3373e-22
  2115  1.2803e-22
  2116  1.3316e-22
  2119  1.3100e-22
  2121  1.2712e-22
  2124  1.2310e-22
  2127  9.8746e-23
  2129  1.0284e-22
  2131  1.1243e-22
  2132  9.1686e-23
  2133  9.2043e-23
  2134  9.6166e-23
  2135  9.8735e-23
  2138  9.9568e-23
  2139  8.2822e-23
  2142  6.7057e-23
  2145  6.7067e-23
  2146  5.7311e-23
  2148  4.8377e-23
  2151  3.9462e-23
  2154  3.9431e-23
  2157  3.5610e-23
  2159  3.6331e-23
  2161  3.0438e-23
  2162  2.9422e-23
  2163  2.8921e-23
  2166  2.8161e-23
  2169  2.6257e-23
  2170  2.1040e-23
  2173  2.2330e-23
  2175  2.1863e-23
  2178  2.2305e-23
  2179  2.4321e-23
  2182  2.1282e-23
  2185  1.7526e-23
  2188  1.8792e-23
  2190  1.6837e-23
  2193  1.7135e-23
  2196  1.8293e-23
  2198  1.5855e-23
  2199  1.7193e-23
  2202  1.8806e-23
  2204  1.9684e-23
  2205  1.8007e-23
  2206  1.6141e-23
  2208  1.3682e-23
  2210  1.4580e-23
  2212  1.2694e-23
  2213  1.0871e-23
  2214  8.8656e-24
  2217  9.0021e-24
  2219  8.5727e-24
  2221  9.1534e-24
  2222  9.1238e-24
  2224  7.4498e-24
  2226  8.1594e-24
  2229  7.5847e-24
  2230  7.6915e-24
  2231  7.9509e-24
  2233  7.1647e-24
  2234  7.3609e-24
  2235  6.7477e-24
  2236  6.8716e-24
  2239  6.8588e-24
  2242  6.9361e-24
  2243  5.6476e-24
  2246  4.5832e-24
  2248  4.6767e-24
  2251  4.1573e-24
  2253  4.3831e-24
  2256  4.6395e-24
  2257  4.9500e-24
  2260  4.0829e-24
  2261  3.5384e-24
  2264  3.5613e-24
  2266  3.3088e-24
  2269  3.3955e-24
  2270  3.6405e-24
  2271  3.4892e-24
  2273  2.9841e-24
  2276  2.6408e-24
  2278  2.3008e-24
  2279  2.2240e-24
  2281  2.2819e-24
  2284  1.9081e-24
  2285  1.8314e-24
  2288  1.9410e-24
  2289  2.1306e-24
  2292  1.9500e-24
  2293  2.0047e-24
  2294  1.8868e-24
  2296  2.0221e-24
  2297  1.9171e-24
  2300  1.7455e-24
  2303  1.8934e-24
  2306  2.0385e-24
  2309  1.8331e-24
  2311  1.7373e-24
  2313  1.6007e-24
  2316  1.5054e-24
  2317  1.3441e-24
  2319  1.1229e-24
  2321  9.7819e-25
  2322  1.0226e-24
  2323  8.8035e-25
  2326  9.6590e-25
  2328  9.1879e-25
  2329  8.8006e-25
  2332  9.5120e-25
  2335  8.3994e-25
  2338  9.0844e-25
  2340  8.3169e-25
  2341  7.3309e-25
  2342  8.0176e-25
  2343  8.0303e-25
  2345  7.3637e-25
  2347  7.1303e-25
  2350  7.3288e-25
  2352  7.4367e-25
  2355  7.9129e-25
  2357  6.4030e-25
  2360  5.9834e-25
  2363  6.4640e-25
  2364  6.2431e-25
  2366  6.5559e-25
  2367  6.8799e-25
  2370  7.1759e-25
  2371  6.2369e-25
  2374  5.7989e-25
  2376  5.1126e-25
  2377  5.1453e-25
  2380  4.3990e-25
  2382  4.1601e-25
  2384  4.1555e-25
  2387  4.4607e-25
  2389  4.2194e-25
  2392  4.5173e-25
  2395  4.2731e-25
  2398  3.6926e-25
  2401  3.5705e-25
  2403  3.6797e-25
  2406  3.4192e-25
  2407  2.8213e-25
  2408  2.7519e-25
  2411  2.2856e-25
  2414  2.1929e-25
  2416  2.0091e-25
  2417  1.9217e-25
  2419  1.5873e-25
  2422  1.4940e-25
  2424  1.2139e-25
  2426  1.1711e-25
  2428  1.0907e-25
  2431  1.0392e-25
  2432  8.4553e-26
  2434  9.2142e-26
  2435  9.2385e-26
  2437  9.9749e-26
  2440  1.0528e-25
  2443  8.4643e-26
  2446  8.3535e-26
  2449  7.8934e-26
  2452  6.6617e-26
  2455  6.7237e-26
  2458  7.1422e-26
  2459  6.4378e-26
  2460  6.9883e-26
  2463  5.9797e-26
  2464  5.4304e-26
  2467  5.0756e-26
  2468  5.1030e-26
  2470  4.8251e-26
  2471  4.8867e-26
  2474  5.3639e-26
  2476  4.4361e-26
  2478  4.2764e-26
  2479  4.6661e-26
  2481  4.9654e-26
  2483  5.3001e-26
  2485  5.6855e-26
  2488  5.3732e-26
  2491  4.7570e-26
  2494  3.8059e-26
  2497  3.4567e-26
  2499  3.0376e-26
  2502  3.2734e-26
  2503  2.7916e-26
  2504  2.8842e-26
  2506  2.3961e-26
  2509  2.2644e-26
  2510  1.8642e-26
  2512  2.0206e-26
  2515  1.8301e-26
  2516  1.8959e-26
  2519  1.7220e-26
  2522  1.4895e-26
  2524  1.4175e-26
  2527  1.3957e-26
  2528  1.2823e-26
  2529  1.1166e-26
  2531  9.9179e-27
  2533  9.2617e-27
  2534  9.0006e-27
  2537  7.4359e-27
  2539  7.0963e-27
  2540  6.3356e-27
  2543  5.0797e-27
  2544  4.7001e-27
  2545  4.1218e-27
  2548  3.5662e-27
  2549  3.8249e-27
  2550  3.3490e-27
  2552  3.6802e-27
  2553  3.3982e-27
  2554  2.8615e-27
  2555  2.6905e-27
  2556  2.6395e-27
  2558  2.2231e-27
  2560  2.1842e-27
  2563  2.0699e-27
  2565  2.0830e-27
  2566  1.8312e-27
  2569  1.5635e-27
  2570  1.4066e-27
  2572  1.1326e-27
  2574  1.0320e-27
  2575  9.0616e-28
  2578  8.6405e-28
  2579  9.3851e-28
  2580  8.1129e-28
  2583  7.9023e-28
  2586  6.4641e-28
  2587  6.8840e-28
  2589  7.1038e-28
  2592  6.5094e-28
  2595  5.2866e-28
  2598  5.6213e-28
  2601  4.5762e-28
  2602  4.0060e-28
  2603  4.0854e-28
  2605  3.3111e-28
  2606  3.4410e-28
  2607  2.9707e-28
  2609  3.1918e-28
  2612  3.3316e-28
  2614  3.2783e-28
  2616  2.7009e-28
  2617  2.6105e-28
  2619  2.5081e-28
  2620  2.2910e-28
  2622  1.9842e-28
  2624  1.6223e-28
  2627  1.6273e-28
  2628  1.4691e-28
  2630  1.4793e-28
  2632  1.4040e-28
  2635  1.1300e-28
  2637  9.4055e-29
  2640  8.3158e-29
  2643  8.5713e-29
  2644  7.8779e-29
  2647  6.4500e-29
  2649  6.8214e-29
  2651  5.6431e-29
  2654  5.7149e-29
  2656  5.5556e-29
  2657  5.3299e-29
  2659  4.8190e-29
  2662  4.3410e-29
  2665  4.2531e-29
  2666  4.4123e-29
  2668  4.4409e-29
  2669  4.0568e-29
  2670  3.6883e-29
  2672  3.6923e-29
  2673  2.9681e-29
  2674  3.0258e-29
  2677  2.7676e-29
  2680  2.3522e-29
  2682  2.4009e-29
  2684  2.4868e-29
  2685  2.1747e-29
  2687  1.7888e-29
  2689  1.6466e-29
  2692  1.7311e-29
  2693  1.8811e-29
  2696  1.6285e-29
  2697  1.3392e-29
  2699  1.1286e-29
  2702  9.8986e-30
  2705  8.0635e-30
  2706  6.5172e-30
  2707  6.4327e-30
  2709  6.6423e-30
  2710  6.9234e-30
  2711  7.1706e-30
  2714  5.8957e-30
  2717  5.9049e-30
  2719  5.9215e-30
  2720  5.9837e-30
  2721  5.8210e-30
  2724  4.7079e-30
  2726  3.9130e-30
  2728  3.2896e-30
  2729  3.4320e-30
  2732  3.3058e-30
  2733  2.9326e-30
  2736  3.1175e-30
  2739  3.1636e-30
  2741  3.2113e-30
  2744  3.3147e-30
  2746  2.7305e-30
  2749  2.2668e-30
  2750  2.1330e-30
  2752  1.8821e-30
  2755  1.6401e-30
  2756  1.3269e-30
  2757  1.3366e-30
  2758  1.3493e-30
  2759  1.2477e-30
  2762  1.0721e-30
  2764  8.7794e-31
  2767  8.3012e-31
  2769  8.3098e-31
  2772  8.1392e-31
  2775  8.8063e-31
  2778  7.7649e-31
  2781  6.8451e-31
  2782  5.7656e-31
  2785  5.0455e-31
  2786  4.3079e-31
  2789  3.6273e-31
  2792  3.2487e-31
  2795  3.4864e-31
  2797  3.7967e-31
  2798  3.6854e-31
  2799  3.1620e-31
  2802  3.4776e-31
  2804  3.4253e-31
  2806  3.6873e-31
  2809  3.6225e-31
  2811  3.3819e-31
  2813  3.3991e-31
  2816  2.8464e-31
  2819  2.4959e-31
  2822  2.4610e-31
  2824  2.5894e-31
  2827  2.6395e-31
  2829  2.1753e-31
  2830  1.8103e-31
  2833  1.6969e-31
  2834  1.5077e-31
  2836  1.5755e-31
  2837  1.6285e-31
  2838  1.6123e-31
  2841  1.3237e-31
  2843  1.1648e-31
  2845  1.2000e-31
  2848  1.0923e-31
  2851  9.4600e-32
  2854  8.0380e-32
  2857  7.1004e-32
  2859  5.8104e-32
  2862  5.3668e-32
  2865  5.6593e-32
  2867  4.6586e-32
  2868  4.6243e-32
  2869  4.6797e-32
  2871  4.9647e-32
  2872  4.0925e-32
  2874  3.9281e-32
  2877  4.0155e-32
  2879  3.7721e-32
  2881  3.1477e-32
  2884  3.0853e-32
  2886  2.6703e-32
  2887  2.6334e-32
  2890  2.8150e-32
  2891  2.9217e-32
  2893  3.0940e-32
  2894  2.9663e-32
  2895  3.0807e-32
  2896  2.5968e-32
  2899  2.7550e-32
  2901  2.7950e-32
  2904  3.0741e-32
  2906  2.6881e-32
  2908  2.5149e-32
  2910  2.5587e-32
  2913  2.2203e-32
  2916  2.2063e-32
  2917  1.9371e-32
  2920  1.7990e-32
  2922  1.5033e-32
  2924  1.2463e-32
  2926  1.2532e-32
  2927  1.2192e-32
  2928  1.2707e-32
  2930  1.1275e-32
  2931  1.0512e-32
  2933  9.1165e-33
  2936  9.5730e-33
  2937  9.4547e-33
  2940  8.7632e-33
  2942  7.2028e-33
  2945  5.8811e-33
  2948  4.8119e-33
  2950  4.2326e-33
  2951  3.5984e-33
  2954  3.1740e-33
  2955  2.9107e-33
  2958  2.6328e-33
  2960  2.4806e-33
  2962  1.9994e-33
  2965  2.1469e-33
  2966  2.1328e-33
  2969  2.3003e-33
  2971  2.3662e-33
  2974  2.2194e-33
  2976  2.1273e-33
  2978  1.8546e-33
  2981  1.9898e-33
  2984  1.7898e-33
  2986  1.8073e-33
  2988  1.9401e-33
  2990  1.7426e-33
  2991  1.9167e-33
  2994  1.8542e-33
  2997  1.5970e-33
  2999  1.4652e-33
  3001  1.3216e-33
  3004  1.2899e-33
  3005  1.3746e-33
  3008  1.3043e-33
  3010  1.4311e-33
  3011  1.2705e-33
  3012  1.2034e-33
  3013  1.2662e-33
  3015  1.0255e-33
  3016  8.3607e-34
  3018  7.7243e-34
  3020  6.4997e-34
  3022  6.5756e-34
  3025  6.6587e-34
  3026  6.4903e-34
  3027  5.6331e-34
  3030  5.0582e-34
  3033  4.6183e-34
  3036  3.7469e-34
  3037  3.4562e-34
  3038  3.1651e-34
  3041  2.8451e-34
  3044  2.9925e-34
  3047  3.2708e-34
  3050  2.8116e-34
  3051  2.8468e-34
  3052  2.8577e-34
  3053  2.9616e-34
  3055  2.8850e-34
  3058  2.7759e-34
  3061  2.8908e-34
  3062  2.3937e-34
  3063  2.0029e-34
  3065  2.0624e-34
  3066  2.0747e-34
  3068  1.8399e-34
  3069  1.8856e-34
  3072  1.6867e-34
  3074  1.6934e-34
  3075  1.3726e-34
  3076  1.2178e-34
  3078  1.1704e-34
  3080  1.2628e-34
  3081  1.3231e-34
  3084  1.2618e-34
  3085  1.1712e-34
  3087  1.1607e-34
  3090  9.8846e-35
  3091  8.3427e-35
  3092  8.6169e-35
  3093  7.1779e-35
  3096  7.0141e-35
  3099  6.6551e-35
  3102  5.9306e-35
  3104  5.9885e-35
  3106  5.5680e-35
  3108  4.5628e-35
  3110  4.1246e-35
  3113  3.9228e-35
  3116  3.2774e-35
  3119  3.2722e-35
  3122  3.5709e-35
  3125  3.0388e-35
  3127  2.5948e-35
  3128  2.6647e-35
  3131  2.7929e-35
  3134  2.8542e-35
  3136  2.9134e-35
  3139  2.6952e-35
  3140  2.1640e-35
  3143  2.2944e-35
  3146  2.0562e-35
  3149  1.8080e-35
  3152  1.7620e-35
  3153  1.6306e-35
  3154  1.7559e-35
  3155  1.6867e-35
  3157  1.6572e-35
  3158  1.5326e-35
  3161  1.5871e-35
  3163  1.5637e-35
  3164  1.3482e-35
  3167  1.4630e-35
  3168  1.4634e-35
  3169  1.5767e-35
  3171  1.5806e-35
  3174  1.6045e-35
  3177  1.6772e-35
  3179  1.7479e-35
  3182  1.9212e-35
  3184  1.6084e-35
  3186  1.5647e-35
  3189  1.6766e-35
  3192  1.7892e-35
  3193  1.9117e-35
  3196  1.8193e-35
  3198  1.9844e-35
  3201  1.8371e-35
  3203  1.5912e-35
  3205  1.4703e-35
  3207  1.3064e-35
  3208  1.1562e-35
  3210  9.5848e-36
  3213  8.9175e-36
  3215  8.0925e-36
  3218  8.2895e-36
  3220  8.2217e-36
  3221  8.4000e-36
  3222  8.1995e-36
  3225  8.1138e-36
  3228  7.4394e-36
  3229  8.0582e-36
  3231  6.6689e-36
  3233  6.8409e-36
  3235  6.9827e-36
  3237  7.1211e-36
  3238  7.3727e-36
  3241  6.6650e-36
  3244  6.8484e-36
  3246  5.5181e-36
  3249  4.8585e-36
  3250  4.6614e-36
  3253  3.7777e-36
  3254  3.2605e-36
  3255  3.1200e-36
  3257  3.0280e-36
  3258  3.1984e-36
  3260  2.9788e-36
  3261  2.8561e-36
  3263  2.4632e-36
  3264  2.6508e-36
  3267  2.8202e-36
  3270  2.8412e-36
  3273  2.6733e-36
  3276  2.3741e-36
  3279  1.9846e-36
  3282  2.1209e-36
  3283  1.7743e-36
  3284  1.5343e-36
  3285  1.3273e-36
  3286  1.3343e-36
  3288  1.3792e-36
  3289  1.3529e-36
  3292  1.4152e-36
  3295  1.1609e-36
  3298  1.0403e-36
  3299  8.6394e-37
  3300  7.1838e-37
  3303  6.5546e-37
  3306  7.2088e-37
  3307  5.9496e-37
  3310  5.0126e-37
  3311  5.4623e-37
  3314  5.2273e-37
  3316  5.5945e-37
  3317  5.2399e-37
  3318  4.2935e-37
  3320  4.5038e-37
  3322  4.2556e-37
  3324  4.0721e-37
  3326  3.7675e-37
  3327  3.3039e-37
  3329  2.8273e-37
  3330  2.9737e-37
  3331  2.9622e-37
  3334  2.5952e-37
  3335  2.5030e-37
  3336  2.5248e-37
  3338  2.4746e-37
  3340  2.0374e-37
  3343  2.0332e-37
  3345  1.9808e-37
  3347  1.7362e-37
  3349  1.4262e-37
  3352  1.1926e-37
  3354  1.0327e-37
  3357  1.0468e-37
  3359  1.1436e-37
  3360  1.1551e-37
  3363  1.0380e-37
  3365  9.3293e-38
  3367  8.7711e-38
  3368  8.2581e-38
  3369  8.6405e-38
  3372  9.5010e-38
  3373  8.8704e-38
  3375  7.1384e-38
  3378  6.4949e-38
  3380  5.4278e-38
  3383  5.7792e-38
  3384  4.7075e-38
  3387  3.9227e-38
  3389  4.1384e-38
  3390  4.0003e-38
  3393  3.3868e-38
  3395  2.9928e-38
  3396  2.6809e-38
  3397  2.8779e-38
  3398  2.9105e-38
  3400  2.8174e-38
  3402  2.7455e-38
  3405  2.6326e-38
  3407  2.1927e-38
  3410  2.0328e-38
  3411  1.8816e-38
  3414  1.9107e-38
  3417  1.5407e-38
  3419  1.3744e-38
  3420  1.1682e-38
  3421  1.1267e-38
  3422  1.1250e-38
  3423  9.0999e-39
  3426  7.3585e-39
  3428  6.1667e-39
  3430  4.9667e-39
  3431  4.6243e-39
  3432  4.4982e-39
  3433  3.8394e-39
  3436  4.1942e-39
  3437  4.2168e-39
  3439  4.3762e-39
  3440  4.0419e-39
  3441  3.6748e-39
  3442  3.5169e-39
  3443  3.3136e-39
  3446  2.8404e-39
  3447  2.4608e-39
  3450  2.4995e-39
  3452  2.4392e-39
  3454  2.4362e-39
  3455  2.6287e-39
  3458  2.4705e-39
  3460  2.5146e-39
  3462  2.3316e-39
  3464  1.9574e-39
  3466  1.9736e-39
  3467  1.8545e-39
  3468  1.6640e-39
  3471  1.5354e-39
  3474  1.3027e-39
  3475  1.2847e-39
  3477  1.4052e-39
  3480  1.3555e-39
  3482  1.4898e-39
  3485  1.4354e-39
  3488  1.5419e-39
  3491  1.3387e-39
  3493  1.1531e-39
  3496  9.2751e-40
  3498  9.8809e-40
  3500  9.5845e-40
  3502  9.9305e-40
  3505  8.7266e-40
  3507  9.3283e-40
  3509  9.1415e-40
  3510  8.8792e-40
  3511  9.7212e-40
  3513  8.7455e-40
  3514  7.3177e-40
  3515  7.1156e-40
  3517  7.6012e-40
  3520  6.4206e-40
  3522  5.5426e-40
  3524  5.0584e-40
  3525  4.4507e-40
  3528  4.7577e-40
  3529  4.9842e-40
  3530  4.5543e-40
  3531  4.1822e-40
  3533  4.1727e-40
  3534  4.2086e-40
  3535  4.4815e-40
  3536  3.6364e-40
  3537  2.9811e-40
  3538  2.6801e-40
  3541  2.6363e-40
  3543  2.7184e-40
  3546  2.8829e-40
  3549  3.1398e-40
  3551  2.9638e-40
  3552  2.4714e-40
  3553  2.4143e-40
  3556  1.9323e-40
  3557  2.1162e-40
  3560  1.8825e-40
  3563  1.7088e-40
  3564  1.4712e-40
  3567  1.4099e-40
  3569  1.2651e-40
  3570  1.3203e-40
  3571  1.2073e-40
  3574  9.9144e-41
  3577  9.9556e-41
  3579  9.0272e-41
  3580  8.1256e-41
  3581  6.5540e-41
  3583  6.0261e-41
  3586  4.9497e-41
  3587  5.2163e-41
  3589  4.5539e-41
  3590  4.3594e-41
  3593  3.6967e-41
  3595  3.4903e-41
  3596  3.7492e-41
  3599  4.0693e-41
  3600  3.4315e-41
  3601  3.7559e-41
  3602  3.6335e-41
  3604  3.4644e-41
  3607  3.6775e-41
  3608  3.5268e-41
  3609  3.4509e-41
  3610  3.0251e-41
  3611  2.6516e-41
  3612  2.5889e-41
  3615  2.4518e-41
  3617  2.4391e-41
  3620  2.0661e-41
  3623  2.1899e-41
  3625  2.1206e-41
  3627  1.8117e-41
  3628  1.9212e-41
  3630  1.8450e-41
  3632  1.9872e-41
  3635  1.8141e-41
  3638  1.4821e-41
  3640  1.3115e-41
  3643  1.1330e-41
  3646  1.1354e-41
  3647  1.0467e-41
  3648  1.0286e-41
  3650  9.2931e-42
  3652  8.9319e-42
  3654  8.3373e-42
  3657  7.8504e-42
  3658  6.3396e-42
  3660  6.7931e-42
  3663  6.4065e-42
  3664  6.1002e-42
  3667  5.0774e-42
  3670  5.2696e-42
  3671  5.3000e-42
  3672  5.5362e-42
  3674  4.8978e-42
  3675  5.3695e-42
  3678  5.1452e-42
  3679  5.3977e-42
  3680  5.0197e-42
  3682  5.2251e-42
  3683  4.7670e-42
  3684  4.3510e-42
  3685  4.2189e-42
  3687  4.5318e-42
  3689  4.1352e-42
  3692  4.2486e-42
  3694  3.6630e-42
  3697  3.6138e-42
  3698  3.2764e-42
  3700  3.2894e-42
  3702  2.9173e-42
  3705  3.1532e-42
  3707  3.4101e-42
  3708  3.6857e-42
  3710  3.7341e-42
  3713  3.3645e-42
  3714  2.7326e-42
  3717  2.5282e-42
  3718  2.7182e-42
  3720  2.3747e-42
  3722  2.2120e-42
  3725  2.3907e-42
  3726  1.9689e-42
  3728  1.9936e-42
  3730  1.6971e-42
  3731  1.8292e-42
  3733  1.7440e-42
  3734  1.5606e-42
  3736  1.5528e-42
  3738  1.6146e-42
  3739  1.4726e-42
  3742  1.5735e-42
  3745  1.6496e-42
  3747  1.6349e-42
  3749  1.6577e-42
  3751  1.6079e-42
  3753  1.6379e-42
  3754  1.5184e-42
  3756  1.6389e-42
  3757  1.5636e-42
  3759  1.3928e-42
  3761  1.3160e-42
  3764  1.1615e-42
  3766  1.0567e-42
  3769  1.1341e-42
  3772  1.1915e-42
  3775  1.2289e-42
  3776  1.0367e-42
  3778  1.0180e-42
  3781  9.8970e-43
  3782  1.0748e-42
  3784  9.5142e-43
  3785  1.0423e-42
  3788  9.3442e-43
  3790  9.5920e-43
  3793  9.9799e-43
  3794  1.0201e-42
  3796  1.0201e-42
  3798  1.0444e-42
  3799  1.1202e-42
  3802  1.0050e-42
  3803  1.0906e-42
  3806  1.1132e-42
  3809  9.0499e-43
  3810  7.9696e-43
  3811  8.1796e-43
  3813  7.5362e-43
  3815  6.8604e-43
  3816  5.5557e-43
  3817  5.3831e-43
  3820  5.5125e-43
  3821  5.3580e-43
  3824  5.0416e-43
  3825  4.1065e-43
  3828  4.2740e-43
  3831  3.9506e-43
  3832  3.4708e-43
  3834  3.4347e-43
  3836  2.9018e-43
  3837  2.7299e-43
  3839  2.2818e-43
  3841  2.4309e-43
  3842  2.1602e-43
  3845  1.8628e-43
  3846  1.6150e-43
  3847  1.3194e-43
  3848  1.1004e-43
  3851  1.0287e-43
  3854  9.7190e-44
  3856  7.7952e-44
  3859  8.0872e-44
  3860  6.6088e-44
  3862  7.0562e-44
  3865  6.8933e-44
  3866  7.3046e-44
  3869  7.4955e-44
  3872  7.0962e-44
  3875  5.7554e-44
  3877  6.0734e-44
  3880  5.4101e-44
  3882  5.8675e-44
  3885  5.5897e-44
  3887  5.7990e-44
  3889  4.9551e-44
  3892  3.9728e-44
  3895  3.5642e-44
  3896  2.8857e-44
  3899  3.0220e-44
  3902  2.7609e-44
  3904  2.9942e-44
  3906  2.4645e-44
  3909  2.0021e-44
  3912  1.6881e-44
  3914  1.5833e-44
  3917  1.3441e-44
  3920  1.1016e-44
  3923  1.1883e-44
  3926  1.0585e-44
  3929  1.0652e-44
  3932  1.1185e-44
  3933  9.1617e-45
  3936  9.4290e-45
  3939  8.9647e-45
  3940  7.7135e-45
  3942  7.8506e-45
  3945  8.6287e-45
  3947  7.7515e-45
  3950  7.2476e-45
  3953  7.0512e-45
  3955  7.3538e-45
  3957  5.9226e-45
  3959  5.6997e-45
  3962  4.8320e-45
  3964  4.5254e-45
  3967  4.7871e-45
  3968  4.3175e-45
  3971  4.2039e-45
  3972  4.3680e-45
  3975  4.3549e-45
  3978  4.3075e-45
  3980  4.5800e-45
  3983  4.7818e-45
  3985  4.8456e-45
  3986  4.1865e-45
  3987  4.3349e-45
  3990  4.2355e-45
  3993  3.9160e-45
  3996  3.4056e-45
  3998  2.7902e-45
  4000  2.5536e-45
  4001  2.7912e-45
  4004  2.3055e-45
  4005  2.4584e-45
  4006  2.6865e-45
  4008  2.5539e-45
  4009  2.3069e-45
  4010  2.0183e-45
  4013  2.2003e-45
  4015  2.1244e-45
  4016  1.9623e-45
  4019  2.1445e-45
  4021  2.1970e-45
  4022  2.0378e-45
  4025  2.0495e-45
  4027  1.7454e-45
  4030  1.9036e-45
  4032  2.0786e-45
  4035  1.8944e-45
  4037  1.6512e-45
  4039  1.7277e-45
  4041  1.4615e-45
  4043  1.2784e-45
  4044  1.2320e-45
  4046  1.2342e-45
  4047  1.2143e-45
  4050  1.2932e-45
  4052  1.1469e-45
  4054  9.5327e-46
  4055  8.1634e-46
  4058  8.6799e-46
  4061  7.6773e-46
  4063  6.2854e-46
  4065  5.9577e-46
  4068  5.4125e-46
  4070  4.6658e-46
  4071  3.7576e-46
  4072  3.9726e-46
  4073  3.3091e-46
  4074  2.8419e-46
  4075  2.6744e-46
  4077  2.4908e-46
  4079  2.4896e-46
  4080  2.2885e-46
  4082  2.3728e-46
  4085  2.5750e-46
  4088  2.6964e-46
  4090  2.4272e-46
  4092  2.5331e-46
  4094  2.4725e-46
  4097  2.4171e-46
  4100  2.1528e-46
  4103  1.7874e-46
  4104  1.6779e-46
  4105  1.7693e-46
  4107  1.6839e-46
  4110  1.6530e-46
  4113  1.6707e-46
  4116  1.3780e-46
  4118  1.2244e-46
  4120  1.0978e-46
  4123  9.2563e-47
  4124  8.2196e-47
  4127  7.7672e-47
  4129  6.6095e-47
  4132  5.2928e-47
  4134  4.7189e-47
  4137  4.0683e-47
  4140  4.0593e-47
  4141  3.2801e-47
  4143  3.1321e-47
  4145  2.8932e-47
  4146  2.4778e-47
  4149  2.1066e-47
  4152  2.2108e-47
  4153  2.0364e-47
  4154  2.1908e-47
  4156  1.7629e-47
  4158  1.6153e-47
  4161  1.6832e-47
  4164  1.8394e-47
  4167  2.0005e-47
  4169  2.1343e-47
  4170  2.2540e-47
  4173  2.1231e-47
  4174  2.0914e-47
  4175  2.1162e-47
  4176  1.9266e-47
  4179  1.8950e-47
  4180  1.6607e-47
  4183  1.4710e-47
  4184  1.3853e-47
  4186  1.3356e-47
  4188  1.4519e-47
  4190  1.2073e-47
  4192  1.2877e-47
  4195  1.1769e-47
  4198  1.0129e-47
  4201  9.7059e-48
  4202  1.0150e-47
  4203  9.5563e-48
  4205  8.0913e-48
  4206  6.6804e-48
  4209  6.3949e-48
  4212  5.4517e-48
  4213  4.8804e-48
  4215  4.8795e-48
  4216  5.0939e-48
  4218  4.3580e-48
  4219  3.6795e-48
  4220  3.8268e-48
  4223  3.3695e-48
  4225  3.3209e-48
  4228  2.8906e-48
  4229  2.7186e-48
  4230  2.3931e-48
  4231  1.9449e-48
  4234  1.7872e-48
  4236  1.7189e-48
  4237  1.7921e-48
  4238  1.4424e-48
  4240  1.1666e-48
  4243  1.2016e-48
  4245  1.1753e-48
  4247  1.2072e-48
  4249  1.1655e-48
  4250  1.1479e-48
  4252  1.0212e-48
  4255  1.0279e-48
  4256  9.7820e-49
  4257  7.9222e-49
  4259  8.2485e-49
  4261  8.3704e-49
  4262  8.9320e-49
  4263  7.9725e-49
  4266  8.1751e-49
  4268  8.2000e-49
  4270  6.6209e-49
  4273  7.1738e-49
  4276  6.7437e-49
  4277  5.9112e-49
  4279  4.7534e-49
  4281  4.1107e-49
  4283  4.0929e-49
  4286  3.4226e-49
  4288  3.1530e-49
  4289  2.5951e-49
  4292  2.1445e-49
  4294  1.9556e-49
  4295  1.7872e-49
  4296  1.4634e-49
  4297  1.4143e-49
  4300  1.5310e-49
  4301  1.5788e-49
  4304  1.7074e-49
  4305  1.4026e-49
  4307  1.5083e-49
  4310  1.5171e-49
  4313  1.3257e-49
  4315  1.1794e-49
  4316  9.5912e-50
  4317  1.0351e-49
  4318  8.9983e-50
  4321  8.2227e-50
  4323  6.7720e-50
  4326  6.5790e-50
  4328  6.2625e-50
  4331  6.6978e-50
  4334  5.3969e-50
  4337  4.7083e-50
  4340  4.6747e-50
  4342  4.2137e-50
  4345  3.8184e-50
  4346  3.1743e-50
  4347  2.8064e-50
  4349  2.5379e-50
  4351  2.0766e-50
  4352  1.8529e-50
  4355  2.0118e-50
  4357  2.0446e-50
  4360  1.8127e-50
  4361  1.7481e-50
  4363  1.7329e-50
  4364  1.7281e-50
  4366  1.5819e-50
  4367  1.5456e-50
  4368  1.6675e-50
  4370  1.6576e-50
  4371  1.4774e-50
  4372  1.2340e-50
  4373  1.0826e-50
  4375  1.1904e-50
  4377  9.5954e-51
  4378  1.0343e-50
  4380  9.5177e-51
  4382  8.0413e-51
  4385  6.4590e-51
  4388  6.7065e-51
  4391  5.6473e-51
  4393  5.2295e-51
  4394  5.6149e-51
  4396  4.9483e-51
  4399  4.6795e-51
  4402  4.1894e-51
  4404  3.7542e-51
  4407  4.0700e-51
  4409  3.7164e-51
  4411  3.5943e-51
  4412  3.2285e-51
  4413  3.3723e-51
  4416  3.5428e-51
  4418  3.5332e-51
  4421  3.2549e-51
  4424  2.7745e-51
  4426  2.7944e-51
  4428  2.6064e-51
  4431  2.3846e-51
  4434  2.5944e-51
  4437  2.1353e-51
  4440  1.9899e-51
  4442  2.1515e-51
  4445  2.3133e-51
  4446  2.4717e-51
  4448  2.1318e-51
  4450  2.2343e-51
  4451  2.0972e-51
  4453  2.0406e-51
  4456  1.9295e-51
  4459  1.6914e-51
  4460  1.4558e-51
  4461  1.5080e-51
  4462  1.5538e-51
  4464  1.6997e-51
  4466  1.4647e-51
  4468  1.4903e-51
  4470  1.2202e-51
  4473  1.0797e-51
  4475  1.1265e-51
  4478  1.0162e-51
  4481  9.0480e-52
  4484  8.7210e-52
  4487  8.3650e-52
  4489  8.5122e-52
  4492  8.2084e-52
  4494  7.2079e-52
  4496  6.9648e-52
  4498  7.2928e-52
  4501  7.8923e-52
  4503  7.4133e-52
  4504  7.8248e-52
  4505  8.1541e-52
  4508  8.2674e-52
  4509  7.2144e-52
  4511  7.2339e-52
  4512  6.7682e-52
  4514  6.9924e-52
  4515  6.5134e-52
  4518  7.0481e-52
  4521  7.2896e-52
  4523  6.2729e-52
  4525  5.4620e-52
  4527  5.3395e-52
  4530  5.3825e-52
  4532  5.7668e-52
  4535  5.5556e-52
  4537  4.6297e-52
  4539  4.5324e-52
  4541  4.3068e-52
  4543  3.4868e-52
  4546  3.2024e-52
  4547  3.3446e-52
  4548  2.8779e-52
  4550  2.9489e-52
  4553  2.9343e-52
  4556  3.1615e-52
  4557  2.9619e-52
  4559  2.9911e-52
  4562  2.4479e-52
  4564  1.9894e-52
  4565  1.7572e-52
  4568  1.5030e-52
  4571  1.6230e-52
  4574  1.4067e-52
  4577  1.2730e-52
  4578  1.0247e-52
  4581  1.0182e-52
  4584  8.6089e-53
  4585  7.3505e-53
  4588  6.3095e-53
  4591  5.5979e-53
  4593  4.6285e-53
  4594  3.7691e-53
  4597  3.4224e-53
  4600  3.6682e-53
  4602  3.7563e-53
  4604  3.8647e-53
  4605  3.3281e-53
  4606  3.4150e-53
  4609  3.3436e-53
  4612  3.2120e-53
  4613  3.3784e-53
  4614  2.7881e-53
  4617  2.8658e-53
  4618  3.0173e-53
  4620  2.6602e-53
  4621  2.3173e-53
  4623  2.5463e-53
  4625  2.5312e-53
  4626  2.7068e-53
  4627  2.6190e-53
  4629  2.1257e-53
  4630  2.2426e-53
  4633  2.1520e-53
  4636  1.9751e-53
  4638  2.1686e-53
  4640  2.2514e-53
  4643  1.9096e-53
  4645  1.6291e-53
  4647  1.4582e-53
  4650  1.5712e-53
  4652  1.6736e-53
  4654  1.4423e-53
  4657  1.1952e-53
  4660  1.0961e-53
  4661  1.0990e-53
  4664  1.1045e-53
  4665  1.0599e-53
  4668  9.8154e-54
  4671  8.3548e-54
  4674  7.6364e-54
  4676  8.0921e-54
  4678  8.2716e-54
  4681  7.1521e-54
  4683  7.6177e-54
  4685  8.1079e-54
  4687  6.5178e-54
  4688  5.9142e-54
  4689  4.7346e-54
  4691  4.3009e-54
  4693  3.7769e-54
  4694  3.9078e-54
  4696  4.0122e-54
  4697  3.5422e-54
  4698  3.8226e-54
  4699  3.6067e-54
  4701  3.1628e-54
  4703  2.7595e-54
  4704  2.2742e-54
  4705  2.4409e-54
  4707  1.9672e-54
  4709  2.1395e-54
  4712  2.2156e-54
  4715  2.3402e-54
  4716  2.2124e-54
  4718  2.2825e-54
  4721  2.4841e-54
  4722  2.3289e-54
  4725  2.2012e-54
  4726  1.8136e-54
  4727  1.7585e-54
  4730  1.8660e-54
  4733  1.8872e-54
  4735  1.6824e-54
  4737  1.7257e-54
  4740  1.6875e-54
  4743  1.6625e-54
  4744  1.7732e-54
  4747  1.9273e-54
  4748  1.5881e-54
  4749  1.3955e-54
  4752  1.3526e-54
  4754  1.1348e-54
  4756  1.1570e-54
  4758  1.2475e-54
  4759  1.3394e-54
  4762  1.3186e-54
  4765  1.1316e-54
  4767  1.0149e-54
  4769  9.9030e-55
  4772  9.3987e-55
  4775  8.2332e-55
  4778  6.8794e-55
  4780  7.5548e-55
  4783  7.3198e-55
  4785  6.1674e-55
  4788  5.7617e-55
  4790  6.0299e-55
  4793  4.9205e-55
  4795  4.3831e-55
  4796  3.9132e-55
  4797  3.9332e-55
  4799  3.8596e-55
  4801  4.0146e-55
  4802  3.6662e-55
  4805  2.9853e-55
  4808  2.5076e-55
  4811  2.1874e-55
  4812  2.3138e-55
  4814  1.9266e-55
  4817  1.8219e-55
  4819  1.8681e-55
  4820  1.6813e-55
  4822  1.6439e-55
  4825  1.6318e-55
  4827  1.5417e-55
  4828  1.3708e-55
  4831  1.4842e-55
  4833  1.5458e-55
  4836  1.7001e-55
  4839  1.6024e-55
  4840  1.6014e-55
  4843  1.4400e-55
  4846  1.5354e-55
  4848  1.4906e-55
  4849  1.2269e-55
  4852  1.2221e-55
  4854  9.8247e-56
  4856  9.6651e-56
  4859  9.0190e-56
  4861  8.7905e-56
  4862  7.9802e-56
  4863  6.6320e-56
  4864  6.0917e-56
  4866  6.3342e-56
  4869  6.4217e-56
  4872  6.5410e-56
  4874  5.8084e-56
  4877  5.6629e-56
  4880  5.8885e-56
  4883  5.4353e-56
  4884  5.8999e-56
  4887  6.2756e-56
  4888  5.4824e-56
  4889  4.7030e-56
  4892  4.7280e-56
  4895  4.5027e-56
  4897  4.6969e-56
  4898  4.7026e-56
  4901  3.8901e-56
  4903  4.1356e-56
  4904  3.4516e-56
  4905  3.7177e-56
  4906  3.4604e-56
  4909  3.2040e-56
  4911  3.4877e-56
  4912  3.7087e-56
  4913  3.6398e-56
  4916  3.2318e-56
  4919  2.6888e-56
  4922  2.3338e-56
  4925  2.1062e-56
  4928  1.8372e-56
  4929  1.5590e-56
  4930  1.3120e-56
  4931  1.4103e-56
  4932  1.1843e-56
  4935  1.1364e-56
  4937  1.2314e-56
  4938  1.0780e-56
  4940  1.1497e-56
  4943  1.1456e-56
  4946  1.0455e-56
  4947  1.0321e-56
  4949  1.0417e-56
  4951  9.3151e-57
  4952  7.9216e-57
  4954  7.1223e-57
  4955  6.3804e-57
  4958  6.3480e-57
  4961  6.7086e-57
  4962  6.3113e-57
  4964  5.9776e-57
  4967  5.7172e-57
  4968  5.6145e-57
  4969  5.5388e-57
  4971  5.0735e-57
  4974  4.7057e-57
  4977  3.9131e-57
  4978  3.5396e-57
  4979  2.9385e-57
  4981  2.7670e-57
  4982  2.9970e-57
  4983  2.9585e-57
  4985  2.9810e-57
  4987  2.9801e-57
  4988  2.4024e-57
  4990  2.1412e-57
  4992  1.7979e-57
  4994  1.6072e-57
  4997  1.3512e-57
  5000  1.4071e-57
  5003  1.1742e-57
  5005  1.0980e-57
  5008  1.0973e-57
  5010  9.3815e-58
  5013  8.8462e-58
  5014  8.8246e-58
  5017  8.6906e-58
  5018  7.2424e-58
  5020  7.3416e-58
  5022  7.9128e-58
  5023  7.1763e-58
  5026  6.6839e-58
  5029  5.6857e-58
  5031  5.3746e-58
  5032  4.3034e-58
  5033  4.1159e-58
  5036  4.0524e-58
  5037  3.7143e-58
  5038  3.1517e-58
  5039  3.3134e-58
  5042  3.6234e-58
  5044  3.8912e-58
  5045  3.3803e-58
  5048  2.8899e-58
  5050  2.3142e-58
  5051  2.3471e-58
  5054  2.4959e-58
  5057  2.3585e-58
  5060  2.0722e-58
  5061  2.2413e-58
  5063  2.0018e-58
  5064  1.9859e-58
  5065  1.5947e-58
  5066  1.6500e-58
  5068  1.4837e-58
  5070  1.4467e-58
  5071  1.3568e-58
  5073  1.3097e-58
  5075  1.1871e-58
  5078  1.0359e-58
  5081  8.9027e-59
  5083  7.8705e-59
  5084  7.6533e-59
  5085  7.1925e-59
  5086  6.1573e-59
  5088  5.6375e-59
  5091  4.5196e-59
  5092  4.3266e-59
  5093  4.4960e-59
  5095  3.8848e-59
  5098  3.1546e-59
  5101  3.4461e-59
  5104  3.6364e-59
  5107  3.7519e-59
  5110  3.9997e-59
  5113  4.1927e-59
  5116  3.5188e-59
  5119  3.4593e-59
  5122  3.4794e-59
  5125  3.5132e-59
  5127  3.0895e-59
  5129  2.6038e-59
  5132  2.6462e-59
  5133  2.1388e-59
  5136  1.8289e-59
  5137  1.4754e-59
  5138  1.3009e-59
  5140  1.3283e-59
  5143  1.4055e-59
  5146  1.3439e-59
  5147  1.3325e-59
  5148  1.1208e-59
  5150  8.9790e-60
  5151  7.2597e-60
  5152  7.7031e-60
  5153  7.5264e-60
  5156  8.0156e-60
  5157  7.6369e-60
  5158  8.2675e-60
  5160  8.8450e-60
  5163  7.2339e-60
  5164  6.8446e-60
  5166  5.8784e-60
  5169  5.7510e-60
  5170  4.9695e-60
  5172  4.7261e-60
  5173  4.5057e-60
  5174  4.8389e-60
  5175  4.1446e-60
  5177  4.2633e-60
  5180  3.9745e-60
  5183  3.5797e-60
  5185  3.0713e-60
  5188  2.6024e-60
  5189  2.2274e-60
  5192  1.7850e-60
  5193  1.8834e-60
  5194  1.9780e-60
  5197  1.7238e-60
  5198  1.5691e-60
  5201  1.3629e-60
  5204  1.1873e-60
  5206  1.1216e-60
  5207  1.0898e-60
  5209  9.0605e-61
  5212  9.0213e-61
  5214  7.6000e-61
  5216  8.1364e-61
  5217  8.5929e-61
  5220  8.0959e-61
  5222  8.4622e-61
  5225  9.1970e-61
  5227  9.3087e-61
  5229  9.5123e-61
  5230  8.4651e-61
  5232  9.0163e-61
  5235  7.4280e-61
  5238  7.3110e-61
  5240  6.2695e-61
  5243  5.4797e-61
  5245  5.8421e-61
  5246  5.6296e-61
  5248  4.5611e-61
  5249  4.4062e-61
  5251  4.1450e-61
  5252  3.4560e-61
  5254  3.3995e-61
  5255  2.7856e-61
  5258  2.9385e-61
  5260  2.6499e-61
  5262  2.5916e-61
  5263  2.6655e-61
  5265  2.2781e-61
  5267  2.4364e-61
  5268  2.4074e-61
  5270  2.6336e-61
  5271  2.5216e-61
  5274  2.4980e-61
  5276  2.3940e-61
  5277  2.6078e-61
  5279  2.5626e-61
  5280  2.4469e-61
  5283  2.2400e-61
  5284  2.2019e-61
  5286  1.7846e-61
  5289  1.7535e-61
  5291  1.5877e-61
  5293  1.4601e-61
  5295  1.2100e-61
  5296  1.2007e-61
  5299  1.2410e-61
  5300  1.2536e-61
  5303  1.0095e-61
  5306  1.0994e-61
  5308  9.2016e-62
  5309  8.2513e-62
  5312  8.9554e-62
  5314  7.2277e-62
  5316  6.4188e-62
  5318  5.7178e-62
  5320  6.2592e-62
  5322  5.2778e-62
  5323  4.8862e-62
  5325  5.1110e-62
  5327  4.8264e-62
  5329  4.9710e-62
  5332  4.5398e-62
  5334  3.7597e-62
  5337  3.0084e-62
  5338  2.4653e-62
  5341  2.3253e-62
  5344  2.3867e-62
  5346  2.4356e-62
  5347  2.2593e-62
  5350  2.4571e-62
  5353  2.5535e-62
  5354  2.4400e-62
  5355  2.0127e-62
  5357  1.9354e-62
  5358  1.6896e-62
  5360  1.5269e-62
  5362  1.6303e-62
  5365  1.7754e-62
  5366  1.6345e-62
  5368  1.5207e-62
  5371  1.2994e-62
  5374  1.4285e-62
  5375  1.3367e-62
  5378  1.1458e-62
  5379  1.1546e-62
  5381  1.1373e-62
  5382  1.0033e-62
  5385  9.6967e-63
  5388  8.0430e-63
  5391  8.1139e-63
  5392  8.1273e-63
  5394  8.0366e-63
  5395  7.6666e-63
  5396  7.6291e-63
  5397  7.1782e-63
  5398  6.4649e-63
  5399  5.8419e-63
  5402  5.8767e-63
  5403  5.8010e-63
  5405  5.9870e-63
  5408  5.9521e-63
  5409  5.4764e-63
  5410  5.8409e-63
  5411  5.5879e-63
  5413  5.4325e-63
  5416  5.8368e-63
  5419  5.2038e-63
  5421  4.9320e-63
  5423  4.5210e-63
  5426  3.7775e-63
  5429  3.6876e-63
  5432  3.0489e-63
  5435  2.6081e-63
  5437  2.1199e-63
  5438  2.0875e-63
  5441  2.1430e-63
  5442  2.0268e-63
  5445  1.8259e-63
  5447  2.0018e-63
  5449  2.1615e-63
  5450  1.8298e-63
  5452  1.5396e-63
  5453  1.5731e-63
  5456  1.6481e-63
  5457  1.6306e-63
  5458  1.6203e-63
  5460  1.5915e-63
  5462  1.5434e-63
  5463  1.3149e-63
  5465  1.1707e-63
  5467  1.0879e-63
  5470  1.0808e-63
  5471  1.1221e-63
  5473  1.0571e-63
  5474  8.7405e-64
  5477  8.8686e-64
  5480  7.7067e-64
  5481  7.4867e-64
  5482  6.4396e-64
  5485  6.7087e-64
  5488  7.2132e-64
  5490  6.1279e-64
  5492  6.3736e-64
  5494  5.8326e-64
  5497  5.6918e-64
  5500  4.5986e-64
  5501  4.8318e-64
  5502  5.0783e-64
  5505  4.9239e-64
  5506  5.0048e-64
  5508  5.2478e-64
  5510  4.6414e-64
  5512  4.5993e-64
  5513  4.8789e-64
  5516  4.3622e-64
  5517  3.6029e-64
  5518  3.7852e-64
  5520  3.4029e-64
  5522  2.9801e-64
  5524  2.6360e-64
  5526  2.2111e-64
  5528  2.0653e-64
  5530  2.0609e-64
  5533  1.9998e-64
  5536  1.6944e-64
  5537  1.5736e-64
  5538  1.3285e-64
  5539  1.2539e-64
  5540  1.2622e-64
  5542  1.0483e-64
  5545  1.1502e-64
  5547  1.0561e-64
  5548  9.5606e-65
  5549  1.0149e-64
  5551  8.8343e-65
  5553  8.7997e-65
  5555  8.8449e-65
  5557  8.1307e-65
  5559  6.6985e-65
  5562  6.9428e-65
  5563  6.0384e-65
  5566  5.3877e-65
  5567  5.5268e-65
  5568  4.7131e-65
  5570  4.2703e-65
  5572  4.0945e-65
  5573  4.2946e-65
  5575  3.9566e-65
  5577  3.4521e-65
  5580  3.2507e-65
  5582  3.2687e-65
  5583  3.2266e-65
  5586  3.3282e-65
  5587  3.1996e-65
  5589  3.3096e-65
  5592  3.0936e-65
  5595  3.2110e-65
  5596  3.3797e-65
  5598  3.4105e-65
  5601  3.4482e-65
  5604  3.5039e-65
  5605  3.3143e-65
  5606  2.8530e-65
  5609  3.1102e-65
  5612  2.7796e-65
  5614  2.2970e-65
  5616  2.1114e-65
  5618  1.9650e-65
  5619  1.8035e-65
  5621  1.5826e-65
  5624  1.5327e-65
  5625  1.3791e-65
  5626  1.4781e-65
  5627  1.3320e-65
  5630  1.3766e-65
  5631  1.3628e-65
  5633  1.2732e-65
  5634  1.3944e-65
  5637  1.1872e-65
  5639  1.1091e-65
  5640  1.0191e-65
  5642  1.0909e-65
  5645  1.0152e-65
  5648  9.4635e-66
  5651  8.0393e-66
  5654  6.9963e-66
  5656  7.1796e-66
  5658  6.8230e-66
  5660  7.0246e-66
  5661  7.3110e-66
  5662  6.9691e-66
  5665  7.3173e-66
  5667  7.2130e-66
  5669  6.3062e-66
  5670  5.3684e-66
  5673  5.5296e-66
  5675  4.6998e-66
  5676  4.2306e-66
  5679  3.8337e-66
  5680  4.0718e-66
  5682  4.2849e-66
  5685  4.3321e-66
  5687  4.3846e-66
  5688  4.2823e-66
  5689  3.7525e-66
  5690  4.0163e-66
  5693  3.6429e-66
  5694  3.1798e-66
  5697  2.8870e-66
  5700  2.4869e-66
  5701  2.6975e-66
  5703  2.6887e-66
  5705  2.5573e-66
  5706  2.1515e-66
  5708  1.8078e-66
  5710  1.6766e-66
  5712  1.6565e-66
  5713  1.6614e-66
  5714  1.5605e-66
  5717  1.7139e-66
  5718  1.8594e-66
  5720  1.6793e-66
  5723  1.3556e-66
  5724  1.2045e-66
  5727  1.2247e-66
  5730  9.8535e-67
  5731  8.4126e-67
  5733  9.2099e-67
  5734  8.7474e-67
  5737  8.9228e-67
  5740  9.5314e-67
  5742  9.9083e-67
  5744  9.8488e-67
  5746  9.4510e-67
  5747  1.0346e-66
  5750  1.0309e-66
  5752  8.4300e-67
  5754  8.1634e-67
  5756  6.7125e-67
  5758  6.8093e-67
  5759  5.6613e-67
  5761  5.2003e-67
  5762  4.9382e-67
  5763  4.7228e-67
  5764  4.8324e-67
  5767  4.3743e-67
  5770  3.8450e-67
  5773  3.4672e-67
  5775  3.2273e-67
  5778  3.3670e-67
  5780  2.9497e-67
  5783  3.0332e-67
  5785  2.6762e-67
  5787  2.3973e-67
  5790  2.4175e-67
  5793  2.3167e-67
  5796  2.5304e-67
  5799  2.5483e-67
  5802  2.6227e-67
  5803  2.3389e-67
  5805  1.9111e-67
  5806  1.6876e-67
  5809  1.8401e-67
  5811  1.6130e-67
  5814  1.6554e-67
  5816  1.4606e-67
  5818  1.4215e-67
  5820  1.3058e-67
  5823  1.0615e-67
  5826  1.0299e-67
  5827  9.0865e-68
  5830  7.5528e-68
  5833  6.6721e-68
  5835  6.6985e-68
  5836  6.2568e-68
  5837  6.3376e-68
  5838  6.3749e-68
  5840  5.4135e-68
  5841  5.3218e-68
  5844  4.4118e-68
  5847  4.3920e-68
  5848  4.4401e-68
  5850  4.1155e-68
  5852  3.5725e-68
  5854  3.1415e-68
  5855  2.6964e-68
  5858  2.7724e-68
  5859  2.6321e-68
  5860  2.4943e-68
  5863  2.4421e-68
  5865  2.3791e-68
  5868  2.0755e-68
  5870  2.1525e-68
  5872  2.3096e-68
  5875  2.1056e-68
  5878  1.7070e-68
  5879  1.5355e-68
  5882  1.6498e-68
  5884  1.5004e-68
  5887  1.4383e-68
  5890  1.4932e-68
  5892  1.3145e-68
  5895  1.2300e-68
  5898  1.3167e-68
  5900  1.2424e-68
  5903  1.0648e-68
  5905  1.0163e-68
  5908  9.0727e-69
  5911  8.6529e-69
  5912  8.6534e-69
  5914  7.9274e-69
  5917  7.9876e-69
  5918  6.8835e-69
  5919  6.4138e-69
  5921  6.8290e-69
  5923  5.8322e-69
  5925  5.4060e-69
  5927  4.8168e-69
  5928  4.7450e-69
  5931  4.1101e-69
  5932  3.5624e-69
  5934  3.5672e-69
  5935  2.9569e-69
  5936  2.6630e-69
  5937  2.8194e-69
  5939  2.9239e-69
  5941  2.9191e-69
  5943  2.5512e-69
  5944  2.4598e-69
  5947  2.2641e-69
  5949  2.3948e-69
  5950  2.5063e-69
  5952  2.0339e-69
  5955  2.1886e-69
  5958  2.2708e-69
  5960  2.1124e-69
  5962  2.0965e-69
  5964  1.7395e-69
  5967  1.4947e-69
  5968  1.3689e-69
  5970  1.1820e-69
  5972  1.2171e-69
  5974  1.2221e-69
  5975  1.0701e-69
  5977  1.0830e-69
  5979  1.1489e-69
  5981  9.6978e-70
  5982  9.3722e-70
  5984  8.4953e-70
  5985  7.4588e-70
  5988  8.0950e-70
  5991  6.6368e-70
  5994  6.0375e-70
  5997  5.6681e-70
  6000  4.7656e-70
  6002  5.1640e-70
  6004  4.3230e-70
  6006  3.7308e-70
  6009  4.0485e-70
  6010  3.3479e-70
  6012  3.6351e-70
  6013  2.9626e-70
  6014  2.7198e-70
  6016  2.9772e-70
  6019  2.6460e-70
  6020  2.2747e-70
  6023  2.1956e-70
  6024  2.1248e-70
  6027  2.3310e-70
  6030  1.8835e-70
  6031  1.9339e-70
  6033  1.6009e-70
  6035  1.5403e-70
  6038  1.3715e-70
  6040  1.3042e-70
  6043  1.1531e-70
  6044  1.2057e-70
  6045  1.2161e-70
  6046  1.0105e-70
  6047  9.1138e-71
  6048  9.4742e-71
  6050  9.2348e-71
  6051  8.3468e-71
  6054  6.7959e-71
  6056  5.9576e-71
  6057  5.5401e-71
  6060  5.5432e-71
  6062  5.7423e-71
  6063  5.3970e-71
  6065  5.1860e-71
  6068  4.4244e-71
  6070  4.4674e-71
  6071  3.9382e-71
  6072  4.0372e-71
  6075  3.6646e-71
  6078  3.2683e-71
  6079  2.8823e-71
  6082  2.8861e-71
  6083  3.0130e-71
  6084  2.5535e-71
  6085  2.4092e-71
  6088  2.2823e-71
  6091  2.1210e-71
  6094  2.3277e-71
  6097  2.2475e-71
  6099  1.9886e-71
  6100  1.8529e-71
  6102  1.9223e-71
  6103  1.8645e-71
  6106  1.8685e-71
  6109  1.8722e-71
  6110  1.5761e-71
  6111  1.5914e-71
  6114  1.5744e-71
  6116  1.5585e-71
  6119  1.6670e-71
  6120  1.3677e-71
  6122  1.1876e-71
  6123  1.2515e-71
  6126  1.1382e-71
  6128  1.0231e-71
  6131  8.2438e-72
  6134  8.4341e-72
  6137  9.1304e-72
  6140  8.3005e-72
  6141  7.3944e-72
  6142  7.4099e-72
  6144  7.9406e-72
  6147  7.0036e-72
  6150  6.5024e-72
  6152  6.1068e-72
  6154  6.2542e-72
  6157  5.8956e-72
  6158  5.5018e-72
  6159  5.9692e-72
  6161  5.2842e-72
  6162  5.6955e-72
  6163  5.5309e-72
  6166  5.3352e-72
  6167  5.6521e-72
  6168  5.6560e-72
  6169  6.1202e-72
  6170  5.5632e-72
  6172  5.1928e-72
  6173  4.4330e-72
  6176  4.5030e-72
  6177  4.2638e-72
  6178  3.8576e-72
  6181  4.1278e-72
  6184  4.3735e-72
  6186  4.6472e-72
  6187  4.4373e-72
  6189  4.1815e-72
  6192  3.5509e-72
  6193  3.1164e-72
  6194  3.2504e-72
  6196  3.3264e-72
  6199  3.0592e-72
  6201  3.2296e-72
  6204  2.7142e-72
  6205  2.2311e-72
  6208  2.0063e-72
  6210  1.9029e-72
  6211  1.6159e-72
  6213  1.6317e-72
  6215  1.4548e-72
  6218  1.1817e-72
  6220  1.1483e-72
  6222  1.2010e-72
  6223  1.2285e-72
  6226  1.0460e-72
  6228  9.6688e-73
  6229  8.1891e-73
  6232  6.5911e-73
  6234  6.1909e-73
  6237  6.4160e-73
  6239  5.2605e-73
  6241  4.3389e-73
  6243  4.0753e-73
  6244  4.3000e-73
  6245  3.6959e-73
  6247  3.7320e-73
  6250  3.8798e-73
  6253  3.9315e-73
  6255  4.2125e-73
  6258  4.5272e-73
  6259  4.6877e-73
  6261  4.6970e-73
  6263  4.2852e-73
  6266  3.5057e-73
  6267  2.8356e-73
  6270  2.9602e-73
  6272  3.0571e-73
  6274  2.4921e-73
  6276  1.9976e-73
  6277  2.0359e-73
  6278  2.0874e-73
  6279  1.9990e-73
  6282  1.7099e-73
  6283  1.6569e-73
  6286  1.7037e-73
  6288  1.3819e-73
  6291  1.5111e-73
  6294  1.3225e-73
  6295  1.2795e-73
  6298  1.1557e-73
  6301  1.1842e-73
  6303  1.0741e-73
  6304  1.1291e-73
  6307  1.2052e-73
  6309  1.0111e-73
  6312  1.0532e-73
  6314  1.0747e-73
  6315  1.1197e-73
  6318  1.0470e-73
  6319  1.0500e-73
  6322  1.1240e-73
  6323  1.1549e-73
  6325  1.2429e-73
  6328  1.3564e-73
  6329  1.1635e-73
  6331  1.2019e-73
  6332  1.3107e-73
  6333  1.1389e-73
  6335  1.1061e-73
  6337  1.0586e-73
  6338  1.0202e-73
  6341  8.9034e-74
  6342  9.6765e-74
  6345  8.9638e-74
  6347  8.1510e-74
  6349  6.8512e-74
  6350  7.2104e-74
  6352  6.8728e-74
  6355  6.7290e-74
  6358  6.4108e-74
  6361  5.1674e-74
  6363  5.6423e-74
  6366  5.5025e-74
  6367  5.2841e-74
  6368  5.4046e-74
  6371  5.0722e-74
  6373  4.7919e-74
  6376  4.6414e-74
  6379  4.3746e-74
  6381  4.4034e-74
  6383  4.8295e-74
  6386  4.8080e-74
  6389  3.8961e-74
  6391  4.2245e-74
  6394  3.5047e-74
  6396  3.8071e-74
  6398  4.0153e-74
  6399  3.9796e-74
  6400  4.0156e-74
  6402  3.3923e-74
  6403  2.9393e-74
  6405  2.6091e-74
  6408  2.4206e-74
  6411  2.4809e-74
  6413  2.1295e-74
  6415  2.1120e-74
  6417  2.3132e-74
  6419  2.3521e-74
  6422  2.4005e-74
  6425  1.9814e-74
  6428  2.1629e-74
  6431  2.3228e-74
  6432  1.9831e-74
  6435  1.6245e-74
  6438  1.4136e-74
  6441  1.2315e-74
  6442  1.1822e-74
  6445  1.0885e-74
  6446  1.0930e-74
  6448  1.1534e-74
  6450  1.0752e-74
  6453  9.4983e-75
  6456  8.2747e-75
  6459  6.7152e-75
  6462  6.0207e-75
  6465  5.8961e-75
  6466  6.4200e-75
  6467  5.5095e-75
  6468  4.8395e-75
  6471  4.2181e-75
  6473  3.3935e-75
  6475  3.3742e-75
  6477  3.3853e-75
  6478  3.4852e-75
  6480  3.0242e-75
  6481  2.7488e-75
  6482  2.4082e-75
  6485  2.0239e-75
  6487  2.1379e-75
  6490  1.8888e-75
  6493  1.5778e-75
  6494  1.3819e-75
  6495  1.2608e-75
  6498  1.2399e-75
  6499  1.2785e-75
  6502  1.1258e-75
  6505  1.1100e-75
  6508  1.1076e-75
  6510  1.0239e-75
  6512  1.0645e-75
  6514  1.0677e-75
  6516  9.9131e-76
  6519  8.5551e-76
  6520  7.3174e-76
  6522  6.9111e-76
  6525  7.2441e-76
  6528  6.3509e-76
  6530  6.3555e-76
  6531  5.3448e-76
  6533  4.9448e-76
  6535  5.3039e-76
  6536  5.1979e-76
  6538  5.7095e-76
  6540  5.2781e-76
  6541  4.4637e-76
  6543  3.5869e-76
  6545  3.8510e-76
  6548  3.3356e-76
  6550  2.8365e-76
  6551  2.4838e-76
  6553  2.3198e-76
  6554  1.8587e-76
  6555  1.7441e-76
  6557  1.7019e-76
  6560  1.5108e-76
  6561  1.5532e-76
  6562  1.4014e-76
  6563  1.1839e-76
  6565  1.0830e-76
  6567  1.0054e-76
  6568  9.3142e-77
  6571  8.6086e-77
  6573  7.7374e-77
  6575  7.7468e-77
  6578  7.9272e-77
  6579  7.8052e-77
  6580  8.3991e-77
  6583  8.9334e-77
  6586  8.7630e-77
  6588  9.0446e-77
  6589  8.8188e-77
  6591  9.1006e-77
  6592  7.5129e-77
  6595  7.2023e-77
  6598  6.6056e-77
  6601  6.8416e-77
  6604  5.6235e-77
  6606  5.6034e-77
  6609  6.1030e-77
  6612  6.5955e-77
  6614  6.9696e-77
  6615  7.6424e-77
  6616  6.7289e-77
  6618  6.8259e-77
  6620  5.5533e-77
  6623  4.7151e-77
  6626  3.8334e-77
  6629  3.6351e-77
  6631  3.6082e-77
  6632  3.8526e-77
  6633  3.7787e-77
  6636  3.8328e-77
  6637  3.7681e-77
  6639  3.9582e-77
  6642  3.6192e-77
  6645  3.5729e-77
  6646  2.8895e-77
  6647  2.5812e-77
  6648  2.4339e-77
  6651  2.6201e-77
  6652  2.6586e-77
  6655  2.8264e-77
  6658  3.0021e-77
  6659  2.5556e-77
  6660  2.8047e-77
  6661  2.9058e-77
  6663  2.5501e-77
  6666  2.6815e-77
  6668  2.8406e-77
  6671  2.4434e-77
  6674  2.6555e-77
  6676  2.3065e-77
  6678  2.3395e-77
  6679  2.2112e-77
  6680  2.3775e-77
  6682  2.3245e-77
  6684  2.2054e-77
  6685  2.1243e-77
  6688  1.9051e-77
  6690  2.0443e-77
  6693  2.0126e-77
  6695  2.0460e-77
  6696  1.8506e-77
  6697  1.8476e-77
  6698  1.6556e-77
  6699  1.3832e-77
  6702  1.2848e-77
  6704  1.1808e-77
  6705  1.0197e-77
  6708  9.9593e-78
  6709  1.0344e-77
  6711  1.0110e-77
  6712  9.2244e-78
  6714  8.9920e-78
  6717  9.7777e-78
  6720  9.6451e-78
  6722  1.0180e-77
  6723  9.7382e-78
  6724  9.1071e-78
  6727  8.9368e-78
  6728  8.7440e-78
  6731  9.3170e-78
  6734  8.0720e-78
  6737  6.5659e-78
  6740  5.8389e-78
  6742  5.7482e-78
  6745  6.0036e-78
  6748  6.4669e-78
  6750  6.2372e-78
  6753  5.9010e-78
  6755  5.6859e-78
  6758  4.9812e-78
  6759  5.3221e-78
  6762  5.5361e-78
  6765  5.4130e-78
  6767  5.4191e-78
  6768  4.5892e-78
  6770  4.0960e-78
  6773  3.8313e-78
  6774  3.6347e-78
  6776  3.9849e-78
  6779  3.8271e-78
  6782  3.2327e-78
  6784  3.5088e-78
  6785  3.2436e-78
  6788  2.7929e-78
  6790  2.4236e-78
  6791  2.5630e-78
  6794  2.7483e-78
  6797  2.5661e-78
  6798  2.5176e-78
  6800  2.3137e-78
  6802  2.1790e-78
  6804  1.7808e-78
  6806  1.4857e-78
  6807  1.3080e-78
  6808  1.1070e-78
  6809  1.0255e-78
  6810  1.0808e-78
  6812  1.0082e-78
  6813  9.7093e-79
  6814  8.6343e-79
  6815  9.4101e-79
  6818  1.0311e-78
  6821  9.6858e-79
  6822  9.1007e-79
  6825  9.7301e-79
  6826  1.0592e-78
  6829  1.0410e-78
  6832  9.7621e-79
  6834  8.7789e-79
  6836  7.2106e-79
  6837  5.9726e-79
  6838  5.9131e-79
  6841  6.3224e-79
  6842  6.0251e-79
  6845  5.3008e-79
  6847  5.0962e-79
  6848  5.5292e-79
  6849  6.0798e-79
  6852  5.1130e-79
  6853  5.1009e-79
  6856  5.3386e-79
  6857  5.3460e-79
  6858  5.1377e-79
  6861  5.5858e-79
  6862  5.7003e-79
  6865  5.4022e-79
  6866  5.2153e-79
  6869  5.0023e-79
  6871  4.3998e-79
  6873  3.5376e-79
  6874  3.2349e-79
  6877  3.0747e-79
  6880  2.6012e-79
  6881  2.8088e-79
  6884  2.7167e-79
  6885  2.8166e-79
  6887  2.3878e-79
  6890  2.3309e-79
  6892  2.1262e-79
  6895  2.0542e-79
  6898  2.1685e-79
  6900  1.7602e-79
  6903  1.7048e-79
  6905  1.5385e-79
  6908  1.3058e-79
  6909  1.1697e-79
  6911  1.1073e-79
  6914  1.2153e-79
  6916  1.1159e-79
  6919  9.0069e-80
  6920  7.5716e-80
  6921  6.6683e-80
  6924  5.4446e-80
  6925  4.8750e-80
  6928  5.3374e-80
  6929  5.6224e-80
  6931  6.0372e-80
  6932  5.0227e-80
  6934  4.1921e-80
  6936  3.6592e-80
  6938  3.0387e-80
  6939  2.4610e-80
  6940  2.2962e-80
  6943  2.0262e-80
  6946  1.9411e-80
  6947  2.1128e-80
  6950  2.2477e-80
  6953  1.9926e-80
  6954  2.1606e-80
  6955  2.0799e-80
  6958  2.1583e-80
  6959  1.8336e-80
  6961  1.6269e-80
  6964  1.5350e-80
  6965  1.4666e-80
  6966  1.2750e-80
  6967  1.0456e-80
  6970  8.5014e-81
  6972  8.1955e-81
  6974  7.8616e-81
  6975  6.8734e-81
  6977  7.0815e-81
  6980  7.7158e-81
  6982  7.5782e-81
  6984  6.8441e-81
  6987  6.2627e-81
  6988  6.3781e-81
  6991  5.4045e-81
  6992  4.9195e-81
  6993  5.2199e-81
  6994  5.0883e-81
  6997  4.7520e-81
  6999  4.1988e-81
  7001  3.7529e-81
  7002  3.7416e-81
  7004  3.7061e-81
  7007  3.0233e-81
  7009  3.0713e-81
  7011  3.3707e-81
  7013  2.9933e-81
  7015  2.7511e-81
  7016  2.7620e-81
  7019  2.6168e-81
  7022  2.2415e-81
  7023  2.1177e-81
  7024  1.8537e-81
  7027  1.8140e-81
  7028  1.5908e-81
  7031  1.2898e-81
  7033  1.3351e-81
  7034  1.2404e-81
  7036  1.3172e-81
  7038  1.3722e-81
  7040  1.3051e-81
  7042  1.2304e-81
  7045  1.1346e-81
  7048  1.0085e-81
  7051  9.5265e-82
  7053  9.0594e-82
  7055  8.0036e-82
  7057  6.5381e-82
  7058  5.8345e-82
  7059  5.5607e-82
  7061  5.8126e-82
  7062  5.6781e-82
  7063  6.1689e-82
  7064  5.3021e-82
  7066  5.4957e-82
  7068  4.9610e-82
  7071  5.2553e-82
  7072  4.8416e-82
  7075  4.5591e-82
  7077  4.3673e-82
  7080  4.3263e-82
  7083  4.5518e-82
  7086  4.8119e-82
  7089  4.7635e-82
  7092  5.2093e-82
  7093  5.2511e-82
  7095  4.7245e-82
  7098  4.7962e-82
  7100  3.8416e-82
  7102  3.7384e-82
  7105  3.4028e-82
  7106  3.3476e-82
  7108  2.6902e-82
  7109  2.6773e-82
  7110  2.4917e-82
  7113  2.3560e-82
  7114  2.5374e-82
  7116  2.0882e-82
  7119  1.7524e-82
  7120  1.5078e-82
  7121  1.2354e-82
  7124  1.1048e-82
  7126  1.0568e-82
  7129  1.1471e-82
  7132  1.0460e-82
  7134  1.0966e-82
  7136  1.0901e-82
  7137  1.0133e-82
  7138  9.9397e-83
  7139  1.0632e-82
  7142  9.1371e-83
  7143  9.0025e-83
  7144  9.4667e-83
  7147  1.0092e-82
  7150  1.0013e-82
  7152  1.0997e-82
  7153  1.0282e-82
  7154  1.0232e-82
  7155  8.9812e-83
  7157  7.4318e-83
  7159  6.0260e-83
  7160  5.8907e-83
  7161  5.3540e-83
  7162  5.4477e-83
  7165  4.8308e-83
  7168  4.4600e-83
  7169  4.3054e-83
  7170  4.1793e-83
  7171  4.0279e-83
  7173  4.3493e-83
  7174  4.7232e-83
  7175  5.1002e-83
  7178  4.3906e-83
  7181  3.9415e-83
  7182  3.4415e-83
  7185  3.0932e-83
  7186  2.8096e-83
  7187  2.6674e-83
  7188  2.2154e-83
  7189  2.1771e-83
  7190  2.1591e-83
  7191  1.9063e-83
  7194  1.5946e-83
  7197  1.2802e-83
  7198  1.1066e-83
  7201  1.1626e-83
  7204  9.3519e-84
  7206  8.4167e-84
  7208  7.0240e-84
  7209  6.8341e-84
  7211  5.9879e-84
  7212  6.5646e-84
  7215  6.3493e-84
  7216  6.9308e-84
  7218  5.8839e-84
  7221  4.8835e-84
  7222  5.3319e-84
  7225  4.2749e-84
  7226  3.7645e-84
  7227  3.0535e-84
  7229  3.0121e-84
  7230  2.5871e-84
  7233  2.1158e-84
  7235  1.8544e-84
  7237  1.9019e-84
  7239  1.7994e-84
  7242  1.8395e-84
  7243  1.5441e-84
  7245  1.2382e-84
  7247  1.3305e-84
  7248  1.2980e-84
  7249  1.3562e-84
  7250  1.2948e-84
  7252  1.3862e-84
  7255  1.1190e-84
  7256  1.1864e-84
  7258  1.1478e-84
  7261  1.2558e-84
  7262  1.0081e-84
  7264  9.0815e-85
  7267  9.8491e-85
  7270  9.7686e-85
  7271  1.0308e-84
  7272  1.0450e-84
  7275  1.0282e-84
  7278  9.2633e-85
  7280  8.8418e-85
  7281  8.9167e-85
  7283  9.0739e-85
  7284  8.7488e-85
  7287  9.1698e-85
  7288  8.0561e-85
  7289  8.5039e-85
  7292  8.7661e-85
  7293  8.1922e-85
  7294  8.0003e-85
  7295  8.5444e-85
  7297  7.0467e-85
  7300  6.7288e-85
  7303  6.7136e-85
  7305  6.9045e-85
  7307  6.7727e-85
  7308  6.2706e-85
  7311  6.5880e-85
  7313  6.0713e-85
  7316  5.4260e-85
  7318  4.3824e-85
  7320  4.0337e-85
  7323  3.3503e-85
  7325  3.3021e-85
  7327  3.2137e-85
  7330  2.7071e-85
  7333  2.7777e-85
  7336  2.4055e-85
  7337  2.3193e-85
  7339  2.4024e-85
  7340  2.0072e-85
  7343  1.8756e-85
  7345  1.6982e-85
  7347  1.4203e-85
  7350  1.5579e-85
  7352  1.3952e-85
  7354  1.4794e-85
  7357  1.5633e-85
  7360  1.2599e-85
  7361  1.0979e-85
  7362  1.0519e-85
  7365  1.0225e-85
  7366  1.0433e-85
  7369  1.0065e-85
  7371  9.1556e-86
  7373  8.5130e-86
  7375  8.3256e-86
  7378  8.5548e-86
  7381  8.6542e-86
  7384  7.5079e-86
  7385  6.9977e-86
  7388  6.9522e-86
  7391  6.4672e-86
  7394  6.0739e-86
  7397  6.6254e-86
  7400  6.1430e-86
  7401  5.6904e-86
  7402  5.7552e-86
  7403  4.6113e-86
  7404  4.8766e-86
  7405  5.3515e-86
  7408  5.8476e-86
  7410  5.0823e-86
  7413  4.5485e-86
  7415  4.7211e-86
  7416  4.1776e-86
  7417  4.2182e-86
  7420  4.1018e-86
  7423  3.6774e-86
  7424  3.3351e-86
  7426  3.3092e-86
  7428  3.6077e-86
  7431  3.0922e-86
  7432  2.9298e-86
  7435  2.6277e-86
  7436  2.7513e-86
  7438  2.8778e-86
  7439  2.6357e-86
  7442  2.7014e-86
  7444  2.1655e-86
  7447  2.0070e-86
  7450  1.7339e-86
  7453  1.3946e-86
  7456  1.3264e-86
  7459  1.2268e-86
  7460  1.0771e-86
  7461  1.1007e-86
  7462  1.1478e-86
  7463  9.4062e-87
  7465  9.8889e-87
  7466  1.0549e-86
  7467  1.1015e-86
  7469  1.0438e-86
  7472  9.6195e-87
  7475  8.0185e-87
  7478  6.4378e-87
  7481  6.0639e-87
  7483  6.2991e-87
  7485  6.7626e-87
  7486  6.1063e-87
  7487  5.3981e-87
  7488  5.2984e-87
  7489  5.5030e-87
  7491  5.0965e-87
  7494  5.2635e-87
  7496  5.7366e-87
  7498  5.7563e-87
  7499  5.8580e-87
  7502  5.6944e-87
  7504  5.7856e-87
  7506  5.5226e-87
  7507  5.7892e-87
  7510  5.1919e-87
  7513  5.4849e-87
  7516  5.7365e-87
  7517  5.5414e-87
  7519  5.0490e-87
  7521  4.8722e-87
  7523  4.4253e-87
  7526  4.6245e-87
  7527  4.7512e-87
  7530  3.9784e-87
  7531  3.8518e-87
  7533  4.1906e-87
  7534  4.3905e-87
  7537  4.1397e-87
  7539  4.1780e-87
  7540  3.4883e-87
  7543  3.1134e-87
  7545  2.7149e-87
  7547  2.4766e-87
  7549  2.4986e-87
  7552  2.5739e-87
  7554  2.1132e-87
  7555  1.8081e-87
  7556  1.5152e-87
  7558  1.4381e-87
  7559  1.3111e-87
  7562  1.3392e-87
  7563  1.2117e-87
  7565  9.8018e-88
  7566  1.0379e-87
  7567  1.1194e-87
  7570  1.1940e-87
  7573  1.0450e-87
  7574  8.8626e-88
  7577  8.9034e-88
  7579  8.3055e-88
  7582  8.4068e-88
  7583  6.8448e-88
  7584  7.1110e-88
  7587  7.6206e-88
  7588  8.1133e-88
  7589  7.0496e-88
  7590  5.6452e-88
  7592  5.6110e-88
  7595  4.5448e-88
  7598  4.9851e-88
  7600  4.9382e-88
  7602  4.2961e-88
  7603  3.5835e-88
  7604  3.7797e-88
  7606  3.9002e-88
  7609  4.1431e-88
  7610  3.3642e-88
  7611  3.5285e-88
  7614  3.6381e-88
  7617  3.3718e-88
  7619  3.6987e-88
  7620  3.8487e-88
  7623  3.2941e-88
  7625  3.2552e-88
  7626  3.3440e-88
  7629  2.8339e-88
  7630  3.0168e-88
  7632  3.0411e-88
  7634  3.3201e-88
  7636  2.7223e-88
  7638  2.8269e-88
  7641  2.2786e-88
  7643  1.8755e-88
  7645  1.5721e-88
  7647  1.4283e-88
  7650  1.2856e-88
  7653  1.1129e-88
  7654  1.1627e-88
  7656  9.8958e-89
  7657  9.4672e-89
  7658  8.8476e-89
  7661  7.3218e-89
  7662  5.9148e-89
  7663  5.3842e-89
  7664  4.8381e-89
  7666  4.3918e-89
  7669  3.7557e-89
  7671  3.8976e-89
  7672  3.2996e-89
  7673  2.6820e-89
  7674  2.1514e-89
  7676  2.2226e-89
  7679  2.2855e-89
  7682  2.4396e-89
  7684  2.5586e-89
  7686  2.1615e-89
  7688  2.0214e-89
  7689  2.0197e-89
  7691  1.6476e-89
  7693  1.6015e-89
  7695  1.4128e-89
  7698  1.2864e-89
  7699  1.2462e-89
  7702  1.2907e-89
  7703  1.3943e-89
  7706  1.1937e-89
  7708  1.0196e-89
  7710  8.9794e-90
  7713  9.0117e-90
  7714  8.5419e-90
  7715  7.7547e-90
  7717  7.9919e-90
  7720  7.1959e-90
  7721  6.1400e-90
  7723  5.8594e-90
  7724  5.1039e-90
  7725  4.2061e-90
  7726  4.4097e-90
  7729  3.7564e-90
  7732  3.3407e-90
  7733  3.0268e-90
  7735  3.2454e-90
  7738  2.9083e-90
  7739  2.9381e-90
  7740  2.5448e-90
  7743  2.0799e-90
  7745  2.2125e-90
  7747  2.0060e-90
  7749  1.6597e-90
  7752  1.3722e-90
  7754  1.1652e-90
  7756  1.0591e-90
  7758  1.0233e-90
  7761  1.1123e-90
  7762  1.0152e-90
  7765  8.3331e-91
  7767  8.8633e-91
  7768  7.8917e-91
  7769  7.0295e-91
  7772  7.0673e-91
  7773  7.5172e-91
  7776  7.1534e-91
  7778  7.1328e-91
  7780  7.7462e-91
  7783  7.8544e-91
  7785  7.0341e-91
  7788  7.5025e-91
  7789  6.0618e-91
  7790  5.2342e-91
  7793  4.8876e-91
  7795  4.0761e-91
  7798  3.7026e-91
  7799  3.3092e-91
  7802  2.6694e-91
  7804  2.1367e-91
  7806  1.9396e-91
  7809  1.8815e-91
  7811  1.6678e-91
  7812  1.4871e-91
  7814  1.2590e-91
  7815  1.2388e-91
  7818  1.2103e-91
  7821  1.2826e-91
  7822  1.2191e-91
  7823  1.0519e-91
  7826  1.1305e-91
  7829  1.1113e-91
  7831  1.1264e-91
  7834  1.2389e-91
  7836  1.1562e-91
  7837  1.2337e-91
  7839  1.0926e-91
  7842  9.3365e-92
  7843  9.6743e-92
  7844  1.0617e-91
  7847  1.0540e-91
  7850  9.8687e-92
  7851  8.3100e-92
  7853  8.5923e-92
  7856  9.1196e-92
  7857  9.0192e-92
  7858  8.0189e-92
  7860  8.5818e-92
  7863  8.2873e-92
  7864  7.1074e-92
  7867  6.7215e-92
  7870  5.4470e-92
  7872  4.6284e-92
  7873  3.7639e-92
  7876  3.4714e-92
  7879  3.6858e-92
  7880  3.1230e-92
  7883  2.6331e-92
  7886  2.7336e-92
  7887  2.7729e-92
  7889  2.8917e-92
  7891  3.0548e-92
  7892  3.0261e-92
  7894  2.9187e-92
  7897  2.5005e-92
  7899  2.2253e-92
  7901  2.2353e-92
  7904  2.2762e-92
  7905  2.2414e-92
  7908  2.2420e-92
  7911  1.7992e-92
  7914  1.5315e-92
  7915  1.2287e-92
  7918  1.1128e-92
  7921  1.1071e-92
  7923  1.0950e-92
  7924  1.0965e-92
  7925  1.0454e-92
  7927  1.0283e-92
  7930  9.5833e-93
  7933  9.9065e-93
  7935  8.9074e-93
  7936  7.9373e-93
  7937  8.4701e-93
  7940  8.0167e-93
  7941  7.6144e-93
  7944  7.3962e-93
  7947  7.7907e-93
  7949  6.2350e-93
  7952  6.2398e-93
  7954  6.4008e-93
  7955  5.7900e-93
  7957  5.6011e-93
  7959  4.9137e-93
  7961  4.4697e-93
  7963  4.4399e-93
  7966  3.8623e-93
  7968  3.1505e-93
  7969  2.5485e-93
  7970  2.2691e-93
  7973  2.3249e-93
  7976  2.0923e-93
  7977  1.7685e-93
  7978  1.4967e-93
  7981  1.4505e-93
  7984  1.1878e-93
  7985  1.0346e-93
  7988  1.0966e-93
  7990  1.0073e-93
  7991  1.0452e-93
  7992  1.0748e-93
  7993  1.1299e-93
  7994  1.2333e-93
  7996  1.0590e-93
  7999  9.5543e-94
  8001  1.0216e-93
  8004  1.0825e-93
  8005  9.4439e-94
  8008  8.8491e-94
  8009  8.8134e-94
  8011  8.0517e-94
  8014  8.6403e-94
  8017  7.9145e-94
  8018  7.1565e-94
  8020  6.3203e-94
  8023  6.2634e-94
  8026  5.4149e-94
  8027  4.8141e-94
  8030  4.6752e-94
  8032  4.3759e-94
  8033  3.5554e-94
  8035  3.8762e-94
  8036  3.7133e-94
  8038  3.7587e-94
  8041  3.2645e-94
  8044  3.5820e-94
  8045  3.2496e-94
  8047  3.5061e-94
  8048  3.7071e-94
  8049  3.1933e-94
  8052  2.6279e-94
  8053  2.2767e-94
  8056  2.3898e-94
  8057  2.2648e-94
  8060  2.2010e-94
  8063  1.8410e-94
  8065  1.8695e-94
  8066  1.6120e-94
  8067  1.6967e-94
  8069  1.4186e-94
  8071  1.4224e-94
  8073  1.4058e-94
  8076  1.1774e-94
  8078  9.6297e-95
  8080  1.0023e-94
  8082  8.7978e-95
  8085  7.0700e-95
  8086  7.4410e-95
  8087  7.0868e-95
  8089  6.1310e-95
  8090  5.5099e-95
  8092  5.7916e-95
  8095  6.3394e-95
  8096  5.3610e-95
  8099  5.5829e-95
  8101  5.2031e-95
  8102  5.1185e-95
  8104  5.3319e-95
  8105  5.3773e-95
  8106  5.1004e-95
  8107  4.2480e-95
  8109  4.2711e-95
  8112  3.5202e-95
  8114  3.5946e-95
  8117  3.6152e-95
  8119  3.4807e-95
  8120  3.1000e-95
  8121  3.2126e-95
  8123  3.3112e-95
  8124  2.7607e-95
  8125  2.8388e-95
  8126  2.3270e-95
  8128  2.1623e-95
  8130  2.3516e-95
  8132  2.2395e-95
  8133  1.8526e-95
  8136  1.7047e-95
  8137  1.5754e-95
  8140  1.3586e-95
  8143  1.2100e-95
  8146  1.0624e-95
  8147  1.0443e-95
  8149  1.0742e-95
  8152  9.6025e-96
  8154  1.0216e-95
  8157  9.0213e-96
  8159  8.9624e-96
  8161  7.3711e-96
  8164  7.3609e-96
  8167  6.9350e-96
  8168  7.0809e-96
  8169  6.9646e-96
  8172  7.3334e-96
  8174  6.2107e-96
  8176  6.5977e-96
  8178  6.1874e-96
  8179  5.9842e-96
  8181  4.8048e-96
  8184  4.4094e-96
  8185  3.6868e-96
  8188  3.8891e-96
  8191  4.0899e-96
  8192  3.3218e-96
  8193  2.9194e-96
  8194  2.8597e-96
  8195  2.6482e-96
  8196  2.7541e-96
  8199  2.4788e-96
  8201  2.6457e-96
  8204  2.7171e-96
  8206  2.2385e-96
  8207  1.7960e-96
  8210  1.6956e-96
  8211  1.5640e-96
  8214  1.5247e-96
  8215  1.2232e-96
  8218  1.2986e-96
  8219  1.0550e-96
  8220  1.0805e-96
  8223  9.0249e-97
  8225  7.4325e-97
  8227  6.9694e-97
  8230  7.0057e-97
  8232  7.4485e-97
  8233  6.4524e-97
  8235  5.8694e-97
  8236  4.8278e-97
  8237  4.4753e-97
  8240  3.9909e-97
  8241  3.8520e-97
  8243  3.4501e-97
  8246  3.6302e-97
  8248  3.9043e-97
  8249  3.9090e-97
  8250  4.2323e-97
  8251  4.5885e-97
  8253  3.8659e-97
  8255  3.5321e-97
  8257  3.6271e-97
  8259  2.9145e-97
  8260  2.6440e-97
  8261  2.7755e-97
  8264  2.2786e-97
  8265  2.1510e-97
  8266  1.9059e-97
  8269  1.7360e-97
  8270  1.5998e-97
  8271  1.5503e-97
  8273  1.3789e-97
  8276  1.1460e-97
  8279  1.1801e-97
  8280  9.6912e-98
  8281  9.5347e-98
  8284  9.1640e-98
  8285  8.6705e-98
  8287  7.0152e-98
  8289  5.7736e-98
  8291  5.1565e-98
  8294  4.3753e-98
  8297  3.9945e-98
  8298  3.3680e-98
  8299  3.1586e-98
  8300  2.6393e-98
  8301  2.2814e-98
  8304  2.2126e-98
  8307  2.0214e-98
  8308  2.1076e-98
  8311  1.9831e-98
  8312  1.8591e-98
  8314  1.9975e-98
  8317  1.7980e-98
  8318  1.8333e-98
  8320  1.5891e-98
  8321  1.6795e-98
  8324  1.6682e-98
  8326  1.3613e-98
  8327  1.3057e-98
  8329  1.1196e-98
  8330  1.1446e-98
  8331  1.1429e-98
  8334  1.1854e-98
  8336  1.2959e-98
  8337  1.3969e-98
  8338  1.1450e-98
  8341  9.4169e-99
  8343  8.0303e-99
  8345  8.2067e-99
  8347  8.6822e-99
  8350  7.6680e-99
  8353  8.2562e-99
  8356  7.1174e-99
  8357  5.8919e-99
  8358  6.2030e-99
  8360  6.7101e-99
  8361  6.3589e-99
  8364  6.0390e-99
  8366  4.9034e-99
  8369  4.2658e-99
  8370  4.6322e-99
  8371  3.7413e-99
  8374  3.8729e-99
  8376  4.0996e-99
  8378  4.1688e-99
  8379  3.4345e-99
  8381  3.6707e-99
  8383  3.3411e-99
  8384  2.9791e-99
  8385  2.9377e-99
  8388  3.0305e-99
  8389  2.8451e-99
  8391  2.5422e-99
  8392  2.5712e-99
  8394  2.1890e-99
  8397  2.1559e-99
  8399  2.3223e-99
  8400  2.2413e-99
  8401  2.2046e-99
  8404  2.2772e-99
  8406  2.4014e-99
  8408  2.0594e-99
  8411  2.0190e-99
  8414  2.0796e-99
  8416  1.8816e-99
  8419  1.7147e-99
  8420  1.3852e-99
  8423  1.1245e-99
  8424  9.2550e-100
  8425  8.9399e-100
  8427  8.3694e-100
  8429  7.4218e-100
  8430  6.9679e-100
  8433  6.5613e-100
  8435  5.8144e-100
  8438  6.3924e-100
  8441  6.5798e-100
  8444  5.3979e-100
  8446  4.5183e-100
  8448  3.7750e-100
  8451  3.8475e-100
  8453  3.8470e-100
  8456  3.4222e-100
  8458  3.0247e-100
  8461  2.4548e-100
  8462  1.9763e-100
  8464  1.9418e-100
  8466  1.9866e-100
  8469  1.6020e-100
  8472  1.4211e-100
  8473  1.5618e-100
  8474  1.4179e-100
  8475  1.3251e-100
  8477  1.1930e-100
  8479  1.0183e-100
  8481  9.8971e-101
  8484  8.5952e-101
  8487  8.1326e-101
  8488  8.5252e-101
  8489  7.4972e-101
  8492  7.2490e-101
  8493  6.8851e-101
  8496  6.6715e-101
  8498  6.9474e-101
  8500  6.4777e-101
  8502  5.9288e-101
  8505  5.3268e-101
  8507  5.3800e-101
  8508  5.1329e-101
  8510  4.5026e-101
  8513  4.0934e-101
  8516  3.5061e-101
  8519  2.8388e-101
  8521  2.4656e-101
  8524  2.0377e-101
  8526  2.2213e-101
  8528  1.8373e-101
  8531  1.9917e-101
  8532  2.0695e-101
  8534  1.6867e-101
  8536  1.6828e-101
  8537  1.6750e-101
  8538  1.7839e-101
  8540  1.7317e-101
  8541  1.5596e-101
  8542  1.5020e-101
  8543  1.3295e-101
  8546  1.4449e-101
  8547  1.2876e-101
  8548  1.2917e-101
  8550  1.2004e-101
  8553  1.1929e-101
  8554  1.0772e-101
  8555  9.8368e-102
  8556  1.0246e-101
  8557  1.0055e-101
  8559  9.2545e-102
  8560  9.6120e-102
  8561  7.8384e-102
  8563  7.3886e-102
  8564  6.7253e-102
  8567  6.0819e-102
  8568  5.8194e-102
  8570  5.8625e-102
  8572  5.5577e-102
  8573  5.2468e-102
  8576  4.6878e-102
  8578  4.5833e-102
  8580  4.4435e-102
  8582  4.6893e-102
  8584  4.0575e-102
  8586  4.1885e-102
  8587  3.7970e-102
  8590  3.3204e-102
  8592  3.2038e-102
  8593  2.9768e-102
  8594  3.0127e-102
  8595  3.1897e-102
  8597  3.4431e-102
  8599  2.9067e-102
  8600  3.1440e-102
  8601  3.2932e-102
  8603  2.8607e-102
  8604  2.9048e-102
  8606  2.9166e-102
  8608  2.9741e-102
  8609  2.9478e-102
  8612  3.2041e-102
  8615  2.8240e-102
  8617  2.9469e-102
  8618  3.1411e-102
  8619  3.1551e-102
  8620  3.1786e-102
  8622  2.8992e-102
  8625  2.8825e-102
  8627  2.4298e-102
  8629  2.4637e-102
  8631  2.1795e-102
  8634  2.3742e-102
  8637  2.2673e-102
  8638  2.0668e-102
  8639  1.8055e-102
  8642  1.9720e-102
  8645  1.9601e-102
  8646  1.6568e-102
  8647  1.5804e-102
  8648  1.5814e-102
  8649  1.4956e-102
  8652  1.2511e-102
  8653  1.0421e-102
  8654  1.1138e-102
  8655  8.9632e-103
  8657  9.3501e-103
  8658  9.6188e-103
  8660  1.0571e-102
  8662  1.0134e-102
  8663  1.0998e-102
  8664  8.9981e-103
  8667  9.3455e-103
  8669  8.4441e-103
  8671  7.2620e-103
  8673  6.6909e-103
  8676  6.5465e-103
  8677  6.7512e-103
  8680  5.8238e-103
  8683  6.3297e-103
  8686  5.1742e-103
  8689  4.8611e-103
  8691  4.2554e-103
  8692  3.8769e-103
  8693  3.2408e-103
  8695  3.4425e-103
  8696  2.9375e-103
  8698  2.7224e-103
  8699  2.9546e-103
  8700  2.6755e-103
  8701  2.5033e-103
  8702  2.0652e-103
  8705  2.2603e-103
  8707  1.9368e-103
  8710  1.8197e-103
  8713  1.7633e-103
  8716  1.4312e-103
  8718  1.3999e-103
  8719  1.4435e-103
  8722  1.4850e-103
  8725  1.4974e-103
  8726  1.3001e-103
  8729  1.3813e-103
  8730  1.3312e-103
  8733  1.1305e-103
  8734  1.2013e-103
  8737  1.0501e-103
  8739  9.3736e-104
  8742  1.0226e-103
  8744  1.0000e-103
  8747  9.5148e-104
  8749  1.0398e-103
  8752  8.8982e-104
  8754  8.2943e-104
  8755  8.9194e-104
  8758  8.5348e-104
  8761  9.3024e-104
  8764  8.0679e-104
  8765  7.9829e-104
  8766  8.2792e-104
  8768  7.1535e-104
  8769  6.5681e-104
  8772  5.5415e-104
  8773  4.7414e-104
  8776  4.4867e-104
  8778  3.6819e-104
  8780  3.3782e-104
  8781  3.0657e-104
  8784  2.4870e-104
  8785  2.1327e-104
  8787  1.8639e-104
  8788  1.9228e-104
  8789  1.9279e-104
  8790  2.0220e-104
  8793  1.7969e-104
  8795  1.5240e-104
  8796  1.4967e-104
  8799  1.4929e-104
  8801  1.3137e-104
  8803  1.1835e-104
  8805  1.0566e-104
  8806  1.0617e-104
  8807  1.1315e-104
  8810  9.8033e-105
  8813  9.7110e-105
  8814  8.9321e-105
  8817  9.8182e-105
  8820  9.1903e-105
  8822  9.0543e-105
  8825  9.4862e-105
  8828  8.3485e-105
  8831  8.5717e-105
  8833  7.5151e-105
  8836  7.7816e-105
  8838  6.9026e-105
  8840  6.2111e-105
  8841  5.6867e-105
  8842  5.9739e-105
  8844  6.5423e-105
  8846  6.1036e-105
  8847  6.4061e-105
  8850  5.4451e-105
  8852  5.0911e-105
  8854  4.0928e-105
  8855  3.4726e-105
  8857  3.3613e-105
  8858  2.9658e-105
  8859  3.1053e-105
  8862  2.6999e-105
  8865  2.4377e-105
  8868  2.0017e-105
  8869  1.7851e-105
  8870  1.8838e-105
  8871  1.5899e-105
  8874  1.5197e-105
  8876  1.6557e-105
  8879  1.8083e-105
  8881  1.4655e-105
  8883  1.3488e-105
  8884  1.4025e-105
  8886  1.2895e-105
  8887  1.1794e-105
  8890  1.2586e-105
  8891  1.0117e-105
  8892  8.1228e-106
  8893  7.6192e-106
  8896  6.6984e-106
  8897  5.8349e-106
  8900  5.3374e-106
  8901  5.5852e-106
  8902  5.8245e-106
  8905  6.1895e-106
  8906  6.5018e-106
  8908  6.2364e-106
  8909  5.5218e-106
  8910  5.9756e-106
  8911  5.3244e-106
  8912  5.6981e-106
  8913  5.3731e-106
  8914  5.0703e-106
  8915  4.1634e-106
  8916  4.2002e-106
  8918  3.8266e-106
  8921  3.7208e-106
  8923  3.4420e-106
  8926  3.2968e-106
  8927  2.8170e-106
  8930  2.9199e-106
  8932  2.8362e-106
  8935  2.6216e-106
  8937  2.5388e-106
  8938  2.6479e-106
  8941  2.7381e-106
  8943  2.7688e-106
  8946  2.2718e-106
  8947  1.9191e-106
  8950  1.7654e-106
  8953  1.9073e-106
  8954  1.8488e-106
  8957  1.6925e-106
  8958  1.5762e-106
  8960  1.2698e-106
  8962  1.3743e-106
  8963  1.2368e-106
  8966  1.1836e-106
  8968  1.1492e-106
  8969  1.1451e-106
  8972  1.0252e-106
  8975  9.7476e-107
  8978  9.2478e-107
  8980  9.8454e-107
  8982  9.4974e-107
  8983  1.0215e-106
  8984  8.5184e-107
  8985  7.5520e-107
  8986  7.3825e-107
  8989  5.9727e-107
  8990  6.2293e-107
  8991  5.3918e-107
  8993  5.8260e-107
  8996  5.2667e-107
  8999  4.7448e-107
