     1  1.0000e+02
     4  1.0412e+02
     7  9.8971e+01
     9  8.7392e+01
    11  9.3670e+01
    12  8.8428e+01
    13  8.8155e+01
    14  8.6596e+01
    15  7.9481e+01
    16  8.7074e+01
    17  7.9077e+01
    20  8.4906e+01
    23  8.3530e+01
    26  7.3082e+01
    28  7.4510e+01
    31  6.0759e+01
    33  6.1697e+01
    34  5.0897e+01
    35  4.1640e+01
    37  4.3814e+01
    39  4.1076e+01
    41  3.4085e+01
    44  3.0198e+01
    45  2.6367e+01
    47  2.1557e+01
    49  1.9572e+01
    52  1.8805e+01
    53  1.7906e+01
    56  1.6401e+01
    59  1.5872e+01
    62  1.7376e+01
    64  1.5501e+01
    65  1.3494e+01
    67  1.3712e+01
    68  1.1153e+01
    69  1.1857e+01
    70  1.2558e+01
    71  1.1413e+01
    73  9.6459e+00
    76  1.0268e+01
    79  8.8205e+00
    82  9.1300e+00
    85  9.3300e+00
    88  8.6612e+00
    89  7.0811e+00
    91  6.7683e+00
    94  7.0112e+00
    95  6.4829e+00
    97  6.8528e+00
    98  6.5472e+00
    99  6.2567e+00
   102  5.3288e+00
   103  5.4190e+00
   105  4.7560e+00
   108  4.8338e+00
   111  4.6765e+00
   112  5.0896e+00
   114  4.4061e+00
   117  4.8085e+00
   118  4.8096e+00
   121  4.0185e+00
   124  3.5239e+00
   125  3.4707e+00
   126  2.8002e+00
   128  3.0685e+00
   131  2.6085e+00
   134  2.2229e+00
   137  2.2341e+00
   139  1.9165e+00
   142  2.0087e+00
   144  2.0159e+00
   147  2.1722e+00
   150  2.0692e+00
   152  2.1758e+00
   155  2.2078e+00
   156  2.3790e+00
   157  2.3349e+00
   158  2.3670e+00
   159  2.4026e+00
   160  2.5181e+00
   162  2.1165e+00
   165  1.7153e+00
   168  1.4619e+00
   170  1.4040e+00
   172  1.1620e+00
   173  1.1241e+00
   176  1.1538e+00
   179  1.0586e+00
   181  9.7743e-01
   183  9.7808e-01
   184  9.4113e-01
   185  7.7350e-01
   186  7.6068e-01
   188  6.8513e-01
   189  6.4713e-01
   190  5.3932e-01
   193  4.4928e-01
   194  4.6010e-01
   195  3.6872e-01
   196  3.5409e-01
   198  3.6813e-01
   201  3.6625e-01
   203  3.8249e-01
   205  3.1185e-01
   206  2.7008e-01
   208  2.7440e-01
   209  2.4226e-01
   211  1.9532e-01
   212  1.6173e-01
   213  1.3853e-01
   216  1.4314e-01
   217  1.3650e-01
   219  1.2103e-01
   222  1.0048e-01
   223  1.0032e-01
   224  1.0040e-01
   225  9.3195e-02
   226  8.3808e-02
   228  7.9211e-02
   230  8.6510e-02
   232  9.3554e-02
   234  9.7386e-02
   236  8.3941e-02
   237  7.0401e-02
   240  6.2455e-02
   241  6.7279e-02
   242  5.4558e-02
   243  4.4608e-02
   244  4.3565e-02
   245  4.5433e-02
   248  4.4622e-02
   251  4.7738e-02
   253  5.0723e-02
   256  4.3851e-02
   258  4.7104e-02
   259  3.8844e-02
   262  3.7292e-02
   265  4.0198e-02
   266  3.6915e-02
   268  3.4179e-02
   269  3.3168e-02
   270  3.0061e-02
   272  2.8367e-02
   275  3.1116e-02
   278  2.5735e-02
   279  2.3663e-02
   281  2.3982e-02
   282  2.2387e-02
   283  2.2854e-02
   284  1.8702e-02
   285  1.7948e-02
   288  1.4737e-02
   291  1.4790e-02
   292  1.3833e-02
   294  1.3541e-02
   296  1.2972e-02
   298  1.2645e-02
   301  1.2466e-02
   304  1.1956e-02
   307  1.1401e-02
   310  1.2039e-02
   312  1.2356e-02
   314  1.2374e-02
   317  1.3390e-02
   320  1.4349e-02
   321  1.4095e-02
   323  1.1866e-02
   324  1.0389e-02
   326  1.0253e-02
   327  8.5781e-03
   328  8.1655e-03
   331  8.9796e-03
   332  9.1937e-03
   333  9.4655e-03
   334  9.6463e-03
   337  7.7840e-03
   340  7.8662e-03
   341  8.0265e-03
   343  7.9802e-03
   345  7.9629e-03
   346  7.3745e-03
   347  6.5544e-03
   348  5.9931e-03
   351  5.4046e-03
   352  4.9949e-03
   355  4.3219e-03
   356  3.5230e-03
   357  3.2950e-03
   358  3.4152e-03
   359  2.9999e-03
   361  3.0880e-03
   364  2.9532e-03
   367  2.8611e-03
   368  2.6141e-03
   371  2.8325e-03
   372  2.8101e-03
   373  3.0886e-03
   375  2.5864e-03
   378  2.3697e-03
   381  2.2089e-03
   384  2.0740e-03
   387  1.9771e-03
   390  1.6512e-03
   392  1.8151e-03
   394  1.8249e-03
   395  1.6533e-03
   398  1.4681e-03
   401  1.4121e-03
   402  1.3713e-03
   405  1.2927e-03
   408  1.4155e-03
   410  1.3935e-03
   413  1.4647e-03
   416  1.2666e-03
   417  1.3203e-03
   420  1.3531e-03
   423  1.2262e-03
   426  1.0998e-03
   428  9.1431e-04
   430  8.0480e-04
   431  7.6760e-04
   432  7.8454e-04
   433  7.8229e-04
   436  7.8447e-04
   438  6.8010e-04
   441  5.7055e-04
   442  5.2308e-04
   443  4.4922e-04
   444  3.8950e-04
   446  3.8259e-04
   449  3.9931e-04
   452  3.8162e-04
   455  3.7590e-04
   458  3.3289e-04
   461  2.8413e-04
   463  3.0897e-04
   466  3.1189e-04
   467  3.3770e-04
   468  3.1644e-04
   471  2.7603e-04
   474  2.5244e-04
   477  2.6522e-04
   480  2.1637e-04
   481  1.9810e-04
   482  1.5968e-04
   483  1.7467e-04
   485  1.6346e-04
   488  1.4860e-04
   490  1.4866e-04
   492  1.4937e-04
   493  1.4183e-04
   495  1.4860e-04
   496  1.4581e-04
   498  1.2911e-04
   500  1.2878e-04
   502  1.2564e-04
   504  1.2062e-04
   506  1.2610e-04
   507  1.0473e-04
   509  1.0862e-04
   511  1.0267e-04
   513  1.1274e-04
   516  1.0353e-04
   518  1.1037e-04
   520  1.0409e-04
   522  1.1119e-04
   523  9.9766e-05
   526  9.7717e-05
   528  9.3817e-05
   530  8.6627e-05
   532  7.9216e-05
   533  6.9430e-05
   536  5.8243e-05
   538  4.9326e-05
   541  4.7810e-05
   542  4.5297e-05
   544  4.5450e-05
   547  3.8503e-05
   550  3.1802e-05
   551  3.3676e-05
   553  2.8871e-05
   554  2.4157e-05
   556  2.0118e-05
   559  1.7886e-05
   562  1.4790e-05
   563  1.4757e-05
   564  1.2220e-05
   567  1.1913e-05
   570  1.1430e-05
   571  1.0690e-05
   572  9.8603e-06
   575  8.9008e-06
   577  8.8276e-06
   579  8.4138e-06
   582  6.7767e-06
   584  5.5158e-06
   587  5.6256e-06
   590  4.9559e-06
   593  5.2890e-06
   596  5.2942e-06
   599  5.3603e-06
   602  5.2408e-06
   604  5.4856e-06
   606  4.7713e-06
   607  3.8957e-06
   609  3.2984e-06
   612  3.0647e-06
   613  2.7602e-06
   614  2.9424e-06
   615  2.9136e-06
   617  2.6904e-06
   619  2.7654e-06
   622  2.6801e-06
   623  2.2418e-06
   626  2.0050e-06
   629  1.8100e-06
   632  1.6497e-06
   634  1.4543e-06
   636  1.5308e-06
   638  1.5296e-06
   641  1.4365e-06
   642  1.2118e-06
   644  9.8782e-07
   645  8.4525e-07
   648  9.1325e-07
   651  9.9097e-07
   653  1.0769e-06
   655  1.0383e-06
   657  8.8067e-07
   659  8.7141e-07
   662  8.2577e-07
   663  7.2967e-07
   665  7.5871e-07
   667  7.2953e-07
   670  7.4279e-07
   673  7.0023e-07
   676  6.5077e-07
   678  6.5008e-07
   680  6.9720e-07
   681  6.3780e-07
   683  5.7571e-07
   684  5.8807e-07
   685  4.7191e-07
   688  4.8000e-07
   690  3.8847e-07
   692  3.2546e-07
   695  3.3000e-07
   696  3.3796e-07
   698  3.6849e-07
   700  4.0052e-07
   701  3.3345e-07
   703  3.3571e-07
   704  3.2081e-07
   707  2.9604e-07
   709  2.6279e-07
   710  2.5387e-07
   711  2.1664e-07
   713  2.3502e-07
   714  2.0759e-07
   717  2.2233e-07
   720  2.0090e-07
   722  1.8307e-07
   723  1.5480e-07
   724  1.6147e-07
   726  1.5938e-07
   729  1.4580e-07
   730  1.4783e-07
   732  1.2177e-07
   734  1.2686e-07
   736  1.1711e-07
   739  1.2253e-07
   740  1.1680e-07
   741  9.5014e-08
   742  9.9024e-08
   745  9.2430e-08
   747  9.5900e-08
   750  9.9993e-08
   752  8.3608e-08
   754  8.1582e-08
   757  8.0864e-08
   759  6.7942e-08
   760  6.9011e-08
   762  5.6201e-08
   765  6.1727e-08
   767  5.8415e-08
   770  4.7927e-08
   772  4.5651e-08
   774  4.3156e-08
   777  3.8828e-08
   778  3.1592e-08
   780  3.3406e-08
   781  3.0023e-08
   782  2.4580e-08
   784  2.6318e-08
   787  2.8072e-08
   790  2.4415e-08
   792  2.2926e-08
   793  2.2277e-08
   795  2.3897e-08
   796  2.3631e-08
   797  2.5483e-08
   800  2.4238e-08
   803  2.3822e-08
   804  2.0144e-08
   806  2.2130e-08
   808  1.9342e-08
   811  1.6697e-08
   813  1.8123e-08
   816  1.6927e-08
   817  1.3754e-08
   820  1.1461e-08
   822  1.1196e-08
   825  1.1672e-08
   826  1.1773e-08
   827  1.0990e-08
   829  1.0388e-08
   830  9.9777e-09
   832  8.0357e-09
   834  8.6546e-09
   836  6.9497e-09
   837  6.6783e-09
   838  6.0673e-09
   840  5.9460e-09
   842  6.3046e-09
   843  5.4804e-09
   845  4.8729e-09
   846  5.1212e-09
   849  5.5447e-09
   851  5.8400e-09
   852  6.1997e-09
   854  6.7162e-09
   856  5.9993e-09
   858  5.6261e-09
   860  6.0505e-09
   861  4.9786e-09
   864  4.2998e-09
   866  4.4299e-09
   869  3.6971e-09
   872  3.1500e-09
   873  2.9240e-09
   876  3.2000e-09
   877  3.0706e-09
   880  3.1184e-09
   882  2.9282e-09
   884  3.0261e-09
   886  2.6315e-09
   887  2.5797e-09
   888  2.5503e-09
   889  2.5009e-09
   892  2.7508e-09
   894  2.2472e-09
   895  2.0591e-09
   896  2.0551e-09
   899  1.9880e-09
   900  1.6093e-09
   902  1.4426e-09
   904  1.4205e-09
   906  1.4818e-09
   908  1.4460e-09
   909  1.3729e-09
   911  1.1688e-09
   913  1.0832e-09
   915  1.0608e-09
   916  1.0528e-09
   919  9.7941e-10
   921  9.6236e-10
   924  9.4756e-10
   927  9.8857e-10
   929  1.0220e-09
   930  8.4427e-10
   931  8.7340e-10
   934  8.7995e-10
   935  9.4748e-10
   937  8.6970e-10
   938  8.5819e-10
   941  8.3826e-10
   944  6.7923e-10
   946  7.3423e-10
   949  7.0250e-10
   950  6.2713e-10
   953  5.7709e-10
   954  4.7339e-10
   957  3.8822e-10
   960  3.5677e-10
   963  2.9604e-10
   964  2.8600e-10
   966  2.9465e-10
   968  2.5791e-10
   969  2.5041e-10
   971  2.5637e-10
   974  2.6580e-10
   976  2.1324e-10
   978  1.7440e-10
   980  1.5238e-10
   981  1.4797e-10
   984  1.2939e-10
   986  1.1762e-10
   989  1.2128e-10
   990  1.1253e-10
   992  9.2839e-11
   993  9.2726e-11
   996  9.7329e-11
   998  7.9401e-11
  1000  7.0395e-11
  1002  6.2256e-11
  1005  6.2305e-11
  1008  5.5222e-11
  1010  5.5057e-11
  1011  4.9403e-11
  1012  4.1529e-11
  1014  3.7087e-11
  1016  3.9831e-11
  1017  3.2925e-11
  1018  3.6054e-11
  1021  3.8243e-11
  1022  3.1675e-11
  1025  2.8133e-11
  1027  2.3829e-11
  1029  2.0957e-11
  1030  2.0322e-11
  1031  2.0204e-11
  1033  1.9324e-11
  1036  1.5983e-11
  1039  1.4116e-11
  1042  1.3842e-11
  1045  1.2056e-11
  1047  1.2352e-11
  1048  1.3111e-11
  1051  1.3322e-11
  1054  1.1083e-11
  1055  1.1761e-11
  1058  1.0774e-11
  1061  9.6861e-12
  1062  9.5421e-12
  1065  8.0162e-12
  1067  8.4458e-12
  1068  8.9599e-12
  1071  8.5538e-12
  1073  9.3280e-12
  1074  9.2057e-12
  1076  7.4702e-12
  1077  8.2096e-12
  1078  6.7573e-12
  1079  6.1676e-12
  1081  5.4615e-12
  1082  4.8111e-12
  1083  3.9486e-12
  1085  4.0465e-12
  1088  4.0002e-12
  1089  3.5358e-12
  1091  3.4215e-12
  1093  3.7027e-12
  1096  3.7375e-12
  1097  4.0941e-12
  1100  3.9561e-12
  1101  3.9003e-12
  1103  4.2792e-12
  1105  4.2769e-12
  1108  3.9780e-12
  1110  3.9610e-12
  1111  4.2613e-12
  1113  4.3099e-12
  1115  4.0187e-12
  1118  3.6805e-12
  1120  3.1939e-12
  1121  2.9306e-12
  1122  3.1410e-12
  1123  2.8015e-12
  1124  2.2945e-12
  1125  1.9840e-12
  1127  2.0272e-12
  1130  2.1677e-12
  1132  1.8941e-12
  1135  1.6835e-12
  1138  1.4513e-12
  1139  1.2289e-12
  1142  1.0540e-12
  1145  1.1541e-12
  1147  1.2647e-12
  1149  1.2441e-12
  1152  1.1087e-12
  1155  1.1093e-12
  1157  1.0160e-12
  1160  8.5541e-13
  1163  8.4049e-13
  1166  6.7971e-13
  1169  5.8845e-13
  1172  4.8594e-13
  1174  4.0488e-13
  1175  3.5562e-13
  1178  3.3003e-13
  1180  3.1284e-13
  1183  2.9237e-13
  1184  3.1772e-13
  1187  3.2232e-13
  1188  3.3037e-13
  1189  3.5204e-13
  1190  3.7296e-13
  1191  3.1289e-13
  1192  2.7773e-13
  1194  2.6722e-13
  1195  2.3100e-13
  1198  2.3315e-13
  1201  2.1303e-13
  1202  2.0682e-13
  1203  1.7417e-13
  1205  1.8378e-13
  1208  1.5279e-13
  1211  1.3945e-13
  1213  1.2885e-13
  1214  1.1928e-13
  1217  9.5673e-14
  1220  1.0301e-13
  1223  8.9495e-14
  1226  7.2023e-14
  1228  6.3767e-14
  1230  5.2393e-14
  1232  4.4486e-14
  1234  4.6233e-14
  1237  4.3526e-14
  1239  3.9781e-14
  1240  4.1423e-14
  1243  3.8378e-14
  1246  3.2580e-14
  1249  3.2789e-14
  1250  3.5000e-14
  1253  3.3848e-14
  1256  3.5493e-14
  1259  2.9726e-14
  1261  3.1482e-14
  1263  3.3170e-14
  1264  2.9565e-14
  1267  2.3700e-14
  1268  2.6045e-14
  1269  2.1955e-14
  1270  1.8339e-14
  1271  1.6702e-14
  1273  1.4699e-14
  1275  1.4028e-14
  1278  1.2923e-14
  1280  1.4144e-14
  1283  1.2902e-14
  1285  1.3053e-14
  1286  1.2624e-14
  1288  1.3568e-14
  1289  1.3763e-14
  1292  1.4466e-14
  1295  1.2253e-14
  1296  1.1981e-14
  1298  1.2616e-14
  1300  1.0371e-14
  1301  1.0631e-14
  1303  1.0580e-14
  1306  8.6201e-15
  1308  7.6060e-15
  1311  6.8322e-15
  1313  6.5978e-15
  1316  7.0178e-15
  1319  6.2376e-15
  1321  5.7409e-15
  1324  5.1422e-15
  1326  4.5828e-15
  1329  4.2816e-15
  1330  4.3555e-15
  1333  3.9181e-15
  1334  3.3887e-15
  1337  2.7994e-15
  1340  3.0578e-15
  1341  3.1660e-15
  1344  2.8429e-15
  1345  2.4427e-15
  1347  2.2857e-15
  1348  1.9997e-15
  1349  1.6141e-15
  1351  1.5430e-15
  1353  1.3195e-15
  1356  1.4100e-15
  1357  1.4677e-15
  1359  1.3346e-15
  1360  1.1823e-15
  1362  1.1882e-15
  1365  1.3023e-15
  1366  1.2041e-15
  1368  9.8074e-16
  1371  8.1594e-16
  1372  8.5216e-16
  1375  8.2001e-16
  1376  7.1049e-16
  1379  5.8286e-16
  1380  5.8914e-16
  1381  5.8661e-16
  1383  4.8758e-16
  1386  4.5119e-16
  1387  4.7368e-16
  1389  4.9654e-16
  1392  5.3816e-16
  1394  5.0040e-16
  1397  4.6318e-16
  1399  4.5457e-16
  1401  3.8283e-16
  1402  3.4118e-16
  1405  3.2405e-16
  1406  2.9634e-16
  1409  2.9962e-16
  1411  2.7895e-16
  1412  2.7441e-16
  1415  2.4561e-16
  1418  2.2469e-16
  1420  2.3095e-16
  1422  2.4581e-16
  1424  2.1919e-16
  1426  1.9322e-16
  1429  1.7190e-16
  1430  1.6251e-16
  1432  1.7174e-16
  1435  1.8517e-16
  1438  1.8630e-16
  1441  1.7230e-16
  1444  1.5935e-16
  1446  1.5194e-16
  1447  1.6127e-16
  1448  1.4344e-16
  1449  1.2112e-16
  1451  1.1197e-16
  1452  1.0100e-16
  1455  9.6074e-17
  1456  1.0418e-16
  1459  1.0349e-16
  1462  1.1162e-16
  1464  1.1572e-16
  1465  1.1535e-16
  1467  1.2388e-16
  1469  1.1259e-16
  1470  1.1187e-16
  1472  1.0462e-16
  1475  8.8301e-17
  1478  8.4385e-17
  1479  9.1171e-17
  1482  8.3424e-17
  1485  8.2360e-17
  1486  7.6144e-17
  1487  8.1432e-17
  1490  8.2281e-17
  1492  7.3994e-17
  1495  6.7029e-17
  1496  6.1033e-17
  1499  5.7922e-17
  1502  5.2842e-17
  1503  4.2978e-17
  1504  3.8129e-17
  1507  4.1756e-17
  1508  3.4063e-17
  1510  3.0141e-17
  1512  3.1480e-17
  1514  3.4569e-17
  1515  3.1160e-17
  1517  2.7081e-17
  1519  2.2896e-17
  1520  1.8566e-17
  1523  1.8796e-17
  1525  1.6722e-17
  1528  1.7089e-17
  1529  1.5379e-17
  1531  1.3958e-17
  1533  1.3372e-17
  1534  1.0804e-17
  1536  9.0361e-18
  1538  8.0411e-18
  1539  8.6941e-18
  1541  7.6284e-18
  1544  7.3662e-18
  1545  7.0520e-18
  1546  7.5662e-18
  1548  8.1711e-18
  1549  6.7062e-18
  1551  6.5361e-18
  1553  6.1896e-18
  1554  6.6713e-18
  1556  5.7830e-18
  1558  6.3399e-18
  1561  5.4412e-18
  1562  5.8078e-18
  1564  6.1436e-18
  1567  5.6392e-18
  1568  5.0831e-18
  1570  4.3047e-18
  1573  4.1080e-18
  1575  3.4329e-18
  1576  3.5259e-18
  1578  3.1369e-18
  1581  2.6345e-18
  1583  2.6523e-18
  1586  2.3387e-18
  1588  2.4149e-18
  1590  2.5860e-18
  1592  2.4261e-18
  1595  2.6414e-18
  1596  2.4761e-18
  1597  2.5332e-18
  1598  2.4304e-18
  1599  2.2409e-18
  1600  2.2224e-18
  1603  2.3636e-18
  1605  2.2579e-18
  1607  2.1753e-18
  1608  2.2509e-18
  1610  2.3686e-18
  1613  2.1967e-18
  1615  2.3044e-18
  1617  2.1537e-18
  1619  2.1641e-18
  1621  1.7393e-18
  1622  1.7600e-18
  1624  1.4831e-18
  1627  1.2939e-18
  1630  1.3711e-18
  1631  1.3672e-18
  1633  1.4425e-18
  1634  1.4259e-18
  1637  1.2015e-18
  1639  9.6951e-19
  1642  1.0647e-18
  1643  1.0917e-18
  1644  1.0693e-18
  1647  8.9321e-19
  1648  7.4990e-19
  1649  6.0956e-19
  1650  5.5583e-19
  1653  5.6695e-19
  1655  5.7568e-19
  1657  5.3810e-19
  1659  4.8264e-19
  1661  4.6993e-19
  1662  4.4061e-19
  1663  4.6814e-19
  1665  4.8158e-19
  1668  4.1094e-19
  1669  4.2883e-19
  1672  4.5528e-19
  1673  4.4566e-19
  1676  4.7776e-19
  1677  4.9580e-19
  1679  4.8419e-19
  1682  3.9631e-19
  1683  3.4910e-19
  1684  2.9122e-19
  1687  2.5878e-19
  1690  2.5660e-19
  1692  2.4365e-19
  1695  2.2254e-19
  1697  1.9157e-19
  1700  1.7520e-19
  1703  1.5066e-19
  1704  1.4132e-19
  1707  1.5527e-19
  1708  1.3338e-19
  1709  1.3500e-19
  1710  1.2520e-19
  1713  1.0320e-19
  1715  9.7084e-20
  1718  1.0163e-19
  1720  1.0934e-19
  1721  1.1711e-19
  1724  1.1113e-19
  1725  9.1841e-20
  1728  7.4170e-20
  1729  6.6148e-20
  1730  6.8815e-20
  1733  6.3475e-20
  1734  6.6975e-20
  1737  5.5149e-20
  1739  5.9208e-20
  1740  5.4528e-20
  1743  5.1506e-20
  1745  5.5485e-20
  1747  5.5706e-20
  1750  5.6622e-20
  1753  5.2605e-20
  1756  4.7052e-20
  1759  4.8634e-20
  1760  5.2393e-20
  1762  5.7201e-20
  1765  5.3817e-20
  1768  5.1463e-20
  1770  4.4477e-20
  1772  4.3927e-20
  1774  4.2345e-20
  1777  3.8869e-20
  1779  3.1197e-20
  1780  2.9672e-20
  1781  2.9499e-20
  1784  2.6153e-20
  1786  2.5277e-20
  1787  2.2038e-20
  1789  2.0013e-20
  1790  2.1504e-20
  1791  2.1119e-20
  1792  1.7055e-20
  1793  1.7082e-20
  1796  1.7082e-20
  1797  1.4485e-20
  1800  1.1779e-20
  1803  1.2446e-20
  1805  1.1220e-20
  1806  1.1994e-20
  1809  1.0122e-20
  1812  9.8615e-21
  1815  1.0027e-20
  1818  1.0614e-20
  1819  9.9176e-21
  1822  8.0866e-21
  1825  7.6809e-21
  1826  6.8859e-21
  1828  5.9159e-21
  1831  6.1283e-21
  1832  6.5112e-21
  1834  5.9285e-21
  1836  5.2344e-21
  1838  5.6751e-21
  1840  4.8272e-21
  1841  5.1839e-21
  1842  4.8762e-21
  1843  4.1365e-21
  1844  4.3861e-21
  1846  4.2141e-21
  1848  3.5185e-21
  1851  3.6210e-21
  1852  3.7446e-21
  1854  3.0514e-21
  1855  3.0102e-21
  1856  3.1087e-21
  1859  3.3114e-21
  1860  3.5323e-21
  1862  3.3280e-21
  1865  2.9058e-21
  1867  2.9893e-21
  1868  3.2283e-21
  1870  2.6023e-21
  1872  2.3518e-21
  1875  2.1978e-21
  1878  2.3856e-21
  1880  2.0304e-21
  1881  1.7816e-21
  1883  1.5897e-21
  1886  1.3060e-21
  1889  1.4042e-21
  1891  1.1664e-21
  1892  1.0434e-21
  1894  8.9264e-22
  1897  8.2267e-22
  1898  7.0632e-22
  1900  6.4695e-22
  1901  6.3906e-22
  1902  5.2834e-22
  1904  5.1994e-22
  1905  5.0257e-22
  1907  4.6322e-22
  1910  4.4008e-22
  1912  4.5866e-22
  1915  4.8403e-22
  1916  4.7456e-22
  1918  4.6125e-22
  1919  4.9775e-22
  1922  4.9476e-22
  1925  5.2871e-22
  1927  4.5323e-22
  1928  3.9750e-22
  1931  3.6899e-22
  1933  3.6957e-22
  1934  3.4321e-22
  1937  3.4491e-22
  1938  3.7766e-22
  1939  3.6422e-22
  1942  3.6151e-22
  1945  2.9513e-22
  1946  3.2195e-22
  1947  3.0726e-22
  1949  2.7075e-22
  1952  2.7116e-22
  1955  2.5076e-22
  1956  2.7477e-22
  1958  2.4163e-22
  1961  2.1024e-22
  1962  2.2284e-22
  1965  2.0239e-22
  1968  1.8093e-22
  1970  1.9066e-22
  1972  1.5586e-22
  1975  1.2639e-22
  1977  1.0813e-22
  1980  1.1541e-22
  1981  1.1372e-22
  1984  1.0840e-22
  1985  1.0807e-22
  1988  1.1022e-22
  1991  1.0231e-22
  1993  9.0121e-23
  1996  9.3365e-23
  1997  8.5408e-23
  1998  7.4128e-23
  1999  6.2423e-23
  2001  6.3599e-23
  2004  6.2246e-23
  2007  5.9634e-23
  2008  6.4560e-23
  2011  7.0346e-23
  2012  6.8440e-23
  2014  7.1133e-23
  2016  7.3816e-23
  2017  7.3151e-23
  2018  6.8880e-23
  2020  7.4620e-23
  2022  6.7933e-23
  2024  6.1691e-23
  2027  6.1926e-23
  2029  5.2854e-23
  2032  5.0131e-23
  2035  4.0765e-23
  2038  4.3632e-23
  2040  3.6600e-23
  2043  3.0235e-23
  2046  2.5015e-23
  2048  2.3837e-23
  2049  1.9955e-23
  2050  1.6252e-23
  2052  1.3154e-23
  2055  1.1293e-23
  2057  1.0171e-23
  2060  8.2476e-24
  2061  7.2902e-24
  2062  7.2047e-24
  2064  6.4944e-24
  2066  6.1654e-24
  2067  6.0841e-24
  2069  5.3008e-24
  2071  4.8051e-24
  2074  3.8510e-24
  2076  3.5987e-24
  2077  3.8258e-24
  2078  3.6601e-24
  2079  3.7662e-24
  2082  3.0901e-24
  2083  2.8587e-24
  2085  2.8365e-24
  2087  2.7925e-24
  2090  2.5487e-24
  2091  2.4524e-24
  2093  2.4046e-24
  2095  2.0689e-24
  2097  1.6965e-24
  2098  1.3687e-24
  2099  1.2873e-24
  2100  1.3865e-24
  2102  1.4113e-24
  2104  1.3309e-24
  2106  1.1025e-24
  2107  1.1282e-24
  2109  1.2272e-24
  2112  9.9909e-25
  2115  8.7631e-25
  2118  9.4123e-25
  2120  1.0243e-24
  2123  8.4566e-25
  2124  7.1755e-25
  2127  5.9797e-25
  2128  5.0725e-25
  2129  5.1784e-25
  2131  5.4769e-25
  2132  5.9731e-25
  2134  5.9374e-25
  2137  5.9875e-25
  2139  5.8074e-25
  2142  4.8978e-25
  2145  4.8026e-25
  2148  4.7106e-25
  2151  5.1071e-25
  2154  5.2728e-25
  2157  4.4128e-25
  2159  4.1179e-25
  2161  4.1807e-25
  2163  3.6278e-25
  2166  3.3721e-25
  2169  2.8724e-25
  2172  2.3763e-25
  2175  2.5152e-25
  2177  2.1417e-25
  2179  1.8476e-25
  2180  1.8683e-25
  2182  1.9371e-25
  2184  1.6370e-25
  2185  1.5874e-25
  2186  1.3119e-25
  2189  1.0882e-25
  2190  1.0621e-25
  2193  1.0139e-25
  2196  8.1159e-26
  2198  6.5956e-26
  2199  6.7251e-26
  2201  5.6698e-26
  2202  5.5012e-26
  2203  5.2722e-26
  2206  4.6568e-26
  2207  5.0652e-26
  2210  4.9140e-26
  2213  4.6959e-26
  2215  4.0569e-26
  2218  3.5358e-26
  2220  2.8440e-26
  2221  2.8853e-26
  2222  2.7729e-26
  2225  2.6856e-26
  2226  2.3941e-26
  2228  2.1618e-26
  2230  1.7801e-26
  2232  1.8370e-26
  2234  1.9621e-26
  2236  1.6542e-26
  2238  1.6249e-26
  2241  1.6377e-26
  2242  1.6694e-26
  2243  1.7745e-26
  2244  1.7084e-26
  2247  1.6275e-26
  2249  1.5003e-26
  2251  1.3506e-26
  2254  1.2357e-26
  2257  1.2924e-26
  2258  1.1388e-26
  2261  1.0075e-26
  2263  8.4065e-27
  2265  8.1705e-27
  2266  8.4508e-27
  2267  7.6381e-27
  2268  8.3150e-27
  2270  7.8161e-27
  2272  8.3055e-27
  2275  6.8404e-27
  2278  6.3257e-27
  2280  5.9493e-27
  2282  6.5278e-27
  2285  6.0893e-27
  2288  6.1880e-27
  2290  5.6856e-27
  2292  5.7113e-27
  2293  6.2775e-27
  2295  5.6058e-27
  2296  5.6938e-27
  2297  5.3448e-27
  2300  4.7806e-27
  2301  4.9123e-27
  2303  5.3555e-27
  2305  4.7377e-27
  2307  3.9789e-27
  2310  3.9078e-27
  2313  3.6756e-27
  2314  3.3183e-27
  2316  3.4007e-27
  2319  3.5413e-27
  2321  3.3157e-27
  2324  2.9160e-27
  2327  2.4199e-27
  2330  2.4883e-27
  2333  2.1158e-27
  2336  2.2449e-27
  2339  1.9063e-27
  2341  1.7764e-27
  2343  1.4377e-27
  2346  1.2080e-27
  2348  1.0441e-27
  2349  1.0249e-27
  2351  8.3734e-28
  2353  7.9857e-28
  2354  7.0316e-28
  2357  7.1685e-28
  2358  7.5663e-28
  2361  7.0519e-28
  2363  7.5934e-28
  2366  8.2677e-28
  2368  7.3417e-28
  2369  6.8821e-28
  2372  5.5128e-28
  2374  4.7415e-28
  2376  4.2790e-28
  2379  4.6295e-28
  2382  4.7151e-28
  2383  4.9962e-28
  2386  5.1962e-28
  2389  5.0097e-28
  2390  5.3765e-28
  2392  4.4782e-28
  2393  4.0324e-28
  2395  3.4817e-28
  2398  3.2595e-28
  2400  3.1851e-28
  2402  3.0185e-28
  2403  3.0413e-28
  2406  2.8279e-28
  2407  3.0386e-28
  2408  2.6436e-28
  2410  2.4861e-28
  2411  2.6831e-28
  2414  2.3138e-28
  2416  2.4239e-28
  2418  2.2182e-28
  2421  2.1735e-28
  2423  2.1760e-28
  2425  2.2852e-28
  2428  2.0751e-28
  2430  2.0947e-28
  2432  2.2637e-28
  2433  2.0369e-28
  2436  1.7479e-28
  2437  1.8981e-28
  2438  1.6411e-28
  2441  1.4396e-28
  2442  1.2192e-28
  2443  1.0637e-28
  2444  9.4236e-29
  2445  8.7545e-29
  2448  9.0120e-29
  2450  9.5887e-29
  2451  8.7606e-29
  2453  7.1812e-29
  2454  6.0378e-29
  2455  6.2040e-29
  2456  5.9547e-29
  2457  6.5251e-29
  2460  6.1853e-29
  2461  5.5359e-29
  2464  5.1301e-29
  2467  4.7746e-29
  2470  3.9432e-29
  2471  3.5384e-29
  2473  3.4011e-29
  2475  3.5311e-29
  2476  3.4967e-29
  2479  3.4780e-29
  2482  3.6538e-29
  2485  3.7372e-29
  2486  3.2944e-29
  2488  2.7072e-29
  2490  2.5072e-29
  2491  2.4850e-29
  2493  2.6273e-29
  2494  2.5649e-29
  2496  2.1794e-29
  2497  2.2792e-29
  2499  2.3540e-29
  2500  2.3374e-29
  2501  2.4836e-29
  2502  2.3575e-29
  2505  1.9475e-29
  2507  1.6380e-29
  2510  1.3371e-29
  2513  1.2376e-29
  2516  1.1591e-29
  2519  1.0074e-29
  2520  1.0420e-29
  2522  9.6202e-30
  2523  9.8732e-30
  2525  1.0582e-29
  2527  1.0274e-29
  2529  8.8714e-30
  2532  8.2429e-30
  2535  7.5133e-30
  2537  6.0500e-30
  2540  5.4072e-30
  2541  5.4159e-30
  2544  5.5933e-30
  2547  5.5515e-30
  2548  6.0902e-30
  2551  6.4431e-30
  2552  5.2044e-30
  2554  5.4419e-30
  2555  4.6900e-30
  2558  4.3714e-30
  2559  4.3818e-30
  2562  3.6764e-30
  2565  3.6500e-30
  2568  3.5073e-30
  2569  3.2561e-30
  2571  3.4058e-30
  2574  2.9778e-30
  2577  2.9521e-30
  2578  2.8446e-30
  2581  2.4164e-30
  2582  2.4217e-30
  2583  1.9778e-30
  2585  1.7747e-30
  2588  1.6229e-30
  2589  1.6500e-30
  2592  1.5695e-30
  2594  1.4319e-30
  2596  1.4611e-30
  2599  1.5332e-30
  2600  1.5412e-30
  2602  1.6279e-30
  2604  1.6678e-30
  2605  1.6564e-30
  2608  1.5950e-30
  2611  1.5755e-30
  2613  1.5962e-30
  2616  1.2879e-30
  2618  1.0587e-30
  2620  8.5575e-31
  2621  8.3392e-31
  2622  8.7907e-31
  2623  9.0416e-31
  2624  7.6773e-31
  2627  7.2827e-31
  2629  6.4493e-31
  2631  7.0865e-31
  2634  6.0902e-31
  2637  5.9899e-31
  2640  5.0333e-31
  2643  4.7032e-31
  2644  4.7964e-31
  2646  5.0686e-31
  2648  4.7224e-31
  2650  4.7333e-31
  2652  4.7736e-31
  2654  4.1867e-31
  2655  4.4547e-31
  2657  4.1267e-31
  2660  3.3195e-31
  2661  3.3481e-31
  2664  3.1210e-31
  2666  2.7477e-31
  2668  2.7439e-31
  2671  2.8459e-31
  2674  3.0811e-31
  2675  2.7461e-31
  2677  2.2690e-31
  2678  2.0586e-31
  2681  2.0406e-31
  2684  1.7003e-31
  2687  1.6242e-31
  2688  1.5679e-31
  2691  1.5481e-31
  2692  1.4687e-31
  2695  1.4649e-31
  2698  1.3952e-31
  2699  1.2129e-31
  2702  1.2635e-31
  2705  1.1502e-31
  2707  9.7961e-32
  2710  8.0419e-32
  2712  7.8688e-32
  2714  7.0756e-32
  2717  6.6986e-32
  2718  6.8139e-32
  2719  7.1116e-32
  2722  7.3387e-32
  2724  7.1215e-32
  2727  5.7555e-32
  2729  6.2823e-32
  2730  6.4535e-32
  2732  6.1379e-32
  2735  5.2615e-32
  2736  4.4857e-32
  2738  4.8248e-32
  2740  3.9692e-32
  2742  3.7507e-32
  2744  3.9873e-32
  2745  3.9009e-32
  2748  4.1929e-32
  2750  4.0764e-32
  2752  4.1697e-32
  2754  3.5373e-32
  2755  3.5106e-32
  2757  2.9863e-32
  2758  2.7673e-32
  2760  2.2298e-32
  2762  2.1552e-32
  2763  2.3638e-32
  2766  2.5434e-32
  2767  2.6046e-32
  2769  2.7910e-32
  2772  2.4969e-32
  2773  2.4863e-32
  2776  2.1915e-32
  2778  2.2224e-32
  2780  1.9502e-32
  2782  2.0331e-32
  2783  1.9757e-32
  2784  2.0845e-32
  2787  1.8713e-32
  2789  1.8777e-32
  2792  1.6749e-32
  2795  1.4917e-32
  2798  1.4943e-32
  2801  1.5769e-32
  2802  1.4295e-32
  2804  1.2915e-32
  2807  1.2376e-32
  2810  1.3176e-32
  2813  1.1075e-32
  2815  1.0154e-32
  2818  8.6041e-33
  2821  7.2595e-33
  2822  6.4520e-33
  2824  5.5520e-33
  2825  6.0263e-33
  2826  5.5772e-33
  2828  4.7635e-33
  2830  4.3063e-33
  2831  3.7543e-33
  2832  3.0055e-33
  2834  2.8959e-33
  2836  2.6235e-33
  2837  2.2855e-33
  2840  2.1495e-33
  2843  2.2298e-33
  2844  1.9869e-33
  2847  2.1464e-33
  2849  2.0993e-33
  2852  2.1978e-33
  2855  2.4160e-33
  2858  2.3524e-33
  2861  2.1676e-33
  2862  1.9647e-33
  2865  1.9960e-33
  2867  1.8365e-33
  2869  1.7027e-33
  2871  1.7207e-33
  2873  1.6076e-33
  2876  1.4204e-33
  2878  1.4375e-33
  2880  1.5176e-33
  2882  1.2691e-33
  2885  1.2517e-33
  2886  1.2003e-33
  2889  1.0630e-33
  2892  9.7265e-34
  2893  8.0791e-34
  2896  7.4454e-34
  2897  7.1074e-34
  2900  7.4908e-34
  2903  8.0645e-34
  2905  6.7070e-34
  2908  6.5936e-34
  2910  5.5558e-34
  2911  4.8146e-34
  2913  4.2047e-34
  2914  4.1747e-34
  2916  4.0133e-34
  2919  4.1767e-34
  2920  4.3358e-34
  2923  3.7618e-34
  2924  3.8948e-34
  2925  3.3968e-34
  2928  3.0826e-34
  2930  3.2125e-34
  2932  3.0324e-34
  2933  3.0373e-34
  2935  3.0672e-34
  2938  3.1719e-34
  2940  2.6492e-34
  2942  2.2175e-34
  2943  2.0720e-34
  2946  2.2136e-34
  2948  1.7998e-34
  2949  1.7560e-34
  2950  1.5624e-34
  2953  1.3053e-34
  2956  1.0531e-34
  2958  1.1580e-34
  2961  1.0181e-34
  2962  1.0733e-34
  2965  1.1788e-34
  2966  9.8900e-35
  2969  8.6756e-35
  2971  8.0944e-35
  2973  8.3634e-35
  2975  7.0320e-35
  2978  5.7231e-35
  2981  5.6939e-35
  2984  5.1888e-35
  2986  5.1162e-35
  2989  5.4716e-35
  2991  5.9698e-35
  2994  5.5408e-35
  2997  5.0372e-35
  2999  4.1453e-35
  3002  3.7104e-35
  3005  3.8691e-35
  3008  3.3948e-35
  3010  3.5023e-35
  3012  2.9341e-35
  3015  2.9365e-35
  3018  3.1681e-35
  3020  3.0632e-35
  3022  3.1210e-35
  3025  2.8084e-35
  3027  2.8385e-35
  3029  2.6396e-35
  3030  2.5801e-35
  3032  2.6512e-35
  3033  2.8539e-35
  3036  3.0859e-35
  3039  2.7956e-35
  3042  2.5390e-35
  3044  2.6778e-35
  3046  2.3136e-35
  3047  2.1446e-35
  3050  1.9405e-35
  3051  1.9998e-35
  3052  1.8355e-35
  3055  1.7762e-35
  3056  1.7779e-35
  3058  1.4374e-35
  3060  1.3149e-35
  3063  1.2603e-35
  3065  1.3796e-35
  3068  1.1315e-35
  3070  1.2379e-35
  3072  1.1220e-35
  3075  1.1278e-35
  3076  1.0415e-35
  3078  1.1269e-35
  3079  1.2141e-35
  3081  1.1530e-35
  3082  1.0046e-35
  3085  8.1122e-36
  3088  8.4090e-36
  3090  8.5265e-36
  3092  8.7745e-36
  3093  7.8743e-36
  3095  7.8037e-36
  3096  7.5554e-36
  3098  6.0948e-36
  3100  5.1703e-36
  3102  4.5495e-36
  3103  4.5706e-36
  3105  4.0932e-36
  3107  4.4368e-36
  3110  4.0983e-36
  3112  4.3313e-36
  3114  4.4058e-36
  3115  4.6337e-36
  3117  4.2387e-36
  3119  4.2839e-36
  3122  3.5300e-36
  3124  3.3617e-36
  3126  2.9799e-36
  3127  2.7577e-36
  3130  2.7168e-36
  3131  2.5875e-36
  3132  2.7844e-36
  3135  2.5797e-36
  3137  2.7760e-36
  3138  3.0347e-36
  3141  2.5632e-36
  3143  2.3111e-36
  3144  2.4856e-36
  3145  2.5993e-36
  3148  2.3498e-36
  3150  2.4672e-36
  3152  2.2933e-36
  3154  2.1421e-36
  3157  2.3326e-36
  3159  2.1802e-36
  3160  2.2891e-36
  3162  2.2584e-36
  3165  2.2454e-36
  3167  2.3246e-36
  3169  2.1184e-36
  3170  2.3075e-36
  3171  1.9564e-36
  3173  1.9374e-36
  3175  1.8700e-36
  3176  1.7290e-36
  3177  1.8853e-36
  3179  1.8478e-36
  3180  1.9837e-36
  3182  1.9563e-36
  3183  2.1398e-36
  3185  2.0452e-36
  3188  2.0745e-36
  3189  1.8032e-36
  3190  1.4568e-36
  3191  1.5913e-36
  3192  1.3521e-36
  3193  1.3091e-36
  3194  1.2681e-36
  3197  1.2063e-36
  3199  1.0589e-36
  3201  1.0522e-36
  3203  1.1315e-36
  3204  1.0366e-36
  3205  9.8455e-37
  3207  1.0815e-36
  3208  1.1628e-36
  3211  1.1826e-36
  3212  1.1728e-36
  3214  1.0468e-36
  3216  9.6793e-37
  3217  8.0616e-37
  3218  8.3100e-37
  3219  8.2611e-37
  3221  7.2451e-37
  3222  6.6002e-37
  3225  5.5210e-37
  3227  5.5753e-37
  3229  5.4314e-37
  3231  4.8942e-37
  3234  5.1892e-37
  3235  4.9356e-37
  3237  5.0288e-37
  3239  4.4276e-37
  3241  4.8295e-37
  3244  4.7334e-37
  3245  4.1174e-37
  3247  4.1199e-37
  3250  4.1897e-37
  3252  4.2199e-37
  3253  3.6810e-37
  3255  3.8234e-37
  3257  3.6516e-37
  3259  2.9960e-37
  3261  2.5279e-37
  3262  2.0330e-37
  3265  1.6880e-37
  3266  1.8124e-37
  3267  1.8234e-37
  3270  1.5729e-37
  3271  1.2892e-37
  3272  1.2226e-37
  3274  9.8094e-38
  3277  9.7753e-38
  3279  1.0129e-37
  3282  9.0439e-38
  3283  7.4983e-38
  3284  6.4794e-38
  3286  5.8954e-38
  3288  5.4325e-38
  3289  4.4297e-38
  3291  4.1479e-38
  3294  4.1426e-38
  3297  4.4485e-38
  3298  4.4000e-38
  3299  3.8711e-38
  3302  3.8632e-38
  3303  3.9825e-38
  3305  4.1468e-38
  3306  4.2010e-38
  3308  3.9380e-38
  3310  3.8737e-38
  3313  3.2928e-38
  3315  3.4989e-38
  3318  3.3280e-38
  3319  3.1777e-38
  3320  2.6355e-38
  3321  2.6074e-38
  3323  2.2981e-38
  3326  2.3890e-38
  3327  2.0386e-38
  3329  2.1256e-38
  3332  2.0372e-38
  3334  1.7987e-38
  3337  1.7651e-38
  3339  1.5159e-38
  3342  1.4381e-38
  3344  1.5567e-38
  3346  1.6202e-38
  3349  1.7555e-38
  3350  1.6719e-38
  3352  1.3520e-38
  3355  1.2824e-38
  3358  1.2308e-38
  3361  1.1005e-38
  3364  9.1348e-39
  3367  7.7625e-39
  3368  8.0757e-39
  3369  7.6394e-39
  3371  8.1779e-39
  3374  7.0198e-39
  3377  6.9761e-39
  3379  5.6226e-39
  3382  5.5416e-39
  3384  4.6576e-39
  3386  4.6635e-39
  3387  3.8977e-39
  3389  4.2351e-39
  3391  4.2311e-39
  3394  4.4848e-39
  3397  4.7923e-39
  3399  3.9921e-39
  3400  3.7982e-39
  3401  3.1714e-39
  3403  2.6106e-39
  3404  2.1028e-39
  3406  2.2978e-39
  3407  2.2900e-39
  3409  2.1260e-39
  3410  2.1286e-39
  3413  2.0184e-39
  3416  2.0009e-39
  3417  1.9336e-39
  3419  1.7349e-39
  3421  1.6746e-39
  3423  1.6655e-39
  3424  1.8191e-39
  3427  1.9176e-39
  3428  1.9969e-39
  3429  1.9996e-39
  3430  2.0531e-39
  3432  2.0240e-39
  3435  2.0224e-39
  3438  1.7441e-39
  3441  1.4476e-39
  3442  1.4250e-39
  3445  1.1918e-39
  3448  1.2333e-39
  3451  1.0024e-39
  3454  8.7665e-40
  3455  7.2660e-40
  3456  7.0306e-40
  3458  6.4228e-40
  3459  6.3184e-40
  3460  5.3659e-40
  3461  4.2953e-40
  3463  4.4223e-40
  3466  3.6249e-40
  3468  3.2523e-40
  3469  3.1388e-40
  3471  2.9619e-40
  3472  2.3734e-40
  3473  1.9823e-40
  3475  1.8577e-40
  3478  1.5054e-40
  3479  1.3246e-40
  3480  1.3117e-40
  3481  1.0832e-40
  3483  9.2625e-41
  3486  9.1758e-41
  3487  8.4598e-41
  3489  6.9655e-41
  3492  5.6754e-41
  3495  4.7334e-41
  3496  4.3964e-41
  3497  3.8383e-41
  3498  3.3773e-41
  3499  3.6148e-41
  3500  3.4472e-41
  3501  3.5624e-41
  3504  3.7918e-41
  3506  3.5378e-41
  3508  3.3157e-41
  3509  3.0362e-41
  3512  2.6933e-41
  3515  2.2551e-41
  3516  2.3561e-41
  3519  2.4066e-41
  3520  2.3035e-41
  3523  2.1904e-41
  3526  2.1404e-41
  3529  1.9723e-41
  3531  1.7716e-41
  3533  1.8076e-41
  3534  1.9407e-41
  3537  1.6805e-41
  3540  1.5919e-41
  3542  1.6961e-41
  3543  1.7821e-41
  3544  1.7006e-41
  3546  1.7862e-41
  3547  1.6486e-41
  3549  1.6573e-41
  3552  1.3289e-41
  3554  1.0701e-41
  3557  1.0936e-41
  3558  1.0521e-41
  3561  1.1143e-41
  3563  8.9358e-42
  3565  7.1947e-42
  3568  7.6720e-42
  3570  6.6692e-42
  3573  5.7474e-42
  3575  4.8453e-42
  3576  3.9865e-42
  3578  3.5934e-42
  3579  3.8601e-42
  3580  3.1777e-42
  3582  3.0431e-42
  3585  2.9860e-42
  3587  2.8603e-42
  3589  2.4478e-42
  3592  2.0774e-42
  3594  2.2735e-42
  3597  2.2270e-42
  3600  2.2928e-42
  3602  2.0951e-42
  3604  1.9521e-42
  3607  1.9002e-42
  3609  1.9089e-42
  3610  1.5658e-42
  3612  1.6020e-42
  3613  1.6108e-42
  3615  1.3062e-42
  3617  1.1021e-42
  3620  1.1324e-42
  3622  1.0727e-42
  3624  1.1146e-42
  3625  1.0085e-42
  3627  1.1046e-42
  3629  1.0976e-42
  3631  9.4304e-43
  3634  7.8540e-43
  3636  8.0212e-43
  3637  8.6914e-43
  3638  7.3176e-43
  3641  6.2541e-43
  3642  5.1159e-43
  3645  4.9452e-43
  3648  5.1684e-43
  3651  5.2264e-43
  3652  4.7650e-43
  3655  5.2163e-43
  3657  4.8320e-43
  3658  4.0359e-43
  3661  4.1720e-43
  3664  4.3006e-43
  3665  4.2690e-43
  3668  3.6390e-43
  3671  3.1003e-43
  3672  2.9627e-43
  3673  2.7089e-43
  3674  2.5207e-43
  3676  2.7322e-43
  3679  2.3893e-43
  3681  2.2877e-43
  3684  1.8989e-43
  3686  1.8458e-43
  3687  1.8192e-43
  3688  1.6678e-43
  3690  1.3939e-43
  3691  1.1476e-43
  3692  1.1738e-43
  3695  1.0767e-43
  3696  1.0229e-43
  3698  9.7106e-44
  3699  8.4207e-44
  3701  7.7488e-44
  3703  6.4320e-44
  3706  5.6326e-44
  3707  4.9210e-44
  3710  4.9689e-44
  3713  4.1261e-44
  3716  4.4181e-44
  3718  4.8367e-44
  3720  4.2173e-44
  3721  3.6934e-44
  3724  3.5830e-44
  3727  2.8733e-44
  3730  2.5006e-44
  3731  2.3965e-44
  3734  2.4528e-44
  3735  1.9642e-44
  3738  1.9455e-44
  3740  1.9501e-44
  3742  2.1003e-44
  3744  2.2229e-44
  3745  2.1079e-44
  3746  2.1663e-44
  3749  2.1024e-44
  3752  1.9382e-44
  3754  1.9550e-44
  3756  1.8377e-44
  3757  1.8300e-44
  3758  1.9829e-44
  3760  1.6547e-44
  3762  1.3655e-44
  3763  1.1421e-44
  3764  1.0529e-44
  3765  1.0803e-44
  3766  9.4965e-45
  3767  1.0428e-44
  3768  1.0302e-44
  3771  9.4137e-45
  3772  8.9010e-45
  3774  8.4248e-45
  3776  8.9260e-45
  3779  7.3404e-45
  3781  5.9748e-45
  3783  6.1144e-45
  3784  6.6084e-45
  3786  6.4056e-45
  3788  5.1630e-45
  3790  5.0012e-45
  3791  5.0034e-45
  3792  4.2626e-45
  3794  3.9634e-45
  3797  4.3095e-45
  3798  4.1543e-45
  3799  4.4205e-45
  3801  3.6556e-45
  3802  3.4432e-45
  3804  3.2156e-45
  3807  3.1064e-45
  3809  3.2828e-45
  3811  3.2438e-45
  3813  3.5437e-45
  3816  3.6239e-45
  3818  3.6662e-45
  3820  3.7530e-45
  3821  3.0049e-45
  3822  3.1462e-45
  3823  2.8607e-45
  3825  2.7002e-45
  3827  2.4689e-45
  3829  2.0380e-45
  3830  2.1168e-45
  3833  2.2751e-45
  3835  2.0964e-45
  3837  1.7846e-45
  3838  1.8805e-45
  3839  1.6055e-45
  3841  1.3920e-45
  3844  1.4495e-45
  3845  1.3167e-45
  3848  1.3439e-45
  3849  1.0775e-45
  3851  9.7941e-46
  3853  7.9161e-46
  3854  6.4274e-46
  3857  6.3485e-46
  3859  6.4595e-46
  3861  5.8265e-46
  3864  5.1774e-46
  3867  5.6044e-46
  3870  4.8293e-46
  3873  4.7887e-46
  3874  4.4939e-46
  3875  4.9408e-46
  3878  5.3596e-46
  3880  4.8183e-46
  3881  4.6751e-46
  3882  3.8540e-46
  3884  3.4505e-46
  3885  3.6135e-46
  3886  3.0175e-46
  3887  3.2405e-46
  3889  3.4228e-46
  3891  3.0042e-46
  3892  2.7699e-46
  3894  2.4653e-46
  3895  2.0339e-46
  3897  1.9780e-46
  3899  1.6577e-46
  3900  1.7351e-46
  3902  1.6042e-46
  3903  1.4094e-46
  3904  1.2174e-46
  3905  1.3141e-46
  3906  1.1390e-46
  3908  1.1727e-46
  3909  1.1810e-46
  3912  9.9333e-47
  3914  9.2446e-47
  3917  9.4486e-47
  3918  8.9320e-47
  3919  7.2578e-47
  3922  7.7044e-47
  3924  7.5844e-47
  3925  6.9646e-47
  3928  7.2518e-47
  3931  5.8673e-47
  3932  4.9969e-47
  3934  5.4651e-47
  3935  4.9523e-47
  3937  4.3449e-47
  3938  3.9061e-47
  3939  3.5978e-47
  3941  2.9324e-47
  3944  2.7216e-47
  3945  2.5852e-47
  3948  2.7750e-47
  3951  2.9292e-47
  3954  2.7876e-47
  3957  3.0344e-47
  3958  2.5642e-47
  3959  2.3620e-47
  3962  2.1794e-47
  3965  2.3589e-47
  3967  2.0212e-47
  3968  1.8775e-47
  3970  1.5532e-47
  3973  1.2696e-47
  3976  1.0431e-47
  3978  9.7787e-48
  3981  8.2757e-48
  3983  8.6186e-48
  3984  7.5776e-48
  3987  8.0240e-48
  3989  8.4334e-48
  3992  8.7074e-48
  3993  8.2031e-48
  3994  8.3703e-48
  3995  8.9565e-48
  3997  7.4175e-48
  4000  6.6950e-48
  4003  6.1931e-48
  4005  6.5682e-48
  4008  6.8034e-48
  4010  5.9242e-48
  4011  5.1532e-48
  4014  4.4508e-48
  4016  4.7184e-48
  4018  4.0990e-48
  4021  3.7081e-48
  4023  3.7051e-48
  4026  3.5403e-48
  4029  3.0248e-48
  4030  2.5018e-48
  4031  2.1515e-48
  4033  1.9916e-48
  4035  1.6617e-48
  4036  1.5473e-48
  4038  1.5857e-48
  4041  1.4327e-48
  4043  1.2516e-48
  4045  1.3609e-48
  4046  1.3903e-48
  4049  1.3186e-48
  4051  1.1621e-48
  4054  9.4553e-49
  4057  8.0056e-49
  4060  7.9855e-49
  4062  7.1900e-49
  4063  7.3706e-49
  4065  7.7157e-49
  4068  6.8548e-49
  4071  5.8474e-49
  4074  5.3093e-49
  4077  4.3147e-49
  4080  4.2570e-49
  4083  4.2691e-49
  4084  3.6638e-49
  4085  3.0335e-49
  4086  3.2195e-49
  4087  3.4355e-49
  4090  3.4830e-49
  4093  3.5883e-49
  4094  3.3764e-49
  4097  3.1272e-49
  4098  2.9630e-49
  4099  3.0821e-49
  4101  3.0497e-49
  4102  2.9082e-49
  4104  2.4649e-49
  4106  2.1713e-49
  4107  2.1928e-49
  4108  2.1666e-49
  4111  2.1927e-49
  4112  1.8958e-49
  4113  1.5387e-49
  4114  1.3820e-49
  4115  1.4189e-49
  4118  1.1570e-49
  4121  1.1444e-49
  4122  1.1882e-49
  4123  1.1265e-49
  4126  9.8681e-50
  4128  9.3233e-50
  4131  9.2777e-50
  4134  8.8124e-50
  4137  9.1822e-50
  4139  7.8167e-50
  4140  6.8664e-50
  4141  7.2534e-50
  4144  6.2716e-50
  4147  5.1291e-50
  4148  5.3022e-50
  4149  5.4994e-50
  4150  5.7404e-50
  4152  4.9993e-50
  4154  4.8442e-50
  4157  5.2007e-50
  4160  5.3892e-50
  4161  4.6071e-50
  4164  4.6543e-50
  4165  4.5609e-50
  4166  4.6961e-50
  4169  4.6163e-50
  4171  3.9204e-50
  4173  3.2242e-50
  4176  3.3761e-50
  4178  3.6859e-50
  4179  3.3218e-50
  4180  3.0265e-50
  4182  2.9751e-50
  4183  2.6040e-50
  4185  2.2577e-50
  4188  1.8578e-50
  4191  1.8706e-50
  4192  1.8569e-50
  4194  1.6287e-50
  4196  1.7914e-50
  4197  1.9223e-50
  4200  2.0624e-50
  4203  1.9954e-50
  4205  1.8751e-50
  4208  1.9756e-50
  4211  1.6570e-50
  4212  1.5190e-50
  4213  1.3941e-50
  4215  1.5202e-50
  4216  1.2300e-50
  4218  1.0026e-50
  4221  9.7580e-51
  4222  8.1008e-51
  4223  7.3145e-51
  4226  7.0468e-51
  4228  7.7403e-51
  4229  6.4018e-51
  4232  5.4286e-51
  4234  4.7371e-51
  4236  5.0069e-51
  4237  5.3357e-51
  4239  5.5306e-51
  4241  5.7240e-51
  4243  5.2631e-51
  4245  5.6250e-51
  4246  4.5241e-51
  4248  3.7184e-51
  4250  3.7374e-51
  4252  3.8871e-51
  4255  3.1530e-51
  4258  2.5905e-51
  4259  2.1153e-51
  4262  1.7731e-51
  4264  1.9353e-51
  4266  2.0281e-51
  4268  1.9564e-51
  4271  1.9050e-51
  4274  1.8909e-51
  4275  1.8833e-51
  4277  1.6059e-51
  4278  1.3508e-51
  4280  1.2200e-51
  4283  1.1963e-51
  4284  1.2448e-51
  4285  1.2854e-51
  4286  1.2487e-51
  4289  1.0894e-51
  4290  1.0142e-51
  4292  1.0775e-51
  4294  1.1508e-51
  4295  9.2819e-52
  4297  8.0982e-52
  4299  8.0676e-52
  4300  8.1169e-52
  4303  6.8794e-52
  4304  6.8218e-52
  4307  6.4054e-52
  4310  6.1971e-52
  4312  6.7050e-52
  4314  5.5759e-52
  4317  5.7908e-52
  4320  6.1439e-52
  4323  6.3141e-52
  4326  5.3610e-52
  4329  5.8373e-52
  4332  5.4834e-52
  4335  4.5860e-52
  4338  4.2984e-52
  4339  4.0039e-52
  4340  4.2961e-52
  4341  4.5159e-52
  4344  4.1250e-52
  4347  4.3158e-52
  4350  3.6723e-52
  4352  3.9923e-52
  4355  3.4391e-52
  4356  3.1425e-52
  4357  2.5411e-52
  4358  2.3520e-52
  4361  2.2898e-52
  4363  2.0187e-52
  4365  1.9190e-52
  4368  2.0740e-52
  4370  1.9624e-52
  4373  1.6156e-52
  4375  1.7419e-52
  4376  1.6282e-52
  4378  1.4916e-52
  4381  1.6006e-52
  4384  1.4376e-52
  4387  1.2894e-52
  4389  1.1877e-52
  4392  1.0760e-52
  4394  9.0586e-53
  4396  7.2663e-53
  4398  6.2471e-53
  4400  5.9862e-53
  4401  5.6155e-53
  4403  4.9646e-53
  4406  4.0192e-53
  4407  3.7594e-53
  4408  3.8297e-53
  4409  3.1115e-53
  4410  2.5676e-53
  4411  2.1651e-53
  4412  2.1851e-53
  4413  2.0317e-53
  4416  2.1471e-53
  4418  1.7611e-53
  4420  1.8977e-53
  4422  1.9079e-53
  4424  1.9437e-53
  4427  1.9123e-53
  4428  1.7492e-53
  4430  1.8958e-53
  4431  1.7484e-53
  4434  1.8979e-53
  4435  1.7364e-53
  4436  1.7723e-53
  4439  1.8598e-53
  4441  1.9876e-53
  4442  2.0721e-53
  4445  2.2034e-53
  4446  2.3816e-53
  4448  2.2426e-53
  4450  2.0921e-53
  4451  2.2265e-53
  4453  1.9820e-53
  4456  2.0299e-53
  4458  1.6776e-53
  4459  1.8232e-53
  4460  1.6892e-53
  4462  1.4684e-53
  4464  1.5140e-53
  4467  1.4851e-53
  4468  1.3417e-53
  4469  1.3534e-53
  4470  1.2935e-53
  4472  1.3356e-53
  4473  1.4293e-53
  4476  1.3828e-53
  4477  1.3684e-53
  4478  1.2181e-53
  4480  1.0137e-53
  4483  1.0364e-53
  4484  9.7690e-54
  4485  9.7894e-54
  4488  8.1266e-54
  4490  6.6960e-54
  4491  5.7595e-54
  4492  5.3081e-54
  4493  5.5154e-54
  4495  4.7129e-54
  4497  3.9212e-54
  4500  3.3161e-54
  4503  3.1154e-54
  4505  2.9567e-54
  4507  2.6371e-54
  4508  2.3077e-54
  4511  2.2286e-54
  4514  1.8667e-54
  4517  1.9097e-54
  4519  1.7242e-54
  4521  1.4142e-54
  4524  1.3877e-54
  4526  1.3616e-54
  4528  1.3935e-54
  4530  1.2789e-54
  4531  1.0513e-54
  4533  8.4420e-55
  4535  7.3845e-55
  4536  7.5089e-55
  4539  7.8425e-55
  4540  6.5390e-55
  4542  5.9608e-55
  4543  4.8396e-55
  4544  4.1259e-55
  4545  4.3966e-55
  4547  4.2199e-55
  4549  3.6713e-55
  4552  3.9581e-55
  4553  3.3236e-55
  4555  2.7250e-55
  4557  2.6559e-55
  4559  2.2105e-55
  4562  2.2115e-55
  4563  2.0214e-55
  4565  1.9587e-55
  4566  2.0959e-55
  4567  2.2624e-55
  4570  1.8942e-55
  4572  1.5976e-55
  4573  1.3796e-55
  4574  1.3473e-55
  4577  1.2705e-55
  4580  1.3506e-55
  4581  1.1915e-55
  4584  1.1330e-55
  4586  1.0972e-55
  4587  1.1150e-55
  4590  1.1577e-55
  4593  1.2373e-55
  4596  1.2737e-55
  4597  1.1446e-55
  4599  1.2349e-55
  4601  1.1428e-55
  4602  9.4671e-56
  4604  8.1221e-56
  4605  8.0804e-56
  4607  7.5851e-56
  4610  6.2811e-56
  4612  5.0337e-56
  4613  4.9890e-56
  4614  4.5543e-56
  4616  3.8834e-56
  4617  4.0387e-56
  4620  4.4321e-56
  4623  4.4407e-56
  4626  4.4079e-56
  4629  4.7132e-56
  4632  4.4323e-56
  4634  3.9261e-56
  4637  3.2630e-56
  4638  2.6178e-56
  4641  2.3178e-56
  4642  2.1650e-56
  4644  1.8263e-56
  4646  1.9045e-56
  4647  1.6057e-56
  4648  1.6127e-56
  4650  1.6460e-56
  4653  1.5434e-56
  4654  1.4936e-56
  4657  1.3494e-56
  4658  1.1469e-56
  4660  1.2479e-56
  4662  1.2828e-56
  4663  1.3909e-56
  4666  1.2878e-56
  4668  1.1706e-56
  4669  1.2241e-56
  4672  1.2117e-56
  4673  1.0732e-56
  4674  9.7337e-57
  4677  8.3355e-57
  4679  7.5381e-57
  4682  8.0955e-57
  4683  7.7956e-57
  4685  6.9023e-57
  4687  6.0406e-57
  4688  5.4521e-57
  4691  5.2200e-57
  4692  5.1353e-57
  4695  4.4581e-57
  4697  4.4242e-57
  4699  3.9845e-57
  4702  3.2937e-57
  4703  3.3875e-57
  4705  3.4161e-57
  4706  3.6049e-57
  4707  3.1862e-57
  4708  2.7213e-57
  4711  2.8755e-57
  4714  2.9143e-57
  4715  2.8294e-57
  4716  2.8129e-57
  4717  2.3192e-57
  4719  2.1189e-57
  4722  1.7945e-57
  4724  1.5937e-57
  4725  1.6329e-57
  4727  1.3508e-57
  4729  1.3554e-57
  4732  1.3073e-57
  4735  1.0938e-57
  4736  1.1331e-57
  4737  9.2812e-58
  4740  7.5464e-58
  4743  6.7677e-58
  4746  5.5289e-58
  4749  5.0300e-58
  4750  4.6663e-58
  4753  4.3268e-58
  4755  3.9504e-58
  4756  4.2885e-58
  4757  3.4937e-58
  4760  3.7105e-58
  4763  4.0304e-58
  4766  3.9910e-58
  4769  3.4343e-58
  4771  3.0297e-58
  4772  3.1339e-58
  4773  2.5894e-58
  4774  2.2266e-58
  4775  2.4342e-58
  4777  1.9811e-58
  4778  1.5924e-58
  4781  1.4942e-58
  4783  1.5777e-58
  4786  1.4806e-58
  4788  1.3068e-58
  4789  1.3580e-58
  4790  1.4552e-58
  4793  1.1786e-58
  4795  1.1086e-58
  4796  9.8337e-59
  4797  8.0778e-59
  4798  8.0967e-59
  4799  8.2561e-59
  4801  8.6190e-59
  4804  7.4545e-59
  4807  8.0324e-59
  4808  6.4342e-59
  4811  5.7070e-59
  4812  4.8612e-59
  4814  4.5906e-59
  4817  4.1203e-59
  4818  3.3255e-59
  4819  3.1092e-59
  4820  3.4140e-59
  4821  2.9038e-59
  4823  2.3936e-59
  4826  2.1861e-59
  4827  2.1867e-59
  4830  1.9384e-59
  4833  1.8923e-59
  4836  2.0082e-59
  4839  1.8656e-59
  4840  2.0274e-59
  4842  1.9150e-59
  4845  1.8910e-59
  4848  1.9572e-59
  4850  1.9107e-59
  4853  2.0815e-59
  4854  1.7191e-59
  4855  1.5726e-59
  4857  1.3567e-59
  4860  1.2706e-59
  4863  1.1155e-59
  4864  9.4839e-60
  4866  7.8412e-60
  4867  6.5703e-60
  4870  5.8752e-60
  4873  6.1821e-60
  4875  5.1806e-60
  4877  4.8169e-60
  4879  4.0183e-60
  4881  3.6928e-60
  4884  3.2129e-60
  4887  2.8562e-60
  4889  2.3604e-60
  4891  1.9588e-60
  4893  1.5910e-60
  4896  1.3754e-60
  4898  1.1618e-60
  4900  1.2334e-60
  4901  1.0004e-60
  4903  1.0078e-60
  4905  9.3754e-61
  4906  9.1444e-61
  4907  8.9714e-61
  4909  9.3477e-61
  4910  9.1049e-61
  4911  8.4582e-61
  4912  7.9797e-61
  4915  7.3861e-61
  4916  7.7661e-61
  4918  7.7906e-61
  4920  7.3304e-61
  4923  7.4751e-61
  4925  6.6155e-61
  4926  6.7000e-61
  4928  7.0999e-61
  4931  6.9651e-61
  4933  6.7369e-61
  4935  5.6492e-61
  4937  4.6676e-61
  4940  4.5301e-61
  4943  3.6257e-61
  4944  3.1198e-61
  4945  2.9071e-61
  4948  2.9276e-61
  4951  2.4277e-61
  4952  2.0922e-61
  4955  1.9798e-61
  4958  2.0080e-61
  4961  1.7647e-61
  4962  1.4883e-61
  4965  1.4588e-61
  4966  1.4285e-61
  4967  1.3349e-61
  4969  1.4157e-61
  4970  1.1610e-61
  4972  1.1273e-61
  4975  1.2001e-61
  4976  1.2524e-61
  4979  1.0682e-61
  4982  1.0345e-61
  4985  9.4306e-62
  4987  8.7726e-62
  4989  8.5498e-62
  4992  7.8078e-62
  4993  6.7723e-62
  4996  6.9375e-62
  4998  6.9118e-62
  5001  6.9307e-62
  5004  6.0695e-62
  5006  6.0408e-62
  5007  4.8602e-62
  5008  3.9343e-62
  5011  3.2928e-62
  5012  3.0722e-62
  5013  2.5417e-62
  5015  2.7841e-62
  5018  2.4660e-62
  5021  2.1068e-62
  5023  1.7250e-62
  5024  1.7512e-62
  5026  1.7401e-62
  5028  1.6085e-62
  5029  1.7599e-62
  5031  1.6183e-62
  5032  1.6314e-62
  5034  1.5727e-62
  5036  1.5388e-62
  5038  1.4566e-62
  5040  1.3229e-62
  5041  1.1953e-62
  5043  1.1383e-62
  5046  9.4074e-63
  5048  1.0327e-62
  5051  1.1307e-62
  5052  1.1730e-62
  5053  1.0238e-62
  5055  9.2615e-63
  5056  9.3352e-63
  5059  9.5044e-63
  5060  9.4590e-63
  5061  9.2903e-63
  5064  8.8759e-63
  5067  8.0358e-63
  5070  6.8021e-63
  5072  6.3688e-63
  5074  6.2498e-63
  5077  6.3544e-63
  5078  5.6687e-63
  5079  4.8070e-63
  5081  4.7918e-63
  5084  5.2416e-63
  5086  5.1869e-63
  5087  5.6008e-63
  5089  5.9743e-63
  5090  6.2222e-63
  5093  4.9907e-63
  5094  5.4468e-63
  5095  5.7701e-63
  5098  6.1067e-63
  5101  5.4432e-63
  5103  5.3108e-63
  5104  5.8413e-63
  5105  5.5128e-63
  5107  5.7239e-63
  5110  5.7122e-63
  5113  6.2388e-63
  5116  6.1093e-63
  5117  4.9603e-63
  5120  4.5409e-63
  5121  4.7252e-63
  5122  4.0090e-63
  5123  3.8745e-63
  5126  3.3389e-63
  5129  3.2691e-63
  5130  3.4957e-63
  5133  3.5388e-63
  5136  3.6682e-63
  5139  3.9943e-63
  5140  3.4175e-63
  5142  2.8627e-63
  5144  2.6531e-63
  5146  2.8786e-63
  5149  2.8147e-63
  5151  2.5561e-63
  5153  2.5101e-63
  5155  2.2989e-63
  5157  2.2573e-63
  5159  2.0903e-63
  5161  1.6820e-63
  5164  1.6007e-63
  5167  1.6158e-63
  5168  1.5077e-63
  5170  1.3182e-63
  5172  1.4058e-63
  5175  1.3832e-63
  5177  1.2044e-63
  5179  1.1503e-63
  5180  1.1140e-63
  5183  1.0041e-63
  5184  8.1285e-64
  5185  7.9518e-64
  5188  8.4684e-64
  5190  7.1399e-64
  5193  5.8971e-64
  5194  4.8965e-64
  5196  4.2856e-64
  5199  4.0534e-64
  5201  4.0973e-64
  5203  4.1937e-64
  5204  4.2242e-64
  5207  4.4935e-64
  5210  4.7192e-64
  5212  3.8633e-64
  5214  3.7923e-64
  5216  3.2775e-64
  5217  3.0336e-64
  5219  2.4963e-64
  5222  2.6760e-64
  5225  2.8244e-64
  5228  2.8965e-64
  5229  2.5490e-64
  5230  2.3153e-64
  5233  2.3021e-64
  5236  2.1082e-64
  5239  2.0940e-64
  5240  2.0892e-64
  5243  1.7004e-64
  5244  1.8661e-64
  5245  1.7207e-64
  5248  1.7831e-64
  5250  1.5257e-64
  5251  1.3885e-64
  5253  1.2408e-64
  5254  1.2400e-64
  5255  1.0032e-64
  5256  8.0567e-65
  5259  6.9963e-65
  5261  6.4123e-65
  5263  6.4005e-65
  5265  6.8339e-65
  5267  5.8178e-65
  5270  5.0911e-65
  5271  5.5002e-65
  5272  5.4193e-65
  5274  4.3384e-65
  5277  4.7485e-65
  5279  4.0970e-65
  5280  3.5333e-65
  5282  3.5025e-65
  5285  3.7864e-65
  5288  3.9096e-65
  5291  4.1205e-65
  5292  3.8036e-65
  5295  3.7713e-65
  5298  3.7116e-65
  5299  3.7651e-65
  5301  3.2734e-65
  5303  2.7773e-65
  5306  2.4400e-65
  5307  2.2369e-65
  5308  1.9679e-65
  5310  2.0277e-65
  5311  1.7208e-65
  5313  1.3812e-65
  5316  1.2710e-65
  5319  1.1666e-65
  5322  1.1651e-65
  5324  1.0408e-65
  5327  1.1359e-65
  5328  1.0074e-65
  5329  1.0551e-65
  5331  1.1206e-65
  5332  9.9517e-66
  5335  8.5288e-66
  5338  9.0905e-66
  5340  7.7105e-66
  5342  7.1226e-66
  5344  7.7268e-66
  5346  6.8045e-66
  5349  7.2937e-66
  5352  6.5840e-66
  5353  6.3369e-66
  5355  5.9695e-66
  5356  5.8089e-66
  5359  5.0604e-66
  5362  4.0794e-66
  5363  4.3274e-66
  5366  4.1593e-66
  5368  3.4961e-66
  5370  3.8171e-66
  5371  3.2804e-66
  5374  2.9551e-66
  5375  3.1462e-66
  5377  3.0756e-66
  5378  2.8406e-66
  5379  2.6582e-66
  5382  2.8034e-66
  5385  3.0449e-66
  5387  2.6558e-66
  5390  2.4210e-66
  5392  2.2620e-66
  5395  2.4011e-66
  5398  1.9294e-66
  5400  1.7810e-66
  5402  1.7819e-66
  5404  1.9175e-66
  5405  2.0602e-66
  5408  1.8989e-66
  5411  1.9960e-66
  5414  1.9832e-66
  5416  1.6071e-66
  5417  1.7127e-66
  5419  1.5485e-66
  5421  1.3819e-66
  5424  1.3160e-66
  5427  1.3116e-66
  5428  1.3526e-66
  5431  1.4491e-66
  5432  1.3607e-66
  5433  1.2034e-66
  5434  1.2951e-66
  5436  1.1503e-66
  5439  1.1784e-66
  5440  1.1484e-66
  5441  1.0901e-66
  5444  1.0995e-66
  5445  1.0861e-66
  5447  9.3583e-67
  5448  7.5152e-67
  5449  8.2092e-67
  5450  6.8955e-67
  5453  5.6996e-67
  5455  5.8796e-67
  5458  5.7579e-67
  5460  5.0680e-67
  5461  4.1363e-67
  5463  3.9781e-67
  5465  3.9574e-67
  5466  3.4251e-67
  5468  3.2769e-67
  5471  3.5358e-67
  5474  3.3479e-67
  5475  3.5807e-67
  5478  3.3702e-67
  5480  3.3019e-67
  5481  3.5944e-67
  5483  3.8542e-67
  5484  3.5647e-67
  5486  3.4737e-67
  5489  3.5798e-67
  5492  3.6669e-67
  5493  4.0019e-67
  5496  4.1534e-67
  5498  4.1381e-67
  5499  3.5971e-67
  5500  3.4025e-67
  5501  3.7247e-67
  5504  3.5844e-67
  5505  3.0282e-67
  5507  2.9757e-67
  5508  2.4912e-67
  5509  2.1599e-67
  5512  2.0563e-67
  5513  1.6932e-67
  5516  1.7058e-67
  5518  1.4908e-67
  5520  1.5136e-67
  5522  1.3900e-67
  5524  1.2592e-67
  5526  1.2012e-67
  5528  1.3209e-67
  5529  1.4079e-67
  5530  1.3211e-67
  5532  1.0915e-67
  5535  9.8021e-68
  5537  1.0760e-67
  5538  8.6573e-68
  5540  7.2880e-68
  5542  6.8362e-68
  5544  5.6072e-68
  5546  4.6991e-68
  5547  4.6629e-68
  5550  4.1257e-68
  5552  3.5375e-68
  5554  3.4133e-68
  5555  3.5070e-68
  5558  3.4619e-68
  5561  2.8984e-68
  5562  3.0743e-68
  5563  3.3193e-68
  5565  3.1401e-68
  5568  3.4100e-68
  5571  3.5679e-68
  5573  3.7201e-68
  5576  3.8795e-68
  5579  3.9237e-68
  5580  3.9860e-68
  5581  3.5492e-68
  5584  3.2754e-68
  5586  2.7787e-68
  5589  2.5600e-68
  5592  2.3680e-68
  5594  2.1420e-68
  5595  2.2944e-68
  5596  1.9554e-68
  5598  1.7313e-68
  5601  1.5446e-68
  5603  1.4413e-68
  5605  1.4236e-68
  5608  1.5029e-68
  5611  1.3915e-68
  5612  1.4044e-68
  5615  1.1824e-68
  5618  9.7699e-69
  5620  9.8442e-69
  5622  8.2464e-69
  5624  8.3339e-69
  5625  7.3346e-69
  5626  6.9526e-69
  5627  6.6476e-69
  5628  6.5923e-69
  5629  6.5330e-69
  5631  5.3460e-69
  5633  4.8851e-69
  5634  3.9863e-69
  5637  4.0453e-69
  5638  3.4317e-69
  5639  3.7074e-69
  5642  3.4372e-69
  5645  3.1847e-69
  5646  2.5881e-69
  5647  2.7680e-69
  5649  2.4256e-69
  5650  1.9836e-69
  5653  1.7394e-69
  5656  1.5501e-69
  5658  1.3599e-69
  5660  1.2847e-69
  5662  1.3573e-69
  5663  1.4577e-69
  5664  1.3035e-69
  5667  1.1066e-69
  5670  1.0504e-69
  5672  1.0184e-69
  5674  1.0226e-69
  5676  1.0200e-69
  5679  1.0303e-69
  5680  1.1283e-69
  5681  1.2071e-69
  5683  1.2973e-69
  5686  1.0661e-69
  5689  1.0956e-69
  5691  1.1253e-69
  5692  1.0455e-69
  5695  1.1194e-69
  5696  1.0045e-69
  5697  1.0235e-69
  5700  8.5525e-70
  5702  7.6128e-70
  5705  6.1681e-70
  5706  5.7463e-70
  5707  4.8036e-70
  5710  4.8802e-70
  5711  4.7454e-70
  5713  4.9647e-70
  5714  5.0622e-70
  5717  4.3670e-70
  5719  4.1388e-70
  5722  4.0506e-70
  5723  4.0959e-70
  5725  3.9026e-70
  5728  3.7896e-70
  5730  3.3560e-70
  5733  3.0147e-70
  5734  3.0089e-70
  5737  2.9166e-70
  5740  2.6642e-70
  5742  2.8285e-70
  5743  3.0614e-70
  5746  3.3164e-70
  5748  3.5551e-70
  5749  3.2597e-70
  5752  3.3917e-70
  5755  2.9215e-70
  5758  2.4015e-70
  5760  2.0539e-70
  5763  2.0270e-70
  5764  2.1942e-70
  5766  2.2926e-70
  5768  2.4264e-70
  5770  2.5675e-70
  5773  2.3812e-70
  5774  2.2553e-70
  5776  2.3106e-70
  5777  1.9176e-70
  5778  1.8637e-70
  5779  1.5437e-70
  5782  1.5946e-70
  5785  1.5310e-70
  5786  1.2937e-70
  5789  1.1368e-70
  5790  1.1467e-70
  5791  1.2471e-70
  5792  1.0840e-70
  5795  1.1472e-70
  5796  9.5696e-71
  5799  8.6348e-71
  5801  7.4280e-71
  5804  6.0891e-71
  5805  5.4566e-71
  5808  4.4435e-71
  5809  4.7710e-71
  5811  5.0494e-71
  5813  5.0168e-71
  5815  5.4551e-71
  5817  4.8014e-71
  5819  4.8907e-71
  5821  4.1175e-71
  5824  3.7522e-71
  5827  3.9587e-71
  5828  3.4875e-71
  5831  3.2672e-71
  5833  3.2785e-71
  5836  3.5969e-71
  5837  3.0179e-71
  5838  2.9928e-71
  5839  2.4366e-71
  5841  2.4927e-71
  5844  2.4400e-71
  5845  2.1936e-71
  5847  1.7697e-71
  5848  1.4993e-71
  5851  1.2897e-71
  5853  1.3273e-71
  5855  1.2422e-71
  5856  1.1403e-71
  5857  1.0139e-71
  5859  8.4113e-72
  5861  7.7536e-72
  5862  7.2012e-72
  5863  7.6699e-72
  5866  7.3344e-72
  5868  7.0917e-72
  5871  5.8699e-72
  5874  6.4335e-72
  5876  5.6196e-72
  5877  5.0195e-72
  5879  4.2345e-72
  5882  4.5445e-72
  5883  4.1450e-72
  5884  4.4469e-72
  5886  4.6283e-72
  5887  4.7186e-72
  5888  4.9618e-72
  5891  4.7072e-72
  5893  4.9990e-72
  5895  5.4501e-72
  5896  4.4361e-72
  5898  4.0452e-72
  5901  3.2818e-72
  5904  2.7961e-72
  5907  2.7449e-72
  5908  2.9701e-72
  5910  2.5223e-72
  5913  2.3603e-72
  5914  2.3702e-72
  5916  2.2027e-72
  5919  2.2831e-72
  5921  2.3160e-72
  5924  2.0341e-72
  5926  1.8424e-72
  5927  1.6565e-72
  5928  1.4441e-72
  5929  1.5786e-72
  5932  1.3036e-72
  5934  1.4116e-72
  5936  1.4473e-72
  5939  1.2949e-72
  5941  1.3198e-72
  5943  1.2629e-72
  5945  1.1283e-72
  5946  1.0123e-72
  5947  8.3050e-73
  5948  8.9356e-73
  5950  8.1325e-73
  5951  7.8591e-73
  5954  7.9360e-73
  5955  8.6443e-73
  5958  7.8942e-73
  5961  8.4325e-73
  5962  7.5196e-73
  5964  6.8527e-73
  5965  6.6984e-73
  5966  6.2118e-73
  5968  6.5998e-73
  5969  6.5089e-73
  5972  6.0337e-73
  5975  5.5613e-73
  5978  4.6920e-73
  5980  4.0469e-73
  5983  3.4682e-73
  5985  3.5829e-73
  5986  3.6689e-73
  5989  3.7597e-73
  5992  3.6441e-73
  5995  3.9082e-73
  5997  4.2189e-73
  5998  4.5865e-73
  5999  4.0595e-73
  6001  3.6240e-73
  6004  3.7466e-73
  6005  3.1913e-73
  6007  2.9010e-73
  6009  2.8259e-73
  6011  3.0671e-73
  6012  3.0200e-73
  6015  3.1623e-73
  6017  3.4545e-73
  6018  3.3176e-73
  6020  3.5937e-73
  6023  3.1111e-73
  6024  3.1813e-73
  6025  2.6631e-73
  6026  2.5875e-73
  6027  2.1554e-73
  6029  2.0192e-73
  6031  1.8551e-73
  6032  1.6947e-73
  6035  1.3857e-73
  6037  1.1327e-73
  6040  9.1514e-74
  6041  9.8471e-74
  6044  9.6772e-74
  6047  8.7970e-74
  6050  7.4391e-74
  6053  7.0997e-74
  6056  7.3857e-74
  6058  6.3285e-74
  6059  5.1467e-74
  6060  5.5032e-74
  6063  4.9819e-74
  6064  5.1272e-74
  6065  4.3646e-74
  6068  4.5678e-74
  6070  3.7664e-74
  6071  3.7872e-74
  6074  3.6774e-74
  6075  3.4578e-74
  6076  2.9484e-74
  6079  2.5138e-74
  6081  2.7273e-74
  6084  2.9763e-74
  6085  2.5715e-74
  6088  2.1044e-74
  6090  1.9599e-74
  6093  1.9683e-74
  6096  1.6424e-74
  6097  1.3419e-74
  6100  1.2531e-74
  6103  1.1613e-74
  6104  1.0848e-74
  6107  9.9805e-75
  6109  9.1015e-75
  6112  7.7850e-75
  6115  6.6610e-75
  6116  6.3709e-75
  6117  5.9133e-75
  6119  5.1163e-75
  6122  4.2103e-75
  6123  3.8289e-75
  6125  3.9325e-75
  6126  3.7527e-75
  6127  3.9995e-75
  6130  3.4634e-75
  6131  2.8964e-75
  6134  2.5548e-75
  6136  2.6506e-75
  6139  2.4813e-75
  6142  2.4251e-75
  6145  2.3862e-75
  6147  2.0432e-75
  6150  1.9295e-75
  6152  1.9105e-75
  6155  1.7664e-75
  6158  1.4478e-75
  6161  1.1990e-75
  6162  1.2831e-75
  6164  1.1288e-75
  6165  1.0289e-75
  6168  8.9463e-76
  6170  8.9235e-76
  6173  8.8618e-76
  6176  8.5983e-76
  6178  9.0752e-76
  6180  9.4940e-76
  6183  8.1268e-76
  6186  7.7390e-76
  6189  8.0929e-76
  6191  8.6900e-76
  6194  7.4510e-76
  6195  6.7472e-76
  6198  6.0538e-76
  6201  6.2355e-76
  6204  6.7775e-76
  6206  5.6791e-76
  6208  5.9345e-76
  6209  4.8698e-76
  6211  4.9830e-76
  6214  4.4016e-76
  6215  3.7118e-76
  6218  4.0024e-76
  6221  4.2970e-76
  6222  3.7293e-76
  6223  3.4220e-76
  6224  3.2487e-76
  6226  3.1816e-76
  6228  3.1341e-76
  6229  2.6207e-76
  6231  2.6000e-76
  6233  2.4741e-76
  6236  2.6725e-76
  6237  2.7964e-76
  6240  2.4618e-76
  6241  2.0301e-76
  6244  2.1110e-76
  6247  1.7176e-76
  6248  1.5536e-76
  6249  1.6884e-76
  6251  1.4611e-76
  6254  1.3202e-76
  6257  1.1768e-76
  6259  1.2175e-76
  6260  1.1933e-76
  6263  1.1862e-76
  6265  1.2623e-76
  6268  1.1940e-76
  6270  1.2101e-76
  6271  1.1214e-76
  6273  9.2837e-77
  6275  8.8162e-77
  6276  7.5006e-77
  6279  7.2351e-77
  6282  7.7553e-77
  6285  6.8728e-77
  6287  5.7053e-77
  6289  5.0587e-77
  6290  4.9980e-77
  6293  5.2144e-77
  6296  4.4835e-77
  6298  3.8668e-77
  6301  4.0124e-77
  6302  3.4739e-77
  6303  3.4558e-77
  6304  3.5263e-77
  6307  2.9410e-77
  6310  2.9864e-77
  6311  3.0542e-77
  6314  3.2354e-77
  6316  3.4931e-77
  6319  3.1753e-77
  6320  3.1669e-77
  6322  3.2355e-77
  6324  2.7816e-77
  6325  2.9982e-77
  6327  3.0852e-77
  6329  2.8862e-77
  6332  2.5548e-77
  6334  2.3696e-77
  6336  2.3983e-77
  6338  2.2296e-77
  6340  1.7855e-77
  6341  1.5678e-77
  6344  1.3018e-77
  6347  1.2325e-77
  6349  1.1410e-77
  6350  1.1734e-77
  6353  1.1448e-77
  6356  1.1536e-77
  6359  1.0591e-77
  6362  1.0336e-77
  6365  1.1312e-77
  6366  1.1079e-77
  6368  1.0191e-77
  6369  1.0675e-77
  6370  1.0532e-77
  6372  1.1111e-77
  6373  1.1555e-77
  6376  1.2652e-77
  6378  1.1104e-77
  6380  9.7537e-78
  6382  8.3624e-78
  6383  7.6215e-78
  6386  7.1879e-78
  6388  7.2620e-78
  6390  6.8005e-78
  6391  5.5730e-78
  6394  5.2681e-78
  6395  4.2738e-78
  6398  3.6618e-78
  6399  3.7496e-78
  6401  3.8885e-78
  6402  3.8294e-78
  6405  3.3469e-78
  6408  3.5385e-78
  6410  3.3620e-78
  6412  3.0842e-78
  6414  2.9561e-78
  6416  2.9848e-78
  6417  2.5831e-78
  6418  2.7873e-78
  6419  2.5428e-78
  6421  2.6698e-78
  6422  2.8844e-78
  6423  3.1164e-78
  6426  3.0424e-78
  6429  3.0116e-78
  6431  3.2218e-78
  6433  3.3319e-78
  6435  3.4649e-78
  6438  2.9016e-78
  6439  2.6076e-78
  6440  2.5581e-78
  6442  2.6126e-78
  6443  2.8725e-78
  6446  2.5443e-78
  6448  2.6963e-78
  6451  2.2961e-78
  6454  2.4068e-78
  6456  2.1053e-78
  6459  2.2464e-78
  6460  2.3660e-78
  6463  2.2371e-78
  6464  1.9357e-78
  6467  1.7133e-78
  6469  1.7872e-78
  6472  1.8050e-78
  6474  1.8641e-78
  6475  1.4966e-78
  6476  1.6097e-78
  6477  1.4121e-78
  6479  1.2647e-78
  6481  1.0473e-78
  6483  1.0309e-78
  6485  1.0954e-78
  6487  9.6466e-79
  6489  8.8051e-79
  6490  8.3531e-79
  6493  8.1645e-79
  6494  8.7546e-79
  6496  8.6918e-79
  6499  8.4420e-79
  6502  8.1237e-79
  6504  8.0644e-79
  6505  6.5411e-79
  6507  7.0828e-79
  6510  5.6884e-79
  6512  4.6545e-79
  6514  4.9336e-79
  6516  5.4185e-79
  6519  4.6034e-79
  6521  4.3057e-79
  6522  3.8686e-79
  6525  3.6817e-79
  6526  3.4295e-79
  6527  3.2135e-79
  6529  3.2908e-79
  6532  3.3267e-79
  6535  2.9131e-79
  6538  3.1149e-79
  6540  3.3065e-79
  6541  2.9241e-79
  6543  2.7784e-79
  6546  2.7636e-79
  6547  2.8290e-79
  6548  2.8081e-79
  6551  2.8988e-79
  6553  2.5409e-79
  6555  2.3316e-79
  6557  2.5123e-79
  6559  2.5243e-79
  6561  2.2490e-79
  6562  1.9572e-79
  6564  2.1268e-79
  6567  2.2967e-79
  6570  2.3001e-79
  6573  2.1287e-79
  6574  1.9797e-79
  6577  1.8603e-79
  6579  1.6495e-79
  6582  1.3722e-79
  6583  1.3941e-79
  6584  1.5195e-79
  6585  1.5146e-79
  6588  1.3799e-79
  6589  1.1174e-79
  6591  1.0427e-79
  6594  1.1089e-79
  6595  1.0342e-79
  6597  9.0717e-80
  6598  7.3945e-80
  6599  6.4926e-80
  6600  6.3915e-80
  6603  5.9182e-80
  6605  5.4898e-80
  6607  4.9641e-80
  6609  4.7524e-80
  6611  4.7737e-80
  6612  4.9777e-80
  6613  5.2987e-80
  6614  5.0826e-80
  6615  4.7421e-80
  6618  4.9291e-80
  6619  4.0391e-80
  6620  3.5481e-80
  6621  3.0869e-80
  6624  2.5758e-80
  6625  2.8236e-80
  6626  2.8975e-80
  6629  2.7115e-80
  6631  2.6778e-80
  6632  2.2663e-80
  6635  2.3222e-80
  6637  2.4513e-80
  6639  2.2230e-80
  6640  2.1375e-80
  6642  2.1078e-80
  6645  1.9938e-80
  6646  1.6429e-80
  6648  1.5916e-80
  6651  1.7312e-80
  6652  1.7101e-80
  6654  1.7440e-80
  6657  1.7164e-80
  6660  1.7612e-80
  6661  1.6203e-80
  6663  1.5116e-80
  6665  1.3085e-80
  6666  1.2538e-80
  6669  1.3053e-80
  6671  1.0911e-80
  6672  1.0319e-80
  6673  8.5097e-81
  6676  9.0847e-81
  6677  8.8384e-81
  6680  9.2087e-81
  6682  9.8313e-81
  6685  1.0733e-80
  6687  9.4174e-81
  6688  1.0353e-80
  6690  1.0831e-80
  6693  1.1138e-80
  6695  1.0465e-80
  6696  8.8884e-81
  6697  8.5407e-81
  6698  7.7246e-81
  6700  7.8476e-81
  6701  6.8825e-81
  6703  5.9928e-81
  6705  5.0646e-81
  6706  5.3805e-81
  6708  4.7534e-81
  6709  4.8800e-81
  6710  5.1531e-81
  6711  4.5113e-81
  6713  3.6892e-81
  6716  3.0566e-81
  6717  3.3330e-81
  6720  3.0483e-81
  6721  2.9547e-81
  6724  3.2287e-81
  6726  2.8667e-81
  6727  2.9192e-81
  6729  2.8956e-81
  6731  2.3829e-81
  6734  2.2779e-81
  6735  1.9275e-81
  6738  1.8762e-81
  6741  1.6769e-81
  6742  1.6478e-81
  6744  1.3227e-81
  6746  1.3290e-81
  6749  1.2488e-81
  6751  1.0055e-81
  6753  9.7889e-82
  6754  9.8343e-82
  6755  9.3455e-82
  6757  9.9238e-82
  6760  9.3905e-82
  6761  9.4404e-82
  6764  9.0334e-82
  6766  8.5125e-82
  6768  8.8758e-82
  6769  7.8306e-82
  6772  7.3437e-82
  6773  7.9035e-82
  6776  7.3901e-82
  6778  6.2740e-82
  6779  5.3940e-82
  6782  4.8442e-82
  6783  5.0315e-82
  6784  4.3099e-82
  6787  4.1158e-82
  6790  4.1867e-82
  6793  3.6667e-82
  6794  2.9350e-82
  6796  3.0589e-82
  6797  2.7359e-82
  6799  2.4070e-82
  6800  2.2854e-82
  6803  1.9514e-82
  6804  1.6550e-82
  6806  1.6119e-82
  6809  1.6894e-82
  6812  1.4146e-82
  6813  1.4740e-82
  6816  1.2452e-82
  6818  1.0471e-82
  6820  1.1478e-82
  6822  1.1755e-82
  6824  1.2725e-82
  6826  1.2393e-82
  6827  1.2607e-82
  6829  1.2898e-82
  6830  1.2937e-82
  6832  1.2601e-82
  6835  1.3179e-82
  6837  1.3568e-82
  6840  1.4305e-82
  6842  1.4638e-82
  6843  1.2429e-82
  6845  1.2310e-82
  6847  1.1648e-82
  6848  1.2450e-82
  6851  1.1991e-82
  6854  1.2885e-82
  6856  1.1382e-82
  6857  1.0404e-82
  6859  1.0278e-82
  6861  9.5176e-83
  6863  7.6604e-83
  6865  6.9128e-83
  6867  5.9896e-83
  6870  5.6435e-83
  6871  5.7978e-83
  6874  5.9565e-83
  6875  6.0449e-83
  6877  5.9084e-83
  6880  5.8023e-83
  6883  5.3929e-83
  6885  5.5090e-83
  6886  4.9308e-83
  6889  4.7717e-83
  6892  5.1964e-83
  6895  5.3564e-83
  6897  5.1498e-83
  6900  5.3992e-83
  6901  5.4720e-83
  6902  5.9209e-83
  6903  6.0837e-83
  6906  6.3674e-83
  6907  6.4659e-83
  6909  5.7622e-83
  6910  5.6543e-83
  6913  4.7996e-83
  6914  4.1831e-83
  6917  4.4409e-83
  6920  4.5617e-83
  6921  4.5288e-83
  6923  4.3412e-83
  6924  4.7528e-83
  6927  3.8170e-83
  6930  4.0119e-83
  6933  3.4085e-83
  6934  3.5182e-83
  6935  3.3503e-83
  6937  2.7760e-83
  6938  2.5757e-83
  6940  2.2711e-83
  6942  2.2880e-83
  6944  1.9084e-83
  6946  1.8664e-83
  6947  1.5124e-83
  6948  1.3149e-83
  6950  1.2799e-83
  6951  1.2193e-83
  6953  1.1141e-83
  6956  1.1900e-83
  6957  1.2000e-83
  6959  1.1166e-83
  6960  1.1316e-83
  6963  1.1385e-83
  6964  1.2188e-83
  6967  9.9871e-84
  6970  1.0051e-83
  6973  9.3760e-84
  6975  8.8356e-84
  6977  7.6451e-84
  6980  7.7672e-84
  6983  6.7323e-84
  6986  5.5402e-84
  6989  5.0456e-84
  6991  4.7518e-84
  6993  5.1098e-84
  6994  4.3473e-84
  6996  4.2177e-84
  6998  3.4789e-84
  7000  3.3132e-84
  7001  2.6934e-84
  7004  2.5513e-84
  7007  2.5136e-84
  7010  2.7038e-84
  7011  2.3204e-84
  7014  2.1600e-84
  7017  2.0713e-84
  7020  2.1119e-84
  7023  2.2991e-84
  7024  2.2019e-84
  7027  1.8576e-84
  7030  1.7112e-84
  7032  1.5049e-84
  7035  1.2747e-84
  7036  1.2191e-84
  7038  1.2828e-84
  7041  1.2162e-84
  7043  1.2428e-84
  7044  1.1784e-84
  7046  1.0118e-84
  7048  9.4765e-85
  7050  8.0974e-85
  7051  7.6410e-85
  7054  7.7565e-85
  7055  8.0718e-85
  7057  7.8611e-85
  7058  8.2728e-85
  7059  8.9487e-85
  7060  7.8686e-85
  7063  7.6612e-85
  7066  8.3908e-85
  7069  9.0870e-85
  7070  8.0124e-85
  7071  8.3838e-85
  7074  6.8625e-85
  7076  6.6938e-85
  7078  6.1645e-85
  7079  5.5682e-85
  7081  4.5336e-85
  7082  3.7072e-85
  7083  3.2339e-85
  7085  2.6391e-85
  7088  2.2024e-85
  7091  2.2903e-85
  7094  2.2648e-85
  7097  1.8195e-85
  7098  1.5271e-85
  7099  1.5216e-85
  7102  1.2338e-85
  7103  1.0741e-85
  7106  9.9580e-86
  7107  9.4011e-86
  7110  9.8766e-86
  7113  8.2196e-86
  7115  6.9413e-86
  7118  6.5013e-86
  7120  7.0698e-86
  7123  5.6747e-86
  7126  5.9785e-86
  7129  5.0486e-86
  7130  4.2045e-86
  7131  4.1042e-86
  7134  4.4259e-86
  7135  4.5685e-86
  7138  4.9791e-86
  7139  4.0960e-86
  7141  4.1523e-86
  7143  4.3159e-86
  7146  3.8379e-86
  7149  3.2897e-86
  7151  2.8614e-86
  7154  3.0524e-86
  7157  2.6963e-86
  7159  2.1733e-86
  7162  2.3208e-86
  7164  2.2641e-86
  7167  1.8342e-86
  7169  1.8355e-86
  7170  1.6495e-86
  7172  1.3755e-86
  7173  1.4774e-86
  7174  1.4536e-86
  7175  1.4952e-86
  7177  1.4066e-86
  7178  1.4616e-86
  7179  1.2661e-86
  7180  1.1256e-86
  7182  1.0724e-86
  7183  1.0558e-86
  7184  1.1275e-86
  7186  9.9272e-87
  7189  8.0157e-87
  7191  8.2731e-87
  7194  7.5868e-87
  7195  6.6855e-87
  7197  5.8455e-87
  7198  6.0593e-87
  7199  6.0579e-87
  7202  5.6007e-87
  7205  5.2021e-87
  7207  4.7349e-87
  7209  4.7700e-87
  7210  4.6973e-87
  7213  4.7191e-87
  7214  4.5321e-87
  7217  3.7119e-87
  7218  3.9212e-87
  7219  4.1168e-87
  7220  4.3578e-87
  7222  4.2256e-87
  7223  4.4247e-87
  7225  4.5939e-87
  7227  3.8138e-87
  7229  4.0825e-87
  7231  4.4513e-87
  7234  4.1653e-87
  7236  4.5021e-87
  7238  4.0716e-87
  7240  4.1196e-87
  7243  3.3015e-87
  7246  3.0683e-87
  7248  2.7729e-87
  7250  2.9797e-87
  7253  2.5382e-87
  7255  2.2585e-87
  7258  2.3363e-87
  7260  2.0179e-87
  7262  2.1212e-87
  7263  2.0123e-87
  7264  1.7564e-87
  7265  1.4191e-87
  7267  1.4873e-87
  7269  1.5467e-87
  7272  1.4350e-87
  7274  1.4016e-87
  7277  1.3880e-87
  7279  1.3042e-87
  7281  1.3044e-87
  7284  1.4096e-87
  7287  1.3703e-87
  7290  1.1517e-87
  7292  1.0714e-87
  7294  1.1743e-87
  7297  1.2297e-87
  7298  1.0188e-87
  7300  9.7762e-88
  7302  8.5934e-88
  7303  8.7443e-88
  7306  9.4947e-88
  7307  8.8192e-88
  7310  8.2685e-88
  7313  7.5767e-88
  7315  8.2109e-88
  7318  7.8320e-88
  7319  7.8744e-88
  7322  8.2333e-88
  7323  7.6077e-88
  7325  6.9736e-88
  7327  6.5751e-88
  7328  6.5072e-88
  7329  6.8541e-88
  7330  5.9693e-88
  7333  5.6195e-88
  7336  4.7894e-88
  7337  4.6417e-88
  7339  4.5994e-88
  7340  4.6194e-88
  7343  4.6811e-88
  7345  5.0392e-88
  7348  5.2496e-88
  7350  5.6797e-88
  7351  5.1555e-88
  7354  5.4606e-88
  7355  4.4222e-88
  7357  3.9174e-88
  7358  3.4273e-88
  7361  2.9956e-88
  7362  3.1194e-88
  7365  3.0639e-88
  7368  2.6620e-88
  7371  2.7288e-88
  7373  2.9139e-88
  7375  2.7307e-88
  7376  2.8566e-88
  7379  2.6447e-88
  7382  2.9088e-88
  7384  2.6269e-88
  7385  2.1194e-88
  7388  2.0167e-88
  7389  1.8083e-88
  7391  1.5971e-88
  7392  1.2854e-88
  7393  1.1115e-88
  7396  1.2109e-88
  7399  1.2030e-88
  7402  1.1833e-88
  7404  1.0213e-88
  7406  8.7664e-89
  7408  8.1290e-89
  7411  8.2783e-89
  7412  8.3316e-89
  7415  7.4199e-89
  7418  7.1614e-89
  7420  7.8644e-89
  7421  6.5613e-89
  7424  6.3864e-89
  7426  6.4898e-89
  7428  5.2803e-89
  7429  4.9526e-89
  7431  4.2859e-89
  7433  3.4710e-89
  7436  3.3263e-89
  7437  3.0933e-89
  7438  2.9321e-89
  7440  3.0094e-89
  7442  3.0593e-89
  7445  3.2461e-89
  7446  2.7350e-89
  7448  2.6088e-89
  7451  2.8191e-89
  7452  2.4844e-89
  7453  2.1920e-89
  7454  2.2738e-89
  7455  2.2752e-89
  7457  2.0780e-89
  7459  1.9334e-89
  7461  1.8240e-89
  7463  1.6766e-89
  7465  1.5836e-89
  7466  1.7058e-89
  7467  1.4909e-89
  7470  1.3543e-89
  7473  1.3823e-89
  7474  1.2353e-89
  7477  1.0594e-89
  7479  1.1566e-89
  7482  1.0527e-89
  7483  1.0271e-89
  7486  8.5014e-90
  7489  8.8126e-90
  7492  7.4422e-90
  7493  6.9855e-90
  7494  7.2385e-90
  7496  7.5124e-90
  7497  6.6855e-90
  7500  5.6045e-90
  7503  4.9442e-90
  7506  4.0226e-90
  7507  4.4087e-90
  7510  3.7025e-90
  7511  3.8114e-90
  7513  3.7303e-90
  7516  3.7185e-90
  7518  3.8890e-90
  7519  3.6362e-90
  7520  3.4030e-90
  7522  3.6646e-90
  7524  3.6441e-90
  7525  3.5476e-90
  7528  3.0078e-90
  7531  3.2260e-90
  7533  3.2763e-90
  7534  3.5377e-90
  7536  3.5475e-90
  7539  3.8505e-90
  7542  3.9821e-90
  7545  3.8965e-90
  7546  3.5051e-90
  7547  3.3764e-90
  7548  2.9281e-90
  7550  2.9672e-90
  7552  2.7922e-90
  7553  2.8378e-90
  7554  2.2843e-90
  7557  2.3136e-90
  7559  2.2893e-90
  7562  2.5083e-90
  7565  2.5033e-90
  7567  2.2776e-90
  7570  2.4310e-90
  7572  2.6239e-90
  7575  2.3044e-90
  7576  2.4483e-90
  7578  2.5627e-90
  7581  2.5772e-90
  7582  2.6430e-90
  7583  2.8226e-90
  7585  2.8747e-90
  7587  2.8605e-90
  7588  2.9700e-90
  7590  3.1205e-90
  7591  2.6249e-90
  7594  2.2777e-90
  7595  2.2003e-90
  7597  1.9209e-90
  7599  1.6414e-90
  7601  1.5408e-90
  7604  1.2347e-90
  7605  9.9952e-91
  7607  8.3399e-91
  7608  7.4801e-91
  7611  7.4139e-91
  7613  7.7686e-91
  7614  6.2609e-91
  7615  5.4644e-91
  7618  4.4108e-91
  7620  3.6733e-91
  7621  3.1757e-91
  7623  2.6331e-91
  7625  2.8163e-91
  7628  2.5068e-91
  7629  2.4375e-91
  7631  2.6070e-91
  7633  2.6826e-91
  7635  2.8237e-91
  7638  2.8425e-91
  7641  2.9562e-91
  7642  2.7437e-91
  7645  2.9796e-91
  7647  3.0751e-91
  7650  2.6154e-91
  7652  2.4346e-91
  7655  2.3977e-91
  7657  2.4234e-91
  7658  2.4023e-91
  7660  1.9782e-91
  7663  1.9138e-91
  7664  1.7597e-91
  7665  1.5202e-91
  7666  1.5011e-91
  7667  1.2361e-91
  7669  1.1072e-91
  7671  1.0388e-91
  7672  8.6129e-92
  7675  8.9491e-92
  7678  9.5897e-92
  7681  9.3733e-92
  7682  7.9482e-92
  7684  7.5008e-92
  7687  6.0991e-92
  7688  5.9117e-92
  7691  5.2873e-92
  7694  4.9925e-92
  7695  4.7772e-92
  7696  4.5262e-92
  7698  4.8647e-92
  7701  4.1110e-92
  7703  4.0350e-92
  7706  3.6854e-92
  7708  3.2703e-92
  7710  3.3810e-92
  7711  3.0353e-92
  7714  2.5073e-92
  7717  2.7148e-92
  7720  2.6465e-92
  7723  2.6301e-92
  7725  2.3047e-92
  7727  2.0961e-92
  7729  1.9033e-92
  7731  1.7353e-92
  7732  1.4291e-92
  7733  1.2300e-92
  7735  1.3073e-92
  7736  1.2994e-92
  7737  1.3137e-92
  7740  1.2074e-92
  7743  1.1417e-92
  7744  1.1267e-92
  7747  9.0284e-93
  7748  9.8245e-93
  7751  9.1015e-93
  7754  8.1756e-93
  7755  7.1708e-93
  7756  7.1749e-93
  7758  6.0647e-93
  7760  5.0816e-93
  7761  4.9880e-93
  7762  4.5092e-93
  7765  3.9004e-93
  7766  3.4166e-93
  7768  3.0778e-93
  7771  2.5742e-93
  7772  2.7704e-93
  7775  2.5413e-93
  7778  2.7609e-93
  7781  2.5609e-93
  7783  2.1813e-93
  7784  1.9286e-93
  7786  1.8751e-93
  7789  1.9927e-93
  7791  1.6120e-93
  7794  1.4041e-93
  7797  1.2400e-93
  7799  1.0328e-93
  7802  1.0246e-93
  7804  1.0063e-93
  7807  8.7562e-94
  7809  8.4838e-94
  7810  9.2367e-94
  7811  7.9094e-94
  7814  7.5345e-94
  7817  7.3700e-94
  7820  7.2697e-94
  7822  7.0210e-94
  7825  7.5466e-94
  7826  6.2221e-94
  7829  5.1761e-94
  7831  5.3880e-94
  7834  5.5310e-94
  7837  4.6950e-94
  7840  5.0298e-94
  7842  5.5226e-94
  7845  5.0581e-94
  7848  4.9724e-94
  7851  5.1396e-94
  7853  4.8253e-94
  7855  4.4470e-94
  7856  3.7092e-94
  7859  3.2306e-94
  7861  3.3257e-94
  7864  3.1867e-94
  7866  2.9398e-94
  7867  2.6227e-94
  7869  2.7615e-94
  7871  2.6073e-94
  7873  2.8671e-94
  7875  2.5618e-94
  7876  2.0592e-94
  7877  1.9922e-94
  7878  1.8072e-94
  7880  1.7334e-94
  7883  1.4855e-94
  7886  1.3116e-94
  7888  1.0664e-94
  7891  1.0300e-94
  7893  1.1118e-94
  7894  1.0827e-94
  7897  1.0422e-94
  7899  9.7974e-95
  7902  1.0436e-94
  7904  9.4588e-95
  7905  9.3041e-95
  7908  8.6806e-95
  7910  8.3851e-95
  7911  8.0689e-95
  7912  7.6291e-95
  7913  6.1982e-95
  7915  5.7949e-95
  7917  5.6960e-95
  7920  4.5953e-95
  7922  3.9051e-95
  7925  4.2337e-95
  7927  4.2285e-95
  7929  3.8930e-95
  7931  3.9355e-95
  7933  4.1814e-95
  7935  3.7813e-95
  7938  3.4910e-95
  7941  3.1940e-95
  7942  3.4466e-95
  7945  3.5505e-95
  7948  3.1532e-95
  7949  3.3973e-95
  7950  3.5465e-95
  7952  3.4975e-95
  7955  3.0543e-95
  7958  2.9942e-95
  7960  2.9700e-95
  7961  2.4705e-95
  7964  2.1857e-95
  7967  1.9720e-95
  7968  1.7412e-95
  7969  1.6525e-95
  7970  1.8029e-95
  7972  1.6943e-95
  7974  1.4961e-95
  7977  1.2605e-95
  7979  1.3686e-95
  7980  1.2971e-95
  7983  1.3299e-95
  7986  1.1232e-95
  7988  1.0310e-95
  7989  1.0631e-95
  7992  9.1595e-96
  7993  8.5276e-96
  7994  9.2821e-96
  7996  1.0084e-95
  7998  1.0802e-95
  8000  1.1709e-95
  8001  1.1518e-95
  8004  1.0826e-95
  8006  1.0386e-95
  8009  9.6720e-96
  8010  8.5875e-96
  8013  9.2666e-96
  8014  9.8371e-96
  8016  8.2992e-96
  8019  8.4186e-96
  8021  8.0632e-96
  8023  7.2713e-96
  8025  5.9520e-96
  8028  6.0461e-96
  8029  6.6406e-96
  8032  7.1033e-96
  8035  6.1351e-96
  8038  6.0428e-96
  8040  5.0747e-96
  8041  5.0423e-96
  8043  5.4666e-96
  8046  5.7522e-96
  8049  6.0148e-96
  8050  5.9082e-96
  8053  6.1080e-96
  8054  5.4156e-96
  8055  4.9429e-96
  8056  4.4079e-96
  8059  4.4110e-96
  8060  4.5326e-96
  8063  4.0555e-96
  8065  4.3847e-96
  8066  4.8048e-96
  8068  4.0115e-96
  8070  4.3925e-96
  8071  3.9245e-96
  8073  3.6109e-96
  8076  3.1106e-96
  8078  3.1081e-96
  8079  2.5840e-96
  8080  2.3380e-96
  8081  2.5189e-96
  8082  2.6087e-96
  8085  2.2976e-96
  8087  2.4236e-96
  8090  1.9637e-96
  8091  1.6363e-96
  8094  1.4788e-96
  8095  1.3272e-96
  8096  1.2825e-96
  8099  1.2954e-96
  8100  1.2164e-96
  8101  1.0275e-96
  8103  8.9209e-97
  8105  7.3008e-97
  8108  7.4237e-97
  8111  6.7304e-97
  8112  6.0435e-97
  8113  6.1429e-97
  8116  5.8344e-97
  8119  5.0319e-97
  8121  5.0190e-97
  8124  4.2962e-97
  8125  4.1858e-97
  8127  3.8249e-97
  8129  3.8583e-97
  8132  3.1986e-97
  8133  2.5649e-97
  8136  2.2050e-97
  8137  1.8653e-97
  8140  1.6953e-97
  8143  1.6757e-97
  8145  1.6946e-97
  8147  1.4312e-97
  8150  1.2165e-97
  8151  1.0416e-97
  8152  9.3451e-98
  8153  7.8175e-98
  8156  7.4883e-98
  8157  8.1575e-98
  8158  6.5335e-98
  8161  5.9447e-98
  8163  6.3532e-98
  8166  5.6379e-98
  8169  5.9162e-98
  8170  6.0438e-98
  8173  5.9432e-98
  8174  5.1822e-98
  8177  5.0016e-98
  8180  4.3683e-98
  8182  4.7519e-98
  8183  4.3975e-98
  8185  4.6018e-98
  8187  4.1444e-98
  8189  4.0024e-98
  8190  3.9593e-98
  8193  4.2943e-98
  8194  4.7016e-98
  8195  4.7772e-98
  8196  4.4555e-98
  8197  4.5154e-98
  8199  3.6994e-98
  8200  4.0434e-98
  8203  3.6297e-98
  8205  3.1329e-98
  8207  2.9820e-98
  8210  2.4490e-98
  8212  2.4522e-98
  8214  2.3357e-98
  8217  2.5467e-98
  8220  2.2752e-98
  8221  1.8884e-98
  8222  1.5274e-98
  8223  1.3291e-98
  8224  1.0714e-98
  8226  8.8860e-99
  8228  7.1816e-99
  8229  7.2501e-99
  8231  6.0824e-99
  8234  6.1515e-99
  8236  6.5561e-99
  8237  7.1721e-99
  8240  5.9586e-99
  8241  5.2774e-99
  8242  5.4410e-99
  8244  5.2351e-99
  8247  4.1987e-99
  8249  3.3819e-99
  8250  2.7868e-99
  8252  2.2657e-99
  8254  2.3381e-99
  8255  2.1797e-99
  8258  2.3648e-99
  8261  2.2006e-99
  8264  2.1906e-99
  8267  1.8473e-99
  8269  1.8043e-99
  8271  1.8969e-99
  8274  1.5707e-99
  8276  1.5685e-99
  8278  1.4011e-99
  8280  1.2699e-99
  8283  1.3753e-99
  8285  1.1760e-99
  8287  1.2736e-99
  8288  1.1598e-99
  8289  9.8056e-100
  8290  9.5623e-100
  8291  8.2183e-100
  8294  8.4567e-100
  8297  7.0269e-100
  8298  6.0288e-100
  8299  6.4099e-100
  8301  5.9819e-100
  8303  5.0076e-100
  8305  5.3025e-100
  8307  5.3077e-100
  8309  5.6931e-100
  8311  5.8786e-100
  8312  6.2692e-100
  8314  6.0319e-100
  8317  6.4078e-100
  8320  5.7298e-100
  8321  5.6297e-100
  8324  5.4064e-100
  8326  4.4741e-100
  8328  3.7222e-100
  8330  3.3426e-100
  8331  3.5616e-100
  8332  3.0408e-100
  8333  2.4613e-100
  8334  2.6513e-100
  8336  2.3543e-100
  8337  1.9152e-100
  8340  1.8151e-100
  8342  1.8312e-100
  8345  1.9204e-100
  8348  1.8558e-100
  8349  1.8827e-100
  8352  1.8661e-100
  8353  2.0434e-100
  8356  1.9902e-100
  8357  1.6756e-100
  8359  1.7077e-100
  8361  1.7148e-100
  8363  1.4275e-100
  8364  1.5176e-100
  8366  1.4047e-100
  8367  1.1274e-100
  8370  1.0682e-100
  8372  9.7806e-101
  8373  8.2166e-101
  8374  7.1176e-101
  8376  6.0465e-101
  8378  5.3836e-101
  8379  5.6171e-101
  8381  5.8794e-101
  8384  5.9920e-101
  8386  5.1656e-101
  8387  5.1404e-101
  8390  5.5415e-101
  8393  5.0090e-101
  8396  4.1293e-101
  8398  4.4399e-101
  8399  4.2562e-101
  8402  4.6350e-101
  8403  4.0012e-101
  8406  4.0971e-101
  8408  3.9658e-101
  8410  3.8518e-101
  8411  3.6448e-101
  8414  3.8483e-101
  8417  3.9324e-101
  8419  4.0446e-101
  8420  3.6704e-101
  8421  3.0372e-101
  8422  2.6723e-101
  8423  2.3022e-101
  8425  1.9883e-101
  8428  1.7210e-101
  8429  1.7729e-101
  8430  1.6249e-101
  8432  1.3888e-101
  8434  1.2409e-101
  8435  1.2360e-101
  8438  1.0198e-101
  8441  8.9614e-102
  8442  7.4013e-102
  8444  6.5870e-102
  8446  7.2047e-102
  8447  6.1765e-102
  8448  5.9705e-102
  8450  6.1809e-102
  8453  5.4803e-102
  8454  5.2235e-102
  8457  4.8943e-102
  8459  4.6592e-102
  8461  4.7996e-102
  8462  5.0811e-102
  8463  4.8782e-102
  8464  5.1389e-102
  8465  5.4702e-102
  8466  5.1253e-102
  8467  4.9793e-102
  8470  5.1841e-102
  8472  5.0535e-102
  8474  5.1264e-102
  8477  4.3231e-102
  8480  3.8171e-102
  8481  4.1324e-102
  8484  4.2743e-102
  8486  4.2142e-102
  8489  3.9639e-102
  8490  3.9055e-102
  8491  4.1718e-102
  8494  4.2436e-102
  8496  4.5924e-102
  8499  4.3797e-102
  8502  3.6660e-102
  8504  3.6462e-102
  8507  3.4162e-102
  8509  2.9806e-102
  8512  2.4717e-102
  8515  2.6948e-102
  8518  2.5728e-102
  8520  2.2711e-102
  8522  2.3163e-102
  8523  2.3104e-102
  8526  2.1430e-102
  8527  1.8745e-102
  8528  1.7851e-102
  8530  1.5596e-102
  8532  1.5941e-102
  8534  1.5944e-102
  8536  1.4108e-102
  8538  1.3804e-102
  8539  1.1992e-102
  8542  1.0937e-102
  8545  1.1579e-102
  8546  1.2252e-102
  8547  1.2010e-102
  8550  1.2367e-102
  8552  1.2281e-102
  8555  1.2291e-102
  8558  1.2056e-102
  8559  1.1364e-102
  8560  1.2310e-102
  8561  9.8762e-103
  8563  1.0660e-102
  8565  1.0069e-102
  8566  8.3665e-103
  8568  6.7201e-103
  8569  6.3787e-103
  8572  6.5688e-103
  8575  6.8076e-103
  8576  7.0219e-103
  8579  6.8244e-103
  8581  6.6844e-103
  8582  6.8164e-103
  8585  6.6844e-103
  8586  5.4156e-103
  8587  5.0429e-103
  8588  5.1378e-103
  8591  4.7888e-103
  8593  4.7478e-103
  8596  4.4140e-103
  8597  4.5823e-103
  8600  4.0839e-103
  8601  4.4263e-103
  8604  4.4661e-103
  8607  4.0530e-103
  8610  3.4488e-103
  8613  3.0082e-103
  8614  3.1403e-103
  8615  3.2600e-103
  8617  3.4262e-103
  8619  3.4133e-103
  8620  3.2276e-103
  8623  3.1054e-103
  8625  2.5874e-103
  8627  2.6542e-103
  8630  2.4844e-103
  8631  2.4450e-103
  8632  2.4011e-103
  8635  1.9690e-103
  8636  1.9448e-103
  8639  1.5657e-103
  8642  1.2727e-103
  8645  1.0364e-103
  8647  1.0243e-103
  8650  8.8388e-104
  8651  8.5089e-104
  8652  8.5824e-104
  8653  7.1994e-104
  8655  6.1448e-104
  8658  5.3331e-104
  8660  5.0828e-104
  8662  5.3963e-104
  8665  5.3168e-104
  8668  4.8235e-104
  8669  4.3777e-104
  8670  4.7811e-104
  8672  4.9156e-104
  8675  5.1317e-104
  8678  4.7122e-104
  8679  4.1966e-104
  8682  4.5938e-104
  8684  3.8248e-104
  8687  3.2076e-104
  8690  2.9395e-104
  8691  2.5251e-104
  8694  2.7281e-104
  8696  2.2382e-104
  8697  1.9136e-104
  8698  1.6413e-104
  8700  1.6771e-104
  8703  1.6023e-104
  8706  1.4026e-104
  8707  1.2242e-104
  8709  1.0336e-104
  8712  1.0322e-104
  8714  1.0343e-104
  8717  1.0106e-104
  8719  8.1948e-105
  8722  7.3808e-105
  8724  7.6007e-105
  8727  7.7282e-105
  8729  8.4024e-105
  8732  7.5538e-105
  8735  7.7816e-105
  8736  8.1711e-105
  8737  8.7033e-105
  8740  8.0122e-105
  8743  7.0009e-105
  8746  7.0138e-105
  8748  6.9166e-105
  8750  7.1753e-105
  8752  6.7495e-105
  8755  5.6680e-105
  8758  6.0938e-105
  8760  5.4295e-105
  8762  4.7442e-105
  8763  5.0168e-105
  8764  5.2612e-105
  8767  4.6793e-105
  8770  4.2941e-105
  8773  4.6924e-105
  8776  4.6237e-105
  8777  3.7596e-105
  8780  3.4807e-105
  8781  3.7692e-105
  8783  3.0269e-105
  8785  2.7368e-105
  8788  2.5550e-105
  8791  2.2926e-105
  8793  2.1511e-105
  8796  2.3450e-105
  8798  2.2004e-105
  8801  1.8857e-105
  8804  1.7602e-105
  8807  1.6975e-105
  8808  1.4039e-105
  8809  1.1773e-105
  8812  1.1276e-105
  8813  9.4514e-106
  8814  9.4064e-106
  8817  8.7297e-106
  8819  8.5091e-106
  8820  7.6656e-106
  8821  6.2322e-106
  8824  6.8057e-106
  8825  7.1013e-106
  8828  6.4100e-106
  8831  6.7787e-106
  8834  7.0567e-106
  8836  7.6304e-106
  8838  6.1576e-106
  8840  6.3408e-106
  8843  6.2481e-106
  8845  5.0599e-106
  8848  4.1766e-106
  8851  3.3662e-106
  8852  2.9373e-106
  8854  2.4747e-106
  8857  2.0357e-106
  8860  1.7896e-106
  8862  1.6627e-106
  8863  1.4626e-106
  8865  1.1805e-106
  8866  1.0265e-106
  8869  1.0465e-106
  8870  9.1003e-107
  8871  8.5899e-107
  8872  8.0158e-107
  8873  6.5593e-107
  8876  6.2053e-107
  8879  6.7617e-107
  8881  6.7189e-107
  8883  7.1309e-107
  8885  7.1199e-107
  8888  6.1390e-107
  8889  6.2539e-107
  8890  6.0957e-107
  8892  5.8189e-107
  8895  5.8453e-107
  8898  6.0889e-107
  8899  4.9446e-107
  8901  4.0407e-107
  8904  4.0331e-107
  8907  3.3259e-107
  8908  3.5748e-107
  8911  3.1512e-107
  8912  3.2791e-107
  8913  2.7966e-107
  8916  2.3373e-107
  8917  1.9568e-107
  8920  1.5673e-107
  8923  1.3668e-107
  8926  1.3395e-107
  8928  1.1485e-107
  8929  1.0262e-107
  8932  1.1094e-107
  8933  9.4028e-108
  8935  9.6804e-108
  8937  9.4159e-108
  8938  1.0086e-107
  8940  1.0163e-107
  8942  8.6789e-108
  8943  6.9869e-108
  8945  7.5801e-108
  8948  6.0643e-108
  8950  6.6590e-108
  8951  5.7126e-108
  8953  5.0322e-108
  8954  4.0301e-108
  8956  4.2283e-108
  8959  4.3116e-108
  8961  3.5814e-108
  8963  3.7945e-108
  8964  3.0851e-108
  8967  3.3274e-108
  8968  3.4419e-108
  8969  3.6974e-108
  8972  3.9975e-108
  8975  3.9116e-108
  8977  3.8960e-108
  8980  4.1252e-108
  8982  4.3359e-108
  8985  3.6192e-108
  8988  3.9055e-108
  8989  3.6649e-108
  8992  3.0302e-108
  8994  2.8250e-108
  8996  2.9995e-108
  8997  2.6564e-108
  8998  2.7244e-108
  8999  2.4674e-108
